2023-12-15 03:16:20,056	[DEBUG]	==== CONFIG ====
[magpie]
import = 
seed = 6
log_dir = _magpie_logs
work_dir = _magpie_work
final_out_dir = experiments/results_e_greedy_proof_of_concept/epsilon_greedy/FirstImprovementNoTabu/trial_6
local_original_copy = True
local_original_name = __original__
output_encoding = ascii
edit_retries = 10
default_timeout = 30
default_lengthout = 10000.0
diff_method = unified
trust_local_filesystem = True

[software]
path = examples/code/triangle-cpp_slow
target_files = 
	triangle.cpp.xml
program = BasicProgram
engine_rules = 
	*.params : ConfigFileParamsEngine
	*.xml : SrcmlEngine
	* : LineEngine
engine_config = 
	*.params : [params]
	*.xml : [srcml]
init_cmd = 
init_timeout = 60
init_lengthout = -1
setup_cmd = ./setup.sh
setup_timeout = 
setup_lengthout = 
compile_cmd = ./compile.sh
compile_timeout = 
compile_lengthout = 
test_cmd = ./build/test_triangle
test_timeout = 
test_lengthout = 
run_cmd = perf stat ./build/run_triangle
run_timeout = 1
run_lengthout = 
batch_timeout = 
batch_lengthout = 
batch_bin_fitness_strategy = aggregate
batch_fitness_strategy = sum
fitness = perf_instructions

[srcml]
rename = 
focus = block break continue decl_stmt do expr_stmt for goto if return switch while
internodes = block
process_pseudo_blocks = True
process_literals = False
process_operators = False

[params]
timing = test run
cli_prefix = --
cli_glue = =
cli_boolean = show
cli_boolean_prefix_true = 
cli_boolean_prefix_false = no-
silent_prefix = @
silent_suffix = $

[search]
protocol = BasicProtocol
algorithm = FirstImprovementNoTabu
possible_edits = 
	DeclStmtReplacement
	ExprStmtReplacement
	IfReplacement
	ReturnReplacement
	DeclStmtInsertion
	ExprStmtInsertion
	IfInsertion
	ReturnInsertion
	DeclStmtDeletion
	ExprStmtDeletion
	IfDeletion
	ReturnDeletion
warmup = 5
warmup_strategy = last
max_steps = 100
max_time = 60
target_fitness = 
cache_maxsize = 40
cache_keep = 0.2
batch_instances = 
batch_shuffle = True
batch_bin_shuffle = False
batch_sample_size = 1
operator_selector = EpsilonGreedy
epsilon = 0.2

[search.ls]
delete_prob = 0
max_neighbours = 20
when_trapped = continue
accept_fail = False
tabu_length = 10

[search.gp]
pop_size = 10
delete_prob = 0.5
offspring_elitism = 0.1
offspring_crossover = 0.5
offspring_mutation = 0.4
uniform_rate = 0.5
batch_reset = True

[search.minify]
do_cleanup = True
do_rebuild = True
do_simplify = True
round_robin_limit = 3


2023-12-15 03:16:20,061	[INFO]	==== WARMUP ====
2023-12-15 03:16:22,834	[DEBUG]	EXEC>  SUCCESS 1204238
2023-12-15 03:16:22,834	[INFO]	WARM    SUCCESS               1204238                 
2023-12-15 03:16:23,815	[DEBUG]	EXEC>  SUCCESS 1204241
2023-12-15 03:16:23,815	[INFO]	WARM    SUCCESS               1204241                 
2023-12-15 03:16:24,848	[DEBUG]	EXEC>  SUCCESS 1204240
2023-12-15 03:16:24,849	[INFO]	WARM    SUCCESS               1204240                 
2023-12-15 03:16:25,810	[DEBUG]	EXEC>  SUCCESS 1204240
2023-12-15 03:16:25,811	[INFO]	WARM    SUCCESS               1204240                 
2023-12-15 03:16:26,825	[DEBUG]	EXEC>  SUCCESS 1204240
2023-12-15 03:16:26,826	[INFO]	WARM    SUCCESS               1204240                 
2023-12-15 03:16:26,826	[INFO]	INITIAL SUCCESS               1204240                 
2023-12-15 03:16:26,827	[INFO]	==== START: FirstImprovementNoTabu ====
2023-12-15 03:16:26,976	[DEBUG]	DeclStmtReplacement(('triangle.cpp.xml', 'decl_stmt', 1), ('triangle.cpp.xml', 'stmt', 9))
2023-12-15 03:16:26,976	[INFO]	1       COMPILE_CODE_ERROR    None  [1 edit(s)]       
2023-12-15 03:16:27,773	[DEBUG]	ExprStmtReplacement(('triangle.cpp.xml', 'expr_stmt', 10), ('triangle.cpp.xml', 'stmt', 1))
2023-12-15 03:16:27,773	[INFO]	2       TEST_CODE_ERROR       None  [1 edit(s)]       
2023-12-15 03:16:27,916	[DEBUG]	IfReplacement(('triangle.cpp.xml', 'if', 5), ('triangle.cpp.xml', 'stmt', 2))
2023-12-15 03:16:27,917	[INFO]	3       COMPILE_CODE_ERROR    None  [1 edit(s)]       
2023-12-15 03:16:28,725	[DEBUG]	ReturnDeletion(('triangle.cpp.xml', 'return', 2))
2023-12-15 03:16:28,725	[INFO]	4       TEST_CODE_ERROR       None  [1 edit(s)]       
2023-12-15 03:16:29,525	[DEBUG]	ReturnDeletion(('triangle.cpp.xml', 'return', 3))
2023-12-15 03:16:29,525	[INFO]	5       TEST_CODE_ERROR       None  [1 edit(s)]       
2023-12-15 03:16:30,476	[DEBUG]	ReturnDeletion(('triangle.cpp.xml', 'return', 1))
2023-12-15 03:16:30,476	[INFO]	6       TEST_CODE_ERROR       None  [1 edit(s)]       
2023-12-15 03:16:31,314	[DEBUG]	ReturnReplacement(('triangle.cpp.xml', 'return', 0), ('triangle.cpp.xml', 'stmt', 11))
2023-12-15 03:16:31,314	[INFO]	7       TEST_CODE_ERROR       None  [1 edit(s)]       
2023-12-15 03:16:32,331	[DEBUG]	EXEC>  SUCCESS 1204287
2023-12-15 03:16:32,331	[DEBUG]	DeclStmtInsertion(('triangle.cpp.xml', '_inter_block', 15), ('triangle.cpp.xml', 'decl_stmt', 0))
2023-12-15 03:16:32,332	[INFO]	8       SUCCESS               1204287 (100.0%) [1 edit(s)] 
2023-12-15 03:16:33,174	[DEBUG]	ExprStmtInsertion(('triangle.cpp.xml', '_inter_block', 21), ('triangle.cpp.xml', 'expr_stmt', 3))
2023-12-15 03:16:33,174	[INFO]	9       TEST_CODE_ERROR       None  [1 edit(s)]       
2023-12-15 03:16:33,983	[DEBUG]	IfInsertion(('triangle.cpp.xml', '_inter_block', 10), ('triangle.cpp.xml', 'if', 5))
2023-12-15 03:16:33,984	[INFO]	10      TEST_CODE_ERROR       None  [1 edit(s)]       
2023-12-15 03:16:34,945	[DEBUG]	EXEC>  SUCCESS 1204239
2023-12-15 03:16:34,946	[DEBUG]	ReturnInsertion(('triangle.cpp.xml', '_inter_block', 29), ('triangle.cpp.xml', 'return', 1))
2023-12-15 03:16:34,947	[INFO]	11      SUCCESS              *1204239 (100.0%) [1 edit(s)] 
2023-12-15 03:16:34,948	[DEBUG]	--- before: triangle.cpp
+++ after: triangle.cpp
@@ -36,6 +36,7 @@
   if(a == b && b == c)
     /*auto*/{
       return EQUILATERAL;
+      return EQUILATERAL;
     }/*auto*/
   if(a == b || b == c)
     /*auto*/{

2023-12-15 03:16:35,099	[DEBUG]	ReturnInsertion(('triangle.cpp.xml', '_inter_block', 29), ('triangle.cpp.xml', 'return', 1)) | DeclStmtDeletion(('triangle.cpp.xml', 'decl_stmt', 1))
2023-12-15 03:16:35,100	[INFO]	12      COMPILE_CODE_ERROR    None  [2 edit(s)]       
2023-12-15 03:16:35,927	[DEBUG]	ReturnInsertion(('triangle.cpp.xml', '_inter_block', 29), ('triangle.cpp.xml', 'return', 1)) | ExprStmtDeletion(('triangle.cpp.xml', 'expr_stmt', 10))
2023-12-15 03:16:35,928	[INFO]	13      TEST_CODE_ERROR       None  [2 edit(s)]       
2023-12-15 03:16:36,084	[DEBUG]	ReturnInsertion(('triangle.cpp.xml', '_inter_block', 29), ('triangle.cpp.xml', 'return', 1)) | ExprStmtInsertion(('triangle.cpp.xml', '_inter_block', 1), ('triangle.cpp.xml', 'expr_stmt', 5))
2023-12-15 03:16:36,084	[INFO]	14      COMPILE_CODE_ERROR    None  [2 edit(s)]       
2023-12-15 03:16:36,893	[DEBUG]	ReturnInsertion(('triangle.cpp.xml', '_inter_block', 29), ('triangle.cpp.xml', 'return', 1)) | IfDeletion(('triangle.cpp.xml', 'if', 4))
2023-12-15 03:16:36,894	[INFO]	15      TEST_CODE_ERROR       None  [2 edit(s)]       
2023-12-15 03:16:37,709	[DEBUG]	ReturnInsertion(('triangle.cpp.xml', '_inter_block', 29), ('triangle.cpp.xml', 'return', 1)) | ReturnInsertion(('triangle.cpp.xml', '_inter_block', 28), ('triangle.cpp.xml', 'return', 2))
2023-12-15 03:16:37,710	[INFO]	16      TEST_CODE_ERROR       None  [2 edit(s)]       
2023-12-15 03:16:38,721	[DEBUG]	EXEC>  SUCCESS 1204238
2023-12-15 03:16:38,722	[DEBUG]	ReturnInsertion(('triangle.cpp.xml', '_inter_block', 29), ('triangle.cpp.xml', 'return', 1)) | DeclStmtInsertion(('triangle.cpp.xml', '_inter_block', 22), ('triangle.cpp.xml', 'decl_stmt', 1))
2023-12-15 03:16:38,723	[INFO]	17      SUCCESS              *1204238 (100.0%) [2 edit(s)] 
2023-12-15 03:16:38,725	[DEBUG]	--- before: triangle.cpp
+++ after: triangle.cpp
@@ -24,6 +24,7 @@
   }
 
   if(b > c) {
+    double tmp;
     tmp = b;
     b = c;
     c = tmp;
@@ -36,6 +37,7 @@
   if(a == b && b == c)
     /*auto*/{
       return EQUILATERAL;
+      return EQUILATERAL;
     }/*auto*/
   if(a == b || b == c)
     /*auto*/{

2023-12-15 03:16:39,742	[DEBUG]	EXEC>  SUCCESS 1204300
2023-12-15 03:16:39,742	[DEBUG]	ReturnInsertion(('triangle.cpp.xml', '_inter_block', 29), ('triangle.cpp.xml', 'return', 1)) | DeclStmtInsertion(('triangle.cpp.xml', '_inter_block', 22), ('triangle.cpp.xml', 'decl_stmt', 1)) | DeclStmtInsertion(('triangle.cpp.xml', '_inter_block', 25), ('triangle.cpp.xml', 'decl_stmt', 0))
2023-12-15 03:16:39,743	[INFO]	18      SUCCESS               1204300 (100.0%) [3 edit(s)] 
2023-12-15 03:16:40,766	[DEBUG]	EXEC>  SUCCESS 1204240
2023-12-15 03:16:40,767	[DEBUG]	ReturnInsertion(('triangle.cpp.xml', '_inter_block', 29), ('triangle.cpp.xml', 'return', 1)) | DeclStmtInsertion(('triangle.cpp.xml', '_inter_block', 22), ('triangle.cpp.xml', 'decl_stmt', 1)) | DeclStmtInsertion(('triangle.cpp.xml', '_inter_block', 14), ('triangle.cpp.xml', 'decl_stmt', 1))
2023-12-15 03:16:40,768	[INFO]	19      SUCCESS               1204240 (100.0%) [3 edit(s)] 
2023-12-15 03:16:41,778	[DEBUG]	EXEC>  SUCCESS 1280851
2023-12-15 03:16:41,778	[DEBUG]	ReturnInsertion(('triangle.cpp.xml', '_inter_block', 29), ('triangle.cpp.xml', 'return', 1)) | DeclStmtInsertion(('triangle.cpp.xml', '_inter_block', 22), ('triangle.cpp.xml', 'decl_stmt', 1)) | DeclStmtInsertion(('triangle.cpp.xml', '_inter_block', 21), ('triangle.cpp.xml', 'decl_stmt', 1))
2023-12-15 03:16:41,779	[INFO]	20      SUCCESS               1280851 (106.36%) [3 edit(s)] 
2023-12-15 03:16:41,937	[DEBUG]	ReturnInsertion(('triangle.cpp.xml', '_inter_block', 29), ('triangle.cpp.xml', 'return', 1)) | DeclStmtInsertion(('triangle.cpp.xml', '_inter_block', 22), ('triangle.cpp.xml', 'decl_stmt', 1)) | DeclStmtInsertion(('triangle.cpp.xml', '_inter_block', 9), ('triangle.cpp.xml', 'decl_stmt', 1))
2023-12-15 03:16:41,937	[INFO]	21      COMPILE_CODE_ERROR    None  [3 edit(s)]       
2023-12-15 03:16:42,924	[DEBUG]	EXEC>  SUCCESS 1204238
2023-12-15 03:16:42,924	[DEBUG]	ReturnInsertion(('triangle.cpp.xml', '_inter_block', 29), ('triangle.cpp.xml', 'return', 1)) | DeclStmtInsertion(('triangle.cpp.xml', '_inter_block', 22), ('triangle.cpp.xml', 'decl_stmt', 1)) | DeclStmtInsertion(('triangle.cpp.xml', '_inter_block', 13), ('triangle.cpp.xml', 'decl_stmt', 0))
2023-12-15 03:16:42,925	[INFO]	22      SUCCESS              +1204238 (100.0%) [3 edit(s)] 
2023-12-15 03:16:42,928	[DEBUG]	--- before: triangle.cpp
+++ after: triangle.cpp
@@ -24,6 +24,7 @@
   }
 
   if(b > c) {
+    double tmp;
     tmp = b;
     b = c;
     c = tmp;
@@ -36,10 +37,12 @@
   if(a == b && b == c)
     /*auto*/{
       return EQUILATERAL;
+      return EQUILATERAL;
     }/*auto*/
   if(a == b || b == c)
     /*auto*/{
       return ISOSCELES;
     }/*auto*/
   return SCALENE;
+  const struct timespec ms = {0, (long int) (0.001*1e9)};
 }

2023-12-15 03:16:43,951	[DEBUG]	EXEC>  SUCCESS 1204263
2023-12-15 03:16:43,951	[DEBUG]	ReturnInsertion(('triangle.cpp.xml', '_inter_block', 29), ('triangle.cpp.xml', 'return', 1)) | DeclStmtInsertion(('triangle.cpp.xml', '_inter_block', 22), ('triangle.cpp.xml', 'decl_stmt', 1)) | DeclStmtInsertion(('triangle.cpp.xml', '_inter_block', 13), ('triangle.cpp.xml', 'decl_stmt', 0)) | DeclStmtInsertion(('triangle.cpp.xml', '_inter_block', 30), ('triangle.cpp.xml', 'decl_stmt', 0))
2023-12-15 03:16:43,952	[INFO]	23      SUCCESS               1204263 (100.0%) [4 edit(s)] 
2023-12-15 03:16:44,922	[DEBUG]	EXEC>  SUCCESS 1204239
2023-12-15 03:16:44,922	[DEBUG]	ReturnInsertion(('triangle.cpp.xml', '_inter_block', 29), ('triangle.cpp.xml', 'return', 1)) | DeclStmtInsertion(('triangle.cpp.xml', '_inter_block', 22), ('triangle.cpp.xml', 'decl_stmt', 1)) | DeclStmtInsertion(('triangle.cpp.xml', '_inter_block', 13), ('triangle.cpp.xml', 'decl_stmt', 0)) | DeclStmtInsertion(('triangle.cpp.xml', '_inter_block', 27), ('triangle.cpp.xml', 'decl_stmt', 0))
2023-12-15 03:16:44,923	[INFO]	24      SUCCESS               1204239 (100.0%) [4 edit(s)] 
2023-12-15 03:16:45,922	[DEBUG]	EXEC>  SUCCESS 1204240
2023-12-15 03:16:45,923	[DEBUG]	ReturnInsertion(('triangle.cpp.xml', '_inter_block', 29), ('triangle.cpp.xml', 'return', 1)) | DeclStmtInsertion(('triangle.cpp.xml', '_inter_block', 22), ('triangle.cpp.xml', 'decl_stmt', 1)) | DeclStmtInsertion(('triangle.cpp.xml', '_inter_block', 13), ('triangle.cpp.xml', 'decl_stmt', 0)) | DeclStmtInsertion(('triangle.cpp.xml', '_inter_block', 29), ('triangle.cpp.xml', 'decl_stmt', 1))
2023-12-15 03:16:45,923	[INFO]	25      SUCCESS               1204240 (100.0%) [4 edit(s)] 
2023-12-15 03:16:46,736	[DEBUG]	ReturnInsertion(('triangle.cpp.xml', '_inter_block', 29), ('triangle.cpp.xml', 'return', 1)) | DeclStmtInsertion(('triangle.cpp.xml', '_inter_block', 22), ('triangle.cpp.xml', 'decl_stmt', 1)) | DeclStmtInsertion(('triangle.cpp.xml', '_inter_block', 13), ('triangle.cpp.xml', 'decl_stmt', 0)) | ReturnReplacement(('triangle.cpp.xml', 'return', 2), ('triangle.cpp.xml', 'stmt', 8))
2023-12-15 03:16:46,736	[INFO]	26      TEST_CODE_ERROR       None  [4 edit(s)]       
2023-12-15 03:16:47,745	[DEBUG]	EXEC>  SUCCESS 1204268
2023-12-15 03:16:47,746	[DEBUG]	ReturnInsertion(('triangle.cpp.xml', '_inter_block', 29), ('triangle.cpp.xml', 'return', 1)) | DeclStmtInsertion(('triangle.cpp.xml', '_inter_block', 22), ('triangle.cpp.xml', 'decl_stmt', 1)) | DeclStmtInsertion(('triangle.cpp.xml', '_inter_block', 13), ('triangle.cpp.xml', 'decl_stmt', 0)) | DeclStmtInsertion(('triangle.cpp.xml', '_inter_block', 18), ('triangle.cpp.xml', 'decl_stmt', 0))
2023-12-15 03:16:47,747	[INFO]	27      SUCCESS               1204268 (100.0%) [4 edit(s)] 
2023-12-15 03:16:48,754	[DEBUG]	EXEC>  SUCCESS 1204239
2023-12-15 03:16:48,754	[DEBUG]	ReturnInsertion(('triangle.cpp.xml', '_inter_block', 29), ('triangle.cpp.xml', 'return', 1)) | DeclStmtInsertion(('triangle.cpp.xml', '_inter_block', 22), ('triangle.cpp.xml', 'decl_stmt', 1)) | DeclStmtInsertion(('triangle.cpp.xml', '_inter_block', 13), ('triangle.cpp.xml', 'decl_stmt', 0)) | DeclStmtInsertion(('triangle.cpp.xml', '_inter_block', 18), ('triangle.cpp.xml', 'decl_stmt', 1))
2023-12-15 03:16:48,755	[INFO]	28      SUCCESS               1204239 (100.0%) [4 edit(s)] 
2023-12-15 03:16:48,889	[DEBUG]	ReturnInsertion(('triangle.cpp.xml', '_inter_block', 29), ('triangle.cpp.xml', 'return', 1)) | DeclStmtInsertion(('triangle.cpp.xml', '_inter_block', 22), ('triangle.cpp.xml', 'decl_stmt', 1)) | DeclStmtInsertion(('triangle.cpp.xml', '_inter_block', 13), ('triangle.cpp.xml', 'decl_stmt', 0)) | DeclStmtInsertion(('triangle.cpp.xml', '_inter_block', 13), ('triangle.cpp.xml', 'decl_stmt', 0))
2023-12-15 03:16:48,890	[INFO]	29      COMPILE_CODE_ERROR    None  [4 edit(s)]       
2023-12-15 03:16:49,716	[DEBUG]	ReturnInsertion(('triangle.cpp.xml', '_inter_block', 29), ('triangle.cpp.xml', 'return', 1)) | DeclStmtInsertion(('triangle.cpp.xml', '_inter_block', 22), ('triangle.cpp.xml', 'decl_stmt', 1)) | DeclStmtInsertion(('triangle.cpp.xml', '_inter_block', 13), ('triangle.cpp.xml', 'decl_stmt', 0)) | IfReplacement(('triangle.cpp.xml', 'if', 5), ('triangle.cpp.xml', 'stmt', 6))
2023-12-15 03:16:49,717	[INFO]	30      TEST_CODE_ERROR       None  [4 edit(s)]       
2023-12-15 03:16:49,877	[DEBUG]	ReturnInsertion(('triangle.cpp.xml', '_inter_block', 29), ('triangle.cpp.xml', 'return', 1)) | DeclStmtInsertion(('triangle.cpp.xml', '_inter_block', 22), ('triangle.cpp.xml', 'decl_stmt', 1)) | DeclStmtInsertion(('triangle.cpp.xml', '_inter_block', 13), ('triangle.cpp.xml', 'decl_stmt', 0)) | DeclStmtInsertion(('triangle.cpp.xml', '_inter_block', 13), ('triangle.cpp.xml', 'decl_stmt', 1))
2023-12-15 03:16:49,877	[INFO]	31      COMPILE_CODE_ERROR    None  [4 edit(s)]       
2023-12-15 03:16:50,841	[DEBUG]	EXEC>  SUCCESS 1204240
2023-12-15 03:16:50,842	[DEBUG]	ReturnInsertion(('triangle.cpp.xml', '_inter_block', 29), ('triangle.cpp.xml', 'return', 1)) | DeclStmtInsertion(('triangle.cpp.xml', '_inter_block', 22), ('triangle.cpp.xml', 'decl_stmt', 1)) | DeclStmtInsertion(('triangle.cpp.xml', '_inter_block', 13), ('triangle.cpp.xml', 'decl_stmt', 0)) | DeclStmtInsertion(('triangle.cpp.xml', '_inter_block', 14), ('triangle.cpp.xml', 'decl_stmt', 1))
2023-12-15 03:16:50,842	[INFO]	32      SUCCESS               1204240 (100.0%) [4 edit(s)] 
2023-12-15 03:16:51,854	[DEBUG]	EXEC>  SUCCESS 1204256
2023-12-15 03:16:51,855	[DEBUG]	ReturnInsertion(('triangle.cpp.xml', '_inter_block', 29), ('triangle.cpp.xml', 'return', 1)) | DeclStmtInsertion(('triangle.cpp.xml', '_inter_block', 22), ('triangle.cpp.xml', 'decl_stmt', 1)) | DeclStmtInsertion(('triangle.cpp.xml', '_inter_block', 13), ('triangle.cpp.xml', 'decl_stmt', 0)) | DeclStmtInsertion(('triangle.cpp.xml', '_inter_block', 28), ('triangle.cpp.xml', 'decl_stmt', 0))
2023-12-15 03:16:51,856	[INFO]	33      SUCCESS               1204256 (100.0%) [4 edit(s)] 
2023-12-15 03:16:52,873	[DEBUG]	EXEC>  SUCCESS 1570784
2023-12-15 03:16:52,874	[DEBUG]	ReturnInsertion(('triangle.cpp.xml', '_inter_block', 29), ('triangle.cpp.xml', 'return', 1)) | DeclStmtInsertion(('triangle.cpp.xml', '_inter_block', 22), ('triangle.cpp.xml', 'decl_stmt', 1)) | DeclStmtInsertion(('triangle.cpp.xml', '_inter_block', 13), ('triangle.cpp.xml', 'decl_stmt', 0)) | DeclStmtInsertion(('triangle.cpp.xml', '_inter_block', 17), ('triangle.cpp.xml', 'decl_stmt', 0))
2023-12-15 03:16:52,874	[INFO]	34      SUCCESS               1570784 (130.44%) [4 edit(s)] 
2023-12-15 03:16:53,908	[DEBUG]	EXEC>  SUCCESS 1204269
2023-12-15 03:16:53,909	[DEBUG]	ReturnInsertion(('triangle.cpp.xml', '_inter_block', 29), ('triangle.cpp.xml', 'return', 1)) | DeclStmtInsertion(('triangle.cpp.xml', '_inter_block', 22), ('triangle.cpp.xml', 'decl_stmt', 1)) | DeclStmtInsertion(('triangle.cpp.xml', '_inter_block', 13), ('triangle.cpp.xml', 'decl_stmt', 0)) | DeclStmtInsertion(('triangle.cpp.xml', '_inter_block', 21), ('triangle.cpp.xml', 'decl_stmt', 0))
2023-12-15 03:16:53,909	[INFO]	35      SUCCESS               1204269 (100.0%) [4 edit(s)] 
2023-12-15 03:16:54,880	[DEBUG]	EXEC>  SUCCESS 1204240
2023-12-15 03:16:54,880	[DEBUG]	ReturnInsertion(('triangle.cpp.xml', '_inter_block', 29), ('triangle.cpp.xml', 'return', 1)) | DeclStmtInsertion(('triangle.cpp.xml', '_inter_block', 22), ('triangle.cpp.xml', 'decl_stmt', 1)) | DeclStmtInsertion(('triangle.cpp.xml', '_inter_block', 13), ('triangle.cpp.xml', 'decl_stmt', 0)) | DeclStmtInsertion(('triangle.cpp.xml', '_inter_block', 28), ('triangle.cpp.xml', 'decl_stmt', 1))
2023-12-15 03:16:54,881	[INFO]	36      SUCCESS               1204240 (100.0%) [4 edit(s)] 
2023-12-15 03:16:55,856	[DEBUG]	EXEC>  SUCCESS 1204287
2023-12-15 03:16:55,857	[DEBUG]	ReturnInsertion(('triangle.cpp.xml', '_inter_block', 29), ('triangle.cpp.xml', 'return', 1)) | DeclStmtInsertion(('triangle.cpp.xml', '_inter_block', 22), ('triangle.cpp.xml', 'decl_stmt', 1)) | DeclStmtInsertion(('triangle.cpp.xml', '_inter_block', 13), ('triangle.cpp.xml', 'decl_stmt', 0)) | DeclStmtInsertion(('triangle.cpp.xml', '_inter_block', 14), ('triangle.cpp.xml', 'decl_stmt', 0))
2023-12-15 03:16:55,858	[INFO]	37      SUCCESS               1204287 (100.0%) [4 edit(s)] 
2023-12-15 03:16:56,838	[DEBUG]	EXEC>  SUCCESS 1204269
2023-12-15 03:16:56,839	[DEBUG]	ReturnInsertion(('triangle.cpp.xml', '_inter_block', 29), ('triangle.cpp.xml', 'return', 1)) | DeclStmtInsertion(('triangle.cpp.xml', '_inter_block', 22), ('triangle.cpp.xml', 'decl_stmt', 1)) | DeclStmtInsertion(('triangle.cpp.xml', '_inter_block', 13), ('triangle.cpp.xml', 'decl_stmt', 0)) | DeclStmtInsertion(('triangle.cpp.xml', '_inter_block', 20), ('triangle.cpp.xml', 'decl_stmt', 0))
2023-12-15 03:16:56,840	[INFO]	38      SUCCESS               1204269 (100.0%) [4 edit(s)] 
2023-12-15 03:16:57,674	[DEBUG]	ReturnInsertion(('triangle.cpp.xml', '_inter_block', 29), ('triangle.cpp.xml', 'return', 1)) | DeclStmtInsertion(('triangle.cpp.xml', '_inter_block', 22), ('triangle.cpp.xml', 'decl_stmt', 1)) | DeclStmtInsertion(('triangle.cpp.xml', '_inter_block', 13), ('triangle.cpp.xml', 'decl_stmt', 0)) | ExprStmtReplacement(('triangle.cpp.xml', 'expr_stmt', 9), ('triangle.cpp.xml', 'stmt', 0))
2023-12-15 03:16:57,675	[INFO]	39      TEST_CODE_ERROR       None  [4 edit(s)]       
2023-12-15 03:16:58,461	[DEBUG]	ReturnInsertion(('triangle.cpp.xml', '_inter_block', 29), ('triangle.cpp.xml', 'return', 1)) | DeclStmtInsertion(('triangle.cpp.xml', '_inter_block', 22), ('triangle.cpp.xml', 'decl_stmt', 1)) | DeclStmtInsertion(('triangle.cpp.xml', '_inter_block', 13), ('triangle.cpp.xml', 'decl_stmt', 0)) | IfInsertion(('triangle.cpp.xml', '_inter_block', 7), ('triangle.cpp.xml', 'if', 5))
2023-12-15 03:16:58,461	[INFO]	40      TEST_CODE_ERROR       None  [4 edit(s)]       
2023-12-15 03:16:58,622	[DEBUG]	ReturnInsertion(('triangle.cpp.xml', '_inter_block', 29), ('triangle.cpp.xml', 'return', 1)) | DeclStmtInsertion(('triangle.cpp.xml', '_inter_block', 22), ('triangle.cpp.xml', 'decl_stmt', 1)) | DeclStmtInsertion(('triangle.cpp.xml', '_inter_block', 13), ('triangle.cpp.xml', 'decl_stmt', 0)) | DeclStmtInsertion(('triangle.cpp.xml', '_inter_block', 5), ('triangle.cpp.xml', 'decl_stmt', 1))
2023-12-15 03:16:58,622	[INFO]	41      COMPILE_CODE_ERROR    None  [4 edit(s)]       
2023-12-15 03:16:59,460	[DEBUG]	ReturnInsertion(('triangle.cpp.xml', '_inter_block', 29), ('triangle.cpp.xml', 'return', 1)) | DeclStmtInsertion(('triangle.cpp.xml', '_inter_block', 22), ('triangle.cpp.xml', 'decl_stmt', 1)) | DeclStmtInsertion(('triangle.cpp.xml', '_inter_block', 13), ('triangle.cpp.xml', 'decl_stmt', 0)) | ExprStmtReplacement(('triangle.cpp.xml', 'expr_stmt', 4), ('triangle.cpp.xml', 'stmt', 15))
2023-12-15 03:16:59,460	[INFO]	42      TEST_CODE_ERROR       None  [4 edit(s)]       
2023-12-15 03:17:00,450	[DEBUG]	EXEC>  SUCCESS 1204240
2023-12-15 03:17:00,451	[DEBUG]	ReturnInsertion(('triangle.cpp.xml', '_inter_block', 29), ('triangle.cpp.xml', 'return', 1)) | DeclStmtInsertion(('triangle.cpp.xml', '_inter_block', 22), ('triangle.cpp.xml', 'decl_stmt', 1)) | DeclStmtInsertion(('triangle.cpp.xml', '_inter_block', 13), ('triangle.cpp.xml', 'decl_stmt', 0)) | DeclStmtInsertion(('triangle.cpp.xml', '_inter_block', 17), ('triangle.cpp.xml', 'decl_stmt', 1))
2023-12-15 03:17:00,452	[INFO]	43      SUCCESS               1204240 (100.0%) [4 edit(s)] 
2023-12-15 03:17:01,420	[DEBUG]	EXEC>  SUCCESS 1204299
2023-12-15 03:17:01,421	[DEBUG]	ReturnInsertion(('triangle.cpp.xml', '_inter_block', 29), ('triangle.cpp.xml', 'return', 1)) | DeclStmtInsertion(('triangle.cpp.xml', '_inter_block', 22), ('triangle.cpp.xml', 'decl_stmt', 1)) | DeclStmtInsertion(('triangle.cpp.xml', '_inter_block', 13), ('triangle.cpp.xml', 'decl_stmt', 0)) | DeclStmtInsertion(('triangle.cpp.xml', '_inter_block', 25), ('triangle.cpp.xml', 'decl_stmt', 0))
2023-12-15 03:17:01,421	[INFO]	44      SUCCESS               1204299 (100.0%) [4 edit(s)] 
2023-12-15 03:17:01,577	[DEBUG]	ReturnInsertion(('triangle.cpp.xml', '_inter_block', 29), ('triangle.cpp.xml', 'return', 1)) | DeclStmtInsertion(('triangle.cpp.xml', '_inter_block', 22), ('triangle.cpp.xml', 'decl_stmt', 1)) | DeclStmtInsertion(('triangle.cpp.xml', '_inter_block', 13), ('triangle.cpp.xml', 'decl_stmt', 0)) | DeclStmtReplacement(('triangle.cpp.xml', 'decl_stmt', 1), ('triangle.cpp.xml', 'stmt', 21))
2023-12-15 03:17:01,577	[INFO]	45      COMPILE_CODE_ERROR    None  [4 edit(s)]       
2023-12-15 03:17:02,568	[DEBUG]	EXEC>  SUCCESS 1204300
2023-12-15 03:17:02,568	[DEBUG]	ReturnInsertion(('triangle.cpp.xml', '_inter_block', 29), ('triangle.cpp.xml', 'return', 1)) | DeclStmtInsertion(('triangle.cpp.xml', '_inter_block', 22), ('triangle.cpp.xml', 'decl_stmt', 1)) | DeclStmtInsertion(('triangle.cpp.xml', '_inter_block', 13), ('triangle.cpp.xml', 'decl_stmt', 0)) | DeclStmtInsertion(('triangle.cpp.xml', '_inter_block', 23), ('triangle.cpp.xml', 'decl_stmt', 0))
2023-12-15 03:17:02,569	[INFO]	46      SUCCESS               1204300 (100.0%) [4 edit(s)] 
2023-12-15 03:17:02,729	[DEBUG]	ReturnInsertion(('triangle.cpp.xml', '_inter_block', 29), ('triangle.cpp.xml', 'return', 1)) | DeclStmtInsertion(('triangle.cpp.xml', '_inter_block', 22), ('triangle.cpp.xml', 'decl_stmt', 1)) | DeclStmtInsertion(('triangle.cpp.xml', '_inter_block', 13), ('triangle.cpp.xml', 'decl_stmt', 0)) | DeclStmtInsertion(('triangle.cpp.xml', '_inter_block', 7), ('triangle.cpp.xml', 'decl_stmt', 1))
2023-12-15 03:17:02,729	[INFO]	47      COMPILE_CODE_ERROR    None  [4 edit(s)]       
2023-12-15 03:17:02,859	[DEBUG]	ReturnInsertion(('triangle.cpp.xml', '_inter_block', 29), ('triangle.cpp.xml', 'return', 1)) | DeclStmtInsertion(('triangle.cpp.xml', '_inter_block', 22), ('triangle.cpp.xml', 'decl_stmt', 1)) | DeclStmtInsertion(('triangle.cpp.xml', '_inter_block', 13), ('triangle.cpp.xml', 'decl_stmt', 0)) | DeclStmtInsertion(('triangle.cpp.xml', '_inter_block', 8), ('triangle.cpp.xml', 'decl_stmt', 0))
2023-12-15 03:17:02,860	[INFO]	48      COMPILE_CODE_ERROR    None  [4 edit(s)]       
2023-12-15 03:17:02,993	[DEBUG]	ReturnInsertion(('triangle.cpp.xml', '_inter_block', 29), ('triangle.cpp.xml', 'return', 1)) | DeclStmtInsertion(('triangle.cpp.xml', '_inter_block', 22), ('triangle.cpp.xml', 'decl_stmt', 1)) | DeclStmtInsertion(('triangle.cpp.xml', '_inter_block', 13), ('triangle.cpp.xml', 'decl_stmt', 0)) | DeclStmtInsertion(('triangle.cpp.xml', '_inter_block', 11), ('triangle.cpp.xml', 'decl_stmt', 1))
2023-12-15 03:17:02,994	[INFO]	49      COMPILE_CODE_ERROR    None  [4 edit(s)]       
2023-12-15 03:17:03,800	[DEBUG]	ReturnInsertion(('triangle.cpp.xml', '_inter_block', 29), ('triangle.cpp.xml', 'return', 1)) | DeclStmtInsertion(('triangle.cpp.xml', '_inter_block', 22), ('triangle.cpp.xml', 'decl_stmt', 1)) | DeclStmtInsertion(('triangle.cpp.xml', '_inter_block', 13), ('triangle.cpp.xml', 'decl_stmt', 0)) | ReturnInsertion(('triangle.cpp.xml', '_inter_block', 15), ('triangle.cpp.xml', 'return', 3))
2023-12-15 03:17:03,801	[INFO]	50      TEST_CODE_ERROR       None  [4 edit(s)]       
2023-12-15 03:17:03,959	[DEBUG]	ReturnInsertion(('triangle.cpp.xml', '_inter_block', 29), ('triangle.cpp.xml', 'return', 1)) | DeclStmtInsertion(('triangle.cpp.xml', '_inter_block', 22), ('triangle.cpp.xml', 'decl_stmt', 1)) | DeclStmtInsertion(('triangle.cpp.xml', '_inter_block', 13), ('triangle.cpp.xml', 'decl_stmt', 0)) | DeclStmtInsertion(('triangle.cpp.xml', '_inter_block', 6), ('triangle.cpp.xml', 'decl_stmt', 1))
2023-12-15 03:17:03,959	[INFO]	51      COMPILE_CODE_ERROR    None  [4 edit(s)]       
2023-12-15 03:17:04,100	[DEBUG]	ReturnInsertion(('triangle.cpp.xml', '_inter_block', 29), ('triangle.cpp.xml', 'return', 1)) | DeclStmtInsertion(('triangle.cpp.xml', '_inter_block', 22), ('triangle.cpp.xml', 'decl_stmt', 1)) | DeclStmtInsertion(('triangle.cpp.xml', '_inter_block', 13), ('triangle.cpp.xml', 'decl_stmt', 0)) | DeclStmtInsertion(('triangle.cpp.xml', '_inter_block', 22), ('triangle.cpp.xml', 'decl_stmt', 1))
2023-12-15 03:17:04,101	[INFO]	52      COMPILE_CODE_ERROR    None  [4 edit(s)]       
2023-12-15 03:17:04,238	[DEBUG]	ReturnInsertion(('triangle.cpp.xml', '_inter_block', 29), ('triangle.cpp.xml', 'return', 1)) | DeclStmtInsertion(('triangle.cpp.xml', '_inter_block', 22), ('triangle.cpp.xml', 'decl_stmt', 1)) | DeclStmtInsertion(('triangle.cpp.xml', '_inter_block', 13), ('triangle.cpp.xml', 'decl_stmt', 0)) | DeclStmtInsertion(('triangle.cpp.xml', '_inter_block', 24), ('triangle.cpp.xml', 'decl_stmt', 1))
2023-12-15 03:17:04,239	[INFO]	53      COMPILE_CODE_ERROR    None  [4 edit(s)]       
2023-12-15 03:17:05,226	[DEBUG]	EXEC>  SUCCESS 1204289
2023-12-15 03:17:05,226	[DEBUG]	ReturnInsertion(('triangle.cpp.xml', '_inter_block', 29), ('triangle.cpp.xml', 'return', 1)) | DeclStmtInsertion(('triangle.cpp.xml', '_inter_block', 22), ('triangle.cpp.xml', 'decl_stmt', 1)) | DeclStmtInsertion(('triangle.cpp.xml', '_inter_block', 13), ('triangle.cpp.xml', 'decl_stmt', 0)) | DeclStmtInsertion(('triangle.cpp.xml', '_inter_block', 16), ('triangle.cpp.xml', 'decl_stmt', 0))
2023-12-15 03:17:05,226	[INFO]	54      SUCCESS               1204289 (100.0%) [4 edit(s)] 
2023-12-15 03:17:05,395	[DEBUG]	ReturnInsertion(('triangle.cpp.xml', '_inter_block', 29), ('triangle.cpp.xml', 'return', 1)) | DeclStmtInsertion(('triangle.cpp.xml', '_inter_block', 22), ('triangle.cpp.xml', 'decl_stmt', 1)) | DeclStmtInsertion(('triangle.cpp.xml', '_inter_block', 13), ('triangle.cpp.xml', 'decl_stmt', 0)) | DeclStmtInsertion(('triangle.cpp.xml', '_inter_block', 10), ('triangle.cpp.xml', 'decl_stmt', 1))
2023-12-15 03:17:05,395	[INFO]	55      COMPILE_CODE_ERROR    None  [4 edit(s)]       
2023-12-15 03:17:05,536	[DEBUG]	ReturnInsertion(('triangle.cpp.xml', '_inter_block', 29), ('triangle.cpp.xml', 'return', 1)) | DeclStmtInsertion(('triangle.cpp.xml', '_inter_block', 22), ('triangle.cpp.xml', 'decl_stmt', 1)) | DeclStmtInsertion(('triangle.cpp.xml', '_inter_block', 13), ('triangle.cpp.xml', 'decl_stmt', 0)) | DeclStmtInsertion(('triangle.cpp.xml', '_inter_block', 7), ('triangle.cpp.xml', 'decl_stmt', 1))
2023-12-15 03:17:05,537	[INFO]	56      COMPILE_CODE_ERROR    None  [4 edit(s)]       
2023-12-15 03:17:05,671	[DEBUG]	ReturnInsertion(('triangle.cpp.xml', '_inter_block', 29), ('triangle.cpp.xml', 'return', 1)) | DeclStmtInsertion(('triangle.cpp.xml', '_inter_block', 22), ('triangle.cpp.xml', 'decl_stmt', 1)) | DeclStmtInsertion(('triangle.cpp.xml', '_inter_block', 13), ('triangle.cpp.xml', 'decl_stmt', 0)) | DeclStmtInsertion(('triangle.cpp.xml', '_inter_block', 10), ('triangle.cpp.xml', 'decl_stmt', 0))
2023-12-15 03:17:05,671	[INFO]	57      COMPILE_CODE_ERROR    None  [4 edit(s)]       
2023-12-15 03:17:05,805	[DEBUG]	ReturnInsertion(('triangle.cpp.xml', '_inter_block', 29), ('triangle.cpp.xml', 'return', 1)) | DeclStmtInsertion(('triangle.cpp.xml', '_inter_block', 22), ('triangle.cpp.xml', 'decl_stmt', 1)) | DeclStmtInsertion(('triangle.cpp.xml', '_inter_block', 13), ('triangle.cpp.xml', 'decl_stmt', 0)) | DeclStmtInsertion(('triangle.cpp.xml', '_inter_block', 11), ('triangle.cpp.xml', 'decl_stmt', 0))
2023-12-15 03:17:05,805	[INFO]	58      COMPILE_CODE_ERROR    None  [4 edit(s)]       
2023-12-15 03:17:05,937	[DEBUG]	ReturnInsertion(('triangle.cpp.xml', '_inter_block', 29), ('triangle.cpp.xml', 'return', 1)) | DeclStmtInsertion(('triangle.cpp.xml', '_inter_block', 22), ('triangle.cpp.xml', 'decl_stmt', 1)) | DeclStmtInsertion(('triangle.cpp.xml', '_inter_block', 13), ('triangle.cpp.xml', 'decl_stmt', 0)) | DeclStmtInsertion(('triangle.cpp.xml', '_inter_block', 11), ('triangle.cpp.xml', 'decl_stmt', 0))
2023-12-15 03:17:05,938	[INFO]	59      COMPILE_CODE_ERROR    None  [4 edit(s)]       
2023-12-15 03:17:06,065	[DEBUG]	ReturnInsertion(('triangle.cpp.xml', '_inter_block', 29), ('triangle.cpp.xml', 'return', 1)) | DeclStmtInsertion(('triangle.cpp.xml', '_inter_block', 22), ('triangle.cpp.xml', 'decl_stmt', 1)) | DeclStmtInsertion(('triangle.cpp.xml', '_inter_block', 13), ('triangle.cpp.xml', 'decl_stmt', 0)) | DeclStmtInsertion(('triangle.cpp.xml', '_inter_block', 9), ('triangle.cpp.xml', 'decl_stmt', 0))
2023-12-15 03:17:06,065	[INFO]	60      COMPILE_CODE_ERROR    None  [4 edit(s)]       
2023-12-15 03:17:06,853	[DEBUG]	ReturnInsertion(('triangle.cpp.xml', '_inter_block', 29), ('triangle.cpp.xml', 'return', 1)) | DeclStmtInsertion(('triangle.cpp.xml', '_inter_block', 22), ('triangle.cpp.xml', 'decl_stmt', 1)) | DeclStmtInsertion(('triangle.cpp.xml', '_inter_block', 13), ('triangle.cpp.xml', 'decl_stmt', 0)) | DeclStmtInsertion(('triangle.cpp.xml', '_inter_block', 16), ('triangle.cpp.xml', 'decl_stmt', 1))
2023-12-15 03:17:06,854	[INFO]	61      TEST_CODE_ERROR       None  [4 edit(s)]       
2023-12-15 03:17:07,010	[DEBUG]	ReturnInsertion(('triangle.cpp.xml', '_inter_block', 29), ('triangle.cpp.xml', 'return', 1)) | DeclStmtInsertion(('triangle.cpp.xml', '_inter_block', 22), ('triangle.cpp.xml', 'decl_stmt', 1)) | DeclStmtInsertion(('triangle.cpp.xml', '_inter_block', 13), ('triangle.cpp.xml', 'decl_stmt', 0)) | DeclStmtInsertion(('triangle.cpp.xml', '_inter_block', 9), ('triangle.cpp.xml', 'decl_stmt', 0))
2023-12-15 03:17:07,010	[INFO]	62      COMPILE_CODE_ERROR    None  [4 edit(s)]       
2023-12-15 03:17:07,771	[DEBUG]	ReturnInsertion(('triangle.cpp.xml', '_inter_block', 29), ('triangle.cpp.xml', 'return', 1)) | DeclStmtInsertion(('triangle.cpp.xml', '_inter_block', 22), ('triangle.cpp.xml', 'decl_stmt', 1)) | DeclStmtInsertion(('triangle.cpp.xml', '_inter_block', 13), ('triangle.cpp.xml', 'decl_stmt', 0)) | DeclStmtInsertion(('triangle.cpp.xml', '_inter_block', 20), ('triangle.cpp.xml', 'decl_stmt', 1))
2023-12-15 03:17:07,772	[INFO]	63      TEST_CODE_ERROR       None  [4 edit(s)]       
2023-12-15 03:17:07,936	[DEBUG]	ReturnInsertion(('triangle.cpp.xml', '_inter_block', 29), ('triangle.cpp.xml', 'return', 1)) | DeclStmtInsertion(('triangle.cpp.xml', '_inter_block', 22), ('triangle.cpp.xml', 'decl_stmt', 1)) | DeclStmtInsertion(('triangle.cpp.xml', '_inter_block', 13), ('triangle.cpp.xml', 'decl_stmt', 0)) | DeclStmtInsertion(('triangle.cpp.xml', '_inter_block', 3), ('triangle.cpp.xml', 'decl_stmt', 1))
2023-12-15 03:17:07,936	[INFO]	64      COMPILE_CODE_ERROR    None  [4 edit(s)]       
2023-12-15 03:17:08,070	[DEBUG]	ReturnInsertion(('triangle.cpp.xml', '_inter_block', 29), ('triangle.cpp.xml', 'return', 1)) | DeclStmtInsertion(('triangle.cpp.xml', '_inter_block', 22), ('triangle.cpp.xml', 'decl_stmt', 1)) | DeclStmtInsertion(('triangle.cpp.xml', '_inter_block', 13), ('triangle.cpp.xml', 'decl_stmt', 0)) | DeclStmtInsertion(('triangle.cpp.xml', '_inter_block', 3), ('triangle.cpp.xml', 'decl_stmt', 0))
2023-12-15 03:17:08,070	[INFO]	65      COMPILE_CODE_ERROR    None  [4 edit(s)]       
2023-12-15 03:17:08,200	[DEBUG]	ReturnInsertion(('triangle.cpp.xml', '_inter_block', 29), ('triangle.cpp.xml', 'return', 1)) | DeclStmtInsertion(('triangle.cpp.xml', '_inter_block', 22), ('triangle.cpp.xml', 'decl_stmt', 1)) | DeclStmtInsertion(('triangle.cpp.xml', '_inter_block', 13), ('triangle.cpp.xml', 'decl_stmt', 0)) | DeclStmtInsertion(('triangle.cpp.xml', '_inter_block', 2), ('triangle.cpp.xml', 'decl_stmt', 0))
2023-12-15 03:17:08,200	[INFO]	66      COMPILE_CODE_ERROR    None  [4 edit(s)]       
2023-12-15 03:17:08,999	[DEBUG]	ReturnInsertion(('triangle.cpp.xml', '_inter_block', 29), ('triangle.cpp.xml', 'return', 1)) | DeclStmtInsertion(('triangle.cpp.xml', '_inter_block', 22), ('triangle.cpp.xml', 'decl_stmt', 1)) | DeclStmtInsertion(('triangle.cpp.xml', '_inter_block', 13), ('triangle.cpp.xml', 'decl_stmt', 0)) | DeclStmtInsertion(('triangle.cpp.xml', '_inter_block', 15), ('triangle.cpp.xml', 'decl_stmt', 1))
2023-12-15 03:17:08,999	[INFO]	67      TEST_CODE_ERROR       None  [4 edit(s)]       
2023-12-15 03:17:09,161	[DEBUG]	ReturnInsertion(('triangle.cpp.xml', '_inter_block', 29), ('triangle.cpp.xml', 'return', 1)) | DeclStmtInsertion(('triangle.cpp.xml', '_inter_block', 22), ('triangle.cpp.xml', 'decl_stmt', 1)) | DeclStmtInsertion(('triangle.cpp.xml', '_inter_block', 13), ('triangle.cpp.xml', 'decl_stmt', 0)) | DeclStmtInsertion(('triangle.cpp.xml', '_inter_block', 7), ('triangle.cpp.xml', 'decl_stmt', 0))
2023-12-15 03:17:09,161	[INFO]	68      COMPILE_CODE_ERROR    None  [4 edit(s)]       
2023-12-15 03:17:10,134	[DEBUG]	EXEC>  SUCCESS 1204420
2023-12-15 03:17:10,135	[DEBUG]	ReturnInsertion(('triangle.cpp.xml', '_inter_block', 29), ('triangle.cpp.xml', 'return', 1)) | DeclStmtInsertion(('triangle.cpp.xml', '_inter_block', 22), ('triangle.cpp.xml', 'decl_stmt', 1)) | DeclStmtInsertion(('triangle.cpp.xml', '_inter_block', 13), ('triangle.cpp.xml', 'decl_stmt', 0)) | IfInsertion(('triangle.cpp.xml', '_inter_block', 23), ('triangle.cpp.xml', 'if', 4))
2023-12-15 03:17:10,135	[INFO]	69      SUCCESS               1204420 (100.01%) [4 edit(s)] 
2023-12-15 03:17:11,138	[DEBUG]	EXEC>  SUCCESS 1204239
2023-12-15 03:17:11,138	[DEBUG]	ReturnInsertion(('triangle.cpp.xml', '_inter_block', 29), ('triangle.cpp.xml', 'return', 1)) | DeclStmtInsertion(('triangle.cpp.xml', '_inter_block', 22), ('triangle.cpp.xml', 'decl_stmt', 1)) | DeclStmtInsertion(('triangle.cpp.xml', '_inter_block', 13), ('triangle.cpp.xml', 'decl_stmt', 0)) | DeclStmtInsertion(('triangle.cpp.xml', '_inter_block', 27), ('triangle.cpp.xml', 'decl_stmt', 1))
2023-12-15 03:17:11,139	[INFO]	70      SUCCESS               1204239 (100.0%) [4 edit(s)] 
2023-12-15 03:17:11,964	[DEBUG]	ReturnInsertion(('triangle.cpp.xml', '_inter_block', 29), ('triangle.cpp.xml', 'return', 1)) | DeclStmtInsertion(('triangle.cpp.xml', '_inter_block', 22), ('triangle.cpp.xml', 'decl_stmt', 1)) | DeclStmtInsertion(('triangle.cpp.xml', '_inter_block', 13), ('triangle.cpp.xml', 'decl_stmt', 0)) | ReturnDeletion(('triangle.cpp.xml', 'return', 0))
2023-12-15 03:17:11,965	[INFO]	71      TEST_CODE_ERROR       None  [4 edit(s)]       
2023-12-15 03:17:12,112	[DEBUG]	ReturnInsertion(('triangle.cpp.xml', '_inter_block', 29), ('triangle.cpp.xml', 'return', 1)) | DeclStmtInsertion(('triangle.cpp.xml', '_inter_block', 22), ('triangle.cpp.xml', 'decl_stmt', 1)) | DeclStmtInsertion(('triangle.cpp.xml', '_inter_block', 13), ('triangle.cpp.xml', 'decl_stmt', 0)) | DeclStmtInsertion(('triangle.cpp.xml', '_inter_block', 13), ('triangle.cpp.xml', 'decl_stmt', 1))
2023-12-15 03:17:12,112	[INFO]	72      COMPILE_CODE_ERROR    None  [4 edit(s)]       
2023-12-15 03:17:13,088	[DEBUG]	EXEC>  SUCCESS 1204270
2023-12-15 03:17:13,089	[DEBUG]	ReturnInsertion(('triangle.cpp.xml', '_inter_block', 29), ('triangle.cpp.xml', 'return', 1)) | DeclStmtInsertion(('triangle.cpp.xml', '_inter_block', 22), ('triangle.cpp.xml', 'decl_stmt', 1)) | DeclStmtInsertion(('triangle.cpp.xml', '_inter_block', 13), ('triangle.cpp.xml', 'decl_stmt', 0)) | DeclStmtInsertion(('triangle.cpp.xml', '_inter_block', 18), ('triangle.cpp.xml', 'decl_stmt', 0))
2023-12-15 03:17:13,090	[INFO]	73      SUCCESS               1204270 (100.0%) [4 edit(s)] 
2023-12-15 03:17:13,247	[DEBUG]	ReturnInsertion(('triangle.cpp.xml', '_inter_block', 29), ('triangle.cpp.xml', 'return', 1)) | DeclStmtInsertion(('triangle.cpp.xml', '_inter_block', 22), ('triangle.cpp.xml', 'decl_stmt', 1)) | DeclStmtInsertion(('triangle.cpp.xml', '_inter_block', 13), ('triangle.cpp.xml', 'decl_stmt', 0)) | DeclStmtInsertion(('triangle.cpp.xml', '_inter_block', 3), ('triangle.cpp.xml', 'decl_stmt', 0))
2023-12-15 03:17:13,248	[INFO]	74      COMPILE_CODE_ERROR    None  [4 edit(s)]       
2023-12-15 03:17:13,400	[DEBUG]	ReturnInsertion(('triangle.cpp.xml', '_inter_block', 29), ('triangle.cpp.xml', 'return', 1)) | DeclStmtInsertion(('triangle.cpp.xml', '_inter_block', 22), ('triangle.cpp.xml', 'decl_stmt', 1)) | DeclStmtInsertion(('triangle.cpp.xml', '_inter_block', 13), ('triangle.cpp.xml', 'decl_stmt', 0)) | DeclStmtInsertion(('triangle.cpp.xml', '_inter_block', 7), ('triangle.cpp.xml', 'decl_stmt', 1))
2023-12-15 03:17:13,400	[INFO]	75      COMPILE_CODE_ERROR    None  [4 edit(s)]       
2023-12-15 03:17:13,536	[DEBUG]	ReturnInsertion(('triangle.cpp.xml', '_inter_block', 29), ('triangle.cpp.xml', 'return', 1)) | DeclStmtInsertion(('triangle.cpp.xml', '_inter_block', 22), ('triangle.cpp.xml', 'decl_stmt', 1)) | DeclStmtInsertion(('triangle.cpp.xml', '_inter_block', 13), ('triangle.cpp.xml', 'decl_stmt', 0)) | ReturnInsertion(('triangle.cpp.xml', '_inter_block', 1), ('triangle.cpp.xml', 'return', 2))
2023-12-15 03:17:13,536	[INFO]	76      COMPILE_CODE_ERROR    None  [4 edit(s)]       
2023-12-15 03:17:13,540	[DEBUG]	ReturnInsertion(('triangle.cpp.xml', '_inter_block', 29), ('triangle.cpp.xml', 'return', 1)) | DeclStmtInsertion(('triangle.cpp.xml', '_inter_block', 22), ('triangle.cpp.xml', 'decl_stmt', 1)) | DeclStmtInsertion(('triangle.cpp.xml', '_inter_block', 13), ('triangle.cpp.xml', 'decl_stmt', 0)) | DeclStmtInsertion(('triangle.cpp.xml', '_inter_block', 14), ('triangle.cpp.xml', 'decl_stmt', 0))
2023-12-15 03:17:13,540	[INFO]	77      SUCCESS               1204287 (100.0%) [4 edit(s)] 
2023-12-15 03:17:14,533	[DEBUG]	EXEC>  SUCCESS 1204240
2023-12-15 03:17:14,533	[DEBUG]	ReturnInsertion(('triangle.cpp.xml', '_inter_block', 29), ('triangle.cpp.xml', 'return', 1)) | DeclStmtInsertion(('triangle.cpp.xml', '_inter_block', 22), ('triangle.cpp.xml', 'decl_stmt', 1)) | DeclStmtInsertion(('triangle.cpp.xml', '_inter_block', 13), ('triangle.cpp.xml', 'decl_stmt', 0)) | DeclStmtInsertion(('triangle.cpp.xml', '_inter_block', 30), ('triangle.cpp.xml', 'decl_stmt', 1))
2023-12-15 03:17:14,534	[INFO]	78      SUCCESS               1204240 (100.0%) [4 edit(s)] 
2023-12-15 03:17:15,519	[DEBUG]	EXEC>  SUCCESS 1204240
2023-12-15 03:17:15,519	[DEBUG]	ReturnInsertion(('triangle.cpp.xml', '_inter_block', 29), ('triangle.cpp.xml', 'return', 1)) | DeclStmtInsertion(('triangle.cpp.xml', '_inter_block', 22), ('triangle.cpp.xml', 'decl_stmt', 1)) | DeclStmtInsertion(('triangle.cpp.xml', '_inter_block', 13), ('triangle.cpp.xml', 'decl_stmt', 0)) | DeclStmtInsertion(('triangle.cpp.xml', '_inter_block', 18), ('triangle.cpp.xml', 'decl_stmt', 1))
2023-12-15 03:17:15,520	[INFO]	79      SUCCESS               1204240 (100.0%) [4 edit(s)] 
2023-12-15 03:17:15,681	[DEBUG]	ReturnInsertion(('triangle.cpp.xml', '_inter_block', 29), ('triangle.cpp.xml', 'return', 1)) | DeclStmtInsertion(('triangle.cpp.xml', '_inter_block', 22), ('triangle.cpp.xml', 'decl_stmt', 1)) | DeclStmtInsertion(('triangle.cpp.xml', '_inter_block', 13), ('triangle.cpp.xml', 'decl_stmt', 0)) | DeclStmtInsertion(('triangle.cpp.xml', '_inter_block', 12), ('triangle.cpp.xml', 'decl_stmt', 0))
2023-12-15 03:17:15,682	[INFO]	80      COMPILE_CODE_ERROR    None  [4 edit(s)]       
2023-12-15 03:17:15,813	[DEBUG]	ReturnInsertion(('triangle.cpp.xml', '_inter_block', 29), ('triangle.cpp.xml', 'return', 1)) | DeclStmtInsertion(('triangle.cpp.xml', '_inter_block', 22), ('triangle.cpp.xml', 'decl_stmt', 1)) | DeclStmtInsertion(('triangle.cpp.xml', '_inter_block', 13), ('triangle.cpp.xml', 'decl_stmt', 0)) | DeclStmtInsertion(('triangle.cpp.xml', '_inter_block', 8), ('triangle.cpp.xml', 'decl_stmt', 0))
2023-12-15 03:17:15,814	[INFO]	81      COMPILE_CODE_ERROR    None  [4 edit(s)]       
2023-12-15 03:17:16,807	[DEBUG]	EXEC>  SUCCESS 1204240
2023-12-15 03:17:16,808	[DEBUG]	ReturnInsertion(('triangle.cpp.xml', '_inter_block', 29), ('triangle.cpp.xml', 'return', 1)) | DeclStmtInsertion(('triangle.cpp.xml', '_inter_block', 22), ('triangle.cpp.xml', 'decl_stmt', 1)) | DeclStmtInsertion(('triangle.cpp.xml', '_inter_block', 13), ('triangle.cpp.xml', 'decl_stmt', 0)) | DeclStmtInsertion(('triangle.cpp.xml', '_inter_block', 14), ('triangle.cpp.xml', 'decl_stmt', 1))
2023-12-15 03:17:16,809	[INFO]	82      SUCCESS               1204240 (100.0%) [4 edit(s)] 
2023-12-15 03:17:17,768	[DEBUG]	EXEC>  SUCCESS 1204239
2023-12-15 03:17:17,768	[DEBUG]	ReturnInsertion(('triangle.cpp.xml', '_inter_block', 29), ('triangle.cpp.xml', 'return', 1)) | DeclStmtInsertion(('triangle.cpp.xml', '_inter_block', 22), ('triangle.cpp.xml', 'decl_stmt', 1)) | DeclStmtInsertion(('triangle.cpp.xml', '_inter_block', 13), ('triangle.cpp.xml', 'decl_stmt', 0)) | DeclStmtInsertion(('triangle.cpp.xml', '_inter_block', 28), ('triangle.cpp.xml', 'decl_stmt', 1))
2023-12-15 03:17:17,769	[INFO]	83      SUCCESS               1204239 (100.0%) [4 edit(s)] 
2023-12-15 03:17:17,928	[DEBUG]	ReturnInsertion(('triangle.cpp.xml', '_inter_block', 29), ('triangle.cpp.xml', 'return', 1)) | DeclStmtInsertion(('triangle.cpp.xml', '_inter_block', 22), ('triangle.cpp.xml', 'decl_stmt', 1)) | DeclStmtInsertion(('triangle.cpp.xml', '_inter_block', 13), ('triangle.cpp.xml', 'decl_stmt', 0)) | DeclStmtInsertion(('triangle.cpp.xml', '_inter_block', 3), ('triangle.cpp.xml', 'decl_stmt', 1))
2023-12-15 03:17:17,929	[INFO]	84      COMPILE_CODE_ERROR    None  [4 edit(s)]       
2023-12-15 03:17:18,893	[DEBUG]	EXEC>  SUCCESS 1204269
2023-12-15 03:17:18,894	[DEBUG]	ReturnInsertion(('triangle.cpp.xml', '_inter_block', 29), ('triangle.cpp.xml', 'return', 1)) | DeclStmtInsertion(('triangle.cpp.xml', '_inter_block', 22), ('triangle.cpp.xml', 'decl_stmt', 1)) | DeclStmtInsertion(('triangle.cpp.xml', '_inter_block', 13), ('triangle.cpp.xml', 'decl_stmt', 0)) | DeclStmtInsertion(('triangle.cpp.xml', '_inter_block', 20), ('triangle.cpp.xml', 'decl_stmt', 0))
2023-12-15 03:17:18,894	[INFO]	85      SUCCESS               1204269 (100.0%) [4 edit(s)] 
2023-12-15 03:17:19,900	[DEBUG]	EXEC>  SUCCESS 1318055
2023-12-15 03:17:19,901	[DEBUG]	ReturnInsertion(('triangle.cpp.xml', '_inter_block', 29), ('triangle.cpp.xml', 'return', 1)) | DeclStmtInsertion(('triangle.cpp.xml', '_inter_block', 22), ('triangle.cpp.xml', 'decl_stmt', 1)) | DeclStmtInsertion(('triangle.cpp.xml', '_inter_block', 13), ('triangle.cpp.xml', 'decl_stmt', 0)) | DeclStmtInsertion(('triangle.cpp.xml', '_inter_block', 29), ('triangle.cpp.xml', 'decl_stmt', 0))
2023-12-15 03:17:19,902	[INFO]	86      SUCCESS               1318055 (109.45%) [4 edit(s)] 
2023-12-15 03:17:20,052	[DEBUG]	ReturnInsertion(('triangle.cpp.xml', '_inter_block', 29), ('triangle.cpp.xml', 'return', 1)) | DeclStmtInsertion(('triangle.cpp.xml', '_inter_block', 22), ('triangle.cpp.xml', 'decl_stmt', 1)) | DeclStmtInsertion(('triangle.cpp.xml', '_inter_block', 13), ('triangle.cpp.xml', 'decl_stmt', 0)) | DeclStmtInsertion(('triangle.cpp.xml', '_inter_block', 6), ('triangle.cpp.xml', 'decl_stmt', 0))
2023-12-15 03:17:20,052	[INFO]	87      COMPILE_CODE_ERROR    None  [4 edit(s)]       
2023-12-15 03:17:21,041	[DEBUG]	EXEC>  SUCCESS 1204287
2023-12-15 03:17:21,042	[DEBUG]	ReturnInsertion(('triangle.cpp.xml', '_inter_block', 29), ('triangle.cpp.xml', 'return', 1)) | DeclStmtInsertion(('triangle.cpp.xml', '_inter_block', 22), ('triangle.cpp.xml', 'decl_stmt', 1)) | DeclStmtInsertion(('triangle.cpp.xml', '_inter_block', 13), ('triangle.cpp.xml', 'decl_stmt', 0)) | DeclStmtInsertion(('triangle.cpp.xml', '_inter_block', 16), ('triangle.cpp.xml', 'decl_stmt', 0))
2023-12-15 03:17:21,043	[INFO]	88      SUCCESS               1204287 (100.0%) [4 edit(s)] 
2023-12-15 03:17:21,217	[DEBUG]	ReturnInsertion(('triangle.cpp.xml', '_inter_block', 29), ('triangle.cpp.xml', 'return', 1)) | DeclStmtInsertion(('triangle.cpp.xml', '_inter_block', 22), ('triangle.cpp.xml', 'decl_stmt', 1)) | DeclStmtInsertion(('triangle.cpp.xml', '_inter_block', 13), ('triangle.cpp.xml', 'decl_stmt', 0)) | DeclStmtInsertion(('triangle.cpp.xml', '_inter_block', 6), ('triangle.cpp.xml', 'decl_stmt', 0))
2023-12-15 03:17:21,218	[INFO]	89      COMPILE_CODE_ERROR    None  [4 edit(s)]       
2023-12-15 03:17:21,354	[DEBUG]	ReturnInsertion(('triangle.cpp.xml', '_inter_block', 29), ('triangle.cpp.xml', 'return', 1)) | DeclStmtInsertion(('triangle.cpp.xml', '_inter_block', 22), ('triangle.cpp.xml', 'decl_stmt', 1)) | DeclStmtInsertion(('triangle.cpp.xml', '_inter_block', 13), ('triangle.cpp.xml', 'decl_stmt', 0)) | DeclStmtInsertion(('triangle.cpp.xml', '_inter_block', 12), ('triangle.cpp.xml', 'decl_stmt', 0))
2023-12-15 03:17:21,355	[INFO]	90      COMPILE_CODE_ERROR    None  [4 edit(s)]       
2023-12-15 03:17:22,146	[DEBUG]	ReturnInsertion(('triangle.cpp.xml', '_inter_block', 29), ('triangle.cpp.xml', 'return', 1)) | DeclStmtInsertion(('triangle.cpp.xml', '_inter_block', 22), ('triangle.cpp.xml', 'decl_stmt', 1)) | DeclStmtInsertion(('triangle.cpp.xml', '_inter_block', 13), ('triangle.cpp.xml', 'decl_stmt', 0)) | DeclStmtInsertion(('triangle.cpp.xml', '_inter_block', 20), ('triangle.cpp.xml', 'decl_stmt', 1))
2023-12-15 03:17:22,146	[INFO]	91      TEST_CODE_ERROR       None  [4 edit(s)]       
2023-12-15 03:17:22,292	[DEBUG]	ReturnInsertion(('triangle.cpp.xml', '_inter_block', 29), ('triangle.cpp.xml', 'return', 1)) | DeclStmtInsertion(('triangle.cpp.xml', '_inter_block', 22), ('triangle.cpp.xml', 'decl_stmt', 1)) | DeclStmtInsertion(('triangle.cpp.xml', '_inter_block', 13), ('triangle.cpp.xml', 'decl_stmt', 0)) | DeclStmtInsertion(('triangle.cpp.xml', '_inter_block', 12), ('triangle.cpp.xml', 'decl_stmt', 1))
2023-12-15 03:17:22,292	[INFO]	92      COMPILE_CODE_ERROR    None  [4 edit(s)]       
2023-12-15 03:17:22,426	[DEBUG]	ReturnInsertion(('triangle.cpp.xml', '_inter_block', 29), ('triangle.cpp.xml', 'return', 1)) | DeclStmtInsertion(('triangle.cpp.xml', '_inter_block', 22), ('triangle.cpp.xml', 'decl_stmt', 1)) | DeclStmtInsertion(('triangle.cpp.xml', '_inter_block', 13), ('triangle.cpp.xml', 'decl_stmt', 0)) | DeclStmtInsertion(('triangle.cpp.xml', '_inter_block', 11), ('triangle.cpp.xml', 'decl_stmt', 1))
2023-12-15 03:17:22,426	[INFO]	93      COMPILE_CODE_ERROR    None  [4 edit(s)]       
2023-12-15 03:17:23,433	[DEBUG]	EXEC>  SUCCESS 1204299
2023-12-15 03:17:23,433	[DEBUG]	ReturnInsertion(('triangle.cpp.xml', '_inter_block', 29), ('triangle.cpp.xml', 'return', 1)) | DeclStmtInsertion(('triangle.cpp.xml', '_inter_block', 22), ('triangle.cpp.xml', 'decl_stmt', 1)) | DeclStmtInsertion(('triangle.cpp.xml', '_inter_block', 13), ('triangle.cpp.xml', 'decl_stmt', 0)) | DeclStmtInsertion(('triangle.cpp.xml', '_inter_block', 23), ('triangle.cpp.xml', 'decl_stmt', 0))
2023-12-15 03:17:23,434	[INFO]	94      SUCCESS               1204299 (100.0%) [4 edit(s)] 
2023-12-15 03:17:24,442	[DEBUG]	EXEC>  SUCCESS 1204240
2023-12-15 03:17:24,442	[DEBUG]	ReturnInsertion(('triangle.cpp.xml', '_inter_block', 29), ('triangle.cpp.xml', 'return', 1)) | DeclStmtInsertion(('triangle.cpp.xml', '_inter_block', 22), ('triangle.cpp.xml', 'decl_stmt', 1)) | DeclStmtInsertion(('triangle.cpp.xml', '_inter_block', 13), ('triangle.cpp.xml', 'decl_stmt', 0)) | DeclStmtInsertion(('triangle.cpp.xml', '_inter_block', 1), ('triangle.cpp.xml', 'decl_stmt', 1))
2023-12-15 03:17:24,443	[INFO]	95      SUCCESS               1204240 (100.0%) [4 edit(s)] 
2023-12-15 03:17:24,598	[DEBUG]	ReturnInsertion(('triangle.cpp.xml', '_inter_block', 29), ('triangle.cpp.xml', 'return', 1)) | DeclStmtInsertion(('triangle.cpp.xml', '_inter_block', 22), ('triangle.cpp.xml', 'decl_stmt', 1)) | DeclStmtInsertion(('triangle.cpp.xml', '_inter_block', 13), ('triangle.cpp.xml', 'decl_stmt', 0)) | DeclStmtDeletion(('triangle.cpp.xml', 'decl_stmt', 1))
2023-12-15 03:17:24,598	[INFO]	96      COMPILE_CODE_ERROR    None  [4 edit(s)]       
2023-12-15 03:17:24,600	[DEBUG]	ReturnInsertion(('triangle.cpp.xml', '_inter_block', 29), ('triangle.cpp.xml', 'return', 1)) | DeclStmtInsertion(('triangle.cpp.xml', '_inter_block', 22), ('triangle.cpp.xml', 'decl_stmt', 1)) | DeclStmtInsertion(('triangle.cpp.xml', '_inter_block', 13), ('triangle.cpp.xml', 'decl_stmt', 0)) | DeclStmtInsertion(('triangle.cpp.xml', '_inter_block', 28), ('triangle.cpp.xml', 'decl_stmt', 1))
2023-12-15 03:17:24,601	[INFO]	97      SUCCESS               1204239 (100.0%) [4 edit(s)] 
2023-12-15 03:17:24,737	[DEBUG]	ReturnInsertion(('triangle.cpp.xml', '_inter_block', 29), ('triangle.cpp.xml', 'return', 1)) | DeclStmtInsertion(('triangle.cpp.xml', '_inter_block', 22), ('triangle.cpp.xml', 'decl_stmt', 1)) | DeclStmtInsertion(('triangle.cpp.xml', '_inter_block', 13), ('triangle.cpp.xml', 'decl_stmt', 0)) | DeclStmtInsertion(('triangle.cpp.xml', '_inter_block', 7), ('triangle.cpp.xml', 'decl_stmt', 1))
2023-12-15 03:17:24,737	[INFO]	98      COMPILE_CODE_ERROR    None  [4 edit(s)]       
2023-12-15 03:17:25,524	[DEBUG]	ReturnInsertion(('triangle.cpp.xml', '_inter_block', 29), ('triangle.cpp.xml', 'return', 1)) | DeclStmtInsertion(('triangle.cpp.xml', '_inter_block', 22), ('triangle.cpp.xml', 'decl_stmt', 1)) | DeclStmtInsertion(('triangle.cpp.xml', '_inter_block', 13), ('triangle.cpp.xml', 'decl_stmt', 0)) | IfInsertion(('triangle.cpp.xml', '_inter_block', 16), ('triangle.cpp.xml', 'if', 1))
2023-12-15 03:17:25,524	[INFO]	99      TEST_CODE_ERROR       None  [4 edit(s)]       
2023-12-15 03:17:25,527	[DEBUG]	ReturnInsertion(('triangle.cpp.xml', '_inter_block', 29), ('triangle.cpp.xml', 'return', 1)) | DeclStmtInsertion(('triangle.cpp.xml', '_inter_block', 22), ('triangle.cpp.xml', 'decl_stmt', 1)) | DeclStmtInsertion(('triangle.cpp.xml', '_inter_block', 13), ('triangle.cpp.xml', 'decl_stmt', 0)) | DeclStmtInsertion(('triangle.cpp.xml', '_inter_block', 18), ('triangle.cpp.xml', 'decl_stmt', 1))
2023-12-15 03:17:25,527	[INFO]	100     SUCCESS               1204240 (100.0%) [4 edit(s)] 
2023-12-15 03:17:25,528	[INFO]	==== END ====
2023-12-15 03:17:25,528	[INFO]	
2023-12-15 03:17:25,528	[INFO]	==== REPORT ====
2023-12-15 03:17:25,529	[INFO]	Termination: step budget
2023-12-15 03:17:25,529	[INFO]	Log file: /cs/student/ug/2020/damibose/projects/magpie/_magpie_logs/triangle-cpp_slow_1702610180.log
2023-12-15 03:17:25,531	[INFO]	Patch file: _magpie_logs/triangle-cpp_slow_1702610180.patch
2023-12-15 03:17:25,531	[INFO]	Diff file: _magpie_logs/triangle-cpp_slow_1702610180.diff
2023-12-15 03:17:25,531	[INFO]	Best fitness: 1204238
2023-12-15 03:17:25,532	[INFO]	Best patch: ReturnInsertion(('triangle.cpp.xml', '_inter_block', 29), ('triangle.cpp.xml', 'return', 1)) | DeclStmtInsertion(('triangle.cpp.xml', '_inter_block', 22), ('triangle.cpp.xml', 'decl_stmt', 1))
2023-12-15 03:17:25,532	[INFO]	Diff:
--- before: triangle.cpp
+++ after: triangle.cpp
@@ -24,6 +24,7 @@
   }
 
   if(b > c) {
+    double tmp;
     tmp = b;
     b = c;
     c = tmp;
@@ -36,6 +37,7 @@
   if(a == b && b == c)
     /*auto*/{
       return EQUILATERAL;
+      return EQUILATERAL;
     }/*auto*/
   if(a == b || b == c)
     /*auto*/{

