2023-12-27 22:50:52,586	[DEBUG]	==== CONFIG ====
[magpie]
import = 
seed = 1
log_dir = _magpie_logs
work_dir = _magpie_work
final_out_dir = experiments/results/BestImprovementNoTabu/baseline/trial_1
local_original_copy = True
local_original_name = __original__
output_encoding = ascii
edit_retries = 10
default_timeout = 30
default_lengthout = 10000.0
diff_method = unified
trust_local_filesystem = True

[software]
path = examples/code/triangle-cpp_slow
target_files = 
	triangle.cpp.xml
program = BasicProgram
engine_rules = 
	*.params : ConfigFileParamsEngine
	*.xml : SrcmlEngine
	* : LineEngine
engine_config = 
	*.params : [params]
	*.xml : [srcml]
init_cmd = 
init_timeout = 60
init_lengthout = -1
setup_cmd = ./setup.sh
setup_timeout = 
setup_lengthout = 
compile_cmd = ./compile.sh
compile_timeout = 
compile_lengthout = 
test_cmd = ./build/test_triangle
test_timeout = 
test_lengthout = 
run_cmd = perf stat ./build/run_triangle
run_timeout = 1
run_lengthout = 
batch_timeout = 
batch_lengthout = 
batch_bin_fitness_strategy = aggregate
batch_fitness_strategy = sum
fitness = perf_instructions

[srcml]
rename = 
focus = block break continue decl_stmt do expr_stmt for goto if return switch while
internodes = block
process_pseudo_blocks = True
process_literals = False
process_operators = False

[params]
timing = test run
cli_prefix = --
cli_glue = =
cli_boolean = show
cli_boolean_prefix_true = 
cli_boolean_prefix_false = no-
silent_prefix = @
silent_suffix = $

[search]
protocol = BasicProtocol
algorithm = BestImprovementNoTabu
possible_edits = 
	DeclStmtReplacement
	ExprStmtReplacement
	IfReplacement
	ReturnReplacement
	DeclStmtInsertion
	ExprStmtInsertion
	IfInsertion
	ReturnInsertion
	DeclStmtDeletion
	ExprStmtDeletion
	IfDeletion
	ReturnDeletion
warmup = 5
warmup_strategy = last
max_steps = 100
max_time = 60
target_fitness = 
cache_maxsize = 40
cache_keep = 0.2
batch_instances = 
batch_shuffle = True
batch_bin_shuffle = False
batch_sample_size = 1
operator_selector = UniformSelector

[search.ls]
delete_prob = 0
max_neighbours = 20
when_trapped = continue
accept_fail = False
tabu_length = 10

[search.gp]
pop_size = 10
delete_prob = 0.5
offspring_elitism = 0.1
offspring_crossover = 0.5
offspring_mutation = 0.4
uniform_rate = 0.5
batch_reset = True

[search.minify]
do_cleanup = True
do_rebuild = True
do_simplify = True
round_robin_limit = 3


2023-12-27 22:50:52,591	[INFO]	==== WARMUP ====
2023-12-27 22:51:00,052	[DEBUG]	EXEC>  SUCCESS 1204239
2023-12-27 22:51:00,055	[INFO]	WARM    SUCCESS               1204239                 
2023-12-27 22:51:03,221	[DEBUG]	EXEC>  SUCCESS 1204239
2023-12-27 22:51:03,222	[INFO]	WARM    SUCCESS               1204239                 
2023-12-27 22:51:06,210	[DEBUG]	EXEC>  SUCCESS 1204240
2023-12-27 22:51:06,213	[INFO]	WARM    SUCCESS               1204240                 
2023-12-27 22:51:09,229	[DEBUG]	EXEC>  SUCCESS 1204239
2023-12-27 22:51:09,229	[INFO]	WARM    SUCCESS               1204239                 
2023-12-27 22:51:12,376	[DEBUG]	EXEC>  SUCCESS 1204239
2023-12-27 22:51:12,377	[INFO]	WARM    SUCCESS               1204239                 
2023-12-27 22:51:12,377	[INFO]	INITIAL SUCCESS               1204239                 
2023-12-27 22:51:12,377	[INFO]	==== START: BestImprovementNoTabu ====
2023-12-27 22:51:15,006	[DEBUG]	EXEC>  SUCCESS 1204240
2023-12-27 22:51:15,007	[DEBUG]	DeclStmtInsertion(('triangle.cpp.xml', '_inter_block', 18), ('triangle.cpp.xml', 'decl_stmt', 1))
2023-12-27 22:51:15,007	[INFO]	1       SUCCESS               1204240 (100.0%) [1 edit(s)] 
2023-12-27 22:51:17,466	[DEBUG]	ReturnInsertion(('triangle.cpp.xml', '_inter_block', 10), ('triangle.cpp.xml', 'return', 0))
2023-12-27 22:51:17,467	[INFO]	2       TEST_CODE_ERROR       None  [1 edit(s)]       
2023-12-27 22:51:20,072	[DEBUG]	IfDeletion(('triangle.cpp.xml', 'if', 2))
2023-12-27 22:51:20,072	[INFO]	3       TEST_CODE_ERROR       None  [1 edit(s)]       
2023-12-27 22:51:23,013	[DEBUG]	EXEC>  SUCCESS 1311634
2023-12-27 22:51:23,013	[DEBUG]	DeclStmtInsertion(('triangle.cpp.xml', '_inter_block', 25), ('triangle.cpp.xml', 'decl_stmt', 1))
2023-12-27 22:51:23,013	[INFO]	4       SUCCESS               1311634 (108.92%) [1 edit(s)] 
2023-12-27 22:51:25,752	[DEBUG]	ReturnReplacement(('triangle.cpp.xml', 'return', 3), ('triangle.cpp.xml', 'stmt', 21))
2023-12-27 22:51:25,753	[INFO]	5       TEST_CODE_ERROR       None  [1 edit(s)]       
2023-12-27 22:51:28,352	[DEBUG]	ExprStmtInsertion(('triangle.cpp.xml', '_inter_block', 14), ('triangle.cpp.xml', 'expr_stmt', 10))
2023-12-27 22:51:28,352	[INFO]	6       TEST_CODE_ERROR       None  [1 edit(s)]       
2023-12-27 22:51:29,120	[DEBUG]	ReturnInsertion(('triangle.cpp.xml', '_inter_block', 2), ('triangle.cpp.xml', 'return', 0))
2023-12-27 22:51:29,121	[INFO]	7       COMPILE_CODE_ERROR    None  [1 edit(s)]       
2023-12-27 22:51:31,551	[DEBUG]	ReturnReplacement(('triangle.cpp.xml', 'return', 0), ('triangle.cpp.xml', 'stmt', 14))
2023-12-27 22:51:31,552	[INFO]	8       TEST_CODE_ERROR       None  [1 edit(s)]       
2023-12-27 22:51:34,360	[DEBUG]	EXEC>  SUCCESS 1203978
2023-12-27 22:51:34,360	[DEBUG]	IfDeletion(('triangle.cpp.xml', 'if', 1))
2023-12-27 22:51:34,360	[INFO]	9       SUCCESS              *1203978 (99.98%) [1 edit(s)] 
2023-12-27 22:51:34,362	[DEBUG]	--- before: triangle.cpp
+++ after: triangle.cpp
@@ -17,11 +17,7 @@
     b = tmp;
   }
 
-  if(a > c) {
-    tmp = a;
-    a = c;
-    c = tmp;
-  }
+  
 
   if(b > c) {
     tmp = b;

2023-12-27 22:51:35,102	[DEBUG]	DeclStmtDeletion(('triangle.cpp.xml', 'decl_stmt', 0))
2023-12-27 22:51:35,103	[INFO]	10      COMPILE_CODE_ERROR    None  [1 edit(s)]       
2023-12-27 22:51:35,633	[DEBUG]	ExprStmtInsertion(('triangle.cpp.xml', '_inter_block', 2), ('triangle.cpp.xml', 'expr_stmt', 5))
2023-12-27 22:51:35,634	[INFO]	11      COMPILE_CODE_ERROR    None  [1 edit(s)]       
2023-12-27 22:51:36,187	[DEBUG]	ExprStmtReplacement(('triangle.cpp.xml', 'expr_stmt', 2), ('triangle.cpp.xml', 'stmt', 2))
2023-12-27 22:51:36,188	[INFO]	12      COMPILE_CODE_ERROR    None  [1 edit(s)]       
2023-12-27 22:51:38,604	[DEBUG]	ReturnReplacement(('triangle.cpp.xml', 'return', 2), ('triangle.cpp.xml', 'stmt', 22))
2023-12-27 22:51:38,604	[INFO]	13      TEST_CODE_ERROR       None  [1 edit(s)]       
2023-12-27 22:51:41,220	[DEBUG]	ExprStmtReplacement(('triangle.cpp.xml', 'expr_stmt', 4), ('triangle.cpp.xml', 'stmt', 4))
2023-12-27 22:51:41,220	[INFO]	14      TEST_CODE_ERROR       None  [1 edit(s)]       
2023-12-27 22:51:41,917	[DEBUG]	DeclStmtReplacement(('triangle.cpp.xml', 'decl_stmt', 0), ('triangle.cpp.xml', 'stmt', 3))
2023-12-27 22:51:41,918	[INFO]	15      COMPILE_CODE_ERROR    None  [1 edit(s)]       
2023-12-27 22:51:42,574	[DEBUG]	DeclStmtDeletion(('triangle.cpp.xml', 'decl_stmt', 0))
2023-12-27 22:51:42,574	[INFO]	16      COMPILE_CODE_ERROR    None  [1 edit(s)]       
2023-12-27 22:51:43,087	[DEBUG]	ExprStmtReplacement(('triangle.cpp.xml', 'expr_stmt', 0), ('triangle.cpp.xml', 'stmt', 22))
2023-12-27 22:51:43,087	[INFO]	17      COMPILE_CODE_ERROR    None  [1 edit(s)]       
2023-12-27 22:51:45,797	[DEBUG]	EXEC>  SUCCESS 1204365
2023-12-27 22:51:45,797	[DEBUG]	ExprStmtInsertion(('triangle.cpp.xml', '_inter_block', 7), ('triangle.cpp.xml', 'expr_stmt', 2))
2023-12-27 22:51:45,797	[INFO]	18      SUCCESS               1204365 (100.01%) [1 edit(s)] 
2023-12-27 22:51:48,516	[DEBUG]	IfReplacement(('triangle.cpp.xml', 'if', 3), ('triangle.cpp.xml', 'stmt', 10))
2023-12-27 22:51:48,517	[INFO]	19      TEST_CODE_ERROR       None  [1 edit(s)]       
2023-12-27 22:51:51,406	[DEBUG]	EXEC>  SUCCESS 1204285
2023-12-27 22:51:51,406	[DEBUG]	IfInsertion(('triangle.cpp.xml', '_inter_block', 21), ('triangle.cpp.xml', 'if', 0))
2023-12-27 22:51:51,406	[INFO]	20      SUCCESS               1204285 (100.0%) [1 edit(s)] 
2023-12-27 22:51:54,004	[DEBUG]	IfReplacement(('triangle.cpp.xml', 'if', 1), ('triangle.cpp.xml', 'stmt', 9))
2023-12-27 22:51:54,004	[INFO]	21      TEST_CODE_ERROR      +None  [1 edit(s)]       
2023-12-27 22:51:54,006	[DEBUG]	--- before: triangle.cpp
+++ after: triangle.cpp
@@ -17,11 +17,7 @@
     b = tmp;
   }
 
-  if(a > c) {
-    tmp = a;
-    a = c;
-    c = tmp;
-  }
+  c = tmp;
 
   if(b > c) {
     tmp = b;

2023-12-27 22:51:56,629	[DEBUG]	IfDeletion(('triangle.cpp.xml', 'if', 1)) | ReturnDeletion(('triangle.cpp.xml', 'return', 0))
2023-12-27 22:51:56,629	[INFO]	22      TEST_CODE_ERROR       None  [2 edit(s)]       
2023-12-27 22:51:56,631	[DEBUG]	IfDeletion(('triangle.cpp.xml', 'if', 1)) | ExprStmtDeletion(('triangle.cpp.xml', 'expr_stmt', 6))
2023-12-27 22:51:56,631	[INFO]	23      SUCCESS               1203978 (99.98%) [2 edit(s)] 
2023-12-27 22:51:59,436	[DEBUG]	EXEC>  SUCCESS 1414548
2023-12-27 22:51:59,436	[DEBUG]	IfDeletion(('triangle.cpp.xml', 'if', 1)) | IfInsertion(('triangle.cpp.xml', '_inter_block', 16), ('triangle.cpp.xml', 'if', 3))
2023-12-27 22:51:59,436	[INFO]	24      SUCCESS               1414548 (117.46%) [2 edit(s)] 
2023-12-27 22:52:02,050	[DEBUG]	IfDeletion(('triangle.cpp.xml', 'if', 1)) | ReturnInsertion(('triangle.cpp.xml', '_inter_block', 14), ('triangle.cpp.xml', 'return', 0))
2023-12-27 22:52:02,050	[INFO]	25      TEST_CODE_ERROR       None  [2 edit(s)]       
2023-12-27 22:52:02,052	[DEBUG]	IfDeletion(('triangle.cpp.xml', 'if', 1)) | IfInsertion(('triangle.cpp.xml', '_inter_block', 19), ('triangle.cpp.xml', 'if', 2))
2023-12-27 22:52:02,052	[INFO]	26      SUCCESS               1203978 (99.98%) [2 edit(s)] 
2023-12-27 22:52:02,053	[DEBUG]	IfDeletion(('triangle.cpp.xml', 'if', 1)) | ReturnInsertion(('triangle.cpp.xml', '_inter_block', 21), ('triangle.cpp.xml', 'return', 0))
2023-12-27 22:52:02,053	[INFO]	27      SUCCESS               1203978 (99.98%) [2 edit(s)] 
2023-12-27 22:52:04,661	[DEBUG]	IfDeletion(('triangle.cpp.xml', 'if', 1)) | ExprStmtReplacement(('triangle.cpp.xml', 'expr_stmt', 2), ('triangle.cpp.xml', 'stmt', 13))
2023-12-27 22:52:04,661	[INFO]	28      TEST_CODE_ERROR       None  [2 edit(s)]       
2023-12-27 22:52:07,278	[DEBUG]	IfDeletion(('triangle.cpp.xml', 'if', 1)) | ExprStmtInsertion(('triangle.cpp.xml', '_inter_block', 11), ('triangle.cpp.xml', 'expr_stmt', 3))
2023-12-27 22:52:07,278	[INFO]	29      TEST_CODE_ERROR       None  [2 edit(s)]       
2023-12-27 22:52:09,903	[DEBUG]	IfDeletion(('triangle.cpp.xml', 'if', 1)) | ExprStmtDeletion(('triangle.cpp.xml', 'expr_stmt', 3))
2023-12-27 22:52:09,904	[INFO]	30      TEST_CODE_ERROR       None  [2 edit(s)]       
2023-12-27 22:52:12,464	[DEBUG]	IfDeletion(('triangle.cpp.xml', 'if', 1)) | IfInsertion(('triangle.cpp.xml', '_inter_block', 16), ('triangle.cpp.xml', 'if', 4))
2023-12-27 22:52:12,465	[INFO]	31      TEST_CODE_ERROR       None  [2 edit(s)]       
2023-12-27 22:52:12,467	[INFO]	==== END ====
2023-12-27 22:52:12,467	[INFO]	
2023-12-27 22:52:12,467	[INFO]	==== REPORT ====
2023-12-27 22:52:12,467	[INFO]	Termination: time budget
2023-12-27 22:52:12,467	[INFO]	Log file: /cs/student/ug/2020/damibose/projects/magpie/_magpie_logs/triangle-cpp_slow_1703717467.log
2023-12-27 22:52:12,468	[INFO]	Patch file: _magpie_logs/triangle-cpp_slow_1703717467.patch
2023-12-27 22:52:12,468	[INFO]	Diff file: _magpie_logs/triangle-cpp_slow_1703717467.diff
2023-12-27 22:52:12,468	[INFO]	Best fitness: 1203978
2023-12-27 22:52:12,469	[INFO]	Best patch: IfDeletion(('triangle.cpp.xml', 'if', 1))
2023-12-27 22:52:12,469	[INFO]	Diff:
--- before: triangle.cpp
+++ after: triangle.cpp
@@ -17,11 +17,7 @@
     b = tmp;
   }
 
-  if(a > c) {
-    tmp = a;
-    a = c;
-    c = tmp;
-  }
+  
 
   if(b > c) {
     tmp = b;

