2023-12-15 13:03:57,816	[DEBUG]	==== CONFIG ====
[magpie]
import = 
seed = 6
log_dir = _magpie_logs
work_dir = _magpie_work
final_out_dir = experiments/results_e_greedy_proof_of_concept/baseline/FirstImprovementNoTabu/trial_6
local_original_copy = True
local_original_name = __original__
output_encoding = ascii
edit_retries = 10
default_timeout = 30
default_lengthout = 10000.0
diff_method = unified
trust_local_filesystem = True

[software]
path = examples/code/triangle-cpp_slow
target_files = 
	triangle.cpp.xml
program = BasicProgram
engine_rules = 
	*.params : ConfigFileParamsEngine
	*.xml : SrcmlEngine
	* : LineEngine
engine_config = 
	*.params : [params]
	*.xml : [srcml]
init_cmd = 
init_timeout = 60
init_lengthout = -1
setup_cmd = ./setup.sh
setup_timeout = 
setup_lengthout = 
compile_cmd = ./compile.sh
compile_timeout = 
compile_lengthout = 
test_cmd = ./build/test_triangle
test_timeout = 
test_lengthout = 
run_cmd = perf stat ./build/run_triangle
run_timeout = 1
run_lengthout = 
batch_timeout = 
batch_lengthout = 
batch_bin_fitness_strategy = aggregate
batch_fitness_strategy = sum
fitness = perf_instructions

[srcml]
rename = 
focus = block break continue decl_stmt do expr_stmt for goto if return switch while
internodes = block
process_pseudo_blocks = True
process_literals = False
process_operators = False

[params]
timing = test run
cli_prefix = --
cli_glue = =
cli_boolean = show
cli_boolean_prefix_true = 
cli_boolean_prefix_false = no-
silent_prefix = @
silent_suffix = $

[search]
protocol = BasicProtocol
algorithm = FirstImprovementNoTabu
possible_edits = 
	DeclStmtReplacement
	ExprStmtReplacement
	IfReplacement
	ReturnReplacement
	DeclStmtInsertion
	ExprStmtInsertion
	IfInsertion
	ReturnInsertion
	DeclStmtDeletion
	ExprStmtDeletion
	IfDeletion
	ReturnDeletion
warmup = 5
warmup_strategy = last
max_steps = 100
max_time = 60
target_fitness = 
cache_maxsize = 40
cache_keep = 0.2
batch_instances = 
batch_shuffle = True
batch_bin_shuffle = False
batch_sample_size = 1
operator_selector = UniformSelector

[search.ls]
delete_prob = 0
max_neighbours = 20
when_trapped = continue
accept_fail = False
tabu_length = 10

[search.gp]
pop_size = 10
delete_prob = 0.5
offspring_elitism = 0.1
offspring_crossover = 0.5
offspring_mutation = 0.4
uniform_rate = 0.5
batch_reset = True

[search.minify]
do_cleanup = True
do_rebuild = True
do_simplify = True
round_robin_limit = 3


2023-12-15 13:03:57,821	[INFO]	==== WARMUP ====
2023-12-15 13:04:00,691	[DEBUG]	EXEC>  SUCCESS 1533701
2023-12-15 13:04:00,692	[INFO]	WARM    SUCCESS               1533701                 
2023-12-15 13:04:01,758	[DEBUG]	EXEC>  SUCCESS 1205551
2023-12-15 13:04:01,758	[INFO]	WARM    SUCCESS               1205551                 
2023-12-15 13:04:02,773	[DEBUG]	EXEC>  SUCCESS 1205551
2023-12-15 13:04:02,773	[INFO]	WARM    SUCCESS               1205551                 
2023-12-15 13:04:03,728	[DEBUG]	EXEC>  SUCCESS 1205551
2023-12-15 13:04:03,729	[INFO]	WARM    SUCCESS               1205551                 
2023-12-15 13:04:04,725	[DEBUG]	EXEC>  SUCCESS 1205552
2023-12-15 13:04:04,726	[INFO]	WARM    SUCCESS               1205552                 
2023-12-15 13:04:04,726	[INFO]	INITIAL SUCCESS               1205552                 
2023-12-15 13:04:04,727	[INFO]	==== START: FirstImprovementNoTabu ====
2023-12-15 13:04:05,734	[DEBUG]	EXEC>  SUCCESS 1219781
2023-12-15 13:04:05,734	[DEBUG]	IfInsertion(('triangle.cpp.xml', '_inter_block', 14), ('triangle.cpp.xml', 'if', 3))
2023-12-15 13:04:05,735	[INFO]	1       SUCCESS               1219781 (101.18%) [1 edit(s)] 
2023-12-15 13:04:06,757	[DEBUG]	EXEC>  SUCCESS 1205611
2023-12-15 13:04:06,758	[DEBUG]	DeclStmtInsertion(('triangle.cpp.xml', '_inter_block', 22), ('triangle.cpp.xml', 'decl_stmt', 0))
2023-12-15 13:04:06,759	[INFO]	2       SUCCESS               1205611 (100.0%) [1 edit(s)] 
2023-12-15 13:04:06,911	[DEBUG]	DeclStmtReplacement(('triangle.cpp.xml', 'decl_stmt', 1), ('triangle.cpp.xml', 'stmt', 16))
2023-12-15 13:04:06,912	[INFO]	3       COMPILE_CODE_ERROR    None  [1 edit(s)]       
2023-12-15 13:04:07,877	[DEBUG]	EXEC>  SUCCESS 1205581
2023-12-15 13:04:07,878	[DEBUG]	DeclStmtInsertion(('triangle.cpp.xml', '_inter_block', 21), ('triangle.cpp.xml', 'decl_stmt', 0))
2023-12-15 13:04:07,879	[INFO]	4       SUCCESS               1205581 (100.0%) [1 edit(s)] 
2023-12-15 13:04:08,672	[DEBUG]	ReturnDeletion(('triangle.cpp.xml', 'return', 3))
2023-12-15 13:04:08,673	[INFO]	5       TEST_CODE_ERROR       None  [1 edit(s)]       
2023-12-15 13:04:09,644	[DEBUG]	EXEC>  SUCCESS 1205581
2023-12-15 13:04:09,644	[DEBUG]	DeclStmtInsertion(('triangle.cpp.xml', '_inter_block', 19), ('triangle.cpp.xml', 'decl_stmt', 0))
2023-12-15 13:04:09,645	[INFO]	6       SUCCESS               1205581 (100.0%) [1 edit(s)] 
2023-12-15 13:04:10,637	[DEBUG]	EXEC>  SUCCESS 1205610
2023-12-15 13:04:10,638	[DEBUG]	DeclStmtInsertion(('triangle.cpp.xml', '_inter_block', 24), ('triangle.cpp.xml', 'decl_stmt', 0))
2023-12-15 13:04:10,638	[INFO]	7       SUCCESS               1205610 (100.0%) [1 edit(s)] 
2023-12-15 13:04:11,603	[DEBUG]	EXEC>  SUCCESS 1261132
2023-12-15 13:04:11,604	[DEBUG]	DeclStmtInsertion(('triangle.cpp.xml', '_inter_block', 28), ('triangle.cpp.xml', 'decl_stmt', 0))
2023-12-15 13:04:11,604	[INFO]	8       SUCCESS               1261132 (104.61%) [1 edit(s)] 
2023-12-15 13:04:12,398	[DEBUG]	ExprStmtDeletion(('triangle.cpp.xml', 'expr_stmt', 5))
2023-12-15 13:04:12,399	[INFO]	9       TEST_CODE_ERROR       None  [1 edit(s)]       
2023-12-15 13:04:13,321	[DEBUG]	EXEC>  SUCCESS 1205550
2023-12-15 13:04:13,322	[DEBUG]	DeclStmtInsertion(('triangle.cpp.xml', '_inter_block', 17), ('triangle.cpp.xml', 'decl_stmt', 1))
2023-12-15 13:04:13,322	[INFO]	10      SUCCESS              *1205550 (100.0%) [1 edit(s)] 
2023-12-15 13:04:13,324	[DEBUG]	--- before: triangle.cpp
+++ after: triangle.cpp
@@ -15,6 +15,7 @@
     tmp = a;
     a = b;
     b = tmp;
+    double tmp;
   }
 
   if(a > c) {

2023-12-15 13:04:13,465	[DEBUG]	DeclStmtInsertion(('triangle.cpp.xml', '_inter_block', 17), ('triangle.cpp.xml', 'decl_stmt', 1)) | DeclStmtReplacement(('triangle.cpp.xml', 'decl_stmt', 1), ('triangle.cpp.xml', 'stmt', 10))
2023-12-15 13:04:13,465	[INFO]	11      COMPILE_CODE_ERROR    None  [2 edit(s)]       
2023-12-15 13:04:14,219	[DEBUG]	DeclStmtInsertion(('triangle.cpp.xml', '_inter_block', 17), ('triangle.cpp.xml', 'decl_stmt', 1)) | ReturnInsertion(('triangle.cpp.xml', '_inter_block', 21), ('triangle.cpp.xml', 'return', 3))
2023-12-15 13:04:14,219	[INFO]	12      TEST_CODE_ERROR       None  [2 edit(s)]       
2023-12-15 13:04:15,162	[DEBUG]	EXEC>  SUCCESS 1205580
2023-12-15 13:04:15,162	[DEBUG]	DeclStmtInsertion(('triangle.cpp.xml', '_inter_block', 17), ('triangle.cpp.xml', 'decl_stmt', 1)) | DeclStmtInsertion(('triangle.cpp.xml', '_inter_block', 12), ('triangle.cpp.xml', 'decl_stmt', 0))
2023-12-15 13:04:15,163	[INFO]	13      SUCCESS               1205580 (100.0%) [2 edit(s)] 
2023-12-15 13:04:15,991	[DEBUG]	DeclStmtInsertion(('triangle.cpp.xml', '_inter_block', 17), ('triangle.cpp.xml', 'decl_stmt', 1)) | ReturnInsertion(('triangle.cpp.xml', '_inter_block', 28), ('triangle.cpp.xml', 'return', 3))
2023-12-15 13:04:15,992	[INFO]	14      TEST_CODE_ERROR       None  [2 edit(s)]       
2023-12-15 13:04:16,758	[DEBUG]	DeclStmtInsertion(('triangle.cpp.xml', '_inter_block', 17), ('triangle.cpp.xml', 'decl_stmt', 1)) | IfDeletion(('triangle.cpp.xml', 'if', 3))
2023-12-15 13:04:16,758	[INFO]	15      TEST_CODE_ERROR       None  [2 edit(s)]       
2023-12-15 13:04:17,697	[DEBUG]	EXEC>  SUCCESS 1205552
2023-12-15 13:04:17,698	[DEBUG]	DeclStmtInsertion(('triangle.cpp.xml', '_inter_block', 17), ('triangle.cpp.xml', 'decl_stmt', 1)) | DeclStmtInsertion(('triangle.cpp.xml', '_inter_block', 31), ('triangle.cpp.xml', 'decl_stmt', 1))
2023-12-15 13:04:17,698	[INFO]	16      SUCCESS               1205552 (100.0%) [2 edit(s)] 
2023-12-15 13:04:18,485	[DEBUG]	DeclStmtInsertion(('triangle.cpp.xml', '_inter_block', 17), ('triangle.cpp.xml', 'decl_stmt', 1)) | ExprStmtReplacement(('triangle.cpp.xml', 'expr_stmt', 6), ('triangle.cpp.xml', 'stmt', 3))
2023-12-15 13:04:18,485	[INFO]	17      TEST_CODE_ERROR       None  [2 edit(s)]       
2023-12-15 13:04:18,626	[DEBUG]	DeclStmtInsertion(('triangle.cpp.xml', '_inter_block', 17), ('triangle.cpp.xml', 'decl_stmt', 1)) | DeclStmtReplacement(('triangle.cpp.xml', 'decl_stmt', 0), ('triangle.cpp.xml', 'stmt', 13))
2023-12-15 13:04:18,626	[INFO]	18      COMPILE_CODE_ERROR    None  [2 edit(s)]       
2023-12-15 13:04:19,439	[DEBUG]	DeclStmtInsertion(('triangle.cpp.xml', '_inter_block', 17), ('triangle.cpp.xml', 'decl_stmt', 1)) | IfDeletion(('triangle.cpp.xml', 'if', 2))
2023-12-15 13:04:19,439	[INFO]	19      TEST_CODE_ERROR       None  [2 edit(s)]       
2023-12-15 13:04:19,576	[DEBUG]	DeclStmtInsertion(('triangle.cpp.xml', '_inter_block', 17), ('triangle.cpp.xml', 'decl_stmt', 1)) | DeclStmtDeletion(('triangle.cpp.xml', 'decl_stmt', 1))
2023-12-15 13:04:19,576	[INFO]	20      COMPILE_CODE_ERROR    None  [2 edit(s)]       
2023-12-15 13:04:20,376	[DEBUG]	DeclStmtInsertion(('triangle.cpp.xml', '_inter_block', 17), ('triangle.cpp.xml', 'decl_stmt', 1)) | ExprStmtDeletion(('triangle.cpp.xml', 'expr_stmt', 9))
2023-12-15 13:04:20,376	[INFO]	21      TEST_CODE_ERROR       None  [2 edit(s)]       
2023-12-15 13:04:20,520	[DEBUG]	DeclStmtInsertion(('triangle.cpp.xml', '_inter_block', 17), ('triangle.cpp.xml', 'decl_stmt', 1)) | DeclStmtReplacement(('triangle.cpp.xml', 'decl_stmt', 1), ('triangle.cpp.xml', 'stmt', 6))
2023-12-15 13:04:20,521	[INFO]	22      COMPILE_CODE_ERROR    None  [2 edit(s)]       
2023-12-15 13:04:20,660	[DEBUG]	DeclStmtInsertion(('triangle.cpp.xml', '_inter_block', 17), ('triangle.cpp.xml', 'decl_stmt', 1)) | DeclStmtReplacement(('triangle.cpp.xml', 'decl_stmt', 0), ('triangle.cpp.xml', 'stmt', 1))
2023-12-15 13:04:20,661	[INFO]	23      COMPILE_CODE_ERROR    None  [2 edit(s)]       
2023-12-15 13:04:21,643	[DEBUG]	EXEC>  SUCCESS 1205581
2023-12-15 13:04:21,644	[DEBUG]	DeclStmtInsertion(('triangle.cpp.xml', '_inter_block', 17), ('triangle.cpp.xml', 'decl_stmt', 1)) | DeclStmtInsertion(('triangle.cpp.xml', '_inter_block', 18), ('triangle.cpp.xml', 'decl_stmt', 0))
2023-12-15 13:04:21,644	[INFO]	24      SUCCESS               1205581 (100.0%) [2 edit(s)] 
2023-12-15 13:04:22,437	[DEBUG]	DeclStmtInsertion(('triangle.cpp.xml', '_inter_block', 17), ('triangle.cpp.xml', 'decl_stmt', 1)) | ExprStmtDeletion(('triangle.cpp.xml', 'expr_stmt', 9))
2023-12-15 13:04:22,438	[INFO]	25      TEST_CODE_ERROR       None  [2 edit(s)]       
2023-12-15 13:04:23,231	[DEBUG]	DeclStmtInsertion(('triangle.cpp.xml', '_inter_block', 17), ('triangle.cpp.xml', 'decl_stmt', 1)) | IfReplacement(('triangle.cpp.xml', 'if', 4), ('triangle.cpp.xml', 'stmt', 18))
2023-12-15 13:04:23,232	[INFO]	26      TEST_CODE_ERROR       None  [2 edit(s)]       
2023-12-15 13:04:24,034	[DEBUG]	DeclStmtInsertion(('triangle.cpp.xml', '_inter_block', 17), ('triangle.cpp.xml', 'decl_stmt', 1)) | ExprStmtReplacement(('triangle.cpp.xml', 'expr_stmt', 8), ('triangle.cpp.xml', 'stmt', 16))
2023-12-15 13:04:24,035	[INFO]	27      TEST_CODE_ERROR       None  [2 edit(s)]       
2023-12-15 13:04:25,055	[DEBUG]	EXEC>  SUCCESS 1205605
2023-12-15 13:04:25,055	[DEBUG]	DeclStmtInsertion(('triangle.cpp.xml', '_inter_block', 17), ('triangle.cpp.xml', 'decl_stmt', 1)) | DeclStmtInsertion(('triangle.cpp.xml', '_inter_block', 11), ('triangle.cpp.xml', 'decl_stmt', 0))
2023-12-15 13:04:25,056	[INFO]	28      SUCCESS               1205605 (100.0%) [2 edit(s)] 
2023-12-15 13:04:26,027	[DEBUG]	EXEC>  SUCCESS 1205581
2023-12-15 13:04:26,028	[DEBUG]	DeclStmtInsertion(('triangle.cpp.xml', '_inter_block', 17), ('triangle.cpp.xml', 'decl_stmt', 1)) | IfInsertion(('triangle.cpp.xml', '_inter_block', 15), ('triangle.cpp.xml', 'if', 3))
2023-12-15 13:04:26,028	[INFO]	29      SUCCESS               1205581 (100.0%) [2 edit(s)] 
2023-12-15 13:04:26,996	[DEBUG]	EXEC>  SUCCESS 1205551
2023-12-15 13:04:26,997	[DEBUG]	DeclStmtInsertion(('triangle.cpp.xml', '_inter_block', 17), ('triangle.cpp.xml', 'decl_stmt', 1)) | ExprStmtInsertion(('triangle.cpp.xml', '_inter_block', 27), ('triangle.cpp.xml', 'expr_stmt', 4))
2023-12-15 13:04:26,997	[INFO]	30      SUCCESS               1205551 (100.0%) [2 edit(s)] 
2023-12-15 13:04:27,760	[DEBUG]	DeclStmtInsertion(('triangle.cpp.xml', '_inter_block', 17), ('triangle.cpp.xml', 'decl_stmt', 1)) | IfReplacement(('triangle.cpp.xml', 'if', 2), ('triangle.cpp.xml', 'stmt', 9))
2023-12-15 13:04:27,760	[INFO]	31      TEST_CODE_ERROR       None  [2 edit(s)]       
2023-12-15 13:04:28,713	[DEBUG]	EXEC>  SUCCESS 1205574
2023-12-15 13:04:28,713	[DEBUG]	DeclStmtInsertion(('triangle.cpp.xml', '_inter_block', 17), ('triangle.cpp.xml', 'decl_stmt', 1)) | DeclStmtInsertion(('triangle.cpp.xml', '_inter_block', 30), ('triangle.cpp.xml', 'decl_stmt', 0))
2023-12-15 13:04:28,714	[INFO]	32      SUCCESS               1205574 (100.0%) [2 edit(s)] 
2023-12-15 13:04:29,511	[DEBUG]	DeclStmtInsertion(('triangle.cpp.xml', '_inter_block', 17), ('triangle.cpp.xml', 'decl_stmt', 1)) | IfInsertion(('triangle.cpp.xml', '_inter_block', 9), ('triangle.cpp.xml', 'if', 5))
2023-12-15 13:04:29,512	[INFO]	33      TEST_CODE_ERROR       None  [2 edit(s)]       
2023-12-15 13:04:30,485	[DEBUG]	EXEC>  SUCCESS 1205550
2023-12-15 13:04:30,485	[DEBUG]	DeclStmtInsertion(('triangle.cpp.xml', '_inter_block', 17), ('triangle.cpp.xml', 'decl_stmt', 1)) | DeclStmtInsertion(('triangle.cpp.xml', '_inter_block', 30), ('triangle.cpp.xml', 'decl_stmt', 1))
2023-12-15 13:04:30,486	[INFO]	34      SUCCESS              +1205550 (100.0%) [2 edit(s)] 
2023-12-15 13:04:30,488	[DEBUG]	--- before: triangle.cpp
+++ after: triangle.cpp
@@ -15,6 +15,7 @@
     tmp = a;
     a = b;
     b = tmp;
+    double tmp;
   }
 
   if(a > c) {
@@ -39,6 +40,7 @@
     }/*auto*/
   if(a == b || b == c)
     /*auto*/{
+      double tmp;
       return ISOSCELES;
     }/*auto*/
   return SCALENE;

2023-12-15 13:04:31,288	[DEBUG]	DeclStmtInsertion(('triangle.cpp.xml', '_inter_block', 17), ('triangle.cpp.xml', 'decl_stmt', 1)) | DeclStmtInsertion(('triangle.cpp.xml', '_inter_block', 30), ('triangle.cpp.xml', 'decl_stmt', 1)) | ReturnDeletion(('triangle.cpp.xml', 'return', 2))
2023-12-15 13:04:31,288	[INFO]	35      TEST_CODE_ERROR       None  [3 edit(s)]       
2023-12-15 13:04:32,241	[DEBUG]	EXEC>  SUCCESS 1482593
2023-12-15 13:04:32,242	[DEBUG]	DeclStmtInsertion(('triangle.cpp.xml', '_inter_block', 17), ('triangle.cpp.xml', 'decl_stmt', 1)) | DeclStmtInsertion(('triangle.cpp.xml', '_inter_block', 30), ('triangle.cpp.xml', 'decl_stmt', 1)) | DeclStmtInsertion(('triangle.cpp.xml', '_inter_block', 27), ('triangle.cpp.xml', 'decl_stmt', 0))
2023-12-15 13:04:32,242	[INFO]	36      SUCCESS               1482593 (122.98%) [3 edit(s)] 
2023-12-15 13:04:33,215	[DEBUG]	EXEC>  SUCCESS 1205676
2023-12-15 13:04:33,215	[DEBUG]	DeclStmtInsertion(('triangle.cpp.xml', '_inter_block', 17), ('triangle.cpp.xml', 'decl_stmt', 1)) | DeclStmtInsertion(('triangle.cpp.xml', '_inter_block', 30), ('triangle.cpp.xml', 'decl_stmt', 1)) | DeclStmtInsertion(('triangle.cpp.xml', '_inter_block', 6), ('triangle.cpp.xml', 'decl_stmt', 0))
2023-12-15 13:04:33,216	[INFO]	37      SUCCESS               1205676 (100.01%) [3 edit(s)] 
2023-12-15 13:04:34,007	[DEBUG]	DeclStmtInsertion(('triangle.cpp.xml', '_inter_block', 17), ('triangle.cpp.xml', 'decl_stmt', 1)) | DeclStmtInsertion(('triangle.cpp.xml', '_inter_block', 30), ('triangle.cpp.xml', 'decl_stmt', 1)) | ExprStmtReplacement(('triangle.cpp.xml', 'expr_stmt', 10), ('triangle.cpp.xml', 'stmt', 20))
2023-12-15 13:04:34,008	[INFO]	38      TEST_CODE_ERROR       None  [3 edit(s)]       
2023-12-15 13:04:34,788	[DEBUG]	DeclStmtInsertion(('triangle.cpp.xml', '_inter_block', 17), ('triangle.cpp.xml', 'decl_stmt', 1)) | DeclStmtInsertion(('triangle.cpp.xml', '_inter_block', 30), ('triangle.cpp.xml', 'decl_stmt', 1)) | ExprStmtReplacement(('triangle.cpp.xml', 'expr_stmt', 9), ('triangle.cpp.xml', 'stmt', 4))
2023-12-15 13:04:34,789	[INFO]	39      TEST_CODE_ERROR       None  [3 edit(s)]       
2023-12-15 13:04:35,771	[DEBUG]	EXEC>  SUCCESS 1205289
2023-12-15 13:04:35,772	[DEBUG]	DeclStmtInsertion(('triangle.cpp.xml', '_inter_block', 17), ('triangle.cpp.xml', 'decl_stmt', 1)) | DeclStmtInsertion(('triangle.cpp.xml', '_inter_block', 30), ('triangle.cpp.xml', 'decl_stmt', 1)) | IfDeletion(('triangle.cpp.xml', 'if', 1))
2023-12-15 13:04:35,772	[INFO]	40      SUCCESS              *1205289 (99.98%) [3 edit(s)] 
2023-12-15 13:04:35,774	[DEBUG]	--- before: triangle.cpp
+++ after: triangle.cpp
@@ -15,13 +15,10 @@
     tmp = a;
     a = b;
     b = tmp;
+    double tmp;
   }
 
-  if(a > c) {
-    tmp = a;
-    a = c;
-    c = tmp;
-  }
+  
 
   if(b > c) {
     tmp = b;
@@ -39,6 +36,7 @@
     }/*auto*/
   if(a == b || b == c)
     /*auto*/{
+      double tmp;
       return ISOSCELES;
     }/*auto*/
   return SCALENE;

2023-12-15 13:04:36,570	[DEBUG]	DeclStmtInsertion(('triangle.cpp.xml', '_inter_block', 17), ('triangle.cpp.xml', 'decl_stmt', 1)) | DeclStmtInsertion(('triangle.cpp.xml', '_inter_block', 30), ('triangle.cpp.xml', 'decl_stmt', 1)) | IfDeletion(('triangle.cpp.xml', 'if', 1)) | IfDeletion(('triangle.cpp.xml', 'if', 2))
2023-12-15 13:04:36,570	[INFO]	41      TEST_CODE_ERROR       None  [4 edit(s)]       
2023-12-15 13:04:37,369	[DEBUG]	DeclStmtInsertion(('triangle.cpp.xml', '_inter_block', 17), ('triangle.cpp.xml', 'decl_stmt', 1)) | DeclStmtInsertion(('triangle.cpp.xml', '_inter_block', 30), ('triangle.cpp.xml', 'decl_stmt', 1)) | IfDeletion(('triangle.cpp.xml', 'if', 1)) | ReturnInsertion(('triangle.cpp.xml', '_inter_block', 16), ('triangle.cpp.xml', 'return', 0))
2023-12-15 13:04:37,369	[INFO]	42      TEST_CODE_ERROR       None  [4 edit(s)]       
2023-12-15 13:04:37,517	[DEBUG]	DeclStmtInsertion(('triangle.cpp.xml', '_inter_block', 17), ('triangle.cpp.xml', 'decl_stmt', 1)) | DeclStmtInsertion(('triangle.cpp.xml', '_inter_block', 30), ('triangle.cpp.xml', 'decl_stmt', 1)) | IfDeletion(('triangle.cpp.xml', 'if', 1)) | DeclStmtDeletion(('triangle.cpp.xml', 'decl_stmt', 1))
2023-12-15 13:04:37,518	[INFO]	43      COMPILE_CODE_ERROR    None  [4 edit(s)]       
2023-12-15 13:04:38,249	[DEBUG]	DeclStmtInsertion(('triangle.cpp.xml', '_inter_block', 17), ('triangle.cpp.xml', 'decl_stmt', 1)) | DeclStmtInsertion(('triangle.cpp.xml', '_inter_block', 30), ('triangle.cpp.xml', 'decl_stmt', 1)) | IfDeletion(('triangle.cpp.xml', 'if', 1)) | IfReplacement(('triangle.cpp.xml', 'if', 0), ('triangle.cpp.xml', 'stmt', 18))
2023-12-15 13:04:38,250	[INFO]	44      TEST_CODE_ERROR       None  [4 edit(s)]       
2023-12-15 13:04:39,189	[DEBUG]	EXEC>  SUCCESS 1205290
2023-12-15 13:04:39,190	[DEBUG]	DeclStmtInsertion(('triangle.cpp.xml', '_inter_block', 17), ('triangle.cpp.xml', 'decl_stmt', 1)) | DeclStmtInsertion(('triangle.cpp.xml', '_inter_block', 30), ('triangle.cpp.xml', 'decl_stmt', 1)) | IfDeletion(('triangle.cpp.xml', 'if', 1)) | DeclStmtInsertion(('triangle.cpp.xml', '_inter_block', 13), ('triangle.cpp.xml', 'decl_stmt', 0))
2023-12-15 13:04:39,191	[INFO]	45      SUCCESS               1205290 (99.98%) [4 edit(s)] 
2023-12-15 13:04:39,342	[DEBUG]	DeclStmtInsertion(('triangle.cpp.xml', '_inter_block', 17), ('triangle.cpp.xml', 'decl_stmt', 1)) | DeclStmtInsertion(('triangle.cpp.xml', '_inter_block', 30), ('triangle.cpp.xml', 'decl_stmt', 1)) | IfDeletion(('triangle.cpp.xml', 'if', 1)) | DeclStmtInsertion(('triangle.cpp.xml', '_inter_block', 3), ('triangle.cpp.xml', 'decl_stmt', 0))
2023-12-15 13:04:39,342	[INFO]	46      COMPILE_CODE_ERROR    None  [4 edit(s)]       
2023-12-15 13:04:40,101	[DEBUG]	DeclStmtInsertion(('triangle.cpp.xml', '_inter_block', 17), ('triangle.cpp.xml', 'decl_stmt', 1)) | DeclStmtInsertion(('triangle.cpp.xml', '_inter_block', 30), ('triangle.cpp.xml', 'decl_stmt', 1)) | IfDeletion(('triangle.cpp.xml', 'if', 1)) | ExprStmtInsertion(('triangle.cpp.xml', '_inter_block', 15), ('triangle.cpp.xml', 'expr_stmt', 4))
2023-12-15 13:04:40,101	[INFO]	47      TEST_CODE_ERROR       None  [4 edit(s)]       
2023-12-15 13:04:40,247	[DEBUG]	DeclStmtInsertion(('triangle.cpp.xml', '_inter_block', 17), ('triangle.cpp.xml', 'decl_stmt', 1)) | DeclStmtInsertion(('triangle.cpp.xml', '_inter_block', 30), ('triangle.cpp.xml', 'decl_stmt', 1)) | IfDeletion(('triangle.cpp.xml', 'if', 1)) | DeclStmtDeletion(('triangle.cpp.xml', 'decl_stmt', 1))
2023-12-15 13:04:40,247	[INFO]	48      COMPILE_CODE_ERROR    None  [4 edit(s)]       
2023-12-15 13:04:40,378	[DEBUG]	DeclStmtInsertion(('triangle.cpp.xml', '_inter_block', 17), ('triangle.cpp.xml', 'decl_stmt', 1)) | DeclStmtInsertion(('triangle.cpp.xml', '_inter_block', 30), ('triangle.cpp.xml', 'decl_stmt', 1)) | IfDeletion(('triangle.cpp.xml', 'if', 1)) | IfReplacement(('triangle.cpp.xml', 'if', 0), ('triangle.cpp.xml', 'stmt', 2))
2023-12-15 13:04:40,378	[INFO]	49      COMPILE_CODE_ERROR    None  [4 edit(s)]       
2023-12-15 13:04:41,131	[DEBUG]	DeclStmtInsertion(('triangle.cpp.xml', '_inter_block', 17), ('triangle.cpp.xml', 'decl_stmt', 1)) | DeclStmtInsertion(('triangle.cpp.xml', '_inter_block', 30), ('triangle.cpp.xml', 'decl_stmt', 1)) | IfDeletion(('triangle.cpp.xml', 'if', 1)) | IfDeletion(('triangle.cpp.xml', 'if', 3))
2023-12-15 13:04:41,131	[INFO]	50      TEST_CODE_ERROR       None  [4 edit(s)]       
2023-12-15 13:04:41,935	[DEBUG]	DeclStmtInsertion(('triangle.cpp.xml', '_inter_block', 17), ('triangle.cpp.xml', 'decl_stmt', 1)) | DeclStmtInsertion(('triangle.cpp.xml', '_inter_block', 30), ('triangle.cpp.xml', 'decl_stmt', 1)) | IfDeletion(('triangle.cpp.xml', 'if', 1)) | ReturnDeletion(('triangle.cpp.xml', 'return', 0))
2023-12-15 13:04:41,936	[INFO]	51      TEST_CODE_ERROR       None  [4 edit(s)]       
2023-12-15 13:04:42,765	[DEBUG]	DeclStmtInsertion(('triangle.cpp.xml', '_inter_block', 17), ('triangle.cpp.xml', 'decl_stmt', 1)) | DeclStmtInsertion(('triangle.cpp.xml', '_inter_block', 30), ('triangle.cpp.xml', 'decl_stmt', 1)) | IfDeletion(('triangle.cpp.xml', 'if', 1)) | ExprStmtReplacement(('triangle.cpp.xml', 'expr_stmt', 9), ('triangle.cpp.xml', 'stmt', 5))
2023-12-15 13:04:42,766	[INFO]	52      TEST_CODE_ERROR       None  [4 edit(s)]       
2023-12-15 13:04:43,630	[DEBUG]	EXEC>  SUCCESS 1203385
2023-12-15 13:04:43,631	[DEBUG]	DeclStmtInsertion(('triangle.cpp.xml', '_inter_block', 17), ('triangle.cpp.xml', 'decl_stmt', 1)) | DeclStmtInsertion(('triangle.cpp.xml', '_inter_block', 30), ('triangle.cpp.xml', 'decl_stmt', 1)) | IfDeletion(('triangle.cpp.xml', 'if', 1)) | ExprStmtDeletion(('triangle.cpp.xml', 'expr_stmt', 0))
2023-12-15 13:04:43,631	[INFO]	53      SUCCESS              *1203385 (99.82%) [4 edit(s)] 
2023-12-15 13:04:43,633	[DEBUG]	--- before: triangle.cpp
+++ after: triangle.cpp
@@ -2,7 +2,7 @@
 
 void delay() {
   const struct timespec ms = {0, (long int) (0.001*1e9)}; //tv_sec=0, tv_nsec (0.001 seconds)
-  nanosleep(&ms,NULL); /*ignores possible errors*/
+   /*ignores possible errors*/
 }
 
 int classify_triangle(double a, double b, double c) {
@@ -15,13 +15,10 @@
     tmp = a;
     a = b;
     b = tmp;
+    double tmp;
   }
 
-  if(a > c) {
-    tmp = a;
-    a = c;
-    c = tmp;
-  }
+  
 
   if(b > c) {
     tmp = b;
@@ -39,6 +36,7 @@
     }/*auto*/
   if(a == b || b == c)
     /*auto*/{
+      double tmp;
       return ISOSCELES;
     }/*auto*/
   return SCALENE;

2023-12-15 13:04:43,635	[DEBUG]	DeclStmtInsertion(('triangle.cpp.xml', '_inter_block', 17), ('triangle.cpp.xml', 'decl_stmt', 1)) | DeclStmtInsertion(('triangle.cpp.xml', '_inter_block', 30), ('triangle.cpp.xml', 'decl_stmt', 1)) | IfDeletion(('triangle.cpp.xml', 'if', 1)) | ExprStmtDeletion(('triangle.cpp.xml', 'expr_stmt', 0)) | ExprStmtDeletion(('triangle.cpp.xml', 'expr_stmt', 7))
2023-12-15 13:04:43,635	[INFO]	54      SUCCESS              +1203385 (99.82%) [5 edit(s)] 
2023-12-15 13:04:43,636	[DEBUG]	--- before: triangle.cpp
+++ after: triangle.cpp
@@ -2,7 +2,7 @@
 
 void delay() {
   const struct timespec ms = {0, (long int) (0.001*1e9)}; //tv_sec=0, tv_nsec (0.001 seconds)
-  nanosleep(&ms,NULL); /*ignores possible errors*/
+   /*ignores possible errors*/
 }
 
 int classify_triangle(double a, double b, double c) {
@@ -15,13 +15,10 @@
     tmp = a;
     a = b;
     b = tmp;
+    double tmp;
   }
 
-  if(a > c) {
-    tmp = a;
-    a = c;
-    c = tmp;
-  }
+  
 
   if(b > c) {
     tmp = b;
@@ -39,6 +36,7 @@
     }/*auto*/
   if(a == b || b == c)
     /*auto*/{
+      double tmp;
       return ISOSCELES;
     }/*auto*/
   return SCALENE;

2023-12-15 13:04:44,384	[DEBUG]	DeclStmtInsertion(('triangle.cpp.xml', '_inter_block', 17), ('triangle.cpp.xml', 'decl_stmt', 1)) | DeclStmtInsertion(('triangle.cpp.xml', '_inter_block', 30), ('triangle.cpp.xml', 'decl_stmt', 1)) | IfDeletion(('triangle.cpp.xml', 'if', 1)) | ExprStmtDeletion(('triangle.cpp.xml', 'expr_stmt', 0)) | ExprStmtDeletion(('triangle.cpp.xml', 'expr_stmt', 7)) | ReturnReplacement(('triangle.cpp.xml', 'return', 1), ('triangle.cpp.xml', 'stmt', 13))
2023-12-15 13:04:44,385	[INFO]	55      TEST_CODE_ERROR       None  [6 edit(s)]       
2023-12-15 13:04:45,138	[DEBUG]	DeclStmtInsertion(('triangle.cpp.xml', '_inter_block', 17), ('triangle.cpp.xml', 'decl_stmt', 1)) | DeclStmtInsertion(('triangle.cpp.xml', '_inter_block', 30), ('triangle.cpp.xml', 'decl_stmt', 1)) | IfDeletion(('triangle.cpp.xml', 'if', 1)) | ExprStmtDeletion(('triangle.cpp.xml', 'expr_stmt', 0)) | ExprStmtDeletion(('triangle.cpp.xml', 'expr_stmt', 7)) | IfDeletion(('triangle.cpp.xml', 'if', 4))
2023-12-15 13:04:45,139	[INFO]	56      TEST_CODE_ERROR       None  [6 edit(s)]       
2023-12-15 13:04:46,027	[DEBUG]	EXEC>  SUCCESS 1203431
2023-12-15 13:04:46,027	[DEBUG]	DeclStmtInsertion(('triangle.cpp.xml', '_inter_block', 17), ('triangle.cpp.xml', 'decl_stmt', 1)) | DeclStmtInsertion(('triangle.cpp.xml', '_inter_block', 30), ('triangle.cpp.xml', 'decl_stmt', 1)) | IfDeletion(('triangle.cpp.xml', 'if', 1)) | ExprStmtDeletion(('triangle.cpp.xml', 'expr_stmt', 0)) | ExprStmtDeletion(('triangle.cpp.xml', 'expr_stmt', 7)) | ExprStmtInsertion(('triangle.cpp.xml', '_inter_block', 16), ('triangle.cpp.xml', 'expr_stmt', 3))
2023-12-15 13:04:46,027	[INFO]	57      SUCCESS               1203431 (99.82%) [6 edit(s)] 
2023-12-15 13:04:46,791	[DEBUG]	DeclStmtInsertion(('triangle.cpp.xml', '_inter_block', 17), ('triangle.cpp.xml', 'decl_stmt', 1)) | DeclStmtInsertion(('triangle.cpp.xml', '_inter_block', 30), ('triangle.cpp.xml', 'decl_stmt', 1)) | IfDeletion(('triangle.cpp.xml', 'if', 1)) | ExprStmtDeletion(('triangle.cpp.xml', 'expr_stmt', 0)) | ExprStmtDeletion(('triangle.cpp.xml', 'expr_stmt', 7)) | ReturnReplacement(('triangle.cpp.xml', 'return', 2), ('triangle.cpp.xml', 'stmt', 14))
2023-12-15 13:04:46,791	[INFO]	58      TEST_CODE_ERROR       None  [6 edit(s)]       
2023-12-15 13:04:47,518	[DEBUG]	DeclStmtInsertion(('triangle.cpp.xml', '_inter_block', 17), ('triangle.cpp.xml', 'decl_stmt', 1)) | DeclStmtInsertion(('triangle.cpp.xml', '_inter_block', 30), ('triangle.cpp.xml', 'decl_stmt', 1)) | IfDeletion(('triangle.cpp.xml', 'if', 1)) | ExprStmtDeletion(('triangle.cpp.xml', 'expr_stmt', 0)) | ExprStmtDeletion(('triangle.cpp.xml', 'expr_stmt', 7)) | ReturnDeletion(('triangle.cpp.xml', 'return', 3))
2023-12-15 13:04:47,519	[INFO]	59      TEST_CODE_ERROR       None  [6 edit(s)]       
2023-12-15 13:04:48,269	[DEBUG]	DeclStmtInsertion(('triangle.cpp.xml', '_inter_block', 17), ('triangle.cpp.xml', 'decl_stmt', 1)) | DeclStmtInsertion(('triangle.cpp.xml', '_inter_block', 30), ('triangle.cpp.xml', 'decl_stmt', 1)) | IfDeletion(('triangle.cpp.xml', 'if', 1)) | ExprStmtDeletion(('triangle.cpp.xml', 'expr_stmt', 0)) | ExprStmtDeletion(('triangle.cpp.xml', 'expr_stmt', 7)) | ReturnDeletion(('triangle.cpp.xml', 'return', 3))
2023-12-15 13:04:48,269	[INFO]	60      TEST_CODE_ERROR       None  [6 edit(s)]       
2023-12-15 13:04:48,992	[DEBUG]	DeclStmtInsertion(('triangle.cpp.xml', '_inter_block', 17), ('triangle.cpp.xml', 'decl_stmt', 1)) | DeclStmtInsertion(('triangle.cpp.xml', '_inter_block', 30), ('triangle.cpp.xml', 'decl_stmt', 1)) | IfDeletion(('triangle.cpp.xml', 'if', 1)) | ExprStmtDeletion(('triangle.cpp.xml', 'expr_stmt', 0)) | ExprStmtDeletion(('triangle.cpp.xml', 'expr_stmt', 7)) | ReturnInsertion(('triangle.cpp.xml', '_inter_block', 28), ('triangle.cpp.xml', 'return', 0))
2023-12-15 13:04:48,993	[INFO]	61      TEST_CODE_ERROR       None  [6 edit(s)]       
2023-12-15 13:04:48,996	[DEBUG]	DeclStmtInsertion(('triangle.cpp.xml', '_inter_block', 17), ('triangle.cpp.xml', 'decl_stmt', 1)) | DeclStmtInsertion(('triangle.cpp.xml', '_inter_block', 30), ('triangle.cpp.xml', 'decl_stmt', 1)) | IfDeletion(('triangle.cpp.xml', 'if', 1)) | ExprStmtDeletion(('triangle.cpp.xml', 'expr_stmt', 0)) | ExprStmtDeletion(('triangle.cpp.xml', 'expr_stmt', 7)) | DeclStmtInsertion(('triangle.cpp.xml', '_inter_block', 18), ('triangle.cpp.xml', 'decl_stmt', 0))
2023-12-15 13:04:48,996	[INFO]	62      SUCCESS              +1203385 (99.82%) [6 edit(s)] 
2023-12-15 13:04:48,998	[DEBUG]	--- before: triangle.cpp
+++ after: triangle.cpp
@@ -2,7 +2,7 @@
 
 void delay() {
   const struct timespec ms = {0, (long int) (0.001*1e9)}; //tv_sec=0, tv_nsec (0.001 seconds)
-  nanosleep(&ms,NULL); /*ignores possible errors*/
+   /*ignores possible errors*/
 }
 
 int classify_triangle(double a, double b, double c) {
@@ -15,13 +15,10 @@
     tmp = a;
     a = b;
     b = tmp;
+    double tmp;
   }
 
-  if(a > c) {
-    tmp = a;
-    a = c;
-    c = tmp;
-  }
+  
 
   if(b > c) {
     tmp = b;
@@ -39,6 +36,7 @@
     }/*auto*/
   if(a == b || b == c)
     /*auto*/{
+      double tmp;
       return ISOSCELES;
     }/*auto*/
   return SCALENE;

2023-12-15 13:04:49,149	[DEBUG]	DeclStmtInsertion(('triangle.cpp.xml', '_inter_block', 17), ('triangle.cpp.xml', 'decl_stmt', 1)) | DeclStmtInsertion(('triangle.cpp.xml', '_inter_block', 30), ('triangle.cpp.xml', 'decl_stmt', 1)) | IfDeletion(('triangle.cpp.xml', 'if', 1)) | ExprStmtDeletion(('triangle.cpp.xml', 'expr_stmt', 0)) | ExprStmtDeletion(('triangle.cpp.xml', 'expr_stmt', 7)) | DeclStmtInsertion(('triangle.cpp.xml', '_inter_block', 18), ('triangle.cpp.xml', 'decl_stmt', 0)) | DeclStmtDeletion(('triangle.cpp.xml', 'decl_stmt', 1))
2023-12-15 13:04:49,149	[INFO]	63      COMPILE_CODE_ERROR    None  [7 edit(s)]       
2023-12-15 13:04:49,297	[DEBUG]	DeclStmtInsertion(('triangle.cpp.xml', '_inter_block', 17), ('triangle.cpp.xml', 'decl_stmt', 1)) | DeclStmtInsertion(('triangle.cpp.xml', '_inter_block', 30), ('triangle.cpp.xml', 'decl_stmt', 1)) | IfDeletion(('triangle.cpp.xml', 'if', 1)) | ExprStmtDeletion(('triangle.cpp.xml', 'expr_stmt', 0)) | ExprStmtDeletion(('triangle.cpp.xml', 'expr_stmt', 7)) | DeclStmtInsertion(('triangle.cpp.xml', '_inter_block', 18), ('triangle.cpp.xml', 'decl_stmt', 0)) | DeclStmtInsertion(('triangle.cpp.xml', '_inter_block', 7), ('triangle.cpp.xml', 'decl_stmt', 1))
2023-12-15 13:04:49,297	[INFO]	64      COMPILE_CODE_ERROR    None  [7 edit(s)]       
2023-12-15 13:04:50,060	[DEBUG]	DeclStmtInsertion(('triangle.cpp.xml', '_inter_block', 17), ('triangle.cpp.xml', 'decl_stmt', 1)) | DeclStmtInsertion(('triangle.cpp.xml', '_inter_block', 30), ('triangle.cpp.xml', 'decl_stmt', 1)) | IfDeletion(('triangle.cpp.xml', 'if', 1)) | ExprStmtDeletion(('triangle.cpp.xml', 'expr_stmt', 0)) | ExprStmtDeletion(('triangle.cpp.xml', 'expr_stmt', 7)) | DeclStmtInsertion(('triangle.cpp.xml', '_inter_block', 18), ('triangle.cpp.xml', 'decl_stmt', 0)) | ReturnInsertion(('triangle.cpp.xml', '_inter_block', 26), ('triangle.cpp.xml', 'return', 1))
2023-12-15 13:04:50,061	[INFO]	65      TEST_CODE_ERROR       None  [7 edit(s)]       
2023-12-15 13:04:50,816	[DEBUG]	DeclStmtInsertion(('triangle.cpp.xml', '_inter_block', 17), ('triangle.cpp.xml', 'decl_stmt', 1)) | DeclStmtInsertion(('triangle.cpp.xml', '_inter_block', 30), ('triangle.cpp.xml', 'decl_stmt', 1)) | IfDeletion(('triangle.cpp.xml', 'if', 1)) | ExprStmtDeletion(('triangle.cpp.xml', 'expr_stmt', 0)) | ExprStmtDeletion(('triangle.cpp.xml', 'expr_stmt', 7)) | DeclStmtInsertion(('triangle.cpp.xml', '_inter_block', 18), ('triangle.cpp.xml', 'decl_stmt', 0)) | ReturnReplacement(('triangle.cpp.xml', 'return', 1), ('triangle.cpp.xml', 'stmt', 22))
2023-12-15 13:04:50,817	[INFO]	66      TEST_CODE_ERROR       None  [7 edit(s)]       
2023-12-15 13:04:50,819	[DEBUG]	DeclStmtInsertion(('triangle.cpp.xml', '_inter_block', 17), ('triangle.cpp.xml', 'decl_stmt', 1)) | DeclStmtInsertion(('triangle.cpp.xml', '_inter_block', 30), ('triangle.cpp.xml', 'decl_stmt', 1)) | IfDeletion(('triangle.cpp.xml', 'if', 1)) | ExprStmtDeletion(('triangle.cpp.xml', 'expr_stmt', 0)) | ExprStmtDeletion(('triangle.cpp.xml', 'expr_stmt', 7)) | DeclStmtInsertion(('triangle.cpp.xml', '_inter_block', 18), ('triangle.cpp.xml', 'decl_stmt', 0)) | ExprStmtDeletion(('triangle.cpp.xml', 'expr_stmt', 6))
2023-12-15 13:04:50,819	[INFO]	67      SUCCESS              +1203385 (99.82%) [7 edit(s)] 
2023-12-15 13:04:50,821	[DEBUG]	--- before: triangle.cpp
+++ after: triangle.cpp
@@ -2,7 +2,7 @@
 
 void delay() {
   const struct timespec ms = {0, (long int) (0.001*1e9)}; //tv_sec=0, tv_nsec (0.001 seconds)
-  nanosleep(&ms,NULL); /*ignores possible errors*/
+   /*ignores possible errors*/
 }
 
 int classify_triangle(double a, double b, double c) {
@@ -15,13 +15,10 @@
     tmp = a;
     a = b;
     b = tmp;
+    double tmp;
   }
 
-  if(a > c) {
-    tmp = a;
-    a = c;
-    c = tmp;
-  }
+  
 
   if(b > c) {
     tmp = b;
@@ -39,6 +36,7 @@
     }/*auto*/
   if(a == b || b == c)
     /*auto*/{
+      double tmp;
       return ISOSCELES;
     }/*auto*/
   return SCALENE;

2023-12-15 13:04:51,606	[DEBUG]	DeclStmtInsertion(('triangle.cpp.xml', '_inter_block', 17), ('triangle.cpp.xml', 'decl_stmt', 1)) | DeclStmtInsertion(('triangle.cpp.xml', '_inter_block', 30), ('triangle.cpp.xml', 'decl_stmt', 1)) | IfDeletion(('triangle.cpp.xml', 'if', 1)) | ExprStmtDeletion(('triangle.cpp.xml', 'expr_stmt', 0)) | ExprStmtDeletion(('triangle.cpp.xml', 'expr_stmt', 7)) | DeclStmtInsertion(('triangle.cpp.xml', '_inter_block', 18), ('triangle.cpp.xml', 'decl_stmt', 0)) | ExprStmtDeletion(('triangle.cpp.xml', 'expr_stmt', 6)) | IfInsertion(('triangle.cpp.xml', '_inter_block', 24), ('triangle.cpp.xml', 'if', 4))
2023-12-15 13:04:51,606	[INFO]	68      TEST_CODE_ERROR       None  [8 edit(s)]       
2023-12-15 13:04:51,752	[DEBUG]	DeclStmtInsertion(('triangle.cpp.xml', '_inter_block', 17), ('triangle.cpp.xml', 'decl_stmt', 1)) | DeclStmtInsertion(('triangle.cpp.xml', '_inter_block', 30), ('triangle.cpp.xml', 'decl_stmt', 1)) | IfDeletion(('triangle.cpp.xml', 'if', 1)) | ExprStmtDeletion(('triangle.cpp.xml', 'expr_stmt', 0)) | ExprStmtDeletion(('triangle.cpp.xml', 'expr_stmt', 7)) | DeclStmtInsertion(('triangle.cpp.xml', '_inter_block', 18), ('triangle.cpp.xml', 'decl_stmt', 0)) | ExprStmtDeletion(('triangle.cpp.xml', 'expr_stmt', 6)) | DeclStmtInsertion(('triangle.cpp.xml', '_inter_block', 3), ('triangle.cpp.xml', 'decl_stmt', 0))
2023-12-15 13:04:51,753	[INFO]	69      COMPILE_CODE_ERROR    None  [8 edit(s)]       
2023-12-15 13:04:51,885	[DEBUG]	DeclStmtInsertion(('triangle.cpp.xml', '_inter_block', 17), ('triangle.cpp.xml', 'decl_stmt', 1)) | DeclStmtInsertion(('triangle.cpp.xml', '_inter_block', 30), ('triangle.cpp.xml', 'decl_stmt', 1)) | IfDeletion(('triangle.cpp.xml', 'if', 1)) | ExprStmtDeletion(('triangle.cpp.xml', 'expr_stmt', 0)) | ExprStmtDeletion(('triangle.cpp.xml', 'expr_stmt', 7)) | DeclStmtInsertion(('triangle.cpp.xml', '_inter_block', 18), ('triangle.cpp.xml', 'decl_stmt', 0)) | ExprStmtDeletion(('triangle.cpp.xml', 'expr_stmt', 6)) | DeclStmtReplacement(('triangle.cpp.xml', 'decl_stmt', 0), ('triangle.cpp.xml', 'stmt', 22))
2023-12-15 13:04:51,886	[INFO]	70      COMPILE_CODE_ERROR    None  [8 edit(s)]       
2023-12-15 13:04:52,018	[DEBUG]	DeclStmtInsertion(('triangle.cpp.xml', '_inter_block', 17), ('triangle.cpp.xml', 'decl_stmt', 1)) | DeclStmtInsertion(('triangle.cpp.xml', '_inter_block', 30), ('triangle.cpp.xml', 'decl_stmt', 1)) | IfDeletion(('triangle.cpp.xml', 'if', 1)) | ExprStmtDeletion(('triangle.cpp.xml', 'expr_stmt', 0)) | ExprStmtDeletion(('triangle.cpp.xml', 'expr_stmt', 7)) | DeclStmtInsertion(('triangle.cpp.xml', '_inter_block', 18), ('triangle.cpp.xml', 'decl_stmt', 0)) | ExprStmtDeletion(('triangle.cpp.xml', 'expr_stmt', 6)) | DeclStmtReplacement(('triangle.cpp.xml', 'decl_stmt', 0), ('triangle.cpp.xml', 'stmt', 17))
2023-12-15 13:04:52,018	[INFO]	71      COMPILE_CODE_ERROR    None  [8 edit(s)]       
2023-12-15 13:04:52,778	[DEBUG]	DeclStmtInsertion(('triangle.cpp.xml', '_inter_block', 17), ('triangle.cpp.xml', 'decl_stmt', 1)) | DeclStmtInsertion(('triangle.cpp.xml', '_inter_block', 30), ('triangle.cpp.xml', 'decl_stmt', 1)) | IfDeletion(('triangle.cpp.xml', 'if', 1)) | ExprStmtDeletion(('triangle.cpp.xml', 'expr_stmt', 0)) | ExprStmtDeletion(('triangle.cpp.xml', 'expr_stmt', 7)) | DeclStmtInsertion(('triangle.cpp.xml', '_inter_block', 18), ('triangle.cpp.xml', 'decl_stmt', 0)) | ExprStmtDeletion(('triangle.cpp.xml', 'expr_stmt', 6)) | ReturnInsertion(('triangle.cpp.xml', '_inter_block', 17), ('triangle.cpp.xml', 'return', 3))
2023-12-15 13:04:52,779	[INFO]	72      TEST_CODE_ERROR       None  [8 edit(s)]       
2023-12-15 13:04:53,508	[DEBUG]	DeclStmtInsertion(('triangle.cpp.xml', '_inter_block', 17), ('triangle.cpp.xml', 'decl_stmt', 1)) | DeclStmtInsertion(('triangle.cpp.xml', '_inter_block', 30), ('triangle.cpp.xml', 'decl_stmt', 1)) | IfDeletion(('triangle.cpp.xml', 'if', 1)) | ExprStmtDeletion(('triangle.cpp.xml', 'expr_stmt', 0)) | ExprStmtDeletion(('triangle.cpp.xml', 'expr_stmt', 7)) | DeclStmtInsertion(('triangle.cpp.xml', '_inter_block', 18), ('triangle.cpp.xml', 'decl_stmt', 0)) | ExprStmtDeletion(('triangle.cpp.xml', 'expr_stmt', 6)) | ReturnReplacement(('triangle.cpp.xml', 'return', 0), ('triangle.cpp.xml', 'stmt', 10))
2023-12-15 13:04:53,508	[INFO]	73      TEST_CODE_ERROR       None  [8 edit(s)]       
2023-12-15 13:04:54,306	[DEBUG]	DeclStmtInsertion(('triangle.cpp.xml', '_inter_block', 17), ('triangle.cpp.xml', 'decl_stmt', 1)) | DeclStmtInsertion(('triangle.cpp.xml', '_inter_block', 30), ('triangle.cpp.xml', 'decl_stmt', 1)) | IfDeletion(('triangle.cpp.xml', 'if', 1)) | ExprStmtDeletion(('triangle.cpp.xml', 'expr_stmt', 0)) | ExprStmtDeletion(('triangle.cpp.xml', 'expr_stmt', 7)) | DeclStmtInsertion(('triangle.cpp.xml', '_inter_block', 18), ('triangle.cpp.xml', 'decl_stmt', 0)) | ExprStmtDeletion(('triangle.cpp.xml', 'expr_stmt', 6)) | ReturnDeletion(('triangle.cpp.xml', 'return', 1))
2023-12-15 13:04:54,306	[INFO]	74      TEST_CODE_ERROR       None  [8 edit(s)]       
2023-12-15 13:04:55,058	[DEBUG]	DeclStmtInsertion(('triangle.cpp.xml', '_inter_block', 17), ('triangle.cpp.xml', 'decl_stmt', 1)) | DeclStmtInsertion(('triangle.cpp.xml', '_inter_block', 30), ('triangle.cpp.xml', 'decl_stmt', 1)) | IfDeletion(('triangle.cpp.xml', 'if', 1)) | ExprStmtDeletion(('triangle.cpp.xml', 'expr_stmt', 0)) | ExprStmtDeletion(('triangle.cpp.xml', 'expr_stmt', 7)) | DeclStmtInsertion(('triangle.cpp.xml', '_inter_block', 18), ('triangle.cpp.xml', 'decl_stmt', 0)) | ExprStmtDeletion(('triangle.cpp.xml', 'expr_stmt', 6)) | ReturnInsertion(('triangle.cpp.xml', '_inter_block', 7), ('triangle.cpp.xml', 'return', 3))
2023-12-15 13:04:55,059	[INFO]	75      TEST_CODE_ERROR       None  [8 edit(s)]       
2023-12-15 13:04:55,845	[DEBUG]	DeclStmtInsertion(('triangle.cpp.xml', '_inter_block', 17), ('triangle.cpp.xml', 'decl_stmt', 1)) | DeclStmtInsertion(('triangle.cpp.xml', '_inter_block', 30), ('triangle.cpp.xml', 'decl_stmt', 1)) | IfDeletion(('triangle.cpp.xml', 'if', 1)) | ExprStmtDeletion(('triangle.cpp.xml', 'expr_stmt', 0)) | ExprStmtDeletion(('triangle.cpp.xml', 'expr_stmt', 7)) | DeclStmtInsertion(('triangle.cpp.xml', '_inter_block', 18), ('triangle.cpp.xml', 'decl_stmt', 0)) | ExprStmtDeletion(('triangle.cpp.xml', 'expr_stmt', 6)) | ReturnInsertion(('triangle.cpp.xml', '_inter_block', 30), ('triangle.cpp.xml', 'return', 1))
2023-12-15 13:04:55,846	[INFO]	76      TEST_CODE_ERROR       None  [8 edit(s)]       
2023-12-15 13:04:55,849	[DEBUG]	DeclStmtInsertion(('triangle.cpp.xml', '_inter_block', 17), ('triangle.cpp.xml', 'decl_stmt', 1)) | DeclStmtInsertion(('triangle.cpp.xml', '_inter_block', 30), ('triangle.cpp.xml', 'decl_stmt', 1)) | IfDeletion(('triangle.cpp.xml', 'if', 1)) | ExprStmtDeletion(('triangle.cpp.xml', 'expr_stmt', 0)) | ExprStmtDeletion(('triangle.cpp.xml', 'expr_stmt', 7)) | DeclStmtInsertion(('triangle.cpp.xml', '_inter_block', 18), ('triangle.cpp.xml', 'decl_stmt', 0)) | ExprStmtDeletion(('triangle.cpp.xml', 'expr_stmt', 6)) | ReturnInsertion(('triangle.cpp.xml', '_inter_block', 20), ('triangle.cpp.xml', 'return', 1))
2023-12-15 13:04:55,849	[INFO]	77      SUCCESS              +1203385 (99.82%) [8 edit(s)] 
2023-12-15 13:04:55,851	[DEBUG]	--- before: triangle.cpp
+++ after: triangle.cpp
@@ -2,7 +2,7 @@
 
 void delay() {
   const struct timespec ms = {0, (long int) (0.001*1e9)}; //tv_sec=0, tv_nsec (0.001 seconds)
-  nanosleep(&ms,NULL); /*ignores possible errors*/
+   /*ignores possible errors*/
 }
 
 int classify_triangle(double a, double b, double c) {
@@ -15,13 +15,10 @@
     tmp = a;
     a = b;
     b = tmp;
+    double tmp;
   }
 
-  if(a > c) {
-    tmp = a;
-    a = c;
-    c = tmp;
-  }
+  
 
   if(b > c) {
     tmp = b;
@@ -39,6 +36,7 @@
     }/*auto*/
   if(a == b || b == c)
     /*auto*/{
+      double tmp;
       return ISOSCELES;
     }/*auto*/
   return SCALENE;

2023-12-15 13:04:56,024	[DEBUG]	DeclStmtInsertion(('triangle.cpp.xml', '_inter_block', 17), ('triangle.cpp.xml', 'decl_stmt', 1)) | DeclStmtInsertion(('triangle.cpp.xml', '_inter_block', 30), ('triangle.cpp.xml', 'decl_stmt', 1)) | IfDeletion(('triangle.cpp.xml', 'if', 1)) | ExprStmtDeletion(('triangle.cpp.xml', 'expr_stmt', 0)) | ExprStmtDeletion(('triangle.cpp.xml', 'expr_stmt', 7)) | DeclStmtInsertion(('triangle.cpp.xml', '_inter_block', 18), ('triangle.cpp.xml', 'decl_stmt', 0)) | ExprStmtDeletion(('triangle.cpp.xml', 'expr_stmt', 6)) | ReturnInsertion(('triangle.cpp.xml', '_inter_block', 20), ('triangle.cpp.xml', 'return', 1)) | DeclStmtReplacement(('triangle.cpp.xml', 'decl_stmt', 1), ('triangle.cpp.xml', 'stmt', 8))
2023-12-15 13:04:56,025	[INFO]	78      COMPILE_CODE_ERROR    None  [9 edit(s)]       
2023-12-15 13:04:56,177	[DEBUG]	DeclStmtInsertion(('triangle.cpp.xml', '_inter_block', 17), ('triangle.cpp.xml', 'decl_stmt', 1)) | DeclStmtInsertion(('triangle.cpp.xml', '_inter_block', 30), ('triangle.cpp.xml', 'decl_stmt', 1)) | IfDeletion(('triangle.cpp.xml', 'if', 1)) | ExprStmtDeletion(('triangle.cpp.xml', 'expr_stmt', 0)) | ExprStmtDeletion(('triangle.cpp.xml', 'expr_stmt', 7)) | DeclStmtInsertion(('triangle.cpp.xml', '_inter_block', 18), ('triangle.cpp.xml', 'decl_stmt', 0)) | ExprStmtDeletion(('triangle.cpp.xml', 'expr_stmt', 6)) | ReturnInsertion(('triangle.cpp.xml', '_inter_block', 20), ('triangle.cpp.xml', 'return', 1)) | DeclStmtDeletion(('triangle.cpp.xml', 'decl_stmt', 1))
2023-12-15 13:04:56,178	[INFO]	79      COMPILE_CODE_ERROR    None  [9 edit(s)]       
2023-12-15 13:04:56,897	[DEBUG]	DeclStmtInsertion(('triangle.cpp.xml', '_inter_block', 17), ('triangle.cpp.xml', 'decl_stmt', 1)) | DeclStmtInsertion(('triangle.cpp.xml', '_inter_block', 30), ('triangle.cpp.xml', 'decl_stmt', 1)) | IfDeletion(('triangle.cpp.xml', 'if', 1)) | ExprStmtDeletion(('triangle.cpp.xml', 'expr_stmt', 0)) | ExprStmtDeletion(('triangle.cpp.xml', 'expr_stmt', 7)) | DeclStmtInsertion(('triangle.cpp.xml', '_inter_block', 18), ('triangle.cpp.xml', 'decl_stmt', 0)) | ExprStmtDeletion(('triangle.cpp.xml', 'expr_stmt', 6)) | ReturnInsertion(('triangle.cpp.xml', '_inter_block', 20), ('triangle.cpp.xml', 'return', 1)) | ExprStmtDeletion(('triangle.cpp.xml', 'expr_stmt', 8))
2023-12-15 13:04:56,898	[INFO]	80      TEST_CODE_ERROR       None  [9 edit(s)]       
2023-12-15 13:04:57,777	[DEBUG]	EXEC>  SUCCESS 1203511
2023-12-15 13:04:57,778	[DEBUG]	DeclStmtInsertion(('triangle.cpp.xml', '_inter_block', 17), ('triangle.cpp.xml', 'decl_stmt', 1)) | DeclStmtInsertion(('triangle.cpp.xml', '_inter_block', 30), ('triangle.cpp.xml', 'decl_stmt', 1)) | IfDeletion(('triangle.cpp.xml', 'if', 1)) | ExprStmtDeletion(('triangle.cpp.xml', 'expr_stmt', 0)) | ExprStmtDeletion(('triangle.cpp.xml', 'expr_stmt', 7)) | DeclStmtInsertion(('triangle.cpp.xml', '_inter_block', 18), ('triangle.cpp.xml', 'decl_stmt', 0)) | ExprStmtDeletion(('triangle.cpp.xml', 'expr_stmt', 6)) | ReturnInsertion(('triangle.cpp.xml', '_inter_block', 20), ('triangle.cpp.xml', 'return', 1)) | DeclStmtInsertion(('triangle.cpp.xml', '_inter_block', 5), ('triangle.cpp.xml', 'decl_stmt', 0))
2023-12-15 13:04:57,778	[INFO]	81      SUCCESS               1203511 (99.83%) [9 edit(s)] 
2023-12-15 13:04:57,912	[DEBUG]	DeclStmtInsertion(('triangle.cpp.xml', '_inter_block', 17), ('triangle.cpp.xml', 'decl_stmt', 1)) | DeclStmtInsertion(('triangle.cpp.xml', '_inter_block', 30), ('triangle.cpp.xml', 'decl_stmt', 1)) | IfDeletion(('triangle.cpp.xml', 'if', 1)) | ExprStmtDeletion(('triangle.cpp.xml', 'expr_stmt', 0)) | ExprStmtDeletion(('triangle.cpp.xml', 'expr_stmt', 7)) | DeclStmtInsertion(('triangle.cpp.xml', '_inter_block', 18), ('triangle.cpp.xml', 'decl_stmt', 0)) | ExprStmtDeletion(('triangle.cpp.xml', 'expr_stmt', 6)) | ReturnInsertion(('triangle.cpp.xml', '_inter_block', 20), ('triangle.cpp.xml', 'return', 1)) | DeclStmtInsertion(('triangle.cpp.xml', '_inter_block', 31), ('triangle.cpp.xml', 'decl_stmt', 1))
2023-12-15 13:04:57,913	[INFO]	82      COMPILE_CODE_ERROR    None  [9 edit(s)]       
2023-12-15 13:04:58,643	[DEBUG]	DeclStmtInsertion(('triangle.cpp.xml', '_inter_block', 17), ('triangle.cpp.xml', 'decl_stmt', 1)) | DeclStmtInsertion(('triangle.cpp.xml', '_inter_block', 30), ('triangle.cpp.xml', 'decl_stmt', 1)) | IfDeletion(('triangle.cpp.xml', 'if', 1)) | ExprStmtDeletion(('triangle.cpp.xml', 'expr_stmt', 0)) | ExprStmtDeletion(('triangle.cpp.xml', 'expr_stmt', 7)) | DeclStmtInsertion(('triangle.cpp.xml', '_inter_block', 18), ('triangle.cpp.xml', 'decl_stmt', 0)) | ExprStmtDeletion(('triangle.cpp.xml', 'expr_stmt', 6)) | ReturnInsertion(('triangle.cpp.xml', '_inter_block', 20), ('triangle.cpp.xml', 'return', 1)) | IfDeletion(('triangle.cpp.xml', 'if', 4))
2023-12-15 13:04:58,644	[INFO]	83      TEST_CODE_ERROR       None  [9 edit(s)]       
2023-12-15 13:04:59,382	[DEBUG]	DeclStmtInsertion(('triangle.cpp.xml', '_inter_block', 17), ('triangle.cpp.xml', 'decl_stmt', 1)) | DeclStmtInsertion(('triangle.cpp.xml', '_inter_block', 30), ('triangle.cpp.xml', 'decl_stmt', 1)) | IfDeletion(('triangle.cpp.xml', 'if', 1)) | ExprStmtDeletion(('triangle.cpp.xml', 'expr_stmt', 0)) | ExprStmtDeletion(('triangle.cpp.xml', 'expr_stmt', 7)) | DeclStmtInsertion(('triangle.cpp.xml', '_inter_block', 18), ('triangle.cpp.xml', 'decl_stmt', 0)) | ExprStmtDeletion(('triangle.cpp.xml', 'expr_stmt', 6)) | ReturnInsertion(('triangle.cpp.xml', '_inter_block', 20), ('triangle.cpp.xml', 'return', 1)) | ReturnDeletion(('triangle.cpp.xml', 'return', 3))
2023-12-15 13:04:59,383	[INFO]	84      TEST_CODE_ERROR       None  [9 edit(s)]       
2023-12-15 13:05:00,151	[DEBUG]	DeclStmtInsertion(('triangle.cpp.xml', '_inter_block', 17), ('triangle.cpp.xml', 'decl_stmt', 1)) | DeclStmtInsertion(('triangle.cpp.xml', '_inter_block', 30), ('triangle.cpp.xml', 'decl_stmt', 1)) | IfDeletion(('triangle.cpp.xml', 'if', 1)) | ExprStmtDeletion(('triangle.cpp.xml', 'expr_stmt', 0)) | ExprStmtDeletion(('triangle.cpp.xml', 'expr_stmt', 7)) | DeclStmtInsertion(('triangle.cpp.xml', '_inter_block', 18), ('triangle.cpp.xml', 'decl_stmt', 0)) | ExprStmtDeletion(('triangle.cpp.xml', 'expr_stmt', 6)) | ReturnInsertion(('triangle.cpp.xml', '_inter_block', 20), ('triangle.cpp.xml', 'return', 1)) | ReturnDeletion(('triangle.cpp.xml', 'return', 0))
2023-12-15 13:05:00,152	[INFO]	85      TEST_CODE_ERROR       None  [9 edit(s)]       
2023-12-15 13:05:00,296	[DEBUG]	DeclStmtInsertion(('triangle.cpp.xml', '_inter_block', 17), ('triangle.cpp.xml', 'decl_stmt', 1)) | DeclStmtInsertion(('triangle.cpp.xml', '_inter_block', 30), ('triangle.cpp.xml', 'decl_stmt', 1)) | IfDeletion(('triangle.cpp.xml', 'if', 1)) | ExprStmtDeletion(('triangle.cpp.xml', 'expr_stmt', 0)) | ExprStmtDeletion(('triangle.cpp.xml', 'expr_stmt', 7)) | DeclStmtInsertion(('triangle.cpp.xml', '_inter_block', 18), ('triangle.cpp.xml', 'decl_stmt', 0)) | ExprStmtDeletion(('triangle.cpp.xml', 'expr_stmt', 6)) | ReturnInsertion(('triangle.cpp.xml', '_inter_block', 20), ('triangle.cpp.xml', 'return', 1)) | DeclStmtReplacement(('triangle.cpp.xml', 'decl_stmt', 0), ('triangle.cpp.xml', 'stmt', 2))
2023-12-15 13:05:00,296	[INFO]	86      COMPILE_CODE_ERROR    None  [9 edit(s)]       
2023-12-15 13:05:01,119	[DEBUG]	EXEC>  SUCCESS 1203386
2023-12-15 13:05:01,119	[DEBUG]	DeclStmtInsertion(('triangle.cpp.xml', '_inter_block', 17), ('triangle.cpp.xml', 'decl_stmt', 1)) | DeclStmtInsertion(('triangle.cpp.xml', '_inter_block', 30), ('triangle.cpp.xml', 'decl_stmt', 1)) | IfDeletion(('triangle.cpp.xml', 'if', 1)) | ExprStmtDeletion(('triangle.cpp.xml', 'expr_stmt', 0)) | ExprStmtDeletion(('triangle.cpp.xml', 'expr_stmt', 7)) | DeclStmtInsertion(('triangle.cpp.xml', '_inter_block', 18), ('triangle.cpp.xml', 'decl_stmt', 0)) | ExprStmtDeletion(('triangle.cpp.xml', 'expr_stmt', 6)) | ReturnInsertion(('triangle.cpp.xml', '_inter_block', 20), ('triangle.cpp.xml', 'return', 1)) | IfInsertion(('triangle.cpp.xml', '_inter_block', 27), ('triangle.cpp.xml', 'if', 0))
2023-12-15 13:05:01,120	[INFO]	87      SUCCESS               1203386 (99.82%) [9 edit(s)] 
2023-12-15 13:05:01,247	[DEBUG]	DeclStmtInsertion(('triangle.cpp.xml', '_inter_block', 17), ('triangle.cpp.xml', 'decl_stmt', 1)) | DeclStmtInsertion(('triangle.cpp.xml', '_inter_block', 30), ('triangle.cpp.xml', 'decl_stmt', 1)) | IfDeletion(('triangle.cpp.xml', 'if', 1)) | ExprStmtDeletion(('triangle.cpp.xml', 'expr_stmt', 0)) | ExprStmtDeletion(('triangle.cpp.xml', 'expr_stmt', 7)) | DeclStmtInsertion(('triangle.cpp.xml', '_inter_block', 18), ('triangle.cpp.xml', 'decl_stmt', 0)) | ExprStmtDeletion(('triangle.cpp.xml', 'expr_stmt', 6)) | ReturnInsertion(('triangle.cpp.xml', '_inter_block', 20), ('triangle.cpp.xml', 'return', 1)) | DeclStmtInsertion(('triangle.cpp.xml', '_inter_block', 10), ('triangle.cpp.xml', 'decl_stmt', 1))
2023-12-15 13:05:01,247	[INFO]	88      COMPILE_CODE_ERROR    None  [9 edit(s)]       
2023-12-15 13:05:01,373	[DEBUG]	DeclStmtInsertion(('triangle.cpp.xml', '_inter_block', 17), ('triangle.cpp.xml', 'decl_stmt', 1)) | DeclStmtInsertion(('triangle.cpp.xml', '_inter_block', 30), ('triangle.cpp.xml', 'decl_stmt', 1)) | IfDeletion(('triangle.cpp.xml', 'if', 1)) | ExprStmtDeletion(('triangle.cpp.xml', 'expr_stmt', 0)) | ExprStmtDeletion(('triangle.cpp.xml', 'expr_stmt', 7)) | DeclStmtInsertion(('triangle.cpp.xml', '_inter_block', 18), ('triangle.cpp.xml', 'decl_stmt', 0)) | ExprStmtDeletion(('triangle.cpp.xml', 'expr_stmt', 6)) | ReturnInsertion(('triangle.cpp.xml', '_inter_block', 20), ('triangle.cpp.xml', 'return', 1)) | ExprStmtReplacement(('triangle.cpp.xml', 'expr_stmt', 0), ('triangle.cpp.xml', 'stmt', 19))
2023-12-15 13:05:01,373	[INFO]	89      COMPILE_CODE_ERROR    None  [9 edit(s)]       
2023-12-15 13:05:02,122	[DEBUG]	DeclStmtInsertion(('triangle.cpp.xml', '_inter_block', 17), ('triangle.cpp.xml', 'decl_stmt', 1)) | DeclStmtInsertion(('triangle.cpp.xml', '_inter_block', 30), ('triangle.cpp.xml', 'decl_stmt', 1)) | IfDeletion(('triangle.cpp.xml', 'if', 1)) | ExprStmtDeletion(('triangle.cpp.xml', 'expr_stmt', 0)) | ExprStmtDeletion(('triangle.cpp.xml', 'expr_stmt', 7)) | DeclStmtInsertion(('triangle.cpp.xml', '_inter_block', 18), ('triangle.cpp.xml', 'decl_stmt', 0)) | ExprStmtDeletion(('triangle.cpp.xml', 'expr_stmt', 6)) | ReturnInsertion(('triangle.cpp.xml', '_inter_block', 20), ('triangle.cpp.xml', 'return', 1)) | ReturnReplacement(('triangle.cpp.xml', 'return', 2), ('triangle.cpp.xml', 'stmt', 8))
2023-12-15 13:05:02,122	[INFO]	90      TEST_CODE_ERROR       None  [9 edit(s)]       
2023-12-15 13:05:02,977	[DEBUG]	EXEC>  SUCCESS 1203646
2023-12-15 13:05:02,977	[DEBUG]	DeclStmtInsertion(('triangle.cpp.xml', '_inter_block', 17), ('triangle.cpp.xml', 'decl_stmt', 1)) | DeclStmtInsertion(('triangle.cpp.xml', '_inter_block', 30), ('triangle.cpp.xml', 'decl_stmt', 1)) | IfDeletion(('triangle.cpp.xml', 'if', 1)) | ExprStmtDeletion(('triangle.cpp.xml', 'expr_stmt', 0)) | ExprStmtDeletion(('triangle.cpp.xml', 'expr_stmt', 7)) | DeclStmtInsertion(('triangle.cpp.xml', '_inter_block', 18), ('triangle.cpp.xml', 'decl_stmt', 0)) | ExprStmtDeletion(('triangle.cpp.xml', 'expr_stmt', 6)) | ReturnInsertion(('triangle.cpp.xml', '_inter_block', 20), ('triangle.cpp.xml', 'return', 1)) | IfInsertion(('triangle.cpp.xml', '_inter_block', 7), ('triangle.cpp.xml', 'if', 1))
2023-12-15 13:05:02,978	[INFO]	91      SUCCESS               1203646 (99.84%) [9 edit(s)] 
2023-12-15 13:05:03,844	[DEBUG]	EXEC>  SUCCESS 1203259
2023-12-15 13:05:03,844	[DEBUG]	DeclStmtInsertion(('triangle.cpp.xml', '_inter_block', 17), ('triangle.cpp.xml', 'decl_stmt', 1)) | DeclStmtInsertion(('triangle.cpp.xml', '_inter_block', 30), ('triangle.cpp.xml', 'decl_stmt', 1)) | IfDeletion(('triangle.cpp.xml', 'if', 1)) | ExprStmtDeletion(('triangle.cpp.xml', 'expr_stmt', 0)) | ExprStmtDeletion(('triangle.cpp.xml', 'expr_stmt', 7)) | DeclStmtInsertion(('triangle.cpp.xml', '_inter_block', 18), ('triangle.cpp.xml', 'decl_stmt', 0)) | ExprStmtDeletion(('triangle.cpp.xml', 'expr_stmt', 6)) | ReturnInsertion(('triangle.cpp.xml', '_inter_block', 20), ('triangle.cpp.xml', 'return', 1)) | DeclStmtDeletion(('triangle.cpp.xml', 'decl_stmt', 0))
2023-12-15 13:05:03,845	[INFO]	92      SUCCESS              *1203259 (99.81%) [9 edit(s)] 
2023-12-15 13:05:03,848	[DEBUG]	--- before: triangle.cpp
+++ after: triangle.cpp
@@ -1,8 +1,8 @@
 #include "triangle.hpp"
 
 void delay() {
-  const struct timespec ms = {0, (long int) (0.001*1e9)}; //tv_sec=0, tv_nsec (0.001 seconds)
-  nanosleep(&ms,NULL); /*ignores possible errors*/
+   //tv_sec=0, tv_nsec (0.001 seconds)
+   /*ignores possible errors*/
 }
 
 int classify_triangle(double a, double b, double c) {
@@ -15,13 +15,10 @@
     tmp = a;
     a = b;
     b = tmp;
+    double tmp;
   }
 
-  if(a > c) {
-    tmp = a;
-    a = c;
-    c = tmp;
-  }
+  
 
   if(b > c) {
     tmp = b;
@@ -39,6 +36,7 @@
     }/*auto*/
   if(a == b || b == c)
     /*auto*/{
+      double tmp;
       return ISOSCELES;
     }/*auto*/
   return SCALENE;

2023-12-15 13:05:04,639	[DEBUG]	DeclStmtInsertion(('triangle.cpp.xml', '_inter_block', 17), ('triangle.cpp.xml', 'decl_stmt', 1)) | DeclStmtInsertion(('triangle.cpp.xml', '_inter_block', 30), ('triangle.cpp.xml', 'decl_stmt', 1)) | IfDeletion(('triangle.cpp.xml', 'if', 1)) | ExprStmtDeletion(('triangle.cpp.xml', 'expr_stmt', 0)) | ExprStmtDeletion(('triangle.cpp.xml', 'expr_stmt', 7)) | DeclStmtInsertion(('triangle.cpp.xml', '_inter_block', 18), ('triangle.cpp.xml', 'decl_stmt', 0)) | ExprStmtDeletion(('triangle.cpp.xml', 'expr_stmt', 6)) | ReturnInsertion(('triangle.cpp.xml', '_inter_block', 20), ('triangle.cpp.xml', 'return', 1)) | DeclStmtDeletion(('triangle.cpp.xml', 'decl_stmt', 0)) | ExprStmtDeletion(('triangle.cpp.xml', 'expr_stmt', 2))
2023-12-15 13:05:04,639	[INFO]	93      TEST_CODE_ERROR       None  [10 edit(s)]      
2023-12-15 13:05:05,412	[DEBUG]	DeclStmtInsertion(('triangle.cpp.xml', '_inter_block', 17), ('triangle.cpp.xml', 'decl_stmt', 1)) | DeclStmtInsertion(('triangle.cpp.xml', '_inter_block', 30), ('triangle.cpp.xml', 'decl_stmt', 1)) | IfDeletion(('triangle.cpp.xml', 'if', 1)) | ExprStmtDeletion(('triangle.cpp.xml', 'expr_stmt', 0)) | ExprStmtDeletion(('triangle.cpp.xml', 'expr_stmt', 7)) | DeclStmtInsertion(('triangle.cpp.xml', '_inter_block', 18), ('triangle.cpp.xml', 'decl_stmt', 0)) | ExprStmtDeletion(('triangle.cpp.xml', 'expr_stmt', 6)) | ReturnInsertion(('triangle.cpp.xml', '_inter_block', 20), ('triangle.cpp.xml', 'return', 1)) | DeclStmtDeletion(('triangle.cpp.xml', 'decl_stmt', 0)) | IfDeletion(('triangle.cpp.xml', 'if', 2))
2023-12-15 13:05:05,413	[INFO]	94      TEST_CODE_ERROR       None  [10 edit(s)]      
2023-12-15 13:05:05,415	[INFO]	==== END ====
2023-12-15 13:05:05,416	[INFO]	
2023-12-15 13:05:05,416	[INFO]	==== REPORT ====
2023-12-15 13:05:05,416	[INFO]	Termination: time budget
2023-12-15 13:05:05,417	[INFO]	Log file: /cs/student/ug/2020/damibose/projects/magpie/_magpie_logs/triangle-cpp_slow_1702645437.log
2023-12-15 13:05:05,420	[INFO]	Patch file: _magpie_logs/triangle-cpp_slow_1702645437.patch
2023-12-15 13:05:05,420	[INFO]	Diff file: _magpie_logs/triangle-cpp_slow_1702645437.diff
2023-12-15 13:05:05,420	[INFO]	Best fitness: 1203259
2023-12-15 13:05:05,421	[INFO]	Best patch: DeclStmtInsertion(('triangle.cpp.xml', '_inter_block', 17), ('triangle.cpp.xml', 'decl_stmt', 1)) | DeclStmtInsertion(('triangle.cpp.xml', '_inter_block', 30), ('triangle.cpp.xml', 'decl_stmt', 1)) | IfDeletion(('triangle.cpp.xml', 'if', 1)) | ExprStmtDeletion(('triangle.cpp.xml', 'expr_stmt', 0)) | ExprStmtDeletion(('triangle.cpp.xml', 'expr_stmt', 7)) | DeclStmtInsertion(('triangle.cpp.xml', '_inter_block', 18), ('triangle.cpp.xml', 'decl_stmt', 0)) | ExprStmtDeletion(('triangle.cpp.xml', 'expr_stmt', 6)) | ReturnInsertion(('triangle.cpp.xml', '_inter_block', 20), ('triangle.cpp.xml', 'return', 1)) | DeclStmtDeletion(('triangle.cpp.xml', 'decl_stmt', 0))
2023-12-15 13:05:05,421	[INFO]	Diff:
--- before: triangle.cpp
+++ after: triangle.cpp
@@ -1,8 +1,8 @@
 #include "triangle.hpp"
 
 void delay() {
-  const struct timespec ms = {0, (long int) (0.001*1e9)}; //tv_sec=0, tv_nsec (0.001 seconds)
-  nanosleep(&ms,NULL); /*ignores possible errors*/
+   //tv_sec=0, tv_nsec (0.001 seconds)
+   /*ignores possible errors*/
 }
 
 int classify_triangle(double a, double b, double c) {
@@ -15,13 +15,10 @@
     tmp = a;
     a = b;
     b = tmp;
+    double tmp;
   }
 
-  if(a > c) {
-    tmp = a;
-    a = c;
-    c = tmp;
-  }
+  
 
   if(b > c) {
     tmp = b;
@@ -39,6 +36,7 @@
     }/*auto*/
   if(a == b || b == c)
     /*auto*/{
+      double tmp;
       return ISOSCELES;
     }/*auto*/
   return SCALENE;

