2023-12-27 21:20:14,364	[DEBUG]	==== CONFIG ====
[magpie]
import = 
seed = 42
log_dir = _magpie_logs
work_dir = _magpie_work
final_out_dir = fitness_variance_investigation/results/minisat
local_original_copy = True
local_original_name = __original__
output_encoding = ascii
edit_retries = 10
default_timeout = 300
default_lengthout = 1e6
diff_method = unified
trust_local_filesystem = True

[software]
path = examples/code/minisat
target_files = 
	core/Solver.cc.xml
program = BasicProgram
engine_rules = 
	*.params : ConfigFileParamsEngine
	*.xml : SrcmlEngine
	* : LineEngine
engine_config = 
	*.params : [params]
	*.xml : [srcml]
init_cmd = 
init_timeout = 60
init_lengthout = -1
setup_cmd = ./compile.sh
setup_timeout = 
setup_lengthout = 
compile_cmd = ./compile.sh
compile_timeout = 
compile_lengthout = 
test_cmd = ./test.sh
test_timeout = 
test_lengthout = 
run_cmd = perf stat -e instructions ./run_fixed.sh
run_timeout = 
run_lengthout = 
batch_timeout = 
batch_lengthout = 
batch_bin_fitness_strategy = aggregate
batch_fitness_strategy = sum
fitness = perf_instructions

[srcml]
rename = 
	stmt: break continue decl_stmt do expr_stmt for goto if return switch while
focus = block stmt
internodes = block
process_pseudo_blocks = True
process_literals = False
process_operators = False

[params]
timing = test run
cli_prefix = --
cli_glue = =
cli_boolean = show
cli_boolean_prefix_true = 
cli_boolean_prefix_false = no-
silent_prefix = @
silent_suffix = $

[search]
protocol = BasicProtocol
algorithm = RandomSearch
possible_edits = 
	StmtReplacement
	StmtInsertion
	StmtDeletion
warmup = 100
warmup_strategy = last
max_steps = 0
max_time = 0
target_fitness = 
cache_maxsize = 40
cache_keep = 0.2
batch_instances = 
batch_shuffle = True
batch_bin_shuffle = False
batch_sample_size = 1

[search.ls]
delete_prob = 0.5
max_neighbours = 
when_trapped = continue
accept_fail = False
tabu_length = 10

[search.gp]
pop_size = 10
delete_prob = 0.5
offspring_elitism = 0.1
offspring_crossover = 0.5
offspring_mutation = 0.4
uniform_rate = 0.5
batch_reset = True

[search.minify]
do_cleanup = True
do_rebuild = True
do_simplify = True
round_robin_limit = 3


2023-12-27 21:20:14,437	[INFO]	==== WARMUP ====
2023-12-27 21:21:00,610	[DEBUG]	EXEC>  SUCCESS 55206472829
2023-12-27 21:21:00,612	[INFO]	WARM    SUCCESS               55206472829             
2023-12-27 21:21:29,148	[DEBUG]	EXEC>  SUCCESS 55206471787
2023-12-27 21:21:29,149	[INFO]	WARM    SUCCESS               55206471787             
2023-12-27 21:21:56,501	[DEBUG]	EXEC>  SUCCESS 55206472191
2023-12-27 21:21:56,503	[INFO]	WARM    SUCCESS               55206472191             
2023-12-27 21:22:22,684	[DEBUG]	EXEC>  SUCCESS 55206465445
2023-12-27 21:22:22,686	[INFO]	WARM    SUCCESS               55206465445             
2023-12-27 21:22:49,286	[DEBUG]	EXEC>  SUCCESS 55206476658
2023-12-27 21:22:49,287	[INFO]	WARM    SUCCESS               55206476658             
2023-12-27 21:23:16,374	[DEBUG]	EXEC>  SUCCESS 55206458849
2023-12-27 21:23:16,375	[INFO]	WARM    SUCCESS               55206458849             
2023-12-27 21:23:43,160	[DEBUG]	EXEC>  SUCCESS 55206471029
2023-12-27 21:23:43,161	[INFO]	WARM    SUCCESS               55206471029             
2023-12-27 21:24:10,068	[DEBUG]	EXEC>  SUCCESS 55206465217
2023-12-27 21:24:10,069	[INFO]	WARM    SUCCESS               55206465217             
2023-12-27 21:24:37,703	[DEBUG]	EXEC>  SUCCESS 55206470895
2023-12-27 21:24:37,705	[INFO]	WARM    SUCCESS               55206470895             
2023-12-27 21:25:04,385	[DEBUG]	EXEC>  SUCCESS 55206472879
2023-12-27 21:25:04,386	[INFO]	WARM    SUCCESS               55206472879             
2023-12-27 21:25:31,275	[DEBUG]	EXEC>  SUCCESS 55206473031
2023-12-27 21:25:31,277	[INFO]	WARM    SUCCESS               55206473031             
2023-12-27 21:25:59,530	[DEBUG]	EXEC>  SUCCESS 55206465509
2023-12-27 21:25:59,532	[INFO]	WARM    SUCCESS               55206465509             
2023-12-27 21:26:26,134	[DEBUG]	EXEC>  SUCCESS 55206466410
2023-12-27 21:26:26,136	[INFO]	WARM    SUCCESS               55206466410             
2023-12-27 21:26:51,703	[DEBUG]	EXEC>  SUCCESS 55206469798
2023-12-27 21:26:51,705	[INFO]	WARM    SUCCESS               55206469798             
2023-12-27 21:27:18,882	[DEBUG]	EXEC>  SUCCESS 55206464224
2023-12-27 21:27:18,886	[INFO]	WARM    SUCCESS               55206464224             
2023-12-27 21:27:43,951	[DEBUG]	EXEC>  SUCCESS 55206471038
2023-12-27 21:27:43,953	[INFO]	WARM    SUCCESS               55206471038             
2023-12-27 21:28:09,014	[DEBUG]	EXEC>  SUCCESS 55206470341
2023-12-27 21:28:09,016	[INFO]	WARM    SUCCESS               55206470341             
2023-12-27 21:28:37,605	[DEBUG]	EXEC>  SUCCESS 55206469025
2023-12-27 21:28:37,606	[INFO]	WARM    SUCCESS               55206469025             
2023-12-27 21:29:03,994	[DEBUG]	EXEC>  SUCCESS 55206465731
2023-12-27 21:29:03,995	[INFO]	WARM    SUCCESS               55206465731             
2023-12-27 21:29:29,201	[DEBUG]	EXEC>  SUCCESS 55206478376
2023-12-27 21:29:29,203	[INFO]	WARM    SUCCESS               55206478376             
2023-12-27 21:29:57,459	[DEBUG]	EXEC>  SUCCESS 55206471401
2023-12-27 21:29:57,462	[INFO]	WARM    SUCCESS               55206471401             
2023-12-27 21:30:22,748	[DEBUG]	EXEC>  SUCCESS 55206463582
2023-12-27 21:30:22,750	[INFO]	WARM    SUCCESS               55206463582             
2023-12-27 21:30:48,532	[DEBUG]	EXEC>  SUCCESS 55206458837
2023-12-27 21:30:48,534	[INFO]	WARM    SUCCESS               55206458837             
2023-12-27 21:31:16,417	[DEBUG]	EXEC>  SUCCESS 55206471078
2023-12-27 21:31:16,419	[INFO]	WARM    SUCCESS               55206471078             
2023-12-27 21:31:42,958	[DEBUG]	EXEC>  SUCCESS 55206461619
2023-12-27 21:31:42,959	[INFO]	WARM    SUCCESS               55206461619             
2023-12-27 21:32:09,070	[DEBUG]	EXEC>  SUCCESS 55206450502
2023-12-27 21:32:09,072	[INFO]	WARM    SUCCESS               55206450502             
2023-12-27 21:32:37,709	[DEBUG]	EXEC>  SUCCESS 55206460441
2023-12-27 21:32:37,711	[INFO]	WARM    SUCCESS               55206460441             
2023-12-27 21:33:04,157	[DEBUG]	EXEC>  SUCCESS 55206466644
2023-12-27 21:33:04,158	[INFO]	WARM    SUCCESS               55206466644             
2023-12-27 21:33:30,134	[DEBUG]	EXEC>  SUCCESS 55206460859
2023-12-27 21:33:30,136	[INFO]	WARM    SUCCESS               55206460859             
2023-12-27 21:33:56,748	[DEBUG]	EXEC>  SUCCESS 55206455561
2023-12-27 21:33:56,750	[INFO]	WARM    SUCCESS               55206455561             
2023-12-27 21:34:23,495	[DEBUG]	EXEC>  SUCCESS 55206461961
2023-12-27 21:34:23,496	[INFO]	WARM    SUCCESS               55206461961             
2023-12-27 21:34:49,451	[DEBUG]	EXEC>  SUCCESS 55206460360
2023-12-27 21:34:49,453	[INFO]	WARM    SUCCESS               55206460360             
2023-12-27 21:35:16,834	[DEBUG]	EXEC>  SUCCESS 55206459258
2023-12-27 21:35:16,838	[INFO]	WARM    SUCCESS               55206459258             
2023-12-27 21:35:43,122	[DEBUG]	EXEC>  SUCCESS 55206454485
2023-12-27 21:35:43,124	[INFO]	WARM    SUCCESS               55206454485             
2023-12-27 21:36:08,311	[DEBUG]	EXEC>  SUCCESS 55206461275
2023-12-27 21:36:08,313	[INFO]	WARM    SUCCESS               55206461275             
2023-12-27 21:36:36,130	[DEBUG]	EXEC>  SUCCESS 55206459722
2023-12-27 21:36:36,132	[INFO]	WARM    SUCCESS               55206459722             
2023-12-27 21:37:02,328	[DEBUG]	EXEC>  SUCCESS 55206466701
2023-12-27 21:37:02,330	[INFO]	WARM    SUCCESS               55206466701             
2023-12-27 21:37:28,148	[DEBUG]	EXEC>  SUCCESS 55206465496
2023-12-27 21:37:28,150	[INFO]	WARM    SUCCESS               55206465496             
2023-12-27 21:37:55,842	[DEBUG]	EXEC>  SUCCESS 55206466554
2023-12-27 21:37:55,843	[INFO]	WARM    SUCCESS               55206466554             
2023-12-27 21:38:22,066	[DEBUG]	EXEC>  SUCCESS 55206463040
2023-12-27 21:38:22,068	[INFO]	WARM    SUCCESS               55206463040             
2023-12-27 21:38:48,796	[DEBUG]	EXEC>  SUCCESS 55206460823
2023-12-27 21:38:48,797	[INFO]	WARM    SUCCESS               55206460823             
2023-12-27 21:39:16,483	[DEBUG]	EXEC>  SUCCESS 55206459926
2023-12-27 21:39:16,485	[INFO]	WARM    SUCCESS               55206459926             
2023-12-27 21:39:43,449	[DEBUG]	EXEC>  SUCCESS 55206472152
2023-12-27 21:39:43,451	[INFO]	WARM    SUCCESS               55206472152             
2023-12-27 21:40:09,641	[DEBUG]	EXEC>  SUCCESS 55206466740
2023-12-27 21:40:09,643	[INFO]	WARM    SUCCESS               55206466740             
2023-12-27 21:40:37,533	[DEBUG]	EXEC>  SUCCESS 55206459929
2023-12-27 21:40:37,535	[INFO]	WARM    SUCCESS               55206459929             
2023-12-27 21:41:03,879	[DEBUG]	EXEC>  SUCCESS 55206466903
2023-12-27 21:41:03,881	[INFO]	WARM    SUCCESS               55206466903             
2023-12-27 21:41:30,198	[DEBUG]	EXEC>  SUCCESS 55206466152
2023-12-27 21:41:30,199	[INFO]	WARM    SUCCESS               55206466152             
2023-12-27 21:41:58,474	[DEBUG]	EXEC>  SUCCESS 55206465941
2023-12-27 21:41:58,475	[INFO]	WARM    SUCCESS               55206465941             
2023-12-27 21:42:24,477	[DEBUG]	EXEC>  SUCCESS 55206466941
2023-12-27 21:42:24,479	[INFO]	WARM    SUCCESS               55206466941             
2023-12-27 21:42:50,692	[DEBUG]	EXEC>  SUCCESS 55206468654
2023-12-27 21:42:50,693	[INFO]	WARM    SUCCESS               55206468654             
2023-12-27 21:43:19,529	[DEBUG]	EXEC>  SUCCESS 55206462249
2023-12-27 21:43:19,531	[INFO]	WARM    SUCCESS               55206462249             
2023-12-27 21:43:46,161	[DEBUG]	EXEC>  SUCCESS 55206466823
2023-12-27 21:43:46,163	[INFO]	WARM    SUCCESS               55206466823             
2023-12-27 21:44:11,835	[DEBUG]	EXEC>  SUCCESS 55206452702
2023-12-27 21:44:11,837	[INFO]	WARM    SUCCESS               55206452702             
2023-12-27 21:44:40,357	[DEBUG]	EXEC>  SUCCESS 55206471109
2023-12-27 21:44:40,359	[INFO]	WARM    SUCCESS               55206471109             
2023-12-27 21:45:05,802	[DEBUG]	EXEC>  SUCCESS 55206467992
2023-12-27 21:45:05,803	[INFO]	WARM    SUCCESS               55206467992             
2023-12-27 21:45:31,729	[DEBUG]	EXEC>  SUCCESS 55206464638
2023-12-27 21:45:31,731	[INFO]	WARM    SUCCESS               55206464638             
2023-12-27 21:46:00,057	[DEBUG]	EXEC>  SUCCESS 55206467096
2023-12-27 21:46:00,058	[INFO]	WARM    SUCCESS               55206467096             
2023-12-27 21:46:26,174	[DEBUG]	EXEC>  SUCCESS 55206459621
2023-12-27 21:46:26,175	[INFO]	WARM    SUCCESS               55206459621             
2023-12-27 21:46:52,321	[DEBUG]	EXEC>  SUCCESS 55206460925
2023-12-27 21:46:52,323	[INFO]	WARM    SUCCESS               55206460925             
2023-12-27 21:47:20,141	[DEBUG]	EXEC>  SUCCESS 55206460220
2023-12-27 21:47:20,142	[INFO]	WARM    SUCCESS               55206460220             
2023-12-27 21:47:45,597	[DEBUG]	EXEC>  SUCCESS 55206466341
2023-12-27 21:47:45,599	[INFO]	WARM    SUCCESS               55206466341             
2023-12-27 21:48:11,015	[DEBUG]	EXEC>  SUCCESS 55206458139
2023-12-27 21:48:11,017	[INFO]	WARM    SUCCESS               55206458139             
2023-12-27 21:48:38,946	[DEBUG]	EXEC>  SUCCESS 55206466209
2023-12-27 21:48:38,948	[INFO]	WARM    SUCCESS               55206466209             
2023-12-27 21:49:05,139	[DEBUG]	EXEC>  SUCCESS 55206465478
2023-12-27 21:49:05,141	[INFO]	WARM    SUCCESS               55206465478             
2023-12-27 21:49:29,825	[DEBUG]	EXEC>  SUCCESS 55206451883
2023-12-27 21:49:29,829	[INFO]	WARM    SUCCESS               55206451883             
2023-12-27 21:49:56,501	[DEBUG]	EXEC>  SUCCESS 55206465702
2023-12-27 21:49:56,502	[INFO]	WARM    SUCCESS               55206465702             
2023-12-27 21:50:22,061	[DEBUG]	EXEC>  SUCCESS 55206469349
2023-12-27 21:50:22,063	[INFO]	WARM    SUCCESS               55206469349             
2023-12-27 21:50:47,980	[DEBUG]	EXEC>  SUCCESS 55206462451
2023-12-27 21:50:47,982	[INFO]	WARM    SUCCESS               55206462451             
2023-12-27 21:51:16,644	[DEBUG]	EXEC>  SUCCESS 55206467940
2023-12-27 21:51:16,645	[INFO]	WARM    SUCCESS               55206467940             
2023-12-27 21:51:42,146	[DEBUG]	EXEC>  SUCCESS 55206465202
2023-12-27 21:51:42,148	[INFO]	WARM    SUCCESS               55206465202             
2023-12-27 21:52:07,921	[DEBUG]	EXEC>  SUCCESS 55206467279
2023-12-27 21:52:07,922	[INFO]	WARM    SUCCESS               55206467279             
2023-12-27 21:52:34,983	[DEBUG]	EXEC>  SUCCESS 55206452658
2023-12-27 21:52:34,985	[INFO]	WARM    SUCCESS               55206452658             
2023-12-27 21:53:01,055	[DEBUG]	EXEC>  SUCCESS 55206459786
2023-12-27 21:53:01,059	[INFO]	WARM    SUCCESS               55206459786             
2023-12-27 21:53:27,302	[DEBUG]	EXEC>  SUCCESS 55206466626
2023-12-27 21:53:27,304	[INFO]	WARM    SUCCESS               55206466626             
2023-12-27 21:53:55,647	[DEBUG]	EXEC>  SUCCESS 55206476935
2023-12-27 21:53:55,649	[INFO]	WARM    SUCCESS               55206476935             
2023-12-27 21:54:21,789	[DEBUG]	EXEC>  SUCCESS 55206460586
2023-12-27 21:54:21,792	[INFO]	WARM    SUCCESS               55206460586             
2023-12-27 21:54:47,367	[DEBUG]	EXEC>  SUCCESS 55206465967
2023-12-27 21:54:47,368	[INFO]	WARM    SUCCESS               55206465967             
2023-12-27 21:55:14,912	[DEBUG]	EXEC>  SUCCESS 55206460598
2023-12-27 21:55:14,913	[INFO]	WARM    SUCCESS               55206460598             
2023-12-27 21:55:41,027	[DEBUG]	EXEC>  SUCCESS 55206466399
2023-12-27 21:55:41,029	[INFO]	WARM    SUCCESS               55206466399             
2023-12-27 21:56:05,966	[DEBUG]	EXEC>  SUCCESS 55206465680
2023-12-27 21:56:05,968	[INFO]	WARM    SUCCESS               55206465680             
2023-12-27 21:56:33,423	[DEBUG]	EXEC>  SUCCESS 55206468273
2023-12-27 21:56:33,425	[INFO]	WARM    SUCCESS               55206468273             
2023-12-27 21:56:59,279	[DEBUG]	EXEC>  SUCCESS 55206460540
2023-12-27 21:56:59,281	[INFO]	WARM    SUCCESS               55206460540             
2023-12-27 21:57:24,027	[DEBUG]	EXEC>  SUCCESS 55206464652
2023-12-27 21:57:24,028	[INFO]	WARM    SUCCESS               55206464652             
2023-12-27 21:57:52,106	[DEBUG]	EXEC>  SUCCESS 55206460763
2023-12-27 21:57:52,108	[INFO]	WARM    SUCCESS               55206460763             
2023-12-27 21:58:19,039	[DEBUG]	EXEC>  SUCCESS 55206464033
2023-12-27 21:58:19,041	[INFO]	WARM    SUCCESS               55206464033             
2023-12-27 21:58:45,484	[DEBUG]	EXEC>  SUCCESS 55206473303
2023-12-27 21:58:45,485	[INFO]	WARM    SUCCESS               55206473303             
2023-12-27 21:59:12,351	[DEBUG]	EXEC>  SUCCESS 55206453913
2023-12-27 21:59:12,352	[INFO]	WARM    SUCCESS               55206453913             
2023-12-27 21:59:38,405	[DEBUG]	EXEC>  SUCCESS 55206455947
2023-12-27 21:59:38,407	[INFO]	WARM    SUCCESS               55206455947             
2023-12-27 22:00:04,577	[DEBUG]	EXEC>  SUCCESS 55206467444
2023-12-27 22:00:04,579	[INFO]	WARM    SUCCESS               55206467444             
2023-12-27 22:00:32,945	[DEBUG]	EXEC>  SUCCESS 55206466959
2023-12-27 22:00:32,947	[INFO]	WARM    SUCCESS               55206466959             
2023-12-27 22:00:58,257	[DEBUG]	EXEC>  SUCCESS 55206453976
2023-12-27 22:00:58,258	[INFO]	WARM    SUCCESS               55206453976             
2023-12-27 22:01:24,505	[DEBUG]	EXEC>  SUCCESS 55206468860
2023-12-27 22:01:24,507	[INFO]	WARM    SUCCESS               55206468860             
2023-12-27 22:01:53,226	[DEBUG]	EXEC>  SUCCESS 55206479206
2023-12-27 22:01:53,228	[INFO]	WARM    SUCCESS               55206479206             
2023-12-27 22:02:19,332	[DEBUG]	EXEC>  SUCCESS 55206461018
2023-12-27 22:02:19,334	[INFO]	WARM    SUCCESS               55206461018             
2023-12-27 22:02:45,349	[DEBUG]	EXEC>  SUCCESS 55206465373
2023-12-27 22:02:45,352	[INFO]	WARM    SUCCESS               55206465373             
2023-12-27 22:03:12,767	[DEBUG]	EXEC>  SUCCESS 55206466124
2023-12-27 22:03:12,769	[INFO]	WARM    SUCCESS               55206466124             
2023-12-27 22:03:38,824	[DEBUG]	EXEC>  SUCCESS 55206447222
2023-12-27 22:03:38,825	[INFO]	WARM    SUCCESS               55206447222             
2023-12-27 22:04:04,485	[DEBUG]	EXEC>  SUCCESS 55206460279
2023-12-27 22:04:04,487	[INFO]	WARM    SUCCESS               55206460279             
2023-12-27 22:04:32,086	[DEBUG]	EXEC>  SUCCESS 55206460004
2023-12-27 22:04:32,088	[INFO]	WARM    SUCCESS               55206460004             
2023-12-27 22:04:58,150	[DEBUG]	EXEC>  SUCCESS 55206459535
2023-12-27 22:04:58,151	[INFO]	WARM    SUCCESS               55206459535             
2023-12-27 22:04:58,151	[INFO]	INITIAL SUCCESS               55206459535             
2023-12-27 22:04:58,152	[INFO]	==== START: RandomSearch ====
2023-12-27 22:04:58,158	[INFO]	==== END ====
2023-12-27 22:04:58,158	[INFO]	
2023-12-27 22:04:58,158	[INFO]	==== REPORT ====
2023-12-27 22:04:58,158	[INFO]	Termination: time budget
2023-12-27 22:04:58,158	[INFO]	Log file: /cs/student/ug/2020/damibose/projects/magpie/_magpie_logs/minisat_1703712001.log
