2023-12-21 09:28:22,349	[DEBUG]	==== CONFIG ====
[magpie]
import = 
seed = 2
log_dir = _magpie_logs
work_dir = _magpie_work
final_out_dir = experiments/results/RandomSearch/baseline/trial_2
local_original_copy = True
local_original_name = __original__
output_encoding = ascii
edit_retries = 10
default_timeout = 30
default_lengthout = 10000.0
diff_method = unified
trust_local_filesystem = True

[software]
path = examples/code/triangle-cpp_slow
target_files = 
	triangle.cpp.xml
program = BasicProgram
engine_rules = 
	*.params : ConfigFileParamsEngine
	*.xml : SrcmlEngine
	* : LineEngine
engine_config = 
	*.params : [params]
	*.xml : [srcml]
init_cmd = 
init_timeout = 60
init_lengthout = -1
setup_cmd = ./setup.sh
setup_timeout = 
setup_lengthout = 
compile_cmd = ./compile.sh
compile_timeout = 
compile_lengthout = 
test_cmd = ./build/test_triangle
test_timeout = 
test_lengthout = 
run_cmd = perf stat ./build/run_triangle
run_timeout = 1
run_lengthout = 
batch_timeout = 
batch_lengthout = 
batch_bin_fitness_strategy = aggregate
batch_fitness_strategy = sum
fitness = perf_instructions

[srcml]
rename = 
focus = block break continue decl_stmt do expr_stmt for goto if return switch while
internodes = block
process_pseudo_blocks = True
process_literals = False
process_operators = False

[params]
timing = test run
cli_prefix = --
cli_glue = =
cli_boolean = show
cli_boolean_prefix_true = 
cli_boolean_prefix_false = no-
silent_prefix = @
silent_suffix = $

[search]
protocol = BasicProtocol
algorithm = RandomSearch
possible_edits = 
	DeclStmtReplacement
	ExprStmtReplacement
	IfReplacement
	ReturnReplacement
	DeclStmtInsertion
	ExprStmtInsertion
	IfInsertion
	ReturnInsertion
	DeclStmtDeletion
	ExprStmtDeletion
	IfDeletion
	ReturnDeletion
warmup = 5
warmup_strategy = last
max_steps = 100
max_time = 60
target_fitness = 
cache_maxsize = 40
cache_keep = 0.2
batch_instances = 
batch_shuffle = True
batch_bin_shuffle = False
batch_sample_size = 1
operator_selector = UniformSelector

[search.ls]
delete_prob = 0
max_neighbours = 20
when_trapped = continue
accept_fail = False
tabu_length = 10

[search.gp]
pop_size = 10
delete_prob = 0.5
offspring_elitism = 0.1
offspring_crossover = 0.5
offspring_mutation = 0.4
uniform_rate = 0.5
batch_reset = True

[search.minify]
do_cleanup = True
do_rebuild = True
do_simplify = True
round_robin_limit = 3


2023-12-21 09:28:22,355	[INFO]	==== WARMUP ====
2023-12-21 09:28:24,947	[DEBUG]	EXEC>  SUCCESS 1205549
2023-12-21 09:28:24,947	[INFO]	WARM    SUCCESS               1205549                 
2023-12-21 09:28:25,893	[DEBUG]	EXEC>  SUCCESS 1205551
2023-12-21 09:28:25,893	[INFO]	WARM    SUCCESS               1205551                 
2023-12-21 09:28:26,926	[DEBUG]	EXEC>  SUCCESS 1452280
2023-12-21 09:28:26,927	[INFO]	WARM    SUCCESS               1452280                 
2023-12-21 09:28:27,885	[DEBUG]	EXEC>  SUCCESS 1205551
2023-12-21 09:28:27,885	[INFO]	WARM    SUCCESS               1205551                 
2023-12-21 09:28:28,873	[DEBUG]	EXEC>  SUCCESS 1205550
2023-12-21 09:28:28,874	[INFO]	WARM    SUCCESS               1205550                 
2023-12-21 09:28:28,875	[INFO]	INITIAL SUCCESS               1205550                 
2023-12-21 09:28:28,876	[INFO]	==== START: RandomSearch ====
2023-12-21 09:28:29,034	[DEBUG]	IfInsertion(('triangle.cpp.xml', '_inter_block', 3), ('triangle.cpp.xml', 'if', 0))
2023-12-21 09:28:29,034	[INFO]	1       COMPILE_CODE_ERROR    None  [1 edit(s)]       
2023-12-21 09:28:29,813	[DEBUG]	ReturnReplacement(('triangle.cpp.xml', 'return', 0), ('triangle.cpp.xml', 'stmt', 11))
2023-12-21 09:28:29,814	[INFO]	2       TEST_CODE_ERROR       None  [1 edit(s)]       
2023-12-21 09:28:29,958	[DEBUG]	IfReplacement(('triangle.cpp.xml', 'if', 5), ('triangle.cpp.xml', 'stmt', 1))
2023-12-21 09:28:29,959	[INFO]	3       COMPILE_CODE_ERROR    None  [1 edit(s)]       
2023-12-21 09:28:30,085	[DEBUG]	DeclStmtDeletion(('triangle.cpp.xml', 'decl_stmt', 1))
2023-12-21 09:28:30,085	[INFO]	4       COMPILE_CODE_ERROR    None  [1 edit(s)]       
2023-12-21 09:28:31,051	[DEBUG]	EXEC>  SUCCESS 1205580
2023-12-21 09:28:31,052	[DEBUG]	DeclStmtInsertion(('triangle.cpp.xml', '_inter_block', 19), ('triangle.cpp.xml', 'decl_stmt', 0))
2023-12-21 09:28:31,053	[INFO]	5       SUCCESS               1205580 (100.0%) [1 edit(s)] 
2023-12-21 09:28:32,086	[DEBUG]	EXEC>  SUCCESS 1205602
2023-12-21 09:28:32,086	[DEBUG]	IfInsertion(('triangle.cpp.xml', '_inter_block', 21), ('triangle.cpp.xml', 'if', 3))
2023-12-21 09:28:32,087	[INFO]	6       SUCCESS               1205602 (100.0%) [1 edit(s)] 
2023-12-21 09:28:32,221	[DEBUG]	DeclStmtDeletion(('triangle.cpp.xml', 'decl_stmt', 1))
2023-12-21 09:28:32,222	[INFO]	7       COMPILE_CODE_ERROR    None  [1 edit(s)]       
2023-12-21 09:28:33,025	[DEBUG]	ExprStmtReplacement(('triangle.cpp.xml', 'expr_stmt', 5), ('triangle.cpp.xml', 'stmt', 11))
2023-12-21 09:28:33,025	[INFO]	8       TEST_CODE_ERROR       None  [1 edit(s)]       
2023-12-21 09:28:33,984	[DEBUG]	EXEC>  SUCCESS 1205422
2023-12-21 09:28:33,984	[DEBUG]	IfInsertion(('triangle.cpp.xml', '_inter_block', 5), ('triangle.cpp.xml', 'if', 3))
2023-12-21 09:28:33,985	[INFO]	9       SUCCESS              *1205422 (99.99%) [1 edit(s)] 
2023-12-21 09:28:33,986	[DEBUG]	--- before: triangle.cpp
+++ after: triangle.cpp
@@ -7,6 +7,10 @@
 
 int classify_triangle(double a, double b, double c) {
   double tmp;
+  if(a + b <= c)
+    /*auto*/{
+      return INVALID;
+    }/*auto*/
 
   delay();
 

2023-12-21 09:28:34,763	[DEBUG]	IfReplacement(('triangle.cpp.xml', 'if', 0), ('triangle.cpp.xml', 'stmt', 8))
2023-12-21 09:28:34,763	[INFO]	10      TEST_CODE_ERROR       None  [1 edit(s)]       
2023-12-21 09:28:34,919	[DEBUG]	ExprStmtReplacement(('triangle.cpp.xml', 'expr_stmt', 1), ('triangle.cpp.xml', 'stmt', 1))
2023-12-21 09:28:34,920	[INFO]	11      COMPILE_CODE_ERROR    None  [1 edit(s)]       
2023-12-21 09:28:35,749	[DEBUG]	IfInsertion(('triangle.cpp.xml', '_inter_block', 15), ('triangle.cpp.xml', 'if', 2))
2023-12-21 09:28:35,750	[INFO]	12      TEST_CODE_ERROR       None  [1 edit(s)]       
2023-12-21 09:28:36,531	[DEBUG]	ExprStmtReplacement(('triangle.cpp.xml', 'expr_stmt', 8), ('triangle.cpp.xml', 'stmt', 9))
2023-12-21 09:28:36,532	[INFO]	13      TEST_CODE_ERROR       None  [1 edit(s)]       
2023-12-21 09:28:37,353	[DEBUG]	ReturnDeletion(('triangle.cpp.xml', 'return', 2))
2023-12-21 09:28:37,354	[INFO]	14      TEST_CODE_ERROR       None  [1 edit(s)]       
2023-12-21 09:28:38,478	[DEBUG]	EXEC>  SUCCESS 1205621
2023-12-21 09:28:38,479	[DEBUG]	ExprStmtInsertion(('triangle.cpp.xml', '_inter_block', 10), ('triangle.cpp.xml', 'expr_stmt', 5))
2023-12-21 09:28:38,480	[INFO]	15      SUCCESS               1205621 (100.01%) [1 edit(s)] 
2023-12-21 09:28:39,331	[DEBUG]	ExprStmtDeletion(('triangle.cpp.xml', 'expr_stmt', 7))
2023-12-21 09:28:39,331	[INFO]	16      TEST_CODE_ERROR       None  [1 edit(s)]       
2023-12-21 09:28:39,467	[DEBUG]	DeclStmtInsertion(('triangle.cpp.xml', '_inter_block', 3), ('triangle.cpp.xml', 'decl_stmt', 0))
2023-12-21 09:28:39,468	[INFO]	17      COMPILE_CODE_ERROR    None  [1 edit(s)]       
2023-12-21 09:28:39,597	[DEBUG]	DeclStmtDeletion(('triangle.cpp.xml', 'decl_stmt', 1))
2023-12-21 09:28:39,597	[INFO]	18      COMPILE_CODE_ERROR    None  [1 edit(s)]       
2023-12-21 09:28:40,469	[DEBUG]	ReturnDeletion(('triangle.cpp.xml', 'return', 3))
2023-12-21 09:28:40,469	[INFO]	19      TEST_CODE_ERROR       None  [1 edit(s)]       
2023-12-21 09:28:41,448	[DEBUG]	EXEC>  SUCCESS 1205581
2023-12-21 09:28:41,448	[DEBUG]	DeclStmtInsertion(('triangle.cpp.xml', '_inter_block', 20), ('triangle.cpp.xml', 'decl_stmt', 0))
2023-12-21 09:28:41,448	[INFO]	20      SUCCESS               1205581 (100.0%) [1 edit(s)] 
2023-12-21 09:28:42,278	[DEBUG]	ReturnReplacement(('triangle.cpp.xml', 'return', 2), ('triangle.cpp.xml', 'stmt', 17))
2023-12-21 09:28:42,278	[INFO]	21      TEST_CODE_ERROR       None  [1 edit(s)]       
2023-12-21 09:28:43,280	[DEBUG]	EXEC>  SUCCESS 1205422
2023-12-21 09:28:43,280	[DEBUG]	IfInsertion(('triangle.cpp.xml', '_inter_block', 4), ('triangle.cpp.xml', 'if', 3))
2023-12-21 09:28:43,281	[INFO]	22      SUCCESS               1205422 (99.99%) [1 edit(s)] 
2023-12-21 09:28:44,028	[DEBUG]	ReturnInsertion(('triangle.cpp.xml', '_inter_block', 16), ('triangle.cpp.xml', 'return', 3))
2023-12-21 09:28:44,028	[INFO]	23      TEST_CODE_ERROR       None  [1 edit(s)]       
2023-12-21 09:28:44,158	[DEBUG]	DeclStmtDeletion(('triangle.cpp.xml', 'decl_stmt', 0))
2023-12-21 09:28:44,158	[INFO]	24      COMPILE_CODE_ERROR    None  [1 edit(s)]       
2023-12-21 09:28:44,880	[DEBUG]	ReturnDeletion(('triangle.cpp.xml', 'return', 1))
2023-12-21 09:28:44,880	[INFO]	25      TEST_CODE_ERROR       None  [1 edit(s)]       
2023-12-21 09:28:45,767	[DEBUG]	EXEC>  SUCCESS 1205598
2023-12-21 09:28:45,768	[DEBUG]	DeclStmtInsertion(('triangle.cpp.xml', '_inter_block', 15), ('triangle.cpp.xml', 'decl_stmt', 0))
2023-12-21 09:28:45,768	[INFO]	26      SUCCESS               1205598 (100.0%) [1 edit(s)] 
2023-12-21 09:28:45,893	[DEBUG]	DeclStmtDeletion(('triangle.cpp.xml', 'decl_stmt', 0))
2023-12-21 09:28:45,894	[INFO]	27      COMPILE_CODE_ERROR    None  [1 edit(s)]       
2023-12-21 09:28:46,660	[DEBUG]	IfDeletion(('triangle.cpp.xml', 'if', 5))
2023-12-21 09:28:46,661	[INFO]	28      TEST_CODE_ERROR       None  [1 edit(s)]       
2023-12-21 09:28:47,480	[DEBUG]	ReturnDeletion(('triangle.cpp.xml', 'return', 3))
2023-12-21 09:28:47,481	[INFO]	29      TEST_CODE_ERROR       None  [1 edit(s)]       
2023-12-21 09:28:47,639	[DEBUG]	DeclStmtInsertion(('triangle.cpp.xml', '_inter_block', 5), ('triangle.cpp.xml', 'decl_stmt', 1))
2023-12-21 09:28:47,639	[INFO]	30      COMPILE_CODE_ERROR    None  [1 edit(s)]       
2023-12-21 09:28:48,409	[DEBUG]	ReturnDeletion(('triangle.cpp.xml', 'return', 1))
2023-12-21 09:28:48,410	[INFO]	31      TEST_CODE_ERROR       None  [1 edit(s)]       
2023-12-21 09:28:49,418	[DEBUG]	EXEC>  SUCCESS 1205181
2023-12-21 09:28:49,418	[DEBUG]	IfDeletion(('triangle.cpp.xml', 'if', 0))
2023-12-21 09:28:49,419	[INFO]	32      SUCCESS              *1205181 (99.97%) [1 edit(s)] 
2023-12-21 09:28:49,420	[DEBUG]	--- before: triangle.cpp
+++ after: triangle.cpp
@@ -11,11 +11,7 @@
   delay();
 
   // Sort the sides so that a <= b <= c
-  if(a > b) {
-    tmp = a;
-    a = b;
-    b = tmp;
-  }
+  
 
   if(a > c) {
     tmp = a;

2023-12-21 09:28:50,391	[DEBUG]	EXEC>  SUCCESS 1205677
2023-12-21 09:28:50,392	[DEBUG]	DeclStmtInsertion(('triangle.cpp.xml', '_inter_block', 9), ('triangle.cpp.xml', 'decl_stmt', 0))
2023-12-21 09:28:50,393	[INFO]	33      SUCCESS               1205677 (100.01%) [1 edit(s)] 
2023-12-21 09:28:51,243	[DEBUG]	ExprStmtReplacement(('triangle.cpp.xml', 'expr_stmt', 4), ('triangle.cpp.xml', 'stmt', 1))
2023-12-21 09:28:51,243	[INFO]	34      TEST_CODE_ERROR       None  [1 edit(s)]       
2023-12-21 09:28:52,071	[DEBUG]	ExprStmtInsertion(('triangle.cpp.xml', '_inter_block', 11), ('triangle.cpp.xml', 'expr_stmt', 7))
2023-12-21 09:28:52,071	[INFO]	35      TEST_CODE_ERROR       None  [1 edit(s)]       
2023-12-21 09:28:52,843	[DEBUG]	ReturnDeletion(('triangle.cpp.xml', 'return', 3))
2023-12-21 09:28:52,843	[INFO]	36      TEST_CODE_ERROR       None  [1 edit(s)]       
2023-12-21 09:28:53,656	[DEBUG]	ReturnDeletion(('triangle.cpp.xml', 'return', 1))
2023-12-21 09:28:53,656	[INFO]	37      TEST_CODE_ERROR       None  [1 edit(s)]       
2023-12-21 09:28:54,442	[DEBUG]	ReturnInsertion(('triangle.cpp.xml', '_inter_block', 22), ('triangle.cpp.xml', 'return', 2))
2023-12-21 09:28:54,442	[INFO]	38      TEST_CODE_ERROR       None  [1 edit(s)]       
2023-12-21 09:28:55,448	[DEBUG]	EXEC>  SUCCESS 1205660
2023-12-21 09:28:55,448	[DEBUG]	IfInsertion(('triangle.cpp.xml', '_inter_block', 19), ('triangle.cpp.xml', 'if', 4))
2023-12-21 09:28:55,448	[INFO]	39      SUCCESS               1205660 (100.01%) [1 edit(s)] 
2023-12-21 09:28:56,231	[DEBUG]	IfDeletion(('triangle.cpp.xml', 'if', 2))
2023-12-21 09:28:56,231	[INFO]	40      TEST_CODE_ERROR       None  [1 edit(s)]       
2023-12-21 09:28:57,029	[DEBUG]	ExprStmtReplacement(('triangle.cpp.xml', 'expr_stmt', 10), ('triangle.cpp.xml', 'stmt', 5))
2023-12-21 09:28:57,029	[INFO]	41      TEST_CODE_ERROR       None  [1 edit(s)]       
2023-12-21 09:28:57,863	[DEBUG]	ReturnDeletion(('triangle.cpp.xml', 'return', 0))
2023-12-21 09:28:57,863	[INFO]	42      TEST_CODE_ERROR       None  [1 edit(s)]       
2023-12-21 09:28:58,672	[DEBUG]	ExprStmtReplacement(('triangle.cpp.xml', 'expr_stmt', 3), ('triangle.cpp.xml', 'stmt', 18))
2023-12-21 09:28:58,672	[INFO]	43      TEST_CODE_ERROR       None  [1 edit(s)]       
2023-12-21 09:28:58,811	[DEBUG]	DeclStmtReplacement(('triangle.cpp.xml', 'decl_stmt', 0), ('triangle.cpp.xml', 'stmt', 12))
2023-12-21 09:28:58,811	[INFO]	44      COMPILE_CODE_ERROR    None  [1 edit(s)]       
2023-12-21 09:28:59,584	[DEBUG]	ReturnDeletion(('triangle.cpp.xml', 'return', 1))
2023-12-21 09:28:59,585	[INFO]	45      TEST_CODE_ERROR       None  [1 edit(s)]       
2023-12-21 09:28:59,715	[DEBUG]	DeclStmtDeletion(('triangle.cpp.xml', 'decl_stmt', 1))
2023-12-21 09:28:59,715	[INFO]	46      COMPILE_CODE_ERROR    None  [1 edit(s)]       
2023-12-21 09:29:00,692	[DEBUG]	EXEC>  SUCCESS 1259178
2023-12-21 09:29:00,692	[DEBUG]	IfInsertion(('triangle.cpp.xml', '_inter_block', 30), ('triangle.cpp.xml', 'if', 1))
2023-12-21 09:29:00,693	[INFO]	47      SUCCESS               1259178 (104.45%) [1 edit(s)] 
2023-12-21 09:29:01,621	[DEBUG]	EXEC>  SUCCESS 1203644
2023-12-21 09:29:01,622	[DEBUG]	ExprStmtDeletion(('triangle.cpp.xml', 'expr_stmt', 0))
2023-12-21 09:29:01,623	[INFO]	48      SUCCESS              *1203644 (99.84%) [1 edit(s)] 
2023-12-21 09:29:01,624	[DEBUG]	--- before: triangle.cpp
+++ after: triangle.cpp
@@ -2,7 +2,7 @@
 
 void delay() {
   const struct timespec ms = {0, (long int) (0.001*1e9)}; //tv_sec=0, tv_nsec (0.001 seconds)
-  nanosleep(&ms,NULL); /*ignores possible errors*/
+   /*ignores possible errors*/
 }
 
 int classify_triangle(double a, double b, double c) {

2023-12-21 09:29:02,632	[DEBUG]	ReturnReplacement(('triangle.cpp.xml', 'return', 2), ('triangle.cpp.xml', 'stmt', 19))
2023-12-21 09:29:02,633	[INFO]	49      TEST_CODE_ERROR       None  [1 edit(s)]       
2023-12-21 09:29:03,419	[DEBUG]	ExprStmtDeletion(('triangle.cpp.xml', 'expr_stmt', 9))
2023-12-21 09:29:03,419	[INFO]	50      TEST_CODE_ERROR       None  [1 edit(s)]       
2023-12-21 09:29:04,218	[DEBUG]	ExprStmtDeletion(('triangle.cpp.xml', 'expr_stmt', 3))
2023-12-21 09:29:04,218	[INFO]	51      TEST_CODE_ERROR       None  [1 edit(s)]       
2023-12-21 09:29:05,052	[DEBUG]	ReturnDeletion(('triangle.cpp.xml', 'return', 2))
2023-12-21 09:29:05,052	[INFO]	52      TEST_CODE_ERROR       None  [1 edit(s)]       
2023-12-21 09:29:05,203	[DEBUG]	ExprStmtInsertion(('triangle.cpp.xml', '_inter_block', 2), ('triangle.cpp.xml', 'expr_stmt', 7))
2023-12-21 09:29:05,203	[INFO]	53      COMPILE_CODE_ERROR    None  [1 edit(s)]       
2023-12-21 09:29:06,035	[DEBUG]	ExprStmtDeletion(('triangle.cpp.xml', 'expr_stmt', 5))
2023-12-21 09:29:06,035	[INFO]	54      TEST_CODE_ERROR       None  [1 edit(s)]       
2023-12-21 09:29:06,891	[DEBUG]	IfReplacement(('triangle.cpp.xml', 'if', 1), ('triangle.cpp.xml', 'stmt', 9))
2023-12-21 09:29:06,892	[INFO]	55      TEST_CODE_ERROR       None  [1 edit(s)]       
2023-12-21 09:29:07,047	[DEBUG]	DeclStmtDeletion(('triangle.cpp.xml', 'decl_stmt', 1))
2023-12-21 09:29:07,047	[INFO]	56      COMPILE_CODE_ERROR    None  [1 edit(s)]       
2023-12-21 09:29:07,899	[DEBUG]	ExprStmtReplacement(('triangle.cpp.xml', 'expr_stmt', 6), ('triangle.cpp.xml', 'stmt', 10))
2023-12-21 09:29:07,899	[INFO]	57      TEST_CODE_ERROR       None  [1 edit(s)]       
2023-12-21 09:29:08,895	[DEBUG]	EXEC>  SUCCESS 1205550
2023-12-21 09:29:08,895	[DEBUG]	DeclStmtInsertion(('triangle.cpp.xml', '_inter_block', 29), ('triangle.cpp.xml', 'decl_stmt', 0))
2023-12-21 09:29:08,896	[INFO]	58      SUCCESS               1205550 (100.0%) [1 edit(s)] 
2023-12-21 09:29:09,030	[DEBUG]	DeclStmtReplacement(('triangle.cpp.xml', 'decl_stmt', 1), ('triangle.cpp.xml', 'stmt', 13))
2023-12-21 09:29:09,030	[INFO]	59      COMPILE_CODE_ERROR    None  [1 edit(s)]       
2023-12-21 09:29:09,814	[DEBUG]	ReturnDeletion(('triangle.cpp.xml', 'return', 0))
2023-12-21 09:29:09,815	[INFO]	60      TEST_CODE_ERROR       None  [1 edit(s)]       
2023-12-21 09:29:10,626	[DEBUG]	IfDeletion(('triangle.cpp.xml', 'if', 3))
2023-12-21 09:29:10,626	[INFO]	61      TEST_CODE_ERROR       None  [1 edit(s)]       
2023-12-21 09:29:11,628	[DEBUG]	EXEC>  SUCCESS 1205576
2023-12-21 09:29:11,629	[DEBUG]	ExprStmtInsertion(('triangle.cpp.xml', '_inter_block', 30), ('triangle.cpp.xml', 'expr_stmt', 4))
2023-12-21 09:29:11,629	[INFO]	62      SUCCESS               1205576 (100.0%) [1 edit(s)] 
2023-12-21 09:29:12,416	[DEBUG]	ReturnReplacement(('triangle.cpp.xml', 'return', 2), ('triangle.cpp.xml', 'stmt', 20))
2023-12-21 09:29:12,416	[INFO]	63      TEST_CODE_ERROR       None  [1 edit(s)]       
2023-12-21 09:29:13,201	[DEBUG]	ExprStmtReplacement(('triangle.cpp.xml', 'expr_stmt', 5), ('triangle.cpp.xml', 'stmt', 0))
2023-12-21 09:29:13,202	[INFO]	64      TEST_CODE_ERROR       None  [1 edit(s)]       
2023-12-21 09:29:14,013	[DEBUG]	ReturnInsertion(('triangle.cpp.xml', '_inter_block', 26), ('triangle.cpp.xml', 'return', 3))
2023-12-21 09:29:14,013	[INFO]	65      TEST_CODE_ERROR       None  [1 edit(s)]       
2023-12-21 09:29:14,808	[DEBUG]	IfReplacement(('triangle.cpp.xml', 'if', 3), ('triangle.cpp.xml', 'stmt', 6))
2023-12-21 09:29:14,808	[INFO]	66      TEST_CODE_ERROR       None  [1 edit(s)]       
2023-12-21 09:29:14,957	[DEBUG]	DeclStmtDeletion(('triangle.cpp.xml', 'decl_stmt', 0))
2023-12-21 09:29:14,957	[INFO]	67      COMPILE_CODE_ERROR    None  [1 edit(s)]       
2023-12-21 09:29:15,934	[DEBUG]	EXEC>  SUCCESS 1205550
2023-12-21 09:29:15,934	[DEBUG]	ReturnInsertion(('triangle.cpp.xml', '_inter_block', 28), ('triangle.cpp.xml', 'return', 1))
2023-12-21 09:29:15,935	[INFO]	68      SUCCESS               1205550 (100.0%) [1 edit(s)] 
2023-12-21 09:29:16,086	[DEBUG]	DeclStmtDeletion(('triangle.cpp.xml', 'decl_stmt', 1))
2023-12-21 09:29:16,086	[INFO]	69      COMPILE_CODE_ERROR    None  [1 edit(s)]       
2023-12-21 09:29:16,214	[DEBUG]	DeclStmtReplacement(('triangle.cpp.xml', 'decl_stmt', 0), ('triangle.cpp.xml', 'stmt', 7))
2023-12-21 09:29:16,215	[INFO]	70      COMPILE_CODE_ERROR    None  [1 edit(s)]       
2023-12-21 09:29:17,159	[DEBUG]	EXEC>  SUCCESS 1205551
2023-12-21 09:29:17,160	[DEBUG]	DeclStmtInsertion(('triangle.cpp.xml', '_inter_block', 1), ('triangle.cpp.xml', 'decl_stmt', 1))
2023-12-21 09:29:17,161	[INFO]	71      SUCCESS               1205551 (100.0%) [1 edit(s)] 
2023-12-21 09:29:17,991	[DEBUG]	ExprStmtInsertion(('triangle.cpp.xml', '_inter_block', 5), ('triangle.cpp.xml', 'expr_stmt', 9))
2023-12-21 09:29:17,991	[INFO]	72      TEST_CODE_ERROR       None  [1 edit(s)]       
2023-12-21 09:29:18,901	[DEBUG]	EXEC>  SUCCESS 1205181
2023-12-21 09:29:18,902	[DEBUG]	IfDeletion(('triangle.cpp.xml', 'if', 0))
2023-12-21 09:29:18,903	[INFO]	73      SUCCESS               1205181 (99.97%) [1 edit(s)] 
2023-12-21 09:29:19,705	[DEBUG]	IfDeletion(('triangle.cpp.xml', 'if', 4))
2023-12-21 09:29:19,705	[INFO]	74      TEST_CODE_ERROR       None  [1 edit(s)]       
2023-12-21 09:29:19,843	[DEBUG]	ExprStmtReplacement(('triangle.cpp.xml', 'expr_stmt', 0), ('triangle.cpp.xml', 'stmt', 18))
2023-12-21 09:29:19,844	[INFO]	75      COMPILE_CODE_ERROR    None  [1 edit(s)]       
2023-12-21 09:29:19,970	[DEBUG]	ReturnInsertion(('triangle.cpp.xml', '_inter_block', 0), ('triangle.cpp.xml', 'return', 0))
2023-12-21 09:29:19,971	[INFO]	76      COMPILE_CODE_ERROR    None  [1 edit(s)]       
2023-12-21 09:29:20,767	[DEBUG]	ExprStmtDeletion(('triangle.cpp.xml', 'expr_stmt', 10))
2023-12-21 09:29:20,768	[INFO]	77      TEST_CODE_ERROR       None  [1 edit(s)]       
2023-12-21 09:29:20,913	[DEBUG]	DeclStmtDeletion(('triangle.cpp.xml', 'decl_stmt', 1))
2023-12-21 09:29:20,914	[INFO]	78      COMPILE_CODE_ERROR    None  [1 edit(s)]       
2023-12-21 09:29:21,049	[DEBUG]	ExprStmtReplacement(('triangle.cpp.xml', 'expr_stmt', 0), ('triangle.cpp.xml', 'stmt', 16))
2023-12-21 09:29:21,049	[INFO]	79      COMPILE_CODE_ERROR    None  [1 edit(s)]       
2023-12-21 09:29:21,863	[DEBUG]	IfInsertion(('triangle.cpp.xml', '_inter_block', 7), ('triangle.cpp.xml', 'if', 5))
2023-12-21 09:29:21,864	[INFO]	80      TEST_CODE_ERROR       None  [1 edit(s)]       
2023-12-21 09:29:22,869	[DEBUG]	ReturnReplacement(('triangle.cpp.xml', 'return', 2), ('triangle.cpp.xml', 'stmt', 8))
2023-12-21 09:29:22,869	[INFO]	81      TEST_CODE_ERROR       None  [1 edit(s)]       
2023-12-21 09:29:23,012	[DEBUG]	DeclStmtReplacement(('triangle.cpp.xml', 'decl_stmt', 0), ('triangle.cpp.xml', 'stmt', 13))
2023-12-21 09:29:23,013	[INFO]	82      COMPILE_CODE_ERROR    None  [1 edit(s)]       
2023-12-21 09:29:23,780	[DEBUG]	IfDeletion(('triangle.cpp.xml', 'if', 2))
2023-12-21 09:29:23,780	[INFO]	83      TEST_CODE_ERROR       None  [1 edit(s)]       
2023-12-21 09:29:24,573	[DEBUG]	ReturnDeletion(('triangle.cpp.xml', 'return', 3))
2023-12-21 09:29:24,574	[INFO]	84      TEST_CODE_ERROR       None  [1 edit(s)]       
2023-12-21 09:29:25,386	[DEBUG]	ReturnDeletion(('triangle.cpp.xml', 'return', 3))
2023-12-21 09:29:25,386	[INFO]	85      TEST_CODE_ERROR       None  [1 edit(s)]       
2023-12-21 09:29:26,151	[DEBUG]	ReturnDeletion(('triangle.cpp.xml', 'return', 2))
2023-12-21 09:29:26,151	[INFO]	86      TEST_CODE_ERROR       None  [1 edit(s)]       
2023-12-21 09:29:26,949	[DEBUG]	IfDeletion(('triangle.cpp.xml', 'if', 2))
2023-12-21 09:29:26,950	[INFO]	87      TEST_CODE_ERROR       None  [1 edit(s)]       
2023-12-21 09:29:27,773	[DEBUG]	IfDeletion(('triangle.cpp.xml', 'if', 3))
2023-12-21 09:29:27,773	[INFO]	88      TEST_CODE_ERROR       None  [1 edit(s)]       
2023-12-21 09:29:28,797	[DEBUG]	EXEC>  SUCCESS 1301593
2023-12-21 09:29:28,798	[DEBUG]	IfInsertion(('triangle.cpp.xml', '_inter_block', 6), ('triangle.cpp.xml', 'if', 0))
2023-12-21 09:29:28,798	[INFO]	89      SUCCESS               1301593 (107.97%) [1 edit(s)] 
2023-12-21 09:29:28,947	[DEBUG]	DeclStmtDeletion(('triangle.cpp.xml', 'decl_stmt', 1))
2023-12-21 09:29:28,947	[INFO]	90      COMPILE_CODE_ERROR    None  [1 edit(s)]       
2023-12-21 09:29:28,949	[INFO]	==== END ====
2023-12-21 09:29:28,949	[INFO]	
2023-12-21 09:29:28,949	[INFO]	==== REPORT ====
2023-12-21 09:29:28,950	[INFO]	Termination: time budget
2023-12-21 09:29:28,950	[INFO]	Log file: /cs/student/ug/2020/damibose/projects/magpie/_magpie_logs/triangle-cpp_slow_1703150902.log
2023-12-21 09:29:28,951	[INFO]	Patch file: _magpie_logs/triangle-cpp_slow_1703150902.patch
2023-12-21 09:29:28,951	[INFO]	Diff file: _magpie_logs/triangle-cpp_slow_1703150902.diff
2023-12-21 09:29:28,952	[INFO]	Best fitness: 1203644
2023-12-21 09:29:28,952	[INFO]	Best patch: ExprStmtDeletion(('triangle.cpp.xml', 'expr_stmt', 0))
2023-12-21 09:29:28,953	[INFO]	Diff:
--- before: triangle.cpp
+++ after: triangle.cpp
@@ -2,7 +2,7 @@
 
 void delay() {
   const struct timespec ms = {0, (long int) (0.001*1e9)}; //tv_sec=0, tv_nsec (0.001 seconds)
-  nanosleep(&ms,NULL); /*ignores possible errors*/
+   /*ignores possible errors*/
 }
 
 int classify_triangle(double a, double b, double c) {

