2023-12-14 14:41:45,803	[DEBUG]	==== CONFIG ====
[magpie]
import = 
seed = 8534241606894942
log_dir = _magpie_logs
work_dir = _magpie_work
local_original_copy = True
local_original_name = __original__
output_encoding = ascii
edit_retries = 10
default_timeout = 30
default_lengthout = 10000.0
diff_method = unified
trust_local_filesystem = True

[software]
path = examples/code/triangle-cpp_slow
target_files = 
	triangle.cpp.xml
program = BasicProgram
engine_rules = 
	*.params : ConfigFileParamsEngine
	*.xml : SrcmlEngine
	* : LineEngine
engine_config = 
	*.params : [params]
	*.xml : [srcml]
init_cmd = 
init_timeout = 60
init_lengthout = -1
setup_cmd = ./setup.sh
setup_timeout = 
setup_lengthout = 
compile_cmd = ./compile.sh
compile_timeout = 
compile_lengthout = 
test_cmd = ./build/test_triangle
test_timeout = 
test_lengthout = 
run_cmd = ./build/run_triangle
run_timeout = 1
run_lengthout = 
batch_timeout = 
batch_lengthout = 
batch_bin_fitness_strategy = aggregate
batch_fitness_strategy = sum
fitness = time

[srcml]
rename = 
	stmt: break continue decl_stmt do expr_stmt for goto if return switch while
	number: literal_number
focus = block stmt operator_comp operator_arith number
internodes = block
process_pseudo_blocks = True
process_literals = True
process_operators = True

[params]
timing = test run
cli_prefix = --
cli_glue = =
cli_boolean = show
cli_boolean_prefix_true = 
cli_boolean_prefix_false = no-
silent_prefix = @
silent_suffix = $

[search]
protocol = BasicProtocol
algorithm = FirstImprovement
possible_edits = 
	StmtReplacement
	StmtInsertion
	StmtDeletion
warmup = 1
warmup_strategy = last
max_steps = 100
max_time = 60
target_fitness = 
cache_maxsize = 40
cache_keep = 0.2
batch_instances = 
batch_shuffle = True
batch_bin_shuffle = False
batch_sample_size = 1
operator_selector = UniformSelector

[search.ls]
delete_prob = 0.5
max_neighbours = 
when_trapped = continue
accept_fail = False
tabu_length = 10

[search.gp]
pop_size = 10
delete_prob = 0.5
offspring_elitism = 0.1
offspring_crossover = 0.5
offspring_mutation = 0.4
uniform_rate = 0.5
batch_reset = True

[search.minify]
do_cleanup = True
do_rebuild = True
do_simplify = True
round_robin_limit = 3


2023-12-14 14:41:45,810	[INFO]	==== WARMUP ====
2023-12-14 14:41:48,338	[DEBUG]	EXEC>  SUCCESS 0.0983
2023-12-14 14:41:48,338	[INFO]	WARM    SUCCESS               0.0983                  
2023-12-14 14:41:48,338	[INFO]	INITIAL SUCCESS               0.0983                  
2023-12-14 14:41:48,339	[INFO]	==== START: FirstImprovement ====
2023-12-14 14:41:49,131	[DEBUG]	StmtReplacement(('triangle.cpp.xml', 'stmt', 15), ('triangle.cpp.xml', 'stmt', 5))
2023-12-14 14:41:49,131	[INFO]	1       TEST_CODE_ERROR       None  [1 edit(s)]       
2023-12-14 14:41:49,266	[DEBUG]	StmtReplacement(('triangle.cpp.xml', 'stmt', 8), ('triangle.cpp.xml', 'stmt', 1))
2023-12-14 14:41:49,267	[INFO]	2       COMPILE_CODE_ERROR    None  [1 edit(s)]       
2023-12-14 14:41:50,065	[DEBUG]	StmtReplacement(('triangle.cpp.xml', 'stmt', 20), ('triangle.cpp.xml', 'stmt', 7))
2023-12-14 14:41:50,065	[INFO]	3       TEST_CODE_ERROR       None  [1 edit(s)]       
2023-12-14 14:41:50,974	[DEBUG]	EXEC>  SUCCESS 0.1041
2023-12-14 14:41:50,975	[DEBUG]	StmtInsertion(('triangle.cpp.xml', '_inter_block', 32), ('triangle.cpp.xml', 'stmt', 19))
2023-12-14 14:41:50,975	[INFO]	4       SUCCESS               0.1041 (105.9%) [1 edit(s)] 
2023-12-14 14:41:51,752	[DEBUG]	StmtDeletion(('triangle.cpp.xml', 'stmt', 6))
2023-12-14 14:41:51,753	[INFO]	5       TEST_CODE_ERROR       None  [1 edit(s)]       
2023-12-14 14:41:52,548	[DEBUG]	StmtReplacement(('triangle.cpp.xml', 'stmt', 16), ('triangle.cpp.xml', 'stmt', 20))
2023-12-14 14:41:52,549	[INFO]	6       TEST_CODE_ERROR       None  [1 edit(s)]       
2023-12-14 14:41:53,347	[DEBUG]	StmtReplacement(('triangle.cpp.xml', 'stmt', 17), ('triangle.cpp.xml', 'stmt', 21))
2023-12-14 14:41:53,347	[INFO]	7       TEST_CODE_ERROR       None  [1 edit(s)]       
2023-12-14 14:41:53,490	[DEBUG]	StmtReplacement(('triangle.cpp.xml', 'stmt', 1), ('triangle.cpp.xml', 'stmt', 19))
2023-12-14 14:41:53,491	[INFO]	8       COMPILE_CODE_ERROR    None  [1 edit(s)]       
2023-12-14 14:41:54,401	[DEBUG]	EXEC>  SUCCESS 0.104
2023-12-14 14:41:54,402	[DEBUG]	StmtReplacement(('triangle.cpp.xml', 'stmt', 11), ('triangle.cpp.xml', 'stmt', 11))
2023-12-14 14:41:54,402	[INFO]	9       SUCCESS               0.104 (105.8%) [1 edit(s)] 
2023-12-14 14:41:55,302	[DEBUG]	EXEC>  SUCCESS 0.1022
2023-12-14 14:41:55,302	[DEBUG]	StmtDeletion(('triangle.cpp.xml', 'stmt', 4))
2023-12-14 14:41:55,303	[INFO]	10      SUCCESS               0.1022 (103.97%) [1 edit(s)] 
2023-12-14 14:41:56,099	[DEBUG]	StmtDeletion(('triangle.cpp.xml', 'stmt', 19))
2023-12-14 14:41:56,099	[INFO]	11      TEST_CODE_ERROR       None  [1 edit(s)]       
2023-12-14 14:41:56,276	[DEBUG]	StmtReplacement(('triangle.cpp.xml', 'stmt', 3), ('triangle.cpp.xml', 'stmt', 2))
2023-12-14 14:41:56,277	[INFO]	12      COMPILE_CODE_ERROR    None  [1 edit(s)]       
2023-12-14 14:41:57,093	[DEBUG]	StmtReplacement(('triangle.cpp.xml', 'stmt', 16), ('triangle.cpp.xml', 'stmt', 15))
2023-12-14 14:41:57,093	[INFO]	13      TEST_CODE_ERROR       None  [1 edit(s)]       
2023-12-14 14:41:58,043	[DEBUG]	EXEC>  SUCCESS 0.1048
2023-12-14 14:41:58,043	[DEBUG]	StmtInsertion(('triangle.cpp.xml', '_inter_block', 17), ('triangle.cpp.xml', 'stmt', 9))
2023-12-14 14:41:58,044	[INFO]	14      SUCCESS               0.1048 (106.61%) [1 edit(s)] 
2023-12-14 14:41:58,863	[DEBUG]	StmtReplacement(('triangle.cpp.xml', 'stmt', 12), ('triangle.cpp.xml', 'stmt', 10))
2023-12-14 14:41:58,864	[INFO]	15      TEST_CODE_ERROR       None  [1 edit(s)]       
2023-12-14 14:41:59,633	[DEBUG]	StmtReplacement(('triangle.cpp.xml', 'stmt', 5), ('triangle.cpp.xml', 'stmt', 20))
2023-12-14 14:41:59,633	[INFO]	16      TEST_CODE_ERROR       None  [1 edit(s)]       
2023-12-14 14:41:59,772	[DEBUG]	StmtReplacement(('triangle.cpp.xml', 'stmt', 17), ('triangle.cpp.xml', 'stmt', 1))
2023-12-14 14:41:59,772	[INFO]	17      COMPILE_CODE_ERROR    None  [1 edit(s)]       
2023-12-14 14:42:00,549	[DEBUG]	StmtReplacement(('triangle.cpp.xml', 'stmt', 15), ('triangle.cpp.xml', 'stmt', 12))
2023-12-14 14:42:00,550	[INFO]	18      TEST_CODE_ERROR       None  [1 edit(s)]       
2023-12-14 14:42:01,340	[DEBUG]	StmtReplacement(('triangle.cpp.xml', 'stmt', 20), ('triangle.cpp.xml', 'stmt', 13))
2023-12-14 14:42:01,340	[INFO]	19      TEST_CODE_ERROR       None  [1 edit(s)]       
2023-12-14 14:42:02,116	[DEBUG]	StmtReplacement(('triangle.cpp.xml', 'stmt', 14), ('triangle.cpp.xml', 'stmt', 2))
2023-12-14 14:42:02,116	[INFO]	20      TEST_CODE_ERROR       None  [1 edit(s)]       
2023-12-14 14:42:02,895	[DEBUG]	StmtDeletion(('triangle.cpp.xml', 'stmt', 13))
2023-12-14 14:42:02,895	[INFO]	21      TEST_CODE_ERROR       None  [1 edit(s)]       
2023-12-14 14:42:03,682	[DEBUG]	StmtReplacement(('triangle.cpp.xml', 'stmt', 22), ('triangle.cpp.xml', 'stmt', 3))
2023-12-14 14:42:03,682	[INFO]	22      TEST_CODE_ERROR       None  [1 edit(s)]       
2023-12-14 14:42:04,557	[DEBUG]	EXEC>  SUCCESS 0.0972
2023-12-14 14:42:04,558	[DEBUG]	StmtInsertion(('triangle.cpp.xml', '_inter_block', 33), ('triangle.cpp.xml', 'stmt', 2))
2023-12-14 14:42:04,559	[INFO]	23      SUCCESS              *0.0972 (98.88%) [1 edit(s)] 
2023-12-14 14:42:04,560	[DEBUG]	--- before: triangle.cpp
+++ after: triangle.cpp
@@ -36,6 +36,7 @@
   if(a == b && b == c)
     /*auto*/{
       return EQUILATERAL;
+      double tmp;
     }/*auto*/
   if(a == b || b == c)
     /*auto*/{

2023-12-14 14:42:04,561	[DEBUG]	
2023-12-14 14:42:04,561	[INFO]	24      SUCCESS               0.104 (105.8%) [0 edit(s)] 
2023-12-14 14:42:05,340	[DEBUG]	StmtInsertion(('triangle.cpp.xml', '_inter_block', 33), ('triangle.cpp.xml', 'stmt', 2)) | StmtDeletion(('triangle.cpp.xml', 'stmt', 15))
2023-12-14 14:42:05,340	[INFO]	25      TEST_CODE_ERROR       None  [2 edit(s)]       
2023-12-14 14:42:06,106	[DEBUG]	StmtInsertion(('triangle.cpp.xml', '_inter_block', 33), ('triangle.cpp.xml', 'stmt', 2)) | StmtDeletion(('triangle.cpp.xml', 'stmt', 7))
2023-12-14 14:42:06,106	[INFO]	26      TEST_CODE_ERROR       None  [2 edit(s)]       
2023-12-14 14:42:06,976	[DEBUG]	EXEC>  SUCCESS 0.0958
2023-12-14 14:42:06,977	[DEBUG]	StmtInsertion(('triangle.cpp.xml', '_inter_block', 33), ('triangle.cpp.xml', 'stmt', 2)) | StmtInsertion(('triangle.cpp.xml', '_inter_block', 1), ('triangle.cpp.xml', 'stmt', 2))
2023-12-14 14:42:06,977	[INFO]	27      SUCCESS              *0.0958 (97.46%) [2 edit(s)] 
2023-12-14 14:42:06,979	[DEBUG]	--- before: triangle.cpp
+++ after: triangle.cpp
@@ -1,7 +1,8 @@
 #include "triangle.hpp"
 
 void delay() {
-  const struct timespec ms = {0, (long int) (0.001*1e9)}; //tv_sec=0, tv_nsec (0.001 seconds)
+  const struct timespec ms = {0, (long int) (0.001*1e9)};
+  double tmp; //tv_sec=0, tv_nsec (0.001 seconds)
   nanosleep(&ms,NULL); /*ignores possible errors*/
 }
 
@@ -36,6 +37,7 @@
   if(a == b && b == c)
     /*auto*/{
       return EQUILATERAL;
+      double tmp;
     }/*auto*/
   if(a == b || b == c)
     /*auto*/{

2023-12-14 14:42:07,783	[DEBUG]	StmtInsertion(('triangle.cpp.xml', '_inter_block', 33), ('triangle.cpp.xml', 'stmt', 2)) | StmtInsertion(('triangle.cpp.xml', '_inter_block', 1), ('triangle.cpp.xml', 'stmt', 2)) | StmtDeletion(('triangle.cpp.xml', 'stmt', 17))
2023-12-14 14:42:07,784	[INFO]	28      TEST_CODE_ERROR       None  [3 edit(s)]       
2023-12-14 14:42:07,786	[DEBUG]	StmtInsertion(('triangle.cpp.xml', '_inter_block', 33), ('triangle.cpp.xml', 'stmt', 2))
2023-12-14 14:42:07,786	[INFO]	29      SUCCESS               0.0972 (98.88%) [1 edit(s)] 
2023-12-14 14:42:08,712	[DEBUG]	EXEC>  SUCCESS 0.1033
2023-12-14 14:42:08,713	[DEBUG]	StmtInsertion(('triangle.cpp.xml', '_inter_block', 33), ('triangle.cpp.xml', 'stmt', 2)) | StmtInsertion(('triangle.cpp.xml', '_inter_block', 1), ('triangle.cpp.xml', 'stmt', 2)) | StmtDeletion(('triangle.cpp.xml', 'stmt', 4))
2023-12-14 14:42:08,714	[INFO]	30      SUCCESS               0.1033 (105.09%) [3 edit(s)] 
2023-12-14 14:42:09,506	[DEBUG]	StmtInsertion(('triangle.cpp.xml', '_inter_block', 33), ('triangle.cpp.xml', 'stmt', 2)) | StmtInsertion(('triangle.cpp.xml', '_inter_block', 1), ('triangle.cpp.xml', 'stmt', 2)) | StmtDeletion(('triangle.cpp.xml', 'stmt', 17))
2023-12-14 14:42:09,507	[INFO]	31      TEST_CODE_ERROR       None  [3 edit(s)]       
2023-12-14 14:42:10,313	[DEBUG]	StmtInsertion(('triangle.cpp.xml', '_inter_block', 33), ('triangle.cpp.xml', 'stmt', 2)) | StmtInsertion(('triangle.cpp.xml', '_inter_block', 1), ('triangle.cpp.xml', 'stmt', 2)) | StmtReplacement(('triangle.cpp.xml', 'stmt', 18), ('triangle.cpp.xml', 'stmt', 7))
2023-12-14 14:42:10,313	[INFO]	32      TEST_CODE_ERROR       None  [3 edit(s)]       
2023-12-14 14:42:11,185	[DEBUG]	EXEC>  SUCCESS 0.096
2023-12-14 14:42:11,185	[DEBUG]	StmtInsertion(('triangle.cpp.xml', '_inter_block', 33), ('triangle.cpp.xml', 'stmt', 2)) | StmtInsertion(('triangle.cpp.xml', '_inter_block', 1), ('triangle.cpp.xml', 'stmt', 2)) | StmtInsertion(('triangle.cpp.xml', '_inter_block', 15), ('triangle.cpp.xml', 'stmt', 16))
2023-12-14 14:42:11,186	[INFO]	33      SUCCESS               0.096 (97.66%) [3 edit(s)] 
2023-12-14 14:42:12,091	[DEBUG]	EXEC>  SUCCESS 0.0967
2023-12-14 14:42:12,091	[DEBUG]	StmtInsertion(('triangle.cpp.xml', '_inter_block', 33), ('triangle.cpp.xml', 'stmt', 2)) | StmtInsertion(('triangle.cpp.xml', '_inter_block', 1), ('triangle.cpp.xml', 'stmt', 2)) | StmtInsertion(('triangle.cpp.xml', '_inter_block', 17), ('triangle.cpp.xml', 'stmt', 20))
2023-12-14 14:42:12,092	[INFO]	34      SUCCESS               0.0967 (98.37%) [3 edit(s)] 
2023-12-14 14:42:12,816	[DEBUG]	StmtInsertion(('triangle.cpp.xml', '_inter_block', 33), ('triangle.cpp.xml', 'stmt', 2)) | StmtInsertion(('triangle.cpp.xml', '_inter_block', 1), ('triangle.cpp.xml', 'stmt', 2)) | StmtReplacement(('triangle.cpp.xml', 'stmt', 7), ('triangle.cpp.xml', 'stmt', 9))
2023-12-14 14:42:12,817	[INFO]	35      TEST_CODE_ERROR       None  [3 edit(s)]       
2023-12-14 14:42:13,631	[DEBUG]	StmtInsertion(('triangle.cpp.xml', '_inter_block', 33), ('triangle.cpp.xml', 'stmt', 2)) | StmtInsertion(('triangle.cpp.xml', '_inter_block', 1), ('triangle.cpp.xml', 'stmt', 2)) | StmtDeletion(('triangle.cpp.xml', 'stmt', 7))
2023-12-14 14:42:13,632	[INFO]	36      TEST_CODE_ERROR       None  [3 edit(s)]       
2023-12-14 14:42:14,505	[DEBUG]	EXEC>  SUCCESS 0.0954
2023-12-14 14:42:14,505	[DEBUG]	StmtInsertion(('triangle.cpp.xml', '_inter_block', 1), ('triangle.cpp.xml', 'stmt', 2))
2023-12-14 14:42:14,506	[INFO]	37      SUCCESS              *0.0954 (97.05%) [1 edit(s)] 
2023-12-14 14:42:14,507	[DEBUG]	--- before: triangle.cpp
+++ after: triangle.cpp
@@ -1,7 +1,8 @@
 #include "triangle.hpp"
 
 void delay() {
-  const struct timespec ms = {0, (long int) (0.001*1e9)}; //tv_sec=0, tv_nsec (0.001 seconds)
+  const struct timespec ms = {0, (long int) (0.001*1e9)};
+  double tmp; //tv_sec=0, tv_nsec (0.001 seconds)
   nanosleep(&ms,NULL); /*ignores possible errors*/
 }
 

2023-12-14 14:42:15,338	[DEBUG]	StmtInsertion(('triangle.cpp.xml', '_inter_block', 1), ('triangle.cpp.xml', 'stmt', 2)) | StmtReplacement(('triangle.cpp.xml', 'stmt', 5), ('triangle.cpp.xml', 'stmt', 20))
2023-12-14 14:42:15,339	[INFO]	38      TEST_CODE_ERROR       None  [2 edit(s)]       
2023-12-14 14:42:16,134	[DEBUG]	StmtInsertion(('triangle.cpp.xml', '_inter_block', 1), ('triangle.cpp.xml', 'stmt', 2)) | StmtDeletion(('triangle.cpp.xml', 'stmt', 19))
2023-12-14 14:42:16,134	[INFO]	39      TEST_CODE_ERROR       None  [2 edit(s)]       
2023-12-14 14:42:16,136	[DEBUG]	
2023-12-14 14:42:16,136	[INFO]	40      SUCCESS               0.104 (105.8%) [0 edit(s)] 
2023-12-14 14:42:16,938	[DEBUG]	StmtInsertion(('triangle.cpp.xml', '_inter_block', 1), ('triangle.cpp.xml', 'stmt', 2)) | StmtReplacement(('triangle.cpp.xml', 'stmt', 5), ('triangle.cpp.xml', 'stmt', 20))
2023-12-14 14:42:16,938	[INFO]	41      TEST_CODE_ERROR       None  [2 edit(s)]       
2023-12-14 14:42:17,847	[DEBUG]	EXEC>  SUCCESS 0.1045
2023-12-14 14:42:17,847	[DEBUG]	StmtInsertion(('triangle.cpp.xml', '_inter_block', 1), ('triangle.cpp.xml', 'stmt', 2)) | StmtInsertion(('triangle.cpp.xml', '_inter_block', 23), ('triangle.cpp.xml', 'stmt', 9))
2023-12-14 14:42:17,848	[INFO]	42      SUCCESS               0.1045 (106.31%) [2 edit(s)] 
2023-12-14 14:42:18,759	[DEBUG]	EXEC>  SUCCESS 0.0965
2023-12-14 14:42:18,760	[DEBUG]	StmtInsertion(('triangle.cpp.xml', '_inter_block', 1), ('triangle.cpp.xml', 'stmt', 2)) | StmtInsertion(('triangle.cpp.xml', '_inter_block', 10), ('triangle.cpp.xml', 'stmt', 9))
2023-12-14 14:42:18,761	[INFO]	43      SUCCESS               0.0965 (98.17%) [2 edit(s)] 
2023-12-14 14:42:18,904	[DEBUG]	StmtInsertion(('triangle.cpp.xml', '_inter_block', 1), ('triangle.cpp.xml', 'stmt', 2)) | StmtInsertion(('triangle.cpp.xml', '_inter_block', 6), ('triangle.cpp.xml', 'stmt', 3))
2023-12-14 14:42:18,904	[INFO]	44      COMPILE_CODE_ERROR    None  [2 edit(s)]       
2023-12-14 14:42:19,783	[DEBUG]	EXEC>  SUCCESS 0.0971
2023-12-14 14:42:19,784	[DEBUG]	StmtInsertion(('triangle.cpp.xml', '_inter_block', 1), ('triangle.cpp.xml', 'stmt', 2)) | StmtDeletion(('triangle.cpp.xml', 'stmt', 4))
2023-12-14 14:42:19,784	[INFO]	45      SUCCESS               0.0971 (98.78%) [2 edit(s)] 
2023-12-14 14:42:20,603	[DEBUG]	StmtInsertion(('triangle.cpp.xml', '_inter_block', 1), ('triangle.cpp.xml', 'stmt', 2)) | StmtDeletion(('triangle.cpp.xml', 'stmt', 21))
2023-12-14 14:42:20,603	[INFO]	46      TEST_CODE_ERROR       None  [2 edit(s)]       
2023-12-14 14:42:21,433	[DEBUG]	EXEC>  SUCCESS 0.0297
2023-12-14 14:42:21,434	[DEBUG]	StmtInsertion(('triangle.cpp.xml', '_inter_block', 1), ('triangle.cpp.xml', 'stmt', 2)) | StmtDeletion(('triangle.cpp.xml', 'stmt', 1))
2023-12-14 14:42:21,434	[INFO]	47      SUCCESS              *0.0297 (30.21%) [2 edit(s)] 
2023-12-14 14:42:21,436	[DEBUG]	--- before: triangle.cpp
+++ after: triangle.cpp
@@ -1,8 +1,9 @@
 #include "triangle.hpp"
 
 void delay() {
-  const struct timespec ms = {0, (long int) (0.001*1e9)}; //tv_sec=0, tv_nsec (0.001 seconds)
-  nanosleep(&ms,NULL); /*ignores possible errors*/
+  const struct timespec ms = {0, (long int) (0.001*1e9)};
+  double tmp; //tv_sec=0, tv_nsec (0.001 seconds)
+   /*ignores possible errors*/
 }
 
 int classify_triangle(double a, double b, double c) {

2023-12-14 14:42:22,253	[DEBUG]	EXEC>  SUCCESS 0.0297
2023-12-14 14:42:22,253	[DEBUG]	StmtInsertion(('triangle.cpp.xml', '_inter_block', 1), ('triangle.cpp.xml', 'stmt', 2)) | StmtDeletion(('triangle.cpp.xml', 'stmt', 1)) | StmtReplacement(('triangle.cpp.xml', 'stmt', 8), ('triangle.cpp.xml', 'stmt', 16))
2023-12-14 14:42:22,254	[INFO]	48      SUCCESS              +0.0297 (30.21%) [3 edit(s)] 
2023-12-14 14:42:22,256	[DEBUG]	--- before: triangle.cpp
+++ after: triangle.cpp
@@ -1,8 +1,9 @@
 #include "triangle.hpp"
 
 void delay() {
-  const struct timespec ms = {0, (long int) (0.001*1e9)}; //tv_sec=0, tv_nsec (0.001 seconds)
-  nanosleep(&ms,NULL); /*ignores possible errors*/
+  const struct timespec ms = {0, (long int) (0.001*1e9)};
+  double tmp; //tv_sec=0, tv_nsec (0.001 seconds)
+   /*ignores possible errors*/
 }
 
 int classify_triangle(double a, double b, double c) {
@@ -17,11 +18,10 @@
     b = tmp;
   }
 
-  if(a > c) {
-    tmp = a;
-    a = c;
-    c = tmp;
-  }
+  if(a + b <= c)
+    /*auto*/{
+      return INVALID;
+    }/*auto*/
 
   if(b > c) {
     tmp = b;

2023-12-14 14:42:23,129	[DEBUG]	EXEC>  SUCCESS 0.1036
2023-12-14 14:42:23,130	[DEBUG]	StmtInsertion(('triangle.cpp.xml', '_inter_block', 1), ('triangle.cpp.xml', 'stmt', 2)) | StmtReplacement(('triangle.cpp.xml', 'stmt', 8), ('triangle.cpp.xml', 'stmt', 16))
2023-12-14 14:42:23,130	[INFO]	49      SUCCESS               0.1036 (105.39%) [2 edit(s)] 
2023-12-14 14:42:23,895	[DEBUG]	StmtInsertion(('triangle.cpp.xml', '_inter_block', 1), ('triangle.cpp.xml', 'stmt', 2)) | StmtDeletion(('triangle.cpp.xml', 'stmt', 1)) | StmtReplacement(('triangle.cpp.xml', 'stmt', 8), ('triangle.cpp.xml', 'stmt', 16)) | StmtDeletion(('triangle.cpp.xml', 'stmt', 13))
2023-12-14 14:42:23,896	[INFO]	50      TEST_CODE_ERROR       None  [4 edit(s)]       
2023-12-14 14:42:24,030	[DEBUG]	StmtInsertion(('triangle.cpp.xml', '_inter_block', 1), ('triangle.cpp.xml', 'stmt', 2)) | StmtDeletion(('triangle.cpp.xml', 'stmt', 1)) | StmtReplacement(('triangle.cpp.xml', 'stmt', 8), ('triangle.cpp.xml', 'stmt', 16)) | StmtInsertion(('triangle.cpp.xml', '_inter_block', 12), ('triangle.cpp.xml', 'stmt', 1))
2023-12-14 14:42:24,031	[INFO]	51      COMPILE_CODE_ERROR    None  [4 edit(s)]       
2023-12-14 14:42:24,814	[DEBUG]	EXEC>  SUCCESS 0.0233
2023-12-14 14:42:24,815	[DEBUG]	StmtInsertion(('triangle.cpp.xml', '_inter_block', 1), ('triangle.cpp.xml', 'stmt', 2)) | StmtDeletion(('triangle.cpp.xml', 'stmt', 1)) | StmtReplacement(('triangle.cpp.xml', 'stmt', 8), ('triangle.cpp.xml', 'stmt', 16)) | StmtInsertion(('triangle.cpp.xml', '_inter_block', 11), ('triangle.cpp.xml', 'stmt', 0))
2023-12-14 14:42:24,815	[INFO]	52      SUCCESS              *0.0233 (23.7%) [4 edit(s)] 
2023-12-14 14:42:24,818	[DEBUG]	--- before: triangle.cpp
+++ after: triangle.cpp
@@ -1,8 +1,9 @@
 #include "triangle.hpp"
 
 void delay() {
-  const struct timespec ms = {0, (long int) (0.001*1e9)}; //tv_sec=0, tv_nsec (0.001 seconds)
-  nanosleep(&ms,NULL); /*ignores possible errors*/
+  const struct timespec ms = {0, (long int) (0.001*1e9)};
+  double tmp; //tv_sec=0, tv_nsec (0.001 seconds)
+   /*ignores possible errors*/
 }
 
 int classify_triangle(double a, double b, double c) {
@@ -16,12 +17,12 @@
     a = b;
     b = tmp;
   }
+  const struct timespec ms = {0, (long int) (0.001*1e9)};
 
-  if(a > c) {
-    tmp = a;
-    a = c;
-    c = tmp;
-  }
+  if(a + b <= c)
+    /*auto*/{
+      return INVALID;
+    }/*auto*/
 
   if(b > c) {
     tmp = b;

2023-12-14 14:42:25,585	[DEBUG]	EXEC>  SUCCESS 0.0229
2023-12-14 14:42:25,586	[DEBUG]	StmtDeletion(('triangle.cpp.xml', 'stmt', 1)) | StmtReplacement(('triangle.cpp.xml', 'stmt', 8), ('triangle.cpp.xml', 'stmt', 16)) | StmtInsertion(('triangle.cpp.xml', '_inter_block', 11), ('triangle.cpp.xml', 'stmt', 0))
2023-12-14 14:42:25,587	[INFO]	53      SUCCESS              *0.0229 (23.3%) [3 edit(s)] 
2023-12-14 14:42:25,589	[DEBUG]	--- before: triangle.cpp
+++ after: triangle.cpp
@@ -2,7 +2,7 @@
 
 void delay() {
   const struct timespec ms = {0, (long int) (0.001*1e9)}; //tv_sec=0, tv_nsec (0.001 seconds)
-  nanosleep(&ms,NULL); /*ignores possible errors*/
+   /*ignores possible errors*/
 }
 
 int classify_triangle(double a, double b, double c) {
@@ -16,12 +16,12 @@
     a = b;
     b = tmp;
   }
+  const struct timespec ms = {0, (long int) (0.001*1e9)};
 
-  if(a > c) {
-    tmp = a;
-    a = c;
-    c = tmp;
-  }
+  if(a + b <= c)
+    /*auto*/{
+      return INVALID;
+    }/*auto*/
 
   if(b > c) {
     tmp = b;

2023-12-14 14:42:26,347	[DEBUG]	EXEC>  SUCCESS 0.023
2023-12-14 14:42:26,348	[DEBUG]	StmtDeletion(('triangle.cpp.xml', 'stmt', 1)) | StmtReplacement(('triangle.cpp.xml', 'stmt', 8), ('triangle.cpp.xml', 'stmt', 16))
2023-12-14 14:42:26,348	[INFO]	54      SUCCESS               0.023 (23.4%) [2 edit(s)] 
2023-12-14 14:42:27,142	[DEBUG]	EXEC>  SUCCESS 0.0233
2023-12-14 14:42:27,143	[DEBUG]	StmtDeletion(('triangle.cpp.xml', 'stmt', 1)) | StmtInsertion(('triangle.cpp.xml', '_inter_block', 11), ('triangle.cpp.xml', 'stmt', 0))
2023-12-14 14:42:27,144	[INFO]	55      SUCCESS               0.0233 (23.7%) [2 edit(s)] 
2023-12-14 14:42:27,274	[DEBUG]	StmtDeletion(('triangle.cpp.xml', 'stmt', 1)) | StmtReplacement(('triangle.cpp.xml', 'stmt', 8), ('triangle.cpp.xml', 'stmt', 16)) | StmtInsertion(('triangle.cpp.xml', '_inter_block', 11), ('triangle.cpp.xml', 'stmt', 0)) | StmtReplacement(('triangle.cpp.xml', 'stmt', 18), ('triangle.cpp.xml', 'stmt', 2))
2023-12-14 14:42:27,275	[INFO]	56      COMPILE_CODE_ERROR    None  [4 edit(s)]       
2023-12-14 14:42:27,277	[DEBUG]	StmtDeletion(('triangle.cpp.xml', 'stmt', 1)) | StmtReplacement(('triangle.cpp.xml', 'stmt', 8), ('triangle.cpp.xml', 'stmt', 16)) | StmtInsertion(('triangle.cpp.xml', '_inter_block', 11), ('triangle.cpp.xml', 'stmt', 0)) | StmtDeletion(('triangle.cpp.xml', 'stmt', 6))
2023-12-14 14:42:27,278	[INFO]	57      SUCCESS              +0.0229 (23.3%) [4 edit(s)] 
2023-12-14 14:42:27,279	[DEBUG]	--- before: triangle.cpp
+++ after: triangle.cpp
@@ -2,7 +2,7 @@
 
 void delay() {
   const struct timespec ms = {0, (long int) (0.001*1e9)}; //tv_sec=0, tv_nsec (0.001 seconds)
-  nanosleep(&ms,NULL); /*ignores possible errors*/
+   /*ignores possible errors*/
 }
 
 int classify_triangle(double a, double b, double c) {
@@ -16,12 +16,12 @@
     a = b;
     b = tmp;
   }
+  const struct timespec ms = {0, (long int) (0.001*1e9)};
 
-  if(a > c) {
-    tmp = a;
-    a = c;
-    c = tmp;
-  }
+  if(a + b <= c)
+    /*auto*/{
+      return INVALID;
+    }/*auto*/
 
   if(b > c) {
     tmp = b;

2023-12-14 14:42:27,281	[DEBUG]	StmtDeletion(('triangle.cpp.xml', 'stmt', 1)) | StmtInsertion(('triangle.cpp.xml', '_inter_block', 11), ('triangle.cpp.xml', 'stmt', 0)) | StmtDeletion(('triangle.cpp.xml', 'stmt', 6))
2023-12-14 14:42:27,281	[INFO]	58      SUCCESS               0.0233 (23.7%) [3 edit(s)] 
2023-12-14 14:42:28,047	[DEBUG]	StmtDeletion(('triangle.cpp.xml', 'stmt', 1)) | StmtReplacement(('triangle.cpp.xml', 'stmt', 8), ('triangle.cpp.xml', 'stmt', 16)) | StmtInsertion(('triangle.cpp.xml', '_inter_block', 11), ('triangle.cpp.xml', 'stmt', 0)) | StmtDeletion(('triangle.cpp.xml', 'stmt', 6)) | StmtDeletion(('triangle.cpp.xml', 'stmt', 19))
2023-12-14 14:42:28,047	[INFO]	59      TEST_CODE_ERROR       None  [5 edit(s)]       
2023-12-14 14:42:28,050	[DEBUG]	StmtDeletion(('triangle.cpp.xml', 'stmt', 1)) | StmtReplacement(('triangle.cpp.xml', 'stmt', 8), ('triangle.cpp.xml', 'stmt', 16)) | StmtInsertion(('triangle.cpp.xml', '_inter_block', 11), ('triangle.cpp.xml', 'stmt', 0)) | StmtDeletion(('triangle.cpp.xml', 'stmt', 6)) | StmtReplacement(('triangle.cpp.xml', 'stmt', 7), ('triangle.cpp.xml', 'stmt', 6))
2023-12-14 14:42:28,050	[INFO]	60      SUCCESS              +0.0229 (23.3%) [5 edit(s)] 
2023-12-14 14:42:28,052	[DEBUG]	--- before: triangle.cpp
+++ after: triangle.cpp
@@ -2,7 +2,7 @@
 
 void delay() {
   const struct timespec ms = {0, (long int) (0.001*1e9)}; //tv_sec=0, tv_nsec (0.001 seconds)
-  nanosleep(&ms,NULL); /*ignores possible errors*/
+   /*ignores possible errors*/
 }
 
 int classify_triangle(double a, double b, double c) {
@@ -16,12 +16,12 @@
     a = b;
     b = tmp;
   }
+  const struct timespec ms = {0, (long int) (0.001*1e9)};
 
-  if(a > c) {
-    tmp = a;
-    a = c;
-    c = tmp;
-  }
+  if(a + b <= c)
+    /*auto*/{
+      return INVALID;
+    }/*auto*/
 
   if(b > c) {
     tmp = b;

2023-12-14 14:42:28,054	[DEBUG]	StmtDeletion(('triangle.cpp.xml', 'stmt', 1)) | StmtReplacement(('triangle.cpp.xml', 'stmt', 8), ('triangle.cpp.xml', 'stmt', 16)) | StmtInsertion(('triangle.cpp.xml', '_inter_block', 11), ('triangle.cpp.xml', 'stmt', 0)) | StmtDeletion(('triangle.cpp.xml', 'stmt', 6)) | StmtReplacement(('triangle.cpp.xml', 'stmt', 7), ('triangle.cpp.xml', 'stmt', 6)) | StmtReplacement(('triangle.cpp.xml', 'stmt', 15), ('triangle.cpp.xml', 'stmt', 11))
2023-12-14 14:42:28,054	[INFO]	61      SUCCESS              +0.0229 (23.3%) [6 edit(s)] 
2023-12-14 14:42:28,056	[DEBUG]	--- before: triangle.cpp
+++ after: triangle.cpp
@@ -2,7 +2,7 @@
 
 void delay() {
   const struct timespec ms = {0, (long int) (0.001*1e9)}; //tv_sec=0, tv_nsec (0.001 seconds)
-  nanosleep(&ms,NULL); /*ignores possible errors*/
+   /*ignores possible errors*/
 }
 
 int classify_triangle(double a, double b, double c) {
@@ -16,12 +16,12 @@
     a = b;
     b = tmp;
   }
+  const struct timespec ms = {0, (long int) (0.001*1e9)};
 
-  if(a > c) {
-    tmp = a;
-    a = c;
-    c = tmp;
-  }
+  if(a + b <= c)
+    /*auto*/{
+      return INVALID;
+    }/*auto*/
 
   if(b > c) {
     tmp = b;

2023-12-14 14:42:28,058	[DEBUG]	StmtDeletion(('triangle.cpp.xml', 'stmt', 1)) | StmtInsertion(('triangle.cpp.xml', '_inter_block', 11), ('triangle.cpp.xml', 'stmt', 0)) | StmtDeletion(('triangle.cpp.xml', 'stmt', 6)) | StmtReplacement(('triangle.cpp.xml', 'stmt', 7), ('triangle.cpp.xml', 'stmt', 6)) | StmtReplacement(('triangle.cpp.xml', 'stmt', 15), ('triangle.cpp.xml', 'stmt', 11))
2023-12-14 14:42:28,058	[INFO]	62      SUCCESS               0.0233 (23.7%) [5 edit(s)] 
2023-12-14 14:42:28,196	[DEBUG]	StmtDeletion(('triangle.cpp.xml', 'stmt', 1)) | StmtReplacement(('triangle.cpp.xml', 'stmt', 8), ('triangle.cpp.xml', 'stmt', 16)) | StmtInsertion(('triangle.cpp.xml', '_inter_block', 11), ('triangle.cpp.xml', 'stmt', 0)) | StmtDeletion(('triangle.cpp.xml', 'stmt', 6)) | StmtReplacement(('triangle.cpp.xml', 'stmt', 7), ('triangle.cpp.xml', 'stmt', 6)) | StmtReplacement(('triangle.cpp.xml', 'stmt', 15), ('triangle.cpp.xml', 'stmt', 11)) | StmtInsertion(('triangle.cpp.xml', '_inter_block', 5), ('triangle.cpp.xml', 'stmt', 10))
2023-12-14 14:42:28,196	[INFO]	63      COMPILE_CODE_ERROR    None  [7 edit(s)]       
2023-12-14 14:42:29,088	[DEBUG]	EXEC>  SUCCESS 0.1042
2023-12-14 14:42:29,088	[DEBUG]	StmtReplacement(('triangle.cpp.xml', 'stmt', 8), ('triangle.cpp.xml', 'stmt', 16)) | StmtInsertion(('triangle.cpp.xml', '_inter_block', 11), ('triangle.cpp.xml', 'stmt', 0)) | StmtDeletion(('triangle.cpp.xml', 'stmt', 6)) | StmtReplacement(('triangle.cpp.xml', 'stmt', 7), ('triangle.cpp.xml', 'stmt', 6)) | StmtReplacement(('triangle.cpp.xml', 'stmt', 15), ('triangle.cpp.xml', 'stmt', 11))
2023-12-14 14:42:29,089	[INFO]	64      SUCCESS               0.1042 (106.0%) [5 edit(s)] 
2023-12-14 14:42:29,259	[DEBUG]	StmtDeletion(('triangle.cpp.xml', 'stmt', 1)) | StmtReplacement(('triangle.cpp.xml', 'stmt', 8), ('triangle.cpp.xml', 'stmt', 16)) | StmtInsertion(('triangle.cpp.xml', '_inter_block', 11), ('triangle.cpp.xml', 'stmt', 0)) | StmtDeletion(('triangle.cpp.xml', 'stmt', 6)) | StmtReplacement(('triangle.cpp.xml', 'stmt', 7), ('triangle.cpp.xml', 'stmt', 6)) | StmtReplacement(('triangle.cpp.xml', 'stmt', 15), ('triangle.cpp.xml', 'stmt', 11)) | StmtReplacement(('triangle.cpp.xml', 'stmt', 20), ('triangle.cpp.xml', 'stmt', 2))
2023-12-14 14:42:29,259	[INFO]	65      COMPILE_CODE_ERROR    None  [7 edit(s)]       
2023-12-14 14:42:29,264	[DEBUG]	StmtDeletion(('triangle.cpp.xml', 'stmt', 1)) | StmtReplacement(('triangle.cpp.xml', 'stmt', 8), ('triangle.cpp.xml', 'stmt', 16)) | StmtInsertion(('triangle.cpp.xml', '_inter_block', 11), ('triangle.cpp.xml', 'stmt', 0)) | StmtDeletion(('triangle.cpp.xml', 'stmt', 6)) | StmtReplacement(('triangle.cpp.xml', 'stmt', 7), ('triangle.cpp.xml', 'stmt', 6))
2023-12-14 14:42:29,264	[INFO]	66      SUCCESS              +0.0229 (23.3%) [5 edit(s)] 
2023-12-14 14:42:29,266	[DEBUG]	--- before: triangle.cpp
+++ after: triangle.cpp
@@ -2,7 +2,7 @@
 
 void delay() {
   const struct timespec ms = {0, (long int) (0.001*1e9)}; //tv_sec=0, tv_nsec (0.001 seconds)
-  nanosleep(&ms,NULL); /*ignores possible errors*/
+   /*ignores possible errors*/
 }
 
 int classify_triangle(double a, double b, double c) {
@@ -16,12 +16,12 @@
     a = b;
     b = tmp;
   }
+  const struct timespec ms = {0, (long int) (0.001*1e9)};
 
-  if(a > c) {
-    tmp = a;
-    a = c;
-    c = tmp;
-  }
+  if(a + b <= c)
+    /*auto*/{
+      return INVALID;
+    }/*auto*/
 
   if(b > c) {
     tmp = b;

2023-12-14 14:42:29,268	[DEBUG]	StmtDeletion(('triangle.cpp.xml', 'stmt', 1)) | StmtInsertion(('triangle.cpp.xml', '_inter_block', 11), ('triangle.cpp.xml', 'stmt', 0)) | StmtDeletion(('triangle.cpp.xml', 'stmt', 6)) | StmtReplacement(('triangle.cpp.xml', 'stmt', 7), ('triangle.cpp.xml', 'stmt', 6))
2023-12-14 14:42:29,268	[INFO]	67      SUCCESS               0.0233 (23.7%) [4 edit(s)] 
2023-12-14 14:42:30,011	[DEBUG]	StmtDeletion(('triangle.cpp.xml', 'stmt', 1)) | StmtReplacement(('triangle.cpp.xml', 'stmt', 8), ('triangle.cpp.xml', 'stmt', 16)) | StmtDeletion(('triangle.cpp.xml', 'stmt', 6)) | StmtReplacement(('triangle.cpp.xml', 'stmt', 7), ('triangle.cpp.xml', 'stmt', 6))
2023-12-14 14:42:30,012	[INFO]	68      TEST_CODE_ERROR       None  [4 edit(s)]       
2023-12-14 14:42:30,015	[DEBUG]	StmtReplacement(('triangle.cpp.xml', 'stmt', 8), ('triangle.cpp.xml', 'stmt', 16)) | StmtInsertion(('triangle.cpp.xml', '_inter_block', 11), ('triangle.cpp.xml', 'stmt', 0)) | StmtDeletion(('triangle.cpp.xml', 'stmt', 6)) | StmtReplacement(('triangle.cpp.xml', 'stmt', 7), ('triangle.cpp.xml', 'stmt', 6))
2023-12-14 14:42:30,015	[INFO]	69      SUCCESS               0.1042 (106.0%) [4 edit(s)] 
2023-12-14 14:42:30,017	[DEBUG]	StmtDeletion(('triangle.cpp.xml', 'stmt', 1)) | StmtReplacement(('triangle.cpp.xml', 'stmt', 8), ('triangle.cpp.xml', 'stmt', 16)) | StmtInsertion(('triangle.cpp.xml', '_inter_block', 11), ('triangle.cpp.xml', 'stmt', 0)) | StmtDeletion(('triangle.cpp.xml', 'stmt', 6)) | StmtReplacement(('triangle.cpp.xml', 'stmt', 7), ('triangle.cpp.xml', 'stmt', 6)) | StmtReplacement(('triangle.cpp.xml', 'stmt', 6), ('triangle.cpp.xml', 'stmt', 19))
2023-12-14 14:42:30,017	[INFO]	70      SUCCESS              +0.0229 (23.3%) [6 edit(s)] 
2023-12-14 14:42:30,020	[DEBUG]	--- before: triangle.cpp
+++ after: triangle.cpp
@@ -2,7 +2,7 @@
 
 void delay() {
   const struct timespec ms = {0, (long int) (0.001*1e9)}; //tv_sec=0, tv_nsec (0.001 seconds)
-  nanosleep(&ms,NULL); /*ignores possible errors*/
+   /*ignores possible errors*/
 }
 
 int classify_triangle(double a, double b, double c) {
@@ -16,12 +16,12 @@
     a = b;
     b = tmp;
   }
+  const struct timespec ms = {0, (long int) (0.001*1e9)};
 
-  if(a > c) {
-    tmp = a;
-    a = c;
-    c = tmp;
-  }
+  if(a + b <= c)
+    /*auto*/{
+      return INVALID;
+    }/*auto*/
 
   if(b > c) {
     tmp = b;

2023-12-14 14:42:30,022	[DEBUG]	StmtDeletion(('triangle.cpp.xml', 'stmt', 1)) | StmtReplacement(('triangle.cpp.xml', 'stmt', 8), ('triangle.cpp.xml', 'stmt', 16)) | StmtInsertion(('triangle.cpp.xml', '_inter_block', 11), ('triangle.cpp.xml', 'stmt', 0)) | StmtReplacement(('triangle.cpp.xml', 'stmt', 7), ('triangle.cpp.xml', 'stmt', 6)) | StmtReplacement(('triangle.cpp.xml', 'stmt', 6), ('triangle.cpp.xml', 'stmt', 19))
2023-12-14 14:42:30,022	[INFO]	71      SUCCESS              +0.0229 (23.3%) [5 edit(s)] 
2023-12-14 14:42:30,024	[DEBUG]	--- before: triangle.cpp
+++ after: triangle.cpp
@@ -2,7 +2,7 @@
 
 void delay() {
   const struct timespec ms = {0, (long int) (0.001*1e9)}; //tv_sec=0, tv_nsec (0.001 seconds)
-  nanosleep(&ms,NULL); /*ignores possible errors*/
+   /*ignores possible errors*/
 }
 
 int classify_triangle(double a, double b, double c) {
@@ -16,12 +16,12 @@
     a = b;
     b = tmp;
   }
+  const struct timespec ms = {0, (long int) (0.001*1e9)};
 
-  if(a > c) {
-    tmp = a;
-    a = c;
-    c = tmp;
-  }
+  if(a + b <= c)
+    /*auto*/{
+      return INVALID;
+    }/*auto*/
 
   if(b > c) {
     tmp = b;

2023-12-14 14:42:30,026	[DEBUG]	StmtDeletion(('triangle.cpp.xml', 'stmt', 1)) | StmtInsertion(('triangle.cpp.xml', '_inter_block', 11), ('triangle.cpp.xml', 'stmt', 0)) | StmtReplacement(('triangle.cpp.xml', 'stmt', 7), ('triangle.cpp.xml', 'stmt', 6)) | StmtReplacement(('triangle.cpp.xml', 'stmt', 6), ('triangle.cpp.xml', 'stmt', 19))
2023-12-14 14:42:30,026	[INFO]	72      SUCCESS               0.0233 (23.7%) [4 edit(s)] 
2023-12-14 14:42:30,748	[DEBUG]	StmtDeletion(('triangle.cpp.xml', 'stmt', 1)) | StmtReplacement(('triangle.cpp.xml', 'stmt', 8), ('triangle.cpp.xml', 'stmt', 16)) | StmtInsertion(('triangle.cpp.xml', '_inter_block', 11), ('triangle.cpp.xml', 'stmt', 0)) | StmtReplacement(('triangle.cpp.xml', 'stmt', 7), ('triangle.cpp.xml', 'stmt', 6)) | StmtReplacement(('triangle.cpp.xml', 'stmt', 6), ('triangle.cpp.xml', 'stmt', 19)) | StmtInsertion(('triangle.cpp.xml', '_inter_block', 14), ('triangle.cpp.xml', 'stmt', 17))
2023-12-14 14:42:30,748	[INFO]	73      TEST_CODE_ERROR       None  [6 edit(s)]       
2023-12-14 14:42:30,891	[DEBUG]	StmtDeletion(('triangle.cpp.xml', 'stmt', 1)) | StmtReplacement(('triangle.cpp.xml', 'stmt', 8), ('triangle.cpp.xml', 'stmt', 16)) | StmtInsertion(('triangle.cpp.xml', '_inter_block', 11), ('triangle.cpp.xml', 'stmt', 0)) | StmtReplacement(('triangle.cpp.xml', 'stmt', 7), ('triangle.cpp.xml', 'stmt', 6)) | StmtReplacement(('triangle.cpp.xml', 'stmt', 6), ('triangle.cpp.xml', 'stmt', 19)) | StmtReplacement(('triangle.cpp.xml', 'stmt', 2), ('triangle.cpp.xml', 'stmt', 8))
2023-12-14 14:42:30,891	[INFO]	74      COMPILE_CODE_ERROR    None  [6 edit(s)]       
2023-12-14 14:42:30,895	[DEBUG]	StmtDeletion(('triangle.cpp.xml', 'stmt', 1)) | StmtReplacement(('triangle.cpp.xml', 'stmt', 8), ('triangle.cpp.xml', 'stmt', 16)) | StmtInsertion(('triangle.cpp.xml', '_inter_block', 11), ('triangle.cpp.xml', 'stmt', 0)) | StmtReplacement(('triangle.cpp.xml', 'stmt', 6), ('triangle.cpp.xml', 'stmt', 19))
2023-12-14 14:42:30,895	[INFO]	75      SUCCESS              +0.0229 (23.3%) [4 edit(s)] 
2023-12-14 14:42:30,897	[DEBUG]	--- before: triangle.cpp
+++ after: triangle.cpp
@@ -2,7 +2,7 @@
 
 void delay() {
   const struct timespec ms = {0, (long int) (0.001*1e9)}; //tv_sec=0, tv_nsec (0.001 seconds)
-  nanosleep(&ms,NULL); /*ignores possible errors*/
+   /*ignores possible errors*/
 }
 
 int classify_triangle(double a, double b, double c) {
@@ -16,12 +16,12 @@
     a = b;
     b = tmp;
   }
+  const struct timespec ms = {0, (long int) (0.001*1e9)};
 
-  if(a > c) {
-    tmp = a;
-    a = c;
-    c = tmp;
-  }
+  if(a + b <= c)
+    /*auto*/{
+      return INVALID;
+    }/*auto*/
 
   if(b > c) {
     tmp = b;

2023-12-14 14:42:30,899	[DEBUG]	StmtDeletion(('triangle.cpp.xml', 'stmt', 1)) | StmtInsertion(('triangle.cpp.xml', '_inter_block', 11), ('triangle.cpp.xml', 'stmt', 0)) | StmtReplacement(('triangle.cpp.xml', 'stmt', 6), ('triangle.cpp.xml', 'stmt', 19))
2023-12-14 14:42:30,900	[INFO]	76      SUCCESS               0.0233 (23.7%) [3 edit(s)] 
2023-12-14 14:42:30,902	[DEBUG]	StmtDeletion(('triangle.cpp.xml', 'stmt', 1)) | StmtReplacement(('triangle.cpp.xml', 'stmt', 8), ('triangle.cpp.xml', 'stmt', 16)) | StmtInsertion(('triangle.cpp.xml', '_inter_block', 11), ('triangle.cpp.xml', 'stmt', 0)) | StmtReplacement(('triangle.cpp.xml', 'stmt', 6), ('triangle.cpp.xml', 'stmt', 19)) | StmtDeletion(('triangle.cpp.xml', 'stmt', 10))
2023-12-14 14:42:30,902	[INFO]	77      SUCCESS              +0.0229 (23.3%) [5 edit(s)] 
2023-12-14 14:42:30,905	[DEBUG]	--- before: triangle.cpp
+++ after: triangle.cpp
@@ -2,7 +2,7 @@
 
 void delay() {
   const struct timespec ms = {0, (long int) (0.001*1e9)}; //tv_sec=0, tv_nsec (0.001 seconds)
-  nanosleep(&ms,NULL); /*ignores possible errors*/
+   /*ignores possible errors*/
 }
 
 int classify_triangle(double a, double b, double c) {
@@ -16,12 +16,12 @@
     a = b;
     b = tmp;
   }
+  const struct timespec ms = {0, (long int) (0.001*1e9)};
 
-  if(a > c) {
-    tmp = a;
-    a = c;
-    c = tmp;
-  }
+  if(a + b <= c)
+    /*auto*/{
+      return INVALID;
+    }/*auto*/
 
   if(b > c) {
     tmp = b;

2023-12-14 14:42:31,026	[DEBUG]	StmtDeletion(('triangle.cpp.xml', 'stmt', 1)) | StmtReplacement(('triangle.cpp.xml', 'stmt', 8), ('triangle.cpp.xml', 'stmt', 16)) | StmtInsertion(('triangle.cpp.xml', '_inter_block', 11), ('triangle.cpp.xml', 'stmt', 0)) | StmtReplacement(('triangle.cpp.xml', 'stmt', 6), ('triangle.cpp.xml', 'stmt', 19)) | StmtDeletion(('triangle.cpp.xml', 'stmt', 10)) | StmtInsertion(('triangle.cpp.xml', '_inter_block', 3), ('triangle.cpp.xml', 'stmt', 8))
2023-12-14 14:42:31,027	[INFO]	78      COMPILE_CODE_ERROR    None  [6 edit(s)]       
2023-12-14 14:42:31,718	[DEBUG]	StmtDeletion(('triangle.cpp.xml', 'stmt', 1)) | StmtReplacement(('triangle.cpp.xml', 'stmt', 8), ('triangle.cpp.xml', 'stmt', 16)) | StmtInsertion(('triangle.cpp.xml', '_inter_block', 11), ('triangle.cpp.xml', 'stmt', 0)) | StmtReplacement(('triangle.cpp.xml', 'stmt', 6), ('triangle.cpp.xml', 'stmt', 19)) | StmtDeletion(('triangle.cpp.xml', 'stmt', 10)) | StmtReplacement(('triangle.cpp.xml', 'stmt', 19), ('triangle.cpp.xml', 'stmt', 10))
2023-12-14 14:42:31,719	[INFO]	79      TEST_CODE_ERROR       None  [6 edit(s)]       
2023-12-14 14:42:31,722	[DEBUG]	StmtReplacement(('triangle.cpp.xml', 'stmt', 8), ('triangle.cpp.xml', 'stmt', 16)) | StmtInsertion(('triangle.cpp.xml', '_inter_block', 11), ('triangle.cpp.xml', 'stmt', 0)) | StmtReplacement(('triangle.cpp.xml', 'stmt', 6), ('triangle.cpp.xml', 'stmt', 19)) | StmtDeletion(('triangle.cpp.xml', 'stmt', 10))
2023-12-14 14:42:31,722	[INFO]	80      SUCCESS               0.1042 (106.0%) [4 edit(s)] 
2023-12-14 14:42:32,506	[DEBUG]	StmtDeletion(('triangle.cpp.xml', 'stmt', 1)) | StmtReplacement(('triangle.cpp.xml', 'stmt', 8), ('triangle.cpp.xml', 'stmt', 16)) | StmtReplacement(('triangle.cpp.xml', 'stmt', 6), ('triangle.cpp.xml', 'stmt', 19)) | StmtDeletion(('triangle.cpp.xml', 'stmt', 10))
2023-12-14 14:42:32,507	[INFO]	81      TEST_CODE_ERROR       None  [4 edit(s)]       
2023-12-14 14:42:32,509	[DEBUG]	StmtDeletion(('triangle.cpp.xml', 'stmt', 1)) | StmtReplacement(('triangle.cpp.xml', 'stmt', 8), ('triangle.cpp.xml', 'stmt', 16)) | StmtInsertion(('triangle.cpp.xml', '_inter_block', 11), ('triangle.cpp.xml', 'stmt', 0)) | StmtReplacement(('triangle.cpp.xml', 'stmt', 6), ('triangle.cpp.xml', 'stmt', 19))
2023-12-14 14:42:32,509	[INFO]	82      SUCCESS              +0.0229 (23.3%) [4 edit(s)] 
2023-12-14 14:42:32,511	[DEBUG]	--- before: triangle.cpp
+++ after: triangle.cpp
@@ -2,7 +2,7 @@
 
 void delay() {
   const struct timespec ms = {0, (long int) (0.001*1e9)}; //tv_sec=0, tv_nsec (0.001 seconds)
-  nanosleep(&ms,NULL); /*ignores possible errors*/
+   /*ignores possible errors*/
 }
 
 int classify_triangle(double a, double b, double c) {
@@ -16,12 +16,12 @@
     a = b;
     b = tmp;
   }
+  const struct timespec ms = {0, (long int) (0.001*1e9)};
 
-  if(a > c) {
-    tmp = a;
-    a = c;
-    c = tmp;
-  }
+  if(a + b <= c)
+    /*auto*/{
+      return INVALID;
+    }/*auto*/
 
   if(b > c) {
     tmp = b;

2023-12-14 14:42:33,222	[DEBUG]	StmtDeletion(('triangle.cpp.xml', 'stmt', 1)) | StmtReplacement(('triangle.cpp.xml', 'stmt', 8), ('triangle.cpp.xml', 'stmt', 16)) | StmtInsertion(('triangle.cpp.xml', '_inter_block', 11), ('triangle.cpp.xml', 'stmt', 0)) | StmtReplacement(('triangle.cpp.xml', 'stmt', 6), ('triangle.cpp.xml', 'stmt', 19)) | StmtReplacement(('triangle.cpp.xml', 'stmt', 19), ('triangle.cpp.xml', 'stmt', 4))
2023-12-14 14:42:33,222	[INFO]	83      TEST_CODE_ERROR       None  [5 edit(s)]       
2023-12-14 14:42:33,224	[DEBUG]	StmtDeletion(('triangle.cpp.xml', 'stmt', 1)) | StmtInsertion(('triangle.cpp.xml', '_inter_block', 11), ('triangle.cpp.xml', 'stmt', 0)) | StmtReplacement(('triangle.cpp.xml', 'stmt', 6), ('triangle.cpp.xml', 'stmt', 19))
2023-12-14 14:42:33,224	[INFO]	84      SUCCESS               0.0233 (23.7%) [3 edit(s)] 
2023-12-14 14:42:33,226	[DEBUG]	StmtReplacement(('triangle.cpp.xml', 'stmt', 8), ('triangle.cpp.xml', 'stmt', 16)) | StmtInsertion(('triangle.cpp.xml', '_inter_block', 11), ('triangle.cpp.xml', 'stmt', 0)) | StmtReplacement(('triangle.cpp.xml', 'stmt', 6), ('triangle.cpp.xml', 'stmt', 19))
2023-12-14 14:42:33,226	[INFO]	85      SUCCESS               0.1042 (106.0%) [3 edit(s)] 
2023-12-14 14:42:34,011	[DEBUG]	StmtDeletion(('triangle.cpp.xml', 'stmt', 1)) | StmtReplacement(('triangle.cpp.xml', 'stmt', 8), ('triangle.cpp.xml', 'stmt', 16)) | StmtInsertion(('triangle.cpp.xml', '_inter_block', 11), ('triangle.cpp.xml', 'stmt', 0)) | StmtReplacement(('triangle.cpp.xml', 'stmt', 6), ('triangle.cpp.xml', 'stmt', 19)) | StmtReplacement(('triangle.cpp.xml', 'stmt', 17), ('triangle.cpp.xml', 'stmt', 14))
2023-12-14 14:42:34,012	[INFO]	86      TEST_CODE_ERROR       None  [5 edit(s)]       
2023-12-14 14:42:34,792	[DEBUG]	StmtDeletion(('triangle.cpp.xml', 'stmt', 1)) | StmtReplacement(('triangle.cpp.xml', 'stmt', 8), ('triangle.cpp.xml', 'stmt', 16)) | StmtReplacement(('triangle.cpp.xml', 'stmt', 6), ('triangle.cpp.xml', 'stmt', 19))
2023-12-14 14:42:34,793	[INFO]	87      TEST_CODE_ERROR       None  [3 edit(s)]       
2023-12-14 14:42:34,953	[DEBUG]	StmtDeletion(('triangle.cpp.xml', 'stmt', 1)) | StmtReplacement(('triangle.cpp.xml', 'stmt', 8), ('triangle.cpp.xml', 'stmt', 16)) | StmtInsertion(('triangle.cpp.xml', '_inter_block', 11), ('triangle.cpp.xml', 'stmt', 0)) | StmtReplacement(('triangle.cpp.xml', 'stmt', 6), ('triangle.cpp.xml', 'stmt', 19)) | StmtInsertion(('triangle.cpp.xml', '_inter_block', 5), ('triangle.cpp.xml', 'stmt', 12))
2023-12-14 14:42:34,953	[INFO]	88      COMPILE_CODE_ERROR    None  [5 edit(s)]       
2023-12-14 14:42:34,957	[DEBUG]	StmtDeletion(('triangle.cpp.xml', 'stmt', 1)) | StmtReplacement(('triangle.cpp.xml', 'stmt', 8), ('triangle.cpp.xml', 'stmt', 16)) | StmtInsertion(('triangle.cpp.xml', '_inter_block', 11), ('triangle.cpp.xml', 'stmt', 0)) | StmtReplacement(('triangle.cpp.xml', 'stmt', 6), ('triangle.cpp.xml', 'stmt', 19)) | StmtReplacement(('triangle.cpp.xml', 'stmt', 7), ('triangle.cpp.xml', 'stmt', 10))
2023-12-14 14:42:34,957	[INFO]	89      SUCCESS              +0.0229 (23.3%) [5 edit(s)] 
2023-12-14 14:42:34,959	[DEBUG]	--- before: triangle.cpp
+++ after: triangle.cpp
@@ -2,7 +2,7 @@
 
 void delay() {
   const struct timespec ms = {0, (long int) (0.001*1e9)}; //tv_sec=0, tv_nsec (0.001 seconds)
-  nanosleep(&ms,NULL); /*ignores possible errors*/
+   /*ignores possible errors*/
 }
 
 int classify_triangle(double a, double b, double c) {
@@ -16,12 +16,12 @@
     a = b;
     b = tmp;
   }
+  const struct timespec ms = {0, (long int) (0.001*1e9)};
 
-  if(a > c) {
-    tmp = a;
-    a = c;
-    c = tmp;
-  }
+  if(a + b <= c)
+    /*auto*/{
+      return INVALID;
+    }/*auto*/
 
   if(b > c) {
     tmp = b;

2023-12-14 14:42:35,740	[DEBUG]	StmtDeletion(('triangle.cpp.xml', 'stmt', 1)) | StmtReplacement(('triangle.cpp.xml', 'stmt', 8), ('triangle.cpp.xml', 'stmt', 16)) | StmtReplacement(('triangle.cpp.xml', 'stmt', 6), ('triangle.cpp.xml', 'stmt', 19)) | StmtReplacement(('triangle.cpp.xml', 'stmt', 7), ('triangle.cpp.xml', 'stmt', 10))
2023-12-14 14:42:35,741	[INFO]	90      TEST_CODE_ERROR       None  [4 edit(s)]       
2023-12-14 14:42:35,743	[DEBUG]	StmtDeletion(('triangle.cpp.xml', 'stmt', 1)) | StmtReplacement(('triangle.cpp.xml', 'stmt', 8), ('triangle.cpp.xml', 'stmt', 16)) | StmtInsertion(('triangle.cpp.xml', '_inter_block', 11), ('triangle.cpp.xml', 'stmt', 0)) | StmtReplacement(('triangle.cpp.xml', 'stmt', 6), ('triangle.cpp.xml', 'stmt', 19))
2023-12-14 14:42:35,743	[INFO]	91      SUCCESS              +0.0229 (23.3%) [4 edit(s)] 
2023-12-14 14:42:35,745	[DEBUG]	--- before: triangle.cpp
+++ after: triangle.cpp
@@ -2,7 +2,7 @@
 
 void delay() {
   const struct timespec ms = {0, (long int) (0.001*1e9)}; //tv_sec=0, tv_nsec (0.001 seconds)
-  nanosleep(&ms,NULL); /*ignores possible errors*/
+   /*ignores possible errors*/
 }
 
 int classify_triangle(double a, double b, double c) {
@@ -16,12 +16,12 @@
     a = b;
     b = tmp;
   }
+  const struct timespec ms = {0, (long int) (0.001*1e9)};
 
-  if(a > c) {
-    tmp = a;
-    a = c;
-    c = tmp;
-  }
+  if(a + b <= c)
+    /*auto*/{
+      return INVALID;
+    }/*auto*/
 
   if(b > c) {
     tmp = b;

2023-12-14 14:42:35,747	[DEBUG]	StmtReplacement(('triangle.cpp.xml', 'stmt', 8), ('triangle.cpp.xml', 'stmt', 16)) | StmtInsertion(('triangle.cpp.xml', '_inter_block', 11), ('triangle.cpp.xml', 'stmt', 0)) | StmtReplacement(('triangle.cpp.xml', 'stmt', 6), ('triangle.cpp.xml', 'stmt', 19))
2023-12-14 14:42:35,747	[INFO]	92      SUCCESS               0.1042 (106.0%) [3 edit(s)] 
2023-12-14 14:42:35,879	[DEBUG]	StmtDeletion(('triangle.cpp.xml', 'stmt', 1)) | StmtReplacement(('triangle.cpp.xml', 'stmt', 8), ('triangle.cpp.xml', 'stmt', 16)) | StmtInsertion(('triangle.cpp.xml', '_inter_block', 11), ('triangle.cpp.xml', 'stmt', 0)) | StmtReplacement(('triangle.cpp.xml', 'stmt', 6), ('triangle.cpp.xml', 'stmt', 19)) | StmtInsertion(('triangle.cpp.xml', '_inter_block', 18), ('triangle.cpp.xml', 'stmt', 1))
2023-12-14 14:42:35,880	[INFO]	93      COMPILE_CODE_ERROR    None  [5 edit(s)]       
2023-12-14 14:42:35,882	[DEBUG]	StmtDeletion(('triangle.cpp.xml', 'stmt', 1)) | StmtReplacement(('triangle.cpp.xml', 'stmt', 8), ('triangle.cpp.xml', 'stmt', 16)) | StmtInsertion(('triangle.cpp.xml', '_inter_block', 11), ('triangle.cpp.xml', 'stmt', 0)) | StmtReplacement(('triangle.cpp.xml', 'stmt', 6), ('triangle.cpp.xml', 'stmt', 19)) | StmtReplacement(('triangle.cpp.xml', 'stmt', 10), ('triangle.cpp.xml', 'stmt', 11))
2023-12-14 14:42:35,882	[INFO]	94      SUCCESS              +0.0229 (23.3%) [5 edit(s)] 
2023-12-14 14:42:35,884	[DEBUG]	--- before: triangle.cpp
+++ after: triangle.cpp
@@ -2,7 +2,7 @@
 
 void delay() {
   const struct timespec ms = {0, (long int) (0.001*1e9)}; //tv_sec=0, tv_nsec (0.001 seconds)
-  nanosleep(&ms,NULL); /*ignores possible errors*/
+   /*ignores possible errors*/
 }
 
 int classify_triangle(double a, double b, double c) {
@@ -16,12 +16,12 @@
     a = b;
     b = tmp;
   }
+  const struct timespec ms = {0, (long int) (0.001*1e9)};
 
-  if(a > c) {
-    tmp = a;
-    a = c;
-    c = tmp;
-  }
+  if(a + b <= c)
+    /*auto*/{
+      return INVALID;
+    }/*auto*/
 
   if(b > c) {
     tmp = b;

2023-12-14 14:42:36,679	[DEBUG]	StmtDeletion(('triangle.cpp.xml', 'stmt', 1)) | StmtReplacement(('triangle.cpp.xml', 'stmt', 8), ('triangle.cpp.xml', 'stmt', 16)) | StmtReplacement(('triangle.cpp.xml', 'stmt', 6), ('triangle.cpp.xml', 'stmt', 19)) | StmtReplacement(('triangle.cpp.xml', 'stmt', 10), ('triangle.cpp.xml', 'stmt', 11))
2023-12-14 14:42:36,679	[INFO]	95      TEST_CODE_ERROR       None  [4 edit(s)]       
2023-12-14 14:42:36,682	[DEBUG]	StmtReplacement(('triangle.cpp.xml', 'stmt', 8), ('triangle.cpp.xml', 'stmt', 16)) | StmtInsertion(('triangle.cpp.xml', '_inter_block', 11), ('triangle.cpp.xml', 'stmt', 0)) | StmtReplacement(('triangle.cpp.xml', 'stmt', 6), ('triangle.cpp.xml', 'stmt', 19)) | StmtReplacement(('triangle.cpp.xml', 'stmt', 10), ('triangle.cpp.xml', 'stmt', 11))
2023-12-14 14:42:36,682	[INFO]	96      SUCCESS               0.1042 (106.0%) [4 edit(s)] 
2023-12-14 14:42:37,461	[DEBUG]	StmtDeletion(('triangle.cpp.xml', 'stmt', 1)) | StmtReplacement(('triangle.cpp.xml', 'stmt', 8), ('triangle.cpp.xml', 'stmt', 16)) | StmtInsertion(('triangle.cpp.xml', '_inter_block', 11), ('triangle.cpp.xml', 'stmt', 0)) | StmtReplacement(('triangle.cpp.xml', 'stmt', 6), ('triangle.cpp.xml', 'stmt', 19)) | StmtReplacement(('triangle.cpp.xml', 'stmt', 10), ('triangle.cpp.xml', 'stmt', 11)) | StmtDeletion(('triangle.cpp.xml', 'stmt', 20))
2023-12-14 14:42:37,462	[INFO]	97      TEST_CODE_ERROR       None  [6 edit(s)]       
2023-12-14 14:42:37,605	[DEBUG]	StmtDeletion(('triangle.cpp.xml', 'stmt', 1)) | StmtReplacement(('triangle.cpp.xml', 'stmt', 8), ('triangle.cpp.xml', 'stmt', 16)) | StmtInsertion(('triangle.cpp.xml', '_inter_block', 11), ('triangle.cpp.xml', 'stmt', 0)) | StmtReplacement(('triangle.cpp.xml', 'stmt', 6), ('triangle.cpp.xml', 'stmt', 19)) | StmtReplacement(('triangle.cpp.xml', 'stmt', 10), ('triangle.cpp.xml', 'stmt', 11)) | StmtReplacement(('triangle.cpp.xml', 'stmt', 2), ('triangle.cpp.xml', 'stmt', 7))
2023-12-14 14:42:37,606	[INFO]	98      COMPILE_CODE_ERROR    None  [6 edit(s)]       
2023-12-14 14:42:38,356	[DEBUG]	StmtDeletion(('triangle.cpp.xml', 'stmt', 1)) | StmtReplacement(('triangle.cpp.xml', 'stmt', 8), ('triangle.cpp.xml', 'stmt', 16)) | StmtInsertion(('triangle.cpp.xml', '_inter_block', 11), ('triangle.cpp.xml', 'stmt', 0)) | StmtReplacement(('triangle.cpp.xml', 'stmt', 6), ('triangle.cpp.xml', 'stmt', 19)) | StmtReplacement(('triangle.cpp.xml', 'stmt', 10), ('triangle.cpp.xml', 'stmt', 11)) | StmtDeletion(('triangle.cpp.xml', 'stmt', 14))
2023-12-14 14:42:38,356	[INFO]	99      TEST_CODE_ERROR       None  [6 edit(s)]       
2023-12-14 14:42:39,108	[DEBUG]	EXEC>  SUCCESS 0.0233
2023-12-14 14:42:39,109	[DEBUG]	StmtDeletion(('triangle.cpp.xml', 'stmt', 1)) | StmtReplacement(('triangle.cpp.xml', 'stmt', 8), ('triangle.cpp.xml', 'stmt', 16)) | StmtInsertion(('triangle.cpp.xml', '_inter_block', 11), ('triangle.cpp.xml', 'stmt', 0)) | StmtReplacement(('triangle.cpp.xml', 'stmt', 6), ('triangle.cpp.xml', 'stmt', 19)) | StmtReplacement(('triangle.cpp.xml', 'stmt', 10), ('triangle.cpp.xml', 'stmt', 11)) | StmtInsertion(('triangle.cpp.xml', '_inter_block', 32), ('triangle.cpp.xml', 'stmt', 8))
2023-12-14 14:42:39,109	[INFO]	100     SUCCESS               0.0233 (23.7%) [6 edit(s)] 
2023-12-14 14:42:39,111	[INFO]	==== END ====
2023-12-14 14:42:39,111	[INFO]	
2023-12-14 14:42:39,112	[INFO]	==== REPORT ====
2023-12-14 14:42:39,112	[INFO]	Termination: step budget
2023-12-14 14:42:39,112	[INFO]	Log file: /cs/student/ug/2020/damibose/projects/magpie/_magpie_logs/triangle-cpp_slow_1702564905.log
2023-12-14 14:42:39,114	[INFO]	Patch file: _magpie_logs/triangle-cpp_slow_1702564905.patch
2023-12-14 14:42:39,114	[INFO]	Diff file: _magpie_logs/triangle-cpp_slow_1702564905.diff
2023-12-14 14:42:39,114	[INFO]	Best fitness: 0.0229
2023-12-14 14:42:39,115	[INFO]	Best patch: StmtDeletion(('triangle.cpp.xml', 'stmt', 1)) | StmtReplacement(('triangle.cpp.xml', 'stmt', 8), ('triangle.cpp.xml', 'stmt', 16)) | StmtInsertion(('triangle.cpp.xml', '_inter_block', 11), ('triangle.cpp.xml', 'stmt', 0))
2023-12-14 14:42:39,115	[INFO]	Diff:
--- before: triangle.cpp
+++ after: triangle.cpp
@@ -2,7 +2,7 @@
 
 void delay() {
   const struct timespec ms = {0, (long int) (0.001*1e9)}; //tv_sec=0, tv_nsec (0.001 seconds)
-  nanosleep(&ms,NULL); /*ignores possible errors*/
+   /*ignores possible errors*/
 }
 
 int classify_triangle(double a, double b, double c) {
@@ -16,12 +16,12 @@
     a = b;
     b = tmp;
   }
+  const struct timespec ms = {0, (long int) (0.001*1e9)};
 
-  if(a > c) {
-    tmp = a;
-    a = c;
-    c = tmp;
-  }
+  if(a + b <= c)
+    /*auto*/{
+      return INVALID;
+    }/*auto*/
 
   if(b > c) {
     tmp = b;

