2023-12-27 22:50:52,461	[DEBUG]	==== CONFIG ====
[magpie]
import = 
seed = 6
log_dir = _magpie_logs
work_dir = _magpie_work
final_out_dir = experiments/results/RandomSearch/epsilon_greedy/trial_6
local_original_copy = True
local_original_name = __original__
output_encoding = ascii
edit_retries = 10
default_timeout = 30
default_lengthout = 10000.0
diff_method = unified
trust_local_filesystem = True

[software]
path = examples/code/triangle-cpp_slow
target_files = 
	triangle.cpp.xml
program = BasicProgram
engine_rules = 
	*.params : ConfigFileParamsEngine
	*.xml : SrcmlEngine
	* : LineEngine
engine_config = 
	*.params : [params]
	*.xml : [srcml]
init_cmd = 
init_timeout = 60
init_lengthout = -1
setup_cmd = ./setup.sh
setup_timeout = 
setup_lengthout = 
compile_cmd = ./compile.sh
compile_timeout = 
compile_lengthout = 
test_cmd = ./build/test_triangle
test_timeout = 
test_lengthout = 
run_cmd = perf stat ./build/run_triangle
run_timeout = 1
run_lengthout = 
batch_timeout = 
batch_lengthout = 
batch_bin_fitness_strategy = aggregate
batch_fitness_strategy = sum
fitness = perf_instructions

[srcml]
rename = 
focus = block break continue decl_stmt do expr_stmt for goto if return switch while
internodes = block
process_pseudo_blocks = True
process_literals = False
process_operators = False

[params]
timing = test run
cli_prefix = --
cli_glue = =
cli_boolean = show
cli_boolean_prefix_true = 
cli_boolean_prefix_false = no-
silent_prefix = @
silent_suffix = $

[search]
protocol = BasicProtocol
algorithm = RandomSearch
possible_edits = 
	DeclStmtReplacement
	ExprStmtReplacement
	IfReplacement
	ReturnReplacement
	DeclStmtInsertion
	ExprStmtInsertion
	IfInsertion
	ReturnInsertion
	DeclStmtDeletion
	ExprStmtDeletion
	IfDeletion
	ReturnDeletion
warmup = 5
warmup_strategy = last
max_steps = 100
max_time = 60
target_fitness = 
cache_maxsize = 40
cache_keep = 0.2
batch_instances = 
batch_shuffle = True
batch_bin_shuffle = False
batch_sample_size = 1
operator_selector = EpsilonGreedy
epsilon = 0.2

[search.ls]
delete_prob = 0
max_neighbours = 20
when_trapped = continue
accept_fail = False
tabu_length = 10

[search.gp]
pop_size = 10
delete_prob = 0.5
offspring_elitism = 0.1
offspring_crossover = 0.5
offspring_mutation = 0.4
uniform_rate = 0.5
batch_reset = True

[search.minify]
do_cleanup = True
do_rebuild = True
do_simplify = True
round_robin_limit = 3


2023-12-27 22:50:52,467	[INFO]	==== WARMUP ====
2023-12-27 22:50:59,447	[DEBUG]	EXEC>  SUCCESS 1204240
2023-12-27 22:50:59,449	[INFO]	WARM    SUCCESS               1204240                 
2023-12-27 22:51:02,545	[DEBUG]	EXEC>  SUCCESS 1204239
2023-12-27 22:51:02,546	[INFO]	WARM    SUCCESS               1204239                 
2023-12-27 22:51:05,856	[DEBUG]	EXEC>  SUCCESS 1476761
2023-12-27 22:51:05,857	[INFO]	WARM    SUCCESS               1476761                 
2023-12-27 22:51:08,981	[DEBUG]	EXEC>  SUCCESS 1204240
2023-12-27 22:51:08,982	[INFO]	WARM    SUCCESS               1204240                 
2023-12-27 22:51:12,465	[DEBUG]	EXEC>  SUCCESS 1440186
2023-12-27 22:51:12,471	[INFO]	WARM    SUCCESS               1440186                 
2023-12-27 22:51:12,471	[INFO]	INITIAL SUCCESS               1440186                 
2023-12-27 22:51:12,471	[INFO]	==== START: RandomSearch ====
2023-12-27 22:51:13,225	[DEBUG]	DeclStmtReplacement(('triangle.cpp.xml', 'decl_stmt', 1), ('triangle.cpp.xml', 'stmt', 8))
2023-12-27 22:51:13,226	[INFO]	1       COMPILE_CODE_ERROR    None  [1 edit(s)]       
2023-12-27 22:51:15,700	[DEBUG]	EXEC>  SUCCESS 1204241
2023-12-27 22:51:15,701	[DEBUG]	DeclStmtReplacement(('triangle.cpp.xml', 'decl_stmt', 0), ('triangle.cpp.xml', 'stmt', 0))
2023-12-27 22:51:15,701	[INFO]	2       SUCCESS              *1204241 (83.62%) [1 edit(s)] 
2023-12-27 22:51:15,702	[DEBUG]	
2023-12-27 22:51:16,423	[DEBUG]	DeclStmtReplacement(('triangle.cpp.xml', 'decl_stmt', 0), ('triangle.cpp.xml', 'stmt', 11))
2023-12-27 22:51:16,424	[INFO]	3       COMPILE_CODE_ERROR    None  [1 edit(s)]       
2023-12-27 22:51:17,018	[DEBUG]	DeclStmtReplacement(('triangle.cpp.xml', 'decl_stmt', 0), ('triangle.cpp.xml', 'stmt', 21))
2023-12-27 22:51:17,019	[INFO]	4       COMPILE_CODE_ERROR    None  [1 edit(s)]       
2023-12-27 22:51:17,577	[DEBUG]	DeclStmtReplacement(('triangle.cpp.xml', 'decl_stmt', 0), ('triangle.cpp.xml', 'stmt', 13))
2023-12-27 22:51:17,577	[INFO]	5       COMPILE_CODE_ERROR    None  [1 edit(s)]       
2023-12-27 22:51:18,112	[DEBUG]	DeclStmtReplacement(('triangle.cpp.xml', 'decl_stmt', 0), ('triangle.cpp.xml', 'stmt', 7))
2023-12-27 22:51:18,112	[INFO]	6       COMPILE_CODE_ERROR    None  [1 edit(s)]       
2023-12-27 22:51:20,767	[DEBUG]	EXEC>  SUCCESS 1204287
2023-12-27 22:51:20,768	[DEBUG]	DeclStmtInsertion(('triangle.cpp.xml', '_inter_block', 16), ('triangle.cpp.xml', 'decl_stmt', 0))
2023-12-27 22:51:20,768	[INFO]	7       SUCCESS               1204287 (83.62%) [1 edit(s)] 
2023-12-27 22:51:23,403	[DEBUG]	ReturnDeletion(('triangle.cpp.xml', 'return', 3))
2023-12-27 22:51:23,403	[INFO]	8       TEST_CODE_ERROR       None  [1 edit(s)]       
2023-12-27 22:51:24,321	[DEBUG]	DeclStmtInsertion(('triangle.cpp.xml', '_inter_block', 10), ('triangle.cpp.xml', 'decl_stmt', 1))
2023-12-27 22:51:24,322	[INFO]	9       COMPILE_CODE_ERROR    None  [1 edit(s)]       
2023-12-27 22:51:27,000	[DEBUG]	EXEC>  SUCCESS 1202335
2023-12-27 22:51:27,000	[DEBUG]	ExprStmtDeletion(('triangle.cpp.xml', 'expr_stmt', 0))
2023-12-27 22:51:27,001	[INFO]	10      SUCCESS              *1202335 (83.48%) [1 edit(s)] 
2023-12-27 22:51:27,002	[DEBUG]	--- before: triangle.cpp
+++ after: triangle.cpp
@@ -2,7 +2,7 @@
 
 void delay() {
   const struct timespec ms = {0, (long int) (0.001*1e9)}; //tv_sec=0, tv_nsec (0.001 seconds)
-  nanosleep(&ms,NULL); /*ignores possible errors*/
+   /*ignores possible errors*/
 }
 
 int classify_triangle(double a, double b, double c) {

2023-12-27 22:51:29,634	[DEBUG]	ExprStmtDeletion(('triangle.cpp.xml', 'expr_stmt', 4))
2023-12-27 22:51:29,634	[INFO]	11      TEST_CODE_ERROR       None  [1 edit(s)]       
2023-12-27 22:51:32,252	[DEBUG]	ExprStmtDeletion(('triangle.cpp.xml', 'expr_stmt', 8))
2023-12-27 22:51:32,252	[INFO]	12      TEST_CODE_ERROR       None  [1 edit(s)]       
2023-12-27 22:51:32,918	[DEBUG]	DeclStmtInsertion(('triangle.cpp.xml', '_inter_block', 12), ('triangle.cpp.xml', 'decl_stmt', 1))
2023-12-27 22:51:32,918	[INFO]	13      COMPILE_CODE_ERROR    None  [1 edit(s)]       
2023-12-27 22:51:35,418	[DEBUG]	ExprStmtDeletion(('triangle.cpp.xml', 'expr_stmt', 3))
2023-12-27 22:51:35,418	[INFO]	14      TEST_CODE_ERROR       None  [1 edit(s)]       
2023-12-27 22:51:38,263	[DEBUG]	EXEC>  SUCCESS 1204239
2023-12-27 22:51:38,264	[DEBUG]	DeclStmtInsertion(('triangle.cpp.xml', '_inter_block', 31), ('triangle.cpp.xml', 'decl_stmt', 0))
2023-12-27 22:51:38,264	[INFO]	15      SUCCESS               1204239 (83.62%) [1 edit(s)] 
2023-12-27 22:51:41,094	[DEBUG]	EXEC>  SUCCESS 1204269
2023-12-27 22:51:41,094	[DEBUG]	DeclStmtInsertion(('triangle.cpp.xml', '_inter_block', 12), ('triangle.cpp.xml', 'decl_stmt', 0))
2023-12-27 22:51:41,095	[INFO]	16      SUCCESS               1204269 (83.62%) [1 edit(s)] 
2023-12-27 22:51:44,032	[DEBUG]	EXEC>  SUCCESS 1772837
2023-12-27 22:51:44,033	[DEBUG]	DeclStmtInsertion(('triangle.cpp.xml', '_inter_block', 26), ('triangle.cpp.xml', 'decl_stmt', 1))
2023-12-27 22:51:44,033	[INFO]	17      SUCCESS               1772837 (123.1%) [1 edit(s)] 
2023-12-27 22:51:44,774	[DEBUG]	DeclStmtInsertion(('triangle.cpp.xml', '_inter_block', 8), ('triangle.cpp.xml', 'decl_stmt', 1))
2023-12-27 22:51:44,775	[INFO]	18      COMPILE_CODE_ERROR    None  [1 edit(s)]       
2023-12-27 22:51:47,462	[DEBUG]	EXEC>  SUCCESS 1351383
2023-12-27 22:51:47,463	[DEBUG]	DeclStmtInsertion(('triangle.cpp.xml', '_inter_block', 25), ('triangle.cpp.xml', 'decl_stmt', 0))
2023-12-27 22:51:47,463	[INFO]	19      SUCCESS               1351383 (93.83%) [1 edit(s)] 
2023-12-27 22:51:48,314	[DEBUG]	DeclStmtInsertion(('triangle.cpp.xml', '_inter_block', 0), ('triangle.cpp.xml', 'decl_stmt', 0))
2023-12-27 22:51:48,314	[INFO]	20      COMPILE_CODE_ERROR    None  [1 edit(s)]       
2023-12-27 22:51:50,736	[DEBUG]	IfReplacement(('triangle.cpp.xml', 'if', 3), ('triangle.cpp.xml', 'stmt', 4))
2023-12-27 22:51:50,737	[INFO]	21      TEST_CODE_ERROR       None  [1 edit(s)]       
2023-12-27 22:51:53,638	[DEBUG]	EXEC>  SUCCESS 1204271
2023-12-27 22:51:53,638	[DEBUG]	DeclStmtInsertion(('triangle.cpp.xml', '_inter_block', 18), ('triangle.cpp.xml', 'decl_stmt', 0))
2023-12-27 22:51:53,638	[INFO]	22      SUCCESS               1204271 (83.62%) [1 edit(s)] 
2023-12-27 22:51:53,640	[DEBUG]	DeclStmtInsertion(('triangle.cpp.xml', '_inter_block', 31), ('triangle.cpp.xml', 'decl_stmt', 0))
2023-12-27 22:51:53,640	[INFO]	23      SUCCESS               1204239 (83.62%) [1 edit(s)] 
2023-12-27 22:51:54,357	[DEBUG]	DeclStmtDeletion(('triangle.cpp.xml', 'decl_stmt', 1))
2023-12-27 22:51:54,357	[INFO]	24      COMPILE_CODE_ERROR    None  [1 edit(s)]       
2023-12-27 22:51:54,917	[DEBUG]	DeclStmtInsertion(('triangle.cpp.xml', '_inter_block', 1), ('triangle.cpp.xml', 'decl_stmt', 0))
2023-12-27 22:51:54,917	[INFO]	25      COMPILE_CODE_ERROR    None  [1 edit(s)]       
2023-12-27 22:51:57,555	[DEBUG]	EXEC>  SUCCESS 1204240
2023-12-27 22:51:57,556	[DEBUG]	DeclStmtInsertion(('triangle.cpp.xml', '_inter_block', 22), ('triangle.cpp.xml', 'decl_stmt', 1))
2023-12-27 22:51:57,556	[INFO]	26      SUCCESS               1204240 (83.62%) [1 edit(s)] 
2023-12-27 22:52:00,463	[DEBUG]	EXEC>  SUCCESS 1363473
2023-12-27 22:52:00,463	[DEBUG]	DeclStmtInsertion(('triangle.cpp.xml', '_inter_block', 10), ('triangle.cpp.xml', 'decl_stmt', 0))
2023-12-27 22:52:00,464	[INFO]	27      SUCCESS               1363473 (94.67%) [1 edit(s)] 
2023-12-27 22:52:03,428	[DEBUG]	EXEC>  SUCCESS 1277527
2023-12-27 22:52:03,433	[DEBUG]	DeclStmtInsertion(('triangle.cpp.xml', '_inter_block', 9), ('triangle.cpp.xml', 'decl_stmt', 0))
2023-12-27 22:52:03,433	[INFO]	28      SUCCESS               1277527 (88.71%) [1 edit(s)] 
2023-12-27 22:52:03,435	[DEBUG]	DeclStmtInsertion(('triangle.cpp.xml', '_inter_block', 26), ('triangle.cpp.xml', 'decl_stmt', 1))
2023-12-27 22:52:03,436	[INFO]	29      SUCCESS               1772837 (123.1%) [1 edit(s)] 
2023-12-27 22:52:04,135	[DEBUG]	DeclStmtInsertion(('triangle.cpp.xml', '_inter_block', 4), ('triangle.cpp.xml', 'decl_stmt', 1))
2023-12-27 22:52:04,136	[INFO]	30      COMPILE_CODE_ERROR    None  [1 edit(s)]       
2023-12-27 22:52:06,995	[DEBUG]	EXEC>  SUCCESS 1259154
2023-12-27 22:52:06,996	[DEBUG]	DeclStmtInsertion(('triangle.cpp.xml', '_inter_block', 21), ('triangle.cpp.xml', 'decl_stmt', 1))
2023-12-27 22:52:06,996	[INFO]	31      SUCCESS               1259154 (87.43%) [1 edit(s)] 
2023-12-27 22:52:09,837	[DEBUG]	EXEC>  SUCCESS 1204365
2023-12-27 22:52:09,838	[DEBUG]	DeclStmtInsertion(('triangle.cpp.xml', '_inter_block', 6), ('triangle.cpp.xml', 'decl_stmt', 0))
2023-12-27 22:52:09,838	[INFO]	32      SUCCESS               1204365 (83.63%) [1 edit(s)] 
2023-12-27 22:52:12,472	[DEBUG]	DeclStmtInsertion(('triangle.cpp.xml', '_inter_block', 15), ('triangle.cpp.xml', 'decl_stmt', 1))
2023-12-27 22:52:12,473	[INFO]	33      TEST_CODE_ERROR       None  [1 edit(s)]       
2023-12-27 22:52:12,474	[INFO]	==== END ====
2023-12-27 22:52:12,475	[INFO]	
2023-12-27 22:52:12,475	[INFO]	==== REPORT ====
2023-12-27 22:52:12,475	[INFO]	Termination: time budget
2023-12-27 22:52:12,475	[INFO]	Log file: /cs/student/ug/2020/damibose/projects/magpie/_magpie_logs/triangle-cpp_slow_1703717459.log
2023-12-27 22:52:12,476	[INFO]	Patch file: _magpie_logs/triangle-cpp_slow_1703717459.patch
2023-12-27 22:52:12,476	[INFO]	Diff file: _magpie_logs/triangle-cpp_slow_1703717459.diff
2023-12-27 22:52:12,477	[INFO]	Best fitness: 1202335
2023-12-27 22:52:12,477	[INFO]	Best patch: ExprStmtDeletion(('triangle.cpp.xml', 'expr_stmt', 0))
2023-12-27 22:52:12,477	[INFO]	Diff:
--- before: triangle.cpp
+++ after: triangle.cpp
@@ -2,7 +2,7 @@
 
 void delay() {
   const struct timespec ms = {0, (long int) (0.001*1e9)}; //tv_sec=0, tv_nsec (0.001 seconds)
-  nanosleep(&ms,NULL); /*ignores possible errors*/
+   /*ignores possible errors*/
 }
 
 int classify_triangle(double a, double b, double c) {

