2023-12-27 22:50:52,418	[DEBUG]	==== CONFIG ====
[magpie]
import = 
seed = 3
log_dir = _magpie_logs
work_dir = _magpie_work
final_out_dir = experiments/results/RandomSearch/baseline/trial_3
local_original_copy = True
local_original_name = __original__
output_encoding = ascii
edit_retries = 10
default_timeout = 30
default_lengthout = 10000.0
diff_method = unified
trust_local_filesystem = True

[software]
path = examples/code/triangle-cpp_slow
target_files = 
	triangle.cpp.xml
program = BasicProgram
engine_rules = 
	*.params : ConfigFileParamsEngine
	*.xml : SrcmlEngine
	* : LineEngine
engine_config = 
	*.params : [params]
	*.xml : [srcml]
init_cmd = 
init_timeout = 60
init_lengthout = -1
setup_cmd = ./setup.sh
setup_timeout = 
setup_lengthout = 
compile_cmd = ./compile.sh
compile_timeout = 
compile_lengthout = 
test_cmd = ./build/test_triangle
test_timeout = 
test_lengthout = 
run_cmd = perf stat ./build/run_triangle
run_timeout = 1
run_lengthout = 
batch_timeout = 
batch_lengthout = 
batch_bin_fitness_strategy = aggregate
batch_fitness_strategy = sum
fitness = perf_instructions

[srcml]
rename = 
focus = block break continue decl_stmt do expr_stmt for goto if return switch while
internodes = block
process_pseudo_blocks = True
process_literals = False
process_operators = False

[params]
timing = test run
cli_prefix = --
cli_glue = =
cli_boolean = show
cli_boolean_prefix_true = 
cli_boolean_prefix_false = no-
silent_prefix = @
silent_suffix = $

[search]
protocol = BasicProtocol
algorithm = RandomSearch
possible_edits = 
	DeclStmtReplacement
	ExprStmtReplacement
	IfReplacement
	ReturnReplacement
	DeclStmtInsertion
	ExprStmtInsertion
	IfInsertion
	ReturnInsertion
	DeclStmtDeletion
	ExprStmtDeletion
	IfDeletion
	ReturnDeletion
warmup = 5
warmup_strategy = last
max_steps = 100
max_time = 60
target_fitness = 
cache_maxsize = 40
cache_keep = 0.2
batch_instances = 
batch_shuffle = True
batch_bin_shuffle = False
batch_sample_size = 1
operator_selector = UniformSelector

[search.ls]
delete_prob = 0
max_neighbours = 20
when_trapped = continue
accept_fail = False
tabu_length = 10

[search.gp]
pop_size = 10
delete_prob = 0.5
offspring_elitism = 0.1
offspring_crossover = 0.5
offspring_mutation = 0.4
uniform_rate = 0.5
batch_reset = True

[search.minify]
do_cleanup = True
do_rebuild = True
do_simplify = True
round_robin_limit = 3


2023-12-27 22:50:52,423	[INFO]	==== WARMUP ====
2023-12-27 22:50:58,967	[DEBUG]	EXEC>  SUCCESS 1290628
2023-12-27 22:50:58,972	[INFO]	WARM    SUCCESS               1290628                 
2023-12-27 22:51:01,852	[DEBUG]	EXEC>  SUCCESS 1204241
2023-12-27 22:51:01,852	[INFO]	WARM    SUCCESS               1204241                 
2023-12-27 22:51:04,943	[DEBUG]	EXEC>  SUCCESS 1204241
2023-12-27 22:51:04,944	[INFO]	WARM    SUCCESS               1204241                 
2023-12-27 22:51:08,084	[DEBUG]	EXEC>  SUCCESS 1204240
2023-12-27 22:51:08,084	[INFO]	WARM    SUCCESS               1204240                 
2023-12-27 22:51:11,301	[DEBUG]	EXEC>  SUCCESS 1204240
2023-12-27 22:51:11,302	[INFO]	WARM    SUCCESS               1204240                 
2023-12-27 22:51:11,302	[INFO]	INITIAL SUCCESS               1204240                 
2023-12-27 22:51:11,302	[INFO]	==== START: RandomSearch ====
2023-12-27 22:51:12,119	[DEBUG]	DeclStmtReplacement(('triangle.cpp.xml', 'decl_stmt', 0), ('triangle.cpp.xml', 'stmt', 10))
2023-12-27 22:51:12,120	[INFO]	1       COMPILE_CODE_ERROR    None  [1 edit(s)]       
2023-12-27 22:51:14,516	[DEBUG]	EXEC>  SUCCESS 1554992
2023-12-27 22:51:14,517	[DEBUG]	DeclStmtInsertion(('triangle.cpp.xml', '_inter_block', 10), ('triangle.cpp.xml', 'decl_stmt', 0))
2023-12-27 22:51:14,517	[INFO]	2       SUCCESS               1554992 (129.13%) [1 edit(s)] 
2023-12-27 22:51:15,242	[DEBUG]	DeclStmtInsertion(('triangle.cpp.xml', '_inter_block', 4), ('triangle.cpp.xml', 'decl_stmt', 1))
2023-12-27 22:51:15,242	[INFO]	3       COMPILE_CODE_ERROR    None  [1 edit(s)]       
2023-12-27 22:51:15,819	[DEBUG]	DeclStmtReplacement(('triangle.cpp.xml', 'decl_stmt', 0), ('triangle.cpp.xml', 'stmt', 19))
2023-12-27 22:51:15,819	[INFO]	4       COMPILE_CODE_ERROR    None  [1 edit(s)]       
2023-12-27 22:51:18,120	[DEBUG]	IfDeletion(('triangle.cpp.xml', 'if', 5))
2023-12-27 22:51:18,121	[INFO]	5       TEST_CODE_ERROR       None  [1 edit(s)]       
2023-12-27 22:51:20,672	[DEBUG]	ReturnReplacement(('triangle.cpp.xml', 'return', 3), ('triangle.cpp.xml', 'stmt', 17))
2023-12-27 22:51:20,672	[INFO]	6       TEST_CODE_ERROR       None  [1 edit(s)]       
2023-12-27 22:51:23,279	[DEBUG]	ExprStmtReplacement(('triangle.cpp.xml', 'expr_stmt', 7), ('triangle.cpp.xml', 'stmt', 19))
2023-12-27 22:51:23,280	[INFO]	7       TEST_CODE_ERROR       None  [1 edit(s)]       
2023-12-27 22:51:24,197	[DEBUG]	DeclStmtDeletion(('triangle.cpp.xml', 'decl_stmt', 1))
2023-12-27 22:51:24,198	[INFO]	8       COMPILE_CODE_ERROR    None  [1 edit(s)]       
2023-12-27 22:51:26,764	[DEBUG]	ReturnReplacement(('triangle.cpp.xml', 'return', 2), ('triangle.cpp.xml', 'stmt', 8))
2023-12-27 22:51:26,764	[INFO]	9       TEST_CODE_ERROR       None  [1 edit(s)]       
2023-12-27 22:51:29,589	[DEBUG]	EXEC>  SUCCESS 1204413
2023-12-27 22:51:29,589	[DEBUG]	IfInsertion(('triangle.cpp.xml', '_inter_block', 15), ('triangle.cpp.xml', 'if', 5))
2023-12-27 22:51:29,590	[INFO]	10      SUCCESS               1204413 (100.01%) [1 edit(s)] 
2023-12-27 22:51:32,212	[DEBUG]	IfReplacement(('triangle.cpp.xml', 'if', 4), ('triangle.cpp.xml', 'stmt', 4))
2023-12-27 22:51:32,212	[INFO]	11      TEST_CODE_ERROR       None  [1 edit(s)]       
2023-12-27 22:51:34,854	[DEBUG]	ExprStmtDeletion(('triangle.cpp.xml', 'expr_stmt', 4))
2023-12-27 22:51:34,855	[INFO]	12      TEST_CODE_ERROR       None  [1 edit(s)]       
2023-12-27 22:51:37,662	[DEBUG]	EXEC>  SUCCESS 1204240
2023-12-27 22:51:37,663	[DEBUG]	ReturnReplacement(('triangle.cpp.xml', 'return', 3), ('triangle.cpp.xml', 'stmt', 22))
2023-12-27 22:51:37,664	[INFO]	13      SUCCESS               1204240 (100.0%) [1 edit(s)] 
2023-12-27 22:51:40,284	[DEBUG]	ExprStmtDeletion(('triangle.cpp.xml', 'expr_stmt', 10))
2023-12-27 22:51:40,285	[INFO]	14      TEST_CODE_ERROR       None  [1 edit(s)]       
2023-12-27 22:51:42,962	[DEBUG]	ReturnInsertion(('triangle.cpp.xml', '_inter_block', 9), ('triangle.cpp.xml', 'return', 1))
2023-12-27 22:51:42,962	[INFO]	15      TEST_CODE_ERROR       None  [1 edit(s)]       
2023-12-27 22:51:45,579	[DEBUG]	IfReplacement(('triangle.cpp.xml', 'if', 4), ('triangle.cpp.xml', 'stmt', 5))
2023-12-27 22:51:45,580	[INFO]	16      TEST_CODE_ERROR       None  [1 edit(s)]       
2023-12-27 22:51:48,160	[DEBUG]	ReturnReplacement(('triangle.cpp.xml', 'return', 2), ('triangle.cpp.xml', 'stmt', 14))
2023-12-27 22:51:48,161	[INFO]	17      TEST_CODE_ERROR       None  [1 edit(s)]       
2023-12-27 22:51:48,920	[DEBUG]	DeclStmtReplacement(('triangle.cpp.xml', 'decl_stmt', 1), ('triangle.cpp.xml', 'stmt', 19))
2023-12-27 22:51:48,921	[INFO]	18      COMPILE_CODE_ERROR    None  [1 edit(s)]       
2023-12-27 22:51:51,456	[DEBUG]	ExprStmtReplacement(('triangle.cpp.xml', 'expr_stmt', 2), ('triangle.cpp.xml', 'stmt', 15))
2023-12-27 22:51:51,457	[INFO]	19      TEST_CODE_ERROR       None  [1 edit(s)]       
2023-12-27 22:51:54,220	[DEBUG]	EXEC>  SUCCESS 1859388
2023-12-27 22:51:54,221	[DEBUG]	DeclStmtInsertion(('triangle.cpp.xml', '_inter_block', 27), ('triangle.cpp.xml', 'decl_stmt', 1))
2023-12-27 22:51:54,221	[INFO]	20      SUCCESS               1859388 (154.4%) [1 edit(s)] 
2023-12-27 22:51:56,874	[DEBUG]	ExprStmtDeletion(('triangle.cpp.xml', 'expr_stmt', 4))
2023-12-27 22:51:56,875	[INFO]	21      TEST_CODE_ERROR       None  [1 edit(s)]       
2023-12-27 22:51:59,506	[DEBUG]	IfInsertion(('triangle.cpp.xml', '_inter_block', 26), ('triangle.cpp.xml', 'if', 5))
2023-12-27 22:51:59,507	[INFO]	22      TEST_CODE_ERROR       None  [1 edit(s)]       
2023-12-27 22:52:02,148	[DEBUG]	IfReplacement(('triangle.cpp.xml', 'if', 4), ('triangle.cpp.xml', 'stmt', 8))
2023-12-27 22:52:02,149	[INFO]	23      TEST_CODE_ERROR       None  [1 edit(s)]       
2023-12-27 22:52:04,734	[DEBUG]	ReturnReplacement(('triangle.cpp.xml', 'return', 3), ('triangle.cpp.xml', 'stmt', 8))
2023-12-27 22:52:04,734	[INFO]	24      TEST_CODE_ERROR       None  [1 edit(s)]       
2023-12-27 22:52:07,604	[DEBUG]	EXEC>  SUCCESS 1204299
2023-12-27 22:52:07,605	[DEBUG]	IfInsertion(('triangle.cpp.xml', '_inter_block', 30), ('triangle.cpp.xml', 'if', 3))
2023-12-27 22:52:07,605	[INFO]	25      SUCCESS               1204299 (100.0%) [1 edit(s)] 
2023-12-27 22:52:10,566	[DEBUG]	EXEC>  SUCCESS 1204365
2023-12-27 22:52:10,567	[DEBUG]	DeclStmtInsertion(('triangle.cpp.xml', '_inter_block', 6), ('triangle.cpp.xml', 'decl_stmt', 0))
2023-12-27 22:52:10,567	[INFO]	26      SUCCESS               1204365 (100.01%) [1 edit(s)] 
2023-12-27 22:52:11,223	[DEBUG]	DeclStmtReplacement(('triangle.cpp.xml', 'decl_stmt', 0), ('triangle.cpp.xml', 'stmt', 18))
2023-12-27 22:52:11,223	[INFO]	27      COMPILE_CODE_ERROR    None  [1 edit(s)]       
2023-12-27 22:52:11,802	[DEBUG]	ExprStmtInsertion(('triangle.cpp.xml', '_inter_block', 26), ('triangle.cpp.xml', 'expr_stmt', 0))
2023-12-27 22:52:11,802	[INFO]	28      COMPILE_CODE_ERROR    None  [1 edit(s)]       
2023-12-27 22:52:11,803	[INFO]	==== END ====
2023-12-27 22:52:11,803	[INFO]	
2023-12-27 22:52:11,803	[INFO]	==== REPORT ====
2023-12-27 22:52:11,804	[INFO]	Termination: time budget
2023-12-27 22:52:11,804	[INFO]	Log file: /cs/student/ug/2020/damibose/projects/magpie/_magpie_logs/triangle-cpp_slow_1703717452.log
