2023-12-15 02:58:51,214	[DEBUG]	==== CONFIG ====
[magpie]
import = 
seed = 4
log_dir = _magpie_logs
work_dir = _magpie_work
final_out_dir = experiments/results_e_greedy_proof_of_concept/epsilon_greedy/BestImprovementNoTabu/trial_4
local_original_copy = True
local_original_name = __original__
output_encoding = ascii
edit_retries = 10
default_timeout = 30
default_lengthout = 10000.0
diff_method = unified
trust_local_filesystem = True

[software]
path = examples/code/triangle-cpp_slow
target_files = 
	triangle.cpp.xml
program = BasicProgram
engine_rules = 
	*.params : ConfigFileParamsEngine
	*.xml : SrcmlEngine
	* : LineEngine
engine_config = 
	*.params : [params]
	*.xml : [srcml]
init_cmd = 
init_timeout = 60
init_lengthout = -1
setup_cmd = ./setup.sh
setup_timeout = 
setup_lengthout = 
compile_cmd = ./compile.sh
compile_timeout = 
compile_lengthout = 
test_cmd = ./build/test_triangle
test_timeout = 
test_lengthout = 
run_cmd = perf stat ./build/run_triangle
run_timeout = 1
run_lengthout = 
batch_timeout = 
batch_lengthout = 
batch_bin_fitness_strategy = aggregate
batch_fitness_strategy = sum
fitness = perf_instructions

[srcml]
rename = 
focus = block break continue decl_stmt do expr_stmt for goto if return switch while
internodes = block
process_pseudo_blocks = True
process_literals = False
process_operators = False

[params]
timing = test run
cli_prefix = --
cli_glue = =
cli_boolean = show
cli_boolean_prefix_true = 
cli_boolean_prefix_false = no-
silent_prefix = @
silent_suffix = $

[search]
protocol = BasicProtocol
algorithm = BestImprovementNoTabu
possible_edits = 
	DeclStmtReplacement
	ExprStmtReplacement
	IfReplacement
	ReturnReplacement
	DeclStmtInsertion
	ExprStmtInsertion
	IfInsertion
	ReturnInsertion
	DeclStmtDeletion
	ExprStmtDeletion
	IfDeletion
	ReturnDeletion
warmup = 5
warmup_strategy = last
max_steps = 100
max_time = 60
target_fitness = 
cache_maxsize = 40
cache_keep = 0.2
batch_instances = 
batch_shuffle = True
batch_bin_shuffle = False
batch_sample_size = 1
operator_selector = EpsilonGreedy
epsilon = 0.2

[search.ls]
delete_prob = 0
max_neighbours = 20
when_trapped = continue
accept_fail = False
tabu_length = 10

[search.gp]
pop_size = 10
delete_prob = 0.5
offspring_elitism = 0.1
offspring_crossover = 0.5
offspring_mutation = 0.4
uniform_rate = 0.5
batch_reset = True

[search.minify]
do_cleanup = True
do_rebuild = True
do_simplify = True
round_robin_limit = 3


2023-12-15 02:58:51,219	[INFO]	==== WARMUP ====
2023-12-15 02:58:53,862	[DEBUG]	EXEC>  SUCCESS 1204240
2023-12-15 02:58:53,863	[INFO]	WARM    SUCCESS               1204240                 
2023-12-15 02:58:54,843	[DEBUG]	EXEC>  SUCCESS 1204240
2023-12-15 02:58:54,843	[INFO]	WARM    SUCCESS               1204240                 
2023-12-15 02:58:55,849	[DEBUG]	EXEC>  SUCCESS 1214987
2023-12-15 02:58:55,850	[INFO]	WARM    SUCCESS               1214987                 
2023-12-15 02:58:56,878	[DEBUG]	EXEC>  SUCCESS 1204238
2023-12-15 02:58:56,879	[INFO]	WARM    SUCCESS               1204238                 
2023-12-15 02:58:57,936	[DEBUG]	EXEC>  SUCCESS 1204240
2023-12-15 02:58:57,936	[INFO]	WARM    SUCCESS               1204240                 
2023-12-15 02:58:57,936	[INFO]	INITIAL SUCCESS               1204240                 
2023-12-15 02:58:57,937	[INFO]	==== START: BestImprovementNoTabu ====
2023-12-15 02:58:58,066	[DEBUG]	IfInsertion(('triangle.cpp.xml', '_inter_block', 0), ('triangle.cpp.xml', 'if', 4))
2023-12-15 02:58:58,066	[INFO]	1       COMPILE_CODE_ERROR    None  [1 edit(s)]       
2023-12-15 02:58:58,182	[DEBUG]	DeclStmtReplacement(('triangle.cpp.xml', 'decl_stmt', 0), ('triangle.cpp.xml', 'stmt', 3))
2023-12-15 02:58:58,183	[INFO]	2       COMPILE_CODE_ERROR    None  [1 edit(s)]       
2023-12-15 02:58:58,979	[DEBUG]	ExprStmtReplacement(('triangle.cpp.xml', 'expr_stmt', 3), ('triangle.cpp.xml', 'stmt', 17))
2023-12-15 02:58:58,980	[INFO]	3       TEST_CODE_ERROR       None  [1 edit(s)]       
2023-12-15 02:58:59,782	[DEBUG]	IfReplacement(('triangle.cpp.xml', 'if', 1), ('triangle.cpp.xml', 'stmt', 18))
2023-12-15 02:58:59,782	[INFO]	4       TEST_CODE_ERROR       None  [1 edit(s)]       
2023-12-15 02:59:00,785	[DEBUG]	ReturnReplacement(('triangle.cpp.xml', 'return', 0), ('triangle.cpp.xml', 'stmt', 8))
2023-12-15 02:59:00,786	[INFO]	5       TEST_CODE_ERROR       None  [1 edit(s)]       
2023-12-15 02:59:01,776	[DEBUG]	EXEC>  SUCCESS 1204366
2023-12-15 02:59:01,776	[DEBUG]	DeclStmtInsertion(('triangle.cpp.xml', '_inter_block', 7), ('triangle.cpp.xml', 'decl_stmt', 0))
2023-12-15 02:59:01,777	[INFO]	6       SUCCESS               1204366 (100.01%) [1 edit(s)] 
2023-12-15 02:59:02,782	[DEBUG]	EXEC>  SUCCESS 1204365
2023-12-15 02:59:02,783	[DEBUG]	ExprStmtInsertion(('triangle.cpp.xml', '_inter_block', 9), ('triangle.cpp.xml', 'expr_stmt', 5))
2023-12-15 02:59:02,784	[INFO]	7       SUCCESS               1204365 (100.01%) [1 edit(s)] 
2023-12-15 02:59:03,642	[DEBUG]	ReturnInsertion(('triangle.cpp.xml', '_inter_block', 14), ('triangle.cpp.xml', 'return', 1))
2023-12-15 02:59:03,642	[INFO]	8       TEST_CODE_ERROR       None  [1 edit(s)]       
2023-12-15 02:59:03,809	[DEBUG]	DeclStmtDeletion(('triangle.cpp.xml', 'decl_stmt', 0))
2023-12-15 02:59:03,810	[INFO]	9       COMPILE_CODE_ERROR    None  [1 edit(s)]       
2023-12-15 02:59:04,584	[DEBUG]	ExprStmtDeletion(('triangle.cpp.xml', 'expr_stmt', 5))
2023-12-15 02:59:04,584	[INFO]	10      TEST_CODE_ERROR       None  [1 edit(s)]       
2023-12-15 02:59:05,420	[DEBUG]	IfDeletion(('triangle.cpp.xml', 'if', 2))
2023-12-15 02:59:05,421	[INFO]	11      TEST_CODE_ERROR       None  [1 edit(s)]       
2023-12-15 02:59:06,243	[DEBUG]	ReturnDeletion(('triangle.cpp.xml', 'return', 3))
2023-12-15 02:59:06,244	[INFO]	12      TEST_CODE_ERROR       None  [1 edit(s)]       
2023-12-15 02:59:07,249	[DEBUG]	EXEC>  SUCCESS 1204270
2023-12-15 02:59:07,250	[DEBUG]	ExprStmtInsertion(('triangle.cpp.xml', '_inter_block', 19), ('triangle.cpp.xml', 'expr_stmt', 2))
2023-12-15 02:59:07,251	[INFO]	13      SUCCESS               1204270 (100.0%) [1 edit(s)] 
2023-12-15 02:59:08,086	[DEBUG]	ExprStmtInsertion(('triangle.cpp.xml', '_inter_block', 8), ('triangle.cpp.xml', 'expr_stmt', 7))
2023-12-15 02:59:08,087	[INFO]	14      TEST_CODE_ERROR       None  [1 edit(s)]       
2023-12-15 02:59:09,141	[DEBUG]	EXEC>  SUCCESS 1204238
2023-12-15 02:59:09,141	[DEBUG]	DeclStmtInsertion(('triangle.cpp.xml', '_inter_block', 31), ('triangle.cpp.xml', 'decl_stmt', 1))
2023-12-15 02:59:09,142	[INFO]	15      SUCCESS              *1204238 (100.0%) [1 edit(s)] 
2023-12-15 02:59:09,143	[DEBUG]	--- before: triangle.cpp
+++ after: triangle.cpp
@@ -40,6 +40,7 @@
   if(a == b || b == c)
     /*auto*/{
       return ISOSCELES;
+      double tmp;
     }/*auto*/
   return SCALENE;
 }

2023-12-15 02:59:10,141	[DEBUG]	EXEC>  SUCCESS 1204270
2023-12-15 02:59:10,141	[DEBUG]	DeclStmtInsertion(('triangle.cpp.xml', '_inter_block', 20), ('triangle.cpp.xml', 'decl_stmt', 0))
2023-12-15 02:59:10,142	[INFO]	16      SUCCESS               1204270 (100.0%) [1 edit(s)] 
2023-12-15 02:59:10,290	[DEBUG]	DeclStmtInsertion(('triangle.cpp.xml', '_inter_block', 1), ('triangle.cpp.xml', 'decl_stmt', 0))
2023-12-15 02:59:10,291	[INFO]	17      COMPILE_CODE_ERROR    None  [1 edit(s)]       
2023-12-15 02:59:11,094	[DEBUG]	ExprStmtDeletion(('triangle.cpp.xml', 'expr_stmt', 8))
2023-12-15 02:59:11,094	[INFO]	18      TEST_CODE_ERROR       None  [1 edit(s)]       
2023-12-15 02:59:12,095	[DEBUG]	EXEC>  SUCCESS 1204239
2023-12-15 02:59:12,096	[DEBUG]	IfReplacement(('triangle.cpp.xml', 'if', 3), ('triangle.cpp.xml', 'stmt', 16))
2023-12-15 02:59:12,097	[INFO]	19      SUCCESS               1204239 (100.0%) [1 edit(s)] 
2023-12-15 02:59:12,236	[DEBUG]	DeclStmtReplacement(('triangle.cpp.xml', 'decl_stmt', 1), ('triangle.cpp.xml', 'stmt', 18))
2023-12-15 02:59:12,236	[INFO]	20      COMPILE_CODE_ERROR    None  [1 edit(s)]       
2023-12-15 02:59:13,024	[DEBUG]	ReturnInsertion(('triangle.cpp.xml', '_inter_block', 15), ('triangle.cpp.xml', 'return', 1))
2023-12-15 02:59:13,024	[INFO]	21      TEST_CODE_ERROR      +None  [1 edit(s)]       
2023-12-15 02:59:13,025	[DEBUG]	--- before: triangle.cpp
+++ after: triangle.cpp
@@ -13,6 +13,7 @@
   // Sort the sides so that a <= b <= c
   if(a > b) {
     tmp = a;
+    return EQUILATERAL;
     a = b;
     b = tmp;
   }

2023-12-15 02:59:14,043	[DEBUG]	EXEC>  SUCCESS 1204264
2023-12-15 02:59:14,044	[DEBUG]	DeclStmtInsertion(('triangle.cpp.xml', '_inter_block', 31), ('triangle.cpp.xml', 'decl_stmt', 1)) | DeclStmtInsertion(('triangle.cpp.xml', '_inter_block', 30), ('triangle.cpp.xml', 'decl_stmt', 0))
2023-12-15 02:59:14,044	[INFO]	22      SUCCESS               1204264 (100.0%) [2 edit(s)] 
2023-12-15 02:59:15,059	[DEBUG]	EXEC>  SUCCESS 1304920
2023-12-15 02:59:15,060	[DEBUG]	DeclStmtInsertion(('triangle.cpp.xml', '_inter_block', 31), ('triangle.cpp.xml', 'decl_stmt', 1)) | DeclStmtInsertion(('triangle.cpp.xml', '_inter_block', 16), ('triangle.cpp.xml', 'decl_stmt', 0))
2023-12-15 02:59:15,061	[INFO]	23      SUCCESS               1304920 (108.36%) [2 edit(s)] 
2023-12-15 02:59:16,035	[DEBUG]	EXEC>  SUCCESS 1204365
2023-12-15 02:59:16,036	[DEBUG]	DeclStmtInsertion(('triangle.cpp.xml', '_inter_block', 31), ('triangle.cpp.xml', 'decl_stmt', 1)) | DeclStmtInsertion(('triangle.cpp.xml', '_inter_block', 9), ('triangle.cpp.xml', 'decl_stmt', 0))
2023-12-15 02:59:16,036	[INFO]	24      SUCCESS               1204365 (100.01%) [2 edit(s)] 
2023-12-15 02:59:17,043	[DEBUG]	EXEC>  SUCCESS 1204239
2023-12-15 02:59:17,044	[DEBUG]	DeclStmtInsertion(('triangle.cpp.xml', '_inter_block', 31), ('triangle.cpp.xml', 'decl_stmt', 1)) | DeclStmtInsertion(('triangle.cpp.xml', '_inter_block', 22), ('triangle.cpp.xml', 'decl_stmt', 1))
2023-12-15 02:59:17,044	[INFO]	25      SUCCESS               1204239 (100.0%) [2 edit(s)] 
2023-12-15 02:59:18,073	[DEBUG]	EXEC>  SUCCESS 1204293
2023-12-15 02:59:18,073	[DEBUG]	DeclStmtInsertion(('triangle.cpp.xml', '_inter_block', 31), ('triangle.cpp.xml', 'decl_stmt', 1)) | DeclStmtInsertion(('triangle.cpp.xml', '_inter_block', 11), ('triangle.cpp.xml', 'decl_stmt', 0))
2023-12-15 02:59:18,074	[INFO]	26      SUCCESS               1204293 (100.0%) [2 edit(s)] 
2023-12-15 02:59:19,096	[DEBUG]	EXEC>  SUCCESS 1223725
2023-12-15 02:59:19,097	[DEBUG]	DeclStmtInsertion(('triangle.cpp.xml', '_inter_block', 31), ('triangle.cpp.xml', 'decl_stmt', 1)) | IfInsertion(('triangle.cpp.xml', '_inter_block', 8), ('triangle.cpp.xml', 'if', 0))
2023-12-15 02:59:19,098	[INFO]	27      SUCCESS               1223725 (101.62%) [2 edit(s)] 
2023-12-15 02:59:20,059	[DEBUG]	EXEC>  SUCCESS 1204270
2023-12-15 02:59:20,060	[DEBUG]	DeclStmtInsertion(('triangle.cpp.xml', '_inter_block', 31), ('triangle.cpp.xml', 'decl_stmt', 1)) | DeclStmtInsertion(('triangle.cpp.xml', '_inter_block', 21), ('triangle.cpp.xml', 'decl_stmt', 0))
2023-12-15 02:59:20,061	[INFO]	28      SUCCESS               1204270 (100.0%) [2 edit(s)] 
2023-12-15 02:59:21,055	[DEBUG]	EXEC>  SUCCESS 1204238
2023-12-15 02:59:21,055	[DEBUG]	DeclStmtInsertion(('triangle.cpp.xml', '_inter_block', 31), ('triangle.cpp.xml', 'decl_stmt', 1)) | DeclStmtInsertion(('triangle.cpp.xml', '_inter_block', 27), ('triangle.cpp.xml', 'decl_stmt', 1))
2023-12-15 02:59:21,055	[INFO]	29      SUCCESS               1204238 (100.0%) [2 edit(s)] 
2023-12-15 02:59:22,053	[DEBUG]	EXEC>  SUCCESS 1204293
2023-12-15 02:59:22,054	[DEBUG]	DeclStmtInsertion(('triangle.cpp.xml', '_inter_block', 31), ('triangle.cpp.xml', 'decl_stmt', 1)) | DeclStmtInsertion(('triangle.cpp.xml', '_inter_block', 26), ('triangle.cpp.xml', 'decl_stmt', 0))
2023-12-15 02:59:22,055	[INFO]	30      SUCCESS               1204293 (100.0%) [2 edit(s)] 
2023-12-15 02:59:23,068	[DEBUG]	EXEC>  SUCCESS 1204288
2023-12-15 02:59:23,069	[DEBUG]	DeclStmtInsertion(('triangle.cpp.xml', '_inter_block', 31), ('triangle.cpp.xml', 'decl_stmt', 1)) | DeclStmtInsertion(('triangle.cpp.xml', '_inter_block', 14), ('triangle.cpp.xml', 'decl_stmt', 0))
2023-12-15 02:59:23,070	[INFO]	31      SUCCESS               1204288 (100.0%) [2 edit(s)] 
2023-12-15 02:59:24,092	[DEBUG]	EXEC>  SUCCESS 1204239
2023-12-15 02:59:24,093	[DEBUG]	DeclStmtInsertion(('triangle.cpp.xml', '_inter_block', 31), ('triangle.cpp.xml', 'decl_stmt', 1)) | IfInsertion(('triangle.cpp.xml', '_inter_block', 27), ('triangle.cpp.xml', 'if', 2))
2023-12-15 02:59:24,094	[INFO]	32      SUCCESS               1204239 (100.0%) [2 edit(s)] 
2023-12-15 02:59:25,066	[DEBUG]	EXEC>  SUCCESS 1204288
2023-12-15 02:59:25,066	[DEBUG]	DeclStmtInsertion(('triangle.cpp.xml', '_inter_block', 31), ('triangle.cpp.xml', 'decl_stmt', 1)) | DeclStmtInsertion(('triangle.cpp.xml', '_inter_block', 17), ('triangle.cpp.xml', 'decl_stmt', 0))
2023-12-15 02:59:25,067	[INFO]	33      SUCCESS               1204288 (100.0%) [2 edit(s)] 
2023-12-15 02:59:26,102	[DEBUG]	EXEC>  SUCCESS 1204240
2023-12-15 02:59:26,103	[DEBUG]	DeclStmtInsertion(('triangle.cpp.xml', '_inter_block', 31), ('triangle.cpp.xml', 'decl_stmt', 1)) | DeclStmtInsertion(('triangle.cpp.xml', '_inter_block', 28), ('triangle.cpp.xml', 'decl_stmt', 1))
2023-12-15 02:59:26,104	[INFO]	34      SUCCESS               1204240 (100.0%) [2 edit(s)] 
2023-12-15 02:59:26,925	[DEBUG]	DeclStmtInsertion(('triangle.cpp.xml', '_inter_block', 31), ('triangle.cpp.xml', 'decl_stmt', 1)) | DeclStmtInsertion(('triangle.cpp.xml', '_inter_block', 19), ('triangle.cpp.xml', 'decl_stmt', 1))
2023-12-15 02:59:26,926	[INFO]	35      TEST_CODE_ERROR       None  [2 edit(s)]       
2023-12-15 02:59:27,947	[DEBUG]	EXEC>  SUCCESS 1204239
2023-12-15 02:59:27,948	[DEBUG]	DeclStmtInsertion(('triangle.cpp.xml', '_inter_block', 31), ('triangle.cpp.xml', 'decl_stmt', 1)) | DeclStmtInsertion(('triangle.cpp.xml', '_inter_block', 17), ('triangle.cpp.xml', 'decl_stmt', 1))
2023-12-15 02:59:27,948	[INFO]	36      SUCCESS               1204239 (100.0%) [2 edit(s)] 
2023-12-15 02:59:29,152	[DEBUG]	EXEC>  SUCCESS 1204270
2023-12-15 02:59:29,153	[DEBUG]	DeclStmtInsertion(('triangle.cpp.xml', '_inter_block', 31), ('triangle.cpp.xml', 'decl_stmt', 1)) | DeclStmtInsertion(('triangle.cpp.xml', '_inter_block', 19), ('triangle.cpp.xml', 'decl_stmt', 0))
2023-12-15 02:59:29,154	[INFO]	37      SUCCESS               1204270 (100.0%) [2 edit(s)] 
2023-12-15 02:59:30,157	[DEBUG]	EXEC>  SUCCESS 1204239
2023-12-15 02:59:30,158	[DEBUG]	DeclStmtInsertion(('triangle.cpp.xml', '_inter_block', 31), ('triangle.cpp.xml', 'decl_stmt', 1)) | DeclStmtInsertion(('triangle.cpp.xml', '_inter_block', 0), ('triangle.cpp.xml', 'decl_stmt', 1))
2023-12-15 02:59:30,158	[INFO]	38      SUCCESS               1204239 (100.0%) [2 edit(s)] 
2023-12-15 02:59:30,299	[DEBUG]	DeclStmtInsertion(('triangle.cpp.xml', '_inter_block', 31), ('triangle.cpp.xml', 'decl_stmt', 1)) | DeclStmtInsertion(('triangle.cpp.xml', '_inter_block', 6), ('triangle.cpp.xml', 'decl_stmt', 1))
2023-12-15 02:59:30,299	[INFO]	39      COMPILE_CODE_ERROR    None  [2 edit(s)]       
2023-12-15 02:59:31,329	[DEBUG]	EXEC>  SUCCESS 1204240
2023-12-15 02:59:31,330	[DEBUG]	DeclStmtInsertion(('triangle.cpp.xml', '_inter_block', 31), ('triangle.cpp.xml', 'decl_stmt', 1)) | DeclStmtInsertion(('triangle.cpp.xml', '_inter_block', 27), ('triangle.cpp.xml', 'decl_stmt', 0))
2023-12-15 02:59:31,331	[INFO]	40      SUCCESS               1204240 (100.0%) [2 edit(s)] 
2023-12-15 02:59:31,471	[DEBUG]	DeclStmtInsertion(('triangle.cpp.xml', '_inter_block', 31), ('triangle.cpp.xml', 'decl_stmt', 1)) | DeclStmtInsertion(('triangle.cpp.xml', '_inter_block', 3), ('triangle.cpp.xml', 'decl_stmt', 0))
2023-12-15 02:59:31,471	[INFO]	41      COMPILE_CODE_ERROR    None  [2 edit(s)]       
2023-12-15 02:59:31,595	[DEBUG]	DeclStmtInsertion(('triangle.cpp.xml', '_inter_block', 31), ('triangle.cpp.xml', 'decl_stmt', 1)) | DeclStmtInsertion(('triangle.cpp.xml', '_inter_block', 1), ('triangle.cpp.xml', 'decl_stmt', 0))
2023-12-15 02:59:31,595	[INFO]	42      COMPILE_CODE_ERROR   +None  [2 edit(s)]       
2023-12-15 02:59:31,597	[DEBUG]	--- before: triangle.cpp
+++ after: triangle.cpp
@@ -1,6 +1,7 @@
 #include "triangle.hpp"
 
 void delay() {
+  const struct timespec ms = {0, (long int) (0.001*1e9)};
   const struct timespec ms = {0, (long int) (0.001*1e9)}; //tv_sec=0, tv_nsec (0.001 seconds)
   nanosleep(&ms,NULL); /*ignores possible errors*/
 }
@@ -40,6 +41,7 @@
   if(a == b || b == c)
     /*auto*/{
       return ISOSCELES;
+      double tmp;
     }/*auto*/
   return SCALENE;
 }

2023-12-15 02:59:32,586	[DEBUG]	EXEC>  SUCCESS 1204426
2023-12-15 02:59:32,586	[DEBUG]	DeclStmtInsertion(('triangle.cpp.xml', '_inter_block', 31), ('triangle.cpp.xml', 'decl_stmt', 1)) | DeclStmtInsertion(('triangle.cpp.xml', '_inter_block', 27), ('triangle.cpp.xml', 'decl_stmt', 1)) | IfInsertion(('triangle.cpp.xml', '_inter_block', 25), ('triangle.cpp.xml', 'if', 5))
2023-12-15 02:59:32,587	[INFO]	43      SUCCESS               1204426 (100.02%) [3 edit(s)] 
2023-12-15 02:59:33,621	[DEBUG]	EXEC>  SUCCESS 1204239
2023-12-15 02:59:33,622	[DEBUG]	DeclStmtInsertion(('triangle.cpp.xml', '_inter_block', 31), ('triangle.cpp.xml', 'decl_stmt', 1)) | DeclStmtInsertion(('triangle.cpp.xml', '_inter_block', 27), ('triangle.cpp.xml', 'decl_stmt', 1)) | DeclStmtInsertion(('triangle.cpp.xml', '_inter_block', 22), ('triangle.cpp.xml', 'decl_stmt', 1))
2023-12-15 02:59:33,623	[INFO]	44      SUCCESS               1204239 (100.0%) [3 edit(s)] 
2023-12-15 02:59:33,797	[DEBUG]	DeclStmtInsertion(('triangle.cpp.xml', '_inter_block', 31), ('triangle.cpp.xml', 'decl_stmt', 1)) | DeclStmtInsertion(('triangle.cpp.xml', '_inter_block', 27), ('triangle.cpp.xml', 'decl_stmt', 1)) | DeclStmtInsertion(('triangle.cpp.xml', '_inter_block', 13), ('triangle.cpp.xml', 'decl_stmt', 1))
2023-12-15 02:59:33,798	[INFO]	45      COMPILE_CODE_ERROR    None  [3 edit(s)]       
2023-12-15 02:59:34,791	[DEBUG]	EXEC>  SUCCESS 1203980
2023-12-15 02:59:34,792	[DEBUG]	DeclStmtInsertion(('triangle.cpp.xml', '_inter_block', 31), ('triangle.cpp.xml', 'decl_stmt', 1)) | DeclStmtInsertion(('triangle.cpp.xml', '_inter_block', 27), ('triangle.cpp.xml', 'decl_stmt', 1)) | IfDeletion(('triangle.cpp.xml', 'if', 1))
2023-12-15 02:59:34,793	[INFO]	46      SUCCESS              *1203980 (99.98%) [3 edit(s)] 
2023-12-15 02:59:34,794	[DEBUG]	--- before: triangle.cpp
+++ after: triangle.cpp
@@ -17,11 +17,7 @@
     b = tmp;
   }
 
-  if(a > c) {
-    tmp = a;
-    a = c;
-    c = tmp;
-  }
+  
 
   if(b > c) {
     tmp = b;
@@ -32,6 +28,7 @@
   if(a + b <= c)
     /*auto*/{
       return INVALID;
+      double tmp;
     }/*auto*/
   if(a == b && b == c)
     /*auto*/{
@@ -40,6 +37,7 @@
   if(a == b || b == c)
     /*auto*/{
       return ISOSCELES;
+      double tmp;
     }/*auto*/
   return SCALENE;
 }

2023-12-15 02:59:34,931	[DEBUG]	DeclStmtInsertion(('triangle.cpp.xml', '_inter_block', 31), ('triangle.cpp.xml', 'decl_stmt', 1)) | DeclStmtInsertion(('triangle.cpp.xml', '_inter_block', 27), ('triangle.cpp.xml', 'decl_stmt', 1)) | DeclStmtInsertion(('triangle.cpp.xml', '_inter_block', 31), ('triangle.cpp.xml', 'decl_stmt', 1))
2023-12-15 02:59:34,932	[INFO]	47      COMPILE_CODE_ERROR    None  [3 edit(s)]       
2023-12-15 02:59:35,986	[DEBUG]	EXEC>  SUCCESS 1204286
2023-12-15 02:59:35,987	[DEBUG]	DeclStmtInsertion(('triangle.cpp.xml', '_inter_block', 31), ('triangle.cpp.xml', 'decl_stmt', 1)) | DeclStmtInsertion(('triangle.cpp.xml', '_inter_block', 27), ('triangle.cpp.xml', 'decl_stmt', 1)) | IfInsertion(('triangle.cpp.xml', '_inter_block', 21), ('triangle.cpp.xml', 'if', 1))
2023-12-15 02:59:35,987	[INFO]	48      SUCCESS               1204286 (100.0%) [3 edit(s)] 
2023-12-15 02:59:37,021	[DEBUG]	EXEC>  SUCCESS 1204314
2023-12-15 02:59:37,022	[DEBUG]	DeclStmtInsertion(('triangle.cpp.xml', '_inter_block', 31), ('triangle.cpp.xml', 'decl_stmt', 1)) | DeclStmtInsertion(('triangle.cpp.xml', '_inter_block', 27), ('triangle.cpp.xml', 'decl_stmt', 1)) | IfInsertion(('triangle.cpp.xml', '_inter_block', 20), ('triangle.cpp.xml', 'if', 3))
2023-12-15 02:59:37,023	[INFO]	49      SUCCESS               1204314 (100.01%) [3 edit(s)] 
2023-12-15 02:59:37,889	[DEBUG]	DeclStmtInsertion(('triangle.cpp.xml', '_inter_block', 31), ('triangle.cpp.xml', 'decl_stmt', 1)) | DeclStmtInsertion(('triangle.cpp.xml', '_inter_block', 27), ('triangle.cpp.xml', 'decl_stmt', 1)) | IfInsertion(('triangle.cpp.xml', '_inter_block', 15), ('triangle.cpp.xml', 'if', 2))
2023-12-15 02:59:37,889	[INFO]	50      TEST_CODE_ERROR       None  [3 edit(s)]       
2023-12-15 02:59:37,892	[DEBUG]	DeclStmtInsertion(('triangle.cpp.xml', '_inter_block', 31), ('triangle.cpp.xml', 'decl_stmt', 1)) | DeclStmtInsertion(('triangle.cpp.xml', '_inter_block', 27), ('triangle.cpp.xml', 'decl_stmt', 1)) | IfInsertion(('triangle.cpp.xml', '_inter_block', 20), ('triangle.cpp.xml', 'if', 3))
2023-12-15 02:59:37,892	[INFO]	51      SUCCESS               1204314 (100.01%) [3 edit(s)] 
2023-12-15 02:59:38,897	[DEBUG]	EXEC>  SUCCESS 1204329
2023-12-15 02:59:38,898	[DEBUG]	DeclStmtInsertion(('triangle.cpp.xml', '_inter_block', 31), ('triangle.cpp.xml', 'decl_stmt', 1)) | DeclStmtInsertion(('triangle.cpp.xml', '_inter_block', 27), ('triangle.cpp.xml', 'decl_stmt', 1)) | IfInsertion(('triangle.cpp.xml', '_inter_block', 21), ('triangle.cpp.xml', 'if', 4))
2023-12-15 02:59:38,899	[INFO]	52      SUCCESS               1204329 (100.01%) [3 edit(s)] 
2023-12-15 02:59:39,894	[DEBUG]	EXEC>  SUCCESS 1204383
2023-12-15 02:59:39,895	[DEBUG]	DeclStmtInsertion(('triangle.cpp.xml', '_inter_block', 31), ('triangle.cpp.xml', 'decl_stmt', 1)) | DeclStmtInsertion(('triangle.cpp.xml', '_inter_block', 27), ('triangle.cpp.xml', 'decl_stmt', 1)) | IfInsertion(('triangle.cpp.xml', '_inter_block', 30), ('triangle.cpp.xml', 'if', 4))
2023-12-15 02:59:39,895	[INFO]	53      SUCCESS               1204383 (100.01%) [3 edit(s)] 
2023-12-15 02:59:40,710	[DEBUG]	DeclStmtInsertion(('triangle.cpp.xml', '_inter_block', 31), ('triangle.cpp.xml', 'decl_stmt', 1)) | DeclStmtInsertion(('triangle.cpp.xml', '_inter_block', 27), ('triangle.cpp.xml', 'decl_stmt', 1)) | ReturnReplacement(('triangle.cpp.xml', 'return', 0), ('triangle.cpp.xml', 'stmt', 10))
2023-12-15 02:59:40,710	[INFO]	54      TEST_CODE_ERROR       None  [3 edit(s)]       
2023-12-15 02:59:40,712	[DEBUG]	DeclStmtInsertion(('triangle.cpp.xml', '_inter_block', 31), ('triangle.cpp.xml', 'decl_stmt', 1)) | DeclStmtInsertion(('triangle.cpp.xml', '_inter_block', 27), ('triangle.cpp.xml', 'decl_stmt', 1)) | IfInsertion(('triangle.cpp.xml', '_inter_block', 20), ('triangle.cpp.xml', 'if', 3))
2023-12-15 02:59:40,712	[INFO]	55      SUCCESS               1204314 (100.01%) [3 edit(s)] 
2023-12-15 02:59:41,504	[DEBUG]	DeclStmtInsertion(('triangle.cpp.xml', '_inter_block', 31), ('triangle.cpp.xml', 'decl_stmt', 1)) | DeclStmtInsertion(('triangle.cpp.xml', '_inter_block', 27), ('triangle.cpp.xml', 'decl_stmt', 1)) | IfInsertion(('triangle.cpp.xml', '_inter_block', 17), ('triangle.cpp.xml', 'if', 5))
2023-12-15 02:59:41,504	[INFO]	56      TEST_CODE_ERROR       None  [3 edit(s)]       
2023-12-15 02:59:42,463	[DEBUG]	EXEC>  SUCCESS 1204435
2023-12-15 02:59:42,464	[DEBUG]	DeclStmtInsertion(('triangle.cpp.xml', '_inter_block', 31), ('triangle.cpp.xml', 'decl_stmt', 1)) | DeclStmtInsertion(('triangle.cpp.xml', '_inter_block', 27), ('triangle.cpp.xml', 'decl_stmt', 1)) | IfInsertion(('triangle.cpp.xml', '_inter_block', 8), ('triangle.cpp.xml', 'if', 3))
2023-12-15 02:59:42,465	[INFO]	57      SUCCESS               1204435 (100.02%) [3 edit(s)] 
2023-12-15 02:59:42,625	[DEBUG]	DeclStmtInsertion(('triangle.cpp.xml', '_inter_block', 31), ('triangle.cpp.xml', 'decl_stmt', 1)) | DeclStmtInsertion(('triangle.cpp.xml', '_inter_block', 27), ('triangle.cpp.xml', 'decl_stmt', 1)) | ReturnReplacement(('triangle.cpp.xml', 'return', 0), ('triangle.cpp.xml', 'stmt', 1))
2023-12-15 02:59:42,626	[INFO]	58      COMPILE_CODE_ERROR    None  [3 edit(s)]       
2023-12-15 02:59:42,628	[DEBUG]	DeclStmtInsertion(('triangle.cpp.xml', '_inter_block', 31), ('triangle.cpp.xml', 'decl_stmt', 1)) | DeclStmtInsertion(('triangle.cpp.xml', '_inter_block', 27), ('triangle.cpp.xml', 'decl_stmt', 1)) | IfInsertion(('triangle.cpp.xml', '_inter_block', 30), ('triangle.cpp.xml', 'if', 4))
2023-12-15 02:59:42,628	[INFO]	59      SUCCESS               1204383 (100.01%) [3 edit(s)] 
2023-12-15 02:59:43,608	[DEBUG]	EXEC>  SUCCESS 1204240
2023-12-15 02:59:43,608	[DEBUG]	DeclStmtInsertion(('triangle.cpp.xml', '_inter_block', 31), ('triangle.cpp.xml', 'decl_stmt', 1)) | DeclStmtInsertion(('triangle.cpp.xml', '_inter_block', 27), ('triangle.cpp.xml', 'decl_stmt', 1)) | IfInsertion(('triangle.cpp.xml', '_inter_block', 29), ('triangle.cpp.xml', 'if', 2))
2023-12-15 02:59:43,609	[INFO]	60      SUCCESS               1204240 (100.0%) [3 edit(s)] 
2023-12-15 02:59:44,625	[DEBUG]	EXEC>  SUCCESS 1204429
2023-12-15 02:59:44,625	[DEBUG]	DeclStmtInsertion(('triangle.cpp.xml', '_inter_block', 31), ('triangle.cpp.xml', 'decl_stmt', 1)) | DeclStmtInsertion(('triangle.cpp.xml', '_inter_block', 27), ('triangle.cpp.xml', 'decl_stmt', 1)) | IfInsertion(('triangle.cpp.xml', '_inter_block', 8), ('triangle.cpp.xml', 'if', 0))
2023-12-15 02:59:44,626	[INFO]	61      SUCCESS               1204429 (100.02%) [3 edit(s)] 
2023-12-15 02:59:45,594	[DEBUG]	EXEC>  SUCCESS 1204330
2023-12-15 02:59:45,595	[DEBUG]	DeclStmtInsertion(('triangle.cpp.xml', '_inter_block', 31), ('triangle.cpp.xml', 'decl_stmt', 1)) | DeclStmtInsertion(('triangle.cpp.xml', '_inter_block', 27), ('triangle.cpp.xml', 'decl_stmt', 1)) | IfInsertion(('triangle.cpp.xml', '_inter_block', 24), ('triangle.cpp.xml', 'if', 1))
2023-12-15 02:59:45,596	[INFO]	62      SUCCESS               1204330 (100.01%) [3 edit(s)] 
2023-12-15 02:59:46,589	[DEBUG]	EXEC>  SUCCESS 1204276
2023-12-15 02:59:46,589	[DEBUG]	DeclStmtInsertion(('triangle.cpp.xml', '_inter_block', 31), ('triangle.cpp.xml', 'decl_stmt', 1)) | DeclStmtInsertion(('triangle.cpp.xml', '_inter_block', 27), ('triangle.cpp.xml', 'decl_stmt', 1)) | IfInsertion(('triangle.cpp.xml', '_inter_block', 14), ('triangle.cpp.xml', 'if', 1))
2023-12-15 02:59:46,590	[INFO]	63      SUCCESS              +1204276 (100.0%) [3 edit(s)] 
2023-12-15 02:59:46,593	[DEBUG]	--- before: triangle.cpp
+++ after: triangle.cpp
@@ -12,6 +12,11 @@
 
   // Sort the sides so that a <= b <= c
   if(a > b) {
+    if(a > c) {
+      tmp = a;
+      a = c;
+      c = tmp;
+    }
     tmp = a;
     a = b;
     b = tmp;
@@ -32,6 +37,7 @@
   if(a + b <= c)
     /*auto*/{
       return INVALID;
+      double tmp;
     }/*auto*/
   if(a == b && b == c)
     /*auto*/{
@@ -40,6 +46,7 @@
   if(a == b || b == c)
     /*auto*/{
       return ISOSCELES;
+      double tmp;
     }/*auto*/
   return SCALENE;
 }

2023-12-15 02:59:47,594	[DEBUG]	EXEC>  SUCCESS 1246922
2023-12-15 02:59:47,595	[DEBUG]	DeclStmtInsertion(('triangle.cpp.xml', '_inter_block', 31), ('triangle.cpp.xml', 'decl_stmt', 1)) | DeclStmtInsertion(('triangle.cpp.xml', '_inter_block', 27), ('triangle.cpp.xml', 'decl_stmt', 1)) | IfDeletion(('triangle.cpp.xml', 'if', 1)) | IfInsertion(('triangle.cpp.xml', '_inter_block', 23), ('triangle.cpp.xml', 'if', 0))
2023-12-15 02:59:47,596	[INFO]	64      SUCCESS               1246922 (103.54%) [4 edit(s)] 
2023-12-15 02:59:47,598	[DEBUG]	DeclStmtInsertion(('triangle.cpp.xml', '_inter_block', 31), ('triangle.cpp.xml', 'decl_stmt', 1)) | DeclStmtInsertion(('triangle.cpp.xml', '_inter_block', 27), ('triangle.cpp.xml', 'decl_stmt', 1)) | IfDeletion(('triangle.cpp.xml', 'if', 1)) | IfInsertion(('triangle.cpp.xml', '_inter_block', 19), ('triangle.cpp.xml', 'if', 5))
2023-12-15 02:59:47,598	[INFO]	65      SUCCESS               1203980 (99.98%) [4 edit(s)] 
2023-12-15 02:59:48,505	[DEBUG]	EXEC>  SUCCESS 1201582
2023-12-15 02:59:48,506	[DEBUG]	DeclStmtInsertion(('triangle.cpp.xml', '_inter_block', 31), ('triangle.cpp.xml', 'decl_stmt', 1)) | DeclStmtInsertion(('triangle.cpp.xml', '_inter_block', 27), ('triangle.cpp.xml', 'decl_stmt', 1)) | IfDeletion(('triangle.cpp.xml', 'if', 1)) | ExprStmtDeletion(('triangle.cpp.xml', 'expr_stmt', 1))
2023-12-15 02:59:48,507	[INFO]	66      SUCCESS              *1201582 (99.78%) [4 edit(s)] 
2023-12-15 02:59:48,509	[DEBUG]	--- before: triangle.cpp
+++ after: triangle.cpp
@@ -8,7 +8,7 @@
 int classify_triangle(double a, double b, double c) {
   double tmp;
 
-  delay();
+  
 
   // Sort the sides so that a <= b <= c
   if(a > b) {
@@ -17,11 +17,7 @@
     b = tmp;
   }
 
-  if(a > c) {
-    tmp = a;
-    a = c;
-    c = tmp;
-  }
+  
 
   if(b > c) {
     tmp = b;
@@ -32,6 +28,7 @@
   if(a + b <= c)
     /*auto*/{
       return INVALID;
+      double tmp;
     }/*auto*/
   if(a == b && b == c)
     /*auto*/{
@@ -40,6 +37,7 @@
   if(a == b || b == c)
     /*auto*/{
       return ISOSCELES;
+      double tmp;
     }/*auto*/
   return SCALENE;
 }

2023-12-15 02:59:49,751	[DEBUG]	EXEC>  SUCCESS 1204330
2023-12-15 02:59:49,751	[DEBUG]	DeclStmtInsertion(('triangle.cpp.xml', '_inter_block', 31), ('triangle.cpp.xml', 'decl_stmt', 1)) | DeclStmtInsertion(('triangle.cpp.xml', '_inter_block', 27), ('triangle.cpp.xml', 'decl_stmt', 1)) | IfDeletion(('triangle.cpp.xml', 'if', 1)) | IfInsertion(('triangle.cpp.xml', '_inter_block', 9), ('triangle.cpp.xml', 'if', 4))
2023-12-15 02:59:49,752	[INFO]	67      SUCCESS               1204330 (100.01%) [4 edit(s)] 
2023-12-15 02:59:49,890	[DEBUG]	DeclStmtInsertion(('triangle.cpp.xml', '_inter_block', 31), ('triangle.cpp.xml', 'decl_stmt', 1)) | DeclStmtInsertion(('triangle.cpp.xml', '_inter_block', 27), ('triangle.cpp.xml', 'decl_stmt', 1)) | IfDeletion(('triangle.cpp.xml', 'if', 1)) | IfInsertion(('triangle.cpp.xml', '_inter_block', 2), ('triangle.cpp.xml', 'if', 1))
2023-12-15 02:59:49,891	[INFO]	68      COMPILE_CODE_ERROR    None  [4 edit(s)]       
2023-12-15 02:59:50,008	[DEBUG]	DeclStmtInsertion(('triangle.cpp.xml', '_inter_block', 31), ('triangle.cpp.xml', 'decl_stmt', 1)) | DeclStmtInsertion(('triangle.cpp.xml', '_inter_block', 27), ('triangle.cpp.xml', 'decl_stmt', 1)) | IfDeletion(('triangle.cpp.xml', 'if', 1)) | DeclStmtDeletion(('triangle.cpp.xml', 'decl_stmt', 0))
2023-12-15 02:59:50,009	[INFO]	69      COMPILE_CODE_ERROR    None  [4 edit(s)]       
2023-12-15 02:59:50,989	[DEBUG]	EXEC>  SUCCESS 1204026
2023-12-15 02:59:50,990	[DEBUG]	DeclStmtInsertion(('triangle.cpp.xml', '_inter_block', 31), ('triangle.cpp.xml', 'decl_stmt', 1)) | DeclStmtInsertion(('triangle.cpp.xml', '_inter_block', 27), ('triangle.cpp.xml', 'decl_stmt', 1)) | IfDeletion(('triangle.cpp.xml', 'if', 1)) | IfInsertion(('triangle.cpp.xml', '_inter_block', 15), ('triangle.cpp.xml', 'if', 3))
2023-12-15 02:59:50,990	[INFO]	70      SUCCESS               1204026 (99.98%) [4 edit(s)] 
2023-12-15 02:59:51,797	[DEBUG]	DeclStmtInsertion(('triangle.cpp.xml', '_inter_block', 31), ('triangle.cpp.xml', 'decl_stmt', 1)) | DeclStmtInsertion(('triangle.cpp.xml', '_inter_block', 27), ('triangle.cpp.xml', 'decl_stmt', 1)) | IfDeletion(('triangle.cpp.xml', 'if', 1)) | IfInsertion(('triangle.cpp.xml', '_inter_block', 10), ('triangle.cpp.xml', 'if', 5))
2023-12-15 02:59:51,798	[INFO]	71      TEST_CODE_ERROR       None  [4 edit(s)]       
2023-12-15 02:59:51,949	[DEBUG]	DeclStmtInsertion(('triangle.cpp.xml', '_inter_block', 31), ('triangle.cpp.xml', 'decl_stmt', 1)) | DeclStmtInsertion(('triangle.cpp.xml', '_inter_block', 27), ('triangle.cpp.xml', 'decl_stmt', 1)) | IfDeletion(('triangle.cpp.xml', 'if', 1)) | IfInsertion(('triangle.cpp.xml', '_inter_block', 0), ('triangle.cpp.xml', 'if', 3))
2023-12-15 02:59:51,950	[INFO]	72      COMPILE_CODE_ERROR    None  [4 edit(s)]       
2023-12-15 02:59:52,932	[DEBUG]	EXEC>  SUCCESS 1204257
2023-12-15 02:59:52,933	[DEBUG]	DeclStmtInsertion(('triangle.cpp.xml', '_inter_block', 31), ('triangle.cpp.xml', 'decl_stmt', 1)) | DeclStmtInsertion(('triangle.cpp.xml', '_inter_block', 27), ('triangle.cpp.xml', 'decl_stmt', 1)) | IfDeletion(('triangle.cpp.xml', 'if', 1)) | IfInsertion(('triangle.cpp.xml', '_inter_block', 6), ('triangle.cpp.xml', 'if', 2))
2023-12-15 02:59:52,934	[INFO]	73      SUCCESS               1204257 (100.0%) [4 edit(s)] 
2023-12-15 02:59:53,937	[DEBUG]	EXEC>  SUCCESS 1204079
2023-12-15 02:59:53,937	[DEBUG]	DeclStmtInsertion(('triangle.cpp.xml', '_inter_block', 31), ('triangle.cpp.xml', 'decl_stmt', 1)) | DeclStmtInsertion(('triangle.cpp.xml', '_inter_block', 27), ('triangle.cpp.xml', 'decl_stmt', 1)) | IfDeletion(('triangle.cpp.xml', 'if', 1)) | IfInsertion(('triangle.cpp.xml', '_inter_block', 25), ('triangle.cpp.xml', 'if', 2))
2023-12-15 02:59:53,938	[INFO]	74      SUCCESS               1204079 (99.99%) [4 edit(s)] 
2023-12-15 02:59:54,907	[DEBUG]	EXEC>  SUCCESS 1472951
2023-12-15 02:59:54,907	[DEBUG]	DeclStmtInsertion(('triangle.cpp.xml', '_inter_block', 31), ('triangle.cpp.xml', 'decl_stmt', 1)) | DeclStmtInsertion(('triangle.cpp.xml', '_inter_block', 27), ('triangle.cpp.xml', 'decl_stmt', 1)) | IfDeletion(('triangle.cpp.xml', 'if', 1)) | IfInsertion(('triangle.cpp.xml', '_inter_block', 5), ('triangle.cpp.xml', 'if', 1))
2023-12-15 02:59:54,908	[INFO]	75      SUCCESS               1472951 (122.31%) [4 edit(s)] 
2023-12-15 02:59:55,067	[DEBUG]	DeclStmtInsertion(('triangle.cpp.xml', '_inter_block', 31), ('triangle.cpp.xml', 'decl_stmt', 1)) | DeclStmtInsertion(('triangle.cpp.xml', '_inter_block', 27), ('triangle.cpp.xml', 'decl_stmt', 1)) | IfDeletion(('triangle.cpp.xml', 'if', 1)) | IfInsertion(('triangle.cpp.xml', '_inter_block', 2), ('triangle.cpp.xml', 'if', 0))
2023-12-15 02:59:55,067	[INFO]	76      COMPILE_CODE_ERROR    None  [4 edit(s)]       
2023-12-15 02:59:55,070	[DEBUG]	DeclStmtInsertion(('triangle.cpp.xml', '_inter_block', 31), ('triangle.cpp.xml', 'decl_stmt', 1)) | DeclStmtInsertion(('triangle.cpp.xml', '_inter_block', 27), ('triangle.cpp.xml', 'decl_stmt', 1)) | IfDeletion(('triangle.cpp.xml', 'if', 1)) | IfInsertion(('triangle.cpp.xml', '_inter_block', 19), ('triangle.cpp.xml', 'if', 0))
2023-12-15 02:59:55,070	[INFO]	77      SUCCESS               1203980 (99.98%) [4 edit(s)] 
2023-12-15 02:59:55,911	[DEBUG]	DeclStmtInsertion(('triangle.cpp.xml', '_inter_block', 31), ('triangle.cpp.xml', 'decl_stmt', 1)) | DeclStmtInsertion(('triangle.cpp.xml', '_inter_block', 27), ('triangle.cpp.xml', 'decl_stmt', 1)) | IfDeletion(('triangle.cpp.xml', 'if', 1)) | ReturnInsertion(('triangle.cpp.xml', '_inter_block', 30), ('triangle.cpp.xml', 'return', 0))
2023-12-15 02:59:55,912	[INFO]	78      TEST_CODE_ERROR       None  [4 edit(s)]       
2023-12-15 02:59:56,934	[DEBUG]	EXEC>  SUCCESS 1204088
2023-12-15 02:59:56,935	[DEBUG]	DeclStmtInsertion(('triangle.cpp.xml', '_inter_block', 31), ('triangle.cpp.xml', 'decl_stmt', 1)) | DeclStmtInsertion(('triangle.cpp.xml', '_inter_block', 27), ('triangle.cpp.xml', 'decl_stmt', 1)) | IfDeletion(('triangle.cpp.xml', 'if', 1)) | IfInsertion(('triangle.cpp.xml', '_inter_block', 17), ('triangle.cpp.xml', 'if', 1))
2023-12-15 02:59:56,935	[INFO]	79      SUCCESS               1204088 (99.99%) [4 edit(s)] 
2023-12-15 02:59:57,952	[DEBUG]	EXEC>  SUCCESS 1204078
2023-12-15 02:59:57,953	[DEBUG]	DeclStmtInsertion(('triangle.cpp.xml', '_inter_block', 31), ('triangle.cpp.xml', 'decl_stmt', 1)) | DeclStmtInsertion(('triangle.cpp.xml', '_inter_block', 27), ('triangle.cpp.xml', 'decl_stmt', 1)) | IfDeletion(('triangle.cpp.xml', 'if', 1)) | IfInsertion(('triangle.cpp.xml', '_inter_block', 25), ('triangle.cpp.xml', 'if', 1))
2023-12-15 02:59:57,954	[INFO]	80      SUCCESS               1204078 (99.99%) [4 edit(s)] 
2023-12-15 02:59:57,955	[INFO]	==== END ====
2023-12-15 02:59:57,955	[INFO]	
2023-12-15 02:59:57,956	[INFO]	==== REPORT ====
2023-12-15 02:59:57,956	[INFO]	Termination: time budget
2023-12-15 02:59:57,957	[INFO]	Log file: /cs/student/ug/2020/damibose/projects/magpie/_magpie_logs/triangle-cpp_slow_1702609131.log
2023-12-15 02:59:57,959	[INFO]	Patch file: _magpie_logs/triangle-cpp_slow_1702609131.patch
2023-12-15 02:59:57,959	[INFO]	Diff file: _magpie_logs/triangle-cpp_slow_1702609131.diff
2023-12-15 02:59:57,960	[INFO]	Best fitness: 1201582
2023-12-15 02:59:57,961	[INFO]	Best patch: DeclStmtInsertion(('triangle.cpp.xml', '_inter_block', 31), ('triangle.cpp.xml', 'decl_stmt', 1)) | DeclStmtInsertion(('triangle.cpp.xml', '_inter_block', 27), ('triangle.cpp.xml', 'decl_stmt', 1)) | IfDeletion(('triangle.cpp.xml', 'if', 1)) | ExprStmtDeletion(('triangle.cpp.xml', 'expr_stmt', 1))
2023-12-15 02:59:57,961	[INFO]	Diff:
--- before: triangle.cpp
+++ after: triangle.cpp
@@ -8,7 +8,7 @@
 int classify_triangle(double a, double b, double c) {
   double tmp;
 
-  delay();
+  
 
   // Sort the sides so that a <= b <= c
   if(a > b) {
@@ -17,11 +17,7 @@
     b = tmp;
   }
 
-  if(a > c) {
-    tmp = a;
-    a = c;
-    c = tmp;
-  }
+  
 
   if(b > c) {
     tmp = b;
@@ -32,6 +28,7 @@
   if(a + b <= c)
     /*auto*/{
       return INVALID;
+      double tmp;
     }/*auto*/
   if(a == b && b == c)
     /*auto*/{
@@ -40,6 +37,7 @@
   if(a == b || b == c)
     /*auto*/{
       return ISOSCELES;
+      double tmp;
     }/*auto*/
   return SCALENE;
 }

