2023-12-15 12:56:55,780	[DEBUG]	==== CONFIG ====
[magpie]
import = 
seed = 5
log_dir = _magpie_logs
work_dir = _magpie_work
final_out_dir = experiments/results_e_greedy_proof_of_concept/baseline/BestImprovementNoTabu/trial_5
local_original_copy = True
local_original_name = __original__
output_encoding = ascii
edit_retries = 10
default_timeout = 30
default_lengthout = 10000.0
diff_method = unified
trust_local_filesystem = True

[software]
path = examples/code/triangle-cpp_slow
target_files = 
	triangle.cpp.xml
program = BasicProgram
engine_rules = 
	*.params : ConfigFileParamsEngine
	*.xml : SrcmlEngine
	* : LineEngine
engine_config = 
	*.params : [params]
	*.xml : [srcml]
init_cmd = 
init_timeout = 60
init_lengthout = -1
setup_cmd = ./setup.sh
setup_timeout = 
setup_lengthout = 
compile_cmd = ./compile.sh
compile_timeout = 
compile_lengthout = 
test_cmd = ./build/test_triangle
test_timeout = 
test_lengthout = 
run_cmd = perf stat ./build/run_triangle
run_timeout = 1
run_lengthout = 
batch_timeout = 
batch_lengthout = 
batch_bin_fitness_strategy = aggregate
batch_fitness_strategy = sum
fitness = perf_instructions

[srcml]
rename = 
focus = block break continue decl_stmt do expr_stmt for goto if return switch while
internodes = block
process_pseudo_blocks = True
process_literals = False
process_operators = False

[params]
timing = test run
cli_prefix = --
cli_glue = =
cli_boolean = show
cli_boolean_prefix_true = 
cli_boolean_prefix_false = no-
silent_prefix = @
silent_suffix = $

[search]
protocol = BasicProtocol
algorithm = BestImprovementNoTabu
possible_edits = 
	DeclStmtReplacement
	ExprStmtReplacement
	IfReplacement
	ReturnReplacement
	DeclStmtInsertion
	ExprStmtInsertion
	IfInsertion
	ReturnInsertion
	DeclStmtDeletion
	ExprStmtDeletion
	IfDeletion
	ReturnDeletion
warmup = 5
warmup_strategy = last
max_steps = 100
max_time = 60
target_fitness = 
cache_maxsize = 40
cache_keep = 0.2
batch_instances = 
batch_shuffle = True
batch_bin_shuffle = False
batch_sample_size = 1
operator_selector = UniformSelector

[search.ls]
delete_prob = 0
max_neighbours = 20
when_trapped = continue
accept_fail = False
tabu_length = 10

[search.gp]
pop_size = 10
delete_prob = 0.5
offspring_elitism = 0.1
offspring_crossover = 0.5
offspring_mutation = 0.4
uniform_rate = 0.5
batch_reset = True

[search.minify]
do_cleanup = True
do_rebuild = True
do_simplify = True
round_robin_limit = 3


2023-12-15 12:56:55,785	[INFO]	==== WARMUP ====
2023-12-15 12:56:58,376	[DEBUG]	EXEC>  SUCCESS 1205550
2023-12-15 12:56:58,377	[INFO]	WARM    SUCCESS               1205550                 
2023-12-15 12:56:59,340	[DEBUG]	EXEC>  SUCCESS 1205551
2023-12-15 12:56:59,340	[INFO]	WARM    SUCCESS               1205551                 
2023-12-15 12:57:00,273	[DEBUG]	EXEC>  SUCCESS 1205552
2023-12-15 12:57:00,274	[INFO]	WARM    SUCCESS               1205552                 
2023-12-15 12:57:01,231	[DEBUG]	EXEC>  SUCCESS 1205551
2023-12-15 12:57:01,232	[INFO]	WARM    SUCCESS               1205551                 
2023-12-15 12:57:02,209	[DEBUG]	EXEC>  SUCCESS 1205550
2023-12-15 12:57:02,209	[INFO]	WARM    SUCCESS               1205550                 
2023-12-15 12:57:02,210	[INFO]	INITIAL SUCCESS               1205550                 
2023-12-15 12:57:02,212	[INFO]	==== START: BestImprovementNoTabu ====
2023-12-15 12:57:02,358	[DEBUG]	DeclStmtReplacement(('triangle.cpp.xml', 'decl_stmt', 0), ('triangle.cpp.xml', 'stmt', 21))
2023-12-15 12:57:02,358	[INFO]	1       COMPILE_CODE_ERROR    None  [1 edit(s)]       
2023-12-15 12:57:03,147	[DEBUG]	ReturnDeletion(('triangle.cpp.xml', 'return', 1))
2023-12-15 12:57:03,147	[INFO]	2       TEST_CODE_ERROR       None  [1 edit(s)]       
2023-12-15 12:57:03,288	[DEBUG]	DeclStmtReplacement(('triangle.cpp.xml', 'decl_stmt', 0), ('triangle.cpp.xml', 'stmt', 13))
2023-12-15 12:57:03,289	[INFO]	3       COMPILE_CODE_ERROR    None  [1 edit(s)]       
2023-12-15 12:57:04,225	[DEBUG]	EXEC>  SUCCESS 1205181
2023-12-15 12:57:04,226	[DEBUG]	IfDeletion(('triangle.cpp.xml', 'if', 0))
2023-12-15 12:57:04,227	[INFO]	4       SUCCESS              *1205181 (99.97%) [1 edit(s)] 
2023-12-15 12:57:04,227	[DEBUG]	--- before: triangle.cpp
+++ after: triangle.cpp
@@ -11,11 +11,7 @@
   delay();
 
   // Sort the sides so that a <= b <= c
-  if(a > b) {
-    tmp = a;
-    a = b;
-    b = tmp;
-  }
+  
 
   if(a > c) {
     tmp = a;

2023-12-15 12:57:05,006	[DEBUG]	ReturnInsertion(('triangle.cpp.xml', '_inter_block', 20), ('triangle.cpp.xml', 'return', 1))
2023-12-15 12:57:05,007	[INFO]	5       TEST_CODE_ERROR       None  [1 edit(s)]       
2023-12-15 12:57:05,764	[DEBUG]	ReturnReplacement(('triangle.cpp.xml', 'return', 0), ('triangle.cpp.xml', 'stmt', 18))
2023-12-15 12:57:05,764	[INFO]	6       TEST_CODE_ERROR       None  [1 edit(s)]       
2023-12-15 12:57:06,535	[DEBUG]	ReturnDeletion(('triangle.cpp.xml', 'return', 0))
2023-12-15 12:57:06,536	[INFO]	7       TEST_CODE_ERROR       None  [1 edit(s)]       
2023-12-15 12:57:07,507	[DEBUG]	EXEC>  SUCCESS 1205550
2023-12-15 12:57:07,507	[DEBUG]	DeclStmtInsertion(('triangle.cpp.xml', '_inter_block', 18), ('triangle.cpp.xml', 'decl_stmt', 1))
2023-12-15 12:57:07,508	[INFO]	8       SUCCESS               1205550 (100.0%) [1 edit(s)] 
2023-12-15 12:57:07,664	[DEBUG]	DeclStmtReplacement(('triangle.cpp.xml', 'decl_stmt', 1), ('triangle.cpp.xml', 'stmt', 7))
2023-12-15 12:57:07,664	[INFO]	9       COMPILE_CODE_ERROR    None  [1 edit(s)]       
2023-12-15 12:57:07,794	[DEBUG]	DeclStmtReplacement(('triangle.cpp.xml', 'decl_stmt', 0), ('triangle.cpp.xml', 'stmt', 18))
2023-12-15 12:57:07,794	[INFO]	10      COMPILE_CODE_ERROR    None  [1 edit(s)]       
2023-12-15 12:57:07,926	[DEBUG]	DeclStmtDeletion(('triangle.cpp.xml', 'decl_stmt', 1))
2023-12-15 12:57:07,927	[INFO]	11      COMPILE_CODE_ERROR    None  [1 edit(s)]       
2023-12-15 12:57:08,705	[DEBUG]	ReturnDeletion(('triangle.cpp.xml', 'return', 2))
2023-12-15 12:57:08,705	[INFO]	12      TEST_CODE_ERROR       None  [1 edit(s)]       
2023-12-15 12:57:09,661	[DEBUG]	EXEC>  SUCCESS 1205289
2023-12-15 12:57:09,662	[DEBUG]	IfDeletion(('triangle.cpp.xml', 'if', 1))
2023-12-15 12:57:09,663	[INFO]	13      SUCCESS               1205289 (99.98%) [1 edit(s)] 
2023-12-15 12:57:09,811	[DEBUG]	DeclStmtDeletion(('triangle.cpp.xml', 'decl_stmt', 1))
2023-12-15 12:57:09,812	[INFO]	14      COMPILE_CODE_ERROR    None  [1 edit(s)]       
2023-12-15 12:57:10,601	[DEBUG]	ReturnInsertion(('triangle.cpp.xml', '_inter_block', 25), ('triangle.cpp.xml', 'return', 3))
2023-12-15 12:57:10,601	[INFO]	15      TEST_CODE_ERROR       None  [1 edit(s)]       
2023-12-15 12:57:10,742	[DEBUG]	DeclStmtReplacement(('triangle.cpp.xml', 'decl_stmt', 0), ('triangle.cpp.xml', 'stmt', 8))
2023-12-15 12:57:10,742	[INFO]	16      COMPILE_CODE_ERROR    None  [1 edit(s)]       
2023-12-15 12:57:10,867	[DEBUG]	DeclStmtInsertion(('triangle.cpp.xml', '_inter_block', 10), ('triangle.cpp.xml', 'decl_stmt', 1))
2023-12-15 12:57:10,867	[INFO]	17      COMPILE_CODE_ERROR    None  [1 edit(s)]       
2023-12-15 12:57:11,021	[DEBUG]	IfReplacement(('triangle.cpp.xml', 'if', 2), ('triangle.cpp.xml', 'stmt', 1))
2023-12-15 12:57:11,021	[INFO]	18      COMPILE_CODE_ERROR    None  [1 edit(s)]       
2023-12-15 12:57:11,776	[DEBUG]	IfReplacement(('triangle.cpp.xml', 'if', 5), ('triangle.cpp.xml', 'stmt', 0))
2023-12-15 12:57:11,777	[INFO]	19      TEST_CODE_ERROR       None  [1 edit(s)]       
2023-12-15 12:57:12,778	[DEBUG]	EXEC>  SUCCESS 1205415
2023-12-15 12:57:12,779	[DEBUG]	IfReplacement(('triangle.cpp.xml', 'if', 1), ('triangle.cpp.xml', 'stmt', 0))
2023-12-15 12:57:12,780	[INFO]	20      SUCCESS               1205415 (99.99%) [1 edit(s)] 
2023-12-15 12:57:13,561	[DEBUG]	ExprStmtReplacement(('triangle.cpp.xml', 'expr_stmt', 8), ('triangle.cpp.xml', 'stmt', 17))
2023-12-15 12:57:13,561	[INFO]	21      TEST_CODE_ERROR      +None  [1 edit(s)]       
2023-12-15 12:57:13,563	[DEBUG]	--- before: triangle.cpp
+++ after: triangle.cpp
@@ -24,7 +24,10 @@
   }
 
   if(b > c) {
-    tmp = b;
+    if(a == b && b == c)
+      /*auto*/{
+        return EQUILATERAL;
+      }/*auto*/
     b = c;
     c = tmp;
   }

2023-12-15 12:57:14,539	[DEBUG]	EXEC>  SUCCESS 1205326
2023-12-15 12:57:14,540	[DEBUG]	IfDeletion(('triangle.cpp.xml', 'if', 0)) | IfInsertion(('triangle.cpp.xml', '_inter_block', 10), ('triangle.cpp.xml', 'if', 0))
2023-12-15 12:57:14,541	[INFO]	22      SUCCESS               1205326 (99.98%) [2 edit(s)] 
2023-12-15 12:57:15,358	[DEBUG]	IfDeletion(('triangle.cpp.xml', 'if', 0)) | ExprStmtReplacement(('triangle.cpp.xml', 'expr_stmt', 8), ('triangle.cpp.xml', 'stmt', 15))
2023-12-15 12:57:15,358	[INFO]	23      TEST_CODE_ERROR       None  [2 edit(s)]       
2023-12-15 12:57:16,195	[DEBUG]	IfDeletion(('triangle.cpp.xml', 'if', 0)) | ReturnReplacement(('triangle.cpp.xml', 'return', 1), ('triangle.cpp.xml', 'stmt', 16))
2023-12-15 12:57:16,196	[INFO]	24      TEST_CODE_ERROR       None  [2 edit(s)]       
2023-12-15 12:57:17,148	[DEBUG]	EXEC>  SUCCESS 1205434
2023-12-15 12:57:17,148	[DEBUG]	IfDeletion(('triangle.cpp.xml', 'if', 0)) | IfInsertion(('triangle.cpp.xml', '_inter_block', 18), ('triangle.cpp.xml', 'if', 0))
2023-12-15 12:57:17,149	[INFO]	25      SUCCESS               1205434 (99.99%) [2 edit(s)] 
2023-12-15 12:57:17,310	[DEBUG]	IfDeletion(('triangle.cpp.xml', 'if', 0)) | DeclStmtDeletion(('triangle.cpp.xml', 'decl_stmt', 1))
2023-12-15 12:57:17,310	[INFO]	26      COMPILE_CODE_ERROR    None  [2 edit(s)]       
2023-12-15 12:57:18,213	[DEBUG]	EXEC>  SUCCESS 1203276
2023-12-15 12:57:18,213	[DEBUG]	IfDeletion(('triangle.cpp.xml', 'if', 0)) | ExprStmtDeletion(('triangle.cpp.xml', 'expr_stmt', 0))
2023-12-15 12:57:18,214	[INFO]	27      SUCCESS              *1203276 (99.81%) [2 edit(s)] 
2023-12-15 12:57:18,215	[DEBUG]	--- before: triangle.cpp
+++ after: triangle.cpp
@@ -2,7 +2,7 @@
 
 void delay() {
   const struct timespec ms = {0, (long int) (0.001*1e9)}; //tv_sec=0, tv_nsec (0.001 seconds)
-  nanosleep(&ms,NULL); /*ignores possible errors*/
+   /*ignores possible errors*/
 }
 
 int classify_triangle(double a, double b, double c) {
@@ -11,11 +11,7 @@
   delay();
 
   // Sort the sides so that a <= b <= c
-  if(a > b) {
-    tmp = a;
-    a = b;
-    b = tmp;
-  }
+  
 
   if(a > c) {
     tmp = a;

2023-12-15 12:57:19,005	[DEBUG]	IfDeletion(('triangle.cpp.xml', 'if', 0)) | IfReplacement(('triangle.cpp.xml', 'if', 3), ('triangle.cpp.xml', 'stmt', 20))
2023-12-15 12:57:19,005	[INFO]	28      TEST_CODE_ERROR       None  [2 edit(s)]       
2023-12-15 12:57:19,826	[DEBUG]	IfDeletion(('triangle.cpp.xml', 'if', 0)) | ReturnReplacement(('triangle.cpp.xml', 'return', 0), ('triangle.cpp.xml', 'stmt', 10))
2023-12-15 12:57:19,826	[INFO]	29      TEST_CODE_ERROR       None  [2 edit(s)]       
2023-12-15 12:57:20,626	[DEBUG]	IfDeletion(('triangle.cpp.xml', 'if', 0)) | ExprStmtReplacement(('triangle.cpp.xml', 'expr_stmt', 5), ('triangle.cpp.xml', 'stmt', 5))
2023-12-15 12:57:20,626	[INFO]	30      TEST_CODE_ERROR       None  [2 edit(s)]       
2023-12-15 12:57:21,448	[DEBUG]	IfDeletion(('triangle.cpp.xml', 'if', 0)) | ReturnDeletion(('triangle.cpp.xml', 'return', 2))
2023-12-15 12:57:21,448	[INFO]	31      TEST_CODE_ERROR       None  [2 edit(s)]       
2023-12-15 12:57:21,609	[DEBUG]	IfDeletion(('triangle.cpp.xml', 'if', 0)) | DeclStmtReplacement(('triangle.cpp.xml', 'decl_stmt', 0), ('triangle.cpp.xml', 'stmt', 11))
2023-12-15 12:57:21,610	[INFO]	32      COMPILE_CODE_ERROR    None  [2 edit(s)]       
2023-12-15 12:57:22,444	[DEBUG]	IfDeletion(('triangle.cpp.xml', 'if', 0)) | IfReplacement(('triangle.cpp.xml', 'if', 0), ('triangle.cpp.xml', 'stmt', 18))
2023-12-15 12:57:22,444	[INFO]	33      TEST_CODE_ERROR       None  [2 edit(s)]       
2023-12-15 12:57:23,456	[DEBUG]	EXEC>  SUCCESS 1205236
2023-12-15 12:57:23,456	[DEBUG]	IfDeletion(('triangle.cpp.xml', 'if', 0)) | DeclStmtInsertion(('triangle.cpp.xml', '_inter_block', 26), ('triangle.cpp.xml', 'decl_stmt', 0))
2023-12-15 12:57:23,457	[INFO]	34      SUCCESS               1205236 (99.97%) [2 edit(s)] 
2023-12-15 12:57:24,277	[DEBUG]	IfDeletion(('triangle.cpp.xml', 'if', 0)) | ReturnDeletion(('triangle.cpp.xml', 'return', 3))
2023-12-15 12:57:24,277	[INFO]	35      TEST_CODE_ERROR       None  [2 edit(s)]       
2023-12-15 12:57:25,096	[DEBUG]	IfDeletion(('triangle.cpp.xml', 'if', 0)) | DeclStmtInsertion(('triangle.cpp.xml', '_inter_block', 24), ('triangle.cpp.xml', 'decl_stmt', 1))
2023-12-15 12:57:25,096	[INFO]	36      TEST_CODE_ERROR       None  [2 edit(s)]       
2023-12-15 12:57:25,879	[DEBUG]	IfDeletion(('triangle.cpp.xml', 'if', 0)) | ReturnInsertion(('triangle.cpp.xml', '_inter_block', 18), ('triangle.cpp.xml', 'return', 3))
2023-12-15 12:57:25,880	[INFO]	37      TEST_CODE_ERROR       None  [2 edit(s)]       
2023-12-15 12:57:26,677	[DEBUG]	IfDeletion(('triangle.cpp.xml', 'if', 0)) | IfDeletion(('triangle.cpp.xml', 'if', 4))
2023-12-15 12:57:26,677	[INFO]	38      TEST_CODE_ERROR       None  [2 edit(s)]       
2023-12-15 12:57:27,509	[DEBUG]	IfDeletion(('triangle.cpp.xml', 'if', 0)) | ExprStmtDeletion(('triangle.cpp.xml', 'expr_stmt', 8))
2023-12-15 12:57:27,510	[INFO]	39      TEST_CODE_ERROR       None  [2 edit(s)]       
2023-12-15 12:57:28,310	[DEBUG]	IfDeletion(('triangle.cpp.xml', 'if', 0)) | ReturnInsertion(('triangle.cpp.xml', '_inter_block', 28), ('triangle.cpp.xml', 'return', 3))
2023-12-15 12:57:28,310	[INFO]	40      TEST_CODE_ERROR       None  [2 edit(s)]       
2023-12-15 12:57:29,096	[DEBUG]	IfDeletion(('triangle.cpp.xml', 'if', 0)) | ReturnDeletion(('triangle.cpp.xml', 'return', 1))
2023-12-15 12:57:29,096	[INFO]	41      TEST_CODE_ERROR       None  [2 edit(s)]       
2023-12-15 12:57:29,915	[DEBUG]	IfDeletion(('triangle.cpp.xml', 'if', 0)) | IfDeletion(('triangle.cpp.xml', 'if', 1))
2023-12-15 12:57:29,915	[INFO]	42      TEST_CODE_ERROR      +None  [2 edit(s)]       
2023-12-15 12:57:29,916	[DEBUG]	--- before: triangle.cpp
+++ after: triangle.cpp
@@ -11,17 +11,9 @@
   delay();
 
   // Sort the sides so that a <= b <= c
-  if(a > b) {
-    tmp = a;
-    a = b;
-    b = tmp;
-  }
+  
 
-  if(a > c) {
-    tmp = a;
-    a = c;
-    c = tmp;
-  }
+  
 
   if(b > c) {
     tmp = b;

2023-12-15 12:57:29,917	[DEBUG]	IfDeletion(('triangle.cpp.xml', 'if', 0)) | ExprStmtDeletion(('triangle.cpp.xml', 'expr_stmt', 0)) | ExprStmtReplacement(('triangle.cpp.xml', 'expr_stmt', 4), ('triangle.cpp.xml', 'stmt', 17))
2023-12-15 12:57:29,918	[INFO]	43      SUCCESS               1203276 (99.81%) [3 edit(s)] 
2023-12-15 12:57:30,686	[DEBUG]	IfDeletion(('triangle.cpp.xml', 'if', 0)) | ExprStmtDeletion(('triangle.cpp.xml', 'expr_stmt', 0)) | IfReplacement(('triangle.cpp.xml', 'if', 5), ('triangle.cpp.xml', 'stmt', 6))
2023-12-15 12:57:30,686	[INFO]	44      TEST_CODE_ERROR       None  [3 edit(s)]       
2023-12-15 12:57:30,843	[DEBUG]	IfDeletion(('triangle.cpp.xml', 'if', 0)) | ExprStmtDeletion(('triangle.cpp.xml', 'expr_stmt', 0)) | DeclStmtReplacement(('triangle.cpp.xml', 'decl_stmt', 0), ('triangle.cpp.xml', 'stmt', 2))
2023-12-15 12:57:30,843	[INFO]	45      COMPILE_CODE_ERROR    None  [3 edit(s)]       
2023-12-15 12:57:30,845	[DEBUG]	IfDeletion(('triangle.cpp.xml', 'if', 0)) | ExprStmtDeletion(('triangle.cpp.xml', 'expr_stmt', 0)) | ExprStmtReplacement(('triangle.cpp.xml', 'expr_stmt', 3), ('triangle.cpp.xml', 'stmt', 16))
2023-12-15 12:57:30,845	[INFO]	46      SUCCESS               1203276 (99.81%) [3 edit(s)] 
2023-12-15 12:57:31,601	[DEBUG]	IfDeletion(('triangle.cpp.xml', 'if', 0)) | ExprStmtDeletion(('triangle.cpp.xml', 'expr_stmt', 0)) | ReturnInsertion(('triangle.cpp.xml', '_inter_block', 25), ('triangle.cpp.xml', 'return', 0))
2023-12-15 12:57:31,601	[INFO]	47      TEST_CODE_ERROR       None  [3 edit(s)]       
2023-12-15 12:57:32,350	[DEBUG]	IfDeletion(('triangle.cpp.xml', 'if', 0)) | ExprStmtDeletion(('triangle.cpp.xml', 'expr_stmt', 0)) | ExprStmtReplacement(('triangle.cpp.xml', 'expr_stmt', 9), ('triangle.cpp.xml', 'stmt', 19))
2023-12-15 12:57:32,351	[INFO]	48      TEST_CODE_ERROR       None  [3 edit(s)]       
2023-12-15 12:57:33,125	[DEBUG]	IfDeletion(('triangle.cpp.xml', 'if', 0)) | ExprStmtDeletion(('triangle.cpp.xml', 'expr_stmt', 0)) | ReturnReplacement(('triangle.cpp.xml', 'return', 2), ('triangle.cpp.xml', 'stmt', 13))
2023-12-15 12:57:33,125	[INFO]	49      TEST_CODE_ERROR       None  [3 edit(s)]       
2023-12-15 12:57:33,984	[DEBUG]	EXEC>  SUCCESS 1203440
2023-12-15 12:57:33,984	[DEBUG]	IfDeletion(('triangle.cpp.xml', 'if', 0)) | ExprStmtDeletion(('triangle.cpp.xml', 'expr_stmt', 0)) | IfInsertion(('triangle.cpp.xml', '_inter_block', 21), ('triangle.cpp.xml', 'if', 4))
2023-12-15 12:57:33,985	[INFO]	50      SUCCESS               1203440 (99.82%) [3 edit(s)] 
2023-12-15 12:57:33,987	[DEBUG]	IfDeletion(('triangle.cpp.xml', 'if', 0)) | ExprStmtDeletion(('triangle.cpp.xml', 'expr_stmt', 0)) | IfDeletion(('triangle.cpp.xml', 'if', 0))
2023-12-15 12:57:33,987	[INFO]	51      SUCCESS               1203276 (99.81%) [3 edit(s)] 
2023-12-15 12:57:33,988	[DEBUG]	IfDeletion(('triangle.cpp.xml', 'if', 0)) | ExprStmtDeletion(('triangle.cpp.xml', 'expr_stmt', 0)) | ExprStmtDeletion(('triangle.cpp.xml', 'expr_stmt', 3))
2023-12-15 12:57:33,988	[INFO]	52      SUCCESS               1203276 (99.81%) [3 edit(s)] 
2023-12-15 12:57:34,732	[DEBUG]	IfDeletion(('triangle.cpp.xml', 'if', 0)) | ExprStmtDeletion(('triangle.cpp.xml', 'expr_stmt', 0)) | ReturnDeletion(('triangle.cpp.xml', 'return', 3))
2023-12-15 12:57:34,733	[INFO]	53      TEST_CODE_ERROR       None  [3 edit(s)]       
2023-12-15 12:57:35,533	[DEBUG]	IfDeletion(('triangle.cpp.xml', 'if', 0)) | ExprStmtDeletion(('triangle.cpp.xml', 'expr_stmt', 0)) | ExprStmtInsertion(('triangle.cpp.xml', '_inter_block', 25), ('triangle.cpp.xml', 'expr_stmt', 9))
2023-12-15 12:57:35,533	[INFO]	54      TEST_CODE_ERROR       None  [3 edit(s)]       
2023-12-15 12:57:36,408	[DEBUG]	EXEC>  SUCCESS 1203276
2023-12-15 12:57:36,409	[DEBUG]	IfDeletion(('triangle.cpp.xml', 'if', 0)) | ExprStmtDeletion(('triangle.cpp.xml', 'expr_stmt', 0)) | DeclStmtInsertion(('triangle.cpp.xml', '_inter_block', 26), ('triangle.cpp.xml', 'decl_stmt', 1))
2023-12-15 12:57:36,409	[INFO]	55      SUCCESS               1203276 (99.81%) [3 edit(s)] 
2023-12-15 12:57:36,565	[DEBUG]	IfDeletion(('triangle.cpp.xml', 'if', 0)) | ExprStmtDeletion(('triangle.cpp.xml', 'expr_stmt', 0)) | DeclStmtReplacement(('triangle.cpp.xml', 'decl_stmt', 1), ('triangle.cpp.xml', 'stmt', 5))
2023-12-15 12:57:36,566	[INFO]	56      COMPILE_CODE_ERROR    None  [3 edit(s)]       
2023-12-15 12:57:37,477	[DEBUG]	EXEC>  SUCCESS 1203277
2023-12-15 12:57:37,478	[DEBUG]	IfDeletion(('triangle.cpp.xml', 'if', 0)) | ExprStmtDeletion(('triangle.cpp.xml', 'expr_stmt', 0)) | DeclStmtInsertion(('triangle.cpp.xml', '_inter_block', 30), ('triangle.cpp.xml', 'decl_stmt', 1))
2023-12-15 12:57:37,479	[INFO]	57      SUCCESS               1203277 (99.81%) [3 edit(s)] 
2023-12-15 12:57:37,628	[DEBUG]	IfDeletion(('triangle.cpp.xml', 'if', 0)) | ExprStmtDeletion(('triangle.cpp.xml', 'expr_stmt', 0)) | DeclStmtInsertion(('triangle.cpp.xml', '_inter_block', 13), ('triangle.cpp.xml', 'decl_stmt', 1))
2023-12-15 12:57:37,628	[INFO]	58      COMPILE_CODE_ERROR    None  [3 edit(s)]       
2023-12-15 12:57:37,759	[DEBUG]	IfDeletion(('triangle.cpp.xml', 'if', 0)) | ExprStmtDeletion(('triangle.cpp.xml', 'expr_stmt', 0)) | DeclStmtReplacement(('triangle.cpp.xml', 'decl_stmt', 0), ('triangle.cpp.xml', 'stmt', 15))
2023-12-15 12:57:37,760	[INFO]	59      COMPILE_CODE_ERROR    None  [3 edit(s)]       
2023-12-15 12:57:37,888	[DEBUG]	IfDeletion(('triangle.cpp.xml', 'if', 0)) | ExprStmtDeletion(('triangle.cpp.xml', 'expr_stmt', 0)) | ExprStmtReplacement(('triangle.cpp.xml', 'expr_stmt', 0), ('triangle.cpp.xml', 'stmt', 20))
2023-12-15 12:57:37,889	[INFO]	60      COMPILE_CODE_ERROR    None  [3 edit(s)]       
2023-12-15 12:57:37,890	[DEBUG]	IfDeletion(('triangle.cpp.xml', 'if', 0)) | ExprStmtDeletion(('triangle.cpp.xml', 'expr_stmt', 0)) | ExprStmtReplacement(('triangle.cpp.xml', 'expr_stmt', 2), ('triangle.cpp.xml', 'stmt', 18))
2023-12-15 12:57:37,891	[INFO]	61      SUCCESS               1203276 (99.81%) [3 edit(s)] 
2023-12-15 12:57:38,679	[DEBUG]	IfDeletion(('triangle.cpp.xml', 'if', 0)) | ExprStmtDeletion(('triangle.cpp.xml', 'expr_stmt', 0)) | ReturnReplacement(('triangle.cpp.xml', 'return', 3), ('triangle.cpp.xml', 'stmt', 21))
2023-12-15 12:57:38,679	[INFO]	62      TEST_CODE_ERROR       None  [3 edit(s)]       
2023-12-15 12:57:39,453	[DEBUG]	IfDeletion(('triangle.cpp.xml', 'if', 0)) | ExprStmtDeletion(('triangle.cpp.xml', 'expr_stmt', 0)) | IfDeletion(('triangle.cpp.xml', 'if', 1))
2023-12-15 12:57:39,453	[INFO]	63      TEST_CODE_ERROR      +None  [3 edit(s)]       
2023-12-15 12:57:39,454	[DEBUG]	--- before: triangle.cpp
+++ after: triangle.cpp
@@ -2,7 +2,7 @@
 
 void delay() {
   const struct timespec ms = {0, (long int) (0.001*1e9)}; //tv_sec=0, tv_nsec (0.001 seconds)
-  nanosleep(&ms,NULL); /*ignores possible errors*/
+   /*ignores possible errors*/
 }
 
 int classify_triangle(double a, double b, double c) {
@@ -11,17 +11,9 @@
   delay();
 
   // Sort the sides so that a <= b <= c
-  if(a > b) {
-    tmp = a;
-    a = b;
-    b = tmp;
-  }
+  
 
-  if(a > c) {
-    tmp = a;
-    a = c;
-    c = tmp;
-  }
+  
 
   if(b > c) {
     tmp = b;

2023-12-15 12:57:39,455	[DEBUG]	IfDeletion(('triangle.cpp.xml', 'if', 0)) | ExprStmtDeletion(('triangle.cpp.xml', 'expr_stmt', 0)) | ExprStmtReplacement(('triangle.cpp.xml', 'expr_stmt', 2), ('triangle.cpp.xml', 'stmt', 18)) | ExprStmtInsertion(('triangle.cpp.xml', '_inter_block', 16), ('triangle.cpp.xml', 'expr_stmt', 9))
2023-12-15 12:57:39,456	[INFO]	64      SUCCESS               1203276 (99.81%) [4 edit(s)] 
2023-12-15 12:57:39,457	[DEBUG]	IfDeletion(('triangle.cpp.xml', 'if', 0)) | ExprStmtDeletion(('triangle.cpp.xml', 'expr_stmt', 0)) | ExprStmtReplacement(('triangle.cpp.xml', 'expr_stmt', 2), ('triangle.cpp.xml', 'stmt', 18)) | IfInsertion(('triangle.cpp.xml', '_inter_block', 21), ('triangle.cpp.xml', 'if', 4))
2023-12-15 12:57:39,457	[INFO]	65      SUCCESS               1203440 (99.82%) [4 edit(s)] 
2023-12-15 12:57:40,264	[DEBUG]	IfDeletion(('triangle.cpp.xml', 'if', 0)) | ExprStmtDeletion(('triangle.cpp.xml', 'expr_stmt', 0)) | ExprStmtReplacement(('triangle.cpp.xml', 'expr_stmt', 2), ('triangle.cpp.xml', 'stmt', 18)) | IfDeletion(('triangle.cpp.xml', 'if', 5))
2023-12-15 12:57:40,265	[INFO]	66      TEST_CODE_ERROR       None  [4 edit(s)]       
2023-12-15 12:57:41,044	[DEBUG]	IfDeletion(('triangle.cpp.xml', 'if', 0)) | ExprStmtDeletion(('triangle.cpp.xml', 'expr_stmt', 0)) | ExprStmtReplacement(('triangle.cpp.xml', 'expr_stmt', 2), ('triangle.cpp.xml', 'stmt', 18)) | ReturnDeletion(('triangle.cpp.xml', 'return', 2))
2023-12-15 12:57:41,045	[INFO]	67      TEST_CODE_ERROR       None  [4 edit(s)]       
2023-12-15 12:57:41,798	[DEBUG]	IfDeletion(('triangle.cpp.xml', 'if', 0)) | ExprStmtDeletion(('triangle.cpp.xml', 'expr_stmt', 0)) | ExprStmtReplacement(('triangle.cpp.xml', 'expr_stmt', 2), ('triangle.cpp.xml', 'stmt', 18)) | IfReplacement(('triangle.cpp.xml', 'if', 1), ('triangle.cpp.xml', 'stmt', 6))
2023-12-15 12:57:41,798	[INFO]	68      TEST_CODE_ERROR       None  [4 edit(s)]       
2023-12-15 12:57:41,954	[DEBUG]	IfDeletion(('triangle.cpp.xml', 'if', 0)) | ExprStmtDeletion(('triangle.cpp.xml', 'expr_stmt', 0)) | ExprStmtReplacement(('triangle.cpp.xml', 'expr_stmt', 2), ('triangle.cpp.xml', 'stmt', 18)) | ReturnInsertion(('triangle.cpp.xml', '_inter_block', 3), ('triangle.cpp.xml', 'return', 0))
2023-12-15 12:57:41,955	[INFO]	69      COMPILE_CODE_ERROR    None  [4 edit(s)]       
2023-12-15 12:57:41,957	[DEBUG]	IfDeletion(('triangle.cpp.xml', 'if', 0)) | ExprStmtDeletion(('triangle.cpp.xml', 'expr_stmt', 0)) | ExprStmtReplacement(('triangle.cpp.xml', 'expr_stmt', 2), ('triangle.cpp.xml', 'stmt', 18)) | ExprStmtInsertion(('triangle.cpp.xml', '_inter_block', 16), ('triangle.cpp.xml', 'expr_stmt', 10))
2023-12-15 12:57:41,957	[INFO]	70      SUCCESS               1203276 (99.81%) [4 edit(s)] 
2023-12-15 12:57:42,859	[DEBUG]	EXEC>  SUCCESS 1203420
2023-12-15 12:57:42,859	[DEBUG]	IfDeletion(('triangle.cpp.xml', 'if', 0)) | ExprStmtDeletion(('triangle.cpp.xml', 'expr_stmt', 0)) | ExprStmtReplacement(('triangle.cpp.xml', 'expr_stmt', 2), ('triangle.cpp.xml', 'stmt', 18)) | IfInsertion(('triangle.cpp.xml', '_inter_block', 30), ('triangle.cpp.xml', 'if', 4))
2023-12-15 12:57:42,860	[INFO]	71      SUCCESS               1203420 (99.82%) [4 edit(s)] 
2023-12-15 12:57:43,002	[DEBUG]	IfDeletion(('triangle.cpp.xml', 'if', 0)) | ExprStmtDeletion(('triangle.cpp.xml', 'expr_stmt', 0)) | ExprStmtReplacement(('triangle.cpp.xml', 'expr_stmt', 2), ('triangle.cpp.xml', 'stmt', 18)) | DeclStmtInsertion(('triangle.cpp.xml', '_inter_block', 0), ('triangle.cpp.xml', 'decl_stmt', 0))
2023-12-15 12:57:43,002	[INFO]	72      COMPILE_CODE_ERROR    None  [4 edit(s)]       
2023-12-15 12:57:43,139	[DEBUG]	IfDeletion(('triangle.cpp.xml', 'if', 0)) | ExprStmtDeletion(('triangle.cpp.xml', 'expr_stmt', 0)) | ExprStmtReplacement(('triangle.cpp.xml', 'expr_stmt', 2), ('triangle.cpp.xml', 'stmt', 18)) | DeclStmtReplacement(('triangle.cpp.xml', 'decl_stmt', 1), ('triangle.cpp.xml', 'stmt', 9))
2023-12-15 12:57:43,139	[INFO]	73      COMPILE_CODE_ERROR    None  [4 edit(s)]       
2023-12-15 12:57:43,907	[DEBUG]	IfDeletion(('triangle.cpp.xml', 'if', 0)) | ExprStmtDeletion(('triangle.cpp.xml', 'expr_stmt', 0)) | ExprStmtReplacement(('triangle.cpp.xml', 'expr_stmt', 2), ('triangle.cpp.xml', 'stmt', 18)) | ExprStmtReplacement(('triangle.cpp.xml', 'expr_stmt', 9), ('triangle.cpp.xml', 'stmt', 7))
2023-12-15 12:57:43,908	[INFO]	74      TEST_CODE_ERROR       None  [4 edit(s)]       
2023-12-15 12:57:44,779	[DEBUG]	EXEC>  SUCCESS 1203150
2023-12-15 12:57:44,779	[DEBUG]	IfDeletion(('triangle.cpp.xml', 'if', 0)) | ExprStmtDeletion(('triangle.cpp.xml', 'expr_stmt', 0)) | ExprStmtReplacement(('triangle.cpp.xml', 'expr_stmt', 2), ('triangle.cpp.xml', 'stmt', 18)) | DeclStmtDeletion(('triangle.cpp.xml', 'decl_stmt', 0))
2023-12-15 12:57:44,780	[INFO]	75      SUCCESS              *1203150 (99.8%) [4 edit(s)] 
2023-12-15 12:57:44,781	[DEBUG]	--- before: triangle.cpp
+++ after: triangle.cpp
@@ -1,8 +1,8 @@
 #include "triangle.hpp"
 
 void delay() {
-  const struct timespec ms = {0, (long int) (0.001*1e9)}; //tv_sec=0, tv_nsec (0.001 seconds)
-  nanosleep(&ms,NULL); /*ignores possible errors*/
+   //tv_sec=0, tv_nsec (0.001 seconds)
+   /*ignores possible errors*/
 }
 
 int classify_triangle(double a, double b, double c) {
@@ -11,11 +11,7 @@
   delay();
 
   // Sort the sides so that a <= b <= c
-  if(a > b) {
-    tmp = a;
-    a = b;
-    b = tmp;
-  }
+  
 
   if(a > c) {
     tmp = a;

2023-12-15 12:57:45,514	[DEBUG]	IfDeletion(('triangle.cpp.xml', 'if', 0)) | ExprStmtDeletion(('triangle.cpp.xml', 'expr_stmt', 0)) | ExprStmtReplacement(('triangle.cpp.xml', 'expr_stmt', 2), ('triangle.cpp.xml', 'stmt', 18)) | ReturnInsertion(('triangle.cpp.xml', '_inter_block', 4), ('triangle.cpp.xml', 'return', 2))
2023-12-15 12:57:45,515	[INFO]	76      TEST_CODE_ERROR       None  [4 edit(s)]       
2023-12-15 12:57:45,516	[DEBUG]	IfDeletion(('triangle.cpp.xml', 'if', 0)) | ExprStmtDeletion(('triangle.cpp.xml', 'expr_stmt', 0)) | ExprStmtReplacement(('triangle.cpp.xml', 'expr_stmt', 2), ('triangle.cpp.xml', 'stmt', 18)) | DeclStmtInsertion(('triangle.cpp.xml', '_inter_block', 16), ('triangle.cpp.xml', 'decl_stmt', 1))
2023-12-15 12:57:45,516	[INFO]	77      SUCCESS               1203276 (99.81%) [4 edit(s)] 
2023-12-15 12:57:45,659	[DEBUG]	IfDeletion(('triangle.cpp.xml', 'if', 0)) | ExprStmtDeletion(('triangle.cpp.xml', 'expr_stmt', 0)) | ExprStmtReplacement(('triangle.cpp.xml', 'expr_stmt', 2), ('triangle.cpp.xml', 'stmt', 18)) | DeclStmtReplacement(('triangle.cpp.xml', 'decl_stmt', 0), ('triangle.cpp.xml', 'stmt', 16))
2023-12-15 12:57:45,660	[INFO]	78      COMPILE_CODE_ERROR    None  [4 edit(s)]       
2023-12-15 12:57:46,541	[DEBUG]	EXEC>  SUCCESS 1203275
2023-12-15 12:57:46,541	[DEBUG]	IfDeletion(('triangle.cpp.xml', 'if', 0)) | ExprStmtDeletion(('triangle.cpp.xml', 'expr_stmt', 0)) | ExprStmtReplacement(('triangle.cpp.xml', 'expr_stmt', 2), ('triangle.cpp.xml', 'stmt', 18)) | ExprStmtInsertion(('triangle.cpp.xml', '_inter_block', 27), ('triangle.cpp.xml', 'expr_stmt', 7))
2023-12-15 12:57:46,542	[INFO]	79      SUCCESS               1203275 (99.81%) [4 edit(s)] 
2023-12-15 12:57:46,702	[DEBUG]	IfDeletion(('triangle.cpp.xml', 'if', 0)) | ExprStmtDeletion(('triangle.cpp.xml', 'expr_stmt', 0)) | ExprStmtReplacement(('triangle.cpp.xml', 'expr_stmt', 2), ('triangle.cpp.xml', 'stmt', 18)) | DeclStmtReplacement(('triangle.cpp.xml', 'decl_stmt', 1), ('triangle.cpp.xml', 'stmt', 18))
2023-12-15 12:57:46,703	[INFO]	80      COMPILE_CODE_ERROR    None  [4 edit(s)]       
2023-12-15 12:57:47,565	[DEBUG]	EXEC>  SUCCESS 1203325
2023-12-15 12:57:47,565	[DEBUG]	IfDeletion(('triangle.cpp.xml', 'if', 0)) | ExprStmtDeletion(('triangle.cpp.xml', 'expr_stmt', 0)) | ExprStmtReplacement(('triangle.cpp.xml', 'expr_stmt', 2), ('triangle.cpp.xml', 'stmt', 18)) | DeclStmtInsertion(('triangle.cpp.xml', '_inter_block', 19), ('triangle.cpp.xml', 'decl_stmt', 0))
2023-12-15 12:57:47,566	[INFO]	81      SUCCESS               1203325 (99.82%) [4 edit(s)] 
2023-12-15 12:57:47,697	[DEBUG]	IfDeletion(('triangle.cpp.xml', 'if', 0)) | ExprStmtDeletion(('triangle.cpp.xml', 'expr_stmt', 0)) | ExprStmtReplacement(('triangle.cpp.xml', 'expr_stmt', 2), ('triangle.cpp.xml', 'stmt', 18)) | IfInsertion(('triangle.cpp.xml', '_inter_block', 2), ('triangle.cpp.xml', 'if', 1))
2023-12-15 12:57:47,698	[INFO]	82      COMPILE_CODE_ERROR    None  [4 edit(s)]       
2023-12-15 12:57:47,820	[DEBUG]	IfDeletion(('triangle.cpp.xml', 'if', 0)) | ExprStmtDeletion(('triangle.cpp.xml', 'expr_stmt', 0)) | ExprStmtReplacement(('triangle.cpp.xml', 'expr_stmt', 2), ('triangle.cpp.xml', 'stmt', 18)) | DeclStmtInsertion(('triangle.cpp.xml', '_inter_block', 5), ('triangle.cpp.xml', 'decl_stmt', 1))
2023-12-15 12:57:47,820	[INFO]	83      COMPILE_CODE_ERROR    None  [4 edit(s)]       
2023-12-15 12:57:48,690	[DEBUG]	EXEC>  SUCCESS 1203305
2023-12-15 12:57:48,691	[DEBUG]	IfDeletion(('triangle.cpp.xml', 'if', 0)) | ExprStmtDeletion(('triangle.cpp.xml', 'expr_stmt', 0)) | ExprStmtReplacement(('triangle.cpp.xml', 'expr_stmt', 2), ('triangle.cpp.xml', 'stmt', 18)) | IfInsertion(('triangle.cpp.xml', '_inter_block', 28), ('triangle.cpp.xml', 'if', 2))
2023-12-15 12:57:48,691	[INFO]	84      SUCCESS              +1203305 (99.81%) [4 edit(s)] 
2023-12-15 12:57:48,692	[DEBUG]	--- before: triangle.cpp
+++ after: triangle.cpp
@@ -2,7 +2,7 @@
 
 void delay() {
   const struct timespec ms = {0, (long int) (0.001*1e9)}; //tv_sec=0, tv_nsec (0.001 seconds)
-  nanosleep(&ms,NULL); /*ignores possible errors*/
+   /*ignores possible errors*/
 }
 
 int classify_triangle(double a, double b, double c) {
@@ -11,11 +11,7 @@
   delay();
 
   // Sort the sides so that a <= b <= c
-  if(a > b) {
-    tmp = a;
-    a = b;
-    b = tmp;
-  }
+  
 
   if(a > c) {
     tmp = a;
@@ -35,6 +31,11 @@
     }/*auto*/
   if(a == b && b == c)
     /*auto*/{
+      if(b > c) {
+        tmp = b;
+        b = c;
+        c = tmp;
+      }
       return EQUILATERAL;
     }/*auto*/
   if(a == b || b == c)

2023-12-15 12:57:48,830	[DEBUG]	IfDeletion(('triangle.cpp.xml', 'if', 0)) | ExprStmtDeletion(('triangle.cpp.xml', 'expr_stmt', 0)) | ExprStmtReplacement(('triangle.cpp.xml', 'expr_stmt', 2), ('triangle.cpp.xml', 'stmt', 18)) | DeclStmtDeletion(('triangle.cpp.xml', 'decl_stmt', 0)) | DeclStmtReplacement(('triangle.cpp.xml', 'decl_stmt', 0), ('triangle.cpp.xml', 'stmt', 8))
2023-12-15 12:57:48,830	[INFO]	85      COMPILE_CODE_ERROR    None  [5 edit(s)]       
2023-12-15 12:57:48,965	[DEBUG]	IfDeletion(('triangle.cpp.xml', 'if', 0)) | ExprStmtDeletion(('triangle.cpp.xml', 'expr_stmt', 0)) | ExprStmtReplacement(('triangle.cpp.xml', 'expr_stmt', 2), ('triangle.cpp.xml', 'stmt', 18)) | DeclStmtDeletion(('triangle.cpp.xml', 'decl_stmt', 0)) | DeclStmtDeletion(('triangle.cpp.xml', 'decl_stmt', 1))
2023-12-15 12:57:48,965	[INFO]	86      COMPILE_CODE_ERROR    None  [5 edit(s)]       
2023-12-15 12:57:49,835	[DEBUG]	EXEC>  SUCCESS 1203151
2023-12-15 12:57:49,835	[DEBUG]	IfDeletion(('triangle.cpp.xml', 'if', 0)) | ExprStmtDeletion(('triangle.cpp.xml', 'expr_stmt', 0)) | ExprStmtReplacement(('triangle.cpp.xml', 'expr_stmt', 2), ('triangle.cpp.xml', 'stmt', 18)) | DeclStmtDeletion(('triangle.cpp.xml', 'decl_stmt', 0)) | IfInsertion(('triangle.cpp.xml', '_inter_block', 3), ('triangle.cpp.xml', 'if', 1))
2023-12-15 12:57:49,836	[INFO]	87      SUCCESS               1203151 (99.8%) [5 edit(s)] 
2023-12-15 12:57:49,839	[DEBUG]	IfDeletion(('triangle.cpp.xml', 'if', 0)) | ExprStmtDeletion(('triangle.cpp.xml', 'expr_stmt', 0)) | ExprStmtReplacement(('triangle.cpp.xml', 'expr_stmt', 2), ('triangle.cpp.xml', 'stmt', 18)) | DeclStmtDeletion(('triangle.cpp.xml', 'decl_stmt', 0)) | ReturnInsertion(('triangle.cpp.xml', '_inter_block', 3), ('triangle.cpp.xml', 'return', 0))
2023-12-15 12:57:49,839	[INFO]	88      SUCCESS               1203151 (99.8%) [5 edit(s)] 
2023-12-15 12:57:50,624	[DEBUG]	IfDeletion(('triangle.cpp.xml', 'if', 0)) | ExprStmtDeletion(('triangle.cpp.xml', 'expr_stmt', 0)) | ExprStmtReplacement(('triangle.cpp.xml', 'expr_stmt', 2), ('triangle.cpp.xml', 'stmt', 18)) | DeclStmtDeletion(('triangle.cpp.xml', 'decl_stmt', 0)) | ReturnDeletion(('triangle.cpp.xml', 'return', 1))
2023-12-15 12:57:50,625	[INFO]	89      TEST_CODE_ERROR       None  [5 edit(s)]       
2023-12-15 12:57:51,363	[DEBUG]	IfDeletion(('triangle.cpp.xml', 'if', 0)) | ExprStmtDeletion(('triangle.cpp.xml', 'expr_stmt', 0)) | ExprStmtReplacement(('triangle.cpp.xml', 'expr_stmt', 2), ('triangle.cpp.xml', 'stmt', 18)) | DeclStmtDeletion(('triangle.cpp.xml', 'decl_stmt', 0)) | ReturnInsertion(('triangle.cpp.xml', '_inter_block', 19), ('triangle.cpp.xml', 'return', 0))
2023-12-15 12:57:51,364	[INFO]	90      TEST_CODE_ERROR       None  [5 edit(s)]       
2023-12-15 12:57:52,113	[DEBUG]	IfDeletion(('triangle.cpp.xml', 'if', 0)) | ExprStmtDeletion(('triangle.cpp.xml', 'expr_stmt', 0)) | ExprStmtReplacement(('triangle.cpp.xml', 'expr_stmt', 2), ('triangle.cpp.xml', 'stmt', 18)) | DeclStmtDeletion(('triangle.cpp.xml', 'decl_stmt', 0)) | ReturnReplacement(('triangle.cpp.xml', 'return', 3), ('triangle.cpp.xml', 'stmt', 6))
2023-12-15 12:57:52,113	[INFO]	91      TEST_CODE_ERROR       None  [5 edit(s)]       
2023-12-15 12:57:52,256	[DEBUG]	IfDeletion(('triangle.cpp.xml', 'if', 0)) | ExprStmtDeletion(('triangle.cpp.xml', 'expr_stmt', 0)) | ExprStmtReplacement(('triangle.cpp.xml', 'expr_stmt', 2), ('triangle.cpp.xml', 'stmt', 18)) | DeclStmtDeletion(('triangle.cpp.xml', 'decl_stmt', 0)) | IfInsertion(('triangle.cpp.xml', '_inter_block', 0), ('triangle.cpp.xml', 'if', 2))
2023-12-15 12:57:52,257	[INFO]	92      COMPILE_CODE_ERROR    None  [5 edit(s)]       
2023-12-15 12:57:52,949	[DEBUG]	IfDeletion(('triangle.cpp.xml', 'if', 0)) | ExprStmtDeletion(('triangle.cpp.xml', 'expr_stmt', 0)) | ExprStmtReplacement(('triangle.cpp.xml', 'expr_stmt', 2), ('triangle.cpp.xml', 'stmt', 18)) | DeclStmtDeletion(('triangle.cpp.xml', 'decl_stmt', 0)) | DeclStmtInsertion(('triangle.cpp.xml', '_inter_block', 20), ('triangle.cpp.xml', 'decl_stmt', 1))
2023-12-15 12:57:52,950	[INFO]	93      TEST_CODE_ERROR       None  [5 edit(s)]       
2023-12-15 12:57:53,802	[DEBUG]	EXEC>  SUCCESS 1203277
2023-12-15 12:57:53,802	[DEBUG]	IfDeletion(('triangle.cpp.xml', 'if', 0)) | ExprStmtDeletion(('triangle.cpp.xml', 'expr_stmt', 0)) | ExprStmtReplacement(('triangle.cpp.xml', 'expr_stmt', 2), ('triangle.cpp.xml', 'stmt', 18)) | DeclStmtDeletion(('triangle.cpp.xml', 'decl_stmt', 0)) | DeclStmtInsertion(('triangle.cpp.xml', '_inter_block', 1), ('triangle.cpp.xml', 'decl_stmt', 0))
2023-12-15 12:57:53,803	[INFO]	94      SUCCESS               1203277 (99.81%) [5 edit(s)] 
2023-12-15 12:57:53,805	[DEBUG]	IfDeletion(('triangle.cpp.xml', 'if', 0)) | ExprStmtDeletion(('triangle.cpp.xml', 'expr_stmt', 0)) | ExprStmtReplacement(('triangle.cpp.xml', 'expr_stmt', 2), ('triangle.cpp.xml', 'stmt', 18)) | DeclStmtDeletion(('triangle.cpp.xml', 'decl_stmt', 0)) | ExprStmtInsertion(('triangle.cpp.xml', '_inter_block', 17), ('triangle.cpp.xml', 'expr_stmt', 10))
2023-12-15 12:57:53,805	[INFO]	95      SUCCESS               1203151 (99.8%) [5 edit(s)] 
2023-12-15 12:57:53,941	[DEBUG]	IfDeletion(('triangle.cpp.xml', 'if', 0)) | ExprStmtDeletion(('triangle.cpp.xml', 'expr_stmt', 0)) | ExprStmtReplacement(('triangle.cpp.xml', 'expr_stmt', 2), ('triangle.cpp.xml', 'stmt', 18)) | DeclStmtDeletion(('triangle.cpp.xml', 'decl_stmt', 0)) | DeclStmtDeletion(('triangle.cpp.xml', 'decl_stmt', 1))
2023-12-15 12:57:53,941	[INFO]	96      COMPILE_CODE_ERROR    None  [5 edit(s)]       
2023-12-15 12:57:54,634	[DEBUG]	IfDeletion(('triangle.cpp.xml', 'if', 0)) | ExprStmtDeletion(('triangle.cpp.xml', 'expr_stmt', 0)) | ExprStmtReplacement(('triangle.cpp.xml', 'expr_stmt', 2), ('triangle.cpp.xml', 'stmt', 18)) | DeclStmtDeletion(('triangle.cpp.xml', 'decl_stmt', 0)) | ReturnDeletion(('triangle.cpp.xml', 'return', 0))
2023-12-15 12:57:54,634	[INFO]	97      TEST_CODE_ERROR       None  [5 edit(s)]       
2023-12-15 12:57:54,783	[DEBUG]	IfDeletion(('triangle.cpp.xml', 'if', 0)) | ExprStmtDeletion(('triangle.cpp.xml', 'expr_stmt', 0)) | ExprStmtReplacement(('triangle.cpp.xml', 'expr_stmt', 2), ('triangle.cpp.xml', 'stmt', 18)) | DeclStmtDeletion(('triangle.cpp.xml', 'decl_stmt', 0)) | DeclStmtReplacement(('triangle.cpp.xml', 'decl_stmt', 0), ('triangle.cpp.xml', 'stmt', 15))
2023-12-15 12:57:54,783	[INFO]	98      COMPILE_CODE_ERROR    None  [5 edit(s)]       
2023-12-15 12:57:55,577	[DEBUG]	IfDeletion(('triangle.cpp.xml', 'if', 0)) | ExprStmtDeletion(('triangle.cpp.xml', 'expr_stmt', 0)) | ExprStmtReplacement(('triangle.cpp.xml', 'expr_stmt', 2), ('triangle.cpp.xml', 'stmt', 18)) | DeclStmtDeletion(('triangle.cpp.xml', 'decl_stmt', 0)) | ReturnDeletion(('triangle.cpp.xml', 'return', 3))
2023-12-15 12:57:55,577	[INFO]	99      TEST_CODE_ERROR       None  [5 edit(s)]       
2023-12-15 12:57:55,579	[DEBUG]	IfDeletion(('triangle.cpp.xml', 'if', 0)) | ExprStmtDeletion(('triangle.cpp.xml', 'expr_stmt', 0)) | ExprStmtReplacement(('triangle.cpp.xml', 'expr_stmt', 2), ('triangle.cpp.xml', 'stmt', 18)) | DeclStmtDeletion(('triangle.cpp.xml', 'decl_stmt', 0)) | ReturnReplacement(('triangle.cpp.xml', 'return', 3), ('triangle.cpp.xml', 'stmt', 22))
2023-12-15 12:57:55,580	[INFO]	100     SUCCESS               1203151 (99.8%) [5 edit(s)] 
2023-12-15 12:57:55,581	[INFO]	==== END ====
2023-12-15 12:57:55,581	[INFO]	
2023-12-15 12:57:55,581	[INFO]	==== REPORT ====
2023-12-15 12:57:55,582	[INFO]	Termination: step budget
2023-12-15 12:57:55,582	[INFO]	Log file: /cs/student/ug/2020/damibose/projects/magpie/_magpie_logs/triangle-cpp_slow_1702645015.log
2023-12-15 12:57:55,584	[INFO]	Patch file: _magpie_logs/triangle-cpp_slow_1702645015.patch
2023-12-15 12:57:55,584	[INFO]	Diff file: _magpie_logs/triangle-cpp_slow_1702645015.diff
2023-12-15 12:57:55,584	[INFO]	Best fitness: 1203150
2023-12-15 12:57:55,585	[INFO]	Best patch: IfDeletion(('triangle.cpp.xml', 'if', 0)) | ExprStmtDeletion(('triangle.cpp.xml', 'expr_stmt', 0)) | ExprStmtReplacement(('triangle.cpp.xml', 'expr_stmt', 2), ('triangle.cpp.xml', 'stmt', 18)) | DeclStmtDeletion(('triangle.cpp.xml', 'decl_stmt', 0))
2023-12-15 12:57:55,585	[INFO]	Diff:
--- before: triangle.cpp
+++ after: triangle.cpp
@@ -1,8 +1,8 @@
 #include "triangle.hpp"
 
 void delay() {
-  const struct timespec ms = {0, (long int) (0.001*1e9)}; //tv_sec=0, tv_nsec (0.001 seconds)
-  nanosleep(&ms,NULL); /*ignores possible errors*/
+   //tv_sec=0, tv_nsec (0.001 seconds)
+   /*ignores possible errors*/
 }
 
 int classify_triangle(double a, double b, double c) {
@@ -11,11 +11,7 @@
   delay();
 
   // Sort the sides so that a <= b <= c
-  if(a > b) {
-    tmp = a;
-    a = b;
-    b = tmp;
-  }
+  
 
   if(a > c) {
     tmp = a;

