2023-12-15 03:40:47,912	[DEBUG]	==== CONFIG ====
[magpie]
import = 
seed = 10
log_dir = _magpie_logs
work_dir = _magpie_work
final_out_dir = experiments/results_e_greedy_proof_of_concept/epsilon_greedy/RandomSearch/trial_10
local_original_copy = True
local_original_name = __original__
output_encoding = ascii
edit_retries = 10
default_timeout = 30
default_lengthout = 10000.0
diff_method = unified
trust_local_filesystem = True

[software]
path = examples/code/triangle-cpp_slow
target_files = 
	triangle.cpp.xml
program = BasicProgram
engine_rules = 
	*.params : ConfigFileParamsEngine
	*.xml : SrcmlEngine
	* : LineEngine
engine_config = 
	*.params : [params]
	*.xml : [srcml]
init_cmd = 
init_timeout = 60
init_lengthout = -1
setup_cmd = ./setup.sh
setup_timeout = 
setup_lengthout = 
compile_cmd = ./compile.sh
compile_timeout = 
compile_lengthout = 
test_cmd = ./build/test_triangle
test_timeout = 
test_lengthout = 
run_cmd = perf stat ./build/run_triangle
run_timeout = 1
run_lengthout = 
batch_timeout = 
batch_lengthout = 
batch_bin_fitness_strategy = aggregate
batch_fitness_strategy = sum
fitness = perf_instructions

[srcml]
rename = 
focus = block break continue decl_stmt do expr_stmt for goto if return switch while
internodes = block
process_pseudo_blocks = True
process_literals = False
process_operators = False

[params]
timing = test run
cli_prefix = --
cli_glue = =
cli_boolean = show
cli_boolean_prefix_true = 
cli_boolean_prefix_false = no-
silent_prefix = @
silent_suffix = $

[search]
protocol = BasicProtocol
algorithm = RandomSearch
possible_edits = 
	DeclStmtReplacement
	ExprStmtReplacement
	IfReplacement
	ReturnReplacement
	DeclStmtInsertion
	ExprStmtInsertion
	IfInsertion
	ReturnInsertion
	DeclStmtDeletion
	ExprStmtDeletion
	IfDeletion
	ReturnDeletion
warmup = 5
warmup_strategy = last
max_steps = 100
max_time = 60
target_fitness = 
cache_maxsize = 40
cache_keep = 0.2
batch_instances = 
batch_shuffle = True
batch_bin_shuffle = False
batch_sample_size = 1
operator_selector = EpsilonGreedy
epsilon = 0.2

[search.ls]
delete_prob = 0
max_neighbours = 20
when_trapped = continue
accept_fail = False
tabu_length = 10

[search.gp]
pop_size = 10
delete_prob = 0.5
offspring_elitism = 0.1
offspring_crossover = 0.5
offspring_mutation = 0.4
uniform_rate = 0.5
batch_reset = True

[search.minify]
do_cleanup = True
do_rebuild = True
do_simplify = True
round_robin_limit = 3


2023-12-15 03:40:47,917	[INFO]	==== WARMUP ====
2023-12-15 03:40:50,557	[DEBUG]	EXEC>  SUCCESS 1204242
2023-12-15 03:40:50,557	[INFO]	WARM    SUCCESS               1204242                 
2023-12-15 03:40:51,551	[DEBUG]	EXEC>  SUCCESS 1204240
2023-12-15 03:40:51,551	[INFO]	WARM    SUCCESS               1204240                 
2023-12-15 03:40:52,544	[DEBUG]	EXEC>  SUCCESS 1204240
2023-12-15 03:40:52,544	[INFO]	WARM    SUCCESS               1204240                 
2023-12-15 03:40:53,525	[DEBUG]	EXEC>  SUCCESS 1383851
2023-12-15 03:40:53,525	[INFO]	WARM    SUCCESS               1383851                 
2023-12-15 03:40:54,514	[DEBUG]	EXEC>  SUCCESS 1204240
2023-12-15 03:40:54,515	[INFO]	WARM    SUCCESS               1204240                 
2023-12-15 03:40:54,515	[INFO]	INITIAL SUCCESS               1204240                 
2023-12-15 03:40:54,515	[INFO]	==== START: RandomSearch ====
2023-12-15 03:40:54,662	[DEBUG]	DeclStmtReplacement(('triangle.cpp.xml', 'decl_stmt', 1), ('triangle.cpp.xml', 'stmt', 17))
2023-12-15 03:40:54,662	[INFO]	1       COMPILE_CODE_ERROR    None  [1 edit(s)]       
2023-12-15 03:40:54,797	[DEBUG]	ExprStmtReplacement(('triangle.cpp.xml', 'expr_stmt', 0), ('triangle.cpp.xml', 'stmt', 12))
2023-12-15 03:40:54,797	[INFO]	2       COMPILE_CODE_ERROR    None  [1 edit(s)]       
2023-12-15 03:40:55,748	[DEBUG]	EXEC>  SUCCESS 1204284
2023-12-15 03:40:55,748	[DEBUG]	IfReplacement(('triangle.cpp.xml', 'if', 1), ('triangle.cpp.xml', 'stmt', 17))
2023-12-15 03:40:55,748	[INFO]	3       SUCCESS               1204284 (100.0%) [1 edit(s)] 
2023-12-15 03:40:56,540	[DEBUG]	ReturnReplacement(('triangle.cpp.xml', 'return', 2), ('triangle.cpp.xml', 'stmt', 13))
2023-12-15 03:40:56,541	[INFO]	4       TEST_CODE_ERROR       None  [1 edit(s)]       
2023-12-15 03:40:56,709	[DEBUG]	DeclStmtInsertion(('triangle.cpp.xml', '_inter_block', 6), ('triangle.cpp.xml', 'decl_stmt', 1))
2023-12-15 03:40:56,709	[INFO]	5       COMPILE_CODE_ERROR    None  [1 edit(s)]       
2023-12-15 03:40:57,653	[DEBUG]	EXEC>  SUCCESS 1204300
2023-12-15 03:40:57,654	[DEBUG]	ExprStmtInsertion(('triangle.cpp.xml', '_inter_block', 24), ('triangle.cpp.xml', 'expr_stmt', 10))
2023-12-15 03:40:57,654	[INFO]	6       SUCCESS               1204300 (100.0%) [1 edit(s)] 
2023-12-15 03:40:58,476	[DEBUG]	ReturnReplacement(('triangle.cpp.xml', 'return', 3), ('triangle.cpp.xml', 'stmt', 3))
2023-12-15 03:40:58,476	[INFO]	7       TEST_CODE_ERROR       None  [1 edit(s)]       
2023-12-15 03:40:59,436	[DEBUG]	EXEC>  SUCCESS 1204446
2023-12-15 03:40:59,437	[DEBUG]	IfInsertion(('triangle.cpp.xml', '_inter_block', 6), ('triangle.cpp.xml', 'if', 2))
2023-12-15 03:40:59,437	[INFO]	8       SUCCESS               1204446 (100.02%) [1 edit(s)] 
2023-12-15 03:41:00,424	[DEBUG]	EXEC>  SUCCESS 1321702
2023-12-15 03:41:00,424	[DEBUG]	ReturnInsertion(('triangle.cpp.xml', '_inter_block', 29), ('triangle.cpp.xml', 'return', 0))
2023-12-15 03:41:00,424	[INFO]	9       SUCCESS               1321702 (109.75%) [1 edit(s)] 
2023-12-15 03:41:00,584	[DEBUG]	DeclStmtDeletion(('triangle.cpp.xml', 'decl_stmt', 0))
2023-12-15 03:41:00,585	[INFO]	10      COMPILE_CODE_ERROR    None  [1 edit(s)]       
2023-12-15 03:41:01,377	[DEBUG]	ExprStmtDeletion(('triangle.cpp.xml', 'expr_stmt', 6))
2023-12-15 03:41:01,378	[INFO]	11      TEST_CODE_ERROR       None  [1 edit(s)]       
2023-12-15 03:41:02,171	[DEBUG]	IfDeletion(('triangle.cpp.xml', 'if', 2))
2023-12-15 03:41:02,171	[INFO]	12      TEST_CODE_ERROR       None  [1 edit(s)]       
2023-12-15 03:41:02,955	[DEBUG]	ReturnDeletion(('triangle.cpp.xml', 'return', 1))
2023-12-15 03:41:02,956	[INFO]	13      TEST_CODE_ERROR       None  [1 edit(s)]       
2023-12-15 03:41:03,743	[DEBUG]	IfReplacement(('triangle.cpp.xml', 'if', 1), ('triangle.cpp.xml', 'stmt', 18))
2023-12-15 03:41:03,743	[INFO]	14      TEST_CODE_ERROR       None  [1 edit(s)]       
2023-12-15 03:41:04,503	[DEBUG]	ExprStmtInsertion(('triangle.cpp.xml', '_inter_block', 10), ('triangle.cpp.xml', 'expr_stmt', 4))
2023-12-15 03:41:04,504	[INFO]	15      TEST_CODE_ERROR       None  [1 edit(s)]       
2023-12-15 03:41:05,467	[DEBUG]	EXEC>  SUCCESS 1204284
2023-12-15 03:41:05,467	[DEBUG]	IfInsertion(('triangle.cpp.xml', '_inter_block', 21), ('triangle.cpp.xml', 'if', 2))
2023-12-15 03:41:05,467	[INFO]	16      SUCCESS               1204284 (100.0%) [1 edit(s)] 
2023-12-15 03:41:06,420	[DEBUG]	EXEC>  SUCCESS 1204330
2023-12-15 03:41:06,421	[DEBUG]	IfInsertion(('triangle.cpp.xml', '_inter_block', 22), ('triangle.cpp.xml', 'if', 1))
2023-12-15 03:41:06,421	[INFO]	17      SUCCESS               1204330 (100.01%) [1 edit(s)] 
2023-12-15 03:41:06,422	[DEBUG]	IfInsertion(('triangle.cpp.xml', '_inter_block', 21), ('triangle.cpp.xml', 'if', 2))
2023-12-15 03:41:06,422	[INFO]	18      SUCCESS               1204284 (100.0%) [1 edit(s)] 
2023-12-15 03:41:07,205	[DEBUG]	ReturnInsertion(('triangle.cpp.xml', '_inter_block', 16), ('triangle.cpp.xml', 'return', 1))
2023-12-15 03:41:07,205	[INFO]	19      TEST_CODE_ERROR       None  [1 edit(s)]       
2023-12-15 03:41:08,208	[DEBUG]	EXEC>  SUCCESS 1204319
2023-12-15 03:41:08,208	[DEBUG]	IfInsertion(('triangle.cpp.xml', '_inter_block', 26), ('triangle.cpp.xml', 'if', 1))
2023-12-15 03:41:08,208	[INFO]	20      SUCCESS               1204319 (100.01%) [1 edit(s)] 
2023-12-15 03:41:09,019	[DEBUG]	IfInsertion(('triangle.cpp.xml', '_inter_block', 24), ('triangle.cpp.xml', 'if', 5))
2023-12-15 03:41:09,019	[INFO]	21      TEST_CODE_ERROR       None  [1 edit(s)]       
2023-12-15 03:41:09,967	[DEBUG]	EXEC>  SUCCESS 1204312
2023-12-15 03:41:09,968	[DEBUG]	ReturnReplacement(('triangle.cpp.xml', 'return', 2), ('triangle.cpp.xml', 'stmt', 18))
2023-12-15 03:41:09,968	[INFO]	22      SUCCESS               1204312 (100.01%) [1 edit(s)] 
2023-12-15 03:41:10,993	[DEBUG]	EXEC>  SUCCESS 1204320
2023-12-15 03:41:10,994	[DEBUG]	IfInsertion(('triangle.cpp.xml', '_inter_block', 11), ('triangle.cpp.xml', 'if', 2))
2023-12-15 03:41:10,994	[INFO]	23      SUCCESS               1204320 (100.01%) [1 edit(s)] 
2023-12-15 03:41:11,989	[DEBUG]	EXEC>  SUCCESS 1204420
2023-12-15 03:41:11,989	[DEBUG]	IfInsertion(('triangle.cpp.xml', '_inter_block', 22), ('triangle.cpp.xml', 'if', 4))
2023-12-15 03:41:11,989	[INFO]	24      SUCCESS               1204420 (100.01%) [1 edit(s)] 
2023-12-15 03:41:12,905	[DEBUG]	EXEC>  SUCCESS 1202334
2023-12-15 03:41:12,905	[DEBUG]	ExprStmtDeletion(('triangle.cpp.xml', 'expr_stmt', 0))
2023-12-15 03:41:12,906	[INFO]	25      SUCCESS              *1202334 (99.84%) [1 edit(s)] 
2023-12-15 03:41:12,906	[DEBUG]	--- before: triangle.cpp
+++ after: triangle.cpp
@@ -2,7 +2,7 @@
 
 void delay() {
   const struct timespec ms = {0, (long int) (0.001*1e9)}; //tv_sec=0, tv_nsec (0.001 seconds)
-  nanosleep(&ms,NULL); /*ignores possible errors*/
+   /*ignores possible errors*/
 }
 
 int classify_triangle(double a, double b, double c) {

2023-12-15 03:41:13,704	[DEBUG]	IfInsertion(('triangle.cpp.xml', '_inter_block', 19), ('triangle.cpp.xml', 'if', 5))
2023-12-15 03:41:13,705	[INFO]	26      TEST_CODE_ERROR       None  [1 edit(s)]       
2023-12-15 03:41:14,702	[DEBUG]	EXEC>  SUCCESS 1204329
2023-12-15 03:41:14,703	[DEBUG]	IfInsertion(('triangle.cpp.xml', '_inter_block', 25), ('triangle.cpp.xml', 'if', 1))
2023-12-15 03:41:14,703	[INFO]	27      SUCCESS               1204329 (100.01%) [1 edit(s)] 
2023-12-15 03:41:15,696	[DEBUG]	EXEC>  SUCCESS 1204429
2023-12-15 03:41:15,696	[DEBUG]	IfInsertion(('triangle.cpp.xml', '_inter_block', 7), ('triangle.cpp.xml', 'if', 1))
2023-12-15 03:41:15,696	[INFO]	28      SUCCESS               1204429 (100.02%) [1 edit(s)] 
2023-12-15 03:41:16,645	[DEBUG]	EXEC>  SUCCESS 1204599
2023-12-15 03:41:16,645	[DEBUG]	IfInsertion(('triangle.cpp.xml', '_inter_block', 23), ('triangle.cpp.xml', 'if', 5))
2023-12-15 03:41:16,645	[INFO]	29      SUCCESS               1204599 (100.03%) [1 edit(s)] 
2023-12-15 03:41:17,456	[DEBUG]	IfInsertion(('triangle.cpp.xml', '_inter_block', 18), ('triangle.cpp.xml', 'if', 2))
2023-12-15 03:41:17,456	[INFO]	30      TEST_CODE_ERROR       None  [1 edit(s)]       
2023-12-15 03:41:18,454	[DEBUG]	EXEC>  SUCCESS 1204257
2023-12-15 03:41:18,454	[DEBUG]	IfInsertion(('triangle.cpp.xml', '_inter_block', 14), ('triangle.cpp.xml', 'if', 3))
2023-12-15 03:41:18,454	[INFO]	31      SUCCESS               1204257 (100.0%) [1 edit(s)] 
2023-12-15 03:41:19,433	[DEBUG]	EXEC>  SUCCESS 1204238
2023-12-15 03:41:19,433	[DEBUG]	IfInsertion(('triangle.cpp.xml', '_inter_block', 27), ('triangle.cpp.xml', 'if', 5))
2023-12-15 03:41:19,434	[INFO]	32      SUCCESS               1204238 (100.0%) [1 edit(s)] 
2023-12-15 03:41:20,403	[DEBUG]	EXEC>  SUCCESS 1204329
2023-12-15 03:41:20,403	[DEBUG]	IfInsertion(('triangle.cpp.xml', '_inter_block', 25), ('triangle.cpp.xml', 'if', 3))
2023-12-15 03:41:20,404	[INFO]	33      SUCCESS               1204329 (100.01%) [1 edit(s)] 
2023-12-15 03:41:20,569	[DEBUG]	IfInsertion(('triangle.cpp.xml', '_inter_block', 0), ('triangle.cpp.xml', 'if', 5))
2023-12-15 03:41:20,569	[INFO]	34      COMPILE_CODE_ERROR    None  [1 edit(s)]       
2023-12-15 03:41:21,521	[DEBUG]	EXEC>  SUCCESS 1204310
2023-12-15 03:41:21,522	[DEBUG]	IfInsertion(('triangle.cpp.xml', '_inter_block', 4), ('triangle.cpp.xml', 'if', 4))
2023-12-15 03:41:21,522	[INFO]	35      SUCCESS               1204310 (100.01%) [1 edit(s)] 
2023-12-15 03:41:22,511	[DEBUG]	EXEC>  SUCCESS 1204428
2023-12-15 03:41:22,511	[DEBUG]	IfInsertion(('triangle.cpp.xml', '_inter_block', 9), ('triangle.cpp.xml', 'if', 2))
2023-12-15 03:41:22,512	[INFO]	36      SUCCESS               1204428 (100.02%) [1 edit(s)] 
2023-12-15 03:41:23,516	[DEBUG]	EXEC>  SUCCESS 1204239
2023-12-15 03:41:23,516	[DEBUG]	IfInsertion(('triangle.cpp.xml', '_inter_block', 29), ('triangle.cpp.xml', 'if', 2))
2023-12-15 03:41:23,516	[INFO]	37      SUCCESS               1204239 (100.0%) [1 edit(s)] 
2023-12-15 03:41:24,503	[DEBUG]	EXEC>  SUCCESS 1959431
2023-12-15 03:41:24,503	[DEBUG]	IfInsertion(('triangle.cpp.xml', '_inter_block', 7), ('triangle.cpp.xml', 'if', 0))
2023-12-15 03:41:24,504	[INFO]	38      SUCCESS               1959431 (162.71%) [1 edit(s)] 
2023-12-15 03:41:25,478	[DEBUG]	EXEC>  SUCCESS 1204283
2023-12-15 03:41:25,478	[DEBUG]	IfInsertion(('triangle.cpp.xml', '_inter_block', 19), ('triangle.cpp.xml', 'if', 0))
2023-12-15 03:41:25,478	[INFO]	39      SUCCESS               1204283 (100.0%) [1 edit(s)] 
2023-12-15 03:41:25,626	[DEBUG]	IfInsertion(('triangle.cpp.xml', '_inter_block', 1), ('triangle.cpp.xml', 'if', 0))
2023-12-15 03:41:25,626	[INFO]	40      COMPILE_CODE_ERROR    None  [1 edit(s)]       
2023-12-15 03:41:26,407	[DEBUG]	ReturnDeletion(('triangle.cpp.xml', 'return', 1))
2023-12-15 03:41:26,408	[INFO]	41      TEST_CODE_ERROR       None  [1 edit(s)]       
2023-12-15 03:41:26,554	[DEBUG]	IfInsertion(('triangle.cpp.xml', '_inter_block', 3), ('triangle.cpp.xml', 'if', 3))
2023-12-15 03:41:26,554	[INFO]	42      COMPILE_CODE_ERROR    None  [1 edit(s)]       
2023-12-15 03:41:27,537	[DEBUG]	EXEC>  SUCCESS 1204312
2023-12-15 03:41:27,537	[DEBUG]	IfInsertion(('triangle.cpp.xml', '_inter_block', 17), ('triangle.cpp.xml', 'if', 1))
2023-12-15 03:41:27,537	[INFO]	43      SUCCESS               1204312 (100.01%) [1 edit(s)] 
2023-12-15 03:41:27,686	[DEBUG]	IfInsertion(('triangle.cpp.xml', '_inter_block', 4), ('triangle.cpp.xml', 'if', 2))
2023-12-15 03:41:27,686	[INFO]	44      COMPILE_CODE_ERROR    None  [1 edit(s)]       
2023-12-15 03:41:28,467	[DEBUG]	IfReplacement(('triangle.cpp.xml', 'if', 3), ('triangle.cpp.xml', 'stmt', 9))
2023-12-15 03:41:28,467	[INFO]	45      TEST_CODE_ERROR       None  [1 edit(s)]       
2023-12-15 03:41:29,463	[DEBUG]	EXEC>  SUCCESS 1204347
2023-12-15 03:41:29,464	[DEBUG]	ReturnReplacement(('triangle.cpp.xml', 'return', 1), ('triangle.cpp.xml', 'stmt', 17))
2023-12-15 03:41:29,464	[INFO]	46      SUCCESS               1204347 (100.01%) [1 edit(s)] 
2023-12-15 03:41:30,598	[DEBUG]	EXEC>  SUCCESS 1204238
2023-12-15 03:41:30,599	[DEBUG]	IfInsertion(('triangle.cpp.xml', '_inter_block', 13), ('triangle.cpp.xml', 'if', 4))
2023-12-15 03:41:30,599	[INFO]	47      SUCCESS               1204238 (100.0%) [1 edit(s)] 
2023-12-15 03:41:31,563	[DEBUG]	EXEC>  SUCCESS 1204329
2023-12-15 03:41:31,564	[DEBUG]	IfInsertion(('triangle.cpp.xml', '_inter_block', 20), ('triangle.cpp.xml', 'if', 4))
2023-12-15 03:41:31,564	[INFO]	48      SUCCESS               1204329 (100.01%) [1 edit(s)] 
2023-12-15 03:41:31,718	[DEBUG]	IfInsertion(('triangle.cpp.xml', '_inter_block', 1), ('triangle.cpp.xml', 'if', 1))
2023-12-15 03:41:31,719	[INFO]	49      COMPILE_CODE_ERROR    None  [1 edit(s)]       
2023-12-15 03:41:32,541	[DEBUG]	IfInsertion(('triangle.cpp.xml', '_inter_block', 15), ('triangle.cpp.xml', 'if', 0))
2023-12-15 03:41:32,542	[INFO]	50      TEST_CODE_ERROR       None  [1 edit(s)]       
2023-12-15 03:41:33,332	[DEBUG]	IfInsertion(('triangle.cpp.xml', '_inter_block', 21), ('triangle.cpp.xml', 'if', 5))
2023-12-15 03:41:33,333	[INFO]	51      TEST_CODE_ERROR       None  [1 edit(s)]       
2023-12-15 03:41:34,286	[DEBUG]	EXEC>  SUCCESS 1204419
2023-12-15 03:41:34,287	[DEBUG]	IfInsertion(('triangle.cpp.xml', '_inter_block', 20), ('triangle.cpp.xml', 'if', 5))
2023-12-15 03:41:34,287	[INFO]	52      SUCCESS               1204419 (100.01%) [1 edit(s)] 
2023-12-15 03:41:34,442	[DEBUG]	DeclStmtDeletion(('triangle.cpp.xml', 'decl_stmt', 0))
2023-12-15 03:41:34,442	[INFO]	53      COMPILE_CODE_ERROR    None  [1 edit(s)]       
2023-12-15 03:41:35,232	[DEBUG]	IfInsertion(('triangle.cpp.xml', '_inter_block', 18), ('triangle.cpp.xml', 'if', 5))
2023-12-15 03:41:35,232	[INFO]	54      TEST_CODE_ERROR       None  [1 edit(s)]       
2023-12-15 03:41:36,224	[DEBUG]	EXEC>  SUCCESS 1204313
2023-12-15 03:41:36,225	[DEBUG]	IfInsertion(('triangle.cpp.xml', '_inter_block', 12), ('triangle.cpp.xml', 'if', 3))
2023-12-15 03:41:36,225	[INFO]	55      SUCCESS               1204313 (100.01%) [1 edit(s)] 
2023-12-15 03:41:37,242	[DEBUG]	EXEC>  SUCCESS 1204300
2023-12-15 03:41:37,242	[DEBUG]	IfInsertion(('triangle.cpp.xml', '_inter_block', 30), ('triangle.cpp.xml', 'if', 3))
2023-12-15 03:41:37,242	[INFO]	56      SUCCESS               1204300 (100.0%) [1 edit(s)] 
2023-12-15 03:41:38,221	[DEBUG]	EXEC>  SUCCESS 1204428
2023-12-15 03:41:38,223	[DEBUG]	IfInsertion(('triangle.cpp.xml', '_inter_block', 7), ('triangle.cpp.xml', 'if', 1))
2023-12-15 03:41:38,223	[INFO]	57      SUCCESS               1204428 (100.02%) [1 edit(s)] 
2023-12-15 03:41:38,373	[DEBUG]	IfInsertion(('triangle.cpp.xml', '_inter_block', 4), ('triangle.cpp.xml', 'if', 0))
2023-12-15 03:41:38,373	[INFO]	58      COMPILE_CODE_ERROR    None  [1 edit(s)]       
2023-12-15 03:41:38,375	[DEBUG]	IfInsertion(('triangle.cpp.xml', '_inter_block', 20), ('triangle.cpp.xml', 'if', 4))
2023-12-15 03:41:38,375	[INFO]	59      SUCCESS               1204329 (100.01%) [1 edit(s)] 
2023-12-15 03:41:39,371	[DEBUG]	EXEC>  SUCCESS 1204428
2023-12-15 03:41:39,371	[DEBUG]	IfInsertion(('triangle.cpp.xml', '_inter_block', 5), ('triangle.cpp.xml', 'if', 0))
2023-12-15 03:41:39,371	[INFO]	60      SUCCESS               1204428 (100.02%) [1 edit(s)] 
2023-12-15 03:41:40,330	[DEBUG]	EXEC>  SUCCESS 1204285
2023-12-15 03:41:40,331	[DEBUG]	IfInsertion(('triangle.cpp.xml', '_inter_block', 12), ('triangle.cpp.xml', 'if', 0))
2023-12-15 03:41:40,331	[INFO]	61      SUCCESS               1204285 (100.0%) [1 edit(s)] 
2023-12-15 03:41:40,477	[DEBUG]	IfInsertion(('triangle.cpp.xml', '_inter_block', 3), ('triangle.cpp.xml', 'if', 4))
2023-12-15 03:41:40,478	[INFO]	62      COMPILE_CODE_ERROR    None  [1 edit(s)]       
2023-12-15 03:41:41,274	[DEBUG]	IfInsertion(('triangle.cpp.xml', '_inter_block', 26), ('triangle.cpp.xml', 'if', 5))
2023-12-15 03:41:41,274	[INFO]	63      TEST_CODE_ERROR       None  [1 edit(s)]       
2023-12-15 03:41:42,203	[DEBUG]	EXEC>  SUCCESS 1204239
2023-12-15 03:41:42,204	[DEBUG]	IfInsertion(('triangle.cpp.xml', '_inter_block', 31), ('triangle.cpp.xml', 'if', 0))
2023-12-15 03:41:42,204	[INFO]	64      SUCCESS               1204239 (100.0%) [1 edit(s)] 
2023-12-15 03:41:42,350	[DEBUG]	IfInsertion(('triangle.cpp.xml', '_inter_block', 1), ('triangle.cpp.xml', 'if', 2))
2023-12-15 03:41:42,350	[INFO]	65      COMPILE_CODE_ERROR    None  [1 edit(s)]       
2023-12-15 03:41:43,287	[DEBUG]	EXEC>  SUCCESS 1204425
2023-12-15 03:41:43,288	[DEBUG]	IfInsertion(('triangle.cpp.xml', '_inter_block', 25), ('triangle.cpp.xml', 'if', 5))
2023-12-15 03:41:43,288	[INFO]	66      SUCCESS               1204425 (100.02%) [1 edit(s)] 
2023-12-15 03:41:44,259	[DEBUG]	EXEC>  SUCCESS 1204383
2023-12-15 03:41:44,260	[DEBUG]	IfInsertion(('triangle.cpp.xml', '_inter_block', 14), ('triangle.cpp.xml', 'if', 4))
2023-12-15 03:41:44,260	[INFO]	67      SUCCESS               1204383 (100.01%) [1 edit(s)] 
2023-12-15 03:41:45,225	[DEBUG]	EXEC>  SUCCESS 1204329
2023-12-15 03:41:45,226	[DEBUG]	IfInsertion(('triangle.cpp.xml', '_inter_block', 22), ('triangle.cpp.xml', 'if', 0))
2023-12-15 03:41:45,226	[INFO]	68      SUCCESS               1204329 (100.01%) [1 edit(s)] 
2023-12-15 03:41:46,033	[DEBUG]	ExprStmtDeletion(('triangle.cpp.xml', 'expr_stmt', 5))
2023-12-15 03:41:46,034	[INFO]	69      TEST_CODE_ERROR       None  [1 edit(s)]       
2023-12-15 03:41:46,180	[DEBUG]	IfReplacement(('triangle.cpp.xml', 'if', 2), ('triangle.cpp.xml', 'stmt', 2))
2023-12-15 03:41:46,180	[INFO]	70      COMPILE_CODE_ERROR    None  [1 edit(s)]       
2023-12-15 03:41:46,310	[DEBUG]	IfInsertion(('triangle.cpp.xml', '_inter_block', 0), ('triangle.cpp.xml', 'if', 4))
2023-12-15 03:41:46,311	[INFO]	71      COMPILE_CODE_ERROR    None  [1 edit(s)]       
2023-12-15 03:41:47,104	[DEBUG]	ExprStmtReplacement(('triangle.cpp.xml', 'expr_stmt', 10), ('triangle.cpp.xml', 'stmt', 11))
2023-12-15 03:41:47,104	[INFO]	72      TEST_CODE_ERROR       None  [1 edit(s)]       
2023-12-15 03:41:48,087	[DEBUG]	EXEC>  SUCCESS 1351130
2023-12-15 03:41:48,087	[DEBUG]	IfInsertion(('triangle.cpp.xml', '_inter_block', 29), ('triangle.cpp.xml', 'if', 3))
2023-12-15 03:41:48,087	[INFO]	73      SUCCESS               1351130 (112.2%) [1 edit(s)] 
2023-12-15 03:41:49,056	[DEBUG]	EXEC>  SUCCESS 1204240
2023-12-15 03:41:49,056	[DEBUG]	IfInsertion(('triangle.cpp.xml', '_inter_block', 13), ('triangle.cpp.xml', 'if', 1))
2023-12-15 03:41:49,057	[INFO]	74      SUCCESS               1204240 (100.0%) [1 edit(s)] 
2023-12-15 03:41:49,223	[DEBUG]	IfInsertion(('triangle.cpp.xml', '_inter_block', 2), ('triangle.cpp.xml', 'if', 0))
2023-12-15 03:41:49,223	[INFO]	75      COMPILE_CODE_ERROR    None  [1 edit(s)]       
2023-12-15 03:41:50,139	[DEBUG]	EXEC>  SUCCESS 1204427
2023-12-15 03:41:50,140	[DEBUG]	IfInsertion(('triangle.cpp.xml', '_inter_block', 6), ('triangle.cpp.xml', 'if', 0))
2023-12-15 03:41:50,140	[INFO]	76      SUCCESS               1204427 (100.02%) [1 edit(s)] 
2023-12-15 03:41:51,101	[DEBUG]	EXEC>  SUCCESS 1204328
2023-12-15 03:41:51,102	[DEBUG]	IfInsertion(('triangle.cpp.xml', '_inter_block', 25), ('triangle.cpp.xml', 'if', 3))
2023-12-15 03:41:51,102	[INFO]	77      SUCCESS               1204328 (100.01%) [1 edit(s)] 
2023-12-15 03:41:52,122	[DEBUG]	EXEC>  SUCCESS 1204429
2023-12-15 03:41:52,123	[DEBUG]	IfInsertion(('triangle.cpp.xml', '_inter_block', 7), ('triangle.cpp.xml', 'if', 1))
2023-12-15 03:41:52,123	[INFO]	78      SUCCESS               1204429 (100.02%) [1 edit(s)] 
2023-12-15 03:41:53,085	[DEBUG]	EXEC>  SUCCESS 1204240
2023-12-15 03:41:53,086	[DEBUG]	IfInsertion(('triangle.cpp.xml', '_inter_block', 13), ('triangle.cpp.xml', 'if', 0))
2023-12-15 03:41:53,086	[INFO]	79      SUCCESS               1204240 (100.0%) [1 edit(s)] 
2023-12-15 03:41:54,067	[DEBUG]	EXEC>  SUCCESS 1506231
2023-12-15 03:41:54,068	[DEBUG]	IfInsertion(('triangle.cpp.xml', '_inter_block', 31), ('triangle.cpp.xml', 'if', 1))
2023-12-15 03:41:54,068	[INFO]	80      SUCCESS               1506231 (125.08%) [1 edit(s)] 
2023-12-15 03:41:55,019	[DEBUG]	EXEC>  SUCCESS 1260038
2023-12-15 03:41:55,020	[DEBUG]	IfInsertion(('triangle.cpp.xml', '_inter_block', 12), ('triangle.cpp.xml', 'if', 2))
2023-12-15 03:41:55,020	[INFO]	81      SUCCESS               1260038 (104.63%) [1 edit(s)] 
2023-12-15 03:41:55,021	[INFO]	==== END ====
2023-12-15 03:41:55,021	[INFO]	
2023-12-15 03:41:55,021	[INFO]	==== REPORT ====
2023-12-15 03:41:55,021	[INFO]	Termination: time budget
2023-12-15 03:41:55,022	[INFO]	Log file: /cs/student/ug/2020/damibose/projects/magpie/_magpie_logs/triangle-cpp_slow_1702611647.log
2023-12-15 03:41:55,022	[INFO]	Patch file: _magpie_logs/triangle-cpp_slow_1702611647.patch
2023-12-15 03:41:55,022	[INFO]	Diff file: _magpie_logs/triangle-cpp_slow_1702611647.diff
2023-12-15 03:41:55,023	[INFO]	Best fitness: 1202334
2023-12-15 03:41:55,023	[INFO]	Best patch: ExprStmtDeletion(('triangle.cpp.xml', 'expr_stmt', 0))
2023-12-15 03:41:55,023	[INFO]	Diff:
--- before: triangle.cpp
+++ after: triangle.cpp
@@ -2,7 +2,7 @@
 
 void delay() {
   const struct timespec ms = {0, (long int) (0.001*1e9)}; //tv_sec=0, tv_nsec (0.001 seconds)
-  nanosleep(&ms,NULL); /*ignores possible errors*/
+   /*ignores possible errors*/
 }
 
 int classify_triangle(double a, double b, double c) {

