2023-12-27 22:50:52,698	[DEBUG]	==== CONFIG ====
[magpie]
import = 
seed = 8
log_dir = _magpie_logs
work_dir = _magpie_work
final_out_dir = experiments/results/BestImprovementNoTabu/baseline/trial_8
local_original_copy = True
local_original_name = __original__
output_encoding = ascii
edit_retries = 10
default_timeout = 30
default_lengthout = 10000.0
diff_method = unified
trust_local_filesystem = True

[software]
path = examples/code/triangle-cpp_slow
target_files = 
	triangle.cpp.xml
program = BasicProgram
engine_rules = 
	*.params : ConfigFileParamsEngine
	*.xml : SrcmlEngine
	* : LineEngine
engine_config = 
	*.params : [params]
	*.xml : [srcml]
init_cmd = 
init_timeout = 60
init_lengthout = -1
setup_cmd = ./setup.sh
setup_timeout = 
setup_lengthout = 
compile_cmd = ./compile.sh
compile_timeout = 
compile_lengthout = 
test_cmd = ./build/test_triangle
test_timeout = 
test_lengthout = 
run_cmd = perf stat ./build/run_triangle
run_timeout = 1
run_lengthout = 
batch_timeout = 
batch_lengthout = 
batch_bin_fitness_strategy = aggregate
batch_fitness_strategy = sum
fitness = perf_instructions

[srcml]
rename = 
focus = block break continue decl_stmt do expr_stmt for goto if return switch while
internodes = block
process_pseudo_blocks = True
process_literals = False
process_operators = False

[params]
timing = test run
cli_prefix = --
cli_glue = =
cli_boolean = show
cli_boolean_prefix_true = 
cli_boolean_prefix_false = no-
silent_prefix = @
silent_suffix = $

[search]
protocol = BasicProtocol
algorithm = BestImprovementNoTabu
possible_edits = 
	DeclStmtReplacement
	ExprStmtReplacement
	IfReplacement
	ReturnReplacement
	DeclStmtInsertion
	ExprStmtInsertion
	IfInsertion
	ReturnInsertion
	DeclStmtDeletion
	ExprStmtDeletion
	IfDeletion
	ReturnDeletion
warmup = 5
warmup_strategy = last
max_steps = 100
max_time = 60
target_fitness = 
cache_maxsize = 40
cache_keep = 0.2
batch_instances = 
batch_shuffle = True
batch_bin_shuffle = False
batch_sample_size = 1
operator_selector = UniformSelector

[search.ls]
delete_prob = 0
max_neighbours = 20
when_trapped = continue
accept_fail = False
tabu_length = 10

[search.gp]
pop_size = 10
delete_prob = 0.5
offspring_elitism = 0.1
offspring_crossover = 0.5
offspring_mutation = 0.4
uniform_rate = 0.5
batch_reset = True

[search.minify]
do_cleanup = True
do_rebuild = True
do_simplify = True
round_robin_limit = 3


2023-12-27 22:50:52,709	[INFO]	==== WARMUP ====
2023-12-27 22:51:00,200	[DEBUG]	EXEC>  SUCCESS 1517372
2023-12-27 22:51:00,205	[INFO]	WARM    SUCCESS               1517372                 
2023-12-27 22:51:03,461	[DEBUG]	EXEC>  SUCCESS 1204239
2023-12-27 22:51:03,461	[INFO]	WARM    SUCCESS               1204239                 
2023-12-27 22:51:06,771	[DEBUG]	EXEC>  SUCCESS 1513370
2023-12-27 22:51:06,772	[INFO]	WARM    SUCCESS               1513370                 
2023-12-27 22:51:10,004	[DEBUG]	EXEC>  SUCCESS 872124
2023-12-27 22:51:10,005	[INFO]	WARM    SUCCESS               872124                  
2023-12-27 22:51:13,117	[DEBUG]	EXEC>  SUCCESS 1204239
2023-12-27 22:51:13,118	[INFO]	WARM    SUCCESS               1204239                 
2023-12-27 22:51:13,118	[INFO]	INITIAL SUCCESS               1204239                 
2023-12-27 22:51:13,119	[INFO]	==== START: BestImprovementNoTabu ====
2023-12-27 22:51:15,470	[DEBUG]	ReturnDeletion(('triangle.cpp.xml', 'return', 3))
2023-12-27 22:51:15,471	[INFO]	1       TEST_CODE_ERROR       None  [1 edit(s)]       
2023-12-27 22:51:18,004	[DEBUG]	ReturnReplacement(('triangle.cpp.xml', 'return', 2), ('triangle.cpp.xml', 'stmt', 19))
2023-12-27 22:51:18,005	[INFO]	2       TEST_CODE_ERROR       None  [1 edit(s)]       
2023-12-27 22:51:20,567	[DEBUG]	ReturnReplacement(('triangle.cpp.xml', 'return', 0), ('triangle.cpp.xml', 'stmt', 0))
2023-12-27 22:51:20,567	[INFO]	3       TEST_CODE_ERROR       None  [1 edit(s)]       
2023-12-27 22:51:23,293	[DEBUG]	ReturnDeletion(('triangle.cpp.xml', 'return', 2))
2023-12-27 22:51:23,294	[INFO]	4       TEST_CODE_ERROR       None  [1 edit(s)]       
2023-12-27 22:51:26,088	[DEBUG]	ExprStmtInsertion(('triangle.cpp.xml', '_inter_block', 10), ('triangle.cpp.xml', 'expr_stmt', 9))
2023-12-27 22:51:26,088	[INFO]	5       TEST_CODE_ERROR       None  [1 edit(s)]       
2023-12-27 22:51:28,711	[DEBUG]	ReturnDeletion(('triangle.cpp.xml', 'return', 0))
2023-12-27 22:51:28,711	[INFO]	6       TEST_CODE_ERROR       None  [1 edit(s)]       
2023-12-27 22:51:31,313	[DEBUG]	ReturnReplacement(('triangle.cpp.xml', 'return', 2), ('triangle.cpp.xml', 'stmt', 4))
2023-12-27 22:51:31,314	[INFO]	7       TEST_CODE_ERROR       None  [1 edit(s)]       
2023-12-27 22:51:33,991	[DEBUG]	IfReplacement(('triangle.cpp.xml', 'if', 5), ('triangle.cpp.xml', 'stmt', 9))
2023-12-27 22:51:33,991	[INFO]	8       TEST_CODE_ERROR       None  [1 edit(s)]       
2023-12-27 22:51:34,779	[DEBUG]	DeclStmtDeletion(('triangle.cpp.xml', 'decl_stmt', 1))
2023-12-27 22:51:34,779	[INFO]	9       COMPILE_CODE_ERROR    None  [1 edit(s)]       
2023-12-27 22:51:37,233	[DEBUG]	ReturnReplacement(('triangle.cpp.xml', 'return', 1), ('triangle.cpp.xml', 'stmt', 19))
2023-12-27 22:51:37,234	[INFO]	10      TEST_CODE_ERROR       None  [1 edit(s)]       
2023-12-27 22:51:39,997	[DEBUG]	EXEC>  SUCCESS 1204407
2023-12-27 22:51:39,998	[DEBUG]	IfInsertion(('triangle.cpp.xml', '_inter_block', 14), ('triangle.cpp.xml', 'if', 5))
2023-12-27 22:51:39,998	[INFO]	11      SUCCESS               1204407 (100.01%) [1 edit(s)] 
2023-12-27 22:51:43,007	[DEBUG]	EXEC>  SUCCESS 1203979
2023-12-27 22:51:43,007	[DEBUG]	IfDeletion(('triangle.cpp.xml', 'if', 1))
2023-12-27 22:51:43,008	[INFO]	12      SUCCESS              *1203979 (99.98%) [1 edit(s)] 
2023-12-27 22:51:43,009	[DEBUG]	--- before: triangle.cpp
+++ after: triangle.cpp
@@ -17,11 +17,7 @@
     b = tmp;
   }
 
-  if(a > c) {
-    tmp = a;
-    a = c;
-    c = tmp;
-  }
+  
 
   if(b > c) {
     tmp = b;

2023-12-27 22:51:45,949	[DEBUG]	EXEC>  SUCCESS 1204271
2023-12-27 22:51:45,949	[DEBUG]	ExprStmtInsertion(('triangle.cpp.xml', '_inter_block', 12), ('triangle.cpp.xml', 'expr_stmt', 9))
2023-12-27 22:51:45,949	[INFO]	13      SUCCESS               1204271 (100.0%) [1 edit(s)] 
2023-12-27 22:51:48,720	[DEBUG]	ExprStmtReplacement(('triangle.cpp.xml', 'expr_stmt', 8), ('triangle.cpp.xml', 'stmt', 1))
2023-12-27 22:51:48,720	[INFO]	14      TEST_CODE_ERROR       None  [1 edit(s)]       
2023-12-27 22:51:51,297	[DEBUG]	ReturnInsertion(('triangle.cpp.xml', '_inter_block', 18), ('triangle.cpp.xml', 'return', 3))
2023-12-27 22:51:51,297	[INFO]	15      TEST_CODE_ERROR       None  [1 edit(s)]       
2023-12-27 22:51:53,941	[DEBUG]	ExprStmtReplacement(('triangle.cpp.xml', 'expr_stmt', 4), ('triangle.cpp.xml', 'stmt', 15))
2023-12-27 22:51:53,941	[INFO]	16      TEST_CODE_ERROR       None  [1 edit(s)]       
2023-12-27 22:51:56,615	[DEBUG]	ExprStmtReplacement(('triangle.cpp.xml', 'expr_stmt', 10), ('triangle.cpp.xml', 'stmt', 17))
2023-12-27 22:51:56,616	[INFO]	17      TEST_CODE_ERROR       None  [1 edit(s)]       
2023-12-27 22:51:59,266	[DEBUG]	IfReplacement(('triangle.cpp.xml', 'if', 4), ('triangle.cpp.xml', 'stmt', 3))
2023-12-27 22:51:59,266	[INFO]	18      TEST_CODE_ERROR       None  [1 edit(s)]       
2023-12-27 22:51:59,969	[DEBUG]	DeclStmtDeletion(('triangle.cpp.xml', 'decl_stmt', 1))
2023-12-27 22:51:59,969	[INFO]	19      COMPILE_CODE_ERROR    None  [1 edit(s)]       
2023-12-27 22:52:00,506	[DEBUG]	DeclStmtDeletion(('triangle.cpp.xml', 'decl_stmt', 0))
2023-12-27 22:52:00,506	[INFO]	20      COMPILE_CODE_ERROR    None  [1 edit(s)]       
2023-12-27 22:52:03,076	[DEBUG]	ReturnReplacement(('triangle.cpp.xml', 'return', 2), ('triangle.cpp.xml', 'stmt', 13))
2023-12-27 22:52:03,076	[INFO]	21      TEST_CODE_ERROR      +None  [1 edit(s)]       
2023-12-27 22:52:03,078	[DEBUG]	--- before: triangle.cpp
+++ after: triangle.cpp
@@ -39,7 +39,11 @@
     }/*auto*/
   if(a == b || b == c)
     /*auto*/{
-      return ISOSCELES;
+      if(a > b) {
+        tmp = a;
+        a = b;
+        b = tmp;
+      }
     }/*auto*/
   return SCALENE;
 }

2023-12-27 22:52:03,769	[DEBUG]	IfDeletion(('triangle.cpp.xml', 'if', 1)) | DeclStmtReplacement(('triangle.cpp.xml', 'decl_stmt', 1), ('triangle.cpp.xml', 'stmt', 12))
2023-12-27 22:52:03,769	[INFO]	22      COMPILE_CODE_ERROR    None  [2 edit(s)]       
2023-12-27 22:52:03,771	[DEBUG]	IfDeletion(('triangle.cpp.xml', 'if', 1)) | DeclStmtInsertion(('triangle.cpp.xml', '_inter_block', 18), ('triangle.cpp.xml', 'decl_stmt', 1))
2023-12-27 22:52:03,771	[INFO]	23      SUCCESS               1203979 (99.98%) [2 edit(s)] 
2023-12-27 22:52:06,270	[DEBUG]	IfDeletion(('triangle.cpp.xml', 'if', 1)) | IfReplacement(('triangle.cpp.xml', 'if', 1), ('triangle.cpp.xml', 'stmt', 11))
2023-12-27 22:52:06,270	[INFO]	24      TEST_CODE_ERROR       None  [2 edit(s)]       
2023-12-27 22:52:06,932	[DEBUG]	IfDeletion(('triangle.cpp.xml', 'if', 1)) | DeclStmtDeletion(('triangle.cpp.xml', 'decl_stmt', 0))
2023-12-27 22:52:06,932	[INFO]	25      COMPILE_CODE_ERROR    None  [2 edit(s)]       
2023-12-27 22:52:09,652	[DEBUG]	EXEC>  SUCCESS 1204026
2023-12-27 22:52:09,653	[DEBUG]	IfDeletion(('triangle.cpp.xml', 'if', 1)) | ExprStmtInsertion(('triangle.cpp.xml', '_inter_block', 16), ('triangle.cpp.xml', 'expr_stmt', 3))
2023-12-27 22:52:09,653	[INFO]	26      SUCCESS               1204026 (99.98%) [2 edit(s)] 
2023-12-27 22:52:09,664	[DEBUG]	IfDeletion(('triangle.cpp.xml', 'if', 1)) | ExprStmtInsertion(('triangle.cpp.xml', '_inter_block', 20), ('triangle.cpp.xml', 'expr_stmt', 3))
2023-12-27 22:52:09,665	[INFO]	27      SUCCESS               1203979 (99.98%) [2 edit(s)] 
2023-12-27 22:52:12,360	[DEBUG]	IfDeletion(('triangle.cpp.xml', 'if', 1)) | ReturnDeletion(('triangle.cpp.xml', 'return', 2))
2023-12-27 22:52:12,361	[INFO]	28      TEST_CODE_ERROR       None  [2 edit(s)]       
2023-12-27 22:52:14,662	[DEBUG]	EXEC>  SUCCESS 1313398
2023-12-27 22:52:14,662	[DEBUG]	IfDeletion(('triangle.cpp.xml', 'if', 1)) | DeclStmtInsertion(('triangle.cpp.xml', '_inter_block', 29), ('triangle.cpp.xml', 'decl_stmt', 0))
2023-12-27 22:52:14,662	[INFO]	29      SUCCESS               1313398 (109.06%) [2 edit(s)] 
2023-12-27 22:52:14,663	[INFO]	==== END ====
2023-12-27 22:52:14,663	[INFO]	
2023-12-27 22:52:14,663	[INFO]	==== REPORT ====
2023-12-27 22:52:14,663	[INFO]	Termination: time budget
2023-12-27 22:52:14,663	[INFO]	Log file: /cs/student/ug/2020/damibose/projects/magpie/_magpie_logs/triangle-cpp_slow_1703717477.log
2023-12-27 22:52:14,664	[INFO]	Patch file: _magpie_logs/triangle-cpp_slow_1703717477.patch
2023-12-27 22:52:14,664	[INFO]	Diff file: _magpie_logs/triangle-cpp_slow_1703717477.diff
2023-12-27 22:52:14,664	[INFO]	Best fitness: 1203979
2023-12-27 22:52:14,664	[INFO]	Best patch: IfDeletion(('triangle.cpp.xml', 'if', 1))
2023-12-27 22:52:14,664	[INFO]	Diff:
--- before: triangle.cpp
+++ after: triangle.cpp
@@ -17,11 +17,7 @@
     b = tmp;
   }
 
-  if(a > c) {
-    tmp = a;
-    a = c;
-    c = tmp;
-  }
+  
 
   if(b > c) {
     tmp = b;

