2023-12-15 03:25:57,677	[DEBUG]	==== CONFIG ====
[magpie]
import = 
seed = 8
log_dir = _magpie_logs
work_dir = _magpie_work
final_out_dir = experiments/results_e_greedy_proof_of_concept/epsilon_greedy/RandomSearch/trial_8
local_original_copy = True
local_original_name = __original__
output_encoding = ascii
edit_retries = 10
default_timeout = 30
default_lengthout = 10000.0
diff_method = unified
trust_local_filesystem = True

[software]
path = examples/code/triangle-cpp_slow
target_files = 
	triangle.cpp.xml
program = BasicProgram
engine_rules = 
	*.params : ConfigFileParamsEngine
	*.xml : SrcmlEngine
	* : LineEngine
engine_config = 
	*.params : [params]
	*.xml : [srcml]
init_cmd = 
init_timeout = 60
init_lengthout = -1
setup_cmd = ./setup.sh
setup_timeout = 
setup_lengthout = 
compile_cmd = ./compile.sh
compile_timeout = 
compile_lengthout = 
test_cmd = ./build/test_triangle
test_timeout = 
test_lengthout = 
run_cmd = perf stat ./build/run_triangle
run_timeout = 1
run_lengthout = 
batch_timeout = 
batch_lengthout = 
batch_bin_fitness_strategy = aggregate
batch_fitness_strategy = sum
fitness = perf_instructions

[srcml]
rename = 
focus = block break continue decl_stmt do expr_stmt for goto if return switch while
internodes = block
process_pseudo_blocks = True
process_literals = False
process_operators = False

[params]
timing = test run
cli_prefix = --
cli_glue = =
cli_boolean = show
cli_boolean_prefix_true = 
cli_boolean_prefix_false = no-
silent_prefix = @
silent_suffix = $

[search]
protocol = BasicProtocol
algorithm = RandomSearch
possible_edits = 
	DeclStmtReplacement
	ExprStmtReplacement
	IfReplacement
	ReturnReplacement
	DeclStmtInsertion
	ExprStmtInsertion
	IfInsertion
	ReturnInsertion
	DeclStmtDeletion
	ExprStmtDeletion
	IfDeletion
	ReturnDeletion
warmup = 5
warmup_strategy = last
max_steps = 100
max_time = 60
target_fitness = 
cache_maxsize = 40
cache_keep = 0.2
batch_instances = 
batch_shuffle = True
batch_bin_shuffle = False
batch_sample_size = 1
operator_selector = EpsilonGreedy
epsilon = 0.2

[search.ls]
delete_prob = 0
max_neighbours = 20
when_trapped = continue
accept_fail = False
tabu_length = 10

[search.gp]
pop_size = 10
delete_prob = 0.5
offspring_elitism = 0.1
offspring_crossover = 0.5
offspring_mutation = 0.4
uniform_rate = 0.5
batch_reset = True

[search.minify]
do_cleanup = True
do_rebuild = True
do_simplify = True
round_robin_limit = 3


2023-12-15 03:25:57,684	[INFO]	==== WARMUP ====
2023-12-15 03:26:00,342	[DEBUG]	EXEC>  SUCCESS 1204240
2023-12-15 03:26:00,343	[INFO]	WARM    SUCCESS               1204240                 
2023-12-15 03:26:01,323	[DEBUG]	EXEC>  SUCCESS 1204239
2023-12-15 03:26:01,323	[INFO]	WARM    SUCCESS               1204239                 
2023-12-15 03:26:02,345	[DEBUG]	EXEC>  SUCCESS 1204239
2023-12-15 03:26:02,345	[INFO]	WARM    SUCCESS               1204239                 
2023-12-15 03:26:03,368	[DEBUG]	EXEC>  SUCCESS 1204239
2023-12-15 03:26:03,369	[INFO]	WARM    SUCCESS               1204239                 
2023-12-15 03:26:04,342	[DEBUG]	EXEC>  SUCCESS 1649335
2023-12-15 03:26:04,342	[INFO]	WARM    SUCCESS               1649335                 
2023-12-15 03:26:04,343	[INFO]	INITIAL SUCCESS               1649335                 
2023-12-15 03:26:04,344	[INFO]	==== START: RandomSearch ====
2023-12-15 03:26:04,480	[DEBUG]	DeclStmtReplacement(('triangle.cpp.xml', 'decl_stmt', 1), ('triangle.cpp.xml', 'stmt', 21))
2023-12-15 03:26:04,480	[INFO]	1       COMPILE_CODE_ERROR    None  [1 edit(s)]       
2023-12-15 03:26:05,471	[DEBUG]	EXEC>  SUCCESS 1204272
2023-12-15 03:26:05,472	[DEBUG]	ExprStmtReplacement(('triangle.cpp.xml', 'expr_stmt', 6), ('triangle.cpp.xml', 'stmt', 15))
2023-12-15 03:26:05,473	[INFO]	2       SUCCESS              *1204272 (73.02%) [1 edit(s)] 
2023-12-15 03:26:05,475	[DEBUG]	--- before: triangle.cpp
+++ after: triangle.cpp
@@ -19,7 +19,11 @@
 
   if(a > c) {
     tmp = a;
-    a = c;
+    if(b > c) {
+      tmp = b;
+      b = c;
+      c = tmp;
+    }
     c = tmp;
   }
 

2023-12-15 03:26:06,284	[DEBUG]	IfReplacement(('triangle.cpp.xml', 'if', 2), ('triangle.cpp.xml', 'stmt', 7))
2023-12-15 03:26:06,285	[INFO]	3       TEST_CODE_ERROR       None  [1 edit(s)]       
2023-12-15 03:26:07,090	[DEBUG]	ReturnDeletion(('triangle.cpp.xml', 'return', 2))
2023-12-15 03:26:07,090	[INFO]	4       TEST_CODE_ERROR       None  [1 edit(s)]       
2023-12-15 03:26:08,049	[DEBUG]	EXEC>  SUCCESS 1204284
2023-12-15 03:26:08,049	[DEBUG]	IfInsertion(('triangle.cpp.xml', '_inter_block', 18), ('triangle.cpp.xml', 'if', 0))
2023-12-15 03:26:08,050	[INFO]	5       SUCCESS               1204284 (73.02%) [1 edit(s)] 
2023-12-15 03:26:08,885	[DEBUG]	ReturnReplacement(('triangle.cpp.xml', 'return', 3), ('triangle.cpp.xml', 'stmt', 6))
2023-12-15 03:26:08,886	[INFO]	6       TEST_CODE_ERROR       None  [1 edit(s)]       
2023-12-15 03:26:09,065	[DEBUG]	DeclStmtInsertion(('triangle.cpp.xml', '_inter_block', 8), ('triangle.cpp.xml', 'decl_stmt', 1))
2023-12-15 03:26:09,066	[INFO]	7       COMPILE_CODE_ERROR    None  [1 edit(s)]       
2023-12-15 03:26:10,054	[DEBUG]	EXEC>  SUCCESS 1204300
2023-12-15 03:26:10,054	[DEBUG]	ExprStmtInsertion(('triangle.cpp.xml', '_inter_block', 22), ('triangle.cpp.xml', 'expr_stmt', 5))
2023-12-15 03:26:10,055	[INFO]	8       SUCCESS               1204300 (73.02%) [1 edit(s)] 
2023-12-15 03:26:10,199	[DEBUG]	DeclStmtDeletion(('triangle.cpp.xml', 'decl_stmt', 0))
2023-12-15 03:26:10,199	[INFO]	9       COMPILE_CODE_ERROR    None  [1 edit(s)]       
2023-12-15 03:26:10,962	[DEBUG]	ReturnInsertion(('triangle.cpp.xml', '_inter_block', 6), ('triangle.cpp.xml', 'return', 0))
2023-12-15 03:26:10,963	[INFO]	10      TEST_CODE_ERROR       None  [1 edit(s)]       
2023-12-15 03:26:11,764	[DEBUG]	ExprStmtDeletion(('triangle.cpp.xml', 'expr_stmt', 8))
2023-12-15 03:26:11,764	[INFO]	11      TEST_CODE_ERROR       None  [1 edit(s)]       
2023-12-15 03:26:12,789	[DEBUG]	EXEC>  SUCCESS 1203978
2023-12-15 03:26:12,789	[DEBUG]	IfDeletion(('triangle.cpp.xml', 'if', 1))
2023-12-15 03:26:12,790	[INFO]	12      SUCCESS              *1203978 (73.0%) [1 edit(s)] 
2023-12-15 03:26:12,791	[DEBUG]	--- before: triangle.cpp
+++ after: triangle.cpp
@@ -17,11 +17,7 @@
     b = tmp;
   }
 
-  if(a > c) {
-    tmp = a;
-    a = c;
-    c = tmp;
-  }
+  
 
   if(b > c) {
     tmp = b;

2023-12-15 03:26:13,584	[DEBUG]	IfDeletion(('triangle.cpp.xml', 'if', 2))
2023-12-15 03:26:13,585	[INFO]	13      TEST_CODE_ERROR       None  [1 edit(s)]       
2023-12-15 03:26:13,720	[DEBUG]	ExprStmtReplacement(('triangle.cpp.xml', 'expr_stmt', 0), ('triangle.cpp.xml', 'stmt', 15))
2023-12-15 03:26:13,721	[INFO]	14      COMPILE_CODE_ERROR    None  [1 edit(s)]       
2023-12-15 03:26:14,670	[DEBUG]	EXEC>  SUCCESS 1827351
2023-12-15 03:26:14,671	[DEBUG]	IfInsertion(('triangle.cpp.xml', '_inter_block', 27), ('triangle.cpp.xml', 'if', 0))
2023-12-15 03:26:14,672	[INFO]	15      SUCCESS               1827351 (110.79%) [1 edit(s)] 
2023-12-15 03:26:14,829	[DEBUG]	ExprStmtInsertion(('triangle.cpp.xml', '_inter_block', 1), ('triangle.cpp.xml', 'expr_stmt', 3))
2023-12-15 03:26:14,830	[INFO]	16      COMPILE_CODE_ERROR    None  [1 edit(s)]       
2023-12-15 03:26:15,781	[DEBUG]	EXEC>  SUCCESS 1204239
2023-12-15 03:26:15,781	[DEBUG]	IfInsertion(('triangle.cpp.xml', '_inter_block', 31), ('triangle.cpp.xml', 'if', 3))
2023-12-15 03:26:15,782	[INFO]	17      SUCCESS               1204239 (73.01%) [1 edit(s)] 
2023-12-15 03:26:16,550	[DEBUG]	IfInsertion(('triangle.cpp.xml', '_inter_block', 16), ('triangle.cpp.xml', 'if', 4))
2023-12-15 03:26:16,550	[INFO]	18      TEST_CODE_ERROR       None  [1 edit(s)]       
2023-12-15 03:26:17,541	[DEBUG]	EXEC>  SUCCESS 1204429
2023-12-15 03:26:17,542	[DEBUG]	IfInsertion(('triangle.cpp.xml', '_inter_block', 8), ('triangle.cpp.xml', 'if', 1))
2023-12-15 03:26:17,543	[INFO]	19      SUCCESS               1204429 (73.03%) [1 edit(s)] 
2023-12-15 03:26:18,342	[DEBUG]	IfInsertion(('triangle.cpp.xml', '_inter_block', 24), ('triangle.cpp.xml', 'if', 4))
2023-12-15 03:26:18,342	[INFO]	20      TEST_CODE_ERROR       None  [1 edit(s)]       
2023-12-15 03:26:18,490	[DEBUG]	IfInsertion(('triangle.cpp.xml', '_inter_block', 1), ('triangle.cpp.xml', 'if', 0))
2023-12-15 03:26:18,490	[INFO]	21      COMPILE_CODE_ERROR    None  [1 edit(s)]       
2023-12-15 03:26:19,440	[DEBUG]	EXEC>  SUCCESS 1204329
2023-12-15 03:26:19,440	[DEBUG]	IfInsertion(('triangle.cpp.xml', '_inter_block', 24), ('triangle.cpp.xml', 'if', 0))
2023-12-15 03:26:19,441	[INFO]	22      SUCCESS               1204329 (73.02%) [1 edit(s)] 
2023-12-15 03:26:20,441	[DEBUG]	EXEC>  SUCCESS 1204589
2023-12-15 03:26:20,441	[DEBUG]	IfInsertion(('triangle.cpp.xml', '_inter_block', 9), ('triangle.cpp.xml', 'if', 4))
2023-12-15 03:26:20,442	[INFO]	23      SUCCESS               1204589 (73.03%) [1 edit(s)] 
2023-12-15 03:26:21,399	[DEBUG]	EXEC>  SUCCESS 1273574
2023-12-15 03:26:21,400	[DEBUG]	IfInsertion(('triangle.cpp.xml', '_inter_block', 31), ('triangle.cpp.xml', 'if', 5))
2023-12-15 03:26:21,400	[INFO]	24      SUCCESS               1273574 (77.22%) [1 edit(s)] 
2023-12-15 03:26:22,452	[DEBUG]	EXEC>  SUCCESS 1317037
2023-12-15 03:26:22,453	[DEBUG]	IfInsertion(('triangle.cpp.xml', '_inter_block', 13), ('triangle.cpp.xml', 'if', 5))
2023-12-15 03:26:22,453	[INFO]	25      SUCCESS               1317037 (79.85%) [1 edit(s)] 
2023-12-15 03:26:22,598	[DEBUG]	IfInsertion(('triangle.cpp.xml', '_inter_block', 3), ('triangle.cpp.xml', 'if', 1))
2023-12-15 03:26:22,598	[INFO]	26      COMPILE_CODE_ERROR    None  [1 edit(s)]       
2023-12-15 03:26:23,582	[DEBUG]	EXEC>  SUCCESS 1204330
2023-12-15 03:26:23,583	[DEBUG]	IfInsertion(('triangle.cpp.xml', '_inter_block', 20), ('triangle.cpp.xml', 'if', 4))
2023-12-15 03:26:23,584	[INFO]	27      SUCCESS               1204330 (73.02%) [1 edit(s)] 
2023-12-15 03:26:24,557	[DEBUG]	EXEC>  SUCCESS 1204348
2023-12-15 03:26:24,558	[DEBUG]	IfInsertion(('triangle.cpp.xml', '_inter_block', 19), ('triangle.cpp.xml', 'if', 4))
2023-12-15 03:26:24,559	[INFO]	28      SUCCESS               1204348 (73.02%) [1 edit(s)] 
2023-12-15 03:26:25,564	[DEBUG]	EXEC>  SUCCESS 1204239
2023-12-15 03:26:25,565	[DEBUG]	IfInsertion(('triangle.cpp.xml', '_inter_block', 27), ('triangle.cpp.xml', 'if', 5))
2023-12-15 03:26:25,566	[INFO]	29      SUCCESS               1204239 (73.01%) [1 edit(s)] 
2023-12-15 03:26:26,327	[DEBUG]	IfInsertion(('triangle.cpp.xml', '_inter_block', 5), ('triangle.cpp.xml', 'if', 5))
2023-12-15 03:26:26,328	[INFO]	30      TEST_CODE_ERROR       None  [1 edit(s)]       
2023-12-15 03:26:26,330	[DEBUG]	IfInsertion(('triangle.cpp.xml', '_inter_block', 20), ('triangle.cpp.xml', 'if', 4))
2023-12-15 03:26:26,330	[INFO]	31      SUCCESS               1204330 (73.02%) [1 edit(s)] 
2023-12-15 03:26:27,315	[DEBUG]	EXEC>  SUCCESS 1219893
2023-12-15 03:26:27,315	[DEBUG]	IfInsertion(('triangle.cpp.xml', '_inter_block', 10), ('triangle.cpp.xml', 'if', 1))
2023-12-15 03:26:27,316	[INFO]	32      SUCCESS               1219893 (73.96%) [1 edit(s)] 
2023-12-15 03:26:28,314	[DEBUG]	EXEC>  SUCCESS 1204356
2023-12-15 03:26:28,315	[DEBUG]	IfInsertion(('triangle.cpp.xml', '_inter_block', 7), ('triangle.cpp.xml', 'if', 2))
2023-12-15 03:26:28,315	[INFO]	33      SUCCESS               1204356 (73.02%) [1 edit(s)] 
2023-12-15 03:26:29,102	[DEBUG]	IfReplacement(('triangle.cpp.xml', 'if', 4), ('triangle.cpp.xml', 'stmt', 6))
2023-12-15 03:26:29,102	[INFO]	34      TEST_CODE_ERROR       None  [1 edit(s)]       
2023-12-15 03:26:29,908	[DEBUG]	ReturnInsertion(('triangle.cpp.xml', '_inter_block', 26), ('triangle.cpp.xml', 'return', 1))
2023-12-15 03:26:29,909	[INFO]	35      TEST_CODE_ERROR       None  [1 edit(s)]       
2023-12-15 03:26:30,856	[DEBUG]	IfInsertion(('triangle.cpp.xml', '_inter_block', 17), ('triangle.cpp.xml', 'if', 5))
2023-12-15 03:26:30,856	[INFO]	36      TEST_CODE_ERROR       None  [1 edit(s)]       
2023-12-15 03:26:31,006	[DEBUG]	ExprStmtReplacement(('triangle.cpp.xml', 'expr_stmt', 0), ('triangle.cpp.xml', 'stmt', 7))
2023-12-15 03:26:31,006	[INFO]	37      COMPILE_CODE_ERROR    None  [1 edit(s)]       
2023-12-15 03:26:31,982	[DEBUG]	EXEC>  SUCCESS 1249712
2023-12-15 03:26:31,982	[DEBUG]	IfInsertion(('triangle.cpp.xml', '_inter_block', 29), ('triangle.cpp.xml', 'if', 3))
2023-12-15 03:26:31,983	[INFO]	38      SUCCESS               1249712 (75.77%) [1 edit(s)] 
2023-12-15 03:26:32,759	[DEBUG]	IfDeletion(('triangle.cpp.xml', 'if', 2))
2023-12-15 03:26:32,759	[INFO]	39      TEST_CODE_ERROR       None  [1 edit(s)]       
2023-12-15 03:26:33,549	[DEBUG]	ExprStmtDeletion(('triangle.cpp.xml', 'expr_stmt', 10))
2023-12-15 03:26:33,549	[INFO]	40      TEST_CODE_ERROR       None  [1 edit(s)]       
2023-12-15 03:26:33,551	[DEBUG]	IfInsertion(('triangle.cpp.xml', '_inter_block', 9), ('triangle.cpp.xml', 'if', 4))
2023-12-15 03:26:33,552	[INFO]	41      SUCCESS               1204589 (73.03%) [1 edit(s)] 
2023-12-15 03:26:33,693	[DEBUG]	IfInsertion(('triangle.cpp.xml', '_inter_block', 3), ('triangle.cpp.xml', 'if', 5))
2023-12-15 03:26:33,694	[INFO]	42      COMPILE_CODE_ERROR    None  [1 edit(s)]       
2023-12-15 03:26:34,481	[DEBUG]	IfInsertion(('triangle.cpp.xml', '_inter_block', 19), ('triangle.cpp.xml', 'if', 1))
2023-12-15 03:26:34,482	[INFO]	43      TEST_CODE_ERROR       None  [1 edit(s)]       
2023-12-15 03:26:34,629	[DEBUG]	IfInsertion(('triangle.cpp.xml', '_inter_block', 1), ('triangle.cpp.xml', 'if', 4))
2023-12-15 03:26:34,630	[INFO]	44      COMPILE_CODE_ERROR    None  [1 edit(s)]       
2023-12-15 03:26:34,632	[DEBUG]	IfInsertion(('triangle.cpp.xml', '_inter_block', 31), ('triangle.cpp.xml', 'if', 5))
2023-12-15 03:26:34,632	[INFO]	45      SUCCESS               1273574 (77.22%) [1 edit(s)] 
2023-12-15 03:26:35,559	[DEBUG]	EXEC>  SUCCESS 1204419
2023-12-15 03:26:35,560	[DEBUG]	IfInsertion(('triangle.cpp.xml', '_inter_block', 9), ('triangle.cpp.xml', 'if', 3))
2023-12-15 03:26:35,561	[INFO]	46      SUCCESS               1204419 (73.02%) [1 edit(s)] 
2023-12-15 03:26:36,554	[DEBUG]	EXEC>  SUCCESS 1204266
2023-12-15 03:26:36,555	[DEBUG]	IfInsertion(('triangle.cpp.xml', '_inter_block', 28), ('triangle.cpp.xml', 'if', 2))
2023-12-15 03:26:36,556	[INFO]	47      SUCCESS               1204266 (73.02%) [1 edit(s)] 
2023-12-15 03:26:37,598	[DEBUG]	EXEC>  SUCCESS 1204429
2023-12-15 03:26:37,598	[DEBUG]	IfInsertion(('triangle.cpp.xml', '_inter_block', 5), ('triangle.cpp.xml', 'if', 0))
2023-12-15 03:26:37,599	[INFO]	48      SUCCESS               1204429 (73.03%) [1 edit(s)] 
2023-12-15 03:26:38,421	[DEBUG]	IfInsertion(('triangle.cpp.xml', '_inter_block', 21), ('triangle.cpp.xml', 'if', 5))
2023-12-15 03:26:38,421	[INFO]	49      TEST_CODE_ERROR       None  [1 edit(s)]       
2023-12-15 03:26:39,255	[DEBUG]	IfInsertion(('triangle.cpp.xml', '_inter_block', 22), ('triangle.cpp.xml', 'if', 2))
2023-12-15 03:26:39,256	[INFO]	50      TEST_CODE_ERROR       None  [1 edit(s)]       
2023-12-15 03:26:40,247	[DEBUG]	EXEC>  SUCCESS 1204265
2023-12-15 03:26:40,247	[DEBUG]	IfInsertion(('triangle.cpp.xml', '_inter_block', 28), ('triangle.cpp.xml', 'if', 0))
2023-12-15 03:26:40,248	[INFO]	51      SUCCESS               1204265 (73.02%) [1 edit(s)] 
2023-12-15 03:26:41,227	[DEBUG]	EXEC>  SUCCESS 1204284
2023-12-15 03:26:41,227	[DEBUG]	IfInsertion(('triangle.cpp.xml', '_inter_block', 20), ('triangle.cpp.xml', 'if', 0))
2023-12-15 03:26:41,228	[INFO]	52      SUCCESS               1204284 (73.02%) [1 edit(s)] 
2023-12-15 03:26:42,024	[DEBUG]	IfInsertion(('triangle.cpp.xml', '_inter_block', 9), ('triangle.cpp.xml', 'if', 5))
2023-12-15 03:26:42,025	[INFO]	53      TEST_CODE_ERROR       None  [1 edit(s)]       
2023-12-15 03:26:42,026	[DEBUG]	IfInsertion(('triangle.cpp.xml', '_inter_block', 20), ('triangle.cpp.xml', 'if', 4))
2023-12-15 03:26:42,026	[INFO]	54      SUCCESS               1204330 (73.02%) [1 edit(s)] 
2023-12-15 03:26:43,011	[DEBUG]	EXEC>  SUCCESS 1204429
2023-12-15 03:26:43,011	[DEBUG]	IfInsertion(('triangle.cpp.xml', '_inter_block', 8), ('triangle.cpp.xml', 'if', 0))
2023-12-15 03:26:43,012	[INFO]	55      SUCCESS               1204429 (73.03%) [1 edit(s)] 
2023-12-15 03:26:44,009	[DEBUG]	EXEC>  SUCCESS 1204314
2023-12-15 03:26:44,009	[DEBUG]	IfInsertion(('triangle.cpp.xml', '_inter_block', 20), ('triangle.cpp.xml', 'if', 3))
2023-12-15 03:26:44,010	[INFO]	56      SUCCESS               1204314 (73.02%) [1 edit(s)] 
2023-12-15 03:26:44,961	[DEBUG]	EXEC>  SUCCESS 1204240
2023-12-15 03:26:44,961	[DEBUG]	ReturnInsertion(('triangle.cpp.xml', '_inter_block', 28), ('triangle.cpp.xml', 'return', 1))
2023-12-15 03:26:44,963	[INFO]	57      SUCCESS               1204240 (73.01%) [1 edit(s)] 
2023-12-15 03:26:44,965	[DEBUG]	IfInsertion(('triangle.cpp.xml', '_inter_block', 31), ('triangle.cpp.xml', 'if', 5))
2023-12-15 03:26:44,965	[INFO]	58      SUCCESS               1273574 (77.22%) [1 edit(s)] 
2023-12-15 03:26:45,117	[DEBUG]	IfInsertion(('triangle.cpp.xml', '_inter_block', 0), ('triangle.cpp.xml', 'if', 3))
2023-12-15 03:26:45,118	[INFO]	59      COMPILE_CODE_ERROR    None  [1 edit(s)]       
2023-12-15 03:26:45,119	[DEBUG]	IfInsertion(('triangle.cpp.xml', '_inter_block', 20), ('triangle.cpp.xml', 'if', 3))
2023-12-15 03:26:45,120	[INFO]	60      SUCCESS               1204314 (73.02%) [1 edit(s)] 
2023-12-15 03:26:46,085	[DEBUG]	EXEC>  SUCCESS 1204428
2023-12-15 03:26:46,085	[DEBUG]	IfInsertion(('triangle.cpp.xml', '_inter_block', 6), ('triangle.cpp.xml', 'if', 0))
2023-12-15 03:26:46,086	[INFO]	61      SUCCESS               1204428 (73.03%) [1 edit(s)] 
2023-12-15 03:26:47,014	[DEBUG]	EXEC>  SUCCESS 1204598
2023-12-15 03:26:47,015	[DEBUG]	IfInsertion(('triangle.cpp.xml', '_inter_block', 22), ('triangle.cpp.xml', 'if', 5))
2023-12-15 03:26:47,015	[INFO]	62      SUCCESS               1204598 (73.04%) [1 edit(s)] 
2023-12-15 03:26:48,053	[DEBUG]	EXEC>  SUCCESS 1204492
2023-12-15 03:26:48,053	[DEBUG]	IfInsertion(('triangle.cpp.xml', '_inter_block', 6), ('triangle.cpp.xml', 'if', 4))
2023-12-15 03:26:48,054	[INFO]	63      SUCCESS               1204492 (73.03%) [1 edit(s)] 
2023-12-15 03:26:48,865	[DEBUG]	IfInsertion(('triangle.cpp.xml', '_inter_block', 15), ('triangle.cpp.xml', 'if', 2))
2023-12-15 03:26:48,865	[INFO]	64      TEST_CODE_ERROR       None  [1 edit(s)]       
2023-12-15 03:26:49,003	[DEBUG]	IfInsertion(('triangle.cpp.xml', '_inter_block', 2), ('triangle.cpp.xml', 'if', 1))
2023-12-15 03:26:49,004	[INFO]	65      COMPILE_CODE_ERROR    None  [1 edit(s)]       
2023-12-15 03:26:49,795	[DEBUG]	IfInsertion(('triangle.cpp.xml', '_inter_block', 19), ('triangle.cpp.xml', 'if', 1))
2023-12-15 03:26:49,795	[INFO]	66      TEST_CODE_ERROR       None  [1 edit(s)]       
2023-12-15 03:26:50,810	[DEBUG]	EXEC>  SUCCESS 1204284
2023-12-15 03:26:50,810	[DEBUG]	IfInsertion(('triangle.cpp.xml', '_inter_block', 19), ('triangle.cpp.xml', 'if', 0))
2023-12-15 03:26:50,811	[INFO]	67      SUCCESS               1204284 (73.02%) [1 edit(s)] 
2023-12-15 03:26:50,951	[DEBUG]	IfInsertion(('triangle.cpp.xml', '_inter_block', 0), ('triangle.cpp.xml', 'if', 2))
2023-12-15 03:26:50,951	[INFO]	68      COMPILE_CODE_ERROR    None  [1 edit(s)]       
2023-12-15 03:26:51,738	[DEBUG]	ExprStmtReplacement(('triangle.cpp.xml', 'expr_stmt', 3), ('triangle.cpp.xml', 'stmt', 1))
2023-12-15 03:26:51,738	[INFO]	69      TEST_CODE_ERROR       None  [1 edit(s)]       
2023-12-15 03:26:52,736	[DEBUG]	EXEC>  SUCCESS 1204310
2023-12-15 03:26:52,737	[DEBUG]	IfInsertion(('triangle.cpp.xml', '_inter_block', 16), ('triangle.cpp.xml', 'if', 0))
2023-12-15 03:26:52,737	[INFO]	70      SUCCESS               1204310 (73.02%) [1 edit(s)] 
2023-12-15 03:26:53,739	[DEBUG]	EXEC>  SUCCESS 1204313
2023-12-15 03:26:53,739	[DEBUG]	IfInsertion(('triangle.cpp.xml', '_inter_block', 4), ('triangle.cpp.xml', 'if', 4))
2023-12-15 03:26:53,740	[INFO]	71      SUCCESS               1204313 (73.02%) [1 edit(s)] 
2023-12-15 03:26:54,703	[DEBUG]	EXEC>  SUCCESS 1204382
2023-12-15 03:26:54,704	[DEBUG]	IfInsertion(('triangle.cpp.xml', '_inter_block', 30), ('triangle.cpp.xml', 'if', 4))
2023-12-15 03:26:54,704	[INFO]	72      SUCCESS               1204382 (73.02%) [1 edit(s)] 
2023-12-15 03:26:55,495	[DEBUG]	ReturnDeletion(('triangle.cpp.xml', 'return', 1))
2023-12-15 03:26:55,495	[INFO]	73      TEST_CODE_ERROR       None  [1 edit(s)]       
2023-12-15 03:26:56,498	[DEBUG]	EXEC>  SUCCESS 1204350
2023-12-15 03:26:56,499	[DEBUG]	IfInsertion(('triangle.cpp.xml', '_inter_block', 6), ('triangle.cpp.xml', 'if', 3))
2023-12-15 03:26:56,499	[INFO]	74      SUCCESS               1204350 (73.02%) [1 edit(s)] 
2023-12-15 03:26:57,554	[DEBUG]	EXEC>  SUCCESS 1537951
2023-12-15 03:26:57,555	[DEBUG]	IfInsertion(('triangle.cpp.xml', '_inter_block', 12), ('triangle.cpp.xml', 'if', 4))
2023-12-15 03:26:57,555	[INFO]	75      SUCCESS               1537951 (93.25%) [1 edit(s)] 
2023-12-15 03:26:58,530	[DEBUG]	EXEC>  SUCCESS 1203978
2023-12-15 03:26:58,531	[DEBUG]	IfDeletion(('triangle.cpp.xml', 'if', 1))
2023-12-15 03:26:58,532	[INFO]	76      SUCCESS               1203978 (73.0%) [1 edit(s)] 
2023-12-15 03:26:58,533	[DEBUG]	IfInsertion(('triangle.cpp.xml', '_inter_block', 20), ('triangle.cpp.xml', 'if', 0))
2023-12-15 03:26:58,534	[INFO]	77      SUCCESS               1204284 (73.02%) [1 edit(s)] 
2023-12-15 03:26:59,340	[DEBUG]	IfInsertion(('triangle.cpp.xml', '_inter_block', 18), ('triangle.cpp.xml', 'if', 5))
2023-12-15 03:26:59,341	[INFO]	78      TEST_CODE_ERROR       None  [1 edit(s)]       
2023-12-15 03:27:00,128	[DEBUG]	IfInsertion(('triangle.cpp.xml', '_inter_block', 5), ('triangle.cpp.xml', 'if', 5))
2023-12-15 03:27:00,128	[INFO]	79      TEST_CODE_ERROR       None  [1 edit(s)]       
2023-12-15 03:27:00,130	[DEBUG]	IfInsertion(('triangle.cpp.xml', '_inter_block', 19), ('triangle.cpp.xml', 'if', 0))
2023-12-15 03:27:00,130	[INFO]	80      SUCCESS               1204284 (73.02%) [1 edit(s)] 
2023-12-15 03:27:00,943	[DEBUG]	IfInsertion(('triangle.cpp.xml', '_inter_block', 5), ('triangle.cpp.xml', 'if', 5))
2023-12-15 03:27:00,944	[INFO]	81      TEST_CODE_ERROR       None  [1 edit(s)]       
2023-12-15 03:27:01,978	[DEBUG]	EXEC>  SUCCESS 1204429
2023-12-15 03:27:01,978	[DEBUG]	IfInsertion(('triangle.cpp.xml', '_inter_block', 8), ('triangle.cpp.xml', 'if', 1))
2023-12-15 03:27:01,979	[INFO]	82      SUCCESS               1204429 (73.03%) [1 edit(s)] 
2023-12-15 03:27:02,974	[DEBUG]	EXEC>  SUCCESS 1204284
2023-12-15 03:27:02,974	[DEBUG]	IfInsertion(('triangle.cpp.xml', '_inter_block', 20), ('triangle.cpp.xml', 'if', 1))
2023-12-15 03:27:02,975	[INFO]	83      SUCCESS               1204284 (73.02%) [1 edit(s)] 
2023-12-15 03:27:03,960	[DEBUG]	EXEC>  SUCCESS 1204285
2023-12-15 03:27:03,960	[DEBUG]	IfInsertion(('triangle.cpp.xml', '_inter_block', 12), ('triangle.cpp.xml', 'if', 0))
2023-12-15 03:27:03,961	[INFO]	84      SUCCESS               1204285 (73.02%) [1 edit(s)] 
2023-12-15 03:27:04,747	[DEBUG]	ReturnInsertion(('triangle.cpp.xml', '_inter_block', 4), ('triangle.cpp.xml', 'return', 2))
2023-12-15 03:27:04,747	[INFO]	85      TEST_CODE_ERROR       None  [1 edit(s)]       
2023-12-15 03:27:04,748	[INFO]	==== END ====
2023-12-15 03:27:04,748	[INFO]	
2023-12-15 03:27:04,749	[INFO]	==== REPORT ====
2023-12-15 03:27:04,749	[INFO]	Termination: time budget
2023-12-15 03:27:04,750	[INFO]	Log file: /cs/student/ug/2020/damibose/projects/magpie/_magpie_logs/triangle-cpp_slow_1702610757.log
2023-12-15 03:27:04,751	[INFO]	Patch file: _magpie_logs/triangle-cpp_slow_1702610757.patch
2023-12-15 03:27:04,751	[INFO]	Diff file: _magpie_logs/triangle-cpp_slow_1702610757.diff
2023-12-15 03:27:04,752	[INFO]	Best fitness: 1203978
2023-12-15 03:27:04,753	[INFO]	Best patch: IfDeletion(('triangle.cpp.xml', 'if', 1))
2023-12-15 03:27:04,753	[INFO]	Diff:
--- before: triangle.cpp
+++ after: triangle.cpp
@@ -17,11 +17,7 @@
     b = tmp;
   }
 
-  if(a > c) {
-    tmp = a;
-    a = c;
-    c = tmp;
-  }
+  
 
   if(b > c) {
     tmp = b;

