2023-12-15 13:19:41,363	[DEBUG]	==== CONFIG ====
[magpie]
import = 
seed = 10
log_dir = _magpie_logs
work_dir = _magpie_work
final_out_dir = experiments/results_e_greedy_proof_of_concept/baseline/RandomSearch/trial_10
local_original_copy = True
local_original_name = __original__
output_encoding = ascii
edit_retries = 10
default_timeout = 30
default_lengthout = 10000.0
diff_method = unified
trust_local_filesystem = True

[software]
path = examples/code/triangle-cpp_slow
target_files = 
	triangle.cpp.xml
program = BasicProgram
engine_rules = 
	*.params : ConfigFileParamsEngine
	*.xml : SrcmlEngine
	* : LineEngine
engine_config = 
	*.params : [params]
	*.xml : [srcml]
init_cmd = 
init_timeout = 60
init_lengthout = -1
setup_cmd = ./setup.sh
setup_timeout = 
setup_lengthout = 
compile_cmd = ./compile.sh
compile_timeout = 
compile_lengthout = 
test_cmd = ./build/test_triangle
test_timeout = 
test_lengthout = 
run_cmd = perf stat ./build/run_triangle
run_timeout = 1
run_lengthout = 
batch_timeout = 
batch_lengthout = 
batch_bin_fitness_strategy = aggregate
batch_fitness_strategy = sum
fitness = perf_instructions

[srcml]
rename = 
focus = block break continue decl_stmt do expr_stmt for goto if return switch while
internodes = block
process_pseudo_blocks = True
process_literals = False
process_operators = False

[params]
timing = test run
cli_prefix = --
cli_glue = =
cli_boolean = show
cli_boolean_prefix_true = 
cli_boolean_prefix_false = no-
silent_prefix = @
silent_suffix = $

[search]
protocol = BasicProtocol
algorithm = RandomSearch
possible_edits = 
	DeclStmtReplacement
	ExprStmtReplacement
	IfReplacement
	ReturnReplacement
	DeclStmtInsertion
	ExprStmtInsertion
	IfInsertion
	ReturnInsertion
	DeclStmtDeletion
	ExprStmtDeletion
	IfDeletion
	ReturnDeletion
warmup = 5
warmup_strategy = last
max_steps = 100
max_time = 60
target_fitness = 
cache_maxsize = 40
cache_keep = 0.2
batch_instances = 
batch_shuffle = True
batch_bin_shuffle = False
batch_sample_size = 1
operator_selector = UniformSelector

[search.ls]
delete_prob = 0
max_neighbours = 20
when_trapped = continue
accept_fail = False
tabu_length = 10

[search.gp]
pop_size = 10
delete_prob = 0.5
offspring_elitism = 0.1
offspring_crossover = 0.5
offspring_mutation = 0.4
uniform_rate = 0.5
batch_reset = True

[search.minify]
do_cleanup = True
do_rebuild = True
do_simplify = True
round_robin_limit = 3


2023-12-15 13:19:41,368	[INFO]	==== WARMUP ====
2023-12-15 13:19:43,970	[DEBUG]	EXEC>  SUCCESS 1205551
2023-12-15 13:19:43,971	[INFO]	WARM    SUCCESS               1205551                 
2023-12-15 13:19:44,876	[DEBUG]	EXEC>  SUCCESS 1205550
2023-12-15 13:19:44,876	[INFO]	WARM    SUCCESS               1205550                 
2023-12-15 13:19:45,784	[DEBUG]	EXEC>  SUCCESS 1205550
2023-12-15 13:19:45,785	[INFO]	WARM    SUCCESS               1205550                 
2023-12-15 13:19:46,676	[DEBUG]	EXEC>  SUCCESS 1205550
2023-12-15 13:19:46,677	[INFO]	WARM    SUCCESS               1205550                 
2023-12-15 13:19:47,601	[DEBUG]	EXEC>  SUCCESS 1205550
2023-12-15 13:19:47,601	[INFO]	WARM    SUCCESS               1205550                 
2023-12-15 13:19:47,601	[INFO]	INITIAL SUCCESS               1205550                 
2023-12-15 13:19:47,602	[INFO]	==== START: RandomSearch ====
2023-12-15 13:19:48,410	[DEBUG]	EXEC>  SUCCESS 1203155
2023-12-15 13:19:48,411	[DEBUG]	ExprStmtDeletion(('triangle.cpp.xml', 'expr_stmt', 1))
2023-12-15 13:19:48,412	[INFO]	1       SUCCESS              *1203155 (99.8%) [1 edit(s)] 
2023-12-15 13:19:48,412	[DEBUG]	--- before: triangle.cpp
+++ after: triangle.cpp
@@ -8,7 +8,7 @@
 int classify_triangle(double a, double b, double c) {
   double tmp;
 
-  delay();
+  
 
   // Sort the sides so that a <= b <= c
   if(a > b) {

2023-12-15 13:19:49,164	[DEBUG]	ExprStmtReplacement(('triangle.cpp.xml', 'expr_stmt', 5), ('triangle.cpp.xml', 'stmt', 12))
2023-12-15 13:19:49,164	[INFO]	2       TEST_CODE_ERROR       None  [1 edit(s)]       
2023-12-15 13:19:49,898	[DEBUG]	ReturnInsertion(('triangle.cpp.xml', '_inter_block', 10), ('triangle.cpp.xml', 'return', 2))
2023-12-15 13:19:49,898	[INFO]	3       TEST_CODE_ERROR       None  [1 edit(s)]       
2023-12-15 13:19:50,631	[DEBUG]	IfReplacement(('triangle.cpp.xml', 'if', 3), ('triangle.cpp.xml', 'stmt', 18))
2023-12-15 13:19:50,631	[INFO]	4       TEST_CODE_ERROR       None  [1 edit(s)]       
2023-12-15 13:19:51,550	[DEBUG]	EXEC>  SUCCESS 1205549
2023-12-15 13:19:51,550	[DEBUG]	DeclStmtInsertion(('triangle.cpp.xml', '_inter_block', 27), ('triangle.cpp.xml', 'decl_stmt', 1))
2023-12-15 13:19:51,551	[INFO]	5       SUCCESS               1205549 (100.0%) [1 edit(s)] 
2023-12-15 13:19:51,675	[DEBUG]	DeclStmtDeletion(('triangle.cpp.xml', 'decl_stmt', 0))
2023-12-15 13:19:51,676	[INFO]	6       COMPILE_CODE_ERROR    None  [1 edit(s)]       
2023-12-15 13:19:52,662	[DEBUG]	EXEC>  SUCCESS 1206810
2023-12-15 13:19:52,663	[DEBUG]	ExprStmtInsertion(('triangle.cpp.xml', '_inter_block', 8), ('triangle.cpp.xml', 'expr_stmt', 1))
2023-12-15 13:19:52,663	[INFO]	7       SUCCESS               1206810 (100.1%) [1 edit(s)] 
2023-12-15 13:19:53,416	[DEBUG]	ExprStmtDeletion(('triangle.cpp.xml', 'expr_stmt', 9))
2023-12-15 13:19:53,416	[INFO]	8       TEST_CODE_ERROR       None  [1 edit(s)]       
2023-12-15 13:19:54,166	[DEBUG]	ReturnDeletion(('triangle.cpp.xml', 'return', 0))
2023-12-15 13:19:54,166	[INFO]	9       TEST_CODE_ERROR       None  [1 edit(s)]       
2023-12-15 13:19:54,970	[DEBUG]	EXEC>  SUCCESS 1203266
2023-12-15 13:19:54,970	[DEBUG]	ExprStmtReplacement(('triangle.cpp.xml', 'expr_stmt', 1), ('triangle.cpp.xml', 'stmt', 16))
2023-12-15 13:19:54,971	[INFO]	10      SUCCESS               1203266 (99.81%) [1 edit(s)] 
2023-12-15 13:19:55,710	[DEBUG]	IfDeletion(('triangle.cpp.xml', 'if', 5))
2023-12-15 13:19:55,710	[INFO]	11      TEST_CODE_ERROR       None  [1 edit(s)]       
2023-12-15 13:19:55,836	[DEBUG]	ReturnReplacement(('triangle.cpp.xml', 'return', 0), ('triangle.cpp.xml', 'stmt', 2))
2023-12-15 13:19:55,836	[INFO]	12      COMPILE_CODE_ERROR    None  [1 edit(s)]       
2023-12-15 13:19:55,955	[DEBUG]	ReturnInsertion(('triangle.cpp.xml', '_inter_block', 3), ('triangle.cpp.xml', 'return', 3))
2023-12-15 13:19:55,956	[INFO]	13      COMPILE_CODE_ERROR    None  [1 edit(s)]       
2023-12-15 13:19:56,715	[DEBUG]	ReturnInsertion(('triangle.cpp.xml', '_inter_block', 6), ('triangle.cpp.xml', 'return', 2))
2023-12-15 13:19:56,716	[INFO]	14      TEST_CODE_ERROR       None  [1 edit(s)]       
2023-12-15 13:19:57,675	[DEBUG]	EXEC>  SUCCESS 1205550
2023-12-15 13:19:57,676	[DEBUG]	DeclStmtInsertion(('triangle.cpp.xml', '_inter_block', 14), ('triangle.cpp.xml', 'decl_stmt', 1))
2023-12-15 13:19:57,676	[INFO]	15      SUCCESS               1205550 (100.0%) [1 edit(s)] 
2023-12-15 13:19:58,447	[DEBUG]	ExprStmtReplacement(('triangle.cpp.xml', 'expr_stmt', 8), ('triangle.cpp.xml', 'stmt', 3))
2023-12-15 13:19:58,448	[INFO]	16      TEST_CODE_ERROR       None  [1 edit(s)]       
2023-12-15 13:19:59,218	[DEBUG]	ReturnDeletion(('triangle.cpp.xml', 'return', 3))
2023-12-15 13:19:59,219	[INFO]	17      TEST_CODE_ERROR       None  [1 edit(s)]       
2023-12-15 13:19:59,360	[DEBUG]	DeclStmtDeletion(('triangle.cpp.xml', 'decl_stmt', 0))
2023-12-15 13:19:59,361	[INFO]	18      COMPILE_CODE_ERROR    None  [1 edit(s)]       
2023-12-15 13:19:59,502	[DEBUG]	DeclStmtReplacement(('triangle.cpp.xml', 'decl_stmt', 1), ('triangle.cpp.xml', 'stmt', 8))
2023-12-15 13:19:59,502	[INFO]	19      COMPILE_CODE_ERROR    None  [1 edit(s)]       
2023-12-15 13:19:59,633	[DEBUG]	IfInsertion(('triangle.cpp.xml', '_inter_block', 4), ('triangle.cpp.xml', 'if', 0))
2023-12-15 13:19:59,633	[INFO]	20      COMPILE_CODE_ERROR    None  [1 edit(s)]       
2023-12-15 13:19:59,765	[DEBUG]	DeclStmtReplacement(('triangle.cpp.xml', 'decl_stmt', 1), ('triangle.cpp.xml', 'stmt', 8))
2023-12-15 13:19:59,765	[INFO]	21      COMPILE_CODE_ERROR    None  [1 edit(s)]       
2023-12-15 13:20:00,764	[DEBUG]	EXEC>  SUCCESS 1205598
2023-12-15 13:20:00,765	[DEBUG]	ExprStmtInsertion(('triangle.cpp.xml', '_inter_block', 17), ('triangle.cpp.xml', 'expr_stmt', 8))
2023-12-15 13:20:00,765	[INFO]	22      SUCCESS               1205598 (100.0%) [1 edit(s)] 
2023-12-15 13:20:01,546	[DEBUG]	ReturnReplacement(('triangle.cpp.xml', 'return', 1), ('triangle.cpp.xml', 'stmt', 4))
2023-12-15 13:20:01,547	[INFO]	23      TEST_CODE_ERROR       None  [1 edit(s)]       
2023-12-15 13:20:02,515	[DEBUG]	EXEC>  SUCCESS 1205568
2023-12-15 13:20:02,515	[DEBUG]	ExprStmtInsertion(('triangle.cpp.xml', '_inter_block', 28), ('triangle.cpp.xml', 'expr_stmt', 10))
2023-12-15 13:20:02,516	[INFO]	24      SUCCESS               1205568 (100.0%) [1 edit(s)] 
2023-12-15 13:20:02,656	[DEBUG]	DeclStmtReplacement(('triangle.cpp.xml', 'decl_stmt', 1), ('triangle.cpp.xml', 'stmt', 9))
2023-12-15 13:20:02,657	[INFO]	25      COMPILE_CODE_ERROR    None  [1 edit(s)]       
2023-12-15 13:20:03,418	[DEBUG]	IfInsertion(('triangle.cpp.xml', '_inter_block', 4), ('triangle.cpp.xml', 'if', 5))
2023-12-15 13:20:03,418	[INFO]	26      TEST_CODE_ERROR       None  [1 edit(s)]       
2023-12-15 13:20:04,181	[DEBUG]	ReturnInsertion(('triangle.cpp.xml', '_inter_block', 4), ('triangle.cpp.xml', 'return', 1))
2023-12-15 13:20:04,181	[INFO]	27      TEST_CODE_ERROR       None  [1 edit(s)]       
2023-12-15 13:20:04,945	[DEBUG]	ExprStmtReplacement(('triangle.cpp.xml', 'expr_stmt', 2), ('triangle.cpp.xml', 'stmt', 11))
2023-12-15 13:20:04,946	[INFO]	28      TEST_CODE_ERROR       None  [1 edit(s)]       
2023-12-15 13:20:05,751	[DEBUG]	ReturnInsertion(('triangle.cpp.xml', '_inter_block', 12), ('triangle.cpp.xml', 'return', 0))
2023-12-15 13:20:05,752	[INFO]	29      TEST_CODE_ERROR       None  [1 edit(s)]       
2023-12-15 13:20:06,727	[DEBUG]	EXEC>  SUCCESS 1205552
2023-12-15 13:20:06,727	[DEBUG]	ReturnInsertion(('triangle.cpp.xml', '_inter_block', 31), ('triangle.cpp.xml', 'return', 0))
2023-12-15 13:20:06,727	[INFO]	30      SUCCESS               1205552 (100.0%) [1 edit(s)] 
2023-12-15 13:20:07,516	[DEBUG]	ReturnDeletion(('triangle.cpp.xml', 'return', 2))
2023-12-15 13:20:07,516	[INFO]	31      TEST_CODE_ERROR       None  [1 edit(s)]       
2023-12-15 13:20:07,664	[DEBUG]	DeclStmtDeletion(('triangle.cpp.xml', 'decl_stmt', 1))
2023-12-15 13:20:07,664	[INFO]	32      COMPILE_CODE_ERROR    None  [1 edit(s)]       
2023-12-15 13:20:07,797	[DEBUG]	DeclStmtDeletion(('triangle.cpp.xml', 'decl_stmt', 1))
2023-12-15 13:20:07,798	[INFO]	33      COMPILE_CODE_ERROR    None  [1 edit(s)]       
2023-12-15 13:20:08,735	[DEBUG]	EXEC>  SUCCESS 1205901
2023-12-15 13:20:08,735	[DEBUG]	IfInsertion(('triangle.cpp.xml', '_inter_block', 9), ('triangle.cpp.xml', 'if', 4))
2023-12-15 13:20:08,736	[INFO]	34      SUCCESS               1205901 (100.03%) [1 edit(s)] 
2023-12-15 13:20:09,509	[DEBUG]	IfReplacement(('triangle.cpp.xml', 'if', 5), ('triangle.cpp.xml', 'stmt', 4))
2023-12-15 13:20:09,509	[INFO]	35      TEST_CODE_ERROR       None  [1 edit(s)]       
2023-12-15 13:20:09,642	[DEBUG]	DeclStmtReplacement(('triangle.cpp.xml', 'decl_stmt', 1), ('triangle.cpp.xml', 'stmt', 13))
2023-12-15 13:20:09,642	[INFO]	36      COMPILE_CODE_ERROR    None  [1 edit(s)]       
2023-12-15 13:20:10,461	[DEBUG]	ExprStmtDeletion(('triangle.cpp.xml', 'expr_stmt', 6))
2023-12-15 13:20:10,462	[INFO]	37      TEST_CODE_ERROR       None  [1 edit(s)]       
2023-12-15 13:20:11,259	[DEBUG]	ReturnReplacement(('triangle.cpp.xml', 'return', 0), ('triangle.cpp.xml', 'stmt', 17))
2023-12-15 13:20:11,260	[INFO]	38      TEST_CODE_ERROR       None  [1 edit(s)]       
2023-12-15 13:20:12,032	[DEBUG]	ExprStmtReplacement(('triangle.cpp.xml', 'expr_stmt', 10), ('triangle.cpp.xml', 'stmt', 1))
2023-12-15 13:20:12,032	[INFO]	39      TEST_CODE_ERROR       None  [1 edit(s)]       
2023-12-15 13:20:12,800	[DEBUG]	IfReplacement(('triangle.cpp.xml', 'if', 1), ('triangle.cpp.xml', 'stmt', 6))
2023-12-15 13:20:12,801	[INFO]	40      TEST_CODE_ERROR       None  [1 edit(s)]       
2023-12-15 13:20:13,615	[DEBUG]	IfInsertion(('triangle.cpp.xml', '_inter_block', 21), ('triangle.cpp.xml', 'if', 5))
2023-12-15 13:20:13,616	[INFO]	41      TEST_CODE_ERROR       None  [1 edit(s)]       
2023-12-15 13:20:13,767	[DEBUG]	DeclStmtDeletion(('triangle.cpp.xml', 'decl_stmt', 0))
2023-12-15 13:20:13,768	[INFO]	42      COMPILE_CODE_ERROR    None  [1 edit(s)]       
2023-12-15 13:20:14,516	[DEBUG]	ExprStmtDeletion(('triangle.cpp.xml', 'expr_stmt', 2))
2023-12-15 13:20:14,517	[INFO]	43      TEST_CODE_ERROR       None  [1 edit(s)]       
2023-12-15 13:20:15,311	[DEBUG]	ExprStmtInsertion(('triangle.cpp.xml', '_inter_block', 15), ('triangle.cpp.xml', 'expr_stmt', 9))
2023-12-15 13:20:15,312	[INFO]	44      TEST_CODE_ERROR       None  [1 edit(s)]       
2023-12-15 13:20:16,080	[DEBUG]	IfDeletion(('triangle.cpp.xml', 'if', 5))
2023-12-15 13:20:16,081	[INFO]	45      TEST_CODE_ERROR       None  [1 edit(s)]       
2023-12-15 13:20:17,078	[DEBUG]	EXEC>  SUCCESS 1205851
2023-12-15 13:20:17,078	[DEBUG]	ExprStmtInsertion(('triangle.cpp.xml', '_inter_block', 18), ('triangle.cpp.xml', 'expr_stmt', 1))
2023-12-15 13:20:17,079	[INFO]	46      SUCCESS               1205851 (100.02%) [1 edit(s)] 
2023-12-15 13:20:17,870	[DEBUG]	ReturnInsertion(('triangle.cpp.xml', '_inter_block', 6), ('triangle.cpp.xml', 'return', 3))
2023-12-15 13:20:17,870	[INFO]	47      TEST_CODE_ERROR       None  [1 edit(s)]       
2023-12-15 13:20:18,611	[DEBUG]	ExprStmtInsertion(('triangle.cpp.xml', '_inter_block', 5), ('triangle.cpp.xml', 'expr_stmt', 6))
2023-12-15 13:20:18,611	[INFO]	48      TEST_CODE_ERROR       None  [1 edit(s)]       
2023-12-15 13:20:19,556	[DEBUG]	EXEC>  SUCCESS 1205550
2023-12-15 13:20:19,556	[DEBUG]	ExprStmtInsertion(('triangle.cpp.xml', '_inter_block', 31), ('triangle.cpp.xml', 'expr_stmt', 9))
2023-12-15 13:20:19,557	[INFO]	49      SUCCESS               1205550 (100.0%) [1 edit(s)] 
2023-12-15 13:20:19,702	[DEBUG]	DeclStmtInsertion(('triangle.cpp.xml', '_inter_block', 1), ('triangle.cpp.xml', 'decl_stmt', 0))
2023-12-15 13:20:19,702	[INFO]	50      COMPILE_CODE_ERROR    None  [1 edit(s)]       
2023-12-15 13:20:20,473	[DEBUG]	IfDeletion(('triangle.cpp.xml', 'if', 3))
2023-12-15 13:20:20,474	[INFO]	51      TEST_CODE_ERROR       None  [1 edit(s)]       
2023-12-15 13:20:20,613	[DEBUG]	ExprStmtInsertion(('triangle.cpp.xml', '_inter_block', 28), ('triangle.cpp.xml', 'expr_stmt', 0))
2023-12-15 13:20:20,614	[INFO]	52      COMPILE_CODE_ERROR    None  [1 edit(s)]       
2023-12-15 13:20:21,633	[DEBUG]	EXEC>  SUCCESS 1205579
2023-12-15 13:20:21,634	[DEBUG]	ExprStmtInsertion(('triangle.cpp.xml', '_inter_block', 21), ('triangle.cpp.xml', 'expr_stmt', 2))
2023-12-15 13:20:21,635	[INFO]	53      SUCCESS               1205579 (100.0%) [1 edit(s)] 
2023-12-15 13:20:22,425	[DEBUG]	ReturnInsertion(('triangle.cpp.xml', '_inter_block', 7), ('triangle.cpp.xml', 'return', 2))
2023-12-15 13:20:22,425	[INFO]	54      TEST_CODE_ERROR       None  [1 edit(s)]       
2023-12-15 13:20:23,190	[DEBUG]	ExprStmtDeletion(('triangle.cpp.xml', 'expr_stmt', 7))
2023-12-15 13:20:23,191	[INFO]	55      TEST_CODE_ERROR       None  [1 edit(s)]       
2023-12-15 13:20:23,324	[DEBUG]	DeclStmtDeletion(('triangle.cpp.xml', 'decl_stmt', 0))
2023-12-15 13:20:23,325	[INFO]	56      COMPILE_CODE_ERROR    None  [1 edit(s)]       
2023-12-15 13:20:23,448	[DEBUG]	DeclStmtDeletion(('triangle.cpp.xml', 'decl_stmt', 0))
2023-12-15 13:20:23,449	[INFO]	57      COMPILE_CODE_ERROR    None  [1 edit(s)]       
2023-12-15 13:20:24,197	[DEBUG]	ExprStmtReplacement(('triangle.cpp.xml', 'expr_stmt', 1), ('triangle.cpp.xml', 'stmt', 6))
2023-12-15 13:20:24,197	[INFO]	58      TEST_CODE_ERROR       None  [1 edit(s)]       
2023-12-15 13:20:24,329	[DEBUG]	DeclStmtDeletion(('triangle.cpp.xml', 'decl_stmt', 0))
2023-12-15 13:20:24,329	[INFO]	59      COMPILE_CODE_ERROR    None  [1 edit(s)]       
2023-12-15 13:20:24,453	[DEBUG]	DeclStmtDeletion(('triangle.cpp.xml', 'decl_stmt', 0))
2023-12-15 13:20:24,454	[INFO]	60      COMPILE_CODE_ERROR    None  [1 edit(s)]       
2023-12-15 13:20:25,420	[DEBUG]	EXEC>  SUCCESS 1205551
2023-12-15 13:20:25,421	[DEBUG]	IfInsertion(('triangle.cpp.xml', '_inter_block', 29), ('triangle.cpp.xml', 'if', 5))
2023-12-15 13:20:25,421	[INFO]	61      SUCCESS               1205551 (100.0%) [1 edit(s)] 
2023-12-15 13:20:26,206	[DEBUG]	ReturnInsertion(('triangle.cpp.xml', '_inter_block', 22), ('triangle.cpp.xml', 'return', 3))
2023-12-15 13:20:26,207	[INFO]	62      TEST_CODE_ERROR       None  [1 edit(s)]       
2023-12-15 13:20:27,016	[DEBUG]	ReturnDeletion(('triangle.cpp.xml', 'return', 1))
2023-12-15 13:20:27,017	[INFO]	63      TEST_CODE_ERROR       None  [1 edit(s)]       
2023-12-15 13:20:28,023	[DEBUG]	EXEC>  SUCCESS 1205181
2023-12-15 13:20:28,023	[DEBUG]	IfDeletion(('triangle.cpp.xml', 'if', 0))
2023-12-15 13:20:28,024	[INFO]	64      SUCCESS               1205181 (99.97%) [1 edit(s)] 
2023-12-15 13:20:28,812	[DEBUG]	ReturnReplacement(('triangle.cpp.xml', 'return', 3), ('triangle.cpp.xml', 'stmt', 14))
2023-12-15 13:20:28,812	[INFO]	65      TEST_CODE_ERROR       None  [1 edit(s)]       
2023-12-15 13:20:29,599	[DEBUG]	ReturnReplacement(('triangle.cpp.xml', 'return', 2), ('triangle.cpp.xml', 'stmt', 11))
2023-12-15 13:20:29,599	[INFO]	66      TEST_CODE_ERROR       None  [1 edit(s)]       
2023-12-15 13:20:30,388	[DEBUG]	ExprStmtReplacement(('triangle.cpp.xml', 'expr_stmt', 10), ('triangle.cpp.xml', 'stmt', 10))
2023-12-15 13:20:30,389	[INFO]	67      TEST_CODE_ERROR       None  [1 edit(s)]       
2023-12-15 13:20:30,526	[DEBUG]	DeclStmtDeletion(('triangle.cpp.xml', 'decl_stmt', 1))
2023-12-15 13:20:30,526	[INFO]	68      COMPILE_CODE_ERROR    None  [1 edit(s)]       
2023-12-15 13:20:30,665	[DEBUG]	DeclStmtDeletion(('triangle.cpp.xml', 'decl_stmt', 1))
2023-12-15 13:20:30,666	[INFO]	69      COMPILE_CODE_ERROR    None  [1 edit(s)]       
2023-12-15 13:20:30,793	[DEBUG]	DeclStmtReplacement(('triangle.cpp.xml', 'decl_stmt', 0), ('triangle.cpp.xml', 'stmt', 16))
2023-12-15 13:20:30,793	[INFO]	70      COMPILE_CODE_ERROR    None  [1 edit(s)]       
2023-12-15 13:20:31,797	[DEBUG]	EXEC>  SUCCESS 1443180
2023-12-15 13:20:31,798	[DEBUG]	ReturnInsertion(('triangle.cpp.xml', '_inter_block', 12), ('triangle.cpp.xml', 'return', 3))
2023-12-15 13:20:31,798	[INFO]	71      SUCCESS               1443180 (119.71%) [1 edit(s)] 
2023-12-15 13:20:32,768	[DEBUG]	EXEC>  SUCCESS 1326539
2023-12-15 13:20:32,768	[DEBUG]	ExprStmtInsertion(('triangle.cpp.xml', '_inter_block', 18), ('triangle.cpp.xml', 'expr_stmt', 8))
2023-12-15 13:20:32,769	[INFO]	72      SUCCESS               1326539 (110.04%) [1 edit(s)] 
2023-12-15 13:20:32,770	[DEBUG]	IfDeletion(('triangle.cpp.xml', 'if', 0))
2023-12-15 13:20:32,771	[INFO]	73      SUCCESS               1205181 (99.97%) [1 edit(s)] 
2023-12-15 13:20:32,919	[DEBUG]	ExprStmtInsertion(('triangle.cpp.xml', '_inter_block', 3), ('triangle.cpp.xml', 'expr_stmt', 10))
2023-12-15 13:20:32,919	[INFO]	74      COMPILE_CODE_ERROR    None  [1 edit(s)]       
2023-12-15 13:20:33,645	[DEBUG]	ReturnDeletion(('triangle.cpp.xml', 'return', 2))
2023-12-15 13:20:33,645	[INFO]	75      TEST_CODE_ERROR       None  [1 edit(s)]       
2023-12-15 13:20:33,778	[DEBUG]	DeclStmtDeletion(('triangle.cpp.xml', 'decl_stmt', 0))
2023-12-15 13:20:33,778	[INFO]	76      COMPILE_CODE_ERROR    None  [1 edit(s)]       
2023-12-15 13:20:34,579	[DEBUG]	ExprStmtReplacement(('triangle.cpp.xml', 'expr_stmt', 4), ('triangle.cpp.xml', 'stmt', 1))
2023-12-15 13:20:34,579	[INFO]	77      TEST_CODE_ERROR       None  [1 edit(s)]       
2023-12-15 13:20:35,374	[DEBUG]	IfDeletion(('triangle.cpp.xml', 'if', 4))
2023-12-15 13:20:35,374	[INFO]	78      TEST_CODE_ERROR       None  [1 edit(s)]       
2023-12-15 13:20:35,521	[DEBUG]	DeclStmtReplacement(('triangle.cpp.xml', 'decl_stmt', 0), ('triangle.cpp.xml', 'stmt', 7))
2023-12-15 13:20:35,522	[INFO]	79      COMPILE_CODE_ERROR    None  [1 edit(s)]       
2023-12-15 13:20:36,471	[DEBUG]	EXEC>  SUCCESS 1205551
2023-12-15 13:20:36,472	[DEBUG]	ExprStmtInsertion(('triangle.cpp.xml', '_inter_block', 13), ('triangle.cpp.xml', 'expr_stmt', 5))
2023-12-15 13:20:36,472	[INFO]	80      SUCCESS               1205551 (100.0%) [1 edit(s)] 
2023-12-15 13:20:37,465	[DEBUG]	EXEC>  SUCCESS 1362160
2023-12-15 13:20:37,465	[DEBUG]	IfDeletion(('triangle.cpp.xml', 'if', 1))
2023-12-15 13:20:37,466	[INFO]	81      SUCCESS               1362160 (112.99%) [1 edit(s)] 
2023-12-15 13:20:38,219	[DEBUG]	ExprStmtDeletion(('triangle.cpp.xml', 'expr_stmt', 8))
2023-12-15 13:20:38,219	[INFO]	82      TEST_CODE_ERROR       None  [1 edit(s)]       
2023-12-15 13:20:39,005	[DEBUG]	IfReplacement(('triangle.cpp.xml', 'if', 2), ('triangle.cpp.xml', 'stmt', 8))
2023-12-15 13:20:39,005	[INFO]	83      TEST_CODE_ERROR       None  [1 edit(s)]       
2023-12-15 13:20:39,155	[DEBUG]	DeclStmtDeletion(('triangle.cpp.xml', 'decl_stmt', 1))
2023-12-15 13:20:39,156	[INFO]	84      COMPILE_CODE_ERROR    None  [1 edit(s)]       
2023-12-15 13:20:39,962	[DEBUG]	ExprStmtReplacement(('triangle.cpp.xml', 'expr_stmt', 5), ('triangle.cpp.xml', 'stmt', 0))
2023-12-15 13:20:39,963	[INFO]	85      TEST_CODE_ERROR       None  [1 edit(s)]       
2023-12-15 13:20:40,791	[DEBUG]	ExprStmtDeletion(('triangle.cpp.xml', 'expr_stmt', 10))
2023-12-15 13:20:40,792	[INFO]	86      TEST_CODE_ERROR       None  [1 edit(s)]       
2023-12-15 13:20:40,793	[DEBUG]	IfDeletion(('triangle.cpp.xml', 'if', 0))
2023-12-15 13:20:40,793	[INFO]	87      SUCCESS               1205181 (99.97%) [1 edit(s)] 
2023-12-15 13:20:41,553	[DEBUG]	ExprStmtReplacement(('triangle.cpp.xml', 'expr_stmt', 1), ('triangle.cpp.xml', 'stmt', 19))
2023-12-15 13:20:41,553	[INFO]	88      TEST_CODE_ERROR       None  [1 edit(s)]       
2023-12-15 13:20:41,697	[DEBUG]	DeclStmtReplacement(('triangle.cpp.xml', 'decl_stmt', 0), ('triangle.cpp.xml', 'stmt', 14))
2023-12-15 13:20:41,697	[INFO]	89      COMPILE_CODE_ERROR    None  [1 edit(s)]       
2023-12-15 13:20:42,483	[DEBUG]	ExprStmtDeletion(('triangle.cpp.xml', 'expr_stmt', 7))
2023-12-15 13:20:42,483	[INFO]	90      TEST_CODE_ERROR       None  [1 edit(s)]       
2023-12-15 13:20:42,634	[DEBUG]	DeclStmtReplacement(('triangle.cpp.xml', 'decl_stmt', 1), ('triangle.cpp.xml', 'stmt', 21))
2023-12-15 13:20:42,635	[INFO]	91      COMPILE_CODE_ERROR    None  [1 edit(s)]       
2023-12-15 13:20:42,765	[DEBUG]	ExprStmtInsertion(('triangle.cpp.xml', '_inter_block', 18), ('triangle.cpp.xml', 'expr_stmt', 0))
2023-12-15 13:20:42,765	[INFO]	92      COMPILE_CODE_ERROR    None  [1 edit(s)]       
2023-12-15 13:20:43,729	[DEBUG]	EXEC>  SUCCESS 1205609
2023-12-15 13:20:43,729	[DEBUG]	DeclStmtInsertion(('triangle.cpp.xml', '_inter_block', 22), ('triangle.cpp.xml', 'decl_stmt', 0))
2023-12-15 13:20:43,730	[INFO]	93      SUCCESS               1205609 (100.0%) [1 edit(s)] 
2023-12-15 13:20:43,863	[DEBUG]	DeclStmtDeletion(('triangle.cpp.xml', 'decl_stmt', 1))
2023-12-15 13:20:43,864	[INFO]	94      COMPILE_CODE_ERROR    None  [1 edit(s)]       
2023-12-15 13:20:44,613	[DEBUG]	ExprStmtInsertion(('triangle.cpp.xml', '_inter_block', 6), ('triangle.cpp.xml', 'expr_stmt', 6))
2023-12-15 13:20:44,614	[INFO]	95      TEST_CODE_ERROR       None  [1 edit(s)]       
2023-12-15 13:20:45,378	[DEBUG]	ReturnInsertion(('triangle.cpp.xml', '_inter_block', 6), ('triangle.cpp.xml', 'return', 2))
2023-12-15 13:20:45,378	[INFO]	96      TEST_CODE_ERROR       None  [1 edit(s)]       
2023-12-15 13:20:46,167	[DEBUG]	ExprStmtInsertion(('triangle.cpp.xml', '_inter_block', 18), ('triangle.cpp.xml', 'expr_stmt', 7))
2023-12-15 13:20:46,168	[INFO]	97      TEST_CODE_ERROR       None  [1 edit(s)]       
2023-12-15 13:20:46,306	[DEBUG]	IfReplacement(('triangle.cpp.xml', 'if', 3), ('triangle.cpp.xml', 'stmt', 2))
2023-12-15 13:20:46,306	[INFO]	98      COMPILE_CODE_ERROR    None  [1 edit(s)]       
2023-12-15 13:20:47,278	[DEBUG]	EXEC>  SUCCESS 1230523
2023-12-15 13:20:47,278	[DEBUG]	DeclStmtInsertion(('triangle.cpp.xml', '_inter_block', 29), ('triangle.cpp.xml', 'decl_stmt', 0))
2023-12-15 13:20:47,279	[INFO]	99      SUCCESS               1230523 (102.07%) [1 edit(s)] 
2023-12-15 13:20:47,430	[DEBUG]	DeclStmtReplacement(('triangle.cpp.xml', 'decl_stmt', 0), ('triangle.cpp.xml', 'stmt', 7))
2023-12-15 13:20:47,431	[INFO]	100     COMPILE_CODE_ERROR    None  [1 edit(s)]       
2023-12-15 13:20:47,432	[INFO]	==== END ====
2023-12-15 13:20:47,432	[INFO]	
2023-12-15 13:20:47,432	[INFO]	==== REPORT ====
2023-12-15 13:20:47,433	[INFO]	Termination: step budget
2023-12-15 13:20:47,433	[INFO]	Log file: /cs/student/ug/2020/damibose/projects/magpie/_magpie_logs/triangle-cpp_slow_1702646381.log
2023-12-15 13:20:47,435	[INFO]	Patch file: _magpie_logs/triangle-cpp_slow_1702646381.patch
2023-12-15 13:20:47,435	[INFO]	Diff file: _magpie_logs/triangle-cpp_slow_1702646381.diff
2023-12-15 13:20:47,435	[INFO]	Best fitness: 1203155
2023-12-15 13:20:47,436	[INFO]	Best patch: ExprStmtDeletion(('triangle.cpp.xml', 'expr_stmt', 1))
2023-12-15 13:20:47,436	[INFO]	Diff:
--- before: triangle.cpp
+++ after: triangle.cpp
@@ -8,7 +8,7 @@
 int classify_triangle(double a, double b, double c) {
   double tmp;
 
-  delay();
+  
 
   // Sort the sides so that a <= b <= c
   if(a > b) {

