2024-01-16 00:49:25,603	[DEBUG]	==== CONFIG ====
[magpie]
import = 
seed = 0
log_dir = _magpie_logs
work_dir = _magpie_work
final_out_dir = experiments/results/RandomSearch/EpsilonGreedy/trial_0
local_original_copy = True
local_original_name = __original__
output_encoding = ascii
edit_retries = 10
default_timeout = 30
default_lengthout = 10000.0
diff_method = unified
trust_local_filesystem = True

[software]
path = examples/code/triangle-cpp_slow
target_files = 
	triangle.cpp.xml
program = BasicProgram
engine_rules = 
	*.params : ConfigFileParamsEngine
	*.xml : SrcmlEngine
	* : LineEngine
engine_config = 
	*.params : [params]
	*.xml : [srcml]
init_cmd = 
init_timeout = 60
init_lengthout = -1
setup_cmd = ./setup.sh
setup_timeout = 
setup_lengthout = 
compile_cmd = ./compile.sh
compile_timeout = 
compile_lengthout = 
test_cmd = ./build/test_triangle
test_timeout = 
test_lengthout = 
run_cmd = ./build/run_triangle
run_timeout = 1
run_lengthout = 
batch_timeout = 
batch_lengthout = 
batch_bin_fitness_strategy = aggregate
batch_fitness_strategy = sum
fitness = time

[srcml]
rename = 
	stmt: break continue decl_stmt do expr_stmt for goto if return switch while
	number: literal_number
focus = block stmt operator_comp operator_arith number
internodes = block
process_pseudo_blocks = True
process_literals = True
process_operators = True

[params]
timing = test run
cli_prefix = --
cli_glue = =
cli_boolean = show
cli_boolean_prefix_true = 
cli_boolean_prefix_false = no-
silent_prefix = @
silent_suffix = $

[search]
protocol = BasicProtocol
algorithm = RandomSearch
possible_edits = 
	StmtReplacement
	StmtInsertion
	StmtDeletion
warmup = 1
warmup_strategy = median
max_steps = 100
max_time = 
target_fitness = 
cache_maxsize = 40
cache_keep = 0.2
batch_instances = 
batch_shuffle = True
batch_bin_shuffle = False
batch_sample_size = 1
operator_selector = EpsilonGreedy
c = 1.4
epsilon = 0.2

[search.ls]
delete_prob = 0.5
max_neighbours = 
when_trapped = continue
accept_fail = False
tabu_length = 10

[search.gp]
pop_size = 10
delete_prob = 0.5
offspring_elitism = 0.1
offspring_crossover = 0.5
offspring_mutation = 0.4
uniform_rate = 0.5
batch_reset = True

[search.minify]
do_cleanup = True
do_rebuild = True
do_simplify = True
round_robin_limit = 3


2024-01-16 00:49:25,610	[INFO]	==== WARMUP ====
2024-01-16 00:49:28,239	[DEBUG]	EXEC>  SUCCESS 0.1038
2024-01-16 00:49:28,240	[INFO]	WARM    SUCCESS               0.1038                  
2024-01-16 00:49:28,241	[INFO]	INITIAL SUCCESS               0.1038                  
2024-01-16 00:49:28,241	[INFO]	==== START: RandomSearch ====
2024-01-16 00:49:29,159	[DEBUG]	EXEC>  SUCCESS 0.103
2024-01-16 00:49:29,160	[DEBUG]	StmtReplacement(('triangle.cpp.xml', 'stmt', 19), ('triangle.cpp.xml', 'stmt', 18))
2024-01-16 00:49:29,161	[INFO]	1       SUCCESS              *0.103 (99.23%) [1 edit(s)] 
2024-01-16 00:49:29,163	[DEBUG]	--- before: triangle.cpp
+++ after: triangle.cpp
@@ -35,7 +35,10 @@
     }/*auto*/
   if(a == b && b == c)
     /*auto*/{
-      return EQUILATERAL;
+      if(a == b && b == c)
+        /*auto*/{
+          return EQUILATERAL;
+        }/*auto*/
     }/*auto*/
   if(a == b || b == c)
     /*auto*/{

2024-01-16 00:49:29,989	[DEBUG]	StmtReplacement(('triangle.cpp.xml', 'stmt', 10), ('triangle.cpp.xml', 'stmt', 15))
2024-01-16 00:49:29,990	[INFO]	2       TEST_CODE_ERROR       None  [1 edit(s)]       
2024-01-16 00:49:30,946	[DEBUG]	EXEC>  SUCCESS 0.0976
2024-01-16 00:49:30,947	[DEBUG]	StmtReplacement(('triangle.cpp.xml', 'stmt', 4), ('triangle.cpp.xml', 'stmt', 16))
2024-01-16 00:49:30,948	[INFO]	3       SUCCESS              *0.0976 (94.03%) [1 edit(s)] 
2024-01-16 00:49:30,950	[DEBUG]	--- before: triangle.cpp
+++ after: triangle.cpp
@@ -11,11 +11,10 @@
   delay();
 
   // Sort the sides so that a <= b <= c
-  if(a > b) {
-    tmp = a;
-    a = b;
-    b = tmp;
-  }
+  if(a + b <= c)
+    /*auto*/{
+      return INVALID;
+    }/*auto*/
 
   if(a > c) {
     tmp = a;

2024-01-16 00:49:31,099	[DEBUG]	StmtReplacement(('triangle.cpp.xml', 'stmt', 0), ('triangle.cpp.xml', 'stmt', 17))
2024-01-16 00:49:31,100	[INFO]	4       COMPILE_CODE_ERROR    None  [1 edit(s)]       
2024-01-16 00:49:32,037	[DEBUG]	EXEC>  SUCCESS 0.0938
2024-01-16 00:49:32,037	[DEBUG]	StmtInsertion(('triangle.cpp.xml', '_inter_block', 35), ('triangle.cpp.xml', 'stmt', 14))
2024-01-16 00:49:32,038	[INFO]	5       SUCCESS              *0.0938 (90.37%) [1 edit(s)] 
2024-01-16 00:49:32,039	[DEBUG]	--- before: triangle.cpp
+++ after: triangle.cpp
@@ -40,6 +40,7 @@
   if(a == b || b == c)
     /*auto*/{
       return ISOSCELES;
+      b = c;
     }/*auto*/
   return SCALENE;
 }

2024-01-16 00:49:32,841	[DEBUG]	StmtInsertion(('triangle.cpp.xml', '_inter_block', 14), ('triangle.cpp.xml', 'stmt', 19))
2024-01-16 00:49:32,842	[INFO]	6       TEST_CODE_ERROR       None  [1 edit(s)]       
2024-01-16 00:49:33,750	[DEBUG]	EXEC>  SUCCESS 0.0954
2024-01-16 00:49:33,750	[DEBUG]	StmtInsertion(('triangle.cpp.xml', '_inter_block', 35), ('triangle.cpp.xml', 'stmt', 13))
2024-01-16 00:49:33,751	[INFO]	7       SUCCESS               0.0954 (91.91%) [1 edit(s)] 
2024-01-16 00:49:34,583	[DEBUG]	StmtInsertion(('triangle.cpp.xml', '_inter_block', 19), ('triangle.cpp.xml', 'stmt', 21))
2024-01-16 00:49:34,583	[INFO]	8       TEST_CODE_ERROR       None  [1 edit(s)]       
2024-01-16 00:49:35,662	[DEBUG]	EXEC>  SUCCESS 0.0977
2024-01-16 00:49:35,663	[DEBUG]	StmtInsertion(('triangle.cpp.xml', '_inter_block', 18), ('triangle.cpp.xml', 'stmt', 18))
2024-01-16 00:49:35,664	[INFO]	9       SUCCESS               0.0977 (94.12%) [1 edit(s)] 
2024-01-16 00:49:36,456	[DEBUG]	StmtInsertion(('triangle.cpp.xml', '_inter_block', 20), ('triangle.cpp.xml', 'stmt', 11))
2024-01-16 00:49:36,456	[INFO]	10      TEST_CODE_ERROR       None  [1 edit(s)]       
2024-01-16 00:49:37,247	[DEBUG]	StmtInsertion(('triangle.cpp.xml', '_inter_block', 19), ('triangle.cpp.xml', 'stmt', 13))
2024-01-16 00:49:37,247	[INFO]	11      TEST_CODE_ERROR       None  [1 edit(s)]       
2024-01-16 00:49:38,088	[DEBUG]	StmtDeletion(('triangle.cpp.xml', 'stmt', 5))
2024-01-16 00:49:38,089	[INFO]	12      TEST_CODE_ERROR       None  [1 edit(s)]       
2024-01-16 00:49:38,962	[DEBUG]	EXEC>  SUCCESS 0.0307
2024-01-16 00:49:38,962	[DEBUG]	StmtReplacement(('triangle.cpp.xml', 'stmt', 3), ('triangle.cpp.xml', 'stmt', 4))
2024-01-16 00:49:38,963	[INFO]	13      SUCCESS              *0.0307 (29.58%) [1 edit(s)] 
2024-01-16 00:49:38,965	[DEBUG]	--- before: triangle.cpp
+++ after: triangle.cpp
@@ -8,7 +8,11 @@
 int classify_triangle(double a, double b, double c) {
   double tmp;
 
-  delay();
+  if(a > b) {
+    tmp = a;
+    a = b;
+    b = tmp;
+  }
 
   // Sort the sides so that a <= b <= c
   if(a > b) {

2024-01-16 00:49:39,804	[DEBUG]	StmtReplacement(('triangle.cpp.xml', 'stmt', 15), ('triangle.cpp.xml', 'stmt', 12))
2024-01-16 00:49:39,805	[INFO]	14      TEST_CODE_ERROR       None  [1 edit(s)]       
2024-01-16 00:49:40,623	[DEBUG]	StmtReplacement(('triangle.cpp.xml', 'stmt', 19), ('triangle.cpp.xml', 'stmt', 14))
2024-01-16 00:49:40,624	[INFO]	15      TEST_CODE_ERROR       None  [1 edit(s)]       
2024-01-16 00:49:41,552	[DEBUG]	EXEC>  SUCCESS 0.0968
2024-01-16 00:49:41,553	[DEBUG]	StmtDeletion(('triangle.cpp.xml', 'stmt', 8))
2024-01-16 00:49:41,554	[INFO]	16      SUCCESS               0.0968 (93.26%) [1 edit(s)] 
2024-01-16 00:49:42,409	[DEBUG]	StmtReplacement(('triangle.cpp.xml', 'stmt', 4), ('triangle.cpp.xml', 'stmt', 11))
2024-01-16 00:49:42,410	[INFO]	17      TEST_CODE_ERROR       None  [1 edit(s)]       
2024-01-16 00:49:43,186	[DEBUG]	StmtReplacement(('triangle.cpp.xml', 'stmt', 3), ('triangle.cpp.xml', 'stmt', 6))
2024-01-16 00:49:43,187	[INFO]	18      TEST_CODE_ERROR       None  [1 edit(s)]       
2024-01-16 00:49:43,992	[DEBUG]	StmtInsertion(('triangle.cpp.xml', '_inter_block', 19), ('triangle.cpp.xml', 'stmt', 22))
2024-01-16 00:49:43,992	[INFO]	19      TEST_CODE_ERROR       None  [1 edit(s)]       
2024-01-16 00:49:44,768	[DEBUG]	StmtReplacement(('triangle.cpp.xml', 'stmt', 3), ('triangle.cpp.xml', 'stmt', 11))
2024-01-16 00:49:44,768	[INFO]	20      TEST_CODE_ERROR       None  [1 edit(s)]       
2024-01-16 00:49:45,619	[DEBUG]	StmtReplacement(('triangle.cpp.xml', 'stmt', 20), ('triangle.cpp.xml', 'stmt', 7))
2024-01-16 00:49:45,619	[INFO]	21      TEST_CODE_ERROR       None  [1 edit(s)]       
2024-01-16 00:49:46,428	[DEBUG]	EXEC>  SUCCESS 0.0234
2024-01-16 00:49:46,429	[DEBUG]	StmtDeletion(('triangle.cpp.xml', 'stmt', 3))
2024-01-16 00:49:46,430	[INFO]	22      SUCCESS              *0.0234 (22.54%) [1 edit(s)] 
2024-01-16 00:49:46,430	[DEBUG]	--- before: triangle.cpp
+++ after: triangle.cpp
@@ -8,7 +8,7 @@
 int classify_triangle(double a, double b, double c) {
   double tmp;
 
-  delay();
+  
 
   // Sort the sides so that a <= b <= c
   if(a > b) {

2024-01-16 00:49:46,578	[DEBUG]	StmtDeletion(('triangle.cpp.xml', 'stmt', 0))
2024-01-16 00:49:46,578	[INFO]	23      COMPILE_CODE_ERROR    None  [1 edit(s)]       
2024-01-16 00:49:46,579	[DEBUG]	StmtDeletion(('triangle.cpp.xml', 'stmt', 8))
2024-01-16 00:49:46,580	[INFO]	24      SUCCESS               0.0968 (93.26%) [1 edit(s)] 
2024-01-16 00:49:46,581	[DEBUG]	StmtDeletion(('triangle.cpp.xml', 'stmt', 8))
2024-01-16 00:49:46,581	[INFO]	25      SUCCESS               0.0968 (93.26%) [1 edit(s)] 
2024-01-16 00:49:47,484	[DEBUG]	EXEC>  SUCCESS 0.1015
2024-01-16 00:49:47,484	[DEBUG]	StmtDeletion(('triangle.cpp.xml', 'stmt', 4))
2024-01-16 00:49:47,485	[INFO]	26      SUCCESS               0.1015 (97.78%) [1 edit(s)] 
2024-01-16 00:49:48,315	[DEBUG]	StmtDeletion(('triangle.cpp.xml', 'stmt', 13))
2024-01-16 00:49:48,316	[INFO]	27      TEST_CODE_ERROR       None  [1 edit(s)]       
2024-01-16 00:49:49,177	[DEBUG]	StmtDeletion(('triangle.cpp.xml', 'stmt', 19))
2024-01-16 00:49:49,178	[INFO]	28      TEST_CODE_ERROR       None  [1 edit(s)]       
2024-01-16 00:49:49,341	[DEBUG]	StmtDeletion(('triangle.cpp.xml', 'stmt', 2))
2024-01-16 00:49:49,342	[INFO]	29      COMPILE_CODE_ERROR    None  [1 edit(s)]       
2024-01-16 00:49:50,148	[DEBUG]	StmtDeletion(('triangle.cpp.xml', 'stmt', 7))
2024-01-16 00:49:50,148	[INFO]	30      TEST_CODE_ERROR       None  [1 edit(s)]       
2024-01-16 00:49:51,027	[DEBUG]	StmtReplacement(('triangle.cpp.xml', 'stmt', 17), ('triangle.cpp.xml', 'stmt', 13))
2024-01-16 00:49:51,027	[INFO]	31      TEST_CODE_ERROR       None  [1 edit(s)]       
2024-01-16 00:49:51,878	[DEBUG]	StmtDeletion(('triangle.cpp.xml', 'stmt', 19))
2024-01-16 00:49:51,879	[INFO]	32      TEST_CODE_ERROR       None  [1 edit(s)]       
2024-01-16 00:49:52,750	[DEBUG]	StmtReplacement(('triangle.cpp.xml', 'stmt', 5), ('triangle.cpp.xml', 'stmt', 22))
2024-01-16 00:49:52,750	[INFO]	33      TEST_CODE_ERROR       None  [1 edit(s)]       
2024-01-16 00:49:53,547	[DEBUG]	StmtDeletion(('triangle.cpp.xml', 'stmt', 11))
2024-01-16 00:49:53,548	[INFO]	34      TEST_CODE_ERROR       None  [1 edit(s)]       
2024-01-16 00:49:54,407	[DEBUG]	StmtDeletion(('triangle.cpp.xml', 'stmt', 14))
2024-01-16 00:49:54,408	[INFO]	35      TEST_CODE_ERROR       None  [1 edit(s)]       
2024-01-16 00:49:55,264	[DEBUG]	StmtDeletion(('triangle.cpp.xml', 'stmt', 13))
2024-01-16 00:49:55,264	[INFO]	36      TEST_CODE_ERROR       None  [1 edit(s)]       
2024-01-16 00:49:56,095	[DEBUG]	StmtReplacement(('triangle.cpp.xml', 'stmt', 4), ('triangle.cpp.xml', 'stmt', 17))
2024-01-16 00:49:56,096	[INFO]	37      TEST_CODE_ERROR       None  [1 edit(s)]       
2024-01-16 00:49:56,926	[DEBUG]	StmtDeletion(('triangle.cpp.xml', 'stmt', 18))
2024-01-16 00:49:56,926	[INFO]	38      TEST_CODE_ERROR       None  [1 edit(s)]       
2024-01-16 00:49:57,772	[DEBUG]	StmtDeletion(('triangle.cpp.xml', 'stmt', 14))
2024-01-16 00:49:57,773	[INFO]	39      TEST_CODE_ERROR       None  [1 edit(s)]       
2024-01-16 00:49:57,914	[DEBUG]	StmtInsertion(('triangle.cpp.xml', '_inter_block', 7), ('triangle.cpp.xml', 'stmt', 20))
2024-01-16 00:49:57,915	[INFO]	40      COMPILE_CODE_ERROR    None  [1 edit(s)]       
2024-01-16 00:49:58,683	[DEBUG]	StmtDeletion(('triangle.cpp.xml', 'stmt', 13))
2024-01-16 00:49:58,684	[INFO]	41      TEST_CODE_ERROR       None  [1 edit(s)]       
2024-01-16 00:49:59,505	[DEBUG]	StmtDeletion(('triangle.cpp.xml', 'stmt', 20))
2024-01-16 00:49:59,506	[INFO]	42      TEST_CODE_ERROR       None  [1 edit(s)]       
2024-01-16 00:49:59,507	[DEBUG]	StmtDeletion(('triangle.cpp.xml', 'stmt', 8))
2024-01-16 00:49:59,507	[INFO]	43      SUCCESS               0.0968 (93.26%) [1 edit(s)] 
2024-01-16 00:50:00,318	[DEBUG]	StmtDeletion(('triangle.cpp.xml', 'stmt', 7))
2024-01-16 00:50:00,318	[INFO]	44      TEST_CODE_ERROR       None  [1 edit(s)]       
2024-01-16 00:50:01,111	[DEBUG]	StmtDeletion(('triangle.cpp.xml', 'stmt', 19))
2024-01-16 00:50:01,111	[INFO]	45      TEST_CODE_ERROR       None  [1 edit(s)]       
2024-01-16 00:50:01,112	[DEBUG]	StmtDeletion(('triangle.cpp.xml', 'stmt', 4))
2024-01-16 00:50:01,112	[INFO]	46      SUCCESS               0.1015 (97.78%) [1 edit(s)] 
2024-01-16 00:50:01,910	[DEBUG]	StmtDeletion(('triangle.cpp.xml', 'stmt', 7))
2024-01-16 00:50:01,910	[INFO]	47      TEST_CODE_ERROR       None  [1 edit(s)]       
2024-01-16 00:50:02,863	[DEBUG]	EXEC>  SUCCESS 0.098
2024-01-16 00:50:02,864	[DEBUG]	StmtInsertion(('triangle.cpp.xml', '_inter_block', 24), ('triangle.cpp.xml', 'stmt', 20))
2024-01-16 00:50:02,864	[INFO]	48      SUCCESS               0.098 (94.41%) [1 edit(s)] 
2024-01-16 00:50:03,661	[DEBUG]	StmtReplacement(('triangle.cpp.xml', 'stmt', 5), ('triangle.cpp.xml', 'stmt', 16))
2024-01-16 00:50:03,661	[INFO]	49      TEST_CODE_ERROR       None  [1 edit(s)]       
2024-01-16 00:50:03,662	[DEBUG]	StmtDeletion(('triangle.cpp.xml', 'stmt', 4))
2024-01-16 00:50:03,662	[INFO]	50      SUCCESS               0.1015 (97.78%) [1 edit(s)] 
2024-01-16 00:50:04,469	[DEBUG]	StmtDeletion(('triangle.cpp.xml', 'stmt', 14))
2024-01-16 00:50:04,469	[INFO]	51      TEST_CODE_ERROR       None  [1 edit(s)]       
2024-01-16 00:50:05,266	[DEBUG]	StmtDeletion(('triangle.cpp.xml', 'stmt', 12))
2024-01-16 00:50:05,267	[INFO]	52      TEST_CODE_ERROR       None  [1 edit(s)]       
2024-01-16 00:50:06,073	[DEBUG]	StmtDeletion(('triangle.cpp.xml', 'stmt', 11))
2024-01-16 00:50:06,073	[INFO]	53      TEST_CODE_ERROR       None  [1 edit(s)]       
2024-01-16 00:50:06,994	[DEBUG]	EXEC>  SUCCESS 0.0936
2024-01-16 00:50:06,995	[DEBUG]	StmtInsertion(('triangle.cpp.xml', '_inter_block', 17), ('triangle.cpp.xml', 'stmt', 6))
2024-01-16 00:50:06,996	[INFO]	54      SUCCESS               0.0936 (90.17%) [1 edit(s)] 
2024-01-16 00:50:07,822	[DEBUG]	StmtDeletion(('triangle.cpp.xml', 'stmt', 16))
2024-01-16 00:50:07,822	[INFO]	55      TEST_CODE_ERROR       None  [1 edit(s)]       
2024-01-16 00:50:07,962	[DEBUG]	StmtInsertion(('triangle.cpp.xml', '_inter_block', 6), ('triangle.cpp.xml', 'stmt', 17))
2024-01-16 00:50:07,963	[INFO]	56      COMPILE_CODE_ERROR    None  [1 edit(s)]       
2024-01-16 00:50:08,109	[DEBUG]	StmtInsertion(('triangle.cpp.xml', '_inter_block', 1), ('triangle.cpp.xml', 'stmt', 11))
2024-01-16 00:50:08,110	[INFO]	57      COMPILE_CODE_ERROR    None  [1 edit(s)]       
2024-01-16 00:50:08,917	[DEBUG]	StmtDeletion(('triangle.cpp.xml', 'stmt', 12))
2024-01-16 00:50:08,918	[INFO]	58      TEST_CODE_ERROR       None  [1 edit(s)]       
2024-01-16 00:50:09,055	[DEBUG]	StmtInsertion(('triangle.cpp.xml', '_inter_block', 7), ('triangle.cpp.xml', 'stmt', 18))
2024-01-16 00:50:09,056	[INFO]	59      COMPILE_CODE_ERROR    None  [1 edit(s)]       
2024-01-16 00:50:09,186	[DEBUG]	StmtReplacement(('triangle.cpp.xml', 'stmt', 2), ('triangle.cpp.xml', 'stmt', 5))
2024-01-16 00:50:09,186	[INFO]	60      COMPILE_CODE_ERROR    None  [1 edit(s)]       
2024-01-16 00:50:10,028	[DEBUG]	StmtDeletion(('triangle.cpp.xml', 'stmt', 16))
2024-01-16 00:50:10,028	[INFO]	61      TEST_CODE_ERROR       None  [1 edit(s)]       
2024-01-16 00:50:10,959	[DEBUG]	EXEC>  SUCCESS 0.0966
2024-01-16 00:50:10,960	[DEBUG]	StmtInsertion(('triangle.cpp.xml', '_inter_block', 9), ('triangle.cpp.xml', 'stmt', 5))
2024-01-16 00:50:10,960	[INFO]	62      SUCCESS               0.0966 (93.06%) [1 edit(s)] 
2024-01-16 00:50:11,864	[DEBUG]	EXEC>  SUCCESS 0.0976
2024-01-16 00:50:11,865	[DEBUG]	StmtInsertion(('triangle.cpp.xml', '_inter_block', 14), ('triangle.cpp.xml', 'stmt', 16))
2024-01-16 00:50:11,866	[INFO]	63      SUCCESS               0.0976 (94.03%) [1 edit(s)] 
2024-01-16 00:50:12,773	[DEBUG]	EXEC>  SUCCESS 0.0975
2024-01-16 00:50:12,774	[DEBUG]	StmtInsertion(('triangle.cpp.xml', '_inter_block', 15), ('triangle.cpp.xml', 'stmt', 16))
2024-01-16 00:50:12,775	[INFO]	64      SUCCESS               0.0975 (93.93%) [1 edit(s)] 
2024-01-16 00:50:13,684	[DEBUG]	EXEC>  SUCCESS 0.0971
2024-01-16 00:50:13,684	[DEBUG]	StmtInsertion(('triangle.cpp.xml', '_inter_block', 35), ('triangle.cpp.xml', 'stmt', 8))
2024-01-16 00:50:13,685	[INFO]	65      SUCCESS               0.0971 (93.55%) [1 edit(s)] 
2024-01-16 00:50:14,563	[DEBUG]	EXEC>  SUCCESS 0.091
2024-01-16 00:50:14,563	[DEBUG]	StmtInsertion(('triangle.cpp.xml', '_inter_block', 9), ('triangle.cpp.xml', 'stmt', 18))
2024-01-16 00:50:14,564	[INFO]	66      SUCCESS               0.091 (87.67%) [1 edit(s)] 
2024-01-16 00:50:15,432	[DEBUG]	StmtInsertion(('triangle.cpp.xml', '_inter_block', 16), ('triangle.cpp.xml', 'stmt', 21))
2024-01-16 00:50:15,433	[INFO]	67      TEST_CODE_ERROR       None  [1 edit(s)]       
2024-01-16 00:50:16,297	[DEBUG]	StmtInsertion(('triangle.cpp.xml', '_inter_block', 18), ('triangle.cpp.xml', 'stmt', 6))
2024-01-16 00:50:16,298	[INFO]	68      TEST_CODE_ERROR       None  [1 edit(s)]       
2024-01-16 00:50:17,273	[DEBUG]	EXEC>  SUCCESS 0.1009
2024-01-16 00:50:17,274	[DEBUG]	StmtInsertion(('triangle.cpp.xml', '_inter_block', 31), ('triangle.cpp.xml', 'stmt', 7))
2024-01-16 00:50:17,275	[INFO]	69      SUCCESS               0.1009 (97.21%) [1 edit(s)] 
2024-01-16 00:50:18,194	[DEBUG]	EXEC>  SUCCESS 0.1021
2024-01-16 00:50:18,195	[DEBUG]	StmtInsertion(('triangle.cpp.xml', '_inter_block', 26), ('triangle.cpp.xml', 'stmt', 0))
2024-01-16 00:50:18,196	[INFO]	70      SUCCESS               0.1021 (98.36%) [1 edit(s)] 
2024-01-16 00:50:18,345	[DEBUG]	StmtReplacement(('triangle.cpp.xml', 'stmt', 20), ('triangle.cpp.xml', 'stmt', 1))
2024-01-16 00:50:18,346	[INFO]	71      COMPILE_CODE_ERROR    None  [1 edit(s)]       
2024-01-16 00:50:18,482	[DEBUG]	StmtInsertion(('triangle.cpp.xml', '_inter_block', 6), ('triangle.cpp.xml', 'stmt', 16))
2024-01-16 00:50:18,482	[INFO]	72      COMPILE_CODE_ERROR    None  [1 edit(s)]       
2024-01-16 00:50:19,316	[DEBUG]	StmtReplacement(('triangle.cpp.xml', 'stmt', 14), ('triangle.cpp.xml', 'stmt', 9))
2024-01-16 00:50:19,317	[INFO]	73      TEST_CODE_ERROR       None  [1 edit(s)]       
2024-01-16 00:50:20,119	[DEBUG]	StmtReplacement(('triangle.cpp.xml', 'stmt', 6), ('triangle.cpp.xml', 'stmt', 7))
2024-01-16 00:50:20,119	[INFO]	74      TEST_CODE_ERROR       None  [1 edit(s)]       
2024-01-16 00:50:21,051	[DEBUG]	EXEC>  SUCCESS 0.1052
2024-01-16 00:50:21,052	[DEBUG]	StmtInsertion(('triangle.cpp.xml', '_inter_block', 29), ('triangle.cpp.xml', 'stmt', 16))
2024-01-16 00:50:21,053	[INFO]	75      SUCCESS               0.1052 (101.35%) [1 edit(s)] 
2024-01-16 00:50:22,019	[DEBUG]	EXEC>  SUCCESS 0.0972
2024-01-16 00:50:22,019	[DEBUG]	StmtInsertion(('triangle.cpp.xml', '_inter_block', 33), ('triangle.cpp.xml', 'stmt', 13))
2024-01-16 00:50:22,020	[INFO]	76      SUCCESS               0.0972 (93.64%) [1 edit(s)] 
2024-01-16 00:50:22,835	[DEBUG]	StmtInsertion(('triangle.cpp.xml', '_inter_block', 14), ('triangle.cpp.xml', 'stmt', 15))
2024-01-16 00:50:22,836	[INFO]	77      TEST_CODE_ERROR       None  [1 edit(s)]       
2024-01-16 00:50:22,990	[DEBUG]	StmtInsertion(('triangle.cpp.xml', '_inter_block', 0), ('triangle.cpp.xml', 'stmt', 0))
2024-01-16 00:50:22,990	[INFO]	78      COMPILE_CODE_ERROR    None  [1 edit(s)]       
2024-01-16 00:50:23,920	[DEBUG]	EXEC>  SUCCESS 0.1052
2024-01-16 00:50:23,921	[DEBUG]	StmtInsertion(('triangle.cpp.xml', '_inter_block', 35), ('triangle.cpp.xml', 'stmt', 5))
2024-01-16 00:50:23,922	[INFO]	79      SUCCESS               0.1052 (101.35%) [1 edit(s)] 
2024-01-16 00:50:24,076	[DEBUG]	StmtInsertion(('triangle.cpp.xml', '_inter_block', 2), ('triangle.cpp.xml', 'stmt', 21))
2024-01-16 00:50:24,077	[INFO]	80      COMPILE_CODE_ERROR    None  [1 edit(s)]       
2024-01-16 00:50:24,079	[DEBUG]	StmtInsertion(('triangle.cpp.xml', '_inter_block', 35), ('triangle.cpp.xml', 'stmt', 8))
2024-01-16 00:50:24,079	[INFO]	81      SUCCESS               0.0971 (93.55%) [1 edit(s)] 
2024-01-16 00:50:24,997	[DEBUG]	EXEC>  SUCCESS 0.1029
2024-01-16 00:50:24,998	[DEBUG]	StmtInsertion(('triangle.cpp.xml', '_inter_block', 31), ('triangle.cpp.xml', 'stmt', 9))
2024-01-16 00:50:24,998	[INFO]	82      SUCCESS               0.1029 (99.13%) [1 edit(s)] 
2024-01-16 00:50:25,895	[DEBUG]	StmtDeletion(('triangle.cpp.xml', 'stmt', 18))
2024-01-16 00:50:25,895	[INFO]	83      TEST_CODE_ERROR       None  [1 edit(s)]       
2024-01-16 00:50:26,050	[DEBUG]	StmtInsertion(('triangle.cpp.xml', '_inter_block', 0), ('triangle.cpp.xml', 'stmt', 19))
2024-01-16 00:50:26,051	[INFO]	84      COMPILE_CODE_ERROR    None  [1 edit(s)]       
2024-01-16 00:50:27,037	[DEBUG]	EXEC>  SUCCESS 0.0959
2024-01-16 00:50:27,038	[DEBUG]	StmtInsertion(('triangle.cpp.xml', '_inter_block', 29), ('triangle.cpp.xml', 'stmt', 20))
2024-01-16 00:50:27,039	[INFO]	85      SUCCESS               0.0959 (92.39%) [1 edit(s)] 
2024-01-16 00:50:27,912	[DEBUG]	StmtInsertion(('triangle.cpp.xml', '_inter_block', 23), ('triangle.cpp.xml', 'stmt', 13))
2024-01-16 00:50:27,913	[INFO]	86      TEST_CODE_ERROR       None  [1 edit(s)]       
2024-01-16 00:50:28,823	[DEBUG]	EXEC>  SUCCESS 0.0979
2024-01-16 00:50:28,824	[DEBUG]	StmtInsertion(('triangle.cpp.xml', '_inter_block', 9), ('triangle.cpp.xml', 'stmt', 12))
2024-01-16 00:50:28,825	[INFO]	87      SUCCESS               0.0979 (94.32%) [1 edit(s)] 
2024-01-16 00:50:29,613	[DEBUG]	StmtDeletion(('triangle.cpp.xml', 'stmt', 21))
2024-01-16 00:50:29,613	[INFO]	88      TEST_CODE_ERROR       None  [1 edit(s)]       
2024-01-16 00:50:30,535	[DEBUG]	EXEC>  SUCCESS 0.0968
2024-01-16 00:50:30,535	[DEBUG]	StmtInsertion(('triangle.cpp.xml', '_inter_block', 21), ('triangle.cpp.xml', 'stmt', 13))
2024-01-16 00:50:30,536	[INFO]	89      SUCCESS               0.0968 (93.26%) [1 edit(s)] 
2024-01-16 00:50:31,357	[DEBUG]	StmtReplacement(('triangle.cpp.xml', 'stmt', 13), ('triangle.cpp.xml', 'stmt', 11))
2024-01-16 00:50:31,357	[INFO]	90      TEST_CODE_ERROR       None  [1 edit(s)]       
2024-01-16 00:50:32,162	[DEBUG]	StmtInsertion(('triangle.cpp.xml', '_inter_block', 27), ('triangle.cpp.xml', 'stmt', 22))
2024-01-16 00:50:32,163	[INFO]	91      TEST_CODE_ERROR       None  [1 edit(s)]       
2024-01-16 00:50:33,114	[DEBUG]	EXEC>  SUCCESS 0.0973
2024-01-16 00:50:33,114	[DEBUG]	StmtInsertion(('triangle.cpp.xml', '_inter_block', 34), ('triangle.cpp.xml', 'stmt', 15))
2024-01-16 00:50:33,115	[INFO]	92      SUCCESS               0.0973 (93.74%) [1 edit(s)] 
2024-01-16 00:50:33,260	[DEBUG]	StmtInsertion(('triangle.cpp.xml', '_inter_block', 7), ('triangle.cpp.xml', 'stmt', 15))
2024-01-16 00:50:33,260	[INFO]	93      COMPILE_CODE_ERROR    None  [1 edit(s)]       
2024-01-16 00:50:34,058	[DEBUG]	StmtInsertion(('triangle.cpp.xml', '_inter_block', 29), ('triangle.cpp.xml', 'stmt', 10))
2024-01-16 00:50:34,058	[INFO]	94      TEST_CODE_ERROR       None  [1 edit(s)]       
2024-01-16 00:50:34,965	[DEBUG]	EXEC>  SUCCESS 0.0968
2024-01-16 00:50:34,966	[DEBUG]	StmtInsertion(('triangle.cpp.xml', '_inter_block', 14), ('triangle.cpp.xml', 'stmt', 9))
2024-01-16 00:50:34,967	[INFO]	95      SUCCESS               0.0968 (93.26%) [1 edit(s)] 
2024-01-16 00:50:35,908	[DEBUG]	EXEC>  SUCCESS 0.0955
2024-01-16 00:50:35,909	[DEBUG]	StmtInsertion(('triangle.cpp.xml', '_inter_block', 34), ('triangle.cpp.xml', 'stmt', 0))
2024-01-16 00:50:35,910	[INFO]	96      SUCCESS               0.0955 (92.0%) [1 edit(s)] 
2024-01-16 00:50:36,725	[DEBUG]	StmtInsertion(('triangle.cpp.xml', '_inter_block', 15), ('triangle.cpp.xml', 'stmt', 19))
2024-01-16 00:50:36,726	[INFO]	97      TEST_CODE_ERROR       None  [1 edit(s)]       
2024-01-16 00:50:37,702	[DEBUG]	EXEC>  SUCCESS 0.102
2024-01-16 00:50:37,702	[DEBUG]	StmtInsertion(('triangle.cpp.xml', '_inter_block', 21), ('triangle.cpp.xml', 'stmt', 18))
2024-01-16 00:50:37,703	[INFO]	98      SUCCESS               0.102 (98.27%) [1 edit(s)] 
2024-01-16 00:50:37,865	[DEBUG]	StmtReplacement(('triangle.cpp.xml', 'stmt', 11), ('triangle.cpp.xml', 'stmt', 1))
2024-01-16 00:50:37,865	[INFO]	99      COMPILE_CODE_ERROR    None  [1 edit(s)]       
2024-01-16 00:50:38,764	[DEBUG]	EXEC>  SUCCESS 0.0973
2024-01-16 00:50:38,764	[DEBUG]	StmtInsertion(('triangle.cpp.xml', '_inter_block', 32), ('triangle.cpp.xml', 'stmt', 14))
2024-01-16 00:50:38,765	[INFO]	100     SUCCESS               0.0973 (93.74%) [1 edit(s)] 
2024-01-16 00:50:38,766	[INFO]	==== END ====
2024-01-16 00:50:38,766	[INFO]	
2024-01-16 00:50:38,766	[INFO]	==== REPORT ====
2024-01-16 00:50:38,767	[INFO]	Termination: step budget
2024-01-16 00:50:38,768	[INFO]	Log file: /cs/student/ug/2020/damibose/projects/magpie/_magpie_logs/triangle-cpp_slow_1705366165.log
2024-01-16 00:50:38,769	[INFO]	Patch file: _magpie_logs/triangle-cpp_slow_1705366165.patch
2024-01-16 00:50:38,769	[INFO]	Diff file: _magpie_logs/triangle-cpp_slow_1705366165.diff
2024-01-16 00:50:38,770	[INFO]	Best fitness: 0.0234
2024-01-16 00:50:38,770	[INFO]	Best patch: StmtDeletion(('triangle.cpp.xml', 'stmt', 3))
2024-01-16 00:50:38,771	[INFO]	Diff:
--- before: triangle.cpp
+++ after: triangle.cpp
@@ -8,7 +8,7 @@
 int classify_triangle(double a, double b, double c) {
   double tmp;
 
-  delay();
+  
 
   // Sort the sides so that a <= b <= c
   if(a > b) {

