2024-01-16 00:54:17,513	[DEBUG]	==== CONFIG ====
[magpie]
import = 
seed = 1
log_dir = _magpie_logs
work_dir = _magpie_work
final_out_dir = experiments/results/RandomSearch/EpsilonGreedy/trial_1
local_original_copy = True
local_original_name = __original__
output_encoding = ascii
edit_retries = 10
default_timeout = 30
default_lengthout = 10000.0
diff_method = unified
trust_local_filesystem = True

[software]
path = examples/code/triangle-cpp_slow
target_files = 
	triangle.cpp.xml
program = BasicProgram
engine_rules = 
	*.params : ConfigFileParamsEngine
	*.xml : SrcmlEngine
	* : LineEngine
engine_config = 
	*.params : [params]
	*.xml : [srcml]
init_cmd = 
init_timeout = 60
init_lengthout = -1
setup_cmd = ./setup.sh
setup_timeout = 
setup_lengthout = 
compile_cmd = ./compile.sh
compile_timeout = 
compile_lengthout = 
test_cmd = ./build/test_triangle
test_timeout = 
test_lengthout = 
run_cmd = ./build/run_triangle
run_timeout = 1
run_lengthout = 
batch_timeout = 
batch_lengthout = 
batch_bin_fitness_strategy = aggregate
batch_fitness_strategy = sum
fitness = time

[srcml]
rename = 
	stmt: break continue decl_stmt do expr_stmt for goto if return switch while
	number: literal_number
focus = block stmt operator_comp operator_arith number
internodes = block
process_pseudo_blocks = True
process_literals = True
process_operators = True

[params]
timing = test run
cli_prefix = --
cli_glue = =
cli_boolean = show
cli_boolean_prefix_true = 
cli_boolean_prefix_false = no-
silent_prefix = @
silent_suffix = $

[search]
protocol = BasicProtocol
algorithm = RandomSearch
possible_edits = 
	StmtReplacement
	StmtInsertion
	StmtDeletion
warmup = 1
warmup_strategy = median
max_steps = 100
max_time = 
target_fitness = 
cache_maxsize = 40
cache_keep = 0.2
batch_instances = 
batch_shuffle = True
batch_bin_shuffle = False
batch_sample_size = 1
operator_selector = EpsilonGreedy
c = 1.4
epsilon = 0.2

[search.ls]
delete_prob = 0.5
max_neighbours = 
when_trapped = continue
accept_fail = False
tabu_length = 10

[search.gp]
pop_size = 10
delete_prob = 0.5
offspring_elitism = 0.1
offspring_crossover = 0.5
offspring_mutation = 0.4
uniform_rate = 0.5
batch_reset = True

[search.minify]
do_cleanup = True
do_rebuild = True
do_simplify = True
round_robin_limit = 3


2024-01-16 00:54:17,519	[INFO]	==== WARMUP ====
2024-01-16 00:54:20,068	[DEBUG]	EXEC>  SUCCESS 0.1043
2024-01-16 00:54:20,068	[INFO]	WARM    SUCCESS               0.1043                  
2024-01-16 00:54:20,069	[INFO]	INITIAL SUCCESS               0.1043                  
2024-01-16 00:54:20,070	[INFO]	==== START: RandomSearch ====
2024-01-16 00:54:21,040	[DEBUG]	EXEC>  SUCCESS 0.0981
2024-01-16 00:54:21,041	[DEBUG]	StmtInsertion(('triangle.cpp.xml', '_inter_block', 17), ('triangle.cpp.xml', 'stmt', 4))
2024-01-16 00:54:21,041	[INFO]	1       SUCCESS              *0.0981 (94.06%) [1 edit(s)] 
2024-01-16 00:54:21,043	[DEBUG]	--- before: triangle.cpp
+++ after: triangle.cpp
@@ -42,4 +42,9 @@
       return ISOSCELES;
     }/*auto*/
   return SCALENE;
+  if(a > b) {
+    tmp = a;
+    a = b;
+    b = tmp;
+  }
 }

2024-01-16 00:54:21,196	[DEBUG]	StmtInsertion(('triangle.cpp.xml', '_inter_block', 6), ('triangle.cpp.xml', 'stmt', 3))
2024-01-16 00:54:21,196	[INFO]	2       COMPILE_CODE_ERROR    None  [1 edit(s)]       
2024-01-16 00:54:21,986	[DEBUG]	StmtInsertion(('triangle.cpp.xml', '_inter_block', 20), ('triangle.cpp.xml', 'stmt', 13))
2024-01-16 00:54:21,986	[INFO]	3       TEST_CODE_ERROR       None  [1 edit(s)]       
2024-01-16 00:54:22,788	[DEBUG]	StmtInsertion(('triangle.cpp.xml', '_inter_block', 25), ('triangle.cpp.xml', 'stmt', 19))
2024-01-16 00:54:22,788	[INFO]	4       TEST_CODE_ERROR       None  [1 edit(s)]       
2024-01-16 00:54:23,687	[DEBUG]	StmtReplacement(('triangle.cpp.xml', 'stmt', 13), ('triangle.cpp.xml', 'stmt', 5))
2024-01-16 00:54:23,687	[INFO]	5       TEST_CODE_ERROR       None  [1 edit(s)]       
2024-01-16 00:54:24,467	[DEBUG]	StmtInsertion(('triangle.cpp.xml', '_inter_block', 20), ('triangle.cpp.xml', 'stmt', 8))
2024-01-16 00:54:24,468	[INFO]	6       TEST_CODE_ERROR       None  [1 edit(s)]       
2024-01-16 00:54:25,264	[DEBUG]	StmtInsertion(('triangle.cpp.xml', '_inter_block', 19), ('triangle.cpp.xml', 'stmt', 11))
2024-01-16 00:54:25,264	[INFO]	7       TEST_CODE_ERROR       None  [1 edit(s)]       
2024-01-16 00:54:26,200	[DEBUG]	EXEC>  SUCCESS 0.0965
2024-01-16 00:54:26,201	[DEBUG]	StmtInsertion(('triangle.cpp.xml', '_inter_block', 30), ('triangle.cpp.xml', 'stmt', 11))
2024-01-16 00:54:26,201	[INFO]	8       SUCCESS              *0.0965 (92.52%) [1 edit(s)] 
2024-01-16 00:54:26,203	[DEBUG]	--- before: triangle.cpp
+++ after: triangle.cpp
@@ -31,6 +31,7 @@
 
   if(a + b <= c)
     /*auto*/{
+      c = tmp;
       return INVALID;
     }/*auto*/
   if(a == b && b == c)

2024-01-16 00:54:27,048	[DEBUG]	StmtInsertion(('triangle.cpp.xml', '_inter_block', 12), ('triangle.cpp.xml', 'stmt', 20))
2024-01-16 00:54:27,048	[INFO]	9       TEST_CODE_ERROR       None  [1 edit(s)]       
2024-01-16 00:54:27,848	[DEBUG]	StmtInsertion(('triangle.cpp.xml', '_inter_block', 23), ('triangle.cpp.xml', 'stmt', 17))
2024-01-16 00:54:27,848	[INFO]	10      TEST_CODE_ERROR       None  [1 edit(s)]       
2024-01-16 00:54:28,638	[DEBUG]	StmtInsertion(('triangle.cpp.xml', '_inter_block', 29), ('triangle.cpp.xml', 'stmt', 10))
2024-01-16 00:54:28,638	[INFO]	11      TEST_CODE_ERROR       None  [1 edit(s)]       
2024-01-16 00:54:29,448	[DEBUG]	StmtInsertion(('triangle.cpp.xml', '_inter_block', 20), ('triangle.cpp.xml', 'stmt', 12))
2024-01-16 00:54:29,448	[INFO]	12      TEST_CODE_ERROR       None  [1 edit(s)]       
2024-01-16 00:54:30,263	[DEBUG]	StmtDeletion(('triangle.cpp.xml', 'stmt', 11))
2024-01-16 00:54:30,264	[INFO]	13      TEST_CODE_ERROR       None  [1 edit(s)]       
2024-01-16 00:54:31,210	[DEBUG]	EXEC>  SUCCESS 0.1148
2024-01-16 00:54:31,210	[DEBUG]	StmtInsertion(('triangle.cpp.xml', '_inter_block', 16), ('triangle.cpp.xml', 'stmt', 3))
2024-01-16 00:54:31,211	[INFO]	14      SUCCESS               0.1148 (110.07%) [1 edit(s)] 
2024-01-16 00:54:32,158	[DEBUG]	EXEC>  SUCCESS 0.1248
2024-01-16 00:54:32,159	[DEBUG]	StmtInsertion(('triangle.cpp.xml', '_inter_block', 18), ('triangle.cpp.xml', 'stmt', 3))
2024-01-16 00:54:32,160	[INFO]	15      SUCCESS               0.1248 (119.65%) [1 edit(s)] 
2024-01-16 00:54:33,025	[DEBUG]	EXEC>  SUCCESS 0.0973
2024-01-16 00:54:33,025	[DEBUG]	StmtInsertion(('triangle.cpp.xml', '_inter_block', 31), ('triangle.cpp.xml', 'stmt', 7))
2024-01-16 00:54:33,026	[INFO]	16      SUCCESS               0.0973 (93.29%) [1 edit(s)] 
2024-01-16 00:54:33,928	[DEBUG]	EXEC>  SUCCESS 0.0923
2024-01-16 00:54:33,929	[DEBUG]	StmtInsertion(('triangle.cpp.xml', '_inter_block', 18), ('triangle.cpp.xml', 'stmt', 20))
2024-01-16 00:54:33,929	[INFO]	17      SUCCESS              *0.0923 (88.49%) [1 edit(s)] 
2024-01-16 00:54:33,931	[DEBUG]	--- before: triangle.cpp
+++ after: triangle.cpp
@@ -12,6 +12,10 @@
 
   // Sort the sides so that a <= b <= c
   if(a > b) {
+    if(a == b || b == c)
+      /*auto*/{
+        return ISOSCELES;
+      }/*auto*/
     tmp = a;
     a = b;
     b = tmp;

2024-01-16 00:54:34,067	[DEBUG]	StmtInsertion(('triangle.cpp.xml', '_inter_block', 3), ('triangle.cpp.xml', 'stmt', 11))
2024-01-16 00:54:34,067	[INFO]	18      COMPILE_CODE_ERROR    None  [1 edit(s)]       
2024-01-16 00:54:34,887	[DEBUG]	StmtInsertion(('triangle.cpp.xml', '_inter_block', 23), ('triangle.cpp.xml', 'stmt', 11))
2024-01-16 00:54:34,888	[INFO]	19      TEST_CODE_ERROR       None  [1 edit(s)]       
2024-01-16 00:54:35,848	[DEBUG]	StmtDeletion(('triangle.cpp.xml', 'stmt', 15))
2024-01-16 00:54:35,848	[INFO]	20      TEST_CODE_ERROR       None  [1 edit(s)]       
2024-01-16 00:54:36,668	[DEBUG]	StmtDeletion(('triangle.cpp.xml', 'stmt', 7))
2024-01-16 00:54:36,668	[INFO]	21      TEST_CODE_ERROR       None  [1 edit(s)]       
2024-01-16 00:54:36,811	[DEBUG]	StmtInsertion(('triangle.cpp.xml', '_inter_block', 0), ('triangle.cpp.xml', 'stmt', 20))
2024-01-16 00:54:36,811	[INFO]	22      COMPILE_CODE_ERROR    None  [1 edit(s)]       
2024-01-16 00:54:36,939	[DEBUG]	StmtInsertion(('triangle.cpp.xml', '_inter_block', 1), ('triangle.cpp.xml', 'stmt', 20))
2024-01-16 00:54:36,940	[INFO]	23      COMPILE_CODE_ERROR    None  [1 edit(s)]       
2024-01-16 00:54:37,072	[DEBUG]	StmtInsertion(('triangle.cpp.xml', '_inter_block', 4), ('triangle.cpp.xml', 'stmt', 2))
2024-01-16 00:54:37,073	[INFO]	24      COMPILE_CODE_ERROR    None  [1 edit(s)]       
2024-01-16 00:54:37,984	[DEBUG]	EXEC>  SUCCESS 0.1051
2024-01-16 00:54:37,985	[DEBUG]	StmtInsertion(('triangle.cpp.xml', '_inter_block', 8), ('triangle.cpp.xml', 'stmt', 0))
2024-01-16 00:54:37,985	[INFO]	25      SUCCESS               0.1051 (100.77%) [1 edit(s)] 
2024-01-16 00:54:38,830	[DEBUG]	StmtInsertion(('triangle.cpp.xml', '_inter_block', 10), ('triangle.cpp.xml', 'stmt', 20))
2024-01-16 00:54:38,830	[INFO]	26      TEST_CODE_ERROR       None  [1 edit(s)]       
2024-01-16 00:54:39,661	[DEBUG]	StmtReplacement(('triangle.cpp.xml', 'stmt', 4), ('triangle.cpp.xml', 'stmt', 20))
2024-01-16 00:54:39,662	[INFO]	27      TEST_CODE_ERROR       None  [1 edit(s)]       
2024-01-16 00:54:40,596	[DEBUG]	EXEC>  SUCCESS 0.1079
2024-01-16 00:54:40,597	[DEBUG]	StmtInsertion(('triangle.cpp.xml', '_inter_block', 18), ('triangle.cpp.xml', 'stmt', 5))
2024-01-16 00:54:40,598	[INFO]	28      SUCCESS               0.1079 (103.45%) [1 edit(s)] 
2024-01-16 00:54:41,453	[DEBUG]	StmtReplacement(('triangle.cpp.xml', 'stmt', 22), ('triangle.cpp.xml', 'stmt', 13))
2024-01-16 00:54:41,454	[INFO]	29      TEST_CODE_ERROR       None  [1 edit(s)]       
2024-01-16 00:54:42,383	[DEBUG]	EXEC>  SUCCESS 0.1067
2024-01-16 00:54:42,384	[DEBUG]	StmtInsertion(('triangle.cpp.xml', '_inter_block', 17), ('triangle.cpp.xml', 'stmt', 8))
2024-01-16 00:54:42,385	[INFO]	30      SUCCESS               0.1067 (102.3%) [1 edit(s)] 
2024-01-16 00:54:43,350	[DEBUG]	EXEC>  SUCCESS 0.1028
2024-01-16 00:54:43,351	[DEBUG]	StmtInsertion(('triangle.cpp.xml', '_inter_block', 16), ('triangle.cpp.xml', 'stmt', 16))
2024-01-16 00:54:43,352	[INFO]	31      SUCCESS               0.1028 (98.56%) [1 edit(s)] 
2024-01-16 00:54:44,189	[DEBUG]	StmtInsertion(('triangle.cpp.xml', '_inter_block', 22), ('triangle.cpp.xml', 'stmt', 20))
2024-01-16 00:54:44,189	[INFO]	32      TEST_CODE_ERROR       None  [1 edit(s)]       
2024-01-16 00:54:45,098	[DEBUG]	EXEC>  SUCCESS 0.0966
2024-01-16 00:54:45,099	[DEBUG]	StmtInsertion(('triangle.cpp.xml', '_inter_block', 17), ('triangle.cpp.xml', 'stmt', 12))
2024-01-16 00:54:45,100	[INFO]	33      SUCCESS               0.0966 (92.62%) [1 edit(s)] 
2024-01-16 00:54:46,047	[DEBUG]	EXEC>  SUCCESS 0.096
2024-01-16 00:54:46,048	[DEBUG]	StmtInsertion(('triangle.cpp.xml', '_inter_block', 17), ('triangle.cpp.xml', 'stmt', 3))
2024-01-16 00:54:46,049	[INFO]	34      SUCCESS               0.096 (92.04%) [1 edit(s)] 
2024-01-16 00:54:46,877	[DEBUG]	StmtInsertion(('triangle.cpp.xml', '_inter_block', 27), ('triangle.cpp.xml', 'stmt', 11))
2024-01-16 00:54:46,878	[INFO]	35      TEST_CODE_ERROR       None  [1 edit(s)]       
2024-01-16 00:54:47,793	[DEBUG]	EXEC>  SUCCESS 0.0985
2024-01-16 00:54:47,793	[DEBUG]	StmtInsertion(('triangle.cpp.xml', '_inter_block', 26), ('triangle.cpp.xml', 'stmt', 20))
2024-01-16 00:54:47,794	[INFO]	36      SUCCESS               0.0985 (94.44%) [1 edit(s)] 
2024-01-16 00:54:48,610	[DEBUG]	StmtDeletion(('triangle.cpp.xml', 'stmt', 7))
2024-01-16 00:54:48,610	[INFO]	37      TEST_CODE_ERROR       None  [1 edit(s)]       
2024-01-16 00:54:48,772	[DEBUG]	StmtInsertion(('triangle.cpp.xml', '_inter_block', 6), ('triangle.cpp.xml', 'stmt', 6))
2024-01-16 00:54:48,772	[INFO]	38      COMPILE_CODE_ERROR    None  [1 edit(s)]       
2024-01-16 00:54:49,669	[DEBUG]	EXEC>  SUCCESS 0.1063
2024-01-16 00:54:49,670	[DEBUG]	StmtInsertion(('triangle.cpp.xml', '_inter_block', 35), ('triangle.cpp.xml', 'stmt', 22))
2024-01-16 00:54:49,670	[INFO]	39      SUCCESS               0.1063 (101.92%) [1 edit(s)] 
2024-01-16 00:54:50,660	[DEBUG]	EXEC>  SUCCESS 0.1199
2024-01-16 00:54:50,661	[DEBUG]	StmtInsertion(('triangle.cpp.xml', '_inter_block', 34), ('triangle.cpp.xml', 'stmt', 3))
2024-01-16 00:54:50,662	[INFO]	40      SUCCESS               0.1199 (114.96%) [1 edit(s)] 
2024-01-16 00:54:51,605	[DEBUG]	EXEC>  SUCCESS 0.1038
2024-01-16 00:54:51,606	[DEBUG]	StmtInsertion(('triangle.cpp.xml', '_inter_block', 35), ('triangle.cpp.xml', 'stmt', 8))
2024-01-16 00:54:51,607	[INFO]	41      SUCCESS               0.1038 (99.52%) [1 edit(s)] 
2024-01-16 00:54:52,563	[DEBUG]	EXEC>  SUCCESS 0.1059
2024-01-16 00:54:52,563	[DEBUG]	StmtInsertion(('triangle.cpp.xml', '_inter_block', 15), ('triangle.cpp.xml', 'stmt', 0))
2024-01-16 00:54:52,564	[INFO]	42      SUCCESS               0.1059 (101.53%) [1 edit(s)] 
2024-01-16 00:54:53,420	[DEBUG]	StmtInsertion(('triangle.cpp.xml', '_inter_block', 8), ('triangle.cpp.xml', 'stmt', 20))
2024-01-16 00:54:53,420	[INFO]	43      TEST_CODE_ERROR       None  [1 edit(s)]       
2024-01-16 00:54:54,232	[DEBUG]	StmtReplacement(('triangle.cpp.xml', 'stmt', 15), ('triangle.cpp.xml', 'stmt', 22))
2024-01-16 00:54:54,232	[INFO]	44      TEST_CODE_ERROR       None  [1 edit(s)]       
2024-01-16 00:54:54,380	[DEBUG]	StmtInsertion(('triangle.cpp.xml', '_inter_block', 0), ('triangle.cpp.xml', 'stmt', 7))
2024-01-16 00:54:54,380	[INFO]	45      COMPILE_CODE_ERROR    None  [1 edit(s)]       
2024-01-16 00:54:54,506	[DEBUG]	StmtInsertion(('triangle.cpp.xml', '_inter_block', 0), ('triangle.cpp.xml', 'stmt', 16))
2024-01-16 00:54:54,507	[INFO]	46      COMPILE_CODE_ERROR    None  [1 edit(s)]       
2024-01-16 00:54:54,639	[DEBUG]	StmtInsertion(('triangle.cpp.xml', '_inter_block', 7), ('triangle.cpp.xml', 'stmt', 6))
2024-01-16 00:54:54,639	[INFO]	47      COMPILE_CODE_ERROR    None  [1 edit(s)]       
2024-01-16 00:54:54,792	[DEBUG]	StmtInsertion(('triangle.cpp.xml', '_inter_block', 5), ('triangle.cpp.xml', 'stmt', 0))
2024-01-16 00:54:54,792	[INFO]	48      COMPILE_CODE_ERROR    None  [1 edit(s)]       
2024-01-16 00:54:55,723	[DEBUG]	EXEC>  SUCCESS 0.1025
2024-01-16 00:54:55,723	[DEBUG]	StmtInsertion(('triangle.cpp.xml', '_inter_block', 23), ('triangle.cpp.xml', 'stmt', 5))
2024-01-16 00:54:55,724	[INFO]	49      SUCCESS               0.1025 (98.27%) [1 edit(s)] 
2024-01-16 00:54:55,884	[DEBUG]	StmtInsertion(('triangle.cpp.xml', '_inter_block', 5), ('triangle.cpp.xml', 'stmt', 3))
2024-01-16 00:54:55,884	[INFO]	50      COMPILE_CODE_ERROR    None  [1 edit(s)]       
2024-01-16 00:54:56,814	[DEBUG]	EXEC>  SUCCESS 0.0957
2024-01-16 00:54:56,815	[DEBUG]	StmtInsertion(('triangle.cpp.xml', '_inter_block', 19), ('triangle.cpp.xml', 'stmt', 5))
2024-01-16 00:54:56,815	[INFO]	51      SUCCESS               0.0957 (91.75%) [1 edit(s)] 
2024-01-16 00:54:56,959	[DEBUG]	StmtInsertion(('triangle.cpp.xml', '_inter_block', 5), ('triangle.cpp.xml', 'stmt', 20))
2024-01-16 00:54:56,959	[INFO]	52      COMPILE_CODE_ERROR    None  [1 edit(s)]       
2024-01-16 00:54:57,874	[DEBUG]	EXEC>  SUCCESS 0.1039
2024-01-16 00:54:57,875	[DEBUG]	StmtInsertion(('triangle.cpp.xml', '_inter_block', 28), ('triangle.cpp.xml', 'stmt', 14))
2024-01-16 00:54:57,876	[INFO]	53      SUCCESS               0.1039 (99.62%) [1 edit(s)] 
2024-01-16 00:54:58,814	[DEBUG]	EXEC>  SUCCESS 0.101
2024-01-16 00:54:58,815	[DEBUG]	StmtInsertion(('triangle.cpp.xml', '_inter_block', 35), ('triangle.cpp.xml', 'stmt', 19))
2024-01-16 00:54:58,816	[INFO]	54      SUCCESS               0.101 (96.84%) [1 edit(s)] 
2024-01-16 00:54:59,770	[DEBUG]	EXEC>  SUCCESS 0.1007
2024-01-16 00:54:59,770	[DEBUG]	StmtInsertion(('triangle.cpp.xml', '_inter_block', 30), ('triangle.cpp.xml', 'stmt', 13))
2024-01-16 00:54:59,771	[INFO]	55      SUCCESS               0.1007 (96.55%) [1 edit(s)] 
2024-01-16 00:55:00,597	[DEBUG]	StmtInsertion(('triangle.cpp.xml', '_inter_block', 10), ('triangle.cpp.xml', 'stmt', 10))
2024-01-16 00:55:00,597	[INFO]	56      TEST_CODE_ERROR       None  [1 edit(s)]       
2024-01-16 00:55:01,525	[DEBUG]	EXEC>  SUCCESS 0.1036
2024-01-16 00:55:01,526	[DEBUG]	StmtInsertion(('triangle.cpp.xml', '_inter_block', 31), ('triangle.cpp.xml', 'stmt', 19))
2024-01-16 00:55:01,526	[INFO]	57      SUCCESS               0.1036 (99.33%) [1 edit(s)] 
2024-01-16 00:55:02,458	[DEBUG]	EXEC>  SUCCESS 0.0967
2024-01-16 00:55:02,458	[DEBUG]	StmtInsertion(('triangle.cpp.xml', '_inter_block', 17), ('triangle.cpp.xml', 'stmt', 22))
2024-01-16 00:55:02,459	[INFO]	58      SUCCESS               0.0967 (92.71%) [1 edit(s)] 
2024-01-16 00:55:03,254	[DEBUG]	StmtDeletion(('triangle.cpp.xml', 'stmt', 11))
2024-01-16 00:55:03,254	[INFO]	59      TEST_CODE_ERROR       None  [1 edit(s)]       
2024-01-16 00:55:04,063	[DEBUG]	StmtInsertion(('triangle.cpp.xml', '_inter_block', 28), ('triangle.cpp.xml', 'stmt', 10))
2024-01-16 00:55:04,063	[INFO]	60      TEST_CODE_ERROR       None  [1 edit(s)]       
2024-01-16 00:55:04,973	[DEBUG]	EXEC>  SUCCESS 0.0973
2024-01-16 00:55:04,973	[DEBUG]	StmtInsertion(('triangle.cpp.xml', '_inter_block', 18), ('triangle.cpp.xml', 'stmt', 18))
2024-01-16 00:55:04,974	[INFO]	61      SUCCESS               0.0973 (93.29%) [1 edit(s)] 
2024-01-16 00:55:06,028	[DEBUG]	EXEC>  SUCCESS 0.1719
2024-01-16 00:55:06,028	[DEBUG]	StmtInsertion(('triangle.cpp.xml', '_inter_block', 2), ('triangle.cpp.xml', 'stmt', 1))
2024-01-16 00:55:06,029	[INFO]	62      SUCCESS               0.1719 (164.81%) [1 edit(s)] 
2024-01-16 00:55:06,906	[DEBUG]	EXEC>  SUCCESS 0.0972
2024-01-16 00:55:06,907	[DEBUG]	StmtInsertion(('triangle.cpp.xml', '_inter_block', 18), ('triangle.cpp.xml', 'stmt', 12))
2024-01-16 00:55:06,907	[INFO]	63      SUCCESS               0.0972 (93.19%) [1 edit(s)] 
2024-01-16 00:55:07,724	[DEBUG]	StmtInsertion(('triangle.cpp.xml', '_inter_block', 27), ('triangle.cpp.xml', 'stmt', 5))
2024-01-16 00:55:07,724	[INFO]	64      TEST_CODE_ERROR       None  [1 edit(s)]       
2024-01-16 00:55:07,726	[DEBUG]	StmtInsertion(('triangle.cpp.xml', '_inter_block', 18), ('triangle.cpp.xml', 'stmt', 18))
2024-01-16 00:55:07,726	[INFO]	65      SUCCESS               0.0973 (93.29%) [1 edit(s)] 
2024-01-16 00:55:08,527	[DEBUG]	StmtInsertion(('triangle.cpp.xml', '_inter_block', 26), ('triangle.cpp.xml', 'stmt', 17))
2024-01-16 00:55:08,527	[INFO]	66      TEST_CODE_ERROR       None  [1 edit(s)]       
2024-01-16 00:55:09,418	[DEBUG]	EXEC>  SUCCESS 0.0972
2024-01-16 00:55:09,418	[DEBUG]	StmtInsertion(('triangle.cpp.xml', '_inter_block', 33), ('triangle.cpp.xml', 'stmt', 21))
2024-01-16 00:55:09,419	[INFO]	67      SUCCESS               0.0972 (93.19%) [1 edit(s)] 
2024-01-16 00:55:09,568	[DEBUG]	StmtInsertion(('triangle.cpp.xml', '_inter_block', 2), ('triangle.cpp.xml', 'stmt', 8))
2024-01-16 00:55:09,568	[INFO]	68      COMPILE_CODE_ERROR    None  [1 edit(s)]       
2024-01-16 00:55:10,362	[DEBUG]	StmtInsertion(('triangle.cpp.xml', '_inter_block', 27), ('triangle.cpp.xml', 'stmt', 5))
2024-01-16 00:55:10,363	[INFO]	69      TEST_CODE_ERROR       None  [1 edit(s)]       
2024-01-16 00:55:10,520	[DEBUG]	StmtInsertion(('triangle.cpp.xml', '_inter_block', 7), ('triangle.cpp.xml', 'stmt', 19))
2024-01-16 00:55:10,520	[INFO]	70      COMPILE_CODE_ERROR    None  [1 edit(s)]       
2024-01-16 00:55:11,341	[DEBUG]	StmtInsertion(('triangle.cpp.xml', '_inter_block', 19), ('triangle.cpp.xml', 'stmt', 21))
2024-01-16 00:55:11,341	[INFO]	71      TEST_CODE_ERROR       None  [1 edit(s)]       
2024-01-16 00:55:11,497	[DEBUG]	StmtInsertion(('triangle.cpp.xml', '_inter_block', 1), ('triangle.cpp.xml', 'stmt', 21))
2024-01-16 00:55:11,498	[INFO]	72      COMPILE_CODE_ERROR    None  [1 edit(s)]       
2024-01-16 00:55:12,429	[DEBUG]	EXEC>  SUCCESS 0.1067
2024-01-16 00:55:12,429	[DEBUG]	StmtInsertion(('triangle.cpp.xml', '_inter_block', 13), ('triangle.cpp.xml', 'stmt', 18))
2024-01-16 00:55:12,430	[INFO]	73      SUCCESS               0.1067 (102.3%) [1 edit(s)] 
2024-01-16 00:55:12,432	[DEBUG]	StmtInsertion(('triangle.cpp.xml', '_inter_block', 30), ('triangle.cpp.xml', 'stmt', 13))
2024-01-16 00:55:12,432	[INFO]	74      SUCCESS               0.1007 (96.55%) [1 edit(s)] 
2024-01-16 00:55:13,294	[DEBUG]	StmtReplacement(('triangle.cpp.xml', 'stmt', 16), ('triangle.cpp.xml', 'stmt', 5))
2024-01-16 00:55:13,294	[INFO]	75      TEST_CODE_ERROR       None  [1 edit(s)]       
2024-01-16 00:55:14,216	[DEBUG]	EXEC>  SUCCESS 0.1092
2024-01-16 00:55:14,216	[DEBUG]	StmtInsertion(('triangle.cpp.xml', '_inter_block', 32), ('triangle.cpp.xml', 'stmt', 3))
2024-01-16 00:55:14,217	[INFO]	76      SUCCESS               0.1092 (104.7%) [1 edit(s)] 
2024-01-16 00:55:15,010	[DEBUG]	StmtInsertion(('triangle.cpp.xml', '_inter_block', 23), ('triangle.cpp.xml', 'stmt', 12))
2024-01-16 00:55:15,010	[INFO]	77      TEST_CODE_ERROR       None  [1 edit(s)]       
2024-01-16 00:55:15,851	[DEBUG]	StmtInsertion(('triangle.cpp.xml', '_inter_block', 13), ('triangle.cpp.xml', 'stmt', 7))
2024-01-16 00:55:15,851	[INFO]	78      TEST_CODE_ERROR       None  [1 edit(s)]       
2024-01-16 00:55:16,672	[DEBUG]	StmtInsertion(('triangle.cpp.xml', '_inter_block', 29), ('triangle.cpp.xml', 'stmt', 17))
2024-01-16 00:55:16,672	[INFO]	79      TEST_CODE_ERROR       None  [1 edit(s)]       
2024-01-16 00:55:17,482	[DEBUG]	StmtInsertion(('triangle.cpp.xml', '_inter_block', 20), ('triangle.cpp.xml', 'stmt', 18))
2024-01-16 00:55:17,483	[INFO]	80      TEST_CODE_ERROR       None  [1 edit(s)]       
2024-01-16 00:55:18,280	[DEBUG]	StmtReplacement(('triangle.cpp.xml', 'stmt', 6), ('triangle.cpp.xml', 'stmt', 22))
2024-01-16 00:55:18,280	[INFO]	81      TEST_CODE_ERROR       None  [1 edit(s)]       
2024-01-16 00:55:19,061	[DEBUG]	StmtInsertion(('triangle.cpp.xml', '_inter_block', 23), ('triangle.cpp.xml', 'stmt', 17))
2024-01-16 00:55:19,062	[INFO]	82      TEST_CODE_ERROR       None  [1 edit(s)]       
2024-01-16 00:55:19,208	[DEBUG]	StmtInsertion(('triangle.cpp.xml', '_inter_block', 4), ('triangle.cpp.xml', 'stmt', 0))
2024-01-16 00:55:19,209	[INFO]	83      COMPILE_CODE_ERROR    None  [1 edit(s)]       
2024-01-16 00:55:20,099	[DEBUG]	EXEC>  SUCCESS 0.096
2024-01-16 00:55:20,100	[DEBUG]	StmtInsertion(('triangle.cpp.xml', '_inter_block', 33), ('triangle.cpp.xml', 'stmt', 13))
2024-01-16 00:55:20,101	[INFO]	84      SUCCESS               0.096 (92.04%) [1 edit(s)] 
2024-01-16 00:55:20,254	[DEBUG]	StmtInsertion(('triangle.cpp.xml', '_inter_block', 7), ('triangle.cpp.xml', 'stmt', 8))
2024-01-16 00:55:20,254	[INFO]	85      COMPILE_CODE_ERROR    None  [1 edit(s)]       
2024-01-16 00:55:21,145	[DEBUG]	EXEC>  SUCCESS 0.0957
2024-01-16 00:55:21,145	[DEBUG]	StmtInsertion(('triangle.cpp.xml', '_inter_block', 31), ('triangle.cpp.xml', 'stmt', 6))
2024-01-16 00:55:21,146	[INFO]	86      SUCCESS               0.0957 (91.75%) [1 edit(s)] 
2024-01-16 00:55:22,090	[DEBUG]	EXEC>  SUCCESS 0.1062
2024-01-16 00:55:22,091	[DEBUG]	StmtInsertion(('triangle.cpp.xml', '_inter_block', 33), ('triangle.cpp.xml', 'stmt', 4))
2024-01-16 00:55:22,091	[INFO]	87      SUCCESS               0.1062 (101.82%) [1 edit(s)] 
2024-01-16 00:55:23,070	[DEBUG]	EXEC>  SUCCESS 0.1049
2024-01-16 00:55:23,070	[DEBUG]	StmtInsertion(('triangle.cpp.xml', '_inter_block', 35), ('triangle.cpp.xml', 'stmt', 4))
2024-01-16 00:55:23,071	[INFO]	88      SUCCESS               0.1049 (100.58%) [1 edit(s)] 
2024-01-16 00:55:24,077	[DEBUG]	EXEC>  SUCCESS 0.1295
2024-01-16 00:55:24,078	[DEBUG]	StmtInsertion(('triangle.cpp.xml', '_inter_block', 21), ('triangle.cpp.xml', 'stmt', 3))
2024-01-16 00:55:24,078	[INFO]	89      SUCCESS               0.1295 (124.16%) [1 edit(s)] 
2024-01-16 00:55:24,230	[DEBUG]	StmtInsertion(('triangle.cpp.xml', '_inter_block', 4), ('triangle.cpp.xml', 'stmt', 0))
2024-01-16 00:55:24,230	[INFO]	90      COMPILE_CODE_ERROR    None  [1 edit(s)]       
2024-01-16 00:55:24,358	[DEBUG]	StmtInsertion(('triangle.cpp.xml', '_inter_block', 0), ('triangle.cpp.xml', 'stmt', 7))
2024-01-16 00:55:24,359	[INFO]	91      COMPILE_CODE_ERROR    None  [1 edit(s)]       
2024-01-16 00:55:25,252	[DEBUG]	EXEC>  SUCCESS 0.1002
2024-01-16 00:55:25,252	[DEBUG]	StmtInsertion(('triangle.cpp.xml', '_inter_block', 34), ('triangle.cpp.xml', 'stmt', 10))
2024-01-16 00:55:25,253	[INFO]	92      SUCCESS               0.1002 (96.07%) [1 edit(s)] 
2024-01-16 00:55:26,202	[DEBUG]	EXEC>  SUCCESS 0.1035
2024-01-16 00:55:26,203	[DEBUG]	StmtInsertion(('triangle.cpp.xml', '_inter_block', 26), ('triangle.cpp.xml', 'stmt', 0))
2024-01-16 00:55:26,204	[INFO]	93      SUCCESS               0.1035 (99.23%) [1 edit(s)] 
2024-01-16 00:55:27,172	[DEBUG]	EXEC>  SUCCESS 0.106
2024-01-16 00:55:27,172	[DEBUG]	StmtInsertion(('triangle.cpp.xml', '_inter_block', 30), ('triangle.cpp.xml', 'stmt', 16))
2024-01-16 00:55:27,173	[INFO]	94      SUCCESS               0.106 (101.63%) [1 edit(s)] 
2024-01-16 00:55:28,098	[DEBUG]	EXEC>  SUCCESS 0.0972
2024-01-16 00:55:28,099	[DEBUG]	StmtInsertion(('triangle.cpp.xml', '_inter_block', 17), ('triangle.cpp.xml', 'stmt', 4))
2024-01-16 00:55:28,099	[INFO]	95      SUCCESS               0.0972 (93.19%) [1 edit(s)] 
2024-01-16 00:55:28,906	[DEBUG]	StmtInsertion(('triangle.cpp.xml', '_inter_block', 11), ('triangle.cpp.xml', 'stmt', 22))
2024-01-16 00:55:28,907	[INFO]	96      TEST_CODE_ERROR       None  [1 edit(s)]       
2024-01-16 00:55:29,044	[DEBUG]	StmtInsertion(('triangle.cpp.xml', '_inter_block', 5), ('triangle.cpp.xml', 'stmt', 7))
2024-01-16 00:55:29,045	[INFO]	97      COMPILE_CODE_ERROR    None  [1 edit(s)]       
2024-01-16 00:55:29,965	[DEBUG]	EXEC>  SUCCESS 0.0971
2024-01-16 00:55:29,965	[DEBUG]	StmtInsertion(('triangle.cpp.xml', '_inter_block', 19), ('triangle.cpp.xml', 'stmt', 20))
2024-01-16 00:55:29,966	[INFO]	98      SUCCESS               0.0971 (93.1%) [1 edit(s)] 
2024-01-16 00:55:30,821	[DEBUG]	EXEC>  SUCCESS 0.1076
2024-01-16 00:55:30,821	[DEBUG]	StmtInsertion(('triangle.cpp.xml', '_inter_block', 15), ('triangle.cpp.xml', 'stmt', 13))
2024-01-16 00:55:30,822	[INFO]	99      SUCCESS               0.1076 (103.16%) [1 edit(s)] 
2024-01-16 00:55:30,973	[DEBUG]	StmtInsertion(('triangle.cpp.xml', '_inter_block', 0), ('triangle.cpp.xml', 'stmt', 4))
2024-01-16 00:55:30,973	[INFO]	100     COMPILE_CODE_ERROR    None  [1 edit(s)]       
2024-01-16 00:55:30,974	[INFO]	==== END ====
2024-01-16 00:55:30,974	[INFO]	
2024-01-16 00:55:30,975	[INFO]	==== REPORT ====
2024-01-16 00:55:30,975	[INFO]	Termination: step budget
2024-01-16 00:55:30,976	[INFO]	Log file: /cs/student/ug/2020/damibose/projects/magpie/_magpie_logs/triangle-cpp_slow_1705366457.log
2024-01-16 00:55:30,977	[INFO]	Patch file: _magpie_logs/triangle-cpp_slow_1705366457.patch
2024-01-16 00:55:30,977	[INFO]	Diff file: _magpie_logs/triangle-cpp_slow_1705366457.diff
2024-01-16 00:55:30,978	[INFO]	Best fitness: 0.0923
2024-01-16 00:55:30,978	[INFO]	Best patch: StmtInsertion(('triangle.cpp.xml', '_inter_block', 18), ('triangle.cpp.xml', 'stmt', 20))
2024-01-16 00:55:30,978	[INFO]	Diff:
--- before: triangle.cpp
+++ after: triangle.cpp
@@ -12,6 +12,10 @@
 
   // Sort the sides so that a <= b <= c
   if(a > b) {
+    if(a == b || b == c)
+      /*auto*/{
+        return ISOSCELES;
+      }/*auto*/
     tmp = a;
     a = b;
     b = tmp;

