2023-12-27 20:02:35,685	[DEBUG]	==== CONFIG ====
[magpie]
import = 
seed = 42
log_dir = _magpie_logs
work_dir = _magpie_work
final_out_dir = fitness_variance_investigation/results
local_original_copy = True
local_original_name = __original__
output_encoding = ascii
edit_retries = 10
default_timeout = 30
default_lengthout = 1e6
diff_method = unified
trust_local_filesystem = True

[software]
path = examples/code/minisat
target_files = 
	core/Solver.cc.xml
program = BasicProgram
engine_rules = 
	*.params : ConfigFileParamsEngine
	*.xml : SrcmlEngine
	* : LineEngine
engine_config = 
	*.params : [params]
	*.xml : [srcml]
init_cmd = 
init_timeout = 60
init_lengthout = -1
setup_cmd = ./compile.sh
setup_timeout = 
setup_lengthout = 
compile_cmd = ./compile.sh
compile_timeout = 
compile_lengthout = 
test_cmd = ./test.sh
test_timeout = 
test_lengthout = 
run_cmd = perf stat ./run_fixed.sh
run_timeout = 
run_lengthout = 
batch_timeout = 
batch_lengthout = 
batch_bin_fitness_strategy = aggregate
batch_fitness_strategy = sum
fitness = perf_instructions

[srcml]
rename = 
	stmt: break continue decl_stmt do expr_stmt for goto if return switch while
focus = block stmt
internodes = block
process_pseudo_blocks = True
process_literals = False
process_operators = False

[params]
timing = test run
cli_prefix = --
cli_glue = =
cli_boolean = show
cli_boolean_prefix_true = 
cli_boolean_prefix_false = no-
silent_prefix = @
silent_suffix = $

[search]
protocol = BasicProtocol
algorithm = RandomSearch
possible_edits = 
	StmtReplacement
	StmtInsertion
	StmtDeletion
warmup = 1
warmup_strategy = last
max_steps = 0
max_time = 0
target_fitness = 
cache_maxsize = 40
cache_keep = 0.2
batch_instances = 
batch_shuffle = True
batch_bin_shuffle = False
batch_sample_size = 1

[search.ls]
delete_prob = 0.5
max_neighbours = 
when_trapped = continue
accept_fail = False
tabu_length = 10

[search.gp]
pop_size = 10
delete_prob = 0.5
offspring_elitism = 0.1
offspring_crossover = 0.5
offspring_mutation = 0.4
uniform_rate = 0.5
batch_reset = True

[search.minify]
do_cleanup = True
do_rebuild = True
do_simplify = True
round_robin_limit = 3


2023-12-27 20:02:35,761	[INFO]	==== WARMUP ====
2023-12-27 20:03:20,815	[DEBUG]	EXEC>  SUCCESS 55207290153
2023-12-27 20:03:20,817	[INFO]	WARM    SUCCESS               55207290153             
2023-12-27 20:03:20,818	[INFO]	INITIAL SUCCESS               55207290153             
2023-12-27 20:03:20,818	[INFO]	==== START: RandomSearch ====
2023-12-27 20:03:20,827	[INFO]	==== END ====
2023-12-27 20:03:20,827	[INFO]	
2023-12-27 20:03:20,827	[INFO]	==== REPORT ====
2023-12-27 20:03:20,827	[INFO]	Termination: time budget
2023-12-27 20:03:20,827	[INFO]	Log file: /cs/student/ug/2020/damibose/projects/magpie/_magpie_logs/minisat_1703707343.log
