2023-12-15 02:33:10,550	[DEBUG]	==== CONFIG ====
[magpie]
import = 
seed = 1
log_dir = _magpie_logs
work_dir = _magpie_work
final_out_dir = experiments/results_e_greedy_proof_of_concept/epsilon_greedy/RandomSearch/trial_1
local_original_copy = True
local_original_name = __original__
output_encoding = ascii
edit_retries = 10
default_timeout = 30
default_lengthout = 10000.0
diff_method = unified
trust_local_filesystem = True

[software]
path = examples/code/triangle-cpp_slow
target_files = 
	triangle.cpp.xml
program = BasicProgram
engine_rules = 
	*.params : ConfigFileParamsEngine
	*.xml : SrcmlEngine
	* : LineEngine
engine_config = 
	*.params : [params]
	*.xml : [srcml]
init_cmd = 
init_timeout = 60
init_lengthout = -1
setup_cmd = ./setup.sh
setup_timeout = 
setup_lengthout = 
compile_cmd = ./compile.sh
compile_timeout = 
compile_lengthout = 
test_cmd = ./build/test_triangle
test_timeout = 
test_lengthout = 
run_cmd = perf stat ./build/run_triangle
run_timeout = 1
run_lengthout = 
batch_timeout = 
batch_lengthout = 
batch_bin_fitness_strategy = aggregate
batch_fitness_strategy = sum
fitness = perf_instructions

[srcml]
rename = 
focus = block break continue decl_stmt do expr_stmt for goto if return switch while
internodes = block
process_pseudo_blocks = True
process_literals = False
process_operators = False

[params]
timing = test run
cli_prefix = --
cli_glue = =
cli_boolean = show
cli_boolean_prefix_true = 
cli_boolean_prefix_false = no-
silent_prefix = @
silent_suffix = $

[search]
protocol = BasicProtocol
algorithm = RandomSearch
possible_edits = 
	DeclStmtReplacement
	ExprStmtReplacement
	IfReplacement
	ReturnReplacement
	DeclStmtInsertion
	ExprStmtInsertion
	IfInsertion
	ReturnInsertion
	DeclStmtDeletion
	ExprStmtDeletion
	IfDeletion
	ReturnDeletion
warmup = 5
warmup_strategy = last
max_steps = 100
max_time = 60
target_fitness = 
cache_maxsize = 40
cache_keep = 0.2
batch_instances = 
batch_shuffle = True
batch_bin_shuffle = False
batch_sample_size = 1
operator_selector = EpsilonGreedy
epsilon = 0.2

[search.ls]
delete_prob = 0
max_neighbours = 20
when_trapped = continue
accept_fail = False
tabu_length = 10

[search.gp]
pop_size = 10
delete_prob = 0.5
offspring_elitism = 0.1
offspring_crossover = 0.5
offspring_mutation = 0.4
uniform_rate = 0.5
batch_reset = True

[search.minify]
do_cleanup = True
do_rebuild = True
do_simplify = True
round_robin_limit = 3


2023-12-15 02:33:10,555	[INFO]	==== WARMUP ====
2023-12-15 02:33:13,034	[DEBUG]	EXEC>  SUCCESS 1489008
2023-12-15 02:33:13,034	[INFO]	WARM    SUCCESS               1489008                 
2023-12-15 02:33:14,045	[DEBUG]	EXEC>  SUCCESS 1376445
2023-12-15 02:33:14,046	[INFO]	WARM    SUCCESS               1376445                 
2023-12-15 02:33:15,079	[DEBUG]	EXEC>  SUCCESS 1204240
2023-12-15 02:33:15,079	[INFO]	WARM    SUCCESS               1204240                 
2023-12-15 02:33:16,051	[DEBUG]	EXEC>  SUCCESS 1250527
2023-12-15 02:33:16,051	[INFO]	WARM    SUCCESS               1250527                 
2023-12-15 02:33:17,022	[DEBUG]	EXEC>  SUCCESS 1204239
2023-12-15 02:33:17,023	[INFO]	WARM    SUCCESS               1204239                 
2023-12-15 02:33:17,024	[INFO]	INITIAL SUCCESS               1204239                 
2023-12-15 02:33:17,025	[INFO]	==== START: RandomSearch ====
2023-12-15 02:33:18,081	[DEBUG]	EXEC>  SUCCESS 1204298
2023-12-15 02:33:18,081	[DEBUG]	ExprStmtInsertion(('triangle.cpp.xml', '_inter_block', 25), ('triangle.cpp.xml', 'expr_stmt', 8))
2023-12-15 02:33:18,082	[INFO]	1       SUCCESS               1204298 (100.0%) [1 edit(s)] 
2023-12-15 02:33:18,236	[DEBUG]	DeclStmtReplacement(('triangle.cpp.xml', 'decl_stmt', 1), ('triangle.cpp.xml', 'stmt', 14))
2023-12-15 02:33:18,236	[INFO]	2       COMPILE_CODE_ERROR    None  [1 edit(s)]       
2023-12-15 02:33:19,044	[DEBUG]	ExprStmtReplacement(('triangle.cpp.xml', 'expr_stmt', 6), ('triangle.cpp.xml', 'stmt', 6))
2023-12-15 02:33:19,045	[INFO]	3       TEST_CODE_ERROR       None  [1 edit(s)]       
2023-12-15 02:33:19,849	[DEBUG]	ReturnReplacement(('triangle.cpp.xml', 'return', 0), ('triangle.cpp.xml', 'stmt', 9))
2023-12-15 02:33:19,849	[INFO]	4       TEST_CODE_ERROR       None  [1 edit(s)]       
2023-12-15 02:33:20,646	[DEBUG]	IfReplacement(('triangle.cpp.xml', 'if', 2), ('triangle.cpp.xml', 'stmt', 5))
2023-12-15 02:33:20,646	[INFO]	5       TEST_CODE_ERROR       None  [1 edit(s)]       
2023-12-15 02:33:20,798	[DEBUG]	DeclStmtInsertion(('triangle.cpp.xml', '_inter_block', 9), ('triangle.cpp.xml', 'decl_stmt', 1))
2023-12-15 02:33:20,798	[INFO]	6       COMPILE_CODE_ERROR    None  [1 edit(s)]       
2023-12-15 02:33:21,747	[DEBUG]	EXEC>  SUCCESS 1204428
2023-12-15 02:33:21,747	[DEBUG]	IfInsertion(('triangle.cpp.xml', '_inter_block', 6), ('triangle.cpp.xml', 'if', 0))
2023-12-15 02:33:21,748	[INFO]	7       SUCCESS               1204428 (100.02%) [1 edit(s)] 
2023-12-15 02:33:22,580	[DEBUG]	ReturnInsertion(('triangle.cpp.xml', '_inter_block', 22), ('triangle.cpp.xml', 'return', 3))
2023-12-15 02:33:22,580	[INFO]	8       TEST_CODE_ERROR       None  [1 edit(s)]       
2023-12-15 02:33:22,746	[DEBUG]	DeclStmtDeletion(('triangle.cpp.xml', 'decl_stmt', 1))
2023-12-15 02:33:22,747	[INFO]	9       COMPILE_CODE_ERROR    None  [1 edit(s)]       
2023-12-15 02:33:23,532	[DEBUG]	ExprStmtDeletion(('triangle.cpp.xml', 'expr_stmt', 2))
2023-12-15 02:33:23,532	[INFO]	10      TEST_CODE_ERROR       None  [1 edit(s)]       
2023-12-15 02:33:24,332	[DEBUG]	IfDeletion(('triangle.cpp.xml', 'if', 5))
2023-12-15 02:33:24,333	[INFO]	11      TEST_CODE_ERROR       None  [1 edit(s)]       
2023-12-15 02:33:25,116	[DEBUG]	ReturnDeletion(('triangle.cpp.xml', 'return', 0))
2023-12-15 02:33:25,116	[INFO]	12      TEST_CODE_ERROR       None  [1 edit(s)]       
2023-12-15 02:33:26,075	[DEBUG]	EXEC>  SUCCESS 1482341
2023-12-15 02:33:26,075	[DEBUG]	ExprStmtInsertion(('triangle.cpp.xml', '_inter_block', 15), ('triangle.cpp.xml', 'expr_stmt', 2))
2023-12-15 02:33:26,076	[INFO]	13      SUCCESS               1482341 (123.09%) [1 edit(s)] 
2023-12-15 02:33:27,079	[DEBUG]	EXEC>  SUCCESS 1204428
2023-12-15 02:33:27,080	[DEBUG]	IfInsertion(('triangle.cpp.xml', '_inter_block', 7), ('triangle.cpp.xml', 'if', 0))
2023-12-15 02:33:27,081	[INFO]	14      SUCCESS               1204428 (100.02%) [1 edit(s)] 
2023-12-15 02:33:27,230	[DEBUG]	IfInsertion(('triangle.cpp.xml', '_inter_block', 2), ('triangle.cpp.xml', 'if', 2))
2023-12-15 02:33:27,231	[INFO]	15      COMPILE_CODE_ERROR    None  [1 edit(s)]       
2023-12-15 02:33:28,016	[DEBUG]	ExprStmtInsertion(('triangle.cpp.xml', '_inter_block', 24), ('triangle.cpp.xml', 'expr_stmt', 3))
2023-12-15 02:33:28,017	[INFO]	16      TEST_CODE_ERROR       None  [1 edit(s)]       
2023-12-15 02:33:29,011	[DEBUG]	EXEC>  SUCCESS 1204286
2023-12-15 02:33:29,011	[DEBUG]	IfInsertion(('triangle.cpp.xml', '_inter_block', 12), ('triangle.cpp.xml', 'if', 1))
2023-12-15 02:33:29,012	[INFO]	17      SUCCESS               1204286 (100.0%) [1 edit(s)] 
2023-12-15 02:33:29,831	[DEBUG]	IfInsertion(('triangle.cpp.xml', '_inter_block', 16), ('triangle.cpp.xml', 'if', 5))
2023-12-15 02:33:29,831	[INFO]	18      TEST_CODE_ERROR       None  [1 edit(s)]       
2023-12-15 02:33:30,809	[DEBUG]	EXEC>  SUCCESS 1204270
2023-12-15 02:33:30,810	[DEBUG]	ExprStmtInsertion(('triangle.cpp.xml', '_inter_block', 21), ('triangle.cpp.xml', 'expr_stmt', 5))
2023-12-15 02:33:30,810	[INFO]	19      SUCCESS               1204270 (100.0%) [1 edit(s)] 
2023-12-15 02:33:30,964	[DEBUG]	ExprStmtInsertion(('triangle.cpp.xml', '_inter_block', 27), ('triangle.cpp.xml', 'expr_stmt', 0))
2023-12-15 02:33:30,965	[INFO]	20      COMPILE_CODE_ERROR    None  [1 edit(s)]       
2023-12-15 02:33:31,955	[DEBUG]	EXEC>  SUCCESS 1204446
2023-12-15 02:33:31,956	[DEBUG]	IfInsertion(('triangle.cpp.xml', '_inter_block', 6), ('triangle.cpp.xml', 'if', 2))
2023-12-15 02:33:31,956	[INFO]	21      SUCCESS               1204446 (100.02%) [1 edit(s)] 
2023-12-15 02:33:32,944	[DEBUG]	EXEC>  SUCCESS 1204384
2023-12-15 02:33:32,945	[DEBUG]	IfInsertion(('triangle.cpp.xml', '_inter_block', 17), ('triangle.cpp.xml', 'if', 4))
2023-12-15 02:33:32,946	[INFO]	22      SUCCESS               1204384 (100.01%) [1 edit(s)] 
2023-12-15 02:33:33,975	[DEBUG]	EXEC>  SUCCESS 1204313
2023-12-15 02:33:33,976	[DEBUG]	IfInsertion(('triangle.cpp.xml', '_inter_block', 19), ('triangle.cpp.xml', 'if', 3))
2023-12-15 02:33:33,976	[INFO]	23      SUCCESS               1204313 (100.01%) [1 edit(s)] 
2023-12-15 02:33:34,963	[DEBUG]	EXEC>  SUCCESS 1204238
2023-12-15 02:33:34,964	[DEBUG]	IfInsertion(('triangle.cpp.xml', '_inter_block', 27), ('triangle.cpp.xml', 'if', 1))
2023-12-15 02:33:34,964	[INFO]	24      SUCCESS              *1204238 (100.0%) [1 edit(s)] 
2023-12-15 02:33:34,966	[DEBUG]	--- before: triangle.cpp
+++ after: triangle.cpp
@@ -32,6 +32,11 @@
   if(a + b <= c)
     /*auto*/{
       return INVALID;
+      if(a > c) {
+        tmp = a;
+        a = c;
+        c = tmp;
+      }
     }/*auto*/
   if(a == b && b == c)
     /*auto*/{

2023-12-15 02:33:35,961	[DEBUG]	EXEC>  SUCCESS 1204266
2023-12-15 02:33:35,962	[DEBUG]	IfInsertion(('triangle.cpp.xml', '_inter_block', 28), ('triangle.cpp.xml', 'if', 2))
2023-12-15 02:33:35,963	[INFO]	25      SUCCESS               1204266 (100.0%) [1 edit(s)] 
2023-12-15 02:33:36,946	[DEBUG]	EXEC>  SUCCESS 1204238
2023-12-15 02:33:36,946	[DEBUG]	IfInsertion(('triangle.cpp.xml', '_inter_block', 31), ('triangle.cpp.xml', 'if', 1))
2023-12-15 02:33:36,947	[INFO]	26      SUCCESS               1204238 (100.0%) [1 edit(s)] 
2023-12-15 02:33:37,779	[DEBUG]	IfInsertion(('triangle.cpp.xml', '_inter_block', 22), ('triangle.cpp.xml', 'if', 2))
2023-12-15 02:33:37,779	[INFO]	27      TEST_CODE_ERROR       None  [1 edit(s)]       
2023-12-15 02:33:38,606	[DEBUG]	ReturnDeletion(('triangle.cpp.xml', 'return', 3))
2023-12-15 02:33:38,606	[INFO]	28      TEST_CODE_ERROR       None  [1 edit(s)]       
2023-12-15 02:33:38,746	[DEBUG]	IfInsertion(('triangle.cpp.xml', '_inter_block', 0), ('triangle.cpp.xml', 'if', 4))
2023-12-15 02:33:38,746	[INFO]	29      COMPILE_CODE_ERROR    None  [1 edit(s)]       
2023-12-15 02:33:39,525	[DEBUG]	ReturnReplacement(('triangle.cpp.xml', 'return', 2), ('triangle.cpp.xml', 'stmt', 13))
2023-12-15 02:33:39,526	[INFO]	30      TEST_CODE_ERROR       None  [1 edit(s)]       
2023-12-15 02:33:40,551	[DEBUG]	EXEC>  SUCCESS 1203978
2023-12-15 02:33:40,551	[DEBUG]	IfDeletion(('triangle.cpp.xml', 'if', 1))
2023-12-15 02:33:40,552	[INFO]	31      SUCCESS              *1203978 (99.98%) [1 edit(s)] 
2023-12-15 02:33:40,553	[DEBUG]	--- before: triangle.cpp
+++ after: triangle.cpp
@@ -17,11 +17,7 @@
     b = tmp;
   }
 
-  if(a > c) {
-    tmp = a;
-    a = c;
-    c = tmp;
-  }
+  
 
   if(b > c) {
     tmp = b;

2023-12-15 02:33:40,555	[DEBUG]	IfInsertion(('triangle.cpp.xml', '_inter_block', 31), ('triangle.cpp.xml', 'if', 1))
2023-12-15 02:33:40,555	[INFO]	32      SUCCESS               1204238 (100.0%) [1 edit(s)] 
2023-12-15 02:33:41,567	[DEBUG]	EXEC>  SUCCESS 1204290
2023-12-15 02:33:41,567	[DEBUG]	IfInsertion(('triangle.cpp.xml', '_inter_block', 21), ('triangle.cpp.xml', 'if', 3))
2023-12-15 02:33:41,568	[INFO]	33      SUCCESS               1204290 (100.0%) [1 edit(s)] 
2023-12-15 02:33:42,547	[DEBUG]	EXEC>  SUCCESS 1204240
2023-12-15 02:33:42,548	[DEBUG]	IfInsertion(('triangle.cpp.xml', '_inter_block', 13), ('triangle.cpp.xml', 'if', 5))
2023-12-15 02:33:42,549	[INFO]	34      SUCCESS               1204240 (100.0%) [1 edit(s)] 
2023-12-15 02:33:43,343	[DEBUG]	IfInsertion(('triangle.cpp.xml', '_inter_block', 28), ('triangle.cpp.xml', 'if', 5))
2023-12-15 02:33:43,343	[INFO]	35      TEST_CODE_ERROR       None  [1 edit(s)]       
2023-12-15 02:33:44,352	[DEBUG]	EXEC>  SUCCESS 1204239
2023-12-15 02:33:44,353	[DEBUG]	IfInsertion(('triangle.cpp.xml', '_inter_block', 13), ('triangle.cpp.xml', 'if', 4))
2023-12-15 02:33:44,354	[INFO]	36      SUCCESS               1204239 (100.0%) [1 edit(s)] 
2023-12-15 02:33:45,332	[DEBUG]	EXEC>  SUCCESS 1204331
2023-12-15 02:33:45,332	[DEBUG]	IfInsertion(('triangle.cpp.xml', '_inter_block', 12), ('triangle.cpp.xml', 'if', 4))
2023-12-15 02:33:45,333	[INFO]	37      SUCCESS               1204331 (100.01%) [1 edit(s)] 
2023-12-15 02:33:45,474	[DEBUG]	IfInsertion(('triangle.cpp.xml', '_inter_block', 3), ('triangle.cpp.xml', 'if', 5))
2023-12-15 02:33:45,475	[INFO]	38      COMPILE_CODE_ERROR    None  [1 edit(s)]       
2023-12-15 02:33:46,248	[DEBUG]	IfInsertion(('triangle.cpp.xml', '_inter_block', 16), ('triangle.cpp.xml', 'if', 4))
2023-12-15 02:33:46,248	[INFO]	39      TEST_CODE_ERROR       None  [1 edit(s)]       
2023-12-15 02:33:46,386	[DEBUG]	IfInsertion(('triangle.cpp.xml', '_inter_block', 3), ('triangle.cpp.xml', 'if', 2))
2023-12-15 02:33:46,387	[INFO]	40      COMPILE_CODE_ERROR    None  [1 edit(s)]       
2023-12-15 02:33:47,341	[DEBUG]	EXEC>  SUCCESS 1539642
2023-12-15 02:33:47,342	[DEBUG]	IfInsertion(('triangle.cpp.xml', '_inter_block', 20), ('triangle.cpp.xml', 'if', 3))
2023-12-15 02:33:47,343	[INFO]	41      SUCCESS               1539642 (127.85%) [1 edit(s)] 
2023-12-15 02:33:47,505	[DEBUG]	IfInsertion(('triangle.cpp.xml', '_inter_block', 1), ('triangle.cpp.xml', 'if', 1))
2023-12-15 02:33:47,506	[INFO]	42      COMPILE_CODE_ERROR    None  [1 edit(s)]       
2023-12-15 02:33:47,637	[DEBUG]	IfInsertion(('triangle.cpp.xml', '_inter_block', 0), ('triangle.cpp.xml', 'if', 3))
2023-12-15 02:33:47,637	[INFO]	43      COMPILE_CODE_ERROR    None  [1 edit(s)]       
2023-12-15 02:33:48,610	[DEBUG]	EXEC>  SUCCESS 1204271
2023-12-15 02:33:48,611	[DEBUG]	ExprStmtInsertion(('triangle.cpp.xml', '_inter_block', 12), ('triangle.cpp.xml', 'expr_stmt', 10))
2023-12-15 02:33:48,612	[INFO]	44      SUCCESS               1204271 (100.0%) [1 edit(s)] 
2023-12-15 02:33:49,458	[DEBUG]	ExprStmtInsertion(('triangle.cpp.xml', '_inter_block', 24), ('triangle.cpp.xml', 'expr_stmt', 4))
2023-12-15 02:33:49,458	[INFO]	45      TEST_CODE_ERROR       None  [1 edit(s)]       
2023-12-15 02:33:50,294	[DEBUG]	ExprStmtDeletion(('triangle.cpp.xml', 'expr_stmt', 6))
2023-12-15 02:33:50,295	[INFO]	46      TEST_CODE_ERROR       None  [1 edit(s)]       
2023-12-15 02:33:51,130	[DEBUG]	IfInsertion(('triangle.cpp.xml', '_inter_block', 15), ('triangle.cpp.xml', 'if', 1))
2023-12-15 02:33:51,131	[INFO]	47      TEST_CODE_ERROR       None  [1 edit(s)]       
2023-12-15 02:33:51,962	[DEBUG]	IfInsertion(('triangle.cpp.xml', '_inter_block', 7), ('triangle.cpp.xml', 'if', 5))
2023-12-15 02:33:51,962	[INFO]	48      TEST_CODE_ERROR       None  [1 edit(s)]       
2023-12-15 02:33:52,949	[DEBUG]	EXEC>  SUCCESS 1204365
2023-12-15 02:33:52,950	[DEBUG]	ExprStmtInsertion(('triangle.cpp.xml', '_inter_block', 5), ('triangle.cpp.xml', 'expr_stmt', 8))
2023-12-15 02:33:52,950	[INFO]	49      SUCCESS               1204365 (100.01%) [1 edit(s)] 
2023-12-15 02:33:53,757	[DEBUG]	ExprStmtInsertion(('triangle.cpp.xml', '_inter_block', 6), ('triangle.cpp.xml', 'expr_stmt', 9))
2023-12-15 02:33:53,758	[INFO]	50      TEST_CODE_ERROR       None  [1 edit(s)]       
2023-12-15 02:33:54,731	[DEBUG]	EXEC>  SUCCESS 1204239
2023-12-15 02:33:54,732	[DEBUG]	ReturnInsertion(('triangle.cpp.xml', '_inter_block', 28), ('triangle.cpp.xml', 'return', 1))
2023-12-15 02:33:54,733	[INFO]	51      SUCCESS               1204239 (100.0%) [1 edit(s)] 
2023-12-15 02:33:55,560	[DEBUG]	ExprStmtDeletion(('triangle.cpp.xml', 'expr_stmt', 3))
2023-12-15 02:33:55,561	[INFO]	52      TEST_CODE_ERROR       None  [1 edit(s)]       
2023-12-15 02:33:56,387	[DEBUG]	DeclStmtInsertion(('triangle.cpp.xml', '_inter_block', 19), ('triangle.cpp.xml', 'decl_stmt', 1))
2023-12-15 02:33:56,387	[INFO]	53      TEST_CODE_ERROR       None  [1 edit(s)]       
2023-12-15 02:33:57,202	[DEBUG]	IfInsertion(('triangle.cpp.xml', '_inter_block', 16), ('triangle.cpp.xml', 'if', 5))
2023-12-15 02:33:57,202	[INFO]	54      TEST_CODE_ERROR       None  [1 edit(s)]       
2023-12-15 02:33:58,244	[DEBUG]	EXEC>  SUCCESS 1204347
2023-12-15 02:33:58,245	[DEBUG]	IfInsertion(('triangle.cpp.xml', '_inter_block', 10), ('triangle.cpp.xml', 'if', 0))
2023-12-15 02:33:58,245	[INFO]	55      SUCCESS               1204347 (100.01%) [1 edit(s)] 
2023-12-15 02:33:59,215	[DEBUG]	EXEC>  SUCCESS 1204257
2023-12-15 02:33:59,215	[DEBUG]	IfInsertion(('triangle.cpp.xml', '_inter_block', 14), ('triangle.cpp.xml', 'if', 3))
2023-12-15 02:33:59,216	[INFO]	56      SUCCESS               1204257 (100.0%) [1 edit(s)] 
2023-12-15 02:34:00,110	[DEBUG]	IfInsertion(('triangle.cpp.xml', '_inter_block', 26), ('triangle.cpp.xml', 'if', 5))
2023-12-15 02:34:00,111	[INFO]	57      TEST_CODE_ERROR       None  [1 edit(s)]       
2023-12-15 02:34:01,029	[DEBUG]	IfReplacement(('triangle.cpp.xml', 'if', 4), ('triangle.cpp.xml', 'stmt', 5))
2023-12-15 02:34:01,029	[INFO]	58      TEST_CODE_ERROR       None  [1 edit(s)]       
2023-12-15 02:34:01,031	[DEBUG]	ExprStmtInsertion(('triangle.cpp.xml', '_inter_block', 5), ('triangle.cpp.xml', 'expr_stmt', 8))
2023-12-15 02:34:01,031	[INFO]	59      SUCCESS               1204365 (100.01%) [1 edit(s)] 
2023-12-15 02:34:02,001	[DEBUG]	EXEC>  SUCCESS 1204301
2023-12-15 02:34:02,002	[DEBUG]	ExprStmtInsertion(('triangle.cpp.xml', '_inter_block', 25), ('triangle.cpp.xml', 'expr_stmt', 5))
2023-12-15 02:34:02,002	[INFO]	60      SUCCESS               1204301 (100.01%) [1 edit(s)] 
2023-12-15 02:34:02,852	[DEBUG]	ExprStmtInsertion(('triangle.cpp.xml', '_inter_block', 8), ('triangle.cpp.xml', 'expr_stmt', 10))
2023-12-15 02:34:02,852	[INFO]	61      TEST_CODE_ERROR       None  [1 edit(s)]       
2023-12-15 02:34:03,013	[DEBUG]	ExprStmtInsertion(('triangle.cpp.xml', '_inter_block', 0), ('triangle.cpp.xml', 'expr_stmt', 2))
2023-12-15 02:34:03,013	[INFO]	62      COMPILE_CODE_ERROR    None  [1 edit(s)]       
2023-12-15 02:34:03,156	[DEBUG]	IfInsertion(('triangle.cpp.xml', '_inter_block', 4), ('triangle.cpp.xml', 'if', 0))
2023-12-15 02:34:03,157	[INFO]	63      COMPILE_CODE_ERROR    None  [1 edit(s)]       
2023-12-15 02:34:04,157	[DEBUG]	EXEC>  SUCCESS 1204479
2023-12-15 02:34:04,158	[DEBUG]	ExprStmtInsertion(('triangle.cpp.xml', '_inter_block', 30), ('triangle.cpp.xml', 'expr_stmt', 1))
2023-12-15 02:34:04,159	[INFO]	64      SUCCESS               1204479 (100.02%) [1 edit(s)] 
2023-12-15 02:34:04,956	[DEBUG]	IfReplacement(('triangle.cpp.xml', 'if', 4), ('triangle.cpp.xml', 'stmt', 21))
2023-12-15 02:34:04,956	[INFO]	65      TEST_CODE_ERROR       None  [1 edit(s)]       
2023-12-15 02:34:05,935	[DEBUG]	EXEC>  SUCCESS 1204269
2023-12-15 02:34:05,936	[DEBUG]	ExprStmtInsertion(('triangle.cpp.xml', '_inter_block', 19), ('triangle.cpp.xml', 'expr_stmt', 6))
2023-12-15 02:34:05,937	[INFO]	66      SUCCESS               1204269 (100.0%) [1 edit(s)] 
2023-12-15 02:34:06,931	[DEBUG]	EXEC>  SUCCESS 1204240
2023-12-15 02:34:06,932	[DEBUG]	ExprStmtInsertion(('triangle.cpp.xml', '_inter_block', 27), ('triangle.cpp.xml', 'expr_stmt', 7))
2023-12-15 02:34:06,933	[INFO]	67      SUCCESS               1204240 (100.0%) [1 edit(s)] 
2023-12-15 02:34:07,741	[DEBUG]	ExprStmtInsertion(('triangle.cpp.xml', '_inter_block', 16), ('triangle.cpp.xml', 'expr_stmt', 7))
2023-12-15 02:34:07,741	[INFO]	68      TEST_CODE_ERROR       None  [1 edit(s)]       
2023-12-15 02:34:08,813	[DEBUG]	EXEC>  SUCCESS 1220755
2023-12-15 02:34:08,814	[DEBUG]	ExprStmtInsertion(('triangle.cpp.xml', '_inter_block', 16), ('triangle.cpp.xml', 'expr_stmt', 1))
2023-12-15 02:34:08,814	[INFO]	69      SUCCESS               1220755 (101.37%) [1 edit(s)] 
2023-12-15 02:34:09,842	[DEBUG]	EXEC>  SUCCESS 1252741
2023-12-15 02:34:09,843	[DEBUG]	ExprStmtInsertion(('triangle.cpp.xml', '_inter_block', 24), ('triangle.cpp.xml', 'expr_stmt', 1))
2023-12-15 02:34:09,843	[INFO]	70      SUCCESS               1252741 (104.03%) [1 edit(s)] 
2023-12-15 02:34:10,936	[DEBUG]	EXEC>  SUCCESS 1205498
2023-12-15 02:34:10,937	[DEBUG]	ExprStmtInsertion(('triangle.cpp.xml', '_inter_block', 5), ('triangle.cpp.xml', 'expr_stmt', 1))
2023-12-15 02:34:10,938	[INFO]	71      SUCCESS               1205498 (100.1%) [1 edit(s)] 
2023-12-15 02:34:11,729	[DEBUG]	ExprStmtInsertion(('triangle.cpp.xml', '_inter_block', 7), ('triangle.cpp.xml', 'expr_stmt', 10))
2023-12-15 02:34:11,729	[INFO]	72      TEST_CODE_ERROR       None  [1 edit(s)]       
2023-12-15 02:34:12,715	[DEBUG]	EXEC>  SUCCESS 1204264
2023-12-15 02:34:12,716	[DEBUG]	ExprStmtInsertion(('triangle.cpp.xml', '_inter_block', 30), ('triangle.cpp.xml', 'expr_stmt', 9))
2023-12-15 02:34:12,716	[INFO]	73      SUCCESS               1204264 (100.0%) [1 edit(s)] 
2023-12-15 02:34:13,526	[DEBUG]	ExprStmtInsertion(('triangle.cpp.xml', '_inter_block', 14), ('triangle.cpp.xml', 'expr_stmt', 7))
2023-12-15 02:34:13,526	[INFO]	74      TEST_CODE_ERROR       None  [1 edit(s)]       
2023-12-15 02:34:14,333	[DEBUG]	ReturnReplacement(('triangle.cpp.xml', 'return', 0), ('triangle.cpp.xml', 'stmt', 12))
2023-12-15 02:34:14,334	[INFO]	75      TEST_CODE_ERROR       None  [1 edit(s)]       
2023-12-15 02:34:14,480	[DEBUG]	ExprStmtInsertion(('triangle.cpp.xml', '_inter_block', 1), ('triangle.cpp.xml', 'expr_stmt', 4))
2023-12-15 02:34:14,480	[INFO]	76      COMPILE_CODE_ERROR    None  [1 edit(s)]       
2023-12-15 02:34:15,266	[DEBUG]	ExprStmtInsertion(('triangle.cpp.xml', '_inter_block', 18), ('triangle.cpp.xml', 'expr_stmt', 10))
2023-12-15 02:34:15,267	[INFO]	77      TEST_CODE_ERROR       None  [1 edit(s)]       
2023-12-15 02:34:16,263	[DEBUG]	EXEC>  SUCCESS 1204419
2023-12-15 02:34:16,264	[DEBUG]	IfInsertion(('triangle.cpp.xml', '_inter_block', 22), ('triangle.cpp.xml', 'if', 4))
2023-12-15 02:34:16,264	[INFO]	78      SUCCESS               1204419 (100.01%) [1 edit(s)] 
2023-12-15 02:34:17,276	[DEBUG]	EXEC>  SUCCESS 1204299
2023-12-15 02:34:17,276	[DEBUG]	ExprStmtInsertion(('triangle.cpp.xml', '_inter_block', 22), ('triangle.cpp.xml', 'expr_stmt', 5))
2023-12-15 02:34:17,277	[INFO]	79      SUCCESS               1204299 (100.0%) [1 edit(s)] 
2023-12-15 02:34:17,278	[INFO]	==== END ====
2023-12-15 02:34:17,278	[INFO]	
2023-12-15 02:34:17,279	[INFO]	==== REPORT ====
2023-12-15 02:34:17,279	[INFO]	Termination: time budget
2023-12-15 02:34:17,280	[INFO]	Log file: /cs/student/ug/2020/damibose/projects/magpie/_magpie_logs/triangle-cpp_slow_1702607590.log
2023-12-15 02:34:17,282	[INFO]	Patch file: _magpie_logs/triangle-cpp_slow_1702607590.patch
2023-12-15 02:34:17,282	[INFO]	Diff file: _magpie_logs/triangle-cpp_slow_1702607590.diff
2023-12-15 02:34:17,283	[INFO]	Best fitness: 1203978
2023-12-15 02:34:17,284	[INFO]	Best patch: IfDeletion(('triangle.cpp.xml', 'if', 1))
2023-12-15 02:34:17,285	[INFO]	Diff:
--- before: triangle.cpp
+++ after: triangle.cpp
@@ -17,11 +17,7 @@
     b = tmp;
   }
 
-  if(a > c) {
-    tmp = a;
-    a = c;
-    c = tmp;
-  }
+  
 
   if(b > c) {
     tmp = b;

