2024-01-16 00:50:39,413	[DEBUG]	==== CONFIG ====
[magpie]
import = 
seed = 0
log_dir = _magpie_logs
work_dir = _magpie_work
final_out_dir = experiments/results/RandomSearch/ProbabilityMatching/trial_0
local_original_copy = True
local_original_name = __original__
output_encoding = ascii
edit_retries = 10
default_timeout = 30
default_lengthout = 10000.0
diff_method = unified
trust_local_filesystem = True

[software]
path = examples/code/triangle-cpp_slow
target_files = 
	triangle.cpp.xml
program = BasicProgram
engine_rules = 
	*.params : ConfigFileParamsEngine
	*.xml : SrcmlEngine
	* : LineEngine
engine_config = 
	*.params : [params]
	*.xml : [srcml]
init_cmd = 
init_timeout = 60
init_lengthout = -1
setup_cmd = ./setup.sh
setup_timeout = 
setup_lengthout = 
compile_cmd = ./compile.sh
compile_timeout = 
compile_lengthout = 
test_cmd = ./build/test_triangle
test_timeout = 
test_lengthout = 
run_cmd = ./build/run_triangle
run_timeout = 1
run_lengthout = 
batch_timeout = 
batch_lengthout = 
batch_bin_fitness_strategy = aggregate
batch_fitness_strategy = sum
fitness = time

[srcml]
rename = 
	stmt: break continue decl_stmt do expr_stmt for goto if return switch while
	number: literal_number
focus = block stmt operator_comp operator_arith number
internodes = block
process_pseudo_blocks = True
process_literals = True
process_operators = True

[params]
timing = test run
cli_prefix = --
cli_glue = =
cli_boolean = show
cli_boolean_prefix_true = 
cli_boolean_prefix_false = no-
silent_prefix = @
silent_suffix = $

[search]
protocol = BasicProtocol
algorithm = RandomSearch
possible_edits = 
	StmtReplacement
	StmtInsertion
	StmtDeletion
warmup = 1
warmup_strategy = median
max_steps = 100
max_time = 
target_fitness = 
cache_maxsize = 40
cache_keep = 0.2
batch_instances = 
batch_shuffle = True
batch_bin_shuffle = False
batch_sample_size = 1
operator_selector = ProbabilityMatching
c = 1.4
p_min = 0.16666666666666666

[search.ls]
delete_prob = 0.5
max_neighbours = 
when_trapped = continue
accept_fail = False
tabu_length = 10

[search.gp]
pop_size = 10
delete_prob = 0.5
offspring_elitism = 0.1
offspring_crossover = 0.5
offspring_mutation = 0.4
uniform_rate = 0.5
batch_reset = True

[search.minify]
do_cleanup = True
do_rebuild = True
do_simplify = True
round_robin_limit = 3


2024-01-16 00:50:39,418	[INFO]	==== WARMUP ====
2024-01-16 00:50:42,034	[DEBUG]	EXEC>  SUCCESS 0.103
2024-01-16 00:50:42,035	[INFO]	WARM    SUCCESS               0.103                   
2024-01-16 00:50:42,036	[INFO]	INITIAL SUCCESS               0.103                   
2024-01-16 00:50:42,036	[INFO]	==== START: RandomSearch ====
2024-01-16 00:50:42,958	[DEBUG]	EXEC>  SUCCESS 0.0982
2024-01-16 00:50:42,958	[DEBUG]	StmtInsertion(('triangle.cpp.xml', '_inter_block', 16), ('triangle.cpp.xml', 'stmt', 11))
2024-01-16 00:50:42,959	[INFO]	1       SUCCESS              *0.0982 (95.34%) [1 edit(s)] 
2024-01-16 00:50:42,961	[DEBUG]	--- before: triangle.cpp
+++ after: triangle.cpp
@@ -41,5 +41,6 @@
     /*auto*/{
       return ISOSCELES;
     }/*auto*/
+  c = tmp;
   return SCALENE;
 }

2024-01-16 00:50:43,871	[DEBUG]	EXEC>  SUCCESS 0.0876
2024-01-16 00:50:43,872	[DEBUG]	StmtInsertion(('triangle.cpp.xml', '_inter_block', 9), ('triangle.cpp.xml', 'stmt', 18))
2024-01-16 00:50:43,873	[INFO]	2       SUCCESS              *0.0876 (85.05%) [1 edit(s)] 
2024-01-16 00:50:43,874	[DEBUG]	--- before: triangle.cpp
+++ after: triangle.cpp
@@ -7,6 +7,10 @@
 
 int classify_triangle(double a, double b, double c) {
   double tmp;
+  if(a == b && b == c)
+    /*auto*/{
+      return EQUILATERAL;
+    }/*auto*/
 
   delay();
 

2024-01-16 00:50:44,784	[DEBUG]	EXEC>  SUCCESS 0.0972
2024-01-16 00:50:44,785	[DEBUG]	StmtInsertion(('triangle.cpp.xml', '_inter_block', 35), ('triangle.cpp.xml', 'stmt', 12))
2024-01-16 00:50:44,786	[INFO]	3       SUCCESS               0.0972 (94.37%) [1 edit(s)] 
2024-01-16 00:50:45,603	[DEBUG]	StmtInsertion(('triangle.cpp.xml', '_inter_block', 15), ('triangle.cpp.xml', 'stmt', 11))
2024-01-16 00:50:45,603	[INFO]	4       TEST_CODE_ERROR       None  [1 edit(s)]       
2024-01-16 00:50:45,758	[DEBUG]	StmtReplacement(('triangle.cpp.xml', 'stmt', 1), ('triangle.cpp.xml', 'stmt', 14))
2024-01-16 00:50:45,758	[INFO]	5       COMPILE_CODE_ERROR    None  [1 edit(s)]       
2024-01-16 00:50:45,878	[DEBUG]	StmtInsertion(('triangle.cpp.xml', '_inter_block', 6), ('triangle.cpp.xml', 'stmt', 21))
2024-01-16 00:50:45,879	[INFO]	6       COMPILE_CODE_ERROR    None  [1 edit(s)]       
2024-01-16 00:50:46,804	[DEBUG]	EXEC>  SUCCESS 0.1057
2024-01-16 00:50:46,805	[DEBUG]	StmtInsertion(('triangle.cpp.xml', '_inter_block', 15), ('triangle.cpp.xml', 'stmt', 18))
2024-01-16 00:50:46,805	[INFO]	7       SUCCESS               0.1057 (102.62%) [1 edit(s)] 
2024-01-16 00:50:47,645	[DEBUG]	StmtInsertion(('triangle.cpp.xml', '_inter_block', 20), ('triangle.cpp.xml', 'stmt', 10))
2024-01-16 00:50:47,645	[INFO]	8       TEST_CODE_ERROR       None  [1 edit(s)]       
2024-01-16 00:50:48,498	[DEBUG]	StmtReplacement(('triangle.cpp.xml', 'stmt', 10), ('triangle.cpp.xml', 'stmt', 4))
2024-01-16 00:50:48,498	[INFO]	9       TEST_CODE_ERROR       None  [1 edit(s)]       
2024-01-16 00:50:49,403	[DEBUG]	EXEC>  SUCCESS 0.0963
2024-01-16 00:50:49,404	[DEBUG]	StmtInsertion(('triangle.cpp.xml', '_inter_block', 29), ('triangle.cpp.xml', 'stmt', 8))
2024-01-16 00:50:49,405	[INFO]	10      SUCCESS               0.0963 (93.5%) [1 edit(s)] 
2024-01-16 00:50:49,555	[DEBUG]	StmtInsertion(('triangle.cpp.xml', '_inter_block', 20), ('triangle.cpp.xml', 'stmt', 1))
2024-01-16 00:50:49,555	[INFO]	11      COMPILE_CODE_ERROR    None  [1 edit(s)]       
2024-01-16 00:50:49,683	[DEBUG]	StmtInsertion(('triangle.cpp.xml', '_inter_block', 3), ('triangle.cpp.xml', 'stmt', 9))
2024-01-16 00:50:49,683	[INFO]	12      COMPILE_CODE_ERROR    None  [1 edit(s)]       
2024-01-16 00:50:50,530	[DEBUG]	StmtInsertion(('triangle.cpp.xml', '_inter_block', 22), ('triangle.cpp.xml', 'stmt', 14))
2024-01-16 00:50:50,531	[INFO]	13      TEST_CODE_ERROR       None  [1 edit(s)]       
2024-01-16 00:50:51,480	[DEBUG]	EXEC>  SUCCESS 0.1057
2024-01-16 00:50:51,481	[DEBUG]	StmtInsertion(('triangle.cpp.xml', '_inter_block', 26), ('triangle.cpp.xml', 'stmt', 0))
2024-01-16 00:50:51,482	[INFO]	14      SUCCESS               0.1057 (102.62%) [1 edit(s)] 
2024-01-16 00:50:52,344	[DEBUG]	StmtReplacement(('triangle.cpp.xml', 'stmt', 6), ('triangle.cpp.xml', 'stmt', 15))
2024-01-16 00:50:52,345	[INFO]	15      TEST_CODE_ERROR       None  [1 edit(s)]       
2024-01-16 00:50:53,179	[DEBUG]	StmtReplacement(('triangle.cpp.xml', 'stmt', 21), ('triangle.cpp.xml', 'stmt', 4))
2024-01-16 00:50:53,179	[INFO]	16      TEST_CODE_ERROR       None  [1 edit(s)]       
2024-01-16 00:50:53,997	[DEBUG]	StmtInsertion(('triangle.cpp.xml', '_inter_block', 14), ('triangle.cpp.xml', 'stmt', 22))
2024-01-16 00:50:53,997	[INFO]	17      TEST_CODE_ERROR       None  [1 edit(s)]       
2024-01-16 00:50:54,952	[DEBUG]	EXEC>  SUCCESS 0.106
2024-01-16 00:50:54,953	[DEBUG]	StmtInsertion(('triangle.cpp.xml', '_inter_block', 22), ('triangle.cpp.xml', 'stmt', 16))
2024-01-16 00:50:54,953	[INFO]	18      SUCCESS               0.106 (102.91%) [1 edit(s)] 
2024-01-16 00:50:55,773	[DEBUG]	StmtDeletion(('triangle.cpp.xml', 'stmt', 14))
2024-01-16 00:50:55,773	[INFO]	19      TEST_CODE_ERROR       None  [1 edit(s)]       
2024-01-16 00:50:55,928	[DEBUG]	StmtInsertion(('triangle.cpp.xml', '_inter_block', 7), ('triangle.cpp.xml', 'stmt', 18))
2024-01-16 00:50:55,929	[INFO]	20      COMPILE_CODE_ERROR    None  [1 edit(s)]       
2024-01-16 00:50:56,076	[DEBUG]	StmtInsertion(('triangle.cpp.xml', '_inter_block', 5), ('triangle.cpp.xml', 'stmt', 4))
2024-01-16 00:50:56,077	[INFO]	21      COMPILE_CODE_ERROR    None  [1 edit(s)]       
2024-01-16 00:50:56,219	[DEBUG]	StmtInsertion(('triangle.cpp.xml', '_inter_block', 3), ('triangle.cpp.xml', 'stmt', 5))
2024-01-16 00:50:56,219	[INFO]	22      COMPILE_CODE_ERROR    None  [1 edit(s)]       
2024-01-16 00:50:57,014	[DEBUG]	StmtInsertion(('triangle.cpp.xml', '_inter_block', 12), ('triangle.cpp.xml', 'stmt', 11))
2024-01-16 00:50:57,014	[INFO]	23      TEST_CODE_ERROR       None  [1 edit(s)]       
2024-01-16 00:50:57,923	[DEBUG]	EXEC>  SUCCESS 0.105
2024-01-16 00:50:57,924	[DEBUG]	StmtInsertion(('triangle.cpp.xml', '_inter_block', 17), ('triangle.cpp.xml', 'stmt', 22))
2024-01-16 00:50:57,925	[INFO]	24      SUCCESS               0.105 (101.94%) [1 edit(s)] 
2024-01-16 00:50:58,745	[DEBUG]	StmtInsertion(('triangle.cpp.xml', '_inter_block', 21), ('triangle.cpp.xml', 'stmt', 14))
2024-01-16 00:50:58,745	[INFO]	25      TEST_CODE_ERROR       None  [1 edit(s)]       
2024-01-16 00:50:59,704	[DEBUG]	EXEC>  SUCCESS 0.1035
2024-01-16 00:50:59,705	[DEBUG]	StmtInsertion(('triangle.cpp.xml', '_inter_block', 26), ('triangle.cpp.xml', 'stmt', 20))
2024-01-16 00:50:59,705	[INFO]	26      SUCCESS               0.1035 (100.49%) [1 edit(s)] 
2024-01-16 00:51:00,531	[DEBUG]	StmtInsertion(('triangle.cpp.xml', '_inter_block', 11), ('triangle.cpp.xml', 'stmt', 14))
2024-01-16 00:51:00,532	[INFO]	27      TEST_CODE_ERROR       None  [1 edit(s)]       
2024-01-16 00:51:01,358	[DEBUG]	StmtInsertion(('triangle.cpp.xml', '_inter_block', 14), ('triangle.cpp.xml', 'stmt', 10))
2024-01-16 00:51:01,358	[INFO]	28      TEST_CODE_ERROR       None  [1 edit(s)]       
2024-01-16 00:51:01,508	[DEBUG]	StmtReplacement(('triangle.cpp.xml', 'stmt', 10), ('triangle.cpp.xml', 'stmt', 1))
2024-01-16 00:51:01,508	[INFO]	29      COMPILE_CODE_ERROR    None  [1 edit(s)]       
2024-01-16 00:51:01,638	[DEBUG]	StmtReplacement(('triangle.cpp.xml', 'stmt', 2), ('triangle.cpp.xml', 'stmt', 12))
2024-01-16 00:51:01,639	[INFO]	30      COMPILE_CODE_ERROR    None  [1 edit(s)]       
2024-01-16 00:51:02,480	[DEBUG]	StmtInsertion(('triangle.cpp.xml', '_inter_block', 13), ('triangle.cpp.xml', 'stmt', 17))
2024-01-16 00:51:02,481	[INFO]	31      TEST_CODE_ERROR       None  [1 edit(s)]       
2024-01-16 00:51:03,292	[DEBUG]	StmtInsertion(('triangle.cpp.xml', '_inter_block', 23), ('triangle.cpp.xml', 'stmt', 21))
2024-01-16 00:51:03,292	[INFO]	32      TEST_CODE_ERROR       None  [1 edit(s)]       
2024-01-16 00:51:04,098	[DEBUG]	StmtReplacement(('triangle.cpp.xml', 'stmt', 9), ('triangle.cpp.xml', 'stmt', 15))
2024-01-16 00:51:04,098	[INFO]	33      TEST_CODE_ERROR       None  [1 edit(s)]       
2024-01-16 00:51:05,018	[DEBUG]	EXEC>  SUCCESS 0.0975
2024-01-16 00:51:05,019	[DEBUG]	StmtInsertion(('triangle.cpp.xml', '_inter_block', 18), ('triangle.cpp.xml', 'stmt', 8))
2024-01-16 00:51:05,019	[INFO]	34      SUCCESS               0.0975 (94.66%) [1 edit(s)] 
2024-01-16 00:51:05,854	[DEBUG]	StmtInsertion(('triangle.cpp.xml', '_inter_block', 11), ('triangle.cpp.xml', 'stmt', 20))
2024-01-16 00:51:05,854	[INFO]	35      TEST_CODE_ERROR       None  [1 edit(s)]       
2024-01-16 00:51:06,001	[DEBUG]	StmtInsertion(('triangle.cpp.xml', '_inter_block', 24), ('triangle.cpp.xml', 'stmt', 1))
2024-01-16 00:51:06,001	[INFO]	36      COMPILE_CODE_ERROR    None  [1 edit(s)]       
2024-01-16 00:51:06,906	[DEBUG]	EXEC>  SUCCESS 0.0974
2024-01-16 00:51:06,907	[DEBUG]	StmtInsertion(('triangle.cpp.xml', '_inter_block', 29), ('triangle.cpp.xml', 'stmt', 12))
2024-01-16 00:51:06,908	[INFO]	37      SUCCESS               0.0974 (94.56%) [1 edit(s)] 
2024-01-16 00:51:07,817	[DEBUG]	EXEC>  SUCCESS 0.0968
2024-01-16 00:51:07,818	[DEBUG]	StmtInsertion(('triangle.cpp.xml', '_inter_block', 31), ('triangle.cpp.xml', 'stmt', 5))
2024-01-16 00:51:07,818	[INFO]	38      SUCCESS               0.0968 (93.98%) [1 edit(s)] 
2024-01-16 00:51:08,699	[DEBUG]	EXEC>  SUCCESS 0.0972
2024-01-16 00:51:08,700	[DEBUG]	StmtInsertion(('triangle.cpp.xml', '_inter_block', 33), ('triangle.cpp.xml', 'stmt', 4))
2024-01-16 00:51:08,700	[INFO]	39      SUCCESS               0.0972 (94.37%) [1 edit(s)] 
2024-01-16 00:51:08,839	[DEBUG]	StmtInsertion(('triangle.cpp.xml', '_inter_block', 7), ('triangle.cpp.xml', 'stmt', 22))
2024-01-16 00:51:08,839	[INFO]	40      COMPILE_CODE_ERROR    None  [1 edit(s)]       
2024-01-16 00:51:09,677	[DEBUG]	StmtReplacement(('triangle.cpp.xml', 'stmt', 6), ('triangle.cpp.xml', 'stmt', 12))
2024-01-16 00:51:09,677	[INFO]	41      TEST_CODE_ERROR       None  [1 edit(s)]       
2024-01-16 00:51:10,637	[DEBUG]	EXEC>  SUCCESS 0.1144
2024-01-16 00:51:10,638	[DEBUG]	StmtInsertion(('triangle.cpp.xml', '_inter_block', 25), ('triangle.cpp.xml', 'stmt', 3))
2024-01-16 00:51:10,638	[INFO]	42      SUCCESS               0.1144 (111.07%) [1 edit(s)] 
2024-01-16 00:51:11,461	[DEBUG]	StmtReplacement(('triangle.cpp.xml', 'stmt', 14), ('triangle.cpp.xml', 'stmt', 13))
2024-01-16 00:51:11,461	[INFO]	43      TEST_CODE_ERROR       None  [1 edit(s)]       
2024-01-16 00:51:12,311	[DEBUG]	StmtInsertion(('triangle.cpp.xml', '_inter_block', 29), ('triangle.cpp.xml', 'stmt', 14))
2024-01-16 00:51:12,312	[INFO]	44      TEST_CODE_ERROR       None  [1 edit(s)]       
2024-01-16 00:51:13,147	[DEBUG]	StmtDeletion(('triangle.cpp.xml', 'stmt', 11))
2024-01-16 00:51:13,147	[INFO]	45      TEST_CODE_ERROR       None  [1 edit(s)]       
2024-01-16 00:51:13,304	[DEBUG]	StmtInsertion(('triangle.cpp.xml', '_inter_block', 8), ('triangle.cpp.xml', 'stmt', 2))
2024-01-16 00:51:13,304	[INFO]	46      COMPILE_CODE_ERROR    None  [1 edit(s)]       
2024-01-16 00:51:14,190	[DEBUG]	EXEC>  SUCCESS 0.1051
2024-01-16 00:51:14,191	[DEBUG]	StmtInsertion(('triangle.cpp.xml', '_inter_block', 34), ('triangle.cpp.xml', 'stmt', 14))
2024-01-16 00:51:14,192	[INFO]	47      SUCCESS               0.1051 (102.04%) [1 edit(s)] 
2024-01-16 00:51:15,053	[DEBUG]	StmtReplacement(('triangle.cpp.xml', 'stmt', 21), ('triangle.cpp.xml', 'stmt', 16))
2024-01-16 00:51:15,053	[INFO]	48      TEST_CODE_ERROR       None  [1 edit(s)]       
2024-01-16 00:51:15,869	[DEBUG]	StmtInsertion(('triangle.cpp.xml', '_inter_block', 23), ('triangle.cpp.xml', 'stmt', 17))
2024-01-16 00:51:15,869	[INFO]	49      TEST_CODE_ERROR       None  [1 edit(s)]       
2024-01-16 00:51:16,000	[DEBUG]	StmtInsertion(('triangle.cpp.xml', '_inter_block', 23), ('triangle.cpp.xml', 'stmt', 1))
2024-01-16 00:51:16,000	[INFO]	50      COMPILE_CODE_ERROR    None  [1 edit(s)]       
2024-01-16 00:51:16,122	[DEBUG]	StmtInsertion(('triangle.cpp.xml', '_inter_block', 2), ('triangle.cpp.xml', 'stmt', 7))
2024-01-16 00:51:16,122	[INFO]	51      COMPILE_CODE_ERROR    None  [1 edit(s)]       
2024-01-16 00:51:16,250	[DEBUG]	StmtInsertion(('triangle.cpp.xml', '_inter_block', 4), ('triangle.cpp.xml', 'stmt', 6))
2024-01-16 00:51:16,251	[INFO]	52      COMPILE_CODE_ERROR    None  [1 edit(s)]       
2024-01-16 00:51:17,158	[DEBUG]	EXEC>  SUCCESS 0.0964
2024-01-16 00:51:17,159	[DEBUG]	StmtInsertion(('triangle.cpp.xml', '_inter_block', 17), ('triangle.cpp.xml', 'stmt', 13))
2024-01-16 00:51:17,160	[INFO]	53      SUCCESS               0.0964 (93.59%) [1 edit(s)] 
2024-01-16 00:51:18,057	[DEBUG]	EXEC>  SUCCESS 0.0965
2024-01-16 00:51:18,057	[DEBUG]	StmtInsertion(('triangle.cpp.xml', '_inter_block', 33), ('triangle.cpp.xml', 'stmt', 13))
2024-01-16 00:51:18,058	[INFO]	54      SUCCESS               0.0965 (93.69%) [1 edit(s)] 
2024-01-16 00:51:18,993	[DEBUG]	EXEC>  SUCCESS 0.1096
2024-01-16 00:51:18,994	[DEBUG]	StmtInsertion(('triangle.cpp.xml', '_inter_block', 21), ('triangle.cpp.xml', 'stmt', 18))
2024-01-16 00:51:18,994	[INFO]	55      SUCCESS               0.1096 (106.41%) [1 edit(s)] 
2024-01-16 00:51:19,884	[DEBUG]	StmtInsertion(('triangle.cpp.xml', '_inter_block', 23), ('triangle.cpp.xml', 'stmt', 8))
2024-01-16 00:51:19,884	[INFO]	56      TEST_CODE_ERROR       None  [1 edit(s)]       
2024-01-16 00:51:20,696	[DEBUG]	StmtDeletion(('triangle.cpp.xml', 'stmt', 20))
2024-01-16 00:51:20,696	[INFO]	57      TEST_CODE_ERROR       None  [1 edit(s)]       
2024-01-16 00:51:20,837	[DEBUG]	StmtInsertion(('triangle.cpp.xml', '_inter_block', 2), ('triangle.cpp.xml', 'stmt', 9))
2024-01-16 00:51:20,838	[INFO]	58      COMPILE_CODE_ERROR    None  [1 edit(s)]       
2024-01-16 00:51:20,963	[DEBUG]	StmtInsertion(('triangle.cpp.xml', '_inter_block', 2), ('triangle.cpp.xml', 'stmt', 16))
2024-01-16 00:51:20,963	[INFO]	59      COMPILE_CODE_ERROR    None  [1 edit(s)]       
2024-01-16 00:51:21,854	[DEBUG]	EXEC>  SUCCESS 0.0967
2024-01-16 00:51:21,855	[DEBUG]	StmtInsertion(('triangle.cpp.xml', '_inter_block', 35), ('triangle.cpp.xml', 'stmt', 21))
2024-01-16 00:51:21,856	[INFO]	60      SUCCESS               0.0967 (93.88%) [1 edit(s)] 
2024-01-16 00:51:22,675	[DEBUG]	StmtInsertion(('triangle.cpp.xml', '_inter_block', 10), ('triangle.cpp.xml', 'stmt', 19))
2024-01-16 00:51:22,676	[INFO]	61      TEST_CODE_ERROR       None  [1 edit(s)]       
2024-01-16 00:51:23,549	[DEBUG]	EXEC>  SUCCESS 0.0955
2024-01-16 00:51:23,549	[DEBUG]	StmtInsertion(('triangle.cpp.xml', '_inter_block', 19), ('triangle.cpp.xml', 'stmt', 20))
2024-01-16 00:51:23,550	[INFO]	62      SUCCESS               0.0955 (92.72%) [1 edit(s)] 
2024-01-16 00:51:24,361	[DEBUG]	StmtInsertion(('triangle.cpp.xml', '_inter_block', 14), ('triangle.cpp.xml', 'stmt', 15))
2024-01-16 00:51:24,361	[INFO]	63      TEST_CODE_ERROR       None  [1 edit(s)]       
2024-01-16 00:51:25,198	[DEBUG]	StmtDeletion(('triangle.cpp.xml', 'stmt', 18))
2024-01-16 00:51:25,198	[INFO]	64      TEST_CODE_ERROR       None  [1 edit(s)]       
2024-01-16 00:51:26,138	[DEBUG]	EXEC>  SUCCESS 0.0968
2024-01-16 00:51:26,139	[DEBUG]	StmtInsertion(('triangle.cpp.xml', '_inter_block', 32), ('triangle.cpp.xml', 'stmt', 19))
2024-01-16 00:51:26,139	[INFO]	65      SUCCESS               0.0968 (93.98%) [1 edit(s)] 
2024-01-16 00:51:27,070	[DEBUG]	EXEC>  SUCCESS 0.0965
2024-01-16 00:51:27,071	[DEBUG]	StmtInsertion(('triangle.cpp.xml', '_inter_block', 33), ('triangle.cpp.xml', 'stmt', 14))
2024-01-16 00:51:27,071	[INFO]	66      SUCCESS               0.0965 (93.69%) [1 edit(s)] 
2024-01-16 00:51:28,115	[DEBUG]	EXEC>  SUCCESS 0.1819
2024-01-16 00:51:28,116	[DEBUG]	StmtInsertion(('triangle.cpp.xml', '_inter_block', 1), ('triangle.cpp.xml', 'stmt', 1))
2024-01-16 00:51:28,117	[INFO]	67      SUCCESS               0.1819 (176.6%) [1 edit(s)] 
2024-01-16 00:51:28,891	[DEBUG]	StmtInsertion(('triangle.cpp.xml', '_inter_block', 34), ('triangle.cpp.xml', 'stmt', 17))
2024-01-16 00:51:28,891	[INFO]	68      TEST_CODE_ERROR       None  [1 edit(s)]       
2024-01-16 00:51:29,717	[DEBUG]	StmtReplacement(('triangle.cpp.xml', 'stmt', 15), ('triangle.cpp.xml', 'stmt', 6))
2024-01-16 00:51:29,717	[INFO]	69      TEST_CODE_ERROR       None  [1 edit(s)]       
2024-01-16 00:51:29,878	[DEBUG]	StmtInsertion(('triangle.cpp.xml', '_inter_block', 4), ('triangle.cpp.xml', 'stmt', 22))
2024-01-16 00:51:29,879	[INFO]	70      COMPILE_CODE_ERROR    None  [1 edit(s)]       
2024-01-16 00:51:30,672	[DEBUG]	StmtDeletion(('triangle.cpp.xml', 'stmt', 15))
2024-01-16 00:51:30,672	[INFO]	71      TEST_CODE_ERROR       None  [1 edit(s)]       
2024-01-16 00:51:30,815	[DEBUG]	StmtDeletion(('triangle.cpp.xml', 'stmt', 2))
2024-01-16 00:51:30,815	[INFO]	72      COMPILE_CODE_ERROR    None  [1 edit(s)]       
2024-01-16 00:51:30,949	[DEBUG]	StmtInsertion(('triangle.cpp.xml', '_inter_block', 1), ('triangle.cpp.xml', 'stmt', 20))
2024-01-16 00:51:30,950	[INFO]	73      COMPILE_CODE_ERROR    None  [1 edit(s)]       
2024-01-16 00:51:31,862	[DEBUG]	EXEC>  SUCCESS 0.1035
2024-01-16 00:51:31,863	[DEBUG]	StmtReplacement(('triangle.cpp.xml', 'stmt', 1), ('triangle.cpp.xml', 'stmt', 1))
2024-01-16 00:51:31,863	[INFO]	74      SUCCESS               0.1035 (100.49%) [1 edit(s)] 
2024-01-16 00:51:32,698	[DEBUG]	StmtDeletion(('triangle.cpp.xml', 'stmt', 15))
2024-01-16 00:51:32,698	[INFO]	75      TEST_CODE_ERROR       None  [1 edit(s)]       
2024-01-16 00:51:32,855	[DEBUG]	StmtDeletion(('triangle.cpp.xml', 'stmt', 2))
2024-01-16 00:51:32,855	[INFO]	76      COMPILE_CODE_ERROR    None  [1 edit(s)]       
2024-01-16 00:51:33,650	[DEBUG]	StmtDeletion(('triangle.cpp.xml', 'stmt', 13))
2024-01-16 00:51:33,650	[INFO]	77      TEST_CODE_ERROR       None  [1 edit(s)]       
2024-01-16 00:51:34,540	[DEBUG]	EXEC>  SUCCESS 0.0981
2024-01-16 00:51:34,541	[DEBUG]	StmtInsertion(('triangle.cpp.xml', '_inter_block', 26), ('triangle.cpp.xml', 'stmt', 20))
2024-01-16 00:51:34,542	[INFO]	78      SUCCESS               0.0981 (95.24%) [1 edit(s)] 
2024-01-16 00:51:34,543	[DEBUG]	StmtReplacement(('triangle.cpp.xml', 'stmt', 6), ('triangle.cpp.xml', 'stmt', 6))
2024-01-16 00:51:34,543	[INFO]	79      SUCCESS               0.1035 (100.49%) [1 edit(s)] 
2024-01-16 00:51:35,491	[DEBUG]	EXEC>  SUCCESS 0.0966
2024-01-16 00:51:35,491	[DEBUG]	StmtDeletion(('triangle.cpp.xml', 'stmt', 8))
2024-01-16 00:51:35,492	[INFO]	80      SUCCESS               0.0966 (93.79%) [1 edit(s)] 
2024-01-16 00:51:36,334	[DEBUG]	StmtInsertion(('triangle.cpp.xml', '_inter_block', 28), ('triangle.cpp.xml', 'stmt', 5))
2024-01-16 00:51:36,334	[INFO]	81      TEST_CODE_ERROR       None  [1 edit(s)]       
2024-01-16 00:51:37,169	[DEBUG]	EXEC>  SUCCESS 0.0236
2024-01-16 00:51:37,170	[DEBUG]	StmtDeletion(('triangle.cpp.xml', 'stmt', 3))
2024-01-16 00:51:37,170	[INFO]	82      SUCCESS              *0.0236 (22.91%) [1 edit(s)] 
2024-01-16 00:51:37,171	[DEBUG]	--- before: triangle.cpp
+++ after: triangle.cpp
@@ -8,7 +8,7 @@
 int classify_triangle(double a, double b, double c) {
   double tmp;
 
-  delay();
+  
 
   // Sort the sides so that a <= b <= c
   if(a > b) {

2024-01-16 00:51:37,172	[DEBUG]	StmtDeletion(('triangle.cpp.xml', 'stmt', 8))
2024-01-16 00:51:37,172	[INFO]	83      SUCCESS               0.0966 (93.79%) [1 edit(s)] 
2024-01-16 00:51:38,079	[DEBUG]	EXEC>  SUCCESS 0.1036
2024-01-16 00:51:38,080	[DEBUG]	StmtInsertion(('triangle.cpp.xml', '_inter_block', 25), ('triangle.cpp.xml', 'stmt', 0))
2024-01-16 00:51:38,081	[INFO]	84      SUCCESS               0.1036 (100.58%) [1 edit(s)] 
2024-01-16 00:51:38,955	[DEBUG]	StmtDeletion(('triangle.cpp.xml', 'stmt', 15))
2024-01-16 00:51:38,955	[INFO]	85      TEST_CODE_ERROR       None  [1 edit(s)]       
2024-01-16 00:51:39,827	[DEBUG]	StmtInsertion(('triangle.cpp.xml', '_inter_block', 11), ('triangle.cpp.xml', 'stmt', 17))
2024-01-16 00:51:39,827	[INFO]	86      TEST_CODE_ERROR       None  [1 edit(s)]       
2024-01-16 00:51:40,672	[DEBUG]	StmtInsertion(('triangle.cpp.xml', '_inter_block', 21), ('triangle.cpp.xml', 'stmt', 21))
2024-01-16 00:51:40,672	[INFO]	87      TEST_CODE_ERROR       None  [1 edit(s)]       
2024-01-16 00:51:41,599	[DEBUG]	EXEC>  SUCCESS 0.0969
2024-01-16 00:51:41,599	[DEBUG]	StmtInsertion(('triangle.cpp.xml', '_inter_block', 34), ('triangle.cpp.xml', 'stmt', 21))
2024-01-16 00:51:41,600	[INFO]	88      SUCCESS               0.0969 (94.08%) [1 edit(s)] 
2024-01-16 00:51:41,749	[DEBUG]	StmtDeletion(('triangle.cpp.xml', 'stmt', 2))
2024-01-16 00:51:41,750	[INFO]	89      COMPILE_CODE_ERROR    None  [1 edit(s)]       
2024-01-16 00:51:42,659	[DEBUG]	EXEC>  SUCCESS 0.0958
2024-01-16 00:51:42,660	[DEBUG]	StmtInsertion(('triangle.cpp.xml', '_inter_block', 31), ('triangle.cpp.xml', 'stmt', 13))
2024-01-16 00:51:42,661	[INFO]	90      SUCCESS               0.0958 (93.01%) [1 edit(s)] 
2024-01-16 00:51:43,524	[DEBUG]	StmtDeletion(('triangle.cpp.xml', 'stmt', 6))
2024-01-16 00:51:43,524	[INFO]	91      TEST_CODE_ERROR       None  [1 edit(s)]       
2024-01-16 00:51:44,320	[DEBUG]	StmtDeletion(('triangle.cpp.xml', 'stmt', 9))
2024-01-16 00:51:44,321	[INFO]	92      TEST_CODE_ERROR       None  [1 edit(s)]       
2024-01-16 00:51:45,105	[DEBUG]	StmtDeletion(('triangle.cpp.xml', 'stmt', 5))
2024-01-16 00:51:45,105	[INFO]	93      TEST_CODE_ERROR       None  [1 edit(s)]       
2024-01-16 00:51:45,235	[DEBUG]	StmtInsertion(('triangle.cpp.xml', '_inter_block', 2), ('triangle.cpp.xml', 'stmt', 21))
2024-01-16 00:51:45,235	[INFO]	94      COMPILE_CODE_ERROR    None  [1 edit(s)]       
2024-01-16 00:51:46,123	[DEBUG]	EXEC>  SUCCESS 0.0978
2024-01-16 00:51:46,124	[DEBUG]	StmtInsertion(('triangle.cpp.xml', '_inter_block', 21), ('triangle.cpp.xml', 'stmt', 9))
2024-01-16 00:51:46,124	[INFO]	95      SUCCESS               0.0978 (94.95%) [1 edit(s)] 
2024-01-16 00:51:46,881	[DEBUG]	StmtReplacement(('triangle.cpp.xml', 'stmt', 3), ('triangle.cpp.xml', 'stmt', 10))
2024-01-16 00:51:46,881	[INFO]	96      TEST_CODE_ERROR       None  [1 edit(s)]       
2024-01-16 00:51:47,695	[DEBUG]	StmtDeletion(('triangle.cpp.xml', 'stmt', 20))
2024-01-16 00:51:47,696	[INFO]	97      TEST_CODE_ERROR       None  [1 edit(s)]       
2024-01-16 00:51:47,697	[DEBUG]	StmtDeletion(('triangle.cpp.xml', 'stmt', 8))
2024-01-16 00:51:47,697	[INFO]	98      SUCCESS               0.0966 (93.79%) [1 edit(s)] 
2024-01-16 00:51:48,474	[DEBUG]	StmtDeletion(('triangle.cpp.xml', 'stmt', 13))
2024-01-16 00:51:48,474	[INFO]	99      TEST_CODE_ERROR       None  [1 edit(s)]       
2024-01-16 00:51:49,260	[DEBUG]	StmtDeletion(('triangle.cpp.xml', 'stmt', 13))
2024-01-16 00:51:49,261	[INFO]	100     TEST_CODE_ERROR       None  [1 edit(s)]       
2024-01-16 00:51:49,262	[INFO]	==== END ====
2024-01-16 00:51:49,262	[INFO]	
2024-01-16 00:51:49,262	[INFO]	==== REPORT ====
2024-01-16 00:51:49,262	[INFO]	Termination: step budget
2024-01-16 00:51:49,263	[INFO]	Log file: /cs/student/ug/2020/damibose/projects/magpie/_magpie_logs/triangle-cpp_slow_1705366239.log
2024-01-16 00:51:49,264	[INFO]	Patch file: _magpie_logs/triangle-cpp_slow_1705366239.patch
2024-01-16 00:51:49,264	[INFO]	Diff file: _magpie_logs/triangle-cpp_slow_1705366239.diff
2024-01-16 00:51:49,264	[INFO]	Best fitness: 0.0236
2024-01-16 00:51:49,265	[INFO]	Best patch: StmtDeletion(('triangle.cpp.xml', 'stmt', 3))
2024-01-16 00:51:49,265	[INFO]	Diff:
--- before: triangle.cpp
+++ after: triangle.cpp
@@ -8,7 +8,7 @@
 int classify_triangle(double a, double b, double c) {
   double tmp;
 
-  delay();
+  
 
   // Sort the sides so that a <= b <= c
   if(a > b) {

