2023-12-15 03:03:17,873	[DEBUG]	==== CONFIG ====
[magpie]
import = 
seed = 5
log_dir = _magpie_logs
work_dir = _magpie_work
final_out_dir = experiments/results_e_greedy_proof_of_concept/epsilon_greedy/RandomSearch/trial_5
local_original_copy = True
local_original_name = __original__
output_encoding = ascii
edit_retries = 10
default_timeout = 30
default_lengthout = 10000.0
diff_method = unified
trust_local_filesystem = True

[software]
path = examples/code/triangle-cpp_slow
target_files = 
	triangle.cpp.xml
program = BasicProgram
engine_rules = 
	*.params : ConfigFileParamsEngine
	*.xml : SrcmlEngine
	* : LineEngine
engine_config = 
	*.params : [params]
	*.xml : [srcml]
init_cmd = 
init_timeout = 60
init_lengthout = -1
setup_cmd = ./setup.sh
setup_timeout = 
setup_lengthout = 
compile_cmd = ./compile.sh
compile_timeout = 
compile_lengthout = 
test_cmd = ./build/test_triangle
test_timeout = 
test_lengthout = 
run_cmd = perf stat ./build/run_triangle
run_timeout = 1
run_lengthout = 
batch_timeout = 
batch_lengthout = 
batch_bin_fitness_strategy = aggregate
batch_fitness_strategy = sum
fitness = perf_instructions

[srcml]
rename = 
focus = block break continue decl_stmt do expr_stmt for goto if return switch while
internodes = block
process_pseudo_blocks = True
process_literals = False
process_operators = False

[params]
timing = test run
cli_prefix = --
cli_glue = =
cli_boolean = show
cli_boolean_prefix_true = 
cli_boolean_prefix_false = no-
silent_prefix = @
silent_suffix = $

[search]
protocol = BasicProtocol
algorithm = RandomSearch
possible_edits = 
	DeclStmtReplacement
	ExprStmtReplacement
	IfReplacement
	ReturnReplacement
	DeclStmtInsertion
	ExprStmtInsertion
	IfInsertion
	ReturnInsertion
	DeclStmtDeletion
	ExprStmtDeletion
	IfDeletion
	ReturnDeletion
warmup = 5
warmup_strategy = last
max_steps = 100
max_time = 60
target_fitness = 
cache_maxsize = 40
cache_keep = 0.2
batch_instances = 
batch_shuffle = True
batch_bin_shuffle = False
batch_sample_size = 1
operator_selector = EpsilonGreedy
epsilon = 0.2

[search.ls]
delete_prob = 0
max_neighbours = 20
when_trapped = continue
accept_fail = False
tabu_length = 10

[search.gp]
pop_size = 10
delete_prob = 0.5
offspring_elitism = 0.1
offspring_crossover = 0.5
offspring_mutation = 0.4
uniform_rate = 0.5
batch_reset = True

[search.minify]
do_cleanup = True
do_rebuild = True
do_simplify = True
round_robin_limit = 3


2023-12-15 03:03:17,877	[INFO]	==== WARMUP ====
2023-12-15 03:03:20,439	[DEBUG]	EXEC>  SUCCESS 1204241
2023-12-15 03:03:20,439	[INFO]	WARM    SUCCESS               1204241                 
2023-12-15 03:03:21,435	[DEBUG]	EXEC>  SUCCESS 1204241
2023-12-15 03:03:21,436	[INFO]	WARM    SUCCESS               1204241                 
2023-12-15 03:03:22,478	[DEBUG]	EXEC>  SUCCESS 1204240
2023-12-15 03:03:22,479	[INFO]	WARM    SUCCESS               1204240                 
2023-12-15 03:03:23,478	[DEBUG]	EXEC>  SUCCESS 1204239
2023-12-15 03:03:23,479	[INFO]	WARM    SUCCESS               1204239                 
2023-12-15 03:03:24,478	[DEBUG]	EXEC>  SUCCESS 1204239
2023-12-15 03:03:24,479	[INFO]	WARM    SUCCESS               1204239                 
2023-12-15 03:03:24,480	[INFO]	INITIAL SUCCESS               1204239                 
2023-12-15 03:03:24,481	[INFO]	==== START: RandomSearch ====
2023-12-15 03:03:25,266	[DEBUG]	ExprStmtReplacement(('triangle.cpp.xml', 'expr_stmt', 7), ('triangle.cpp.xml', 'stmt', 17))
2023-12-15 03:03:25,267	[INFO]	1       TEST_CODE_ERROR       None  [1 edit(s)]       
2023-12-15 03:03:25,413	[DEBUG]	DeclStmtReplacement(('triangle.cpp.xml', 'decl_stmt', 0), ('triangle.cpp.xml', 'stmt', 20))
2023-12-15 03:03:25,413	[INFO]	2       COMPILE_CODE_ERROR    None  [1 edit(s)]       
2023-12-15 03:03:26,206	[DEBUG]	IfReplacement(('triangle.cpp.xml', 'if', 3), ('triangle.cpp.xml', 'stmt', 20))
2023-12-15 03:03:26,206	[INFO]	3       TEST_CODE_ERROR       None  [1 edit(s)]       
2023-12-15 03:03:27,016	[DEBUG]	ReturnReplacement(('triangle.cpp.xml', 'return', 3), ('triangle.cpp.xml', 'stmt', 0))
2023-12-15 03:03:27,017	[INFO]	4       TEST_CODE_ERROR       None  [1 edit(s)]       
2023-12-15 03:03:27,195	[DEBUG]	DeclStmtInsertion(('triangle.cpp.xml', '_inter_block', 9), ('triangle.cpp.xml', 'decl_stmt', 1))
2023-12-15 03:03:27,195	[INFO]	5       COMPILE_CODE_ERROR    None  [1 edit(s)]       
2023-12-15 03:03:28,185	[DEBUG]	EXEC>  SUCCESS 1204262
2023-12-15 03:03:28,185	[DEBUG]	DeclStmtInsertion(('triangle.cpp.xml', '_inter_block', 30), ('triangle.cpp.xml', 'decl_stmt', 0))
2023-12-15 03:03:28,186	[INFO]	6       SUCCESS               1204262 (100.0%) [1 edit(s)] 
2023-12-15 03:03:29,012	[DEBUG]	ExprStmtInsertion(('triangle.cpp.xml', '_inter_block', 15), ('triangle.cpp.xml', 'expr_stmt', 10))
2023-12-15 03:03:29,012	[INFO]	7       TEST_CODE_ERROR       None  [1 edit(s)]       
2023-12-15 03:03:29,983	[DEBUG]	EXEC>  SUCCESS 1204429
2023-12-15 03:03:29,984	[DEBUG]	IfInsertion(('triangle.cpp.xml', '_inter_block', 9), ('triangle.cpp.xml', 'if', 0))
2023-12-15 03:03:29,985	[INFO]	8       SUCCESS               1204429 (100.02%) [1 edit(s)] 
2023-12-15 03:03:30,831	[DEBUG]	ReturnInsertion(('triangle.cpp.xml', '_inter_block', 19), ('triangle.cpp.xml', 'return', 3))
2023-12-15 03:03:30,832	[INFO]	9       TEST_CODE_ERROR       None  [1 edit(s)]       
2023-12-15 03:03:30,983	[DEBUG]	DeclStmtDeletion(('triangle.cpp.xml', 'decl_stmt', 0))
2023-12-15 03:03:30,983	[INFO]	10      COMPILE_CODE_ERROR    None  [1 edit(s)]       
2023-12-15 03:03:31,874	[DEBUG]	EXEC>  SUCCESS 1201844
2023-12-15 03:03:31,875	[DEBUG]	ExprStmtDeletion(('triangle.cpp.xml', 'expr_stmt', 1))
2023-12-15 03:03:31,876	[INFO]	11      SUCCESS              *1201844 (99.8%) [1 edit(s)] 
2023-12-15 03:03:31,877	[DEBUG]	--- before: triangle.cpp
+++ after: triangle.cpp
@@ -8,7 +8,7 @@
 int classify_triangle(double a, double b, double c) {
   double tmp;
 
-  delay();
+  
 
   // Sort the sides so that a <= b <= c
   if(a > b) {

2023-12-15 03:03:33,005	[DEBUG]	EXEC>  SUCCESS 1607079
2023-12-15 03:03:33,005	[DEBUG]	IfDeletion(('triangle.cpp.xml', 'if', 0))
2023-12-15 03:03:33,007	[INFO]	12      SUCCESS               1607079 (133.45%) [1 edit(s)] 
2023-12-15 03:03:33,857	[DEBUG]	ReturnDeletion(('triangle.cpp.xml', 'return', 1))
2023-12-15 03:03:33,857	[INFO]	13      TEST_CODE_ERROR       None  [1 edit(s)]       
2023-12-15 03:03:34,694	[DEBUG]	ExprStmtDeletion(('triangle.cpp.xml', 'expr_stmt', 9))
2023-12-15 03:03:34,694	[INFO]	14      TEST_CODE_ERROR       None  [1 edit(s)]       
2023-12-15 03:03:35,698	[DEBUG]	EXEC>  SUCCESS 1204239
2023-12-15 03:03:35,698	[DEBUG]	IfInsertion(('triangle.cpp.xml', '_inter_block', 31), ('triangle.cpp.xml', 'if', 3))
2023-12-15 03:03:35,702	[INFO]	15      SUCCESS               1204239 (100.0%) [1 edit(s)] 
2023-12-15 03:03:36,713	[DEBUG]	EXEC>  SUCCESS 1204299
2023-12-15 03:03:36,714	[DEBUG]	DeclStmtInsertion(('triangle.cpp.xml', '_inter_block', 23), ('triangle.cpp.xml', 'decl_stmt', 0))
2023-12-15 03:03:36,715	[INFO]	16      SUCCESS               1204299 (100.0%) [1 edit(s)] 
2023-12-15 03:03:37,805	[DEBUG]	EXEC>  SUCCESS 1204474
2023-12-15 03:03:37,805	[DEBUG]	IfInsertion(('triangle.cpp.xml', '_inter_block', 10), ('triangle.cpp.xml', 'if', 4))
2023-12-15 03:03:37,806	[INFO]	17      SUCCESS               1204474 (100.02%) [1 edit(s)] 
2023-12-15 03:03:38,810	[DEBUG]	EXEC>  SUCCESS 1204419
2023-12-15 03:03:38,811	[DEBUG]	IfInsertion(('triangle.cpp.xml', '_inter_block', 9), ('triangle.cpp.xml', 'if', 3))
2023-12-15 03:03:38,814	[INFO]	18      SUCCESS               1204419 (100.01%) [1 edit(s)] 
2023-12-15 03:03:39,817	[DEBUG]	EXEC>  SUCCESS 1204435
2023-12-15 03:03:39,818	[DEBUG]	IfInsertion(('triangle.cpp.xml', '_inter_block', 8), ('triangle.cpp.xml', 'if', 3))
2023-12-15 03:03:39,819	[INFO]	19      SUCCESS               1204435 (100.02%) [1 edit(s)] 
2023-12-15 03:03:39,988	[DEBUG]	DeclStmtReplacement(('triangle.cpp.xml', 'decl_stmt', 1), ('triangle.cpp.xml', 'stmt', 21))
2023-12-15 03:03:39,988	[INFO]	20      COMPILE_CODE_ERROR    None  [1 edit(s)]       
2023-12-15 03:03:40,115	[DEBUG]	IfInsertion(('triangle.cpp.xml', '_inter_block', 3), ('triangle.cpp.xml', 'if', 1))
2023-12-15 03:03:40,115	[INFO]	21      COMPILE_CODE_ERROR    None  [1 edit(s)]       
2023-12-15 03:03:41,138	[DEBUG]	EXEC>  SUCCESS 1461814
2023-12-15 03:03:41,138	[DEBUG]	IfDeletion(('triangle.cpp.xml', 'if', 1))
2023-12-15 03:03:41,139	[INFO]	22      SUCCESS               1461814 (121.39%) [1 edit(s)] 
2023-12-15 03:03:41,976	[DEBUG]	IfDeletion(('triangle.cpp.xml', 'if', 3))
2023-12-15 03:03:41,976	[INFO]	23      TEST_CODE_ERROR       None  [1 edit(s)]       
2023-12-15 03:03:42,971	[DEBUG]	EXEC>  SUCCESS 1204269
2023-12-15 03:03:42,972	[DEBUG]	IfInsertion(('triangle.cpp.xml', '_inter_block', 15), ('triangle.cpp.xml', 'if', 3))
2023-12-15 03:03:42,973	[INFO]	24      SUCCESS               1204269 (100.0%) [1 edit(s)] 
2023-12-15 03:03:43,839	[DEBUG]	IfInsertion(('triangle.cpp.xml', '_inter_block', 18), ('triangle.cpp.xml', 'if', 2))
2023-12-15 03:03:43,839	[INFO]	25      TEST_CODE_ERROR       None  [1 edit(s)]       
2023-12-15 03:03:44,911	[DEBUG]	EXEC>  SUCCESS 1353186
2023-12-15 03:03:44,911	[DEBUG]	IfInsertion(('triangle.cpp.xml', '_inter_block', 9), ('triangle.cpp.xml', 'if', 4))
2023-12-15 03:03:44,912	[INFO]	26      SUCCESS               1353186 (112.37%) [1 edit(s)] 
2023-12-15 03:03:45,939	[DEBUG]	EXEC>  SUCCESS 1204517
2023-12-15 03:03:45,939	[DEBUG]	IfInsertion(('triangle.cpp.xml', '_inter_block', 7), ('triangle.cpp.xml', 'if', 4))
2023-12-15 03:03:45,940	[INFO]	27      SUCCESS               1204517 (100.02%) [1 edit(s)] 
2023-12-15 03:03:46,816	[DEBUG]	IfInsertion(('triangle.cpp.xml', '_inter_block', 23), ('triangle.cpp.xml', 'if', 2))
2023-12-15 03:03:46,817	[INFO]	28      TEST_CODE_ERROR       None  [1 edit(s)]       
2023-12-15 03:03:47,697	[DEBUG]	IfInsertion(('triangle.cpp.xml', '_inter_block', 22), ('triangle.cpp.xml', 'if', 2))
2023-12-15 03:03:47,697	[INFO]	29      TEST_CODE_ERROR       None  [1 edit(s)]       
2023-12-15 03:03:47,857	[DEBUG]	DeclStmtInsertion(('triangle.cpp.xml', '_inter_block', 0), ('triangle.cpp.xml', 'decl_stmt', 0))
2023-12-15 03:03:47,858	[INFO]	30      COMPILE_CODE_ERROR    None  [1 edit(s)]       
2023-12-15 03:03:48,901	[DEBUG]	EXEC>  SUCCESS 1204299
2023-12-15 03:03:48,901	[DEBUG]	IfInsertion(('triangle.cpp.xml', '_inter_block', 30), ('triangle.cpp.xml', 'if', 3))
2023-12-15 03:03:48,904	[INFO]	31      SUCCESS               1204299 (100.0%) [1 edit(s)] 
2023-12-15 03:03:49,908	[DEBUG]	EXEC>  SUCCESS 1204330
2023-12-15 03:03:49,909	[DEBUG]	IfInsertion(('triangle.cpp.xml', '_inter_block', 20), ('triangle.cpp.xml', 'if', 4))
2023-12-15 03:03:49,910	[INFO]	32      SUCCESS               1204330 (100.01%) [1 edit(s)] 
2023-12-15 03:03:50,990	[DEBUG]	EXEC>  SUCCESS 1204406
2023-12-15 03:03:50,990	[DEBUG]	IfInsertion(('triangle.cpp.xml', '_inter_block', 14), ('triangle.cpp.xml', 'if', 5))
2023-12-15 03:03:50,991	[INFO]	33      SUCCESS               1204406 (100.01%) [1 edit(s)] 
2023-12-15 03:03:51,146	[DEBUG]	IfInsertion(('triangle.cpp.xml', '_inter_block', 4), ('triangle.cpp.xml', 'if', 2))
2023-12-15 03:03:51,146	[INFO]	34      COMPILE_CODE_ERROR    None  [1 edit(s)]       
2023-12-15 03:03:52,137	[DEBUG]	EXEC>  SUCCESS 1204238
2023-12-15 03:03:52,138	[DEBUG]	IfInsertion(('triangle.cpp.xml', '_inter_block', 13), ('triangle.cpp.xml', 'if', 5))
2023-12-15 03:03:52,139	[INFO]	35      SUCCESS               1204238 (100.0%) [1 edit(s)] 
2023-12-15 03:03:52,976	[DEBUG]	ReturnDeletion(('triangle.cpp.xml', 'return', 0))
2023-12-15 03:03:52,976	[INFO]	36      TEST_CODE_ERROR       None  [1 edit(s)]       
2023-12-15 03:03:54,002	[DEBUG]	EXEC>  SUCCESS 1204320
2023-12-15 03:03:54,002	[DEBUG]	IfInsertion(('triangle.cpp.xml', '_inter_block', 11), ('triangle.cpp.xml', 'if', 2))
2023-12-15 03:03:54,003	[INFO]	37      SUCCESS               1204320 (100.01%) [1 edit(s)] 
2023-12-15 03:03:55,016	[DEBUG]	EXEC>  SUCCESS 1204348
2023-12-15 03:03:55,017	[DEBUG]	IfInsertion(('triangle.cpp.xml', '_inter_block', 18), ('triangle.cpp.xml', 'if', 4))
2023-12-15 03:03:55,018	[INFO]	38      SUCCESS               1204348 (100.01%) [1 edit(s)] 
2023-12-15 03:03:56,106	[DEBUG]	EXEC>  SUCCESS 1204265
2023-12-15 03:03:56,107	[DEBUG]	IfInsertion(('triangle.cpp.xml', '_inter_block', 28), ('triangle.cpp.xml', 'if', 0))
2023-12-15 03:03:56,107	[INFO]	39      SUCCESS               1204265 (100.0%) [1 edit(s)] 
2023-12-15 03:03:57,094	[DEBUG]	EXEC>  SUCCESS 1204315
2023-12-15 03:03:57,095	[DEBUG]	IfInsertion(('triangle.cpp.xml', '_inter_block', 20), ('triangle.cpp.xml', 'if', 3))
2023-12-15 03:03:57,095	[INFO]	40      SUCCESS               1204315 (100.01%) [1 edit(s)] 
2023-12-15 03:03:57,259	[DEBUG]	IfInsertion(('triangle.cpp.xml', '_inter_block', 1), ('triangle.cpp.xml', 'if', 4))
2023-12-15 03:03:57,259	[INFO]	41      COMPILE_CODE_ERROR    None  [1 edit(s)]       
2023-12-15 03:03:58,071	[DEBUG]	IfReplacement(('triangle.cpp.xml', 'if', 3), ('triangle.cpp.xml', 'stmt', 18))
2023-12-15 03:03:58,072	[INFO]	42      TEST_CODE_ERROR       None  [1 edit(s)]       
2023-12-15 03:03:58,248	[DEBUG]	DeclStmtReplacement(('triangle.cpp.xml', 'decl_stmt', 0), ('triangle.cpp.xml', 'stmt', 21))
2023-12-15 03:03:58,248	[INFO]	43      COMPILE_CODE_ERROR    None  [1 edit(s)]       
2023-12-15 03:03:59,071	[DEBUG]	IfReplacement(('triangle.cpp.xml', 'if', 0), ('triangle.cpp.xml', 'stmt', 9))
2023-12-15 03:03:59,072	[INFO]	44      TEST_CODE_ERROR       None  [1 edit(s)]       
2023-12-15 03:04:00,104	[DEBUG]	EXEC>  SUCCESS 1204347
2023-12-15 03:04:00,104	[DEBUG]	IfInsertion(('triangle.cpp.xml', '_inter_block', 28), ('triangle.cpp.xml', 'if', 4))
2023-12-15 03:04:00,105	[INFO]	45      SUCCESS               1204347 (100.01%) [1 edit(s)] 
2023-12-15 03:04:01,133	[DEBUG]	IfInsertion(('triangle.cpp.xml', '_inter_block', 7), ('triangle.cpp.xml', 'if', 5))
2023-12-15 03:04:01,133	[INFO]	46      TEST_CODE_ERROR       None  [1 edit(s)]       
2023-12-15 03:04:02,092	[DEBUG]	EXEC>  SUCCESS 1204374
2023-12-15 03:04:02,093	[DEBUG]	IfInsertion(('triangle.cpp.xml', '_inter_block', 26), ('triangle.cpp.xml', 'if', 3))
2023-12-15 03:04:02,094	[INFO]	47      SUCCESS               1204374 (100.01%) [1 edit(s)] 
2023-12-15 03:04:02,929	[DEBUG]	IfInsertion(('triangle.cpp.xml', '_inter_block', 5), ('triangle.cpp.xml', 'if', 5))
2023-12-15 03:04:02,929	[INFO]	48      TEST_CODE_ERROR       None  [1 edit(s)]       
2023-12-15 03:04:03,765	[DEBUG]	IfInsertion(('triangle.cpp.xml', '_inter_block', 16), ('triangle.cpp.xml', 'if', 4))
2023-12-15 03:04:03,766	[INFO]	49      TEST_CODE_ERROR       None  [1 edit(s)]       
2023-12-15 03:04:03,920	[DEBUG]	IfInsertion(('triangle.cpp.xml', '_inter_block', 4), ('triangle.cpp.xml', 'if', 1))
2023-12-15 03:04:03,920	[INFO]	50      COMPILE_CODE_ERROR    None  [1 edit(s)]       
2023-12-15 03:04:04,894	[DEBUG]	EXEC>  SUCCESS 1203871
2023-12-15 03:04:04,895	[DEBUG]	IfDeletion(('triangle.cpp.xml', 'if', 0))
2023-12-15 03:04:04,896	[INFO]	51      SUCCESS               1203871 (99.97%) [1 edit(s)] 
2023-12-15 03:04:05,702	[DEBUG]	IfDeletion(('triangle.cpp.xml', 'if', 2))
2023-12-15 03:04:05,702	[INFO]	52      TEST_CODE_ERROR       None  [1 edit(s)]       
2023-12-15 03:04:06,578	[DEBUG]	IfInsertion(('triangle.cpp.xml', '_inter_block', 18), ('triangle.cpp.xml', 'if', 2))
2023-12-15 03:04:06,578	[INFO]	53      TEST_CODE_ERROR       None  [1 edit(s)]       
2023-12-15 03:04:07,592	[DEBUG]	EXEC>  SUCCESS 1263010
2023-12-15 03:04:07,592	[DEBUG]	IfInsertion(('triangle.cpp.xml', '_inter_block', 13), ('triangle.cpp.xml', 'if', 2))
2023-12-15 03:04:07,593	[INFO]	54      SUCCESS               1263010 (104.88%) [1 edit(s)] 
2023-12-15 03:04:08,436	[DEBUG]	IfInsertion(('triangle.cpp.xml', '_inter_block', 8), ('triangle.cpp.xml', 'if', 5))
2023-12-15 03:04:08,437	[INFO]	55      TEST_CODE_ERROR       None  [1 edit(s)]       
2023-12-15 03:04:09,469	[DEBUG]	EXEC>  SUCCESS 1204338
2023-12-15 03:04:09,469	[DEBUG]	IfInsertion(('triangle.cpp.xml', '_inter_block', 6), ('triangle.cpp.xml', 'if', 1))
2023-12-15 03:04:09,470	[INFO]	56      SUCCESS               1204338 (100.01%) [1 edit(s)] 
2023-12-15 03:04:10,518	[DEBUG]	EXEC>  SUCCESS 1294044
2023-12-15 03:04:10,519	[DEBUG]	IfInsertion(('triangle.cpp.xml', '_inter_block', 6), ('triangle.cpp.xml', 'if', 2))
2023-12-15 03:04:10,520	[INFO]	57      SUCCESS               1294044 (107.46%) [1 edit(s)] 
2023-12-15 03:04:11,563	[DEBUG]	EXEC>  SUCCESS 1270320
2023-12-15 03:04:11,564	[DEBUG]	IfInsertion(('triangle.cpp.xml', '_inter_block', 30), ('triangle.cpp.xml', 'if', 4))
2023-12-15 03:04:11,565	[INFO]	58      SUCCESS               1270320 (105.49%) [1 edit(s)] 
2023-12-15 03:04:11,746	[DEBUG]	IfInsertion(('triangle.cpp.xml', '_inter_block', 3), ('triangle.cpp.xml', 'if', 4))
2023-12-15 03:04:11,746	[INFO]	59      COMPILE_CODE_ERROR    None  [1 edit(s)]       
2023-12-15 03:04:12,741	[DEBUG]	EXEC>  SUCCESS 1204240
2023-12-15 03:04:12,742	[DEBUG]	IfInsertion(('triangle.cpp.xml', '_inter_block', 31), ('triangle.cpp.xml', 'if', 4))
2023-12-15 03:04:12,743	[INFO]	60      SUCCESS               1204240 (100.0%) [1 edit(s)] 
2023-12-15 03:04:13,794	[DEBUG]	EXEC>  SUCCESS 1204383
2023-12-15 03:04:13,795	[DEBUG]	IfInsertion(('triangle.cpp.xml', '_inter_block', 15), ('triangle.cpp.xml', 'if', 4))
2023-12-15 03:04:13,795	[INFO]	61      SUCCESS               1204383 (100.01%) [1 edit(s)] 
2023-12-15 03:04:13,797	[DEBUG]	IfInsertion(('triangle.cpp.xml', '_inter_block', 14), ('triangle.cpp.xml', 'if', 5))
2023-12-15 03:04:13,797	[INFO]	62      SUCCESS               1204406 (100.01%) [1 edit(s)] 
2023-12-15 03:04:14,796	[DEBUG]	EXEC>  SUCCESS 1204285
2023-12-15 03:04:14,797	[DEBUG]	IfInsertion(('triangle.cpp.xml', '_inter_block', 21), ('triangle.cpp.xml', 'if', 0))
2023-12-15 03:04:14,797	[INFO]	63      SUCCESS               1204285 (100.0%) [1 edit(s)] 
2023-12-15 03:04:15,831	[DEBUG]	EXEC>  SUCCESS 1204240
2023-12-15 03:04:15,831	[DEBUG]	IfInsertion(('triangle.cpp.xml', '_inter_block', 27), ('triangle.cpp.xml', 'if', 4))
2023-12-15 03:04:15,833	[INFO]	64      SUCCESS               1204240 (100.0%) [1 edit(s)] 
2023-12-15 03:04:16,841	[DEBUG]	EXEC>  SUCCESS 1204239
2023-12-15 03:04:16,841	[DEBUG]	IfInsertion(('triangle.cpp.xml', '_inter_block', 13), ('triangle.cpp.xml', 'if', 1))
2023-12-15 03:04:16,842	[INFO]	65      SUCCESS               1204239 (100.0%) [1 edit(s)] 
2023-12-15 03:04:17,851	[DEBUG]	EXEC>  SUCCESS 1204374
2023-12-15 03:04:17,852	[DEBUG]	IfInsertion(('triangle.cpp.xml', '_inter_block', 11), ('triangle.cpp.xml', 'if', 3))
2023-12-15 03:04:17,853	[INFO]	66      SUCCESS               1204374 (100.01%) [1 edit(s)] 
2023-12-15 03:04:18,690	[DEBUG]	IfInsertion(('triangle.cpp.xml', '_inter_block', 16), ('triangle.cpp.xml', 'if', 5))
2023-12-15 03:04:18,691	[INFO]	67      TEST_CODE_ERROR       None  [1 edit(s)]       
2023-12-15 03:04:18,692	[DEBUG]	IfInsertion(('triangle.cpp.xml', '_inter_block', 30), ('triangle.cpp.xml', 'if', 4))
2023-12-15 03:04:18,693	[INFO]	68      SUCCESS               1270320 (105.49%) [1 edit(s)] 
2023-12-15 03:04:19,728	[DEBUG]	EXEC>  SUCCESS 1204284
2023-12-15 03:04:19,728	[DEBUG]	IfInsertion(('triangle.cpp.xml', '_inter_block', 20), ('triangle.cpp.xml', 'if', 0))
2023-12-15 03:04:19,729	[INFO]	69      SUCCESS               1204284 (100.0%) [1 edit(s)] 
2023-12-15 03:04:20,777	[DEBUG]	EXEC>  SUCCESS 1292284
2023-12-15 03:04:20,778	[DEBUG]	IfDeletion(('triangle.cpp.xml', 'if', 1))
2023-12-15 03:04:20,779	[INFO]	70      SUCCESS               1292284 (107.31%) [1 edit(s)] 
2023-12-15 03:04:21,620	[DEBUG]	IfInsertion(('triangle.cpp.xml', '_inter_block', 16), ('triangle.cpp.xml', 'if', 1))
2023-12-15 03:04:21,621	[INFO]	71      TEST_CODE_ERROR       None  [1 edit(s)]       
2023-12-15 03:04:22,455	[DEBUG]	IfReplacement(('triangle.cpp.xml', 'if', 2), ('triangle.cpp.xml', 'stmt', 7))
2023-12-15 03:04:22,455	[INFO]	72      TEST_CODE_ERROR       None  [1 edit(s)]       
2023-12-15 03:04:23,493	[DEBUG]	EXEC>  SUCCESS 1204240
2023-12-15 03:04:23,493	[DEBUG]	IfInsertion(('triangle.cpp.xml', '_inter_block', 27), ('triangle.cpp.xml', 'if', 0))
2023-12-15 03:04:23,496	[INFO]	73      SUCCESS               1204240 (100.0%) [1 edit(s)] 
2023-12-15 03:04:24,348	[DEBUG]	ReturnDeletion(('triangle.cpp.xml', 'return', 0))
2023-12-15 03:04:24,348	[INFO]	74      TEST_CODE_ERROR       None  [1 edit(s)]       
2023-12-15 03:04:24,496	[DEBUG]	IfInsertion(('triangle.cpp.xml', '_inter_block', 0), ('triangle.cpp.xml', 'if', 3))
2023-12-15 03:04:24,496	[INFO]	75      COMPILE_CODE_ERROR    None  [1 edit(s)]       
2023-12-15 03:04:24,497	[INFO]	==== END ====
2023-12-15 03:04:24,497	[INFO]	
2023-12-15 03:04:24,497	[INFO]	==== REPORT ====
2023-12-15 03:04:24,498	[INFO]	Termination: time budget
2023-12-15 03:04:24,499	[INFO]	Log file: /cs/student/ug/2020/damibose/projects/magpie/_magpie_logs/triangle-cpp_slow_1702609397.log
2023-12-15 03:04:24,500	[INFO]	Patch file: _magpie_logs/triangle-cpp_slow_1702609397.patch
2023-12-15 03:04:24,500	[INFO]	Diff file: _magpie_logs/triangle-cpp_slow_1702609397.diff
2023-12-15 03:04:24,500	[INFO]	Best fitness: 1201844
2023-12-15 03:04:24,501	[INFO]	Best patch: ExprStmtDeletion(('triangle.cpp.xml', 'expr_stmt', 1))
2023-12-15 03:04:24,502	[INFO]	Diff:
--- before: triangle.cpp
+++ after: triangle.cpp
@@ -8,7 +8,7 @@
 int classify_triangle(double a, double b, double c) {
   double tmp;
 
-  delay();
+  
 
   // Sort the sides so that a <= b <= c
   if(a > b) {

