2023-12-15 13:14:08,825	[DEBUG]	==== CONFIG ====
[magpie]
import = 
seed = 9
log_dir = _magpie_logs
work_dir = _magpie_work
final_out_dir = experiments/results_e_greedy_proof_of_concept/baseline/RandomSearch/trial_9
local_original_copy = True
local_original_name = __original__
output_encoding = ascii
edit_retries = 10
default_timeout = 30
default_lengthout = 10000.0
diff_method = unified
trust_local_filesystem = True

[software]
path = examples/code/triangle-cpp_slow
target_files = 
	triangle.cpp.xml
program = BasicProgram
engine_rules = 
	*.params : ConfigFileParamsEngine
	*.xml : SrcmlEngine
	* : LineEngine
engine_config = 
	*.params : [params]
	*.xml : [srcml]
init_cmd = 
init_timeout = 60
init_lengthout = -1
setup_cmd = ./setup.sh
setup_timeout = 
setup_lengthout = 
compile_cmd = ./compile.sh
compile_timeout = 
compile_lengthout = 
test_cmd = ./build/test_triangle
test_timeout = 
test_lengthout = 
run_cmd = perf stat ./build/run_triangle
run_timeout = 1
run_lengthout = 
batch_timeout = 
batch_lengthout = 
batch_bin_fitness_strategy = aggregate
batch_fitness_strategy = sum
fitness = perf_instructions

[srcml]
rename = 
focus = block break continue decl_stmt do expr_stmt for goto if return switch while
internodes = block
process_pseudo_blocks = True
process_literals = False
process_operators = False

[params]
timing = test run
cli_prefix = --
cli_glue = =
cli_boolean = show
cli_boolean_prefix_true = 
cli_boolean_prefix_false = no-
silent_prefix = @
silent_suffix = $

[search]
protocol = BasicProtocol
algorithm = RandomSearch
possible_edits = 
	DeclStmtReplacement
	ExprStmtReplacement
	IfReplacement
	ReturnReplacement
	DeclStmtInsertion
	ExprStmtInsertion
	IfInsertion
	ReturnInsertion
	DeclStmtDeletion
	ExprStmtDeletion
	IfDeletion
	ReturnDeletion
warmup = 5
warmup_strategy = last
max_steps = 100
max_time = 60
target_fitness = 
cache_maxsize = 40
cache_keep = 0.2
batch_instances = 
batch_shuffle = True
batch_bin_shuffle = False
batch_sample_size = 1
operator_selector = UniformSelector

[search.ls]
delete_prob = 0
max_neighbours = 20
when_trapped = continue
accept_fail = False
tabu_length = 10

[search.gp]
pop_size = 10
delete_prob = 0.5
offspring_elitism = 0.1
offspring_crossover = 0.5
offspring_mutation = 0.4
uniform_rate = 0.5
batch_reset = True

[search.minify]
do_cleanup = True
do_rebuild = True
do_simplify = True
round_robin_limit = 3


2023-12-15 13:14:08,830	[INFO]	==== WARMUP ====
2023-12-15 13:14:11,418	[DEBUG]	EXEC>  SUCCESS 1355870
2023-12-15 13:14:11,418	[INFO]	WARM    SUCCESS               1355870                 
2023-12-15 13:14:12,426	[DEBUG]	EXEC>  SUCCESS 1205551
2023-12-15 13:14:12,427	[INFO]	WARM    SUCCESS               1205551                 
2023-12-15 13:14:13,375	[DEBUG]	EXEC>  SUCCESS 1205550
2023-12-15 13:14:13,375	[INFO]	WARM    SUCCESS               1205550                 
2023-12-15 13:14:14,357	[DEBUG]	EXEC>  SUCCESS 1588556
2023-12-15 13:14:14,357	[INFO]	WARM    SUCCESS               1588556                 
2023-12-15 13:14:15,333	[DEBUG]	EXEC>  SUCCESS 1434781
2023-12-15 13:14:15,333	[INFO]	WARM    SUCCESS               1434781                 
2023-12-15 13:14:15,334	[INFO]	INITIAL SUCCESS               1434781                 
2023-12-15 13:14:15,334	[INFO]	==== START: RandomSearch ====
2023-12-15 13:14:16,299	[DEBUG]	EXEC>  SUCCESS 1205575
2023-12-15 13:14:16,300	[DEBUG]	DeclStmtInsertion(('triangle.cpp.xml', '_inter_block', 30), ('triangle.cpp.xml', 'decl_stmt', 0))
2023-12-15 13:14:16,300	[INFO]	1       SUCCESS              *1205575 (84.03%) [1 edit(s)] 
2023-12-15 13:14:16,301	[DEBUG]	--- before: triangle.cpp
+++ after: triangle.cpp
@@ -39,6 +39,7 @@
     }/*auto*/
   if(a == b || b == c)
     /*auto*/{
+      const struct timespec ms = {0, (long int) (0.001*1e9)};
       return ISOSCELES;
     }/*auto*/
   return SCALENE;

2023-12-15 13:14:17,102	[DEBUG]	ReturnInsertion(('triangle.cpp.xml', '_inter_block', 17), ('triangle.cpp.xml', 'return', 2))
2023-12-15 13:14:17,102	[INFO]	2       TEST_CODE_ERROR       None  [1 edit(s)]       
2023-12-15 13:14:17,911	[DEBUG]	IfInsertion(('triangle.cpp.xml', '_inter_block', 24), ('triangle.cpp.xml', 'if', 4))
2023-12-15 13:14:17,912	[INFO]	3       TEST_CODE_ERROR       None  [1 edit(s)]       
2023-12-15 13:14:18,711	[DEBUG]	ReturnReplacement(('triangle.cpp.xml', 'return', 3), ('triangle.cpp.xml', 'stmt', 4))
2023-12-15 13:14:18,711	[INFO]	4       TEST_CODE_ERROR       None  [1 edit(s)]       
2023-12-15 13:14:18,853	[DEBUG]	DeclStmtReplacement(('triangle.cpp.xml', 'decl_stmt', 0), ('triangle.cpp.xml', 'stmt', 9))
2023-12-15 13:14:18,853	[INFO]	5       COMPILE_CODE_ERROR    None  [1 edit(s)]       
2023-12-15 13:14:19,644	[DEBUG]	IfDeletion(('triangle.cpp.xml', 'if', 2))
2023-12-15 13:14:19,644	[INFO]	6       TEST_CODE_ERROR       None  [1 edit(s)]       
2023-12-15 13:14:20,442	[DEBUG]	ReturnDeletion(('triangle.cpp.xml', 'return', 3))
2023-12-15 13:14:20,442	[INFO]	7       TEST_CODE_ERROR       None  [1 edit(s)]       
2023-12-15 13:14:20,578	[DEBUG]	DeclStmtDeletion(('triangle.cpp.xml', 'decl_stmt', 0))
2023-12-15 13:14:20,579	[INFO]	8       COMPILE_CODE_ERROR    None  [1 edit(s)]       
2023-12-15 13:14:20,711	[DEBUG]	ExprStmtInsertion(('triangle.cpp.xml', '_inter_block', 1), ('triangle.cpp.xml', 'expr_stmt', 5))
2023-12-15 13:14:20,711	[INFO]	9       COMPILE_CODE_ERROR    None  [1 edit(s)]       
2023-12-15 13:14:20,837	[DEBUG]	DeclStmtDeletion(('triangle.cpp.xml', 'decl_stmt', 1))
2023-12-15 13:14:20,838	[INFO]	10      COMPILE_CODE_ERROR    None  [1 edit(s)]       
2023-12-15 13:14:21,630	[DEBUG]	IfDeletion(('triangle.cpp.xml', 'if', 3))
2023-12-15 13:14:21,630	[INFO]	11      TEST_CODE_ERROR       None  [1 edit(s)]       
2023-12-15 13:14:22,438	[DEBUG]	IfReplacement(('triangle.cpp.xml', 'if', 2), ('triangle.cpp.xml', 'stmt', 8))
2023-12-15 13:14:22,439	[INFO]	12      TEST_CODE_ERROR       None  [1 edit(s)]       
2023-12-15 13:14:23,221	[DEBUG]	ExprStmtDeletion(('triangle.cpp.xml', 'expr_stmt', 7))
2023-12-15 13:14:23,221	[INFO]	13      TEST_CODE_ERROR       None  [1 edit(s)]       
2023-12-15 13:14:23,362	[DEBUG]	DeclStmtDeletion(('triangle.cpp.xml', 'decl_stmt', 1))
2023-12-15 13:14:23,363	[INFO]	14      COMPILE_CODE_ERROR    None  [1 edit(s)]       
2023-12-15 13:14:23,479	[DEBUG]	IfReplacement(('triangle.cpp.xml', 'if', 0), ('triangle.cpp.xml', 'stmt', 2))
2023-12-15 13:14:23,480	[INFO]	15      COMPILE_CODE_ERROR    None  [1 edit(s)]       
2023-12-15 13:14:23,601	[DEBUG]	DeclStmtReplacement(('triangle.cpp.xml', 'decl_stmt', 0), ('triangle.cpp.xml', 'stmt', 3))
2023-12-15 13:14:23,602	[INFO]	16      COMPILE_CODE_ERROR    None  [1 edit(s)]       
2023-12-15 13:14:24,349	[DEBUG]	IfReplacement(('triangle.cpp.xml', 'if', 2), ('triangle.cpp.xml', 'stmt', 17))
2023-12-15 13:14:24,350	[INFO]	17      TEST_CODE_ERROR       None  [1 edit(s)]       
2023-12-15 13:14:25,129	[DEBUG]	ReturnInsertion(('triangle.cpp.xml', '_inter_block', 25), ('triangle.cpp.xml', 'return', 0))
2023-12-15 13:14:25,129	[INFO]	18      TEST_CODE_ERROR       None  [1 edit(s)]       
2023-12-15 13:14:25,893	[DEBUG]	ReturnReplacement(('triangle.cpp.xml', 'return', 1), ('triangle.cpp.xml', 'stmt', 1))
2023-12-15 13:14:25,893	[INFO]	19      TEST_CODE_ERROR       None  [1 edit(s)]       
2023-12-15 13:14:26,712	[DEBUG]	ReturnReplacement(('triangle.cpp.xml', 'return', 3), ('triangle.cpp.xml', 'stmt', 11))
2023-12-15 13:14:26,712	[INFO]	20      TEST_CODE_ERROR       None  [1 edit(s)]       
2023-12-15 13:14:27,670	[DEBUG]	EXEC>  SUCCESS 1205550
2023-12-15 13:14:27,671	[DEBUG]	DeclStmtInsertion(('triangle.cpp.xml', '_inter_block', 27), ('triangle.cpp.xml', 'decl_stmt', 1))
2023-12-15 13:14:27,671	[INFO]	21      SUCCESS              *1205550 (84.02%) [1 edit(s)] 
2023-12-15 13:14:27,672	[DEBUG]	--- before: triangle.cpp
+++ after: triangle.cpp
@@ -32,6 +32,7 @@
   if(a + b <= c)
     /*auto*/{
       return INVALID;
+      double tmp;
     }/*auto*/
   if(a == b && b == c)
     /*auto*/{

2023-12-15 13:14:28,449	[DEBUG]	ReturnInsertion(('triangle.cpp.xml', '_inter_block', 10), ('triangle.cpp.xml', 'return', 0))
2023-12-15 13:14:28,449	[INFO]	22      TEST_CODE_ERROR       None  [1 edit(s)]       
2023-12-15 13:14:29,242	[DEBUG]	IfInsertion(('triangle.cpp.xml', '_inter_block', 15), ('triangle.cpp.xml', 'if', 0))
2023-12-15 13:14:29,243	[INFO]	23      TEST_CODE_ERROR       None  [1 edit(s)]       
2023-12-15 13:14:30,055	[DEBUG]	ReturnInsertion(('triangle.cpp.xml', '_inter_block', 9), ('triangle.cpp.xml', 'return', 0))
2023-12-15 13:14:30,056	[INFO]	24      TEST_CODE_ERROR       None  [1 edit(s)]       
2023-12-15 13:14:30,192	[DEBUG]	IfReplacement(('triangle.cpp.xml', 'if', 3), ('triangle.cpp.xml', 'stmt', 2))
2023-12-15 13:14:30,192	[INFO]	25      COMPILE_CODE_ERROR    None  [1 edit(s)]       
2023-12-15 13:14:30,317	[DEBUG]	DeclStmtReplacement(('triangle.cpp.xml', 'decl_stmt', 1), ('triangle.cpp.xml', 'stmt', 9))
2023-12-15 13:14:30,317	[INFO]	26      COMPILE_CODE_ERROR    None  [1 edit(s)]       
2023-12-15 13:14:31,072	[DEBUG]	ReturnDeletion(('triangle.cpp.xml', 'return', 1))
2023-12-15 13:14:31,073	[INFO]	27      TEST_CODE_ERROR       None  [1 edit(s)]       
2023-12-15 13:14:31,201	[DEBUG]	ExprStmtReplacement(('triangle.cpp.xml', 'expr_stmt', 1), ('triangle.cpp.xml', 'stmt', 1))
2023-12-15 13:14:31,201	[INFO]	28      COMPILE_CODE_ERROR    None  [1 edit(s)]       
2023-12-15 13:14:31,980	[DEBUG]	ReturnReplacement(('triangle.cpp.xml', 'return', 2), ('triangle.cpp.xml', 'stmt', 3))
2023-12-15 13:14:31,980	[INFO]	29      TEST_CODE_ERROR       None  [1 edit(s)]       
2023-12-15 13:14:32,133	[DEBUG]	DeclStmtReplacement(('triangle.cpp.xml', 'decl_stmt', 1), ('triangle.cpp.xml', 'stmt', 5))
2023-12-15 13:14:32,134	[INFO]	30      COMPILE_CODE_ERROR    None  [1 edit(s)]       
2023-12-15 13:14:32,909	[DEBUG]	ExprStmtDeletion(('triangle.cpp.xml', 'expr_stmt', 2))
2023-12-15 13:14:32,909	[INFO]	31      TEST_CODE_ERROR       None  [1 edit(s)]       
2023-12-15 13:14:33,041	[DEBUG]	DeclStmtReplacement(('triangle.cpp.xml', 'decl_stmt', 0), ('triangle.cpp.xml', 'stmt', 2))
2023-12-15 13:14:33,041	[INFO]	32      COMPILE_CODE_ERROR    None  [1 edit(s)]       
2023-12-15 13:14:33,173	[DEBUG]	DeclStmtDeletion(('triangle.cpp.xml', 'decl_stmt', 1))
2023-12-15 13:14:33,174	[INFO]	33      COMPILE_CODE_ERROR    None  [1 edit(s)]       
2023-12-15 13:14:33,917	[DEBUG]	ExprStmtInsertion(('triangle.cpp.xml', '_inter_block', 20), ('triangle.cpp.xml', 'expr_stmt', 5))
2023-12-15 13:14:33,917	[INFO]	34      TEST_CODE_ERROR       None  [1 edit(s)]       
2023-12-15 13:14:34,689	[DEBUG]	ReturnDeletion(('triangle.cpp.xml', 'return', 0))
2023-12-15 13:14:34,690	[INFO]	35      TEST_CODE_ERROR       None  [1 edit(s)]       
2023-12-15 13:14:34,821	[DEBUG]	DeclStmtDeletion(('triangle.cpp.xml', 'decl_stmt', 1))
2023-12-15 13:14:34,821	[INFO]	36      COMPILE_CODE_ERROR    None  [1 edit(s)]       
2023-12-15 13:14:35,772	[DEBUG]	EXEC>  SUCCESS 1205182
2023-12-15 13:14:35,772	[DEBUG]	IfDeletion(('triangle.cpp.xml', 'if', 0))
2023-12-15 13:14:35,773	[INFO]	37      SUCCESS              *1205182 (84.0%) [1 edit(s)] 
2023-12-15 13:14:35,774	[DEBUG]	--- before: triangle.cpp
+++ after: triangle.cpp
@@ -11,11 +11,7 @@
   delay();
 
   // Sort the sides so that a <= b <= c
-  if(a > b) {
-    tmp = a;
-    a = b;
-    b = tmp;
-  }
+  
 
   if(a > c) {
     tmp = a;

2023-12-15 13:14:35,916	[DEBUG]	ExprStmtInsertion(('triangle.cpp.xml', '_inter_block', 0), ('triangle.cpp.xml', 'expr_stmt', 5))
2023-12-15 13:14:35,916	[INFO]	38      COMPILE_CODE_ERROR    None  [1 edit(s)]       
2023-12-15 13:14:36,685	[DEBUG]	ReturnDeletion(('triangle.cpp.xml', 'return', 3))
2023-12-15 13:14:36,685	[INFO]	39      TEST_CODE_ERROR       None  [1 edit(s)]       
2023-12-15 13:14:37,468	[DEBUG]	ReturnDeletion(('triangle.cpp.xml', 'return', 1))
2023-12-15 13:14:37,468	[INFO]	40      TEST_CODE_ERROR       None  [1 edit(s)]       
2023-12-15 13:14:38,246	[DEBUG]	ReturnReplacement(('triangle.cpp.xml', 'return', 0), ('triangle.cpp.xml', 'stmt', 5))
2023-12-15 13:14:38,247	[INFO]	41      TEST_CODE_ERROR       None  [1 edit(s)]       
2023-12-15 13:14:39,002	[DEBUG]	ReturnDeletion(('triangle.cpp.xml', 'return', 2))
2023-12-15 13:14:39,002	[INFO]	42      TEST_CODE_ERROR       None  [1 edit(s)]       
2023-12-15 13:14:39,970	[DEBUG]	EXEC>  SUCCESS 1205605
2023-12-15 13:14:39,971	[DEBUG]	DeclStmtInsertion(('triangle.cpp.xml', '_inter_block', 11), ('triangle.cpp.xml', 'decl_stmt', 0))
2023-12-15 13:14:39,972	[INFO]	43      SUCCESS               1205605 (84.03%) [1 edit(s)] 
2023-12-15 13:14:40,937	[DEBUG]	EXEC>  SUCCESS 1205676
2023-12-15 13:14:40,937	[DEBUG]	DeclStmtInsertion(('triangle.cpp.xml', '_inter_block', 9), ('triangle.cpp.xml', 'decl_stmt', 0))
2023-12-15 13:14:40,938	[INFO]	44      SUCCESS               1205676 (84.03%) [1 edit(s)] 
2023-12-15 13:14:41,074	[DEBUG]	DeclStmtDeletion(('triangle.cpp.xml', 'decl_stmt', 0))
2023-12-15 13:14:41,074	[INFO]	45      COMPILE_CODE_ERROR    None  [1 edit(s)]       
2023-12-15 13:14:41,838	[DEBUG]	ExprStmtDeletion(('triangle.cpp.xml', 'expr_stmt', 4))
2023-12-15 13:14:41,838	[INFO]	46      TEST_CODE_ERROR       None  [1 edit(s)]       
2023-12-15 13:14:42,872	[DEBUG]	EXEC>  SUCCESS 1206151
2023-12-15 13:14:42,873	[DEBUG]	ExprStmtInsertion(('triangle.cpp.xml', '_inter_block', 22), ('triangle.cpp.xml', 'expr_stmt', 1))
2023-12-15 13:14:42,875	[INFO]	47      SUCCESS               1206151 (84.07%) [1 edit(s)] 
2023-12-15 13:14:43,645	[DEBUG]	IfDeletion(('triangle.cpp.xml', 'if', 5))
2023-12-15 13:14:43,645	[INFO]	48      TEST_CODE_ERROR       None  [1 edit(s)]       
2023-12-15 13:14:44,424	[DEBUG]	IfDeletion(('triangle.cpp.xml', 'if', 4))
2023-12-15 13:14:44,425	[INFO]	49      TEST_CODE_ERROR       None  [1 edit(s)]       
2023-12-15 13:14:45,247	[DEBUG]	ReturnInsertion(('triangle.cpp.xml', '_inter_block', 11), ('triangle.cpp.xml', 'return', 3))
2023-12-15 13:14:45,247	[INFO]	50      TEST_CODE_ERROR       None  [1 edit(s)]       
2023-12-15 13:14:46,034	[DEBUG]	IfDeletion(('triangle.cpp.xml', 'if', 4))
2023-12-15 13:14:46,035	[INFO]	51      TEST_CODE_ERROR       None  [1 edit(s)]       
2023-12-15 13:14:47,039	[DEBUG]	EXEC>  SUCCESS 1205567
2023-12-15 13:14:47,039	[DEBUG]	DeclStmtInsertion(('triangle.cpp.xml', '_inter_block', 28), ('triangle.cpp.xml', 'decl_stmt', 0))
2023-12-15 13:14:47,040	[INFO]	52      SUCCESS               1205567 (84.02%) [1 edit(s)] 
2023-12-15 13:14:47,827	[DEBUG]	IfDeletion(('triangle.cpp.xml', 'if', 4))
2023-12-15 13:14:47,827	[INFO]	53      TEST_CODE_ERROR       None  [1 edit(s)]       
2023-12-15 13:14:48,818	[DEBUG]	EXEC>  SUCCESS 1205551
2023-12-15 13:14:48,818	[DEBUG]	ReturnInsertion(('triangle.cpp.xml', '_inter_block', 31), ('triangle.cpp.xml', 'return', 2))
2023-12-15 13:14:48,819	[INFO]	54      SUCCESS               1205551 (84.02%) [1 edit(s)] 
2023-12-15 13:14:49,618	[DEBUG]	ReturnDeletion(('triangle.cpp.xml', 'return', 0))
2023-12-15 13:14:49,619	[INFO]	55      TEST_CODE_ERROR       None  [1 edit(s)]       
2023-12-15 13:14:49,747	[DEBUG]	DeclStmtDeletion(('triangle.cpp.xml', 'decl_stmt', 0))
2023-12-15 13:14:49,747	[INFO]	56      COMPILE_CODE_ERROR    None  [1 edit(s)]       
2023-12-15 13:14:50,532	[DEBUG]	ReturnDeletion(('triangle.cpp.xml', 'return', 0))
2023-12-15 13:14:50,532	[INFO]	57      TEST_CODE_ERROR       None  [1 edit(s)]       
2023-12-15 13:14:51,326	[DEBUG]	IfDeletion(('triangle.cpp.xml', 'if', 5))
2023-12-15 13:14:51,326	[INFO]	58      TEST_CODE_ERROR       None  [1 edit(s)]       
2023-12-15 13:14:52,127	[DEBUG]	IfReplacement(('triangle.cpp.xml', 'if', 1), ('triangle.cpp.xml', 'stmt', 22))
2023-12-15 13:14:52,128	[INFO]	59      TEST_CODE_ERROR       None  [1 edit(s)]       
2023-12-15 13:14:52,274	[DEBUG]	DeclStmtDeletion(('triangle.cpp.xml', 'decl_stmt', 1))
2023-12-15 13:14:52,274	[INFO]	60      COMPILE_CODE_ERROR    None  [1 edit(s)]       
2023-12-15 13:14:53,087	[DEBUG]	ExprStmtInsertion(('triangle.cpp.xml', '_inter_block', 6), ('triangle.cpp.xml', 'expr_stmt', 6))
2023-12-15 13:14:53,088	[INFO]	61      TEST_CODE_ERROR       None  [1 edit(s)]       
2023-12-15 13:14:53,910	[DEBUG]	ExprStmtReplacement(('triangle.cpp.xml', 'expr_stmt', 3), ('triangle.cpp.xml', 'stmt', 3))
2023-12-15 13:14:53,911	[INFO]	62      TEST_CODE_ERROR       None  [1 edit(s)]       
2023-12-15 13:14:54,705	[DEBUG]	ReturnInsertion(('triangle.cpp.xml', '_inter_block', 6), ('triangle.cpp.xml', 'return', 2))
2023-12-15 13:14:54,705	[INFO]	63      TEST_CODE_ERROR       None  [1 edit(s)]       
2023-12-15 13:14:54,855	[DEBUG]	DeclStmtDeletion(('triangle.cpp.xml', 'decl_stmt', 0))
2023-12-15 13:14:54,856	[INFO]	64      COMPILE_CODE_ERROR    None  [1 edit(s)]       
2023-12-15 13:14:55,785	[DEBUG]	EXEC>  SUCCESS 1205181
2023-12-15 13:14:55,786	[DEBUG]	IfDeletion(('triangle.cpp.xml', 'if', 0))
2023-12-15 13:14:55,786	[INFO]	65      SUCCESS              *1205181 (84.0%) [1 edit(s)] 
2023-12-15 13:14:55,787	[DEBUG]	--- before: triangle.cpp
+++ after: triangle.cpp
@@ -11,11 +11,7 @@
   delay();
 
   // Sort the sides so that a <= b <= c
-  if(a > b) {
-    tmp = a;
-    a = b;
-    b = tmp;
-  }
+  
 
   if(a > c) {
     tmp = a;

2023-12-15 13:14:56,587	[DEBUG]	ExprStmtDeletion(('triangle.cpp.xml', 'expr_stmt', 9))
2023-12-15 13:14:56,587	[INFO]	66      TEST_CODE_ERROR       None  [1 edit(s)]       
2023-12-15 13:14:56,736	[DEBUG]	DeclStmtDeletion(('triangle.cpp.xml', 'decl_stmt', 1))
2023-12-15 13:14:56,736	[INFO]	67      COMPILE_CODE_ERROR    None  [1 edit(s)]       
2023-12-15 13:14:57,497	[DEBUG]	IfReplacement(('triangle.cpp.xml', 'if', 2), ('triangle.cpp.xml', 'stmt', 4))
2023-12-15 13:14:57,498	[INFO]	68      TEST_CODE_ERROR       None  [1 edit(s)]       
2023-12-15 13:14:57,661	[DEBUG]	DeclStmtReplacement(('triangle.cpp.xml', 'decl_stmt', 0), ('triangle.cpp.xml', 'stmt', 19))
2023-12-15 13:14:57,661	[INFO]	69      COMPILE_CODE_ERROR    None  [1 edit(s)]       
2023-12-15 13:14:58,411	[DEBUG]	ReturnInsertion(('triangle.cpp.xml', '_inter_block', 18), ('triangle.cpp.xml', 'return', 1))
2023-12-15 13:14:58,411	[INFO]	70      TEST_CODE_ERROR       None  [1 edit(s)]       
2023-12-15 13:14:58,574	[DEBUG]	DeclStmtReplacement(('triangle.cpp.xml', 'decl_stmt', 1), ('triangle.cpp.xml', 'stmt', 10))
2023-12-15 13:14:58,574	[INFO]	71      COMPILE_CODE_ERROR    None  [1 edit(s)]       
2023-12-15 13:14:59,360	[DEBUG]	ReturnDeletion(('triangle.cpp.xml', 'return', 2))
2023-12-15 13:14:59,361	[INFO]	72      TEST_CODE_ERROR       None  [1 edit(s)]       
2023-12-15 13:15:00,181	[DEBUG]	ReturnInsertion(('triangle.cpp.xml', '_inter_block', 10), ('triangle.cpp.xml', 'return', 0))
2023-12-15 13:15:00,181	[INFO]	73      TEST_CODE_ERROR       None  [1 edit(s)]       
2023-12-15 13:15:01,030	[DEBUG]	IfInsertion(('triangle.cpp.xml', '_inter_block', 19), ('triangle.cpp.xml', 'if', 2))
2023-12-15 13:15:01,030	[INFO]	74      TEST_CODE_ERROR       None  [1 edit(s)]       
2023-12-15 13:15:01,855	[DEBUG]	IfDeletion(('triangle.cpp.xml', 'if', 2))
2023-12-15 13:15:01,856	[INFO]	75      TEST_CODE_ERROR       None  [1 edit(s)]       
2023-12-15 13:15:02,657	[DEBUG]	ReturnDeletion(('triangle.cpp.xml', 'return', 0))
2023-12-15 13:15:02,657	[INFO]	76      TEST_CODE_ERROR       None  [1 edit(s)]       
2023-12-15 13:15:03,450	[DEBUG]	ReturnDeletion(('triangle.cpp.xml', 'return', 2))
2023-12-15 13:15:03,451	[INFO]	77      TEST_CODE_ERROR       None  [1 edit(s)]       
2023-12-15 13:15:04,253	[DEBUG]	IfDeletion(('triangle.cpp.xml', 'if', 5))
2023-12-15 13:15:04,253	[INFO]	78      TEST_CODE_ERROR       None  [1 edit(s)]       
2023-12-15 13:15:04,394	[DEBUG]	DeclStmtReplacement(('triangle.cpp.xml', 'decl_stmt', 0), ('triangle.cpp.xml', 'stmt', 11))
2023-12-15 13:15:04,394	[INFO]	79      COMPILE_CODE_ERROR    None  [1 edit(s)]       
2023-12-15 13:15:05,363	[DEBUG]	EXEC>  SUCCESS 1205580
2023-12-15 13:15:05,364	[DEBUG]	ExprStmtInsertion(('triangle.cpp.xml', '_inter_block', 20), ('triangle.cpp.xml', 'expr_stmt', 6))
2023-12-15 13:15:05,364	[INFO]	80      SUCCESS               1205580 (84.03%) [1 edit(s)] 
2023-12-15 13:15:06,336	[DEBUG]	EXEC>  SUCCESS 1205677
2023-12-15 13:15:06,336	[DEBUG]	ExprStmtInsertion(('triangle.cpp.xml', '_inter_block', 9), ('triangle.cpp.xml', 'expr_stmt', 2))
2023-12-15 13:15:06,337	[INFO]	81      SUCCESS               1205677 (84.03%) [1 edit(s)] 
2023-12-15 13:15:07,165	[DEBUG]	ReturnReplacement(('triangle.cpp.xml', 'return', 0), ('triangle.cpp.xml', 'stmt', 12))
2023-12-15 13:15:07,166	[INFO]	82      TEST_CODE_ERROR       None  [1 edit(s)]       
2023-12-15 13:15:07,315	[DEBUG]	DeclStmtDeletion(('triangle.cpp.xml', 'decl_stmt', 0))
2023-12-15 13:15:07,315	[INFO]	83      COMPILE_CODE_ERROR    None  [1 edit(s)]       
2023-12-15 13:15:08,105	[DEBUG]	IfInsertion(('triangle.cpp.xml', '_inter_block', 16), ('triangle.cpp.xml', 'if', 1))
2023-12-15 13:15:08,106	[INFO]	84      TEST_CODE_ERROR       None  [1 edit(s)]       
2023-12-15 13:15:08,864	[DEBUG]	IfDeletion(('triangle.cpp.xml', 'if', 3))
2023-12-15 13:15:08,864	[INFO]	85      TEST_CODE_ERROR       None  [1 edit(s)]       
2023-12-15 13:15:09,666	[DEBUG]	IfDeletion(('triangle.cpp.xml', 'if', 5))
2023-12-15 13:15:09,667	[INFO]	86      TEST_CODE_ERROR       None  [1 edit(s)]       
2023-12-15 13:15:10,439	[DEBUG]	ReturnInsertion(('triangle.cpp.xml', '_inter_block', 5), ('triangle.cpp.xml', 'return', 3))
2023-12-15 13:15:10,440	[INFO]	87      TEST_CODE_ERROR       None  [1 edit(s)]       
2023-12-15 13:15:11,242	[DEBUG]	IfReplacement(('triangle.cpp.xml', 'if', 0), ('triangle.cpp.xml', 'stmt', 5))
2023-12-15 13:15:11,242	[INFO]	88      TEST_CODE_ERROR       None  [1 edit(s)]       
2023-12-15 13:15:12,249	[DEBUG]	EXEC>  SUCCESS 1205551
2023-12-15 13:15:12,249	[DEBUG]	DeclStmtInsertion(('triangle.cpp.xml', '_inter_block', 27), ('triangle.cpp.xml', 'decl_stmt', 0))
2023-12-15 13:15:12,250	[INFO]	89      SUCCESS               1205551 (84.02%) [1 edit(s)] 
2023-12-15 13:15:13,210	[DEBUG]	EXEC>  SUCCESS 1268363
2023-12-15 13:15:13,212	[DEBUG]	ReturnReplacement(('triangle.cpp.xml', 'return', 3), ('triangle.cpp.xml', 'stmt', 22))
2023-12-15 13:15:13,212	[INFO]	90      SUCCESS               1268363 (88.4%) [1 edit(s)] 
2023-12-15 13:15:14,154	[DEBUG]	EXEC>  SUCCESS 1205567
2023-12-15 13:15:14,155	[DEBUG]	ExprStmtInsertion(('triangle.cpp.xml', '_inter_block', 28), ('triangle.cpp.xml', 'expr_stmt', 10))
2023-12-15 13:15:14,155	[INFO]	91      SUCCESS               1205567 (84.02%) [1 edit(s)] 
2023-12-15 13:15:14,964	[DEBUG]	IfReplacement(('triangle.cpp.xml', 'if', 4), ('triangle.cpp.xml', 'stmt', 5))
2023-12-15 13:15:14,964	[INFO]	92      TEST_CODE_ERROR       None  [1 edit(s)]       
2023-12-15 13:15:15,720	[DEBUG]	ExprStmtReplacement(('triangle.cpp.xml', 'expr_stmt', 7), ('triangle.cpp.xml', 'stmt', 3))
2023-12-15 13:15:15,721	[INFO]	93      TEST_CODE_ERROR       None  [1 edit(s)]       
2023-12-15 13:15:15,722	[INFO]	==== END ====
2023-12-15 13:15:15,722	[INFO]	
2023-12-15 13:15:15,722	[INFO]	==== REPORT ====
2023-12-15 13:15:15,722	[INFO]	Termination: time budget
2023-12-15 13:15:15,723	[INFO]	Log file: /cs/student/ug/2020/damibose/projects/magpie/_magpie_logs/triangle-cpp_slow_1702646048.log
2023-12-15 13:15:15,724	[INFO]	Patch file: _magpie_logs/triangle-cpp_slow_1702646048.patch
2023-12-15 13:15:15,724	[INFO]	Diff file: _magpie_logs/triangle-cpp_slow_1702646048.diff
2023-12-15 13:15:15,724	[INFO]	Best fitness: 1205181
2023-12-15 13:15:15,724	[INFO]	Best patch: IfDeletion(('triangle.cpp.xml', 'if', 0))
2023-12-15 13:15:15,724	[INFO]	Diff:
--- before: triangle.cpp
+++ after: triangle.cpp
@@ -11,11 +11,7 @@
   delay();
 
   // Sort the sides so that a <= b <= c
-  if(a > b) {
-    tmp = a;
-    a = b;
-    b = tmp;
-  }
+  
 
   if(a > c) {
     tmp = a;

