2023-12-15 02:40:37,776	[DEBUG]	==== CONFIG ====
[magpie]
import = 
seed = 2
log_dir = _magpie_logs
work_dir = _magpie_work
final_out_dir = experiments/results_e_greedy_proof_of_concept/epsilon_greedy/RandomSearch/trial_2
local_original_copy = True
local_original_name = __original__
output_encoding = ascii
edit_retries = 10
default_timeout = 30
default_lengthout = 10000.0
diff_method = unified
trust_local_filesystem = True

[software]
path = examples/code/triangle-cpp_slow
target_files = 
	triangle.cpp.xml
program = BasicProgram
engine_rules = 
	*.params : ConfigFileParamsEngine
	*.xml : SrcmlEngine
	* : LineEngine
engine_config = 
	*.params : [params]
	*.xml : [srcml]
init_cmd = 
init_timeout = 60
init_lengthout = -1
setup_cmd = ./setup.sh
setup_timeout = 
setup_lengthout = 
compile_cmd = ./compile.sh
compile_timeout = 
compile_lengthout = 
test_cmd = ./build/test_triangle
test_timeout = 
test_lengthout = 
run_cmd = perf stat ./build/run_triangle
run_timeout = 1
run_lengthout = 
batch_timeout = 
batch_lengthout = 
batch_bin_fitness_strategy = aggregate
batch_fitness_strategy = sum
fitness = perf_instructions

[srcml]
rename = 
focus = block break continue decl_stmt do expr_stmt for goto if return switch while
internodes = block
process_pseudo_blocks = True
process_literals = False
process_operators = False

[params]
timing = test run
cli_prefix = --
cli_glue = =
cli_boolean = show
cli_boolean_prefix_true = 
cli_boolean_prefix_false = no-
silent_prefix = @
silent_suffix = $

[search]
protocol = BasicProtocol
algorithm = RandomSearch
possible_edits = 
	DeclStmtReplacement
	ExprStmtReplacement
	IfReplacement
	ReturnReplacement
	DeclStmtInsertion
	ExprStmtInsertion
	IfInsertion
	ReturnInsertion
	DeclStmtDeletion
	ExprStmtDeletion
	IfDeletion
	ReturnDeletion
warmup = 5
warmup_strategy = last
max_steps = 100
max_time = 60
target_fitness = 
cache_maxsize = 40
cache_keep = 0.2
batch_instances = 
batch_shuffle = True
batch_bin_shuffle = False
batch_sample_size = 1
operator_selector = EpsilonGreedy
epsilon = 0.2

[search.ls]
delete_prob = 0
max_neighbours = 20
when_trapped = continue
accept_fail = False
tabu_length = 10

[search.gp]
pop_size = 10
delete_prob = 0.5
offspring_elitism = 0.1
offspring_crossover = 0.5
offspring_mutation = 0.4
uniform_rate = 0.5
batch_reset = True

[search.minify]
do_cleanup = True
do_rebuild = True
do_simplify = True
round_robin_limit = 3


2023-12-15 02:40:37,781	[INFO]	==== WARMUP ====
2023-12-15 02:40:40,530	[DEBUG]	EXEC>  SUCCESS 1204239
2023-12-15 02:40:40,531	[INFO]	WARM    SUCCESS               1204239                 
2023-12-15 02:40:41,540	[DEBUG]	EXEC>  SUCCESS 1204240
2023-12-15 02:40:41,540	[INFO]	WARM    SUCCESS               1204240                 
2023-12-15 02:40:42,539	[DEBUG]	EXEC>  SUCCESS 1204240
2023-12-15 02:40:42,539	[INFO]	WARM    SUCCESS               1204240                 
2023-12-15 02:40:43,600	[DEBUG]	EXEC>  SUCCESS 1204239
2023-12-15 02:40:43,600	[INFO]	WARM    SUCCESS               1204239                 
2023-12-15 02:40:44,587	[DEBUG]	EXEC>  SUCCESS 1204239
2023-12-15 02:40:44,587	[INFO]	WARM    SUCCESS               1204239                 
2023-12-15 02:40:44,588	[INFO]	INITIAL SUCCESS               1204239                 
2023-12-15 02:40:44,589	[INFO]	==== START: RandomSearch ====
2023-12-15 02:40:44,738	[DEBUG]	DeclStmtReplacement(('triangle.cpp.xml', 'decl_stmt', 1), ('triangle.cpp.xml', 'stmt', 4))
2023-12-15 02:40:44,739	[INFO]	1       COMPILE_CODE_ERROR    None  [1 edit(s)]       
2023-12-15 02:40:45,580	[DEBUG]	ExprStmtReplacement(('triangle.cpp.xml', 'expr_stmt', 2), ('triangle.cpp.xml', 'stmt', 22))
2023-12-15 02:40:45,580	[INFO]	2       TEST_CODE_ERROR       None  [1 edit(s)]       
2023-12-15 02:40:46,405	[DEBUG]	IfReplacement(('triangle.cpp.xml', 'if', 1), ('triangle.cpp.xml', 'stmt', 12))
2023-12-15 02:40:46,406	[INFO]	3       TEST_CODE_ERROR       None  [1 edit(s)]       
2023-12-15 02:40:47,277	[DEBUG]	ReturnReplacement(('triangle.cpp.xml', 'return', 2), ('triangle.cpp.xml', 'stmt', 11))
2023-12-15 02:40:47,278	[INFO]	4       TEST_CODE_ERROR       None  [1 edit(s)]       
2023-12-15 02:40:48,119	[DEBUG]	IfReplacement(('triangle.cpp.xml', 'if', 5), ('triangle.cpp.xml', 'stmt', 21))
2023-12-15 02:40:48,120	[INFO]	5       TEST_CODE_ERROR       None  [1 edit(s)]       
2023-12-15 02:40:48,283	[DEBUG]	DeclStmtInsertion(('triangle.cpp.xml', '_inter_block', 6), ('triangle.cpp.xml', 'decl_stmt', 1))
2023-12-15 02:40:48,283	[INFO]	6       COMPILE_CODE_ERROR    None  [1 edit(s)]       
2023-12-15 02:40:49,113	[DEBUG]	ExprStmtInsertion(('triangle.cpp.xml', '_inter_block', 11), ('triangle.cpp.xml', 'expr_stmt', 7))
2023-12-15 02:40:49,113	[INFO]	7       TEST_CODE_ERROR       None  [1 edit(s)]       
2023-12-15 02:40:50,167	[DEBUG]	EXEC>  SUCCESS 1204419
2023-12-15 02:40:50,167	[DEBUG]	IfInsertion(('triangle.cpp.xml', '_inter_block', 9), ('triangle.cpp.xml', 'if', 3))
2023-12-15 02:40:50,168	[INFO]	8       SUCCESS               1204419 (100.01%) [1 edit(s)] 
2023-12-15 02:40:50,984	[DEBUG]	ReturnInsertion(('triangle.cpp.xml', '_inter_block', 4), ('triangle.cpp.xml', 'return', 1))
2023-12-15 02:40:50,985	[INFO]	9       TEST_CODE_ERROR       None  [1 edit(s)]       
2023-12-15 02:40:51,124	[DEBUG]	DeclStmtDeletion(('triangle.cpp.xml', 'decl_stmt', 0))
2023-12-15 02:40:51,124	[INFO]	10      COMPILE_CODE_ERROR    None  [1 edit(s)]       
2023-12-15 02:40:51,936	[DEBUG]	ExprStmtDeletion(('triangle.cpp.xml', 'expr_stmt', 5))
2023-12-15 02:40:51,937	[INFO]	11      TEST_CODE_ERROR       None  [1 edit(s)]       
2023-12-15 02:40:52,725	[DEBUG]	IfDeletion(('triangle.cpp.xml', 'if', 3))
2023-12-15 02:40:52,725	[INFO]	12      TEST_CODE_ERROR       None  [1 edit(s)]       
2023-12-15 02:40:53,592	[DEBUG]	ReturnDeletion(('triangle.cpp.xml', 'return', 2))
2023-12-15 02:40:53,592	[INFO]	13      TEST_CODE_ERROR       None  [1 edit(s)]       
2023-12-15 02:40:54,573	[DEBUG]	EXEC>  SUCCESS 1204314
2023-12-15 02:40:54,574	[DEBUG]	IfInsertion(('triangle.cpp.xml', '_inter_block', 20), ('triangle.cpp.xml', 'if', 3))
2023-12-15 02:40:54,575	[INFO]	14      SUCCESS               1204314 (100.01%) [1 edit(s)] 
2023-12-15 02:40:55,553	[DEBUG]	EXEC>  SUCCESS 1368723
2023-12-15 02:40:55,554	[DEBUG]	IfInsertion(('triangle.cpp.xml', '_inter_block', 22), ('triangle.cpp.xml', 'if', 1))
2023-12-15 02:40:55,554	[INFO]	15      SUCCESS               1368723 (113.66%) [1 edit(s)] 
2023-12-15 02:40:56,387	[DEBUG]	ReturnReplacement(('triangle.cpp.xml', 'return', 1), ('triangle.cpp.xml', 'stmt', 15))
2023-12-15 02:40:56,387	[INFO]	16      TEST_CODE_ERROR       None  [1 edit(s)]       
2023-12-15 02:40:57,379	[DEBUG]	EXEC>  SUCCESS 1285039
2023-12-15 02:40:57,380	[DEBUG]	IfInsertion(('triangle.cpp.xml', '_inter_block', 7), ('triangle.cpp.xml', 'if', 4))
2023-12-15 02:40:57,381	[INFO]	17      SUCCESS               1285039 (106.71%) [1 edit(s)] 
2023-12-15 02:40:57,382	[DEBUG]	IfInsertion(('triangle.cpp.xml', '_inter_block', 9), ('triangle.cpp.xml', 'if', 3))
2023-12-15 02:40:57,382	[INFO]	18      SUCCESS               1204419 (100.01%) [1 edit(s)] 
2023-12-15 02:40:58,355	[DEBUG]	EXEC>  SUCCESS 1204240
2023-12-15 02:40:58,356	[DEBUG]	IfInsertion(('triangle.cpp.xml', '_inter_block', 27), ('triangle.cpp.xml', 'if', 3))
2023-12-15 02:40:58,356	[INFO]	19      SUCCESS               1204240 (100.0%) [1 edit(s)] 
2023-12-15 02:40:58,358	[DEBUG]	IfInsertion(('triangle.cpp.xml', '_inter_block', 7), ('triangle.cpp.xml', 'if', 4))
2023-12-15 02:40:58,358	[INFO]	20      SUCCESS               1285039 (106.71%) [1 edit(s)] 
2023-12-15 02:40:59,366	[DEBUG]	EXEC>  SUCCESS 1204287
2023-12-15 02:40:59,366	[DEBUG]	DeclStmtInsertion(('triangle.cpp.xml', '_inter_block', 14), ('triangle.cpp.xml', 'decl_stmt', 0))
2023-12-15 02:40:59,367	[INFO]	21      SUCCESS               1204287 (100.0%) [1 edit(s)] 
2023-12-15 02:41:00,261	[DEBUG]	IfInsertion(('triangle.cpp.xml', '_inter_block', 19), ('triangle.cpp.xml', 'if', 5))
2023-12-15 02:41:00,262	[INFO]	22      TEST_CODE_ERROR       None  [1 edit(s)]       
2023-12-15 02:41:01,121	[DEBUG]	ReturnDeletion(('triangle.cpp.xml', 'return', 2))
2023-12-15 02:41:01,121	[INFO]	23      TEST_CODE_ERROR       None  [1 edit(s)]       
2023-12-15 02:41:02,140	[DEBUG]	EXEC>  SUCCESS 1204240
2023-12-15 02:41:02,141	[DEBUG]	IfInsertion(('triangle.cpp.xml', '_inter_block', 13), ('triangle.cpp.xml', 'if', 1))
2023-12-15 02:41:02,142	[INFO]	24      SUCCESS               1204240 (100.0%) [1 edit(s)] 
2023-12-15 02:41:03,142	[DEBUG]	EXEC>  SUCCESS 1204311
2023-12-15 02:41:03,143	[DEBUG]	IfInsertion(('triangle.cpp.xml', '_inter_block', 5), ('triangle.cpp.xml', 'if', 4))
2023-12-15 02:41:03,144	[INFO]	25      SUCCESS               1204311 (100.01%) [1 edit(s)] 
2023-12-15 02:41:04,135	[DEBUG]	EXEC>  SUCCESS 1204275
2023-12-15 02:41:04,136	[DEBUG]	IfInsertion(('triangle.cpp.xml', '_inter_block', 30), ('triangle.cpp.xml', 'if', 2))
2023-12-15 02:41:04,137	[INFO]	26      SUCCESS               1204275 (100.0%) [1 edit(s)] 
2023-12-15 02:41:04,925	[DEBUG]	IfDeletion(('triangle.cpp.xml', 'if', 4))
2023-12-15 02:41:04,926	[INFO]	27      TEST_CODE_ERROR       None  [1 edit(s)]       
2023-12-15 02:41:05,913	[DEBUG]	EXEC>  SUCCESS 1204348
2023-12-15 02:41:05,913	[DEBUG]	IfInsertion(('triangle.cpp.xml', '_inter_block', 10), ('triangle.cpp.xml', 'if', 2))
2023-12-15 02:41:05,914	[INFO]	28      SUCCESS               1204348 (100.01%) [1 edit(s)] 
2023-12-15 02:41:06,905	[DEBUG]	EXEC>  SUCCESS 1204329
2023-12-15 02:41:06,905	[DEBUG]	IfInsertion(('triangle.cpp.xml', '_inter_block', 12), ('triangle.cpp.xml', 'if', 4))
2023-12-15 02:41:06,906	[INFO]	29      SUCCESS               1204329 (100.01%) [1 edit(s)] 
2023-12-15 02:41:07,905	[DEBUG]	EXEC>  SUCCESS 1455868
2023-12-15 02:41:07,905	[DEBUG]	IfInsertion(('triangle.cpp.xml', '_inter_block', 23), ('triangle.cpp.xml', 'if', 3))
2023-12-15 02:41:07,906	[INFO]	30      SUCCESS               1455868 (120.9%) [1 edit(s)] 
2023-12-15 02:41:08,965	[DEBUG]	EXEC>  SUCCESS 1204240
2023-12-15 02:41:08,965	[DEBUG]	IfInsertion(('triangle.cpp.xml', '_inter_block', 31), ('triangle.cpp.xml', 'if', 2))
2023-12-15 02:41:08,966	[INFO]	31      SUCCESS               1204240 (100.0%) [1 edit(s)] 
2023-12-15 02:41:09,769	[DEBUG]	ExprStmtReplacement(('triangle.cpp.xml', 'expr_stmt', 4), ('triangle.cpp.xml', 'stmt', 15))
2023-12-15 02:41:09,770	[INFO]	32      TEST_CODE_ERROR       None  [1 edit(s)]       
2023-12-15 02:41:09,911	[DEBUG]	DeclStmtReplacement(('triangle.cpp.xml', 'decl_stmt', 1), ('triangle.cpp.xml', 'stmt', 8))
2023-12-15 02:41:09,912	[INFO]	33      COMPILE_CODE_ERROR    None  [1 edit(s)]       
2023-12-15 02:41:10,740	[DEBUG]	IfInsertion(('triangle.cpp.xml', '_inter_block', 7), ('triangle.cpp.xml', 'if', 5))
2023-12-15 02:41:10,740	[INFO]	34      TEST_CODE_ERROR       None  [1 edit(s)]       
2023-12-15 02:41:11,555	[DEBUG]	IfDeletion(('triangle.cpp.xml', 'if', 3))
2023-12-15 02:41:11,555	[INFO]	35      TEST_CODE_ERROR       None  [1 edit(s)]       
2023-12-15 02:41:11,711	[DEBUG]	IfInsertion(('triangle.cpp.xml', '_inter_block', 1), ('triangle.cpp.xml', 'if', 5))
2023-12-15 02:41:11,712	[INFO]	36      COMPILE_CODE_ERROR    None  [1 edit(s)]       
2023-12-15 02:41:12,735	[DEBUG]	EXEC>  SUCCESS 1204350
2023-12-15 02:41:12,736	[DEBUG]	IfInsertion(('triangle.cpp.xml', '_inter_block', 6), ('triangle.cpp.xml', 'if', 3))
2023-12-15 02:41:12,737	[INFO]	37      SUCCESS               1204350 (100.01%) [1 edit(s)] 
2023-12-15 02:41:13,571	[DEBUG]	IfInsertion(('triangle.cpp.xml', '_inter_block', 19), ('triangle.cpp.xml', 'if', 1))
2023-12-15 02:41:13,572	[INFO]	38      TEST_CODE_ERROR       None  [1 edit(s)]       
2023-12-15 02:41:13,730	[DEBUG]	DeclStmtDeletion(('triangle.cpp.xml', 'decl_stmt', 1))
2023-12-15 02:41:13,730	[INFO]	39      COMPILE_CODE_ERROR    None  [1 edit(s)]       
2023-12-15 02:41:14,494	[DEBUG]	IfInsertion(('triangle.cpp.xml', '_inter_block', 5), ('triangle.cpp.xml', 'if', 5))
2023-12-15 02:41:14,495	[INFO]	40      TEST_CODE_ERROR       None  [1 edit(s)]       
2023-12-15 02:41:14,635	[DEBUG]	IfInsertion(('triangle.cpp.xml', '_inter_block', 3), ('triangle.cpp.xml', 'if', 2))
2023-12-15 02:41:14,635	[INFO]	41      COMPILE_CODE_ERROR    None  [1 edit(s)]       
2023-12-15 02:41:15,628	[DEBUG]	EXEC>  SUCCESS 1204269
2023-12-15 02:41:15,629	[DEBUG]	IfInsertion(('triangle.cpp.xml', '_inter_block', 15), ('triangle.cpp.xml', 'if', 3))
2023-12-15 02:41:15,630	[INFO]	42      SUCCESS               1204269 (100.0%) [1 edit(s)] 
2023-12-15 02:41:16,630	[DEBUG]	EXEC>  SUCCESS 1766427
2023-12-15 02:41:16,630	[DEBUG]	IfInsertion(('triangle.cpp.xml', '_inter_block', 11), ('triangle.cpp.xml', 'if', 0))
2023-12-15 02:41:16,631	[INFO]	43      SUCCESS               1766427 (146.68%) [1 edit(s)] 
2023-12-15 02:41:16,632	[DEBUG]	IfInsertion(('triangle.cpp.xml', '_inter_block', 9), ('triangle.cpp.xml', 'if', 3))
2023-12-15 02:41:16,632	[INFO]	44      SUCCESS               1204419 (100.01%) [1 edit(s)] 
2023-12-15 02:41:17,627	[DEBUG]	EXEC>  SUCCESS 1204348
2023-12-15 02:41:17,627	[DEBUG]	IfInsertion(('triangle.cpp.xml', '_inter_block', 19), ('triangle.cpp.xml', 'if', 4))
2023-12-15 02:41:17,628	[INFO]	45      SUCCESS               1204348 (100.01%) [1 edit(s)] 
2023-12-15 02:41:18,442	[DEBUG]	ReturnReplacement(('triangle.cpp.xml', 'return', 1), ('triangle.cpp.xml', 'stmt', 14))
2023-12-15 02:41:18,442	[INFO]	46      TEST_CODE_ERROR       None  [1 edit(s)]       
2023-12-15 02:41:19,448	[DEBUG]	EXEC>  SUCCESS 1204434
2023-12-15 02:41:19,449	[DEBUG]	IfInsertion(('triangle.cpp.xml', '_inter_block', 8), ('triangle.cpp.xml', 'if', 3))
2023-12-15 02:41:19,449	[INFO]	47      SUCCESS               1204434 (100.02%) [1 edit(s)] 
2023-12-15 02:41:20,260	[DEBUG]	IfInsertion(('triangle.cpp.xml', '_inter_block', 22), ('triangle.cpp.xml', 'if', 2))
2023-12-15 02:41:20,261	[INFO]	48      TEST_CODE_ERROR       None  [1 edit(s)]       
2023-12-15 02:41:20,404	[DEBUG]	DeclStmtReplacement(('triangle.cpp.xml', 'decl_stmt', 1), ('triangle.cpp.xml', 'stmt', 13))
2023-12-15 02:41:20,404	[INFO]	49      COMPILE_CODE_ERROR    None  [1 edit(s)]       
2023-12-15 02:41:21,388	[DEBUG]	EXEC>  SUCCESS 1570214
2023-12-15 02:41:21,388	[DEBUG]	IfInsertion(('triangle.cpp.xml', '_inter_block', 30), ('triangle.cpp.xml', 'if', 1))
2023-12-15 02:41:21,389	[INFO]	50      SUCCESS               1570214 (130.39%) [1 edit(s)] 
2023-12-15 02:41:22,225	[DEBUG]	ExprStmtReplacement(('triangle.cpp.xml', 'expr_stmt', 4), ('triangle.cpp.xml', 'stmt', 17))
2023-12-15 02:41:22,226	[INFO]	51      TEST_CODE_ERROR       None  [1 edit(s)]       
2023-12-15 02:41:22,375	[DEBUG]	IfInsertion(('triangle.cpp.xml', '_inter_block', 1), ('triangle.cpp.xml', 'if', 5))
2023-12-15 02:41:22,375	[INFO]	52      COMPILE_CODE_ERROR    None  [1 edit(s)]       
2023-12-15 02:41:22,519	[DEBUG]	IfInsertion(('triangle.cpp.xml', '_inter_block', 2), ('triangle.cpp.xml', 'if', 1))
2023-12-15 02:41:22,519	[INFO]	53      COMPILE_CODE_ERROR    None  [1 edit(s)]       
2023-12-15 02:41:23,497	[DEBUG]	EXEC>  SUCCESS 1204266
2023-12-15 02:41:23,498	[DEBUG]	IfInsertion(('triangle.cpp.xml', '_inter_block', 28), ('triangle.cpp.xml', 'if', 0))
2023-12-15 02:41:23,499	[INFO]	54      SUCCESS               1204266 (100.0%) [1 edit(s)] 
2023-12-15 02:41:24,502	[DEBUG]	EXEC>  SUCCESS 1204330
2023-12-15 02:41:24,502	[DEBUG]	IfInsertion(('triangle.cpp.xml', '_inter_block', 12), ('triangle.cpp.xml', 'if', 4))
2023-12-15 02:41:24,503	[INFO]	55      SUCCESS               1204330 (100.01%) [1 edit(s)] 
2023-12-15 02:41:25,508	[DEBUG]	EXEC>  SUCCESS 1204321
2023-12-15 02:41:25,509	[DEBUG]	IfInsertion(('triangle.cpp.xml', '_inter_block', 26), ('triangle.cpp.xml', 'if', 2))
2023-12-15 02:41:25,510	[INFO]	56      SUCCESS               1204321 (100.01%) [1 edit(s)] 
2023-12-15 02:41:26,535	[DEBUG]	EXEC>  SUCCESS 1204239
2023-12-15 02:41:26,536	[DEBUG]	IfInsertion(('triangle.cpp.xml', '_inter_block', 27), ('triangle.cpp.xml', 'if', 4))
2023-12-15 02:41:26,536	[INFO]	57      SUCCESS               1204239 (100.0%) [1 edit(s)] 
2023-12-15 02:41:27,539	[DEBUG]	EXEC>  SUCCESS 1204384
2023-12-15 02:41:27,539	[DEBUG]	IfInsertion(('triangle.cpp.xml', '_inter_block', 14), ('triangle.cpp.xml', 'if', 4))
2023-12-15 02:41:27,540	[INFO]	58      SUCCESS               1204384 (100.01%) [1 edit(s)] 
2023-12-15 02:41:28,551	[DEBUG]	EXEC>  SUCCESS 1204338
2023-12-15 02:41:28,552	[DEBUG]	IfInsertion(('triangle.cpp.xml', '_inter_block', 5), ('triangle.cpp.xml', 'if', 1))
2023-12-15 02:41:28,553	[INFO]	59      SUCCESS               1204338 (100.01%) [1 edit(s)] 
2023-12-15 02:41:28,696	[DEBUG]	IfInsertion(('triangle.cpp.xml', '_inter_block', 1), ('triangle.cpp.xml', 'if', 3))
2023-12-15 02:41:28,697	[INFO]	60      COMPILE_CODE_ERROR    None  [1 edit(s)]       
2023-12-15 02:41:29,671	[DEBUG]	EXEC>  SUCCESS 1204427
2023-12-15 02:41:29,672	[DEBUG]	IfInsertion(('triangle.cpp.xml', '_inter_block', 9), ('triangle.cpp.xml', 'if', 1))
2023-12-15 02:41:29,673	[INFO]	61      SUCCESS               1204427 (100.02%) [1 edit(s)] 
2023-12-15 02:41:30,639	[DEBUG]	IfInsertion(('triangle.cpp.xml', '_inter_block', 19), ('triangle.cpp.xml', 'if', 5))
2023-12-15 02:41:30,639	[INFO]	62      TEST_CODE_ERROR       None  [1 edit(s)]       
2023-12-15 02:41:31,650	[DEBUG]	EXEC>  SUCCESS 1204349
2023-12-15 02:41:31,650	[DEBUG]	IfInsertion(('triangle.cpp.xml', '_inter_block', 10), ('triangle.cpp.xml', 'if', 1))
2023-12-15 02:41:31,651	[INFO]	63      SUCCESS               1204349 (100.01%) [1 edit(s)] 
2023-12-15 02:41:31,653	[DEBUG]	IfInsertion(('triangle.cpp.xml', '_inter_block', 10), ('triangle.cpp.xml', 'if', 1))
2023-12-15 02:41:31,653	[INFO]	64      SUCCESS               1204349 (100.01%) [1 edit(s)] 
2023-12-15 02:41:31,805	[DEBUG]	IfInsertion(('triangle.cpp.xml', '_inter_block', 0), ('triangle.cpp.xml', 'if', 1))
2023-12-15 02:41:31,805	[INFO]	65      COMPILE_CODE_ERROR    None  [1 edit(s)]       
2023-12-15 02:41:32,798	[DEBUG]	EXEC>  SUCCESS 1204292
2023-12-15 02:41:32,798	[DEBUG]	IfInsertion(('triangle.cpp.xml', '_inter_block', 21), ('triangle.cpp.xml', 'if', 3))
2023-12-15 02:41:32,799	[INFO]	66      SUCCESS               1204292 (100.0%) [1 edit(s)] 
2023-12-15 02:41:33,844	[DEBUG]	EXEC>  SUCCESS 1204388
2023-12-15 02:41:33,845	[DEBUG]	IfInsertion(('triangle.cpp.xml', '_inter_block', 22), ('triangle.cpp.xml', 'if', 3))
2023-12-15 02:41:33,845	[INFO]	67      SUCCESS               1204388 (100.01%) [1 edit(s)] 
2023-12-15 02:41:34,649	[DEBUG]	IfInsertion(('triangle.cpp.xml', '_inter_block', 28), ('triangle.cpp.xml', 'if', 5))
2023-12-15 02:41:34,650	[INFO]	68      TEST_CODE_ERROR       None  [1 edit(s)]       
2023-12-15 02:41:35,477	[DEBUG]	IfInsertion(('triangle.cpp.xml', '_inter_block', 8), ('triangle.cpp.xml', 'if', 5))
2023-12-15 02:41:35,477	[INFO]	69      TEST_CODE_ERROR       None  [1 edit(s)]       
2023-12-15 02:41:36,476	[DEBUG]	EXEC>  SUCCESS 1204240
2023-12-15 02:41:36,476	[DEBUG]	IfInsertion(('triangle.cpp.xml', '_inter_block', 13), ('triangle.cpp.xml', 'if', 0))
2023-12-15 02:41:36,477	[INFO]	70      SUCCESS               1204240 (100.0%) [1 edit(s)] 
2023-12-15 02:41:37,296	[DEBUG]	IfInsertion(('triangle.cpp.xml', '_inter_block', 5), ('triangle.cpp.xml', 'if', 5))
2023-12-15 02:41:37,296	[INFO]	71      TEST_CODE_ERROR       None  [1 edit(s)]       
2023-12-15 02:41:38,317	[DEBUG]	EXEC>  SUCCESS 1204299
2023-12-15 02:41:38,318	[DEBUG]	ExprStmtInsertion(('triangle.cpp.xml', '_inter_block', 23), ('triangle.cpp.xml', 'expr_stmt', 8))
2023-12-15 02:41:38,319	[INFO]	72      SUCCESS               1204299 (100.0%) [1 edit(s)] 
2023-12-15 02:41:38,480	[DEBUG]	IfInsertion(('triangle.cpp.xml', '_inter_block', 1), ('triangle.cpp.xml', 'if', 2))
2023-12-15 02:41:38,481	[INFO]	73      COMPILE_CODE_ERROR    None  [1 edit(s)]       
2023-12-15 02:41:39,451	[DEBUG]	EXEC>  SUCCESS 1204404
2023-12-15 02:41:39,452	[DEBUG]	IfInsertion(('triangle.cpp.xml', '_inter_block', 14), ('triangle.cpp.xml', 'if', 5))
2023-12-15 02:41:39,452	[INFO]	74      SUCCESS               1204404 (100.01%) [1 edit(s)] 
2023-12-15 02:41:40,425	[DEBUG]	EXEC>  SUCCESS 1204240
2023-12-15 02:41:40,426	[DEBUG]	IfInsertion(('triangle.cpp.xml', '_inter_block', 31), ('triangle.cpp.xml', 'if', 5))
2023-12-15 02:41:40,427	[INFO]	75      SUCCESS               1204240 (100.0%) [1 edit(s)] 
2023-12-15 02:41:41,410	[DEBUG]	EXEC>  SUCCESS 1204339
2023-12-15 02:41:41,410	[DEBUG]	IfInsertion(('triangle.cpp.xml', '_inter_block', 6), ('triangle.cpp.xml', 'if', 1))
2023-12-15 02:41:41,411	[INFO]	76      SUCCESS               1204339 (100.01%) [1 edit(s)] 
2023-12-15 02:41:42,422	[DEBUG]	EXEC>  SUCCESS 1204320
2023-12-15 02:41:42,422	[DEBUG]	IfInsertion(('triangle.cpp.xml', '_inter_block', 11), ('triangle.cpp.xml', 'if', 1))
2023-12-15 02:41:42,423	[INFO]	77      SUCCESS               1204320 (100.01%) [1 edit(s)] 
2023-12-15 02:41:42,424	[DEBUG]	IfInsertion(('triangle.cpp.xml', '_inter_block', 5), ('triangle.cpp.xml', 'if', 1))
2023-12-15 02:41:42,424	[INFO]	78      SUCCESS               1204338 (100.01%) [1 edit(s)] 
2023-12-15 02:41:43,419	[DEBUG]	EXEC>  SUCCESS 1224176
2023-12-15 02:41:43,419	[DEBUG]	IfInsertion(('triangle.cpp.xml', '_inter_block', 10), ('triangle.cpp.xml', 'if', 2))
2023-12-15 02:41:43,420	[INFO]	79      SUCCESS               1224176 (101.66%) [1 edit(s)] 
2023-12-15 02:41:43,422	[DEBUG]	IfInsertion(('triangle.cpp.xml', '_inter_block', 15), ('triangle.cpp.xml', 'if', 3))
2023-12-15 02:41:43,422	[INFO]	80      SUCCESS               1204269 (100.0%) [1 edit(s)] 
2023-12-15 02:41:44,451	[DEBUG]	EXEC>  SUCCESS 1204239
2023-12-15 02:41:44,451	[DEBUG]	IfInsertion(('triangle.cpp.xml', '_inter_block', 29), ('triangle.cpp.xml', 'if', 3))
2023-12-15 02:41:44,452	[INFO]	81      SUCCESS               1204239 (100.0%) [1 edit(s)] 
2023-12-15 02:41:45,448	[DEBUG]	EXEC>  SUCCESS 1204312
2023-12-15 02:41:45,448	[DEBUG]	IfInsertion(('triangle.cpp.xml', '_inter_block', 30), ('triangle.cpp.xml', 'if', 5))
2023-12-15 02:41:45,449	[INFO]	82      SUCCESS               1204312 (100.01%) [1 edit(s)] 
2023-12-15 02:41:45,450	[INFO]	==== END ====
2023-12-15 02:41:45,450	[INFO]	
2023-12-15 02:41:45,451	[INFO]	==== REPORT ====
2023-12-15 02:41:45,452	[INFO]	Termination: time budget
2023-12-15 02:41:45,452	[INFO]	Log file: /cs/student/ug/2020/damibose/projects/magpie/_magpie_logs/triangle-cpp_slow_1702608037.log
