2023-12-15 02:36:12,913	[DEBUG]	==== CONFIG ====
[magpie]
import = 
seed = 1
log_dir = _magpie_logs
work_dir = _magpie_work
final_out_dir = experiments/results_e_greedy_proof_of_concept/epsilon_greedy/BestImprovementNoTabu/trial_1
local_original_copy = True
local_original_name = __original__
output_encoding = ascii
edit_retries = 10
default_timeout = 30
default_lengthout = 10000.0
diff_method = unified
trust_local_filesystem = True

[software]
path = examples/code/triangle-cpp_slow
target_files = 
	triangle.cpp.xml
program = BasicProgram
engine_rules = 
	*.params : ConfigFileParamsEngine
	*.xml : SrcmlEngine
	* : LineEngine
engine_config = 
	*.params : [params]
	*.xml : [srcml]
init_cmd = 
init_timeout = 60
init_lengthout = -1
setup_cmd = ./setup.sh
setup_timeout = 
setup_lengthout = 
compile_cmd = ./compile.sh
compile_timeout = 
compile_lengthout = 
test_cmd = ./build/test_triangle
test_timeout = 
test_lengthout = 
run_cmd = perf stat ./build/run_triangle
run_timeout = 1
run_lengthout = 
batch_timeout = 
batch_lengthout = 
batch_bin_fitness_strategy = aggregate
batch_fitness_strategy = sum
fitness = perf_instructions

[srcml]
rename = 
focus = block break continue decl_stmt do expr_stmt for goto if return switch while
internodes = block
process_pseudo_blocks = True
process_literals = False
process_operators = False

[params]
timing = test run
cli_prefix = --
cli_glue = =
cli_boolean = show
cli_boolean_prefix_true = 
cli_boolean_prefix_false = no-
silent_prefix = @
silent_suffix = $

[search]
protocol = BasicProtocol
algorithm = BestImprovementNoTabu
possible_edits = 
	DeclStmtReplacement
	ExprStmtReplacement
	IfReplacement
	ReturnReplacement
	DeclStmtInsertion
	ExprStmtInsertion
	IfInsertion
	ReturnInsertion
	DeclStmtDeletion
	ExprStmtDeletion
	IfDeletion
	ReturnDeletion
warmup = 5
warmup_strategy = last
max_steps = 100
max_time = 60
target_fitness = 
cache_maxsize = 40
cache_keep = 0.2
batch_instances = 
batch_shuffle = True
batch_bin_shuffle = False
batch_sample_size = 1
operator_selector = EpsilonGreedy
epsilon = 0.2

[search.ls]
delete_prob = 0
max_neighbours = 20
when_trapped = continue
accept_fail = False
tabu_length = 10

[search.gp]
pop_size = 10
delete_prob = 0.5
offspring_elitism = 0.1
offspring_crossover = 0.5
offspring_mutation = 0.4
uniform_rate = 0.5
batch_reset = True

[search.minify]
do_cleanup = True
do_rebuild = True
do_simplify = True
round_robin_limit = 3


2023-12-15 02:36:12,918	[INFO]	==== WARMUP ====
2023-12-15 02:36:15,559	[DEBUG]	EXEC>  SUCCESS 1204240
2023-12-15 02:36:15,560	[INFO]	WARM    SUCCESS               1204240                 
2023-12-15 02:36:16,569	[DEBUG]	EXEC>  SUCCESS 1204240
2023-12-15 02:36:16,570	[INFO]	WARM    SUCCESS               1204240                 
2023-12-15 02:36:17,560	[DEBUG]	EXEC>  SUCCESS 1204240
2023-12-15 02:36:17,561	[INFO]	WARM    SUCCESS               1204240                 
2023-12-15 02:36:18,540	[DEBUG]	EXEC>  SUCCESS 1204239
2023-12-15 02:36:18,541	[INFO]	WARM    SUCCESS               1204239                 
2023-12-15 02:36:19,544	[DEBUG]	EXEC>  SUCCESS 1204240
2023-12-15 02:36:19,544	[INFO]	WARM    SUCCESS               1204240                 
2023-12-15 02:36:19,545	[INFO]	INITIAL SUCCESS               1204240                 
2023-12-15 02:36:19,546	[INFO]	==== START: BestImprovementNoTabu ====
2023-12-15 02:36:19,700	[DEBUG]	DeclStmtReplacement(('triangle.cpp.xml', 'decl_stmt', 1), ('triangle.cpp.xml', 'stmt', 7))
2023-12-15 02:36:19,700	[INFO]	1       COMPILE_CODE_ERROR    None  [1 edit(s)]       
2023-12-15 02:36:20,499	[DEBUG]	ReturnDeletion(('triangle.cpp.xml', 'return', 3))
2023-12-15 02:36:20,500	[INFO]	2       TEST_CODE_ERROR       None  [1 edit(s)]       
2023-12-15 02:36:21,312	[DEBUG]	ExprStmtReplacement(('triangle.cpp.xml', 'expr_stmt', 2), ('triangle.cpp.xml', 'stmt', 17))
2023-12-15 02:36:21,312	[INFO]	3       TEST_CODE_ERROR       None  [1 edit(s)]       
2023-12-15 02:36:22,185	[DEBUG]	IfReplacement(('triangle.cpp.xml', 'if', 2), ('triangle.cpp.xml', 'stmt', 3))
2023-12-15 02:36:22,185	[INFO]	4       TEST_CODE_ERROR       None  [1 edit(s)]       
2023-12-15 02:36:22,998	[DEBUG]	ReturnReplacement(('triangle.cpp.xml', 'return', 0), ('triangle.cpp.xml', 'stmt', 3))
2023-12-15 02:36:22,998	[INFO]	5       TEST_CODE_ERROR       None  [1 edit(s)]       
2023-12-15 02:36:23,990	[DEBUG]	EXEC>  SUCCESS 1204294
2023-12-15 02:36:23,991	[DEBUG]	DeclStmtInsertion(('triangle.cpp.xml', '_inter_block', 26), ('triangle.cpp.xml', 'decl_stmt', 0))
2023-12-15 02:36:23,992	[INFO]	6       SUCCESS               1204294 (100.0%) [1 edit(s)] 
2023-12-15 02:36:24,981	[DEBUG]	EXEC>  SUCCESS 1204288
2023-12-15 02:36:24,981	[DEBUG]	ExprStmtInsertion(('triangle.cpp.xml', '_inter_block', 17), ('triangle.cpp.xml', 'expr_stmt', 8))
2023-12-15 02:36:24,982	[INFO]	7       SUCCESS               1204288 (100.0%) [1 edit(s)] 
2023-12-15 02:36:25,794	[DEBUG]	IfInsertion(('triangle.cpp.xml', '_inter_block', 8), ('triangle.cpp.xml', 'if', 5))
2023-12-15 02:36:25,795	[INFO]	8       TEST_CODE_ERROR       None  [1 edit(s)]       
2023-12-15 02:36:25,954	[DEBUG]	ReturnInsertion(('triangle.cpp.xml', '_inter_block', 2), ('triangle.cpp.xml', 'return', 2))
2023-12-15 02:36:25,954	[INFO]	9       COMPILE_CODE_ERROR    None  [1 edit(s)]       
2023-12-15 02:36:26,095	[DEBUG]	DeclStmtDeletion(('triangle.cpp.xml', 'decl_stmt', 1))
2023-12-15 02:36:26,096	[INFO]	10      COMPILE_CODE_ERROR    None  [1 edit(s)]       
2023-12-15 02:36:26,860	[DEBUG]	ExprStmtDeletion(('triangle.cpp.xml', 'expr_stmt', 3))
2023-12-15 02:36:26,861	[INFO]	11      TEST_CODE_ERROR       None  [1 edit(s)]       
2023-12-15 02:36:27,877	[DEBUG]	EXEC>  SUCCESS 1203979
2023-12-15 02:36:27,877	[DEBUG]	IfDeletion(('triangle.cpp.xml', 'if', 1))
2023-12-15 02:36:27,878	[INFO]	12      SUCCESS              *1203979 (99.98%) [1 edit(s)] 
2023-12-15 02:36:27,879	[DEBUG]	--- before: triangle.cpp
+++ after: triangle.cpp
@@ -17,11 +17,7 @@
     b = tmp;
   }
 
-  if(a > c) {
-    tmp = a;
-    a = c;
-    c = tmp;
-  }
+  
 
   if(b > c) {
     tmp = b;

2023-12-15 02:36:28,659	[DEBUG]	IfDeletion(('triangle.cpp.xml', 'if', 2))
2023-12-15 02:36:28,659	[INFO]	13      TEST_CODE_ERROR       None  [1 edit(s)]       
2023-12-15 02:36:28,802	[DEBUG]	ExprStmtInsertion(('triangle.cpp.xml', '_inter_block', 10), ('triangle.cpp.xml', 'expr_stmt', 0))
2023-12-15 02:36:28,803	[INFO]	14      COMPILE_CODE_ERROR    None  [1 edit(s)]       
2023-12-15 02:36:29,768	[DEBUG]	EXEC>  SUCCESS 1204300
2023-12-15 02:36:29,768	[DEBUG]	DeclStmtInsertion(('triangle.cpp.xml', '_inter_block', 23), ('triangle.cpp.xml', 'decl_stmt', 0))
2023-12-15 02:36:29,769	[INFO]	15      SUCCESS               1204300 (100.0%) [1 edit(s)] 
2023-12-15 02:36:29,921	[DEBUG]	DeclStmtInsertion(('triangle.cpp.xml', '_inter_block', 6), ('triangle.cpp.xml', 'decl_stmt', 1))
2023-12-15 02:36:29,922	[INFO]	16      COMPILE_CODE_ERROR    None  [1 edit(s)]       
2023-12-15 02:36:31,014	[DEBUG]	EXEC>  SUCCESS 1204240
2023-12-15 02:36:31,015	[DEBUG]	DeclStmtInsertion(('triangle.cpp.xml', '_inter_block', 31), ('triangle.cpp.xml', 'decl_stmt', 0))
2023-12-15 02:36:31,015	[INFO]	17      SUCCESS               1204240 (100.0%) [1 edit(s)] 
2023-12-15 02:36:31,154	[DEBUG]	DeclStmtInsertion(('triangle.cpp.xml', '_inter_block', 3), ('triangle.cpp.xml', 'decl_stmt', 1))
2023-12-15 02:36:31,155	[INFO]	18      COMPILE_CODE_ERROR    None  [1 edit(s)]       
2023-12-15 02:36:31,277	[DEBUG]	DeclStmtInsertion(('triangle.cpp.xml', '_inter_block', 7), ('triangle.cpp.xml', 'decl_stmt', 1))
2023-12-15 02:36:31,278	[INFO]	19      COMPILE_CODE_ERROR    None  [1 edit(s)]       
2023-12-15 02:36:31,279	[DEBUG]	IfDeletion(('triangle.cpp.xml', 'if', 1))
2023-12-15 02:36:31,279	[INFO]	20      SUCCESS               1203979 (99.98%) [1 edit(s)] 
2023-12-15 02:36:32,062	[DEBUG]	IfDeletion(('triangle.cpp.xml', 'if', 5))
2023-12-15 02:36:32,063	[INFO]	21      TEST_CODE_ERROR      +None  [1 edit(s)]       
2023-12-15 02:36:32,064	[DEBUG]	--- before: triangle.cpp
+++ after: triangle.cpp
@@ -37,9 +37,6 @@
     /*auto*/{
       return EQUILATERAL;
     }/*auto*/
-  if(a == b || b == c)
-    /*auto*/{
-      return ISOSCELES;
-    }/*auto*/
+  
   return SCALENE;
 }

2023-12-15 02:36:32,065	[DEBUG]	IfDeletion(('triangle.cpp.xml', 'if', 1)) | IfDeletion(('triangle.cpp.xml', 'if', 1))
2023-12-15 02:36:32,066	[INFO]	22      SUCCESS               1203979 (99.98%) [2 edit(s)] 
2023-12-15 02:36:32,831	[DEBUG]	IfDeletion(('triangle.cpp.xml', 'if', 1)) | IfDeletion(('triangle.cpp.xml', 'if', 5))
2023-12-15 02:36:32,831	[INFO]	23      TEST_CODE_ERROR       None  [2 edit(s)]       
2023-12-15 02:36:32,833	[DEBUG]	IfDeletion(('triangle.cpp.xml', 'if', 1)) | ExprStmtReplacement(('triangle.cpp.xml', 'expr_stmt', 6), ('triangle.cpp.xml', 'stmt', 16))
2023-12-15 02:36:32,833	[INFO]	24      SUCCESS               1203979 (99.98%) [2 edit(s)] 
2023-12-15 02:36:32,834	[DEBUG]	IfDeletion(('triangle.cpp.xml', 'if', 1)) | ExprStmtReplacement(('triangle.cpp.xml', 'expr_stmt', 7), ('triangle.cpp.xml', 'stmt', 22))
2023-12-15 02:36:32,834	[INFO]	25      SUCCESS               1203979 (99.98%) [2 edit(s)] 
2023-12-15 02:36:33,620	[DEBUG]	IfDeletion(('triangle.cpp.xml', 'if', 1)) | ReturnDeletion(('triangle.cpp.xml', 'return', 1))
2023-12-15 02:36:33,620	[INFO]	26      TEST_CODE_ERROR       None  [2 edit(s)]       
2023-12-15 02:36:33,622	[DEBUG]	IfDeletion(('triangle.cpp.xml', 'if', 1)) | ExprStmtReplacement(('triangle.cpp.xml', 'expr_stmt', 5), ('triangle.cpp.xml', 'stmt', 0))
2023-12-15 02:36:33,622	[INFO]	27      SUCCESS               1203979 (99.98%) [2 edit(s)] 
2023-12-15 02:36:33,622	[DEBUG]	IfDeletion(('triangle.cpp.xml', 'if', 1)) | ExprStmtReplacement(('triangle.cpp.xml', 'expr_stmt', 7), ('triangle.cpp.xml', 'stmt', 14))
2023-12-15 02:36:33,623	[INFO]	28      SUCCESS               1203979 (99.98%) [2 edit(s)] 
2023-12-15 02:36:33,623	[DEBUG]	IfDeletion(('triangle.cpp.xml', 'if', 1)) | ExprStmtReplacement(('triangle.cpp.xml', 'expr_stmt', 7), ('triangle.cpp.xml', 'stmt', 8))
2023-12-15 02:36:33,623	[INFO]	29      SUCCESS               1203979 (99.98%) [2 edit(s)] 
2023-12-15 02:36:34,445	[DEBUG]	IfDeletion(('triangle.cpp.xml', 'if', 1)) | ExprStmtReplacement(('triangle.cpp.xml', 'expr_stmt', 4), ('triangle.cpp.xml', 'stmt', 17))
2023-12-15 02:36:34,445	[INFO]	30      TEST_CODE_ERROR       None  [2 edit(s)]       
2023-12-15 02:36:35,223	[DEBUG]	IfDeletion(('triangle.cpp.xml', 'if', 1)) | ExprStmtReplacement(('triangle.cpp.xml', 'expr_stmt', 1), ('triangle.cpp.xml', 'stmt', 19))
2023-12-15 02:36:35,223	[INFO]	31      TEST_CODE_ERROR       None  [2 edit(s)]       
2023-12-15 02:36:35,224	[DEBUG]	IfDeletion(('triangle.cpp.xml', 'if', 1)) | ExprStmtReplacement(('triangle.cpp.xml', 'expr_stmt', 7), ('triangle.cpp.xml', 'stmt', 2))
2023-12-15 02:36:35,224	[INFO]	32      SUCCESS               1203979 (99.98%) [2 edit(s)] 
2023-12-15 02:36:36,128	[DEBUG]	EXEC>  SUCCESS 1201584
2023-12-15 02:36:36,129	[DEBUG]	IfDeletion(('triangle.cpp.xml', 'if', 1)) | ExprStmtDeletion(('triangle.cpp.xml', 'expr_stmt', 1))
2023-12-15 02:36:36,129	[INFO]	33      SUCCESS              *1201584 (99.78%) [2 edit(s)] 
2023-12-15 02:36:36,131	[DEBUG]	--- before: triangle.cpp
+++ after: triangle.cpp
@@ -8,7 +8,7 @@
 int classify_triangle(double a, double b, double c) {
   double tmp;
 
-  delay();
+  
 
   // Sort the sides so that a <= b <= c
   if(a > b) {
@@ -17,11 +17,7 @@
     b = tmp;
   }
 
-  if(a > c) {
-    tmp = a;
-    a = c;
-    c = tmp;
-  }
+  
 
   if(b > c) {
     tmp = b;

2023-12-15 02:36:36,290	[DEBUG]	IfDeletion(('triangle.cpp.xml', 'if', 1)) | ExprStmtReplacement(('triangle.cpp.xml', 'expr_stmt', 0), ('triangle.cpp.xml', 'stmt', 10))
2023-12-15 02:36:36,290	[INFO]	34      COMPILE_CODE_ERROR    None  [2 edit(s)]       
2023-12-15 02:36:37,286	[DEBUG]	EXEC>  SUCCESS 1203979
2023-12-15 02:36:37,286	[DEBUG]	IfDeletion(('triangle.cpp.xml', 'if', 1)) | ExprStmtInsertion(('triangle.cpp.xml', '_inter_block', 31), ('triangle.cpp.xml', 'expr_stmt', 4))
2023-12-15 02:36:37,287	[INFO]	35      SUCCESS               1203979 (99.98%) [2 edit(s)] 
2023-12-15 02:36:37,288	[DEBUG]	IfDeletion(('triangle.cpp.xml', 'if', 1)) | ExprStmtInsertion(('triangle.cpp.xml', '_inter_block', 21), ('triangle.cpp.xml', 'expr_stmt', 2))
2023-12-15 02:36:37,288	[INFO]	36      SUCCESS               1203979 (99.98%) [2 edit(s)] 
2023-12-15 02:36:38,260	[DEBUG]	EXEC>  SUCCESS 1204008
2023-12-15 02:36:38,261	[DEBUG]	IfDeletion(('triangle.cpp.xml', 'if', 1)) | ExprStmtInsertion(('triangle.cpp.xml', '_inter_block', 12), ('triangle.cpp.xml', 'expr_stmt', 10))
2023-12-15 02:36:38,261	[INFO]	37      SUCCESS               1204008 (99.98%) [2 edit(s)] 
2023-12-15 02:36:39,279	[DEBUG]	EXEC>  SUCCESS 1204044
2023-12-15 02:36:39,279	[DEBUG]	IfDeletion(('triangle.cpp.xml', 'if', 1)) | ExprStmtInsertion(('triangle.cpp.xml', '_inter_block', 25), ('triangle.cpp.xml', 'expr_stmt', 5))
2023-12-15 02:36:39,280	[INFO]	38      SUCCESS               1204044 (99.98%) [2 edit(s)] 
2023-12-15 02:36:40,245	[DEBUG]	EXEC>  SUCCESS 1203979
2023-12-15 02:36:40,246	[DEBUG]	IfDeletion(('triangle.cpp.xml', 'if', 1)) | ExprStmtInsertion(('triangle.cpp.xml', '_inter_block', 13), ('triangle.cpp.xml', 'expr_stmt', 6))
2023-12-15 02:36:40,247	[INFO]	39      SUCCESS               1203979 (99.98%) [2 edit(s)] 
2023-12-15 02:36:41,105	[DEBUG]	IfDeletion(('triangle.cpp.xml', 'if', 1)) | ExprStmtInsertion(('triangle.cpp.xml', '_inter_block', 25), ('triangle.cpp.xml', 'expr_stmt', 9))
2023-12-15 02:36:41,105	[INFO]	40      TEST_CODE_ERROR       None  [2 edit(s)]       
2023-12-15 02:36:41,935	[DEBUG]	IfDeletion(('triangle.cpp.xml', 'if', 1)) | ExprStmtInsertion(('triangle.cpp.xml', '_inter_block', 16), ('triangle.cpp.xml', 'expr_stmt', 8))
2023-12-15 02:36:41,936	[INFO]	41      TEST_CODE_ERROR       None  [2 edit(s)]       
2023-12-15 02:36:42,096	[DEBUG]	IfDeletion(('triangle.cpp.xml', 'if', 1)) | ExprStmtInsertion(('triangle.cpp.xml', '_inter_block', 0), ('triangle.cpp.xml', 'expr_stmt', 5))
2023-12-15 02:36:42,096	[INFO]	42      COMPILE_CODE_ERROR   +None  [2 edit(s)]       
2023-12-15 02:36:42,098	[DEBUG]	--- before: triangle.cpp
+++ after: triangle.cpp
@@ -1,6 +1,7 @@
 #include "triangle.hpp"
 
 void delay() {
+  tmp = a;
   const struct timespec ms = {0, (long int) (0.001*1e9)}; //tv_sec=0, tv_nsec (0.001 seconds)
   nanosleep(&ms,NULL); /*ignores possible errors*/
 }
@@ -17,11 +18,7 @@
     b = tmp;
   }
 
-  if(a > c) {
-    tmp = a;
-    a = c;
-    c = tmp;
-  }
+  
 
   if(b > c) {
     tmp = b;

2023-12-15 02:36:42,243	[DEBUG]	IfDeletion(('triangle.cpp.xml', 'if', 1)) | ExprStmtDeletion(('triangle.cpp.xml', 'expr_stmt', 1)) | ExprStmtReplacement(('triangle.cpp.xml', 'expr_stmt', 0), ('triangle.cpp.xml', 'stmt', 10))
2023-12-15 02:36:42,244	[INFO]	43      COMPILE_CODE_ERROR    None  [3 edit(s)]       
2023-12-15 02:36:43,110	[DEBUG]	EXEC>  SUCCESS 1201650
2023-12-15 02:36:43,110	[DEBUG]	IfDeletion(('triangle.cpp.xml', 'if', 1)) | ExprStmtDeletion(('triangle.cpp.xml', 'expr_stmt', 1)) | ExprStmtInsertion(('triangle.cpp.xml', '_inter_block', 24), ('triangle.cpp.xml', 'expr_stmt', 10))
2023-12-15 02:36:43,111	[INFO]	44      SUCCESS               1201650 (99.78%) [3 edit(s)] 
2023-12-15 02:36:43,942	[DEBUG]	EXEC>  SUCCESS 1201582
2023-12-15 02:36:43,943	[DEBUG]	IfDeletion(('triangle.cpp.xml', 'if', 1)) | ExprStmtDeletion(('triangle.cpp.xml', 'expr_stmt', 1)) | ExprStmtInsertion(('triangle.cpp.xml', '_inter_block', 13), ('triangle.cpp.xml', 'expr_stmt', 3))
2023-12-15 02:36:43,944	[INFO]	45      SUCCESS              *1201582 (99.78%) [3 edit(s)] 
2023-12-15 02:36:43,945	[DEBUG]	--- before: triangle.cpp
+++ after: triangle.cpp
@@ -8,7 +8,7 @@
 int classify_triangle(double a, double b, double c) {
   double tmp;
 
-  delay();
+  
 
   // Sort the sides so that a <= b <= c
   if(a > b) {
@@ -17,11 +17,7 @@
     b = tmp;
   }
 
-  if(a > c) {
-    tmp = a;
-    a = c;
-    c = tmp;
-  }
+  
 
   if(b > c) {
     tmp = b;
@@ -42,4 +38,5 @@
       return ISOSCELES;
     }/*auto*/
   return SCALENE;
+  a = b;
 }

2023-12-15 02:36:43,946	[DEBUG]	IfDeletion(('triangle.cpp.xml', 'if', 1)) | ExprStmtDeletion(('triangle.cpp.xml', 'expr_stmt', 1)) | ExprStmtInsertion(('triangle.cpp.xml', '_inter_block', 19), ('triangle.cpp.xml', 'expr_stmt', 0))
2023-12-15 02:36:43,946	[INFO]	46      SUCCESS               1201584 (99.78%) [3 edit(s)] 
2023-12-15 02:36:44,757	[DEBUG]	IfDeletion(('triangle.cpp.xml', 'if', 1)) | ExprStmtDeletion(('triangle.cpp.xml', 'expr_stmt', 1)) | ReturnInsertion(('triangle.cpp.xml', '_inter_block', 9), ('triangle.cpp.xml', 'return', 3))
2023-12-15 02:36:44,758	[INFO]	47      TEST_CODE_ERROR       None  [3 edit(s)]       
2023-12-15 02:36:44,904	[DEBUG]	IfDeletion(('triangle.cpp.xml', 'if', 1)) | ExprStmtDeletion(('triangle.cpp.xml', 'expr_stmt', 1)) | DeclStmtInsertion(('triangle.cpp.xml', '_inter_block', 6), ('triangle.cpp.xml', 'decl_stmt', 1))
2023-12-15 02:36:44,904	[INFO]	48      COMPILE_CODE_ERROR    None  [3 edit(s)]       
2023-12-15 02:36:45,818	[DEBUG]	EXEC>  SUCCESS 1201583
2023-12-15 02:36:45,818	[DEBUG]	IfDeletion(('triangle.cpp.xml', 'if', 1)) | ExprStmtDeletion(('triangle.cpp.xml', 'expr_stmt', 1)) | ExprStmtInsertion(('triangle.cpp.xml', '_inter_block', 27), ('triangle.cpp.xml', 'expr_stmt', 4))
2023-12-15 02:36:45,819	[INFO]	49      SUCCESS               1201583 (99.78%) [3 edit(s)] 
2023-12-15 02:36:46,785	[DEBUG]	EXEC>  SUCCESS 1201710
2023-12-15 02:36:46,786	[DEBUG]	IfDeletion(('triangle.cpp.xml', 'if', 1)) | ExprStmtDeletion(('triangle.cpp.xml', 'expr_stmt', 1)) | ExprStmtInsertion(('triangle.cpp.xml', '_inter_block', 6), ('triangle.cpp.xml', 'expr_stmt', 2))
2023-12-15 02:36:46,786	[INFO]	50      SUCCESS               1201710 (99.79%) [3 edit(s)] 
2023-12-15 02:36:46,789	[DEBUG]	IfDeletion(('triangle.cpp.xml', 'if', 1)) | ExprStmtDeletion(('triangle.cpp.xml', 'expr_stmt', 1)) | ExprStmtInsertion(('triangle.cpp.xml', '_inter_block', 27), ('triangle.cpp.xml', 'expr_stmt', 4))
2023-12-15 02:36:46,789	[INFO]	51      SUCCESS               1201583 (99.78%) [3 edit(s)] 
2023-12-15 02:36:47,683	[DEBUG]	EXEC>  SUCCESS 1201649
2023-12-15 02:36:47,684	[DEBUG]	IfDeletion(('triangle.cpp.xml', 'if', 1)) | ExprStmtDeletion(('triangle.cpp.xml', 'expr_stmt', 1)) | ExprStmtInsertion(('triangle.cpp.xml', '_inter_block', 24), ('triangle.cpp.xml', 'expr_stmt', 9))
2023-12-15 02:36:47,685	[INFO]	52      SUCCESS               1201649 (99.78%) [3 edit(s)] 
2023-12-15 02:36:47,850	[DEBUG]	IfDeletion(('triangle.cpp.xml', 'if', 1)) | ExprStmtDeletion(('triangle.cpp.xml', 'expr_stmt', 1)) | ExprStmtInsertion(('triangle.cpp.xml', '_inter_block', 0), ('triangle.cpp.xml', 'expr_stmt', 2))
2023-12-15 02:36:47,850	[INFO]	53      COMPILE_CODE_ERROR    None  [3 edit(s)]       
2023-12-15 02:36:47,852	[DEBUG]	IfDeletion(('triangle.cpp.xml', 'if', 1)) | ExprStmtDeletion(('triangle.cpp.xml', 'expr_stmt', 1)) | ExprStmtInsertion(('triangle.cpp.xml', '_inter_block', 19), ('triangle.cpp.xml', 'expr_stmt', 3))
2023-12-15 02:36:47,852	[INFO]	54      SUCCESS               1201584 (99.78%) [3 edit(s)] 
2023-12-15 02:36:47,854	[DEBUG]	IfDeletion(('triangle.cpp.xml', 'if', 1)) | ExprStmtDeletion(('triangle.cpp.xml', 'expr_stmt', 1)) | ExprStmtInsertion(('triangle.cpp.xml', '_inter_block', 24), ('triangle.cpp.xml', 'expr_stmt', 9))
2023-12-15 02:36:47,854	[INFO]	55      SUCCESS               1201649 (99.78%) [3 edit(s)] 
2023-12-15 02:36:48,810	[DEBUG]	EXEC>  SUCCESS 1203979
2023-12-15 02:36:48,811	[DEBUG]	IfDeletion(('triangle.cpp.xml', 'if', 1)) | ExprStmtDeletion(('triangle.cpp.xml', 'expr_stmt', 1)) | ExprStmtInsertion(('triangle.cpp.xml', '_inter_block', 5), ('triangle.cpp.xml', 'expr_stmt', 1))
2023-12-15 02:36:48,811	[INFO]	56      SUCCESS               1203979 (99.98%) [3 edit(s)] 
2023-12-15 02:36:49,759	[DEBUG]	EXEC>  SUCCESS 1201613
2023-12-15 02:36:49,759	[DEBUG]	IfDeletion(('triangle.cpp.xml', 'if', 1)) | ExprStmtDeletion(('triangle.cpp.xml', 'expr_stmt', 1)) | DeclStmtInsertion(('triangle.cpp.xml', '_inter_block', 12), ('triangle.cpp.xml', 'decl_stmt', 0))
2023-12-15 02:36:49,760	[INFO]	57      SUCCESS               1201613 (99.78%) [3 edit(s)] 
2023-12-15 02:36:49,761	[DEBUG]	IfDeletion(('triangle.cpp.xml', 'if', 1)) | ExprStmtDeletion(('triangle.cpp.xml', 'expr_stmt', 1)) | ExprStmtInsertion(('triangle.cpp.xml', '_inter_block', 20), ('triangle.cpp.xml', 'expr_stmt', 2))
2023-12-15 02:36:49,762	[INFO]	58      SUCCESS               1201584 (99.78%) [3 edit(s)] 
2023-12-15 02:36:50,541	[DEBUG]	IfDeletion(('triangle.cpp.xml', 'if', 1)) | ExprStmtDeletion(('triangle.cpp.xml', 'expr_stmt', 1)) | ExprStmtInsertion(('triangle.cpp.xml', '_inter_block', 5), ('triangle.cpp.xml', 'expr_stmt', 3))
2023-12-15 02:36:50,542	[INFO]	59      TEST_CODE_ERROR       None  [3 edit(s)]       
2023-12-15 02:36:51,423	[DEBUG]	EXEC>  SUCCESS 1201655
2023-12-15 02:36:51,424	[DEBUG]	IfDeletion(('triangle.cpp.xml', 'if', 1)) | ExprStmtDeletion(('triangle.cpp.xml', 'expr_stmt', 1)) | ExprStmtInsertion(('triangle.cpp.xml', '_inter_block', 10), ('triangle.cpp.xml', 'expr_stmt', 5))
2023-12-15 02:36:51,425	[INFO]	60      SUCCESS               1201655 (99.79%) [3 edit(s)] 
2023-12-15 02:36:52,258	[DEBUG]	IfDeletion(('triangle.cpp.xml', 'if', 1)) | ExprStmtDeletion(('triangle.cpp.xml', 'expr_stmt', 1)) | ReturnDeletion(('triangle.cpp.xml', 'return', 2))
2023-12-15 02:36:52,259	[INFO]	61      TEST_CODE_ERROR       None  [3 edit(s)]       
2023-12-15 02:36:53,053	[DEBUG]	IfDeletion(('triangle.cpp.xml', 'if', 1)) | ExprStmtDeletion(('triangle.cpp.xml', 'expr_stmt', 1)) | ExprStmtInsertion(('triangle.cpp.xml', '_inter_block', 16), ('triangle.cpp.xml', 'expr_stmt', 7))
2023-12-15 02:36:53,053	[INFO]	62      TEST_CODE_ERROR       None  [3 edit(s)]       
2023-12-15 02:36:53,986	[DEBUG]	EXEC>  SUCCESS 1201584
2023-12-15 02:36:53,987	[DEBUG]	IfDeletion(('triangle.cpp.xml', 'if', 1)) | ExprStmtDeletion(('triangle.cpp.xml', 'expr_stmt', 1)) | ExprStmtInsertion(('triangle.cpp.xml', '_inter_block', 27), ('triangle.cpp.xml', 'expr_stmt', 6))
2023-12-15 02:36:53,988	[INFO]	63      SUCCESS              +1201584 (99.78%) [3 edit(s)] 
2023-12-15 02:36:53,989	[DEBUG]	--- before: triangle.cpp
+++ after: triangle.cpp
@@ -8,7 +8,7 @@
 int classify_triangle(double a, double b, double c) {
   double tmp;
 
-  delay();
+  
 
   // Sort the sides so that a <= b <= c
   if(a > b) {
@@ -17,11 +17,7 @@
     b = tmp;
   }
 
-  if(a > c) {
-    tmp = a;
-    a = c;
-    c = tmp;
-  }
+  
 
   if(b > c) {
     tmp = b;
@@ -32,6 +28,7 @@
   if(a + b <= c)
     /*auto*/{
       return INVALID;
+      a = c;
     }/*auto*/
   if(a == b && b == c)
     /*auto*/{

2023-12-15 02:36:54,763	[DEBUG]	IfDeletion(('triangle.cpp.xml', 'if', 1)) | ExprStmtDeletion(('triangle.cpp.xml', 'expr_stmt', 1)) | ExprStmtInsertion(('triangle.cpp.xml', '_inter_block', 13), ('triangle.cpp.xml', 'expr_stmt', 3)) | ReturnInsertion(('triangle.cpp.xml', '_inter_block', 24), ('triangle.cpp.xml', 'return', 2))
2023-12-15 02:36:54,763	[INFO]	64      TEST_CODE_ERROR       None  [4 edit(s)]       
2023-12-15 02:36:55,544	[DEBUG]	IfDeletion(('triangle.cpp.xml', 'if', 1)) | ExprStmtDeletion(('triangle.cpp.xml', 'expr_stmt', 1)) | ExprStmtInsertion(('triangle.cpp.xml', '_inter_block', 13), ('triangle.cpp.xml', 'expr_stmt', 3)) | ExprStmtInsertion(('triangle.cpp.xml', '_inter_block', 15), ('triangle.cpp.xml', 'expr_stmt', 4))
2023-12-15 02:36:55,544	[INFO]	65      TEST_CODE_ERROR       None  [4 edit(s)]       
2023-12-15 02:36:56,479	[DEBUG]	EXEC>  SUCCESS 1201709
2023-12-15 02:36:56,480	[DEBUG]	IfDeletion(('triangle.cpp.xml', 'if', 1)) | ExprStmtDeletion(('triangle.cpp.xml', 'expr_stmt', 1)) | ExprStmtInsertion(('triangle.cpp.xml', '_inter_block', 13), ('triangle.cpp.xml', 'expr_stmt', 3)) | ExprStmtInsertion(('triangle.cpp.xml', '_inter_block', 6), ('triangle.cpp.xml', 'expr_stmt', 5))
2023-12-15 02:36:56,480	[INFO]	66      SUCCESS               1201709 (99.79%) [4 edit(s)] 
2023-12-15 02:36:57,330	[DEBUG]	IfDeletion(('triangle.cpp.xml', 'if', 1)) | ExprStmtDeletion(('triangle.cpp.xml', 'expr_stmt', 1)) | ExprStmtInsertion(('triangle.cpp.xml', '_inter_block', 13), ('triangle.cpp.xml', 'expr_stmt', 3)) | ExprStmtReplacement(('triangle.cpp.xml', 'expr_stmt', 2), ('triangle.cpp.xml', 'stmt', 21))
2023-12-15 02:36:57,331	[INFO]	67      TEST_CODE_ERROR       None  [4 edit(s)]       
2023-12-15 02:36:58,249	[DEBUG]	EXEC>  SUCCESS 1201651
2023-12-15 02:36:58,249	[DEBUG]	IfDeletion(('triangle.cpp.xml', 'if', 1)) | ExprStmtDeletion(('triangle.cpp.xml', 'expr_stmt', 1)) | ExprStmtInsertion(('triangle.cpp.xml', '_inter_block', 13), ('triangle.cpp.xml', 'expr_stmt', 3)) | ExprStmtInsertion(('triangle.cpp.xml', '_inter_block', 22), ('triangle.cpp.xml', 'expr_stmt', 5))
2023-12-15 02:36:58,250	[INFO]	68      SUCCESS               1201651 (99.79%) [4 edit(s)] 
2023-12-15 02:36:59,049	[DEBUG]	IfDeletion(('triangle.cpp.xml', 'if', 1)) | ExprStmtDeletion(('triangle.cpp.xml', 'expr_stmt', 1)) | ExprStmtInsertion(('triangle.cpp.xml', '_inter_block', 13), ('triangle.cpp.xml', 'expr_stmt', 3)) | ReturnDeletion(('triangle.cpp.xml', 'return', 0))
2023-12-15 02:36:59,049	[INFO]	69      TEST_CODE_ERROR       None  [4 edit(s)]       
2023-12-15 02:36:59,887	[DEBUG]	EXEC>  SUCCESS 1201584
2023-12-15 02:36:59,888	[DEBUG]	IfDeletion(('triangle.cpp.xml', 'if', 1)) | ExprStmtDeletion(('triangle.cpp.xml', 'expr_stmt', 1)) | ExprStmtInsertion(('triangle.cpp.xml', '_inter_block', 13), ('triangle.cpp.xml', 'expr_stmt', 3)) | ExprStmtInsertion(('triangle.cpp.xml', '_inter_block', 31), ('triangle.cpp.xml', 'expr_stmt', 6))
2023-12-15 02:36:59,888	[INFO]	70      SUCCESS               1201584 (99.78%) [4 edit(s)] 
2023-12-15 02:36:59,890	[DEBUG]	IfDeletion(('triangle.cpp.xml', 'if', 1)) | ExprStmtDeletion(('triangle.cpp.xml', 'expr_stmt', 1)) | ExprStmtInsertion(('triangle.cpp.xml', '_inter_block', 13), ('triangle.cpp.xml', 'expr_stmt', 3)) | ExprStmtInsertion(('triangle.cpp.xml', '_inter_block', 19), ('triangle.cpp.xml', 'expr_stmt', 5))
2023-12-15 02:36:59,890	[INFO]	71      SUCCESS               1201582 (99.78%) [4 edit(s)] 
2023-12-15 02:37:00,701	[DEBUG]	IfDeletion(('triangle.cpp.xml', 'if', 1)) | ExprStmtDeletion(('triangle.cpp.xml', 'expr_stmt', 1)) | ExprStmtInsertion(('triangle.cpp.xml', '_inter_block', 13), ('triangle.cpp.xml', 'expr_stmt', 3)) | ExprStmtInsertion(('triangle.cpp.xml', '_inter_block', 10), ('triangle.cpp.xml', 'expr_stmt', 10))
2023-12-15 02:37:00,702	[INFO]	72      TEST_CODE_ERROR       None  [4 edit(s)]       
2023-12-15 02:37:01,495	[DEBUG]	IfDeletion(('triangle.cpp.xml', 'if', 1)) | ExprStmtDeletion(('triangle.cpp.xml', 'expr_stmt', 1)) | ExprStmtInsertion(('triangle.cpp.xml', '_inter_block', 13), ('triangle.cpp.xml', 'expr_stmt', 3)) | IfReplacement(('triangle.cpp.xml', 'if', 1), ('triangle.cpp.xml', 'stmt', 19))
2023-12-15 02:37:01,496	[INFO]	73      TEST_CODE_ERROR       None  [4 edit(s)]       
2023-12-15 02:37:02,299	[DEBUG]	IfDeletion(('triangle.cpp.xml', 'if', 1)) | ExprStmtDeletion(('triangle.cpp.xml', 'expr_stmt', 1)) | ExprStmtInsertion(('triangle.cpp.xml', '_inter_block', 13), ('triangle.cpp.xml', 'expr_stmt', 3)) | IfReplacement(('triangle.cpp.xml', 'if', 5), ('triangle.cpp.xml', 'stmt', 19))
2023-12-15 02:37:02,300	[INFO]	74      TEST_CODE_ERROR       None  [4 edit(s)]       
2023-12-15 02:37:02,301	[DEBUG]	IfDeletion(('triangle.cpp.xml', 'if', 1)) | ExprStmtDeletion(('triangle.cpp.xml', 'expr_stmt', 1)) | ExprStmtInsertion(('triangle.cpp.xml', '_inter_block', 13), ('triangle.cpp.xml', 'expr_stmt', 3)) | ExprStmtInsertion(('triangle.cpp.xml', '_inter_block', 18), ('triangle.cpp.xml', 'expr_stmt', 10))
2023-12-15 02:37:02,302	[INFO]	75      SUCCESS               1201582 (99.78%) [4 edit(s)] 
2023-12-15 02:37:03,157	[DEBUG]	EXEC>  SUCCESS 1201638
2023-12-15 02:37:03,157	[DEBUG]	IfDeletion(('triangle.cpp.xml', 'if', 1)) | ExprStmtDeletion(('triangle.cpp.xml', 'expr_stmt', 1)) | ExprStmtInsertion(('triangle.cpp.xml', '_inter_block', 13), ('triangle.cpp.xml', 'expr_stmt', 3)) | ExprStmtInsertion(('triangle.cpp.xml', '_inter_block', 11), ('triangle.cpp.xml', 'expr_stmt', 2))
2023-12-15 02:37:03,158	[INFO]	76      SUCCESS               1201638 (99.78%) [4 edit(s)] 
2023-12-15 02:37:03,930	[DEBUG]	IfDeletion(('triangle.cpp.xml', 'if', 1)) | ExprStmtDeletion(('triangle.cpp.xml', 'expr_stmt', 1)) | ExprStmtInsertion(('triangle.cpp.xml', '_inter_block', 13), ('triangle.cpp.xml', 'expr_stmt', 3)) | ExprStmtInsertion(('triangle.cpp.xml', '_inter_block', 24), ('triangle.cpp.xml', 'expr_stmt', 3))
2023-12-15 02:37:03,930	[INFO]	77      TEST_CODE_ERROR       None  [4 edit(s)]       
2023-12-15 02:37:04,807	[DEBUG]	EXEC>  SUCCESS 1201649
2023-12-15 02:37:04,808	[DEBUG]	IfDeletion(('triangle.cpp.xml', 'if', 1)) | ExprStmtDeletion(('triangle.cpp.xml', 'expr_stmt', 1)) | ExprStmtInsertion(('triangle.cpp.xml', '_inter_block', 13), ('triangle.cpp.xml', 'expr_stmt', 3)) | ExprStmtInsertion(('triangle.cpp.xml', '_inter_block', 24), ('triangle.cpp.xml', 'expr_stmt', 7))
2023-12-15 02:37:04,808	[INFO]	78      SUCCESS               1201649 (99.78%) [4 edit(s)] 
2023-12-15 02:37:05,727	[DEBUG]	EXEC>  SUCCESS 1201650
2023-12-15 02:37:05,728	[DEBUG]	IfDeletion(('triangle.cpp.xml', 'if', 1)) | ExprStmtDeletion(('triangle.cpp.xml', 'expr_stmt', 1)) | ExprStmtInsertion(('triangle.cpp.xml', '_inter_block', 13), ('triangle.cpp.xml', 'expr_stmt', 3)) | ExprStmtInsertion(('triangle.cpp.xml', '_inter_block', 23), ('triangle.cpp.xml', 'expr_stmt', 4))
2023-12-15 02:37:05,729	[INFO]	79      SUCCESS               1201650 (99.78%) [4 edit(s)] 
2023-12-15 02:37:06,650	[DEBUG]	EXEC>  SUCCESS 1201584
2023-12-15 02:37:06,651	[DEBUG]	IfDeletion(('triangle.cpp.xml', 'if', 1)) | ExprStmtDeletion(('triangle.cpp.xml', 'expr_stmt', 1)) | ExprStmtInsertion(('triangle.cpp.xml', '_inter_block', 13), ('triangle.cpp.xml', 'expr_stmt', 3)) | ExprStmtInsertion(('triangle.cpp.xml', '_inter_block', 29), ('triangle.cpp.xml', 'expr_stmt', 5))
2023-12-15 02:37:06,651	[INFO]	80      SUCCESS               1201584 (99.78%) [4 edit(s)] 
2023-12-15 02:37:06,654	[DEBUG]	IfDeletion(('triangle.cpp.xml', 'if', 1)) | ExprStmtDeletion(('triangle.cpp.xml', 'expr_stmt', 1)) | ExprStmtInsertion(('triangle.cpp.xml', '_inter_block', 13), ('triangle.cpp.xml', 'expr_stmt', 3)) | ExprStmtInsertion(('triangle.cpp.xml', '_inter_block', 18), ('triangle.cpp.xml', 'expr_stmt', 10))
2023-12-15 02:37:06,654	[INFO]	81      SUCCESS               1201582 (99.78%) [4 edit(s)] 
2023-12-15 02:37:07,561	[DEBUG]	EXEC>  SUCCESS 1201608
2023-12-15 02:37:07,561	[DEBUG]	IfDeletion(('triangle.cpp.xml', 'if', 1)) | ExprStmtDeletion(('triangle.cpp.xml', 'expr_stmt', 1)) | ExprStmtInsertion(('triangle.cpp.xml', '_inter_block', 13), ('triangle.cpp.xml', 'expr_stmt', 3)) | ExprStmtInsertion(('triangle.cpp.xml', '_inter_block', 30), ('triangle.cpp.xml', 'expr_stmt', 9))
2023-12-15 02:37:07,562	[INFO]	82      SUCCESS               1201608 (99.78%) [4 edit(s)] 
2023-12-15 02:37:08,484	[DEBUG]	EXEC>  SUCCESS 1201710
2023-12-15 02:37:08,485	[DEBUG]	IfDeletion(('triangle.cpp.xml', 'if', 1)) | ExprStmtDeletion(('triangle.cpp.xml', 'expr_stmt', 1)) | ExprStmtInsertion(('triangle.cpp.xml', '_inter_block', 13), ('triangle.cpp.xml', 'expr_stmt', 3)) | ExprStmtInsertion(('triangle.cpp.xml', '_inter_block', 9), ('triangle.cpp.xml', 'expr_stmt', 5))
2023-12-15 02:37:08,486	[INFO]	83      SUCCESS               1201710 (99.79%) [4 edit(s)] 
2023-12-15 02:37:08,490	[DEBUG]	IfDeletion(('triangle.cpp.xml', 'if', 1)) | ExprStmtDeletion(('triangle.cpp.xml', 'expr_stmt', 1)) | ExprStmtInsertion(('triangle.cpp.xml', '_inter_block', 13), ('triangle.cpp.xml', 'expr_stmt', 3)) | ExprStmtInsertion(('triangle.cpp.xml', '_inter_block', 22), ('triangle.cpp.xml', 'expr_stmt', 5))
2023-12-15 02:37:08,491	[INFO]	84      SUCCESS              +1201651 (99.79%) [4 edit(s)] 
2023-12-15 02:37:08,493	[DEBUG]	--- before: triangle.cpp
+++ after: triangle.cpp
@@ -8,7 +8,7 @@
 int classify_triangle(double a, double b, double c) {
   double tmp;
 
-  delay();
+  
 
   // Sort the sides so that a <= b <= c
   if(a > b) {
@@ -17,13 +17,10 @@
     b = tmp;
   }
 
-  if(a > c) {
-    tmp = a;
-    a = c;
-    c = tmp;
-  }
+  
 
   if(b > c) {
+    tmp = a;
     tmp = b;
     b = c;
     c = tmp;
@@ -42,4 +39,5 @@
       return ISOSCELES;
     }/*auto*/
   return SCALENE;
+  a = b;
 }

2023-12-15 02:37:08,655	[DEBUG]	IfDeletion(('triangle.cpp.xml', 'if', 1)) | ExprStmtDeletion(('triangle.cpp.xml', 'expr_stmt', 1)) | ExprStmtInsertion(('triangle.cpp.xml', '_inter_block', 13), ('triangle.cpp.xml', 'expr_stmt', 3)) | ExprStmtInsertion(('triangle.cpp.xml', '_inter_block', 18), ('triangle.cpp.xml', 'expr_stmt', 10)) | ExprStmtInsertion(('triangle.cpp.xml', '_inter_block', 7), ('triangle.cpp.xml', 'expr_stmt', 0))
2023-12-15 02:37:08,656	[INFO]	85      COMPILE_CODE_ERROR    None  [5 edit(s)]       
2023-12-15 02:37:09,636	[DEBUG]	EXEC>  SUCCESS 1203379
2023-12-15 02:37:09,637	[DEBUG]	IfDeletion(('triangle.cpp.xml', 'if', 1)) | ExprStmtDeletion(('triangle.cpp.xml', 'expr_stmt', 1)) | ExprStmtInsertion(('triangle.cpp.xml', '_inter_block', 13), ('triangle.cpp.xml', 'expr_stmt', 3)) | ExprStmtInsertion(('triangle.cpp.xml', '_inter_block', 18), ('triangle.cpp.xml', 'expr_stmt', 10)) | ExprStmtInsertion(('triangle.cpp.xml', '_inter_block', 22), ('triangle.cpp.xml', 'expr_stmt', 1))
2023-12-15 02:37:09,637	[INFO]	86      SUCCESS               1203379 (99.93%) [5 edit(s)] 
2023-12-15 02:37:09,640	[DEBUG]	IfDeletion(('triangle.cpp.xml', 'if', 1)) | ExprStmtDeletion(('triangle.cpp.xml', 'expr_stmt', 1)) | ExprStmtInsertion(('triangle.cpp.xml', '_inter_block', 13), ('triangle.cpp.xml', 'expr_stmt', 3)) | ExprStmtInsertion(('triangle.cpp.xml', '_inter_block', 18), ('triangle.cpp.xml', 'expr_stmt', 10)) | ExprStmtInsertion(('triangle.cpp.xml', '_inter_block', 6), ('triangle.cpp.xml', 'expr_stmt', 5))
2023-12-15 02:37:09,640	[INFO]	87      SUCCESS               1201709 (99.79%) [5 edit(s)] 
2023-12-15 02:37:09,641	[DEBUG]	IfDeletion(('triangle.cpp.xml', 'if', 1)) | ExprStmtDeletion(('triangle.cpp.xml', 'expr_stmt', 1)) | ExprStmtInsertion(('triangle.cpp.xml', '_inter_block', 13), ('triangle.cpp.xml', 'expr_stmt', 3)) | ExprStmtInsertion(('triangle.cpp.xml', '_inter_block', 18), ('triangle.cpp.xml', 'expr_stmt', 10)) | ExprStmtInsertion(('triangle.cpp.xml', '_inter_block', 18), ('triangle.cpp.xml', 'expr_stmt', 9))
2023-12-15 02:37:09,641	[INFO]	88      SUCCESS               1201582 (99.78%) [5 edit(s)] 
2023-12-15 02:37:10,450	[DEBUG]	IfDeletion(('triangle.cpp.xml', 'if', 1)) | ExprStmtDeletion(('triangle.cpp.xml', 'expr_stmt', 1)) | ExprStmtInsertion(('triangle.cpp.xml', '_inter_block', 13), ('triangle.cpp.xml', 'expr_stmt', 3)) | ExprStmtInsertion(('triangle.cpp.xml', '_inter_block', 18), ('triangle.cpp.xml', 'expr_stmt', 10)) | ExprStmtInsertion(('triangle.cpp.xml', '_inter_block', 14), ('triangle.cpp.xml', 'expr_stmt', 6))
2023-12-15 02:37:10,451	[INFO]	89      TEST_CODE_ERROR       None  [5 edit(s)]       
2023-12-15 02:37:11,234	[DEBUG]	IfDeletion(('triangle.cpp.xml', 'if', 1)) | ExprStmtDeletion(('triangle.cpp.xml', 'expr_stmt', 1)) | ExprStmtInsertion(('triangle.cpp.xml', '_inter_block', 13), ('triangle.cpp.xml', 'expr_stmt', 3)) | ExprStmtInsertion(('triangle.cpp.xml', '_inter_block', 18), ('triangle.cpp.xml', 'expr_stmt', 10)) | ExprStmtInsertion(('triangle.cpp.xml', '_inter_block', 23), ('triangle.cpp.xml', 'expr_stmt', 2))
2023-12-15 02:37:11,235	[INFO]	90      TEST_CODE_ERROR       None  [5 edit(s)]       
2023-12-15 02:37:12,139	[DEBUG]	EXEC>  SUCCESS 1201614
2023-12-15 02:37:12,139	[DEBUG]	IfDeletion(('triangle.cpp.xml', 'if', 1)) | ExprStmtDeletion(('triangle.cpp.xml', 'expr_stmt', 1)) | ExprStmtInsertion(('triangle.cpp.xml', '_inter_block', 13), ('triangle.cpp.xml', 'expr_stmt', 3)) | ExprStmtInsertion(('triangle.cpp.xml', '_inter_block', 18), ('triangle.cpp.xml', 'expr_stmt', 10)) | ExprStmtInsertion(('triangle.cpp.xml', '_inter_block', 12), ('triangle.cpp.xml', 'expr_stmt', 9))
2023-12-15 02:37:12,140	[INFO]	91      SUCCESS               1201614 (99.78%) [5 edit(s)] 
2023-12-15 02:37:13,125	[DEBUG]	EXEC>  SUCCESS 1201639
2023-12-15 02:37:13,126	[DEBUG]	IfDeletion(('triangle.cpp.xml', 'if', 1)) | ExprStmtDeletion(('triangle.cpp.xml', 'expr_stmt', 1)) | ExprStmtInsertion(('triangle.cpp.xml', '_inter_block', 13), ('triangle.cpp.xml', 'expr_stmt', 3)) | ExprStmtInsertion(('triangle.cpp.xml', '_inter_block', 18), ('triangle.cpp.xml', 'expr_stmt', 10)) | ExprStmtInsertion(('triangle.cpp.xml', '_inter_block', 11), ('triangle.cpp.xml', 'expr_stmt', 8))
2023-12-15 02:37:13,127	[INFO]	92      SUCCESS               1201639 (99.78%) [5 edit(s)] 
2023-12-15 02:37:13,947	[DEBUG]	IfDeletion(('triangle.cpp.xml', 'if', 1)) | ExprStmtDeletion(('triangle.cpp.xml', 'expr_stmt', 1)) | ExprStmtInsertion(('triangle.cpp.xml', '_inter_block', 13), ('triangle.cpp.xml', 'expr_stmt', 3)) | ExprStmtInsertion(('triangle.cpp.xml', '_inter_block', 18), ('triangle.cpp.xml', 'expr_stmt', 10)) | ExprStmtInsertion(('triangle.cpp.xml', '_inter_block', 22), ('triangle.cpp.xml', 'expr_stmt', 10))
2023-12-15 02:37:13,948	[INFO]	93      TEST_CODE_ERROR       None  [5 edit(s)]       
2023-12-15 02:37:14,858	[DEBUG]	EXEC>  SUCCESS 1201614
2023-12-15 02:37:14,859	[DEBUG]	IfDeletion(('triangle.cpp.xml', 'if', 1)) | ExprStmtDeletion(('triangle.cpp.xml', 'expr_stmt', 1)) | ExprStmtInsertion(('triangle.cpp.xml', '_inter_block', 13), ('triangle.cpp.xml', 'expr_stmt', 3)) | ExprStmtInsertion(('triangle.cpp.xml', '_inter_block', 18), ('triangle.cpp.xml', 'expr_stmt', 10)) | ExprStmtInsertion(('triangle.cpp.xml', '_inter_block', 12), ('triangle.cpp.xml', 'expr_stmt', 6))
2023-12-15 02:37:14,859	[INFO]	94      SUCCESS               1201614 (99.78%) [5 edit(s)] 
2023-12-15 02:37:15,685	[DEBUG]	IfDeletion(('triangle.cpp.xml', 'if', 1)) | ExprStmtDeletion(('triangle.cpp.xml', 'expr_stmt', 1)) | ExprStmtInsertion(('triangle.cpp.xml', '_inter_block', 13), ('triangle.cpp.xml', 'expr_stmt', 3)) | ExprStmtInsertion(('triangle.cpp.xml', '_inter_block', 18), ('triangle.cpp.xml', 'expr_stmt', 10)) | ExprStmtReplacement(('triangle.cpp.xml', 'expr_stmt', 10), ('triangle.cpp.xml', 'stmt', 17))
2023-12-15 02:37:15,686	[INFO]	95      TEST_CODE_ERROR       None  [5 edit(s)]       
2023-12-15 02:37:15,831	[DEBUG]	IfDeletion(('triangle.cpp.xml', 'if', 1)) | ExprStmtDeletion(('triangle.cpp.xml', 'expr_stmt', 1)) | ExprStmtInsertion(('triangle.cpp.xml', '_inter_block', 13), ('triangle.cpp.xml', 'expr_stmt', 3)) | ExprStmtInsertion(('triangle.cpp.xml', '_inter_block', 18), ('triangle.cpp.xml', 'expr_stmt', 10)) | DeclStmtReplacement(('triangle.cpp.xml', 'decl_stmt', 0), ('triangle.cpp.xml', 'stmt', 17))
2023-12-15 02:37:15,831	[INFO]	96      COMPILE_CODE_ERROR    None  [5 edit(s)]       
2023-12-15 02:37:15,834	[DEBUG]	IfDeletion(('triangle.cpp.xml', 'if', 1)) | ExprStmtDeletion(('triangle.cpp.xml', 'expr_stmt', 1)) | ExprStmtInsertion(('triangle.cpp.xml', '_inter_block', 13), ('triangle.cpp.xml', 'expr_stmt', 3)) | ExprStmtInsertion(('triangle.cpp.xml', '_inter_block', 18), ('triangle.cpp.xml', 'expr_stmt', 10)) | ExprStmtInsertion(('triangle.cpp.xml', '_inter_block', 20), ('triangle.cpp.xml', 'expr_stmt', 9))
2023-12-15 02:37:15,834	[INFO]	97      SUCCESS               1201582 (99.78%) [5 edit(s)] 
2023-12-15 02:37:16,704	[DEBUG]	EXEC>  SUCCESS 1201584
2023-12-15 02:37:16,705	[DEBUG]	IfDeletion(('triangle.cpp.xml', 'if', 1)) | ExprStmtDeletion(('triangle.cpp.xml', 'expr_stmt', 1)) | ExprStmtInsertion(('triangle.cpp.xml', '_inter_block', 13), ('triangle.cpp.xml', 'expr_stmt', 3)) | ExprStmtInsertion(('triangle.cpp.xml', '_inter_block', 18), ('triangle.cpp.xml', 'expr_stmt', 10)) | ExprStmtInsertion(('triangle.cpp.xml', '_inter_block', 29), ('triangle.cpp.xml', 'expr_stmt', 9))
2023-12-15 02:37:16,705	[INFO]	98      SUCCESS               1201584 (99.78%) [5 edit(s)] 
2023-12-15 02:37:17,483	[DEBUG]	IfDeletion(('triangle.cpp.xml', 'if', 1)) | ExprStmtDeletion(('triangle.cpp.xml', 'expr_stmt', 1)) | ExprStmtInsertion(('triangle.cpp.xml', '_inter_block', 13), ('triangle.cpp.xml', 'expr_stmt', 3)) | ExprStmtInsertion(('triangle.cpp.xml', '_inter_block', 18), ('triangle.cpp.xml', 'expr_stmt', 10)) | ExprStmtInsertion(('triangle.cpp.xml', '_inter_block', 25), ('triangle.cpp.xml', 'expr_stmt', 3))
2023-12-15 02:37:17,483	[INFO]	99      TEST_CODE_ERROR       None  [5 edit(s)]       
2023-12-15 02:37:17,486	[DEBUG]	IfDeletion(('triangle.cpp.xml', 'if', 1)) | ExprStmtDeletion(('triangle.cpp.xml', 'expr_stmt', 1)) | ExprStmtInsertion(('triangle.cpp.xml', '_inter_block', 13), ('triangle.cpp.xml', 'expr_stmt', 3)) | ExprStmtInsertion(('triangle.cpp.xml', '_inter_block', 18), ('triangle.cpp.xml', 'expr_stmt', 10)) | ExprStmtInsertion(('triangle.cpp.xml', '_inter_block', 21), ('triangle.cpp.xml', 'expr_stmt', 4))
2023-12-15 02:37:17,486	[INFO]	100     SUCCESS               1201582 (99.78%) [5 edit(s)] 
2023-12-15 02:37:17,487	[INFO]	==== END ====
2023-12-15 02:37:17,487	[INFO]	
2023-12-15 02:37:17,487	[INFO]	==== REPORT ====
2023-12-15 02:37:17,488	[INFO]	Termination: step budget
2023-12-15 02:37:17,488	[INFO]	Log file: /cs/student/ug/2020/damibose/projects/magpie/_magpie_logs/triangle-cpp_slow_1702607772.log
2023-12-15 02:37:17,490	[INFO]	Patch file: _magpie_logs/triangle-cpp_slow_1702607772.patch
2023-12-15 02:37:17,490	[INFO]	Diff file: _magpie_logs/triangle-cpp_slow_1702607772.diff
2023-12-15 02:37:17,490	[INFO]	Best fitness: 1201582
2023-12-15 02:37:17,491	[INFO]	Best patch: IfDeletion(('triangle.cpp.xml', 'if', 1)) | ExprStmtDeletion(('triangle.cpp.xml', 'expr_stmt', 1)) | ExprStmtInsertion(('triangle.cpp.xml', '_inter_block', 13), ('triangle.cpp.xml', 'expr_stmt', 3))
2023-12-15 02:37:17,491	[INFO]	Diff:
--- before: triangle.cpp
+++ after: triangle.cpp
@@ -8,7 +8,7 @@
 int classify_triangle(double a, double b, double c) {
   double tmp;
 
-  delay();
+  
 
   // Sort the sides so that a <= b <= c
   if(a > b) {
@@ -17,11 +17,7 @@
     b = tmp;
   }
 
-  if(a > c) {
-    tmp = a;
-    a = c;
-    c = tmp;
-  }
+  
 
   if(b > c) {
     tmp = b;
@@ -42,4 +38,5 @@
       return ISOSCELES;
     }/*auto*/
   return SCALENE;
+  a = b;
 }

