2023-12-27 22:50:52,429	[DEBUG]	==== CONFIG ====
[magpie]
import = 
seed = 2
log_dir = _magpie_logs
work_dir = _magpie_work
final_out_dir = experiments/results/RandomSearch/epsilon_greedy/trial_2
local_original_copy = True
local_original_name = __original__
output_encoding = ascii
edit_retries = 10
default_timeout = 30
default_lengthout = 10000.0
diff_method = unified
trust_local_filesystem = True

[software]
path = examples/code/triangle-cpp_slow
target_files = 
	triangle.cpp.xml
program = BasicProgram
engine_rules = 
	*.params : ConfigFileParamsEngine
	*.xml : SrcmlEngine
	* : LineEngine
engine_config = 
	*.params : [params]
	*.xml : [srcml]
init_cmd = 
init_timeout = 60
init_lengthout = -1
setup_cmd = ./setup.sh
setup_timeout = 
setup_lengthout = 
compile_cmd = ./compile.sh
compile_timeout = 
compile_lengthout = 
test_cmd = ./build/test_triangle
test_timeout = 
test_lengthout = 
run_cmd = perf stat ./build/run_triangle
run_timeout = 1
run_lengthout = 
batch_timeout = 
batch_lengthout = 
batch_bin_fitness_strategy = aggregate
batch_fitness_strategy = sum
fitness = perf_instructions

[srcml]
rename = 
focus = block break continue decl_stmt do expr_stmt for goto if return switch while
internodes = block
process_pseudo_blocks = True
process_literals = False
process_operators = False

[params]
timing = test run
cli_prefix = --
cli_glue = =
cli_boolean = show
cli_boolean_prefix_true = 
cli_boolean_prefix_false = no-
silent_prefix = @
silent_suffix = $

[search]
protocol = BasicProtocol
algorithm = RandomSearch
possible_edits = 
	DeclStmtReplacement
	ExprStmtReplacement
	IfReplacement
	ReturnReplacement
	DeclStmtInsertion
	ExprStmtInsertion
	IfInsertion
	ReturnInsertion
	DeclStmtDeletion
	ExprStmtDeletion
	IfDeletion
	ReturnDeletion
warmup = 5
warmup_strategy = last
max_steps = 100
max_time = 60
target_fitness = 
cache_maxsize = 40
cache_keep = 0.2
batch_instances = 
batch_shuffle = True
batch_bin_shuffle = False
batch_sample_size = 1
operator_selector = EpsilonGreedy
epsilon = 0.2

[search.ls]
delete_prob = 0
max_neighbours = 20
when_trapped = continue
accept_fail = False
tabu_length = 10

[search.gp]
pop_size = 10
delete_prob = 0.5
offspring_elitism = 0.1
offspring_crossover = 0.5
offspring_mutation = 0.4
uniform_rate = 0.5
batch_reset = True

[search.minify]
do_cleanup = True
do_rebuild = True
do_simplify = True
round_robin_limit = 3


2023-12-27 22:50:52,434	[INFO]	==== WARMUP ====
2023-12-27 22:50:59,499	[DEBUG]	EXEC>  SUCCESS 1269329
2023-12-27 22:50:59,505	[INFO]	WARM    SUCCESS               1269329                 
2023-12-27 22:51:02,518	[DEBUG]	EXEC>  SUCCESS 1242261
2023-12-27 22:51:02,518	[INFO]	WARM    SUCCESS               1242261                 
2023-12-27 22:51:05,841	[DEBUG]	EXEC>  SUCCESS 1204240
2023-12-27 22:51:05,841	[INFO]	WARM    SUCCESS               1204240                 
2023-12-27 22:51:08,999	[DEBUG]	EXEC>  SUCCESS 1204239
2023-12-27 22:51:09,000	[INFO]	WARM    SUCCESS               1204239                 
2023-12-27 22:51:12,479	[DEBUG]	EXEC>  SUCCESS 1463299
2023-12-27 22:51:12,486	[INFO]	WARM    SUCCESS               1463299                 
2023-12-27 22:51:12,486	[INFO]	INITIAL SUCCESS               1463299                 
2023-12-27 22:51:12,489	[INFO]	==== START: RandomSearch ====
2023-12-27 22:51:13,236	[DEBUG]	DeclStmtReplacement(('triangle.cpp.xml', 'decl_stmt', 0), ('triangle.cpp.xml', 'stmt', 3))
2023-12-27 22:51:13,236	[INFO]	1       COMPILE_CODE_ERROR    None  [1 edit(s)]       
2023-12-27 22:51:13,772	[DEBUG]	DeclStmtReplacement(('triangle.cpp.xml', 'decl_stmt', 1), ('triangle.cpp.xml', 'stmt', 18))
2023-12-27 22:51:13,773	[INFO]	2       COMPILE_CODE_ERROR    None  [1 edit(s)]       
2023-12-27 22:51:14,211	[DEBUG]	DeclStmtReplacement(('triangle.cpp.xml', 'decl_stmt', 0), ('triangle.cpp.xml', 'stmt', 11))
2023-12-27 22:51:14,211	[INFO]	3       COMPILE_CODE_ERROR    None  [1 edit(s)]       
2023-12-27 22:51:14,721	[DEBUG]	DeclStmtReplacement(('triangle.cpp.xml', 'decl_stmt', 0), ('triangle.cpp.xml', 'stmt', 17))
2023-12-27 22:51:14,721	[INFO]	4       COMPILE_CODE_ERROR    None  [1 edit(s)]       
2023-12-27 22:51:15,293	[DEBUG]	DeclStmtReplacement(('triangle.cpp.xml', 'decl_stmt', 1), ('triangle.cpp.xml', 'stmt', 17))
2023-12-27 22:51:15,293	[INFO]	5       COMPILE_CODE_ERROR    None  [1 edit(s)]       
2023-12-27 22:51:15,888	[DEBUG]	DeclStmtReplacement(('triangle.cpp.xml', 'decl_stmt', 1), ('triangle.cpp.xml', 'stmt', 5))
2023-12-27 22:51:15,888	[INFO]	6       COMPILE_CODE_ERROR    None  [1 edit(s)]       
2023-12-27 22:51:18,311	[DEBUG]	IfDeletion(('triangle.cpp.xml', 'if', 3))
2023-12-27 22:51:18,311	[INFO]	7       TEST_CODE_ERROR       None  [1 edit(s)]       
2023-12-27 22:51:19,098	[DEBUG]	DeclStmtReplacement(('triangle.cpp.xml', 'decl_stmt', 1), ('triangle.cpp.xml', 'stmt', 17))
2023-12-27 22:51:19,099	[INFO]	8       COMPILE_CODE_ERROR    None  [1 edit(s)]       
2023-12-27 22:51:19,696	[DEBUG]	DeclStmtReplacement(('triangle.cpp.xml', 'decl_stmt', 1), ('triangle.cpp.xml', 'stmt', 19))
2023-12-27 22:51:19,697	[INFO]	9       COMPILE_CODE_ERROR    None  [1 edit(s)]       
2023-12-27 22:51:20,219	[DEBUG]	DeclStmtReplacement(('triangle.cpp.xml', 'decl_stmt', 0), ('triangle.cpp.xml', 'stmt', 19))
2023-12-27 22:51:20,219	[INFO]	10      COMPILE_CODE_ERROR    None  [1 edit(s)]       
2023-12-27 22:51:20,792	[DEBUG]	DeclStmtReplacement(('triangle.cpp.xml', 'decl_stmt', 1), ('triangle.cpp.xml', 'stmt', 17))
2023-12-27 22:51:20,792	[INFO]	11      COMPILE_CODE_ERROR    None  [1 edit(s)]       
2023-12-27 22:51:23,179	[DEBUG]	ReturnInsertion(('triangle.cpp.xml', '_inter_block', 28), ('triangle.cpp.xml', 'return', 0))
2023-12-27 22:51:23,180	[INFO]	12      TEST_CODE_ERROR       None  [1 edit(s)]       
2023-12-27 22:51:24,030	[DEBUG]	DeclStmtReplacement(('triangle.cpp.xml', 'decl_stmt', 1), ('triangle.cpp.xml', 'stmt', 8))
2023-12-27 22:51:24,031	[INFO]	13      COMPILE_CODE_ERROR    None  [1 edit(s)]       
2023-12-27 22:51:24,637	[DEBUG]	DeclStmtReplacement(('triangle.cpp.xml', 'decl_stmt', 0), ('triangle.cpp.xml', 'stmt', 20))
2023-12-27 22:51:24,637	[INFO]	14      COMPILE_CODE_ERROR    None  [1 edit(s)]       
2023-12-27 22:51:25,235	[DEBUG]	DeclStmtReplacement(('triangle.cpp.xml', 'decl_stmt', 1), ('triangle.cpp.xml', 'stmt', 11))
2023-12-27 22:51:25,235	[INFO]	15      COMPILE_CODE_ERROR    None  [1 edit(s)]       
2023-12-27 22:51:25,820	[DEBUG]	DeclStmtReplacement(('triangle.cpp.xml', 'decl_stmt', 0), ('triangle.cpp.xml', 'stmt', 19))
2023-12-27 22:51:25,821	[INFO]	16      COMPILE_CODE_ERROR    None  [1 edit(s)]       
2023-12-27 22:51:26,384	[DEBUG]	DeclStmtReplacement(('triangle.cpp.xml', 'decl_stmt', 0), ('triangle.cpp.xml', 'stmt', 3))
2023-12-27 22:51:26,385	[INFO]	17      COMPILE_CODE_ERROR    None  [1 edit(s)]       
2023-12-27 22:51:28,899	[DEBUG]	IfReplacement(('triangle.cpp.xml', 'if', 2), ('triangle.cpp.xml', 'stmt', 13))
2023-12-27 22:51:28,900	[INFO]	18      TEST_CODE_ERROR       None  [1 edit(s)]       
2023-12-27 22:51:29,612	[DEBUG]	DeclStmtReplacement(('triangle.cpp.xml', 'decl_stmt', 1), ('triangle.cpp.xml', 'stmt', 9))
2023-12-27 22:51:29,613	[INFO]	19      COMPILE_CODE_ERROR    None  [1 edit(s)]       
2023-12-27 22:51:32,300	[DEBUG]	EXEC>  SUCCESS 1204299
2023-12-27 22:51:32,301	[DEBUG]	DeclStmtInsertion(('triangle.cpp.xml', '_inter_block', 24), ('triangle.cpp.xml', 'decl_stmt', 0))
2023-12-27 22:51:32,301	[INFO]	20      SUCCESS              *1204299 (82.3%) [1 edit(s)] 
2023-12-27 22:51:32,303	[DEBUG]	--- before: triangle.cpp
+++ after: triangle.cpp
@@ -26,6 +26,7 @@
   if(b > c) {
     tmp = b;
     b = c;
+    const struct timespec ms = {0, (long int) (0.001*1e9)};
     c = tmp;
   }
 

2023-12-27 22:51:34,945	[DEBUG]	DeclStmtInsertion(('triangle.cpp.xml', '_inter_block', 23), ('triangle.cpp.xml', 'decl_stmt', 1))
2023-12-27 22:51:34,946	[INFO]	21      TEST_CODE_ERROR       None  [1 edit(s)]       
2023-12-27 22:51:37,802	[DEBUG]	EXEC>  SUCCESS 1384874
2023-12-27 22:51:37,803	[DEBUG]	DeclStmtInsertion(('triangle.cpp.xml', '_inter_block', 1), ('triangle.cpp.xml', 'decl_stmt', 1))
2023-12-27 22:51:37,803	[INFO]	22      SUCCESS               1384874 (94.64%) [1 edit(s)] 
2023-12-27 22:51:40,645	[DEBUG]	EXEC>  SUCCESS 1204241
2023-12-27 22:51:40,646	[DEBUG]	DeclStmtInsertion(('triangle.cpp.xml', '_inter_block', 31), ('triangle.cpp.xml', 'decl_stmt', 0))
2023-12-27 22:51:40,646	[INFO]	23      SUCCESS              *1204241 (82.3%) [1 edit(s)] 
2023-12-27 22:51:40,648	[DEBUG]	--- before: triangle.cpp
+++ after: triangle.cpp
@@ -40,6 +40,7 @@
   if(a == b || b == c)
     /*auto*/{
       return ISOSCELES;
+      const struct timespec ms = {0, (long int) (0.001*1e9)};
     }/*auto*/
   return SCALENE;
 }

2023-12-27 22:51:41,340	[DEBUG]	DeclStmtInsertion(('triangle.cpp.xml', '_inter_block', 7), ('triangle.cpp.xml', 'decl_stmt', 1))
2023-12-27 22:51:41,340	[INFO]	24      COMPILE_CODE_ERROR    None  [1 edit(s)]       
2023-12-27 22:51:43,852	[DEBUG]	DeclStmtInsertion(('triangle.cpp.xml', '_inter_block', 16), ('triangle.cpp.xml', 'decl_stmt', 1))
2023-12-27 22:51:43,853	[INFO]	25      TEST_CODE_ERROR       None  [1 edit(s)]       
2023-12-27 22:51:46,602	[DEBUG]	EXEC>  SUCCESS 1204270
2023-12-27 22:51:46,603	[DEBUG]	DeclStmtInsertion(('triangle.cpp.xml', '_inter_block', 21), ('triangle.cpp.xml', 'decl_stmt', 0))
2023-12-27 22:51:46,603	[INFO]	26      SUCCESS               1204270 (82.3%) [1 edit(s)] 
2023-12-27 22:51:49,326	[DEBUG]	EXEC>  SUCCESS 1204239
2023-12-27 22:51:49,326	[DEBUG]	DeclStmtInsertion(('triangle.cpp.xml', '_inter_block', 22), ('triangle.cpp.xml', 'decl_stmt', 1))
2023-12-27 22:51:49,326	[INFO]	27      SUCCESS              *1204239 (82.3%) [1 edit(s)] 
2023-12-27 22:51:49,328	[DEBUG]	--- before: triangle.cpp
+++ after: triangle.cpp
@@ -24,6 +24,7 @@
   }
 
   if(b > c) {
+    double tmp;
     tmp = b;
     b = c;
     c = tmp;

2023-12-27 22:51:52,349	[DEBUG]	EXEC>  SUCCESS 1631682
2023-12-27 22:51:52,350	[DEBUG]	DeclStmtInsertion(('triangle.cpp.xml', '_inter_block', 31), ('triangle.cpp.xml', 'decl_stmt', 1))
2023-12-27 22:51:52,350	[INFO]	28      SUCCESS               1631682 (111.51%) [1 edit(s)] 
2023-12-27 22:51:54,941	[DEBUG]	IfReplacement(('triangle.cpp.xml', 'if', 5), ('triangle.cpp.xml', 'stmt', 16))
2023-12-27 22:51:54,942	[INFO]	29      TEST_CODE_ERROR       None  [1 edit(s)]       
2023-12-27 22:51:57,518	[DEBUG]	DeclStmtInsertion(('triangle.cpp.xml', '_inter_block', 15), ('triangle.cpp.xml', 'decl_stmt', 1))
2023-12-27 22:51:57,518	[INFO]	30      TEST_CODE_ERROR       None  [1 edit(s)]       
2023-12-27 22:52:00,173	[DEBUG]	IfDeletion(('triangle.cpp.xml', 'if', 4))
2023-12-27 22:52:00,173	[INFO]	31      TEST_CODE_ERROR       None  [1 edit(s)]       
2023-12-27 22:52:03,029	[DEBUG]	EXEC>  SUCCESS 1366408
2023-12-27 22:52:03,029	[DEBUG]	DeclStmtInsertion(('triangle.cpp.xml', '_inter_block', 30), ('triangle.cpp.xml', 'decl_stmt', 1))
2023-12-27 22:52:03,030	[INFO]	32      SUCCESS               1366408 (93.38%) [1 edit(s)] 
2023-12-27 22:52:03,722	[DEBUG]	DeclStmtInsertion(('triangle.cpp.xml', '_inter_block', 6), ('triangle.cpp.xml', 'decl_stmt', 1))
2023-12-27 22:52:03,723	[INFO]	33      COMPILE_CODE_ERROR    None  [1 edit(s)]       
2023-12-27 22:52:06,466	[DEBUG]	EXEC>  SUCCESS 1204240
2023-12-27 22:52:06,467	[DEBUG]	DeclStmtInsertion(('triangle.cpp.xml', '_inter_block', 25), ('triangle.cpp.xml', 'decl_stmt', 1))
2023-12-27 22:52:06,468	[INFO]	34      SUCCESS               1204240 (82.3%) [1 edit(s)] 
2023-12-27 22:52:09,249	[DEBUG]	EXEC>  SUCCESS 1454160
2023-12-27 22:52:09,249	[DEBUG]	DeclStmtInsertion(('triangle.cpp.xml', '_inter_block', 27), ('triangle.cpp.xml', 'decl_stmt', 0))
2023-12-27 22:52:09,250	[INFO]	35      SUCCESS               1454160 (99.38%) [1 edit(s)] 
2023-12-27 22:52:09,928	[DEBUG]	DeclStmtReplacement(('triangle.cpp.xml', 'decl_stmt', 1), ('triangle.cpp.xml', 'stmt', 9))
2023-12-27 22:52:09,929	[INFO]	36      COMPILE_CODE_ERROR    None  [1 edit(s)]       
2023-12-27 22:52:12,512	[DEBUG]	ReturnInsertion(('triangle.cpp.xml', '_inter_block', 20), ('triangle.cpp.xml', 'return', 2))
2023-12-27 22:52:12,512	[INFO]	37      TEST_CODE_ERROR       None  [1 edit(s)]       
2023-12-27 22:52:12,514	[INFO]	==== END ====
2023-12-27 22:52:12,514	[INFO]	
2023-12-27 22:52:12,515	[INFO]	==== REPORT ====
2023-12-27 22:52:12,515	[INFO]	Termination: time budget
2023-12-27 22:52:12,515	[INFO]	Log file: /cs/student/ug/2020/damibose/projects/magpie/_magpie_logs/triangle-cpp_slow_1703717454.log
2023-12-27 22:52:12,516	[INFO]	Patch file: _magpie_logs/triangle-cpp_slow_1703717454.patch
2023-12-27 22:52:12,516	[INFO]	Diff file: _magpie_logs/triangle-cpp_slow_1703717454.diff
2023-12-27 22:52:12,516	[INFO]	Best fitness: 1204239
2023-12-27 22:52:12,516	[INFO]	Best patch: DeclStmtInsertion(('triangle.cpp.xml', '_inter_block', 22), ('triangle.cpp.xml', 'decl_stmt', 1))
2023-12-27 22:52:12,517	[INFO]	Diff:
--- before: triangle.cpp
+++ after: triangle.cpp
@@ -24,6 +24,7 @@
   }
 
   if(b > c) {
+    double tmp;
     tmp = b;
     b = c;
     c = tmp;

