2023-12-27 22:50:52,735	[DEBUG]	==== CONFIG ====
[magpie]
import = 
seed = 7
log_dir = _magpie_logs
work_dir = _magpie_work
final_out_dir = experiments/results/RandomSearch/baseline/trial_7
local_original_copy = True
local_original_name = __original__
output_encoding = ascii
edit_retries = 10
default_timeout = 30
default_lengthout = 10000.0
diff_method = unified
trust_local_filesystem = True

[software]
path = examples/code/triangle-cpp_slow
target_files = 
	triangle.cpp.xml
program = BasicProgram
engine_rules = 
	*.params : ConfigFileParamsEngine
	*.xml : SrcmlEngine
	* : LineEngine
engine_config = 
	*.params : [params]
	*.xml : [srcml]
init_cmd = 
init_timeout = 60
init_lengthout = -1
setup_cmd = ./setup.sh
setup_timeout = 
setup_lengthout = 
compile_cmd = ./compile.sh
compile_timeout = 
compile_lengthout = 
test_cmd = ./build/test_triangle
test_timeout = 
test_lengthout = 
run_cmd = perf stat ./build/run_triangle
run_timeout = 1
run_lengthout = 
batch_timeout = 
batch_lengthout = 
batch_bin_fitness_strategy = aggregate
batch_fitness_strategy = sum
fitness = perf_instructions

[srcml]
rename = 
focus = block break continue decl_stmt do expr_stmt for goto if return switch while
internodes = block
process_pseudo_blocks = True
process_literals = False
process_operators = False

[params]
timing = test run
cli_prefix = --
cli_glue = =
cli_boolean = show
cli_boolean_prefix_true = 
cli_boolean_prefix_false = no-
silent_prefix = @
silent_suffix = $

[search]
protocol = BasicProtocol
algorithm = RandomSearch
possible_edits = 
	DeclStmtReplacement
	ExprStmtReplacement
	IfReplacement
	ReturnReplacement
	DeclStmtInsertion
	ExprStmtInsertion
	IfInsertion
	ReturnInsertion
	DeclStmtDeletion
	ExprStmtDeletion
	IfDeletion
	ReturnDeletion
warmup = 5
warmup_strategy = last
max_steps = 100
max_time = 60
target_fitness = 
cache_maxsize = 40
cache_keep = 0.2
batch_instances = 
batch_shuffle = True
batch_bin_shuffle = False
batch_sample_size = 1
operator_selector = UniformSelector

[search.ls]
delete_prob = 0
max_neighbours = 20
when_trapped = continue
accept_fail = False
tabu_length = 10

[search.gp]
pop_size = 10
delete_prob = 0.5
offspring_elitism = 0.1
offspring_crossover = 0.5
offspring_mutation = 0.4
uniform_rate = 0.5
batch_reset = True

[search.minify]
do_cleanup = True
do_rebuild = True
do_simplify = True
round_robin_limit = 3


2023-12-27 22:50:52,747	[INFO]	==== WARMUP ====
2023-12-27 22:51:00,589	[DEBUG]	EXEC>  SUCCESS 1642451
2023-12-27 22:51:00,591	[INFO]	WARM    SUCCESS               1642451                 
2023-12-27 22:51:03,711	[DEBUG]	EXEC>  SUCCESS 1204239
2023-12-27 22:51:03,712	[INFO]	WARM    SUCCESS               1204239                 
2023-12-27 22:51:06,845	[DEBUG]	EXEC>  SUCCESS 1622058
2023-12-27 22:51:06,846	[INFO]	WARM    SUCCESS               1622058                 
2023-12-27 22:51:10,343	[DEBUG]	EXEC>  SUCCESS 1204241
2023-12-27 22:51:10,357	[INFO]	WARM    SUCCESS               1204241                 
2023-12-27 22:51:13,316	[DEBUG]	EXEC>  SUCCESS 1694446
2023-12-27 22:51:13,316	[INFO]	WARM    SUCCESS               1694446                 
2023-12-27 22:51:13,316	[INFO]	INITIAL SUCCESS               1694446                 
2023-12-27 22:51:13,317	[INFO]	==== START: RandomSearch ====
2023-12-27 22:51:15,593	[DEBUG]	ExprStmtReplacement(('triangle.cpp.xml', 'expr_stmt', 4), ('triangle.cpp.xml', 'stmt', 21))
2023-12-27 22:51:15,593	[INFO]	1       TEST_CODE_ERROR       None  [1 edit(s)]       
2023-12-27 22:51:16,314	[DEBUG]	DeclStmtDeletion(('triangle.cpp.xml', 'decl_stmt', 1))
2023-12-27 22:51:16,315	[INFO]	2       COMPILE_CODE_ERROR    None  [1 edit(s)]       
2023-12-27 22:51:19,050	[DEBUG]	EXEC>  SUCCESS 1203870
2023-12-27 22:51:19,052	[DEBUG]	IfDeletion(('triangle.cpp.xml', 'if', 0))
2023-12-27 22:51:19,052	[INFO]	3       SUCCESS              *1203870 (71.05%) [1 edit(s)] 
2023-12-27 22:51:19,054	[DEBUG]	--- before: triangle.cpp
+++ after: triangle.cpp
@@ -11,11 +11,7 @@
   delay();
 
   // Sort the sides so that a <= b <= c
-  if(a > b) {
-    tmp = a;
-    a = b;
-    b = tmp;
-  }
+  
 
   if(a > c) {
     tmp = a;

2023-12-27 22:51:22,061	[DEBUG]	EXEC>  SUCCESS 1204240
2023-12-27 22:51:22,062	[DEBUG]	ExprStmtInsertion(('triangle.cpp.xml', '_inter_block', 29), ('triangle.cpp.xml', 'expr_stmt', 7))
2023-12-27 22:51:22,062	[INFO]	4       SUCCESS               1204240 (71.07%) [1 edit(s)] 
2023-12-27 22:51:24,585	[DEBUG]	IfReplacement(('triangle.cpp.xml', 'if', 1), ('triangle.cpp.xml', 'stmt', 18))
2023-12-27 22:51:24,585	[INFO]	5       TEST_CODE_ERROR       None  [1 edit(s)]       
2023-12-27 22:51:27,277	[DEBUG]	IfDeletion(('triangle.cpp.xml', 'if', 2))
2023-12-27 22:51:27,277	[INFO]	6       TEST_CODE_ERROR       None  [1 edit(s)]       
2023-12-27 22:51:28,017	[DEBUG]	IfReplacement(('triangle.cpp.xml', 'if', 0), ('triangle.cpp.xml', 'stmt', 1))
2023-12-27 22:51:28,017	[INFO]	7       COMPILE_CODE_ERROR    None  [1 edit(s)]       
2023-12-27 22:51:30,473	[DEBUG]	ReturnDeletion(('triangle.cpp.xml', 'return', 2))
2023-12-27 22:51:30,473	[INFO]	8       TEST_CODE_ERROR       None  [1 edit(s)]       
2023-12-27 22:51:31,251	[DEBUG]	DeclStmtReplacement(('triangle.cpp.xml', 'decl_stmt', 0), ('triangle.cpp.xml', 'stmt', 5))
2023-12-27 22:51:31,252	[INFO]	9       COMPILE_CODE_ERROR    None  [1 edit(s)]       
2023-12-27 22:51:33,668	[DEBUG]	IfDeletion(('triangle.cpp.xml', 'if', 5))
2023-12-27 22:51:33,669	[INFO]	10      TEST_CODE_ERROR       None  [1 edit(s)]       
2023-12-27 22:51:36,163	[DEBUG]	ReturnReplacement(('triangle.cpp.xml', 'return', 1), ('triangle.cpp.xml', 'stmt', 19))
2023-12-27 22:51:36,164	[INFO]	11      TEST_CODE_ERROR       None  [1 edit(s)]       
2023-12-27 22:51:38,950	[DEBUG]	EXEC>  SUCCESS 1204240
2023-12-27 22:51:38,950	[DEBUG]	DeclStmtInsertion(('triangle.cpp.xml', '_inter_block', 0), ('triangle.cpp.xml', 'decl_stmt', 1))
2023-12-27 22:51:38,951	[INFO]	12      SUCCESS               1204240 (71.07%) [1 edit(s)] 
2023-12-27 22:51:41,580	[DEBUG]	ExprStmtReplacement(('triangle.cpp.xml', 'expr_stmt', 4), ('triangle.cpp.xml', 'stmt', 5))
2023-12-27 22:51:41,581	[INFO]	13      TEST_CODE_ERROR       None  [1 edit(s)]       
2023-12-27 22:51:44,447	[DEBUG]	EXEC>  SUCCESS 1204291
2023-12-27 22:51:44,448	[DEBUG]	ExprStmtInsertion(('triangle.cpp.xml', '_inter_block', 15), ('triangle.cpp.xml', 'expr_stmt', 3))
2023-12-27 22:51:44,448	[INFO]	14      SUCCESS               1204291 (71.07%) [1 edit(s)] 
2023-12-27 22:51:47,083	[DEBUG]	IfDeletion(('triangle.cpp.xml', 'if', 4))
2023-12-27 22:51:47,084	[INFO]	15      TEST_CODE_ERROR       None  [1 edit(s)]       
2023-12-27 22:51:47,696	[DEBUG]	DeclStmtDeletion(('triangle.cpp.xml', 'decl_stmt', 0))
2023-12-27 22:51:47,696	[INFO]	16      COMPILE_CODE_ERROR    None  [1 edit(s)]       
2023-12-27 22:51:48,298	[DEBUG]	DeclStmtInsertion(('triangle.cpp.xml', '_inter_block', 7), ('triangle.cpp.xml', 'decl_stmt', 1))
2023-12-27 22:51:48,299	[INFO]	17      COMPILE_CODE_ERROR    None  [1 edit(s)]       
2023-12-27 22:51:50,680	[DEBUG]	IfInsertion(('triangle.cpp.xml', '_inter_block', 24), ('triangle.cpp.xml', 'if', 5))
2023-12-27 22:51:50,681	[INFO]	18      TEST_CODE_ERROR       None  [1 edit(s)]       
2023-12-27 22:51:53,303	[DEBUG]	IfReplacement(('triangle.cpp.xml', 'if', 3), ('triangle.cpp.xml', 'stmt', 12))
2023-12-27 22:51:53,304	[INFO]	19      TEST_CODE_ERROR       None  [1 edit(s)]       
2023-12-27 22:51:55,827	[DEBUG]	ExprStmtReplacement(('triangle.cpp.xml', 'expr_stmt', 7), ('triangle.cpp.xml', 'stmt', 5))
2023-12-27 22:51:55,827	[INFO]	20      TEST_CODE_ERROR       None  [1 edit(s)]       
2023-12-27 22:51:56,675	[DEBUG]	DeclStmtDeletion(('triangle.cpp.xml', 'decl_stmt', 0))
2023-12-27 22:51:56,676	[INFO]	21      COMPILE_CODE_ERROR    None  [1 edit(s)]       
2023-12-27 22:51:57,174	[DEBUG]	DeclStmtDeletion(('triangle.cpp.xml', 'decl_stmt', 0))
2023-12-27 22:51:57,174	[INFO]	22      COMPILE_CODE_ERROR    None  [1 edit(s)]       
2023-12-27 22:51:59,705	[DEBUG]	IfInsertion(('triangle.cpp.xml', '_inter_block', 6), ('triangle.cpp.xml', 'if', 5))
2023-12-27 22:51:59,705	[INFO]	23      TEST_CODE_ERROR       None  [1 edit(s)]       
2023-12-27 22:52:00,433	[DEBUG]	IfInsertion(('triangle.cpp.xml', '_inter_block', 1), ('triangle.cpp.xml', 'if', 3))
2023-12-27 22:52:00,434	[INFO]	24      COMPILE_CODE_ERROR    None  [1 edit(s)]       
2023-12-27 22:52:00,930	[DEBUG]	DeclStmtDeletion(('triangle.cpp.xml', 'decl_stmt', 0))
2023-12-27 22:52:00,930	[INFO]	25      COMPILE_CODE_ERROR    None  [1 edit(s)]       
2023-12-27 22:52:03,462	[DEBUG]	DeclStmtInsertion(('triangle.cpp.xml', '_inter_block', 20), ('triangle.cpp.xml', 'decl_stmt', 1))
2023-12-27 22:52:03,463	[INFO]	26      TEST_CODE_ERROR       None  [1 edit(s)]       
2023-12-27 22:52:06,110	[DEBUG]	ReturnReplacement(('triangle.cpp.xml', 'return', 3), ('triangle.cpp.xml', 'stmt', 20))
2023-12-27 22:52:06,111	[INFO]	27      TEST_CODE_ERROR       None  [1 edit(s)]       
2023-12-27 22:52:08,690	[DEBUG]	ExprStmtDeletion(('triangle.cpp.xml', 'expr_stmt', 5))
2023-12-27 22:52:08,691	[INFO]	28      TEST_CODE_ERROR       None  [1 edit(s)]       
2023-12-27 22:52:09,511	[DEBUG]	DeclStmtDeletion(('triangle.cpp.xml', 'decl_stmt', 0))
2023-12-27 22:52:09,511	[INFO]	29      COMPILE_CODE_ERROR    None  [1 edit(s)]       
2023-12-27 22:52:12,010	[DEBUG]	ExprStmtDeletion(('triangle.cpp.xml', 'expr_stmt', 7))
2023-12-27 22:52:12,011	[INFO]	30      TEST_CODE_ERROR       None  [1 edit(s)]       
2023-12-27 22:52:14,375	[DEBUG]	EXEC>  SUCCESS 1202334
2023-12-27 22:52:14,375	[DEBUG]	ExprStmtDeletion(('triangle.cpp.xml', 'expr_stmt', 0))
2023-12-27 22:52:14,376	[INFO]	31      SUCCESS              *1202334 (70.96%) [1 edit(s)] 
2023-12-27 22:52:14,377	[DEBUG]	--- before: triangle.cpp
+++ after: triangle.cpp
@@ -2,7 +2,7 @@
 
 void delay() {
   const struct timespec ms = {0, (long int) (0.001*1e9)}; //tv_sec=0, tv_nsec (0.001 seconds)
-  nanosleep(&ms,NULL); /*ignores possible errors*/
+   /*ignores possible errors*/
 }
 
 int classify_triangle(double a, double b, double c) {

2023-12-27 22:52:14,378	[INFO]	==== END ====
2023-12-27 22:52:14,378	[INFO]	
2023-12-27 22:52:14,378	[INFO]	==== REPORT ====
2023-12-27 22:52:14,378	[INFO]	Termination: time budget
2023-12-27 22:52:14,379	[INFO]	Log file: /cs/student/ug/2020/damibose/projects/magpie/_magpie_logs/triangle-cpp_slow_1703717479.log
2023-12-27 22:52:14,379	[INFO]	Patch file: _magpie_logs/triangle-cpp_slow_1703717479.patch
2023-12-27 22:52:14,380	[INFO]	Diff file: _magpie_logs/triangle-cpp_slow_1703717479.diff
2023-12-27 22:52:14,380	[INFO]	Best fitness: 1202334
2023-12-27 22:52:14,380	[INFO]	Best patch: ExprStmtDeletion(('triangle.cpp.xml', 'expr_stmt', 0))
2023-12-27 22:52:14,380	[INFO]	Diff:
--- before: triangle.cpp
+++ after: triangle.cpp
@@ -2,7 +2,7 @@
 
 void delay() {
   const struct timespec ms = {0, (long int) (0.001*1e9)}; //tv_sec=0, tv_nsec (0.001 seconds)
-  nanosleep(&ms,NULL); /*ignores possible errors*/
+   /*ignores possible errors*/
 }
 
 int classify_triangle(double a, double b, double c) {

