2023-12-15 12:52:26,275	[DEBUG]	==== CONFIG ====
[magpie]
import = 
seed = 4
log_dir = _magpie_logs
work_dir = _magpie_work
final_out_dir = experiments/results_e_greedy_proof_of_concept/baseline/BestImprovementNoTabu/trial_4
local_original_copy = True
local_original_name = __original__
output_encoding = ascii
edit_retries = 10
default_timeout = 30
default_lengthout = 10000.0
diff_method = unified
trust_local_filesystem = True

[software]
path = examples/code/triangle-cpp_slow
target_files = 
	triangle.cpp.xml
program = BasicProgram
engine_rules = 
	*.params : ConfigFileParamsEngine
	*.xml : SrcmlEngine
	* : LineEngine
engine_config = 
	*.params : [params]
	*.xml : [srcml]
init_cmd = 
init_timeout = 60
init_lengthout = -1
setup_cmd = ./setup.sh
setup_timeout = 
setup_lengthout = 
compile_cmd = ./compile.sh
compile_timeout = 
compile_lengthout = 
test_cmd = ./build/test_triangle
test_timeout = 
test_lengthout = 
run_cmd = perf stat ./build/run_triangle
run_timeout = 1
run_lengthout = 
batch_timeout = 
batch_lengthout = 
batch_bin_fitness_strategy = aggregate
batch_fitness_strategy = sum
fitness = perf_instructions

[srcml]
rename = 
focus = block break continue decl_stmt do expr_stmt for goto if return switch while
internodes = block
process_pseudo_blocks = True
process_literals = False
process_operators = False

[params]
timing = test run
cli_prefix = --
cli_glue = =
cli_boolean = show
cli_boolean_prefix_true = 
cli_boolean_prefix_false = no-
silent_prefix = @
silent_suffix = $

[search]
protocol = BasicProtocol
algorithm = BestImprovementNoTabu
possible_edits = 
	DeclStmtReplacement
	ExprStmtReplacement
	IfReplacement
	ReturnReplacement
	DeclStmtInsertion
	ExprStmtInsertion
	IfInsertion
	ReturnInsertion
	DeclStmtDeletion
	ExprStmtDeletion
	IfDeletion
	ReturnDeletion
warmup = 5
warmup_strategy = last
max_steps = 100
max_time = 60
target_fitness = 
cache_maxsize = 40
cache_keep = 0.2
batch_instances = 
batch_shuffle = True
batch_bin_shuffle = False
batch_sample_size = 1
operator_selector = UniformSelector

[search.ls]
delete_prob = 0
max_neighbours = 20
when_trapped = continue
accept_fail = False
tabu_length = 10

[search.gp]
pop_size = 10
delete_prob = 0.5
offspring_elitism = 0.1
offspring_crossover = 0.5
offspring_mutation = 0.4
uniform_rate = 0.5
batch_reset = True

[search.minify]
do_cleanup = True
do_rebuild = True
do_simplify = True
round_robin_limit = 3


2023-12-15 12:52:26,279	[INFO]	==== WARMUP ====
2023-12-15 12:52:28,855	[DEBUG]	EXEC>  SUCCESS 1612417
2023-12-15 12:52:28,855	[INFO]	WARM    SUCCESS               1612417                 
2023-12-15 12:52:29,824	[DEBUG]	EXEC>  SUCCESS 1205551
2023-12-15 12:52:29,825	[INFO]	WARM    SUCCESS               1205551                 
2023-12-15 12:52:30,824	[DEBUG]	EXEC>  SUCCESS 1205550
2023-12-15 12:52:30,824	[INFO]	WARM    SUCCESS               1205550                 
2023-12-15 12:52:31,762	[DEBUG]	EXEC>  SUCCESS 1205550
2023-12-15 12:52:31,763	[INFO]	WARM    SUCCESS               1205550                 
2023-12-15 12:52:32,735	[DEBUG]	EXEC>  SUCCESS 1205551
2023-12-15 12:52:32,735	[INFO]	WARM    SUCCESS               1205551                 
2023-12-15 12:52:32,736	[INFO]	INITIAL SUCCESS               1205551                 
2023-12-15 12:52:32,736	[INFO]	==== START: BestImprovementNoTabu ====
2023-12-15 12:52:33,510	[DEBUG]	ReturnReplacement(('triangle.cpp.xml', 'return', 1), ('triangle.cpp.xml', 'stmt', 14))
2023-12-15 12:52:33,511	[INFO]	1       TEST_CODE_ERROR       None  [1 edit(s)]       
2023-12-15 12:52:34,281	[DEBUG]	IfDeletion(('triangle.cpp.xml', 'if', 3))
2023-12-15 12:52:34,281	[INFO]	2       TEST_CODE_ERROR       None  [1 edit(s)]       
2023-12-15 12:52:35,048	[DEBUG]	ReturnInsertion(('triangle.cpp.xml', '_inter_block', 30), ('triangle.cpp.xml', 'return', 3))
2023-12-15 12:52:35,048	[INFO]	3       TEST_CODE_ERROR       None  [1 edit(s)]       
2023-12-15 12:52:35,854	[DEBUG]	IfReplacement(('triangle.cpp.xml', 'if', 3), ('triangle.cpp.xml', 'stmt', 13))
2023-12-15 12:52:35,854	[INFO]	4       TEST_CODE_ERROR       None  [1 edit(s)]       
2023-12-15 12:52:35,996	[DEBUG]	DeclStmtDeletion(('triangle.cpp.xml', 'decl_stmt', 1))
2023-12-15 12:52:35,997	[INFO]	5       COMPILE_CODE_ERROR    None  [1 edit(s)]       
2023-12-15 12:52:36,789	[DEBUG]	ReturnDeletion(('triangle.cpp.xml', 'return', 1))
2023-12-15 12:52:36,790	[INFO]	6       TEST_CODE_ERROR       None  [1 edit(s)]       
2023-12-15 12:52:37,797	[DEBUG]	EXEC>  SUCCESS 1205586
2023-12-15 12:52:37,797	[DEBUG]	IfInsertion(('triangle.cpp.xml', '_inter_block', 30), ('triangle.cpp.xml', 'if', 1))
2023-12-15 12:52:37,798	[INFO]	7       SUCCESS               1205586 (100.0%) [1 edit(s)] 
2023-12-15 12:52:37,957	[DEBUG]	DeclStmtDeletion(('triangle.cpp.xml', 'decl_stmt', 1))
2023-12-15 12:52:37,958	[INFO]	8       COMPILE_CODE_ERROR    None  [1 edit(s)]       
2023-12-15 12:52:38,097	[DEBUG]	DeclStmtDeletion(('triangle.cpp.xml', 'decl_stmt', 0))
2023-12-15 12:52:38,098	[INFO]	9       COMPILE_CODE_ERROR    None  [1 edit(s)]       
2023-12-15 12:52:38,238	[DEBUG]	DeclStmtReplacement(('triangle.cpp.xml', 'decl_stmt', 1), ('triangle.cpp.xml', 'stmt', 22))
2023-12-15 12:52:38,239	[INFO]	10      COMPILE_CODE_ERROR    None  [1 edit(s)]       
2023-12-15 12:52:39,036	[DEBUG]	IfDeletion(('triangle.cpp.xml', 'if', 3))
2023-12-15 12:52:39,036	[INFO]	11      TEST_CODE_ERROR       None  [1 edit(s)]       
2023-12-15 12:52:39,892	[DEBUG]	IfReplacement(('triangle.cpp.xml', 'if', 5), ('triangle.cpp.xml', 'stmt', 17))
2023-12-15 12:52:39,892	[INFO]	12      TEST_CODE_ERROR       None  [1 edit(s)]       
2023-12-15 12:52:40,056	[DEBUG]	DeclStmtReplacement(('triangle.cpp.xml', 'decl_stmt', 0), ('triangle.cpp.xml', 'stmt', 17))
2023-12-15 12:52:40,056	[INFO]	13      COMPILE_CODE_ERROR    None  [1 edit(s)]       
2023-12-15 12:52:40,871	[DEBUG]	IfDeletion(('triangle.cpp.xml', 'if', 4))
2023-12-15 12:52:40,871	[INFO]	14      TEST_CODE_ERROR       None  [1 edit(s)]       
2023-12-15 12:52:41,860	[DEBUG]	EXEC>  SUCCESS 1205551
2023-12-15 12:52:41,860	[DEBUG]	IfInsertion(('triangle.cpp.xml', '_inter_block', 13), ('triangle.cpp.xml', 'if', 5))
2023-12-15 12:52:41,861	[INFO]	15      SUCCESS               1205551 (100.0%) [1 edit(s)] 
2023-12-15 12:52:42,002	[DEBUG]	IfInsertion(('triangle.cpp.xml', '_inter_block', 1), ('triangle.cpp.xml', 'if', 5))
2023-12-15 12:52:42,002	[INFO]	16      COMPILE_CODE_ERROR    None  [1 edit(s)]       
2023-12-15 12:52:42,135	[DEBUG]	DeclStmtReplacement(('triangle.cpp.xml', 'decl_stmt', 1), ('triangle.cpp.xml', 'stmt', 3))
2023-12-15 12:52:42,135	[INFO]	17      COMPILE_CODE_ERROR    None  [1 edit(s)]       
2023-12-15 12:52:42,920	[DEBUG]	ExprStmtInsertion(('triangle.cpp.xml', '_inter_block', 17), ('triangle.cpp.xml', 'expr_stmt', 10))
2023-12-15 12:52:42,920	[INFO]	18      TEST_CODE_ERROR       None  [1 edit(s)]       
2023-12-15 12:52:43,796	[DEBUG]	EXEC>  SUCCESS 1203647
2023-12-15 12:52:43,797	[DEBUG]	ExprStmtDeletion(('triangle.cpp.xml', 'expr_stmt', 0))
2023-12-15 12:52:43,798	[INFO]	19      SUCCESS              *1203647 (99.84%) [1 edit(s)] 
2023-12-15 12:52:43,799	[DEBUG]	--- before: triangle.cpp
+++ after: triangle.cpp
@@ -2,7 +2,7 @@
 
 void delay() {
   const struct timespec ms = {0, (long int) (0.001*1e9)}; //tv_sec=0, tv_nsec (0.001 seconds)
-  nanosleep(&ms,NULL); /*ignores possible errors*/
+   /*ignores possible errors*/
 }
 
 int classify_triangle(double a, double b, double c) {

2023-12-15 12:52:44,757	[DEBUG]	EXEC>  SUCCESS 1205604
2023-12-15 12:52:44,757	[DEBUG]	DeclStmtInsertion(('triangle.cpp.xml', '_inter_block', 11), ('triangle.cpp.xml', 'decl_stmt', 0))
2023-12-15 12:52:44,758	[INFO]	20      SUCCESS               1205604 (100.0%) [1 edit(s)] 
2023-12-15 12:52:44,919	[DEBUG]	DeclStmtDeletion(('triangle.cpp.xml', 'decl_stmt', 1))
2023-12-15 12:52:44,920	[INFO]	21      COMPILE_CODE_ERROR   +None  [1 edit(s)]       
2023-12-15 12:52:44,921	[DEBUG]	--- before: triangle.cpp
+++ after: triangle.cpp
@@ -6,7 +6,7 @@
 }
 
 int classify_triangle(double a, double b, double c) {
-  double tmp;
+  
 
   delay();
 

2023-12-15 12:52:45,654	[DEBUG]	ExprStmtDeletion(('triangle.cpp.xml', 'expr_stmt', 0)) | ExprStmtDeletion(('triangle.cpp.xml', 'expr_stmt', 9))
2023-12-15 12:52:45,655	[INFO]	22      TEST_CODE_ERROR       None  [2 edit(s)]       
2023-12-15 12:52:45,799	[DEBUG]	ExprStmtDeletion(('triangle.cpp.xml', 'expr_stmt', 0)) | ExprStmtReplacement(('triangle.cpp.xml', 'expr_stmt', 0), ('triangle.cpp.xml', 'stmt', 22))
2023-12-15 12:52:45,800	[INFO]	23      COMPILE_CODE_ERROR    None  [2 edit(s)]       
2023-12-15 12:52:46,576	[DEBUG]	ExprStmtDeletion(('triangle.cpp.xml', 'expr_stmt', 0)) | IfDeletion(('triangle.cpp.xml', 'if', 4))
2023-12-15 12:52:46,576	[INFO]	24      TEST_CODE_ERROR       None  [2 edit(s)]       
2023-12-15 12:52:47,391	[DEBUG]	ExprStmtDeletion(('triangle.cpp.xml', 'expr_stmt', 0)) | ReturnDeletion(('triangle.cpp.xml', 'return', 3))
2023-12-15 12:52:47,391	[INFO]	25      TEST_CODE_ERROR       None  [2 edit(s)]       
2023-12-15 12:52:48,226	[DEBUG]	EXEC>  SUCCESS 1203810
2023-12-15 12:52:48,227	[DEBUG]	ExprStmtDeletion(('triangle.cpp.xml', 'expr_stmt', 0)) | IfInsertion(('triangle.cpp.xml', '_inter_block', 14), ('triangle.cpp.xml', 'if', 5))
2023-12-15 12:52:48,227	[INFO]	26      SUCCESS               1203810 (99.86%) [2 edit(s)] 
2023-12-15 12:52:49,011	[DEBUG]	ExprStmtDeletion(('triangle.cpp.xml', 'expr_stmt', 0)) | ReturnReplacement(('triangle.cpp.xml', 'return', 3), ('triangle.cpp.xml', 'stmt', 14))
2023-12-15 12:52:49,012	[INFO]	27      TEST_CODE_ERROR       None  [2 edit(s)]       
2023-12-15 12:52:49,768	[DEBUG]	ExprStmtDeletion(('triangle.cpp.xml', 'expr_stmt', 0)) | DeclStmtInsertion(('triangle.cpp.xml', '_inter_block', 24), ('triangle.cpp.xml', 'decl_stmt', 1))
2023-12-15 12:52:49,769	[INFO]	28      TEST_CODE_ERROR       None  [2 edit(s)]       
2023-12-15 12:52:50,545	[DEBUG]	ExprStmtDeletion(('triangle.cpp.xml', 'expr_stmt', 0)) | ExprStmtReplacement(('triangle.cpp.xml', 'expr_stmt', 4), ('triangle.cpp.xml', 'stmt', 17))
2023-12-15 12:52:50,546	[INFO]	29      TEST_CODE_ERROR       None  [2 edit(s)]       
2023-12-15 12:52:51,446	[DEBUG]	EXEC>  SUCCESS 1203721
2023-12-15 12:52:51,446	[DEBUG]	ExprStmtDeletion(('triangle.cpp.xml', 'expr_stmt', 0)) | IfInsertion(('triangle.cpp.xml', '_inter_block', 19), ('triangle.cpp.xml', 'if', 3))
2023-12-15 12:52:51,447	[INFO]	30      SUCCESS               1203721 (99.85%) [2 edit(s)] 
2023-12-15 12:52:51,596	[DEBUG]	ExprStmtDeletion(('triangle.cpp.xml', 'expr_stmt', 0)) | DeclStmtInsertion(('triangle.cpp.xml', '_inter_block', 8), ('triangle.cpp.xml', 'decl_stmt', 1))
2023-12-15 12:52:51,596	[INFO]	31      COMPILE_CODE_ERROR    None  [2 edit(s)]       
2023-12-15 12:52:52,355	[DEBUG]	ExprStmtDeletion(('triangle.cpp.xml', 'expr_stmt', 0)) | IfReplacement(('triangle.cpp.xml', 'if', 4), ('triangle.cpp.xml', 'stmt', 15))
2023-12-15 12:52:52,355	[INFO]	32      TEST_CODE_ERROR       None  [2 edit(s)]       
2023-12-15 12:52:52,489	[DEBUG]	ExprStmtDeletion(('triangle.cpp.xml', 'expr_stmt', 0)) | DeclStmtDeletion(('triangle.cpp.xml', 'decl_stmt', 1))
2023-12-15 12:52:52,490	[INFO]	33      COMPILE_CODE_ERROR    None  [2 edit(s)]       
2023-12-15 12:52:53,274	[DEBUG]	ExprStmtDeletion(('triangle.cpp.xml', 'expr_stmt', 0)) | ExprStmtDeletion(('triangle.cpp.xml', 'expr_stmt', 5))
2023-12-15 12:52:53,275	[INFO]	34      TEST_CODE_ERROR       None  [2 edit(s)]       
2023-12-15 12:52:54,077	[DEBUG]	ExprStmtDeletion(('triangle.cpp.xml', 'expr_stmt', 0)) | DeclStmtInsertion(('triangle.cpp.xml', '_inter_block', 19), ('triangle.cpp.xml', 'decl_stmt', 1))
2023-12-15 12:52:54,077	[INFO]	35      TEST_CODE_ERROR       None  [2 edit(s)]       
2023-12-15 12:52:54,837	[DEBUG]	ExprStmtDeletion(('triangle.cpp.xml', 'expr_stmt', 0)) | ReturnDeletion(('triangle.cpp.xml', 'return', 0))
2023-12-15 12:52:54,837	[INFO]	36      TEST_CODE_ERROR       None  [2 edit(s)]       
2023-12-15 12:52:55,587	[DEBUG]	ExprStmtDeletion(('triangle.cpp.xml', 'expr_stmt', 0)) | ExprStmtReplacement(('triangle.cpp.xml', 'expr_stmt', 3), ('triangle.cpp.xml', 'stmt', 8))
2023-12-15 12:52:55,587	[INFO]	37      TEST_CODE_ERROR       None  [2 edit(s)]       
2023-12-15 12:52:56,464	[DEBUG]	EXEC>  SUCCESS 1203459
2023-12-15 12:52:56,464	[DEBUG]	ExprStmtDeletion(('triangle.cpp.xml', 'expr_stmt', 0)) | IfReplacement(('triangle.cpp.xml', 'if', 0), ('triangle.cpp.xml', 'stmt', 16))
2023-12-15 12:52:56,465	[INFO]	38      SUCCESS              *1203459 (99.83%) [2 edit(s)] 
2023-12-15 12:52:56,466	[DEBUG]	--- before: triangle.cpp
+++ after: triangle.cpp
@@ -2,7 +2,7 @@
 
 void delay() {
   const struct timespec ms = {0, (long int) (0.001*1e9)}; //tv_sec=0, tv_nsec (0.001 seconds)
-  nanosleep(&ms,NULL); /*ignores possible errors*/
+   /*ignores possible errors*/
 }
 
 int classify_triangle(double a, double b, double c) {
@@ -11,11 +11,10 @@
   delay();
 
   // Sort the sides so that a <= b <= c
-  if(a > b) {
-    tmp = a;
-    a = b;
-    b = tmp;
-  }
+  if(a + b <= c)
+    /*auto*/{
+      return INVALID;
+    }/*auto*/
 
   if(a > c) {
     tmp = a;

2023-12-15 12:52:56,603	[DEBUG]	ExprStmtDeletion(('triangle.cpp.xml', 'expr_stmt', 0)) | DeclStmtDeletion(('triangle.cpp.xml', 'decl_stmt', 1))
2023-12-15 12:52:56,604	[INFO]	39      COMPILE_CODE_ERROR    None  [2 edit(s)]       
2023-12-15 12:52:56,722	[DEBUG]	ExprStmtDeletion(('triangle.cpp.xml', 'expr_stmt', 0)) | IfReplacement(('triangle.cpp.xml', 'if', 2), ('triangle.cpp.xml', 'stmt', 2))
2023-12-15 12:52:56,723	[INFO]	40      COMPILE_CODE_ERROR    None  [2 edit(s)]       
2023-12-15 12:52:57,600	[DEBUG]	EXEC>  SUCCESS 1203664
2023-12-15 12:52:57,600	[DEBUG]	ExprStmtDeletion(('triangle.cpp.xml', 'expr_stmt', 0)) | IfInsertion(('triangle.cpp.xml', '_inter_block', 14), ('triangle.cpp.xml', 'if', 3))
2023-12-15 12:52:57,601	[INFO]	41      SUCCESS               1203664 (99.84%) [2 edit(s)] 
2023-12-15 12:52:57,603	[DEBUG]	ExprStmtDeletion(('triangle.cpp.xml', 'expr_stmt', 0)) | DeclStmtReplacement(('triangle.cpp.xml', 'decl_stmt', 1), ('triangle.cpp.xml', 'stmt', 1))
2023-12-15 12:52:57,603	[INFO]	42      SUCCESS              +1203647 (99.84%) [2 edit(s)] 
2023-12-15 12:52:57,603	[DEBUG]	--- before: triangle.cpp
+++ after: triangle.cpp
@@ -2,7 +2,7 @@
 
 void delay() {
   const struct timespec ms = {0, (long int) (0.001*1e9)}; //tv_sec=0, tv_nsec (0.001 seconds)
-  nanosleep(&ms,NULL); /*ignores possible errors*/
+   /*ignores possible errors*/
 }
 
 int classify_triangle(double a, double b, double c) {

2023-12-15 12:52:58,376	[DEBUG]	ExprStmtDeletion(('triangle.cpp.xml', 'expr_stmt', 0)) | IfReplacement(('triangle.cpp.xml', 'if', 0), ('triangle.cpp.xml', 'stmt', 16)) | ExprStmtDeletion(('triangle.cpp.xml', 'expr_stmt', 5))
2023-12-15 12:52:58,377	[INFO]	43      TEST_CODE_ERROR       None  [3 edit(s)]       
2023-12-15 12:52:58,521	[DEBUG]	ExprStmtDeletion(('triangle.cpp.xml', 'expr_stmt', 0)) | IfReplacement(('triangle.cpp.xml', 'if', 0), ('triangle.cpp.xml', 'stmt', 16)) | DeclStmtInsertion(('triangle.cpp.xml', '_inter_block', 3), ('triangle.cpp.xml', 'decl_stmt', 1))
2023-12-15 12:52:58,522	[INFO]	44      COMPILE_CODE_ERROR    None  [3 edit(s)]       
2023-12-15 12:52:59,405	[DEBUG]	EXEC>  SUCCESS 1202955
2023-12-15 12:52:59,406	[DEBUG]	ExprStmtDeletion(('triangle.cpp.xml', 'expr_stmt', 0)) | IfReplacement(('triangle.cpp.xml', 'if', 0), ('triangle.cpp.xml', 'stmt', 16)) | ExprStmtDeletion(('triangle.cpp.xml', 'expr_stmt', 1))
2023-12-15 12:52:59,407	[INFO]	45      SUCCESS              *1202955 (99.78%) [3 edit(s)] 
2023-12-15 12:52:59,409	[DEBUG]	--- before: triangle.cpp
+++ after: triangle.cpp
@@ -2,20 +2,19 @@
 
 void delay() {
   const struct timespec ms = {0, (long int) (0.001*1e9)}; //tv_sec=0, tv_nsec (0.001 seconds)
-  nanosleep(&ms,NULL); /*ignores possible errors*/
+   /*ignores possible errors*/
 }
 
 int classify_triangle(double a, double b, double c) {
   double tmp;
 
-  delay();
+  
 
   // Sort the sides so that a <= b <= c
-  if(a > b) {
-    tmp = a;
-    a = b;
-    b = tmp;
-  }
+  if(a + b <= c)
+    /*auto*/{
+      return INVALID;
+    }/*auto*/
 
   if(a > c) {
     tmp = a;

2023-12-15 12:52:59,558	[DEBUG]	ExprStmtDeletion(('triangle.cpp.xml', 'expr_stmt', 0)) | IfReplacement(('triangle.cpp.xml', 'if', 0), ('triangle.cpp.xml', 'stmt', 16)) | IfInsertion(('triangle.cpp.xml', '_inter_block', 0), ('triangle.cpp.xml', 'if', 2))
2023-12-15 12:52:59,558	[INFO]	46      COMPILE_CODE_ERROR    None  [3 edit(s)]       
2023-12-15 12:52:59,705	[DEBUG]	ExprStmtDeletion(('triangle.cpp.xml', 'expr_stmt', 0)) | IfReplacement(('triangle.cpp.xml', 'if', 0), ('triangle.cpp.xml', 'stmt', 16)) | DeclStmtReplacement(('triangle.cpp.xml', 'decl_stmt', 1), ('triangle.cpp.xml', 'stmt', 22))
2023-12-15 12:52:59,706	[INFO]	47      COMPILE_CODE_ERROR    None  [3 edit(s)]       
2023-12-15 12:53:00,448	[DEBUG]	ExprStmtDeletion(('triangle.cpp.xml', 'expr_stmt', 0)) | IfReplacement(('triangle.cpp.xml', 'if', 0), ('triangle.cpp.xml', 'stmt', 16)) | IfReplacement(('triangle.cpp.xml', 'if', 0), ('triangle.cpp.xml', 'stmt', 5))
2023-12-15 12:53:00,448	[INFO]	48      TEST_CODE_ERROR       None  [3 edit(s)]       
2023-12-15 12:53:00,451	[DEBUG]	ExprStmtDeletion(('triangle.cpp.xml', 'expr_stmt', 0)) | IfReplacement(('triangle.cpp.xml', 'if', 0), ('triangle.cpp.xml', 'stmt', 16)) | ExprStmtDeletion(('triangle.cpp.xml', 'expr_stmt', 1))
2023-12-15 12:53:00,451	[INFO]	49      SUCCESS               1202955 (99.78%) [3 edit(s)] 
2023-12-15 12:53:00,620	[DEBUG]	ExprStmtDeletion(('triangle.cpp.xml', 'expr_stmt', 0)) | IfReplacement(('triangle.cpp.xml', 'if', 0), ('triangle.cpp.xml', 'stmt', 16)) | DeclStmtDeletion(('triangle.cpp.xml', 'decl_stmt', 1))
2023-12-15 12:53:00,621	[INFO]	50      COMPILE_CODE_ERROR    None  [3 edit(s)]       
2023-12-15 12:53:01,465	[DEBUG]	EXEC>  SUCCESS 1203460
2023-12-15 12:53:01,466	[DEBUG]	ExprStmtDeletion(('triangle.cpp.xml', 'expr_stmt', 0)) | IfReplacement(('triangle.cpp.xml', 'if', 0), ('triangle.cpp.xml', 'stmt', 16)) | DeclStmtInsertion(('triangle.cpp.xml', '_inter_block', 0), ('triangle.cpp.xml', 'decl_stmt', 1))
2023-12-15 12:53:01,467	[INFO]	51      SUCCESS               1203460 (99.83%) [3 edit(s)] 
2023-12-15 12:53:01,604	[DEBUG]	ExprStmtDeletion(('triangle.cpp.xml', 'expr_stmt', 0)) | IfReplacement(('triangle.cpp.xml', 'if', 0), ('triangle.cpp.xml', 'stmt', 16)) | DeclStmtReplacement(('triangle.cpp.xml', 'decl_stmt', 0), ('triangle.cpp.xml', 'stmt', 6))
2023-12-15 12:53:01,604	[INFO]	52      COMPILE_CODE_ERROR    None  [3 edit(s)]       
2023-12-15 12:53:02,504	[DEBUG]	EXEC>  SUCCESS 1203460
2023-12-15 12:53:02,505	[DEBUG]	ExprStmtDeletion(('triangle.cpp.xml', 'expr_stmt', 0)) | IfReplacement(('triangle.cpp.xml', 'if', 0), ('triangle.cpp.xml', 'stmt', 16)) | ReturnInsertion(('triangle.cpp.xml', '_inter_block', 16), ('triangle.cpp.xml', 'return', 1))
2023-12-15 12:53:02,505	[INFO]	53      SUCCESS               1203460 (99.83%) [3 edit(s)] 
2023-12-15 12:53:03,386	[DEBUG]	EXEC>  SUCCESS 1203458
2023-12-15 12:53:03,387	[DEBUG]	ExprStmtDeletion(('triangle.cpp.xml', 'expr_stmt', 0)) | IfReplacement(('triangle.cpp.xml', 'if', 0), ('triangle.cpp.xml', 'stmt', 16)) | DeclStmtInsertion(('triangle.cpp.xml', '_inter_block', 26), ('triangle.cpp.xml', 'decl_stmt', 1))
2023-12-15 12:53:03,387	[INFO]	54      SUCCESS               1203458 (99.83%) [3 edit(s)] 
2023-12-15 12:53:04,123	[DEBUG]	ExprStmtDeletion(('triangle.cpp.xml', 'expr_stmt', 0)) | IfReplacement(('triangle.cpp.xml', 'if', 0), ('triangle.cpp.xml', 'stmt', 16)) | IfDeletion(('triangle.cpp.xml', 'if', 3))
2023-12-15 12:53:04,123	[INFO]	55      TEST_CODE_ERROR       None  [3 edit(s)]       
2023-12-15 12:53:04,983	[DEBUG]	EXEC>  SUCCESS 1203459
2023-12-15 12:53:04,983	[DEBUG]	ExprStmtDeletion(('triangle.cpp.xml', 'expr_stmt', 0)) | IfReplacement(('triangle.cpp.xml', 'if', 0), ('triangle.cpp.xml', 'stmt', 16)) | ExprStmtDeletion(('triangle.cpp.xml', 'expr_stmt', 3))
2023-12-15 12:53:04,984	[INFO]	56      SUCCESS               1203459 (99.83%) [3 edit(s)] 
2023-12-15 12:53:04,986	[DEBUG]	ExprStmtDeletion(('triangle.cpp.xml', 'expr_stmt', 0)) | IfReplacement(('triangle.cpp.xml', 'if', 0), ('triangle.cpp.xml', 'stmt', 16)) | ReturnReplacement(('triangle.cpp.xml', 'return', 0), ('triangle.cpp.xml', 'stmt', 19))
2023-12-15 12:53:04,986	[INFO]	57      SUCCESS               1203459 (99.83%) [3 edit(s)] 
2023-12-15 12:53:05,737	[DEBUG]	ExprStmtDeletion(('triangle.cpp.xml', 'expr_stmt', 0)) | IfReplacement(('triangle.cpp.xml', 'if', 0), ('triangle.cpp.xml', 'stmt', 16)) | IfReplacement(('triangle.cpp.xml', 'if', 2), ('triangle.cpp.xml', 'stmt', 17))
2023-12-15 12:53:05,737	[INFO]	58      TEST_CODE_ERROR       None  [3 edit(s)]       
2023-12-15 12:53:06,622	[DEBUG]	EXEC>  SUCCESS 1203613
2023-12-15 12:53:06,622	[DEBUG]	ExprStmtDeletion(('triangle.cpp.xml', 'expr_stmt', 0)) | IfReplacement(('triangle.cpp.xml', 'if', 0), ('triangle.cpp.xml', 'stmt', 16)) | IfInsertion(('triangle.cpp.xml', '_inter_block', 7), ('triangle.cpp.xml', 'if', 2))
2023-12-15 12:53:06,623	[INFO]	59      SUCCESS               1203613 (99.84%) [3 edit(s)] 
2023-12-15 12:53:06,625	[DEBUG]	ExprStmtDeletion(('triangle.cpp.xml', 'expr_stmt', 0)) | IfReplacement(('triangle.cpp.xml', 'if', 0), ('triangle.cpp.xml', 'stmt', 16)) | ReturnReplacement(('triangle.cpp.xml', 'return', 0), ('triangle.cpp.xml', 'stmt', 19))
2023-12-15 12:53:06,625	[INFO]	60      SUCCESS               1203459 (99.83%) [3 edit(s)] 
2023-12-15 12:53:07,420	[DEBUG]	ExprStmtDeletion(('triangle.cpp.xml', 'expr_stmt', 0)) | IfReplacement(('triangle.cpp.xml', 'if', 0), ('triangle.cpp.xml', 'stmt', 16)) | IfDeletion(('triangle.cpp.xml', 'if', 4))
2023-12-15 12:53:07,420	[INFO]	61      TEST_CODE_ERROR       None  [3 edit(s)]       
2023-12-15 12:53:08,311	[DEBUG]	EXEC>  SUCCESS 1203585
2023-12-15 12:53:08,312	[DEBUG]	ExprStmtDeletion(('triangle.cpp.xml', 'expr_stmt', 0)) | IfReplacement(('triangle.cpp.xml', 'if', 0), ('triangle.cpp.xml', 'stmt', 16)) | DeclStmtInsertion(('triangle.cpp.xml', '_inter_block', 6), ('triangle.cpp.xml', 'decl_stmt', 0))
2023-12-15 12:53:08,312	[INFO]	62      SUCCESS               1203585 (99.84%) [3 edit(s)] 
2023-12-15 12:53:08,489	[DEBUG]	ExprStmtDeletion(('triangle.cpp.xml', 'expr_stmt', 0)) | IfReplacement(('triangle.cpp.xml', 'if', 0), ('triangle.cpp.xml', 'stmt', 16)) | DeclStmtDeletion(('triangle.cpp.xml', 'decl_stmt', 1))
2023-12-15 12:53:08,489	[INFO]	63      COMPILE_CODE_ERROR   +None  [3 edit(s)]       
2023-12-15 12:53:08,491	[DEBUG]	--- before: triangle.cpp
+++ after: triangle.cpp
@@ -2,20 +2,19 @@
 
 void delay() {
   const struct timespec ms = {0, (long int) (0.001*1e9)}; //tv_sec=0, tv_nsec (0.001 seconds)
-  nanosleep(&ms,NULL); /*ignores possible errors*/
+   /*ignores possible errors*/
 }
 
 int classify_triangle(double a, double b, double c) {
-  double tmp;
+  
 
   delay();
 
   // Sort the sides so that a <= b <= c
-  if(a > b) {
-    tmp = a;
-    a = b;
-    b = tmp;
-  }
+  if(a + b <= c)
+    /*auto*/{
+      return INVALID;
+    }/*auto*/
 
   if(a > c) {
     tmp = a;

2023-12-15 12:53:09,234	[DEBUG]	ExprStmtDeletion(('triangle.cpp.xml', 'expr_stmt', 0)) | IfReplacement(('triangle.cpp.xml', 'if', 0), ('triangle.cpp.xml', 'stmt', 16)) | ExprStmtDeletion(('triangle.cpp.xml', 'expr_stmt', 1)) | IfReplacement(('triangle.cpp.xml', 'if', 1), ('triangle.cpp.xml', 'stmt', 16))
2023-12-15 12:53:09,235	[INFO]	64      TEST_CODE_ERROR       None  [4 edit(s)]       
2023-12-15 12:53:10,004	[DEBUG]	ExprStmtDeletion(('triangle.cpp.xml', 'expr_stmt', 0)) | IfReplacement(('triangle.cpp.xml', 'if', 0), ('triangle.cpp.xml', 'stmt', 16)) | ExprStmtDeletion(('triangle.cpp.xml', 'expr_stmt', 1)) | IfDeletion(('triangle.cpp.xml', 'if', 2))
2023-12-15 12:53:10,005	[INFO]	65      TEST_CODE_ERROR       None  [4 edit(s)]       
2023-12-15 12:53:10,887	[DEBUG]	EXEC>  SUCCESS 1202956
2023-12-15 12:53:10,887	[DEBUG]	ExprStmtDeletion(('triangle.cpp.xml', 'expr_stmt', 0)) | IfReplacement(('triangle.cpp.xml', 'if', 0), ('triangle.cpp.xml', 'stmt', 16)) | ExprStmtDeletion(('triangle.cpp.xml', 'expr_stmt', 1)) | DeclStmtInsertion(('triangle.cpp.xml', '_inter_block', 2), ('triangle.cpp.xml', 'decl_stmt', 1))
2023-12-15 12:53:10,888	[INFO]	66      SUCCESS               1202956 (99.78%) [4 edit(s)] 
2023-12-15 12:53:11,660	[DEBUG]	ExprStmtDeletion(('triangle.cpp.xml', 'expr_stmt', 0)) | IfReplacement(('triangle.cpp.xml', 'if', 0), ('triangle.cpp.xml', 'stmt', 16)) | ExprStmtDeletion(('triangle.cpp.xml', 'expr_stmt', 1)) | ReturnReplacement(('triangle.cpp.xml', 'return', 3), ('triangle.cpp.xml', 'stmt', 8))
2023-12-15 12:53:11,660	[INFO]	67      TEST_CODE_ERROR       None  [4 edit(s)]       
2023-12-15 12:53:12,550	[DEBUG]	EXEC>  SUCCESS 1202955
2023-12-15 12:53:12,551	[DEBUG]	ExprStmtDeletion(('triangle.cpp.xml', 'expr_stmt', 0)) | IfReplacement(('triangle.cpp.xml', 'if', 0), ('triangle.cpp.xml', 'stmt', 16)) | ExprStmtDeletion(('triangle.cpp.xml', 'expr_stmt', 1)) | IfInsertion(('triangle.cpp.xml', '_inter_block', 17), ('triangle.cpp.xml', 'if', 1))
2023-12-15 12:53:12,551	[INFO]	68      SUCCESS               1202955 (99.78%) [4 edit(s)] 
2023-12-15 12:53:13,487	[DEBUG]	EXEC>  SUCCESS 1202956
2023-12-15 12:53:13,487	[DEBUG]	ExprStmtDeletion(('triangle.cpp.xml', 'expr_stmt', 0)) | IfReplacement(('triangle.cpp.xml', 'if', 0), ('triangle.cpp.xml', 'stmt', 16)) | ExprStmtDeletion(('triangle.cpp.xml', 'expr_stmt', 1)) | DeclStmtDeletion(('triangle.cpp.xml', 'decl_stmt', 0))
2023-12-15 12:53:13,488	[INFO]	69      SUCCESS               1202956 (99.78%) [4 edit(s)] 
2023-12-15 12:53:14,278	[DEBUG]	ExprStmtDeletion(('triangle.cpp.xml', 'expr_stmt', 0)) | IfReplacement(('triangle.cpp.xml', 'if', 0), ('triangle.cpp.xml', 'stmt', 16)) | ExprStmtDeletion(('triangle.cpp.xml', 'expr_stmt', 1)) | ReturnReplacement(('triangle.cpp.xml', 'return', 3), ('triangle.cpp.xml', 'stmt', 11))
2023-12-15 12:53:14,278	[INFO]	70      TEST_CODE_ERROR       None  [4 edit(s)]       
2023-12-15 12:53:14,431	[DEBUG]	ExprStmtDeletion(('triangle.cpp.xml', 'expr_stmt', 0)) | IfReplacement(('triangle.cpp.xml', 'if', 0), ('triangle.cpp.xml', 'stmt', 16)) | ExprStmtDeletion(('triangle.cpp.xml', 'expr_stmt', 1)) | ReturnInsertion(('triangle.cpp.xml', '_inter_block', 1), ('triangle.cpp.xml', 'return', 0))
2023-12-15 12:53:14,432	[INFO]	71      COMPILE_CODE_ERROR    None  [4 edit(s)]       
2023-12-15 12:53:14,434	[DEBUG]	ExprStmtDeletion(('triangle.cpp.xml', 'expr_stmt', 0)) | IfReplacement(('triangle.cpp.xml', 'if', 0), ('triangle.cpp.xml', 'stmt', 16)) | ExprStmtDeletion(('triangle.cpp.xml', 'expr_stmt', 1)) | ExprStmtDeletion(('triangle.cpp.xml', 'expr_stmt', 3))
2023-12-15 12:53:14,434	[INFO]	72      SUCCESS               1202955 (99.78%) [4 edit(s)] 
2023-12-15 12:53:15,187	[DEBUG]	ExprStmtDeletion(('triangle.cpp.xml', 'expr_stmt', 0)) | IfReplacement(('triangle.cpp.xml', 'if', 0), ('triangle.cpp.xml', 'stmt', 16)) | ExprStmtDeletion(('triangle.cpp.xml', 'expr_stmt', 1)) | ReturnReplacement(('triangle.cpp.xml', 'return', 3), ('triangle.cpp.xml', 'stmt', 14))
2023-12-15 12:53:15,187	[INFO]	73      TEST_CODE_ERROR       None  [4 edit(s)]       
2023-12-15 12:53:15,327	[DEBUG]	ExprStmtDeletion(('triangle.cpp.xml', 'expr_stmt', 0)) | IfReplacement(('triangle.cpp.xml', 'if', 0), ('triangle.cpp.xml', 'stmt', 16)) | ExprStmtDeletion(('triangle.cpp.xml', 'expr_stmt', 1)) | ExprStmtInsertion(('triangle.cpp.xml', '_inter_block', 30), ('triangle.cpp.xml', 'expr_stmt', 0))
2023-12-15 12:53:15,327	[INFO]	74      COMPILE_CODE_ERROR    None  [4 edit(s)]       
2023-12-15 12:53:16,031	[DEBUG]	ExprStmtDeletion(('triangle.cpp.xml', 'expr_stmt', 0)) | IfReplacement(('triangle.cpp.xml', 'if', 0), ('triangle.cpp.xml', 'stmt', 16)) | ExprStmtDeletion(('triangle.cpp.xml', 'expr_stmt', 1)) | IfReplacement(('triangle.cpp.xml', 'if', 3), ('triangle.cpp.xml', 'stmt', 22))
2023-12-15 12:53:16,032	[INFO]	75      TEST_CODE_ERROR       None  [4 edit(s)]       
2023-12-15 12:53:16,899	[DEBUG]	EXEC>  SUCCESS 1203081
2023-12-15 12:53:16,899	[DEBUG]	ExprStmtDeletion(('triangle.cpp.xml', 'expr_stmt', 0)) | IfReplacement(('triangle.cpp.xml', 'if', 0), ('triangle.cpp.xml', 'stmt', 16)) | ExprStmtDeletion(('triangle.cpp.xml', 'expr_stmt', 1)) | ExprStmtReplacement(('triangle.cpp.xml', 'expr_stmt', 1), ('triangle.cpp.xml', 'stmt', 4))
2023-12-15 12:53:16,900	[INFO]	76      SUCCESS               1203081 (99.8%) [4 edit(s)] 
2023-12-15 12:53:16,902	[DEBUG]	ExprStmtDeletion(('triangle.cpp.xml', 'expr_stmt', 0)) | IfReplacement(('triangle.cpp.xml', 'if', 0), ('triangle.cpp.xml', 'stmt', 16)) | ExprStmtDeletion(('triangle.cpp.xml', 'expr_stmt', 1)) | ExprStmtReplacement(('triangle.cpp.xml', 'expr_stmt', 4), ('triangle.cpp.xml', 'stmt', 1))
2023-12-15 12:53:16,902	[INFO]	77      SUCCESS               1202955 (99.78%) [4 edit(s)] 
2023-12-15 12:53:16,904	[DEBUG]	ExprStmtDeletion(('triangle.cpp.xml', 'expr_stmt', 0)) | IfReplacement(('triangle.cpp.xml', 'if', 0), ('triangle.cpp.xml', 'stmt', 16)) | ExprStmtDeletion(('triangle.cpp.xml', 'expr_stmt', 1)) | DeclStmtDeletion(('triangle.cpp.xml', 'decl_stmt', 0))
2023-12-15 12:53:16,904	[INFO]	78      SUCCESS               1202956 (99.78%) [4 edit(s)] 
2023-12-15 12:53:16,905	[DEBUG]	ExprStmtDeletion(('triangle.cpp.xml', 'expr_stmt', 0)) | IfReplacement(('triangle.cpp.xml', 'if', 0), ('triangle.cpp.xml', 'stmt', 16)) | ExprStmtDeletion(('triangle.cpp.xml', 'expr_stmt', 1)) | ExprStmtReplacement(('triangle.cpp.xml', 'expr_stmt', 3), ('triangle.cpp.xml', 'stmt', 2))
2023-12-15 12:53:16,906	[INFO]	79      SUCCESS               1202955 (99.78%) [4 edit(s)] 
2023-12-15 12:53:17,037	[DEBUG]	ExprStmtDeletion(('triangle.cpp.xml', 'expr_stmt', 0)) | IfReplacement(('triangle.cpp.xml', 'if', 0), ('triangle.cpp.xml', 'stmt', 16)) | ExprStmtDeletion(('triangle.cpp.xml', 'expr_stmt', 1)) | ExprStmtReplacement(('triangle.cpp.xml', 'expr_stmt', 0), ('triangle.cpp.xml', 'stmt', 11))
2023-12-15 12:53:17,038	[INFO]	80      COMPILE_CODE_ERROR    None  [4 edit(s)]       
2023-12-15 12:53:17,165	[DEBUG]	ExprStmtDeletion(('triangle.cpp.xml', 'expr_stmt', 0)) | IfReplacement(('triangle.cpp.xml', 'if', 0), ('triangle.cpp.xml', 'stmt', 16)) | ExprStmtDeletion(('triangle.cpp.xml', 'expr_stmt', 1)) | DeclStmtReplacement(('triangle.cpp.xml', 'decl_stmt', 1), ('triangle.cpp.xml', 'stmt', 0))
2023-12-15 12:53:17,165	[INFO]	81      COMPILE_CODE_ERROR    None  [4 edit(s)]       
2023-12-15 12:53:18,026	[DEBUG]	EXEC>  SUCCESS 1203460
2023-12-15 12:53:18,027	[DEBUG]	ExprStmtDeletion(('triangle.cpp.xml', 'expr_stmt', 0)) | IfReplacement(('triangle.cpp.xml', 'if', 0), ('triangle.cpp.xml', 'stmt', 16)) | ExprStmtDeletion(('triangle.cpp.xml', 'expr_stmt', 1)) | ExprStmtInsertion(('triangle.cpp.xml', '_inter_block', 5), ('triangle.cpp.xml', 'expr_stmt', 1))
2023-12-15 12:53:18,027	[INFO]	82      SUCCESS               1203460 (99.83%) [4 edit(s)] 
2023-12-15 12:53:18,788	[DEBUG]	ExprStmtDeletion(('triangle.cpp.xml', 'expr_stmt', 0)) | IfReplacement(('triangle.cpp.xml', 'if', 0), ('triangle.cpp.xml', 'stmt', 16)) | ExprStmtDeletion(('triangle.cpp.xml', 'expr_stmt', 1)) | ReturnDeletion(('triangle.cpp.xml', 'return', 2))
2023-12-15 12:53:18,788	[INFO]	83      TEST_CODE_ERROR       None  [4 edit(s)]       
2023-12-15 12:53:19,561	[DEBUG]	ExprStmtDeletion(('triangle.cpp.xml', 'expr_stmt', 0)) | IfReplacement(('triangle.cpp.xml', 'if', 0), ('triangle.cpp.xml', 'stmt', 16)) | ExprStmtDeletion(('triangle.cpp.xml', 'expr_stmt', 1)) | ReturnDeletion(('triangle.cpp.xml', 'return', 3))
2023-12-15 12:53:19,561	[INFO]	84      TEST_CODE_ERROR      +None  [4 edit(s)]       
2023-12-15 12:53:19,563	[DEBUG]	--- before: triangle.cpp
+++ after: triangle.cpp
@@ -2,20 +2,19 @@
 
 void delay() {
   const struct timespec ms = {0, (long int) (0.001*1e9)}; //tv_sec=0, tv_nsec (0.001 seconds)
-  nanosleep(&ms,NULL); /*ignores possible errors*/
+   /*ignores possible errors*/
 }
 
 int classify_triangle(double a, double b, double c) {
   double tmp;
 
-  delay();
+  
 
   // Sort the sides so that a <= b <= c
-  if(a > b) {
-    tmp = a;
-    a = b;
-    b = tmp;
-  }
+  if(a + b <= c)
+    /*auto*/{
+      return INVALID;
+    }/*auto*/
 
   if(a > c) {
     tmp = a;
@@ -41,5 +40,5 @@
     /*auto*/{
       return ISOSCELES;
     }/*auto*/
-  return SCALENE;
+  
 }

2023-12-15 12:53:20,425	[DEBUG]	EXEC>  SUCCESS 1202956
2023-12-15 12:53:20,426	[DEBUG]	ExprStmtDeletion(('triangle.cpp.xml', 'expr_stmt', 0)) | IfReplacement(('triangle.cpp.xml', 'if', 0), ('triangle.cpp.xml', 'stmt', 16)) | ExprStmtDeletion(('triangle.cpp.xml', 'expr_stmt', 1)) | ExprStmtReplacement(('triangle.cpp.xml', 'expr_stmt', 3), ('triangle.cpp.xml', 'stmt', 2)) | ExprStmtInsertion(('triangle.cpp.xml', '_inter_block', 15), ('triangle.cpp.xml', 'expr_stmt', 2))
2023-12-15 12:53:20,426	[INFO]	85      SUCCESS               1202956 (99.78%) [5 edit(s)] 
2023-12-15 12:53:21,194	[DEBUG]	ExprStmtDeletion(('triangle.cpp.xml', 'expr_stmt', 0)) | IfReplacement(('triangle.cpp.xml', 'if', 0), ('triangle.cpp.xml', 'stmt', 16)) | ExprStmtDeletion(('triangle.cpp.xml', 'expr_stmt', 1)) | ExprStmtReplacement(('triangle.cpp.xml', 'expr_stmt', 3), ('triangle.cpp.xml', 'stmt', 2)) | ReturnInsertion(('triangle.cpp.xml', '_inter_block', 30), ('triangle.cpp.xml', 'return', 3))
2023-12-15 12:53:21,194	[INFO]	86      TEST_CODE_ERROR       None  [5 edit(s)]       
2023-12-15 12:53:21,918	[DEBUG]	ExprStmtDeletion(('triangle.cpp.xml', 'expr_stmt', 0)) | IfReplacement(('triangle.cpp.xml', 'if', 0), ('triangle.cpp.xml', 'stmt', 16)) | ExprStmtDeletion(('triangle.cpp.xml', 'expr_stmt', 1)) | ExprStmtReplacement(('triangle.cpp.xml', 'expr_stmt', 3), ('triangle.cpp.xml', 'stmt', 2)) | ReturnReplacement(('triangle.cpp.xml', 'return', 2), ('triangle.cpp.xml', 'stmt', 22))
2023-12-15 12:53:21,918	[INFO]	87      TEST_CODE_ERROR       None  [5 edit(s)]       
2023-12-15 12:53:22,684	[DEBUG]	ExprStmtDeletion(('triangle.cpp.xml', 'expr_stmt', 0)) | IfReplacement(('triangle.cpp.xml', 'if', 0), ('triangle.cpp.xml', 'stmt', 16)) | ExprStmtDeletion(('triangle.cpp.xml', 'expr_stmt', 1)) | ExprStmtReplacement(('triangle.cpp.xml', 'expr_stmt', 3), ('triangle.cpp.xml', 'stmt', 2)) | ReturnInsertion(('triangle.cpp.xml', '_inter_block', 28), ('triangle.cpp.xml', 'return', 2))
2023-12-15 12:53:22,685	[INFO]	88      TEST_CODE_ERROR       None  [5 edit(s)]       
2023-12-15 12:53:23,426	[DEBUG]	ExprStmtDeletion(('triangle.cpp.xml', 'expr_stmt', 0)) | IfReplacement(('triangle.cpp.xml', 'if', 0), ('triangle.cpp.xml', 'stmt', 16)) | ExprStmtDeletion(('triangle.cpp.xml', 'expr_stmt', 1)) | ExprStmtReplacement(('triangle.cpp.xml', 'expr_stmt', 3), ('triangle.cpp.xml', 'stmt', 2)) | IfReplacement(('triangle.cpp.xml', 'if', 5), ('triangle.cpp.xml', 'stmt', 10))
2023-12-15 12:53:23,426	[INFO]	89      TEST_CODE_ERROR       None  [5 edit(s)]       
2023-12-15 12:53:23,428	[DEBUG]	ExprStmtDeletion(('triangle.cpp.xml', 'expr_stmt', 0)) | IfReplacement(('triangle.cpp.xml', 'if', 0), ('triangle.cpp.xml', 'stmt', 16)) | ExprStmtDeletion(('triangle.cpp.xml', 'expr_stmt', 1)) | ExprStmtReplacement(('triangle.cpp.xml', 'expr_stmt', 3), ('triangle.cpp.xml', 'stmt', 2)) | ExprStmtDeletion(('triangle.cpp.xml', 'expr_stmt', 1))
2023-12-15 12:53:23,429	[INFO]	90      SUCCESS               1202955 (99.78%) [5 edit(s)] 
2023-12-15 12:53:24,168	[DEBUG]	ExprStmtDeletion(('triangle.cpp.xml', 'expr_stmt', 0)) | IfReplacement(('triangle.cpp.xml', 'if', 0), ('triangle.cpp.xml', 'stmt', 16)) | ExprStmtDeletion(('triangle.cpp.xml', 'expr_stmt', 1)) | ExprStmtReplacement(('triangle.cpp.xml', 'expr_stmt', 3), ('triangle.cpp.xml', 'stmt', 2)) | ReturnDeletion(('triangle.cpp.xml', 'return', 1))
2023-12-15 12:53:24,168	[INFO]	91      TEST_CODE_ERROR       None  [5 edit(s)]       
2023-12-15 12:53:24,919	[DEBUG]	ExprStmtDeletion(('triangle.cpp.xml', 'expr_stmt', 0)) | IfReplacement(('triangle.cpp.xml', 'if', 0), ('triangle.cpp.xml', 'stmt', 16)) | ExprStmtDeletion(('triangle.cpp.xml', 'expr_stmt', 1)) | ExprStmtReplacement(('triangle.cpp.xml', 'expr_stmt', 3), ('triangle.cpp.xml', 'stmt', 2)) | ReturnReplacement(('triangle.cpp.xml', 'return', 0), ('triangle.cpp.xml', 'stmt', 3))
2023-12-15 12:53:24,919	[INFO]	92      TEST_CODE_ERROR       None  [5 edit(s)]       
2023-12-15 12:53:25,052	[DEBUG]	ExprStmtDeletion(('triangle.cpp.xml', 'expr_stmt', 0)) | IfReplacement(('triangle.cpp.xml', 'if', 0), ('triangle.cpp.xml', 'stmt', 16)) | ExprStmtDeletion(('triangle.cpp.xml', 'expr_stmt', 1)) | ExprStmtReplacement(('triangle.cpp.xml', 'expr_stmt', 3), ('triangle.cpp.xml', 'stmt', 2)) | DeclStmtReplacement(('triangle.cpp.xml', 'decl_stmt', 1), ('triangle.cpp.xml', 'stmt', 19))
2023-12-15 12:53:25,052	[INFO]	93      COMPILE_CODE_ERROR    None  [5 edit(s)]       
2023-12-15 12:53:25,824	[DEBUG]	ExprStmtDeletion(('triangle.cpp.xml', 'expr_stmt', 0)) | IfReplacement(('triangle.cpp.xml', 'if', 0), ('triangle.cpp.xml', 'stmt', 16)) | ExprStmtDeletion(('triangle.cpp.xml', 'expr_stmt', 1)) | ExprStmtReplacement(('triangle.cpp.xml', 'expr_stmt', 3), ('triangle.cpp.xml', 'stmt', 2)) | ReturnReplacement(('triangle.cpp.xml', 'return', 0), ('triangle.cpp.xml', 'stmt', 11))
2023-12-15 12:53:25,825	[INFO]	94      TEST_CODE_ERROR       None  [5 edit(s)]       
2023-12-15 12:53:25,827	[DEBUG]	ExprStmtDeletion(('triangle.cpp.xml', 'expr_stmt', 0)) | IfReplacement(('triangle.cpp.xml', 'if', 0), ('triangle.cpp.xml', 'stmt', 16)) | ExprStmtDeletion(('triangle.cpp.xml', 'expr_stmt', 1)) | ExprStmtReplacement(('triangle.cpp.xml', 'expr_stmt', 3), ('triangle.cpp.xml', 'stmt', 2)) | ExprStmtReplacement(('triangle.cpp.xml', 'expr_stmt', 2), ('triangle.cpp.xml', 'stmt', 17))
2023-12-15 12:53:25,827	[INFO]	95      SUCCESS               1202955 (99.78%) [5 edit(s)] 
2023-12-15 12:53:25,828	[DEBUG]	ExprStmtDeletion(('triangle.cpp.xml', 'expr_stmt', 0)) | IfReplacement(('triangle.cpp.xml', 'if', 0), ('triangle.cpp.xml', 'stmt', 16)) | ExprStmtDeletion(('triangle.cpp.xml', 'expr_stmt', 1)) | ExprStmtReplacement(('triangle.cpp.xml', 'expr_stmt', 3), ('triangle.cpp.xml', 'stmt', 2)) | ExprStmtDeletion(('triangle.cpp.xml', 'expr_stmt', 3))
2023-12-15 12:53:25,828	[INFO]	96      SUCCESS               1202955 (99.78%) [5 edit(s)] 
2023-12-15 12:53:26,589	[DEBUG]	ExprStmtDeletion(('triangle.cpp.xml', 'expr_stmt', 0)) | IfReplacement(('triangle.cpp.xml', 'if', 0), ('triangle.cpp.xml', 'stmt', 16)) | ExprStmtDeletion(('triangle.cpp.xml', 'expr_stmt', 1)) | ExprStmtReplacement(('triangle.cpp.xml', 'expr_stmt', 3), ('triangle.cpp.xml', 'stmt', 2)) | ReturnReplacement(('triangle.cpp.xml', 'return', 2), ('triangle.cpp.xml', 'stmt', 11))
2023-12-15 12:53:26,590	[INFO]	97      TEST_CODE_ERROR       None  [5 edit(s)]       
2023-12-15 12:53:27,393	[DEBUG]	ExprStmtDeletion(('triangle.cpp.xml', 'expr_stmt', 0)) | IfReplacement(('triangle.cpp.xml', 'if', 0), ('triangle.cpp.xml', 'stmt', 16)) | ExprStmtDeletion(('triangle.cpp.xml', 'expr_stmt', 1)) | ExprStmtReplacement(('triangle.cpp.xml', 'expr_stmt', 3), ('triangle.cpp.xml', 'stmt', 2)) | IfReplacement(('triangle.cpp.xml', 'if', 2), ('triangle.cpp.xml', 'stmt', 19))
2023-12-15 12:53:27,393	[INFO]	98      TEST_CODE_ERROR       None  [5 edit(s)]       
2023-12-15 12:53:28,182	[DEBUG]	ExprStmtDeletion(('triangle.cpp.xml', 'expr_stmt', 0)) | IfReplacement(('triangle.cpp.xml', 'if', 0), ('triangle.cpp.xml', 'stmt', 16)) | ExprStmtDeletion(('triangle.cpp.xml', 'expr_stmt', 1)) | ExprStmtReplacement(('triangle.cpp.xml', 'expr_stmt', 3), ('triangle.cpp.xml', 'stmt', 2)) | ReturnInsertion(('triangle.cpp.xml', '_inter_block', 5), ('triangle.cpp.xml', 'return', 0))
2023-12-15 12:53:28,182	[INFO]	99      TEST_CODE_ERROR       None  [5 edit(s)]       
2023-12-15 12:53:28,995	[DEBUG]	ExprStmtDeletion(('triangle.cpp.xml', 'expr_stmt', 0)) | IfReplacement(('triangle.cpp.xml', 'if', 0), ('triangle.cpp.xml', 'stmt', 16)) | ExprStmtDeletion(('triangle.cpp.xml', 'expr_stmt', 1)) | ExprStmtReplacement(('triangle.cpp.xml', 'expr_stmt', 3), ('triangle.cpp.xml', 'stmt', 2)) | ReturnDeletion(('triangle.cpp.xml', 'return', 1))
2023-12-15 12:53:28,996	[INFO]	100     TEST_CODE_ERROR       None  [5 edit(s)]       
2023-12-15 12:53:28,997	[INFO]	==== END ====
2023-12-15 12:53:28,997	[INFO]	
2023-12-15 12:53:28,998	[INFO]	==== REPORT ====
2023-12-15 12:53:28,998	[INFO]	Termination: step budget
2023-12-15 12:53:28,999	[INFO]	Log file: /cs/student/ug/2020/damibose/projects/magpie/_magpie_logs/triangle-cpp_slow_1702644746.log
2023-12-15 12:53:29,000	[INFO]	Patch file: _magpie_logs/triangle-cpp_slow_1702644746.patch
2023-12-15 12:53:29,001	[INFO]	Diff file: _magpie_logs/triangle-cpp_slow_1702644746.diff
2023-12-15 12:53:29,001	[INFO]	Best fitness: 1202955
2023-12-15 12:53:29,001	[INFO]	Best patch: ExprStmtDeletion(('triangle.cpp.xml', 'expr_stmt', 0)) | IfReplacement(('triangle.cpp.xml', 'if', 0), ('triangle.cpp.xml', 'stmt', 16)) | ExprStmtDeletion(('triangle.cpp.xml', 'expr_stmt', 1))
2023-12-15 12:53:29,001	[INFO]	Diff:
--- before: triangle.cpp
+++ after: triangle.cpp
@@ -2,20 +2,19 @@
 
 void delay() {
   const struct timespec ms = {0, (long int) (0.001*1e9)}; //tv_sec=0, tv_nsec (0.001 seconds)
-  nanosleep(&ms,NULL); /*ignores possible errors*/
+   /*ignores possible errors*/
 }
 
 int classify_triangle(double a, double b, double c) {
   double tmp;
 
-  delay();
+  
 
   // Sort the sides so that a <= b <= c
-  if(a > b) {
-    tmp = a;
-    a = b;
-    b = tmp;
-  }
+  if(a + b <= c)
+    /*auto*/{
+      return INVALID;
+    }/*auto*/
 
   if(a > c) {
     tmp = a;

