2023-12-14 14:43:42,928	[DEBUG]	==== CONFIG ====
[magpie]
import = 
seed = 7443696186201031
log_dir = _magpie_logs
work_dir = _magpie_work
local_original_copy = True
local_original_name = __original__
output_encoding = ascii
edit_retries = 10
default_timeout = 30
default_lengthout = 10000.0
diff_method = unified
trust_local_filesystem = True

[software]
path = examples/code/triangle-cpp_slow
target_files = 
	triangle.cpp.xml
program = BasicProgram
engine_rules = 
	*.params : ConfigFileParamsEngine
	*.xml : SrcmlEngine
	* : LineEngine
engine_config = 
	*.params : [params]
	*.xml : [srcml]
init_cmd = 
init_timeout = 60
init_lengthout = -1
setup_cmd = ./setup.sh
setup_timeout = 
setup_lengthout = 
compile_cmd = ./compile.sh
compile_timeout = 
compile_lengthout = 
test_cmd = ./build/test_triangle
test_timeout = 
test_lengthout = 
run_cmd = ./build/run_triangle
run_timeout = 1
run_lengthout = 
batch_timeout = 
batch_lengthout = 
batch_bin_fitness_strategy = aggregate
batch_fitness_strategy = sum
fitness = time

[srcml]
rename = 
	stmt: break continue decl_stmt do expr_stmt for goto if return switch while
	number: literal_number
focus = block stmt operator_comp operator_arith number
internodes = block
process_pseudo_blocks = True
process_literals = True
process_operators = True

[params]
timing = test run
cli_prefix = --
cli_glue = =
cli_boolean = show
cli_boolean_prefix_true = 
cli_boolean_prefix_false = no-
silent_prefix = @
silent_suffix = $

[search]
protocol = BasicProtocol
algorithm = FirstImprovement
possible_edits = 
	StmtReplacement
	StmtInsertion
	StmtDeletion
warmup = 1
warmup_strategy = last
max_steps = 100
max_time = 60
target_fitness = 
cache_maxsize = 40
cache_keep = 0.2
batch_instances = 
batch_shuffle = True
batch_bin_shuffle = False
batch_sample_size = 1
operator_selector = UniformSelector

[search.ls]
delete_prob = 0.5
max_neighbours = 
when_trapped = continue
accept_fail = False
tabu_length = 10

[search.gp]
pop_size = 10
delete_prob = 0.5
offspring_elitism = 0.1
offspring_crossover = 0.5
offspring_mutation = 0.4
uniform_rate = 0.5
batch_reset = True

[search.minify]
do_cleanup = True
do_rebuild = True
do_simplify = True
round_robin_limit = 3


2023-12-14 14:43:42,934	[INFO]	==== WARMUP ====
2023-12-14 14:43:45,465	[DEBUG]	EXEC>  SUCCESS 0.1034
2023-12-14 14:43:45,466	[INFO]	WARM    SUCCESS               0.1034                  
2023-12-14 14:43:45,467	[INFO]	INITIAL SUCCESS               0.1034                  
2023-12-14 14:43:45,467	[INFO]	==== START: FirstImprovement ====
2023-12-14 14:43:46,259	[DEBUG]	StmtReplacement(('triangle.cpp.xml', 'stmt', 16), ('triangle.cpp.xml', 'stmt', 7))
2023-12-14 14:43:46,260	[INFO]	1       TEST_CODE_ERROR       None  [1 edit(s)]       
2023-12-14 14:43:47,076	[DEBUG]	StmtDeletion(('triangle.cpp.xml', 'stmt', 11))
2023-12-14 14:43:47,076	[INFO]	2       TEST_CODE_ERROR       None  [1 edit(s)]       
2023-12-14 14:43:47,858	[DEBUG]	StmtDeletion(('triangle.cpp.xml', 'stmt', 5))
2023-12-14 14:43:47,858	[INFO]	3       TEST_CODE_ERROR       None  [1 edit(s)]       
2023-12-14 14:43:48,791	[DEBUG]	EXEC>  SUCCESS 0.1049
2023-12-14 14:43:48,792	[DEBUG]	StmtInsertion(('triangle.cpp.xml', '_inter_block', 34), ('triangle.cpp.xml', 'stmt', 8))
2023-12-14 14:43:48,793	[INFO]	4       SUCCESS               0.1049 (101.45%) [1 edit(s)] 
2023-12-14 14:43:48,949	[DEBUG]	StmtDeletion(('triangle.cpp.xml', 'stmt', 0))
2023-12-14 14:43:48,949	[INFO]	5       COMPILE_CODE_ERROR    None  [1 edit(s)]       
2023-12-14 14:43:49,693	[DEBUG]	StmtDeletion(('triangle.cpp.xml', 'stmt', 6))
2023-12-14 14:43:49,693	[INFO]	6       TEST_CODE_ERROR       None  [1 edit(s)]       
2023-12-14 14:43:50,476	[DEBUG]	StmtInsertion(('triangle.cpp.xml', '_inter_block', 19), ('triangle.cpp.xml', 'stmt', 21))
2023-12-14 14:43:50,476	[INFO]	7       TEST_CODE_ERROR       None  [1 edit(s)]       
2023-12-14 14:43:51,214	[DEBUG]	StmtDeletion(('triangle.cpp.xml', 'stmt', 11))
2023-12-14 14:43:51,214	[INFO]	8       TEST_CODE_ERROR       None  [1 edit(s)]       
2023-12-14 14:43:51,343	[DEBUG]	StmtInsertion(('triangle.cpp.xml', '_inter_block', 4), ('triangle.cpp.xml', 'stmt', 5))
2023-12-14 14:43:51,343	[INFO]	9       COMPILE_CODE_ERROR    None  [1 edit(s)]       
2023-12-14 14:43:52,127	[DEBUG]	StmtInsertion(('triangle.cpp.xml', '_inter_block', 16), ('triangle.cpp.xml', 'stmt', 21))
2023-12-14 14:43:52,127	[INFO]	10      TEST_CODE_ERROR       None  [1 edit(s)]       
2023-12-14 14:43:52,264	[DEBUG]	StmtInsertion(('triangle.cpp.xml', '_inter_block', 2), ('triangle.cpp.xml', 'stmt', 4))
2023-12-14 14:43:52,264	[INFO]	11      COMPILE_CODE_ERROR    None  [1 edit(s)]       
2023-12-14 14:43:53,020	[DEBUG]	EXEC>  SUCCESS 0.0229
2023-12-14 14:43:53,021	[DEBUG]	StmtDeletion(('triangle.cpp.xml', 'stmt', 3))
2023-12-14 14:43:53,021	[INFO]	12      SUCCESS              *0.0229 (22.15%) [1 edit(s)] 
2023-12-14 14:43:53,022	[DEBUG]	--- before: triangle.cpp
+++ after: triangle.cpp
@@ -8,7 +8,7 @@
 int classify_triangle(double a, double b, double c) {
   double tmp;
 
-  delay();
+  
 
   // Sort the sides so that a <= b <= c
   if(a > b) {

2023-12-14 14:43:53,932	[DEBUG]	EXEC>  SUCCESS 0.0962
2023-12-14 14:43:53,933	[DEBUG]	
2023-12-14 14:43:53,934	[INFO]	13      SUCCESS               0.0962 (93.04%) [0 edit(s)] 
2023-12-14 14:43:54,702	[DEBUG]	StmtDeletion(('triangle.cpp.xml', 'stmt', 3)) | StmtReplacement(('triangle.cpp.xml', 'stmt', 6), ('triangle.cpp.xml', 'stmt', 22))
2023-12-14 14:43:54,703	[INFO]	14      TEST_CODE_ERROR       None  [2 edit(s)]       
2023-12-14 14:43:54,841	[DEBUG]	StmtDeletion(('triangle.cpp.xml', 'stmt', 3)) | StmtReplacement(('triangle.cpp.xml', 'stmt', 2), ('triangle.cpp.xml', 'stmt', 5))
2023-12-14 14:43:54,841	[INFO]	15      COMPILE_CODE_ERROR    None  [2 edit(s)]       
2023-12-14 14:43:55,609	[DEBUG]	EXEC>  SUCCESS 0.0308
2023-12-14 14:43:55,610	[DEBUG]	StmtDeletion(('triangle.cpp.xml', 'stmt', 3)) | StmtInsertion(('triangle.cpp.xml', '_inter_block', 34), ('triangle.cpp.xml', 'stmt', 13))
2023-12-14 14:43:55,611	[INFO]	16      SUCCESS               0.0308 (29.79%) [2 edit(s)] 
2023-12-14 14:43:56,387	[DEBUG]	EXEC>  SUCCESS 0.0279
2023-12-14 14:43:56,388	[DEBUG]	StmtDeletion(('triangle.cpp.xml', 'stmt', 3)) | StmtInsertion(('triangle.cpp.xml', '_inter_block', 31), ('triangle.cpp.xml', 'stmt', 12))
2023-12-14 14:43:56,389	[INFO]	17      SUCCESS               0.0279 (26.98%) [2 edit(s)] 
2023-12-14 14:43:56,390	[DEBUG]	StmtDeletion(('triangle.cpp.xml', 'stmt', 3)) | StmtDeletion(('triangle.cpp.xml', 'stmt', 3))
2023-12-14 14:43:56,390	[INFO]	18      SUCCESS              +0.0229 (22.15%) [2 edit(s)] 
2023-12-14 14:43:56,391	[DEBUG]	--- before: triangle.cpp
+++ after: triangle.cpp
@@ -8,7 +8,7 @@
 int classify_triangle(double a, double b, double c) {
   double tmp;
 
-  delay();
+  
 
   // Sort the sides so that a <= b <= c
   if(a > b) {

2023-12-14 14:43:56,392	[DEBUG]	StmtDeletion(('triangle.cpp.xml', 'stmt', 3))
2023-12-14 14:43:56,392	[INFO]	19      SUCCESS              +0.0229 (22.15%) [1 edit(s)] 
2023-12-14 14:43:56,393	[DEBUG]	--- before: triangle.cpp
+++ after: triangle.cpp
@@ -8,7 +8,7 @@
 int classify_triangle(double a, double b, double c) {
   double tmp;
 
-  delay();
+  
 
   // Sort the sides so that a <= b <= c
   if(a > b) {

2023-12-14 14:43:56,393	[DEBUG]	
2023-12-14 14:43:56,394	[INFO]	20      SUCCESS               0.0962 (93.04%) [0 edit(s)] 
2023-12-14 14:43:57,154	[DEBUG]	StmtDeletion(('triangle.cpp.xml', 'stmt', 3)) | StmtDeletion(('triangle.cpp.xml', 'stmt', 13))
2023-12-14 14:43:57,154	[INFO]	21      TEST_CODE_ERROR       None  [2 edit(s)]       
2023-12-14 14:43:57,936	[DEBUG]	StmtDeletion(('triangle.cpp.xml', 'stmt', 3)) | StmtDeletion(('triangle.cpp.xml', 'stmt', 19))
2023-12-14 14:43:57,936	[INFO]	22      TEST_CODE_ERROR       None  [2 edit(s)]       
2023-12-14 14:43:58,698	[DEBUG]	StmtDeletion(('triangle.cpp.xml', 'stmt', 3)) | StmtDeletion(('triangle.cpp.xml', 'stmt', 10))
2023-12-14 14:43:58,698	[INFO]	23      TEST_CODE_ERROR       None  [2 edit(s)]       
2023-12-14 14:43:58,839	[DEBUG]	StmtDeletion(('triangle.cpp.xml', 'stmt', 3)) | StmtReplacement(('triangle.cpp.xml', 'stmt', 15), ('triangle.cpp.xml', 'stmt', 1))
2023-12-14 14:43:58,839	[INFO]	24      COMPILE_CODE_ERROR    None  [2 edit(s)]       
2023-12-14 14:43:58,979	[DEBUG]	StmtDeletion(('triangle.cpp.xml', 'stmt', 3)) | StmtReplacement(('triangle.cpp.xml', 'stmt', 18), ('triangle.cpp.xml', 'stmt', 1))
2023-12-14 14:43:58,980	[INFO]	25      COMPILE_CODE_ERROR    None  [2 edit(s)]       
2023-12-14 14:43:59,724	[DEBUG]	StmtDeletion(('triangle.cpp.xml', 'stmt', 3)) | StmtDeletion(('triangle.cpp.xml', 'stmt', 13))
2023-12-14 14:43:59,725	[INFO]	26      TEST_CODE_ERROR       None  [2 edit(s)]       
2023-12-14 14:44:00,486	[DEBUG]	StmtDeletion(('triangle.cpp.xml', 'stmt', 3)) | StmtReplacement(('triangle.cpp.xml', 'stmt', 21), ('triangle.cpp.xml', 'stmt', 12))
2023-12-14 14:44:00,486	[INFO]	27      TEST_CODE_ERROR       None  [2 edit(s)]       
2023-12-14 14:44:01,270	[DEBUG]	StmtDeletion(('triangle.cpp.xml', 'stmt', 3)) | StmtReplacement(('triangle.cpp.xml', 'stmt', 6), ('triangle.cpp.xml', 'stmt', 12))
2023-12-14 14:44:01,270	[INFO]	28      TEST_CODE_ERROR       None  [2 edit(s)]       
2023-12-14 14:44:02,231	[DEBUG]	EXEC>  SUCCESS 0.0231
2023-12-14 14:44:02,231	[DEBUG]	StmtDeletion(('triangle.cpp.xml', 'stmt', 3)) | StmtInsertion(('triangle.cpp.xml', '_inter_block', 25), ('triangle.cpp.xml', 'stmt', 4))
2023-12-14 14:44:02,232	[INFO]	29      SUCCESS               0.0231 (22.34%) [2 edit(s)] 
2023-12-14 14:44:02,994	[DEBUG]	StmtDeletion(('triangle.cpp.xml', 'stmt', 3)) | StmtDeletion(('triangle.cpp.xml', 'stmt', 6))
2023-12-14 14:44:02,994	[INFO]	30      TEST_CODE_ERROR       None  [2 edit(s)]       
2023-12-14 14:44:03,803	[DEBUG]	StmtDeletion(('triangle.cpp.xml', 'stmt', 3)) | StmtInsertion(('triangle.cpp.xml', '_inter_block', 15), ('triangle.cpp.xml', 'stmt', 10))
2023-12-14 14:44:03,804	[INFO]	31      TEST_CODE_ERROR       None  [2 edit(s)]       
2023-12-14 14:44:03,805	[DEBUG]	StmtDeletion(('triangle.cpp.xml', 'stmt', 3)) | StmtReplacement(('triangle.cpp.xml', 'stmt', 9), ('triangle.cpp.xml', 'stmt', 9))
2023-12-14 14:44:03,806	[INFO]	32      SUCCESS              +0.0229 (22.15%) [2 edit(s)] 
2023-12-14 14:44:03,806	[DEBUG]	--- before: triangle.cpp
+++ after: triangle.cpp
@@ -8,7 +8,7 @@
 int classify_triangle(double a, double b, double c) {
   double tmp;
 
-  delay();
+  
 
   // Sort the sides so that a <= b <= c
   if(a > b) {

2023-12-14 14:44:04,559	[DEBUG]	StmtDeletion(('triangle.cpp.xml', 'stmt', 3)) | StmtReplacement(('triangle.cpp.xml', 'stmt', 9), ('triangle.cpp.xml', 'stmt', 9)) | StmtReplacement(('triangle.cpp.xml', 'stmt', 22), ('triangle.cpp.xml', 'stmt', 16))
2023-12-14 14:44:04,559	[INFO]	33      TEST_CODE_ERROR       None  [3 edit(s)]       
2023-12-14 14:44:05,303	[DEBUG]	StmtDeletion(('triangle.cpp.xml', 'stmt', 3)) | StmtReplacement(('triangle.cpp.xml', 'stmt', 9), ('triangle.cpp.xml', 'stmt', 9)) | StmtDeletion(('triangle.cpp.xml', 'stmt', 7))
2023-12-14 14:44:05,304	[INFO]	34      TEST_CODE_ERROR       None  [3 edit(s)]       
2023-12-14 14:44:05,305	[DEBUG]	StmtDeletion(('triangle.cpp.xml', 'stmt', 3))
2023-12-14 14:44:05,305	[INFO]	35      SUCCESS              +0.0229 (22.15%) [1 edit(s)] 
2023-12-14 14:44:05,305	[DEBUG]	--- before: triangle.cpp
+++ after: triangle.cpp
@@ -8,7 +8,7 @@
 int classify_triangle(double a, double b, double c) {
   double tmp;
 
-  delay();
+  
 
   // Sort the sides so that a <= b <= c
   if(a > b) {

2023-12-14 14:44:05,309	[DEBUG]	
2023-12-14 14:44:05,310	[INFO]	36      SUCCESS               0.0962 (93.04%) [0 edit(s)] 
2023-12-14 14:44:05,454	[DEBUG]	StmtDeletion(('triangle.cpp.xml', 'stmt', 3)) | StmtInsertion(('triangle.cpp.xml', '_inter_block', 3), ('triangle.cpp.xml', 'stmt', 2))
2023-12-14 14:44:05,454	[INFO]	37      COMPILE_CODE_ERROR    None  [2 edit(s)]       
2023-12-14 14:44:06,222	[DEBUG]	StmtDeletion(('triangle.cpp.xml', 'stmt', 3)) | StmtInsertion(('triangle.cpp.xml', '_inter_block', 28), ('triangle.cpp.xml', 'stmt', 7))
2023-12-14 14:44:06,223	[INFO]	38      TEST_CODE_ERROR       None  [2 edit(s)]       
2023-12-14 14:44:06,369	[DEBUG]	StmtDeletion(('triangle.cpp.xml', 'stmt', 3)) | StmtDeletion(('triangle.cpp.xml', 'stmt', 0))
2023-12-14 14:44:06,370	[INFO]	39      COMPILE_CODE_ERROR    None  [2 edit(s)]       
2023-12-14 14:44:07,165	[DEBUG]	StmtDeletion(('triangle.cpp.xml', 'stmt', 3)) | StmtDeletion(('triangle.cpp.xml', 'stmt', 22))
2023-12-14 14:44:07,166	[INFO]	40      TEST_CODE_ERROR       None  [2 edit(s)]       
2023-12-14 14:44:07,926	[DEBUG]	StmtDeletion(('triangle.cpp.xml', 'stmt', 3)) | StmtInsertion(('triangle.cpp.xml', '_inter_block', 13), ('triangle.cpp.xml', 'stmt', 19))
2023-12-14 14:44:07,927	[INFO]	41      TEST_CODE_ERROR       None  [2 edit(s)]       
2023-12-14 14:44:08,766	[DEBUG]	StmtDeletion(('triangle.cpp.xml', 'stmt', 3)) | StmtDeletion(('triangle.cpp.xml', 'stmt', 15))
2023-12-14 14:44:08,767	[INFO]	42      TEST_CODE_ERROR       None  [2 edit(s)]       
2023-12-14 14:44:08,924	[DEBUG]	StmtDeletion(('triangle.cpp.xml', 'stmt', 3)) | StmtDeletion(('triangle.cpp.xml', 'stmt', 2))
2023-12-14 14:44:08,924	[INFO]	43      COMPILE_CODE_ERROR    None  [2 edit(s)]       
2023-12-14 14:44:09,723	[DEBUG]	StmtDeletion(('triangle.cpp.xml', 'stmt', 3)) | StmtReplacement(('triangle.cpp.xml', 'stmt', 14), ('triangle.cpp.xml', 'stmt', 6))
2023-12-14 14:44:09,723	[INFO]	44      TEST_CODE_ERROR       None  [2 edit(s)]       
2023-12-14 14:44:10,525	[DEBUG]	StmtDeletion(('triangle.cpp.xml', 'stmt', 3)) | StmtReplacement(('triangle.cpp.xml', 'stmt', 19), ('triangle.cpp.xml', 'stmt', 14))
2023-12-14 14:44:10,525	[INFO]	45      TEST_CODE_ERROR       None  [2 edit(s)]       
2023-12-14 14:44:11,297	[DEBUG]	StmtDeletion(('triangle.cpp.xml', 'stmt', 3)) | StmtReplacement(('triangle.cpp.xml', 'stmt', 6), ('triangle.cpp.xml', 'stmt', 16))
2023-12-14 14:44:11,298	[INFO]	46      TEST_CODE_ERROR       None  [2 edit(s)]       
2023-12-14 14:44:12,052	[DEBUG]	StmtDeletion(('triangle.cpp.xml', 'stmt', 3)) | StmtDeletion(('triangle.cpp.xml', 'stmt', 21))
2023-12-14 14:44:12,052	[INFO]	47      TEST_CODE_ERROR       None  [2 edit(s)]       
2023-12-14 14:44:12,853	[DEBUG]	EXEC>  SUCCESS 0.0234
2023-12-14 14:44:12,854	[DEBUG]	StmtDeletion(('triangle.cpp.xml', 'stmt', 3)) | StmtReplacement(('triangle.cpp.xml', 'stmt', 8), ('triangle.cpp.xml', 'stmt', 12))
2023-12-14 14:44:12,855	[INFO]	48      SUCCESS               0.0234 (22.63%) [2 edit(s)] 
2023-12-14 14:44:13,609	[DEBUG]	StmtDeletion(('triangle.cpp.xml', 'stmt', 3)) | StmtDeletion(('triangle.cpp.xml', 'stmt', 18))
2023-12-14 14:44:13,609	[INFO]	49      TEST_CODE_ERROR       None  [2 edit(s)]       
2023-12-14 14:44:14,375	[DEBUG]	StmtDeletion(('triangle.cpp.xml', 'stmt', 3)) | StmtDeletion(('triangle.cpp.xml', 'stmt', 13))
2023-12-14 14:44:14,375	[INFO]	50      TEST_CODE_ERROR       None  [2 edit(s)]       
2023-12-14 14:44:15,093	[DEBUG]	StmtDeletion(('triangle.cpp.xml', 'stmt', 3)) | StmtDeletion(('triangle.cpp.xml', 'stmt', 11))
2023-12-14 14:44:15,094	[INFO]	51      TEST_CODE_ERROR       None  [2 edit(s)]       
2023-12-14 14:44:15,833	[DEBUG]	StmtDeletion(('triangle.cpp.xml', 'stmt', 3)) | StmtInsertion(('triangle.cpp.xml', '_inter_block', 9), ('triangle.cpp.xml', 'stmt', 19))
2023-12-14 14:44:15,833	[INFO]	52      TEST_CODE_ERROR       None  [2 edit(s)]       
2023-12-14 14:44:16,588	[DEBUG]	EXEC>  SUCCESS 0.023
2023-12-14 14:44:16,589	[DEBUG]	StmtDeletion(('triangle.cpp.xml', 'stmt', 3)) | StmtDeletion(('triangle.cpp.xml', 'stmt', 4))
2023-12-14 14:44:16,590	[INFO]	53      SUCCESS               0.023 (22.24%) [2 edit(s)] 
2023-12-14 14:44:17,406	[DEBUG]	EXEC>  SUCCESS 0.0655
2023-12-14 14:44:17,406	[DEBUG]	StmtDeletion(('triangle.cpp.xml', 'stmt', 3)) | StmtInsertion(('triangle.cpp.xml', '_inter_block', 29), ('triangle.cpp.xml', 'stmt', 3))
2023-12-14 14:44:17,408	[INFO]	54      SUCCESS               0.0655 (63.35%) [2 edit(s)] 
2023-12-14 14:44:18,225	[DEBUG]	StmtDeletion(('triangle.cpp.xml', 'stmt', 3)) | StmtReplacement(('triangle.cpp.xml', 'stmt', 7), ('triangle.cpp.xml', 'stmt', 12))
2023-12-14 14:44:18,225	[INFO]	55      TEST_CODE_ERROR       None  [2 edit(s)]       
2023-12-14 14:44:19,022	[DEBUG]	StmtDeletion(('triangle.cpp.xml', 'stmt', 3)) | StmtDeletion(('triangle.cpp.xml', 'stmt', 18))
2023-12-14 14:44:19,022	[INFO]	56      TEST_CODE_ERROR       None  [2 edit(s)]       
2023-12-14 14:44:19,157	[DEBUG]	StmtDeletion(('triangle.cpp.xml', 'stmt', 3)) | StmtInsertion(('triangle.cpp.xml', '_inter_block', 6), ('triangle.cpp.xml', 'stmt', 9))
2023-12-14 14:44:19,157	[INFO]	57      COMPILE_CODE_ERROR    None  [2 edit(s)]       
2023-12-14 14:44:19,919	[DEBUG]	StmtDeletion(('triangle.cpp.xml', 'stmt', 3)) | StmtReplacement(('triangle.cpp.xml', 'stmt', 12), ('triangle.cpp.xml', 'stmt', 0))
2023-12-14 14:44:19,919	[INFO]	58      TEST_CODE_ERROR       None  [2 edit(s)]       
2023-12-14 14:44:20,680	[DEBUG]	StmtDeletion(('triangle.cpp.xml', 'stmt', 3)) | StmtDeletion(('triangle.cpp.xml', 'stmt', 6))
2023-12-14 14:44:20,681	[INFO]	59      TEST_CODE_ERROR       None  [2 edit(s)]       
2023-12-14 14:44:21,451	[DEBUG]	StmtDeletion(('triangle.cpp.xml', 'stmt', 3)) | StmtInsertion(('triangle.cpp.xml', '_inter_block', 29), ('triangle.cpp.xml', 'stmt', 21))
2023-12-14 14:44:21,451	[INFO]	60      TEST_CODE_ERROR       None  [2 edit(s)]       
2023-12-14 14:44:22,214	[DEBUG]	StmtDeletion(('triangle.cpp.xml', 'stmt', 3)) | StmtDeletion(('triangle.cpp.xml', 'stmt', 14))
2023-12-14 14:44:22,214	[INFO]	61      TEST_CODE_ERROR       None  [2 edit(s)]       
2023-12-14 14:44:22,984	[DEBUG]	StmtDeletion(('triangle.cpp.xml', 'stmt', 3)) | StmtReplacement(('triangle.cpp.xml', 'stmt', 11), ('triangle.cpp.xml', 'stmt', 2))
2023-12-14 14:44:22,984	[INFO]	62      TEST_CODE_ERROR       None  [2 edit(s)]       
2023-12-14 14:44:23,750	[DEBUG]	StmtDeletion(('triangle.cpp.xml', 'stmt', 3)) | StmtReplacement(('triangle.cpp.xml', 'stmt', 14), ('triangle.cpp.xml', 'stmt', 10))
2023-12-14 14:44:23,750	[INFO]	63      TEST_CODE_ERROR       None  [2 edit(s)]       
2023-12-14 14:44:24,528	[DEBUG]	StmtDeletion(('triangle.cpp.xml', 'stmt', 3)) | StmtDeletion(('triangle.cpp.xml', 'stmt', 17))
2023-12-14 14:44:24,528	[INFO]	64      TEST_CODE_ERROR       None  [2 edit(s)]       
2023-12-14 14:44:24,529	[DEBUG]	StmtDeletion(('triangle.cpp.xml', 'stmt', 3)) | StmtDeletion(('triangle.cpp.xml', 'stmt', 3))
2023-12-14 14:44:24,530	[INFO]	65      SUCCESS              +0.0229 (22.15%) [2 edit(s)] 
2023-12-14 14:44:24,530	[DEBUG]	--- before: triangle.cpp
+++ after: triangle.cpp
@@ -8,7 +8,7 @@
 int classify_triangle(double a, double b, double c) {
   double tmp;
 
-  delay();
+  
 
   // Sort the sides so that a <= b <= c
   if(a > b) {

2023-12-14 14:44:25,272	[DEBUG]	StmtDeletion(('triangle.cpp.xml', 'stmt', 3)) | StmtDeletion(('triangle.cpp.xml', 'stmt', 3)) | StmtDeletion(('triangle.cpp.xml', 'stmt', 19))
2023-12-14 14:44:25,272	[INFO]	66      TEST_CODE_ERROR       None  [3 edit(s)]       
2023-12-14 14:44:25,274	[DEBUG]	StmtDeletion(('triangle.cpp.xml', 'stmt', 3))
2023-12-14 14:44:25,274	[INFO]	67      SUCCESS              +0.0229 (22.15%) [1 edit(s)] 
2023-12-14 14:44:25,274	[DEBUG]	--- before: triangle.cpp
+++ after: triangle.cpp
@@ -8,7 +8,7 @@
 int classify_triangle(double a, double b, double c) {
   double tmp;
 
-  delay();
+  
 
   // Sort the sides so that a <= b <= c
   if(a > b) {

2023-12-14 14:44:25,275	[DEBUG]	
2023-12-14 14:44:25,275	[INFO]	68      SUCCESS               0.0962 (93.04%) [0 edit(s)] 
2023-12-14 14:44:25,420	[DEBUG]	StmtDeletion(('triangle.cpp.xml', 'stmt', 3)) | StmtReplacement(('triangle.cpp.xml', 'stmt', 1), ('triangle.cpp.xml', 'stmt', 22))
2023-12-14 14:44:25,420	[INFO]	69      COMPILE_CODE_ERROR    None  [2 edit(s)]       
2023-12-14 14:44:26,208	[DEBUG]	EXEC>  SUCCESS 0.0235
2023-12-14 14:44:26,208	[DEBUG]	StmtDeletion(('triangle.cpp.xml', 'stmt', 3)) | StmtDeletion(('triangle.cpp.xml', 'stmt', 8))
2023-12-14 14:44:26,209	[INFO]	70      SUCCESS               0.0235 (22.73%) [2 edit(s)] 
2023-12-14 14:44:26,967	[DEBUG]	StmtDeletion(('triangle.cpp.xml', 'stmt', 3)) | StmtInsertion(('triangle.cpp.xml', '_inter_block', 26), ('triangle.cpp.xml', 'stmt', 17))
2023-12-14 14:44:26,967	[INFO]	71      TEST_CODE_ERROR       None  [2 edit(s)]       
2023-12-14 14:44:27,099	[DEBUG]	StmtDeletion(('triangle.cpp.xml', 'stmt', 3)) | StmtInsertion(('triangle.cpp.xml', '_inter_block', 1), ('triangle.cpp.xml', 'stmt', 11))
2023-12-14 14:44:27,099	[INFO]	72      COMPILE_CODE_ERROR    None  [2 edit(s)]       
2023-12-14 14:44:27,838	[DEBUG]	StmtDeletion(('triangle.cpp.xml', 'stmt', 3)) | StmtReplacement(('triangle.cpp.xml', 'stmt', 13), ('triangle.cpp.xml', 'stmt', 15))
2023-12-14 14:44:27,839	[INFO]	73      TEST_CODE_ERROR       None  [2 edit(s)]       
2023-12-14 14:44:28,587	[DEBUG]	StmtDeletion(('triangle.cpp.xml', 'stmt', 3)) | StmtReplacement(('triangle.cpp.xml', 'stmt', 19), ('triangle.cpp.xml', 'stmt', 14))
2023-12-14 14:44:28,588	[INFO]	74      TEST_CODE_ERROR       None  [2 edit(s)]       
2023-12-14 14:44:29,378	[DEBUG]	StmtDeletion(('triangle.cpp.xml', 'stmt', 3)) | StmtDeletion(('triangle.cpp.xml', 'stmt', 16))
2023-12-14 14:44:29,379	[INFO]	75      TEST_CODE_ERROR       None  [2 edit(s)]       
2023-12-14 14:44:30,177	[DEBUG]	StmtDeletion(('triangle.cpp.xml', 'stmt', 3)) | StmtReplacement(('triangle.cpp.xml', 'stmt', 5), ('triangle.cpp.xml', 'stmt', 19))
2023-12-14 14:44:30,177	[INFO]	76      TEST_CODE_ERROR       None  [2 edit(s)]       
2023-12-14 14:44:30,919	[DEBUG]	StmtDeletion(('triangle.cpp.xml', 'stmt', 3)) | StmtInsertion(('triangle.cpp.xml', '_inter_block', 11), ('triangle.cpp.xml', 'stmt', 11))
2023-12-14 14:44:30,919	[INFO]	77      TEST_CODE_ERROR       None  [2 edit(s)]       
2023-12-14 14:44:31,694	[DEBUG]	StmtDeletion(('triangle.cpp.xml', 'stmt', 3)) | StmtDeletion(('triangle.cpp.xml', 'stmt', 10))
2023-12-14 14:44:31,694	[INFO]	78      TEST_CODE_ERROR       None  [2 edit(s)]       
2023-12-14 14:44:32,452	[DEBUG]	StmtDeletion(('triangle.cpp.xml', 'stmt', 3)) | StmtReplacement(('triangle.cpp.xml', 'stmt', 22), ('triangle.cpp.xml', 'stmt', 12))
2023-12-14 14:44:32,452	[INFO]	79      TEST_CODE_ERROR       None  [2 edit(s)]       
2023-12-14 14:44:33,219	[DEBUG]	StmtDeletion(('triangle.cpp.xml', 'stmt', 3)) | StmtDeletion(('triangle.cpp.xml', 'stmt', 21))
2023-12-14 14:44:33,219	[INFO]	80      TEST_CODE_ERROR       None  [2 edit(s)]       
2023-12-14 14:44:33,995	[DEBUG]	StmtDeletion(('triangle.cpp.xml', 'stmt', 3)) | StmtInsertion(('triangle.cpp.xml', '_inter_block', 14), ('triangle.cpp.xml', 'stmt', 6))
2023-12-14 14:44:33,996	[INFO]	81      TEST_CODE_ERROR       None  [2 edit(s)]       
2023-12-14 14:44:34,773	[DEBUG]	StmtDeletion(('triangle.cpp.xml', 'stmt', 3)) | StmtReplacement(('triangle.cpp.xml', 'stmt', 22), ('triangle.cpp.xml', 'stmt', 3))
2023-12-14 14:44:34,773	[INFO]	82      TEST_CODE_ERROR       None  [2 edit(s)]       
2023-12-14 14:44:35,611	[DEBUG]	EXEC>  SUCCESS 0.0969
2023-12-14 14:44:35,611	[DEBUG]	StmtDeletion(('triangle.cpp.xml', 'stmt', 3)) | StmtInsertion(('triangle.cpp.xml', '_inter_block', 8), ('triangle.cpp.xml', 'stmt', 3))
2023-12-14 14:44:35,612	[INFO]	83      SUCCESS               0.0969 (93.71%) [2 edit(s)] 
2023-12-14 14:44:35,743	[DEBUG]	StmtDeletion(('triangle.cpp.xml', 'stmt', 3)) | StmtInsertion(('triangle.cpp.xml', '_inter_block', 7), ('triangle.cpp.xml', 'stmt', 7))
2023-12-14 14:44:35,744	[INFO]	84      COMPILE_CODE_ERROR    None  [2 edit(s)]       
2023-12-14 14:44:35,858	[DEBUG]	StmtDeletion(('triangle.cpp.xml', 'stmt', 3)) | StmtDeletion(('triangle.cpp.xml', 'stmt', 0))
2023-12-14 14:44:35,859	[INFO]	85      COMPILE_CODE_ERROR    None  [2 edit(s)]       
2023-12-14 14:44:36,645	[DEBUG]	EXEC>  SUCCESS 0.0319
2023-12-14 14:44:36,646	[DEBUG]	StmtDeletion(('triangle.cpp.xml', 'stmt', 3)) | StmtInsertion(('triangle.cpp.xml', '_inter_block', 17), ('triangle.cpp.xml', 'stmt', 11))
2023-12-14 14:44:36,646	[INFO]	86      SUCCESS               0.0319 (30.85%) [2 edit(s)] 
2023-12-14 14:44:36,806	[DEBUG]	StmtDeletion(('triangle.cpp.xml', 'stmt', 3)) | StmtInsertion(('triangle.cpp.xml', '_inter_block', 0), ('triangle.cpp.xml', 'stmt', 13))
2023-12-14 14:44:36,806	[INFO]	87      COMPILE_CODE_ERROR    None  [2 edit(s)]       
2023-12-14 14:44:37,565	[DEBUG]	EXEC>  SUCCESS 0.0228
2023-12-14 14:44:37,566	[DEBUG]	StmtDeletion(('triangle.cpp.xml', 'stmt', 3)) | StmtInsertion(('triangle.cpp.xml', '_inter_block', 31), ('triangle.cpp.xml', 'stmt', 6))
2023-12-14 14:44:37,566	[INFO]	88      SUCCESS              *0.0228 (22.05%) [2 edit(s)] 
2023-12-14 14:44:37,568	[DEBUG]	--- before: triangle.cpp
+++ after: triangle.cpp
@@ -8,7 +8,7 @@
 int classify_triangle(double a, double b, double c) {
   double tmp;
 
-  delay();
+  
 
   // Sort the sides so that a <= b <= c
   if(a > b) {
@@ -32,6 +32,7 @@
   if(a + b <= c)
     /*auto*/{
       return INVALID;
+      a = b;
     }/*auto*/
   if(a == b && b == c)
     /*auto*/{

2023-12-14 14:44:37,697	[DEBUG]	StmtDeletion(('triangle.cpp.xml', 'stmt', 3)) | StmtInsertion(('triangle.cpp.xml', '_inter_block', 31), ('triangle.cpp.xml', 'stmt', 6)) | StmtReplacement(('triangle.cpp.xml', 'stmt', 1), ('triangle.cpp.xml', 'stmt', 8))
2023-12-14 14:44:37,697	[INFO]	89      COMPILE_CODE_ERROR    None  [3 edit(s)]       
2023-12-14 14:44:38,445	[DEBUG]	StmtDeletion(('triangle.cpp.xml', 'stmt', 3)) | StmtInsertion(('triangle.cpp.xml', '_inter_block', 31), ('triangle.cpp.xml', 'stmt', 6)) | StmtReplacement(('triangle.cpp.xml', 'stmt', 18), ('triangle.cpp.xml', 'stmt', 5))
2023-12-14 14:44:38,446	[INFO]	90      TEST_CODE_ERROR       None  [3 edit(s)]       
2023-12-14 14:44:38,447	[DEBUG]	StmtDeletion(('triangle.cpp.xml', 'stmt', 3))
2023-12-14 14:44:38,447	[INFO]	91      SUCCESS               0.0229 (22.15%) [1 edit(s)] 
2023-12-14 14:44:39,310	[DEBUG]	EXEC>  SUCCESS 0.0966
2023-12-14 14:44:39,310	[DEBUG]	StmtInsertion(('triangle.cpp.xml', '_inter_block', 31), ('triangle.cpp.xml', 'stmt', 6))
2023-12-14 14:44:39,311	[INFO]	92      SUCCESS               0.0966 (93.42%) [1 edit(s)] 
2023-12-14 14:44:40,075	[DEBUG]	StmtDeletion(('triangle.cpp.xml', 'stmt', 3)) | StmtInsertion(('triangle.cpp.xml', '_inter_block', 31), ('triangle.cpp.xml', 'stmt', 6)) | StmtDeletion(('triangle.cpp.xml', 'stmt', 9))
2023-12-14 14:44:40,075	[INFO]	93      TEST_CODE_ERROR       None  [3 edit(s)]       
2023-12-14 14:44:40,808	[DEBUG]	StmtDeletion(('triangle.cpp.xml', 'stmt', 3)) | StmtInsertion(('triangle.cpp.xml', '_inter_block', 31), ('triangle.cpp.xml', 'stmt', 6)) | StmtDeletion(('triangle.cpp.xml', 'stmt', 14))
2023-12-14 14:44:40,809	[INFO]	94      TEST_CODE_ERROR       None  [3 edit(s)]       
2023-12-14 14:44:41,610	[DEBUG]	StmtDeletion(('triangle.cpp.xml', 'stmt', 3)) | StmtInsertion(('triangle.cpp.xml', '_inter_block', 31), ('triangle.cpp.xml', 'stmt', 6)) | StmtDeletion(('triangle.cpp.xml', 'stmt', 6))
2023-12-14 14:44:41,610	[INFO]	95      TEST_CODE_ERROR       None  [3 edit(s)]       
2023-12-14 14:44:42,415	[DEBUG]	EXEC>  SUCCESS 0.0237
2023-12-14 14:44:42,415	[DEBUG]	StmtDeletion(('triangle.cpp.xml', 'stmt', 3)) | StmtInsertion(('triangle.cpp.xml', '_inter_block', 31), ('triangle.cpp.xml', 'stmt', 6)) | StmtInsertion(('triangle.cpp.xml', '_inter_block', 12), ('triangle.cpp.xml', 'stmt', 8))
2023-12-14 14:44:42,416	[INFO]	96      SUCCESS               0.0237 (22.92%) [3 edit(s)] 
2023-12-14 14:44:42,557	[DEBUG]	StmtDeletion(('triangle.cpp.xml', 'stmt', 3)) | StmtInsertion(('triangle.cpp.xml', '_inter_block', 31), ('triangle.cpp.xml', 'stmt', 6)) | StmtReplacement(('triangle.cpp.xml', 'stmt', 1), ('triangle.cpp.xml', 'stmt', 22))
2023-12-14 14:44:42,557	[INFO]	97      COMPILE_CODE_ERROR    None  [3 edit(s)]       
2023-12-14 14:44:43,315	[DEBUG]	EXEC>  SUCCESS 0.0232
2023-12-14 14:44:43,316	[DEBUG]	StmtDeletion(('triangle.cpp.xml', 'stmt', 3)) | StmtInsertion(('triangle.cpp.xml', '_inter_block', 31), ('triangle.cpp.xml', 'stmt', 6)) | StmtInsertion(('triangle.cpp.xml', '_inter_block', 28), ('triangle.cpp.xml', 'stmt', 12))
2023-12-14 14:44:43,316	[INFO]	98      SUCCESS               0.0232 (22.44%) [3 edit(s)] 
2023-12-14 14:44:44,089	[DEBUG]	StmtDeletion(('triangle.cpp.xml', 'stmt', 3)) | StmtInsertion(('triangle.cpp.xml', '_inter_block', 31), ('triangle.cpp.xml', 'stmt', 6)) | StmtReplacement(('triangle.cpp.xml', 'stmt', 22), ('triangle.cpp.xml', 'stmt', 16))
2023-12-14 14:44:44,090	[INFO]	99      TEST_CODE_ERROR       None  [3 edit(s)]       
2023-12-14 14:44:44,863	[DEBUG]	EXEC>  SUCCESS 0.0231
2023-12-14 14:44:44,863	[DEBUG]	StmtDeletion(('triangle.cpp.xml', 'stmt', 3)) | StmtInsertion(('triangle.cpp.xml', '_inter_block', 31), ('triangle.cpp.xml', 'stmt', 6)) | StmtInsertion(('triangle.cpp.xml', '_inter_block', 16), ('triangle.cpp.xml', 'stmt', 11))
2023-12-14 14:44:44,864	[INFO]	100     SUCCESS               0.0231 (22.34%) [3 edit(s)] 
2023-12-14 14:44:44,865	[INFO]	==== END ====
2023-12-14 14:44:44,866	[INFO]	
2023-12-14 14:44:44,866	[INFO]	==== REPORT ====
2023-12-14 14:44:44,866	[INFO]	Termination: step budget
2023-12-14 14:44:44,866	[INFO]	Log file: /cs/student/ug/2020/damibose/projects/magpie/_magpie_logs/triangle-cpp_slow_1702565022.log
2023-12-14 14:44:44,868	[INFO]	Patch file: _magpie_logs/triangle-cpp_slow_1702565022.patch
2023-12-14 14:44:44,868	[INFO]	Diff file: _magpie_logs/triangle-cpp_slow_1702565022.diff
2023-12-14 14:44:44,868	[INFO]	Best fitness: 0.0228
2023-12-14 14:44:44,868	[INFO]	Best patch: StmtDeletion(('triangle.cpp.xml', 'stmt', 3)) | StmtInsertion(('triangle.cpp.xml', '_inter_block', 31), ('triangle.cpp.xml', 'stmt', 6))
2023-12-14 14:44:44,869	[INFO]	Diff:
--- before: triangle.cpp
+++ after: triangle.cpp
@@ -8,7 +8,7 @@
 int classify_triangle(double a, double b, double c) {
   double tmp;
 
-  delay();
+  
 
   // Sort the sides so that a <= b <= c
   if(a > b) {
@@ -32,6 +32,7 @@
   if(a + b <= c)
     /*auto*/{
       return INVALID;
+      a = b;
     }/*auto*/
   if(a == b && b == c)
     /*auto*/{

