2023-12-27 22:50:52,702	[DEBUG]	==== CONFIG ====
[magpie]
import = 
seed = 6
log_dir = _magpie_logs
work_dir = _magpie_work
final_out_dir = experiments/results/BestImprovementNoTabu/epsilon_greedy/trial_6
local_original_copy = True
local_original_name = __original__
output_encoding = ascii
edit_retries = 10
default_timeout = 30
default_lengthout = 10000.0
diff_method = unified
trust_local_filesystem = True

[software]
path = examples/code/triangle-cpp_slow
target_files = 
	triangle.cpp.xml
program = BasicProgram
engine_rules = 
	*.params : ConfigFileParamsEngine
	*.xml : SrcmlEngine
	* : LineEngine
engine_config = 
	*.params : [params]
	*.xml : [srcml]
init_cmd = 
init_timeout = 60
init_lengthout = -1
setup_cmd = ./setup.sh
setup_timeout = 
setup_lengthout = 
compile_cmd = ./compile.sh
compile_timeout = 
compile_lengthout = 
test_cmd = ./build/test_triangle
test_timeout = 
test_lengthout = 
run_cmd = perf stat ./build/run_triangle
run_timeout = 1
run_lengthout = 
batch_timeout = 
batch_lengthout = 
batch_bin_fitness_strategy = aggregate
batch_fitness_strategy = sum
fitness = perf_instructions

[srcml]
rename = 
focus = block break continue decl_stmt do expr_stmt for goto if return switch while
internodes = block
process_pseudo_blocks = True
process_literals = False
process_operators = False

[params]
timing = test run
cli_prefix = --
cli_glue = =
cli_boolean = show
cli_boolean_prefix_true = 
cli_boolean_prefix_false = no-
silent_prefix = @
silent_suffix = $

[search]
protocol = BasicProtocol
algorithm = BestImprovementNoTabu
possible_edits = 
	DeclStmtReplacement
	ExprStmtReplacement
	IfReplacement
	ReturnReplacement
	DeclStmtInsertion
	ExprStmtInsertion
	IfInsertion
	ReturnInsertion
	DeclStmtDeletion
	ExprStmtDeletion
	IfDeletion
	ReturnDeletion
warmup = 5
warmup_strategy = last
max_steps = 100
max_time = 60
target_fitness = 
cache_maxsize = 40
cache_keep = 0.2
batch_instances = 
batch_shuffle = True
batch_bin_shuffle = False
batch_sample_size = 1
operator_selector = EpsilonGreedy
epsilon = 0.2

[search.ls]
delete_prob = 0
max_neighbours = 20
when_trapped = continue
accept_fail = False
tabu_length = 10

[search.gp]
pop_size = 10
delete_prob = 0.5
offspring_elitism = 0.1
offspring_crossover = 0.5
offspring_mutation = 0.4
uniform_rate = 0.5
batch_reset = True

[search.minify]
do_cleanup = True
do_rebuild = True
do_simplify = True
round_robin_limit = 3


2023-12-27 22:50:52,715	[INFO]	==== WARMUP ====
2023-12-27 22:51:00,213	[DEBUG]	EXEC>  SUCCESS 1570796
2023-12-27 22:51:00,216	[INFO]	WARM    SUCCESS               1570796                 
2023-12-27 22:51:03,505	[DEBUG]	EXEC>  SUCCESS 1217159
2023-12-27 22:51:03,506	[INFO]	WARM    SUCCESS               1217159                 
2023-12-27 22:51:06,784	[DEBUG]	EXEC>  SUCCESS 1273837
2023-12-27 22:51:06,785	[INFO]	WARM    SUCCESS               1273837                 
2023-12-27 22:51:09,811	[DEBUG]	EXEC>  SUCCESS 1204239
2023-12-27 22:51:09,812	[INFO]	WARM    SUCCESS               1204239                 
2023-12-27 22:51:12,882	[DEBUG]	EXEC>  SUCCESS 1204239
2023-12-27 22:51:12,882	[INFO]	WARM    SUCCESS               1204239                 
2023-12-27 22:51:12,882	[INFO]	INITIAL SUCCESS               1204239                 
2023-12-27 22:51:12,883	[INFO]	==== START: BestImprovementNoTabu ====
2023-12-27 22:51:13,543	[DEBUG]	DeclStmtReplacement(('triangle.cpp.xml', 'decl_stmt', 0), ('triangle.cpp.xml', 'stmt', 20))
2023-12-27 22:51:13,543	[INFO]	1       COMPILE_CODE_ERROR    None  [1 edit(s)]       
2023-12-27 22:51:16,004	[DEBUG]	EXEC>  SUCCESS 1204312
2023-12-27 22:51:16,005	[DEBUG]	IfInsertion(('triangle.cpp.xml', '_inter_block', 4), ('triangle.cpp.xml', 'if', 4))
2023-12-27 22:51:16,005	[INFO]	2       SUCCESS               1204312 (100.01%) [1 edit(s)] 
2023-12-27 22:51:16,747	[DEBUG]	IfInsertion(('triangle.cpp.xml', '_inter_block', 1), ('triangle.cpp.xml', 'if', 5))
2023-12-27 22:51:16,747	[INFO]	3       COMPILE_CODE_ERROR    None  [1 edit(s)]       
2023-12-27 22:51:19,337	[DEBUG]	EXEC>  SUCCESS 1204347
2023-12-27 22:51:19,338	[DEBUG]	IfInsertion(('triangle.cpp.xml', '_inter_block', 10), ('triangle.cpp.xml', 'if', 0))
2023-12-27 22:51:19,338	[INFO]	4       SUCCESS               1204347 (100.01%) [1 edit(s)] 
2023-12-27 22:51:22,288	[DEBUG]	EXEC>  SUCCESS 1227815
2023-12-27 22:51:22,289	[DEBUG]	IfInsertion(('triangle.cpp.xml', '_inter_block', 11), ('triangle.cpp.xml', 'if', 3))
2023-12-27 22:51:22,289	[INFO]	5       SUCCESS               1227815 (101.96%) [1 edit(s)] 
2023-12-27 22:51:25,261	[DEBUG]	EXEC>  SUCCESS 1204240
2023-12-27 22:51:25,262	[DEBUG]	IfInsertion(('triangle.cpp.xml', '_inter_block', 27), ('triangle.cpp.xml', 'if', 5))
2023-12-27 22:51:25,262	[INFO]	6       SUCCESS               1204240 (100.0%) [1 edit(s)] 
2023-12-27 22:51:26,096	[DEBUG]	IfInsertion(('triangle.cpp.xml', '_inter_block', 3), ('triangle.cpp.xml', 'if', 5))
2023-12-27 22:51:26,097	[INFO]	7       COMPILE_CODE_ERROR    None  [1 edit(s)]       
2023-12-27 22:51:28,867	[DEBUG]	EXEC>  SUCCESS 1247674
2023-12-27 22:51:28,867	[DEBUG]	IfInsertion(('triangle.cpp.xml', '_inter_block', 20), ('triangle.cpp.xml', 'if', 0))
2023-12-27 22:51:28,867	[INFO]	8       SUCCESS               1247674 (103.61%) [1 edit(s)] 
2023-12-27 22:51:31,691	[DEBUG]	EXEC>  SUCCESS 1204425
2023-12-27 22:51:31,691	[DEBUG]	IfInsertion(('triangle.cpp.xml', '_inter_block', 11), ('triangle.cpp.xml', 'if', 5))
2023-12-27 22:51:31,692	[INFO]	9       SUCCESS               1204425 (100.02%) [1 edit(s)] 
2023-12-27 22:51:34,497	[DEBUG]	EXEC>  SUCCESS 1480094
2023-12-27 22:51:34,498	[DEBUG]	IfInsertion(('triangle.cpp.xml', '_inter_block', 9), ('triangle.cpp.xml', 'if', 3))
2023-12-27 22:51:34,498	[INFO]	10      SUCCESS               1480094 (122.91%) [1 edit(s)] 
2023-12-27 22:51:37,303	[DEBUG]	EXEC>  SUCCESS 1204257
2023-12-27 22:51:37,304	[DEBUG]	IfInsertion(('triangle.cpp.xml', '_inter_block', 14), ('triangle.cpp.xml', 'if', 3))
2023-12-27 22:51:37,304	[INFO]	11      SUCCESS               1204257 (100.0%) [1 edit(s)] 
2023-12-27 22:51:38,008	[DEBUG]	DeclStmtDeletion(('triangle.cpp.xml', 'decl_stmt', 1))
2023-12-27 22:51:38,008	[INFO]	12      COMPILE_CODE_ERROR    None  [1 edit(s)]       
2023-12-27 22:51:40,903	[DEBUG]	EXEC>  SUCCESS 1204300
2023-12-27 22:51:40,903	[DEBUG]	IfInsertion(('triangle.cpp.xml', '_inter_block', 30), ('triangle.cpp.xml', 'if', 3))
2023-12-27 22:51:40,904	[INFO]	13      SUCCESS               1204300 (100.01%) [1 edit(s)] 
2023-12-27 22:51:43,742	[DEBUG]	EXEC>  SUCCESS 1286500
2023-12-27 22:51:43,746	[DEBUG]	IfInsertion(('triangle.cpp.xml', '_inter_block', 12), ('triangle.cpp.xml', 'if', 1))
2023-12-27 22:51:43,746	[INFO]	14      SUCCESS               1286500 (106.83%) [1 edit(s)] 
2023-12-27 22:51:46,600	[DEBUG]	EXEC>  SUCCESS 1204331
2023-12-27 22:51:46,601	[DEBUG]	IfInsertion(('triangle.cpp.xml', '_inter_block', 21), ('triangle.cpp.xml', 'if', 4))
2023-12-27 22:51:46,601	[INFO]	15      SUCCESS               1204331 (100.01%) [1 edit(s)] 
2023-12-27 22:51:49,432	[DEBUG]	EXEC>  SUCCESS 1261684
2023-12-27 22:51:49,433	[DEBUG]	IfInsertion(('triangle.cpp.xml', '_inter_block', 25), ('triangle.cpp.xml', 'if', 1))
2023-12-27 22:51:49,433	[INFO]	16      SUCCESS               1261684 (104.77%) [1 edit(s)] 
2023-12-27 22:51:52,341	[DEBUG]	EXEC>  SUCCESS 1644972
2023-12-27 22:51:52,342	[DEBUG]	IfInsertion(('triangle.cpp.xml', '_inter_block', 16), ('triangle.cpp.xml', 'if', 0))
2023-12-27 22:51:52,342	[INFO]	17      SUCCESS               1644972 (136.6%) [1 edit(s)] 
2023-12-27 22:51:55,229	[DEBUG]	EXEC>  SUCCESS 1204422
2023-12-27 22:51:55,229	[DEBUG]	IfInsertion(('triangle.cpp.xml', '_inter_block', 7), ('triangle.cpp.xml', 'if', 3))
2023-12-27 22:51:55,229	[INFO]	18      SUCCESS               1204422 (100.02%) [1 edit(s)] 
2023-12-27 22:51:58,091	[DEBUG]	EXEC>  SUCCESS 1204239
2023-12-27 22:51:58,092	[DEBUG]	IfInsertion(('triangle.cpp.xml', '_inter_block', 13), ('triangle.cpp.xml', 'if', 2))
2023-12-27 22:51:58,092	[INFO]	19      SUCCESS               1204239 (100.0%) [1 edit(s)] 
2023-12-27 22:52:00,971	[DEBUG]	EXEC>  SUCCESS 1204429
2023-12-27 22:52:00,972	[DEBUG]	IfInsertion(('triangle.cpp.xml', '_inter_block', 8), ('triangle.cpp.xml', 'if', 2))
2023-12-27 22:52:00,972	[INFO]	20      SUCCESS               1204429 (100.02%) [1 edit(s)] 
2023-12-27 22:52:03,653	[DEBUG]	IfInsertion(('triangle.cpp.xml', '_inter_block', 16), ('triangle.cpp.xml', 'if', 5))
2023-12-27 22:52:03,653	[INFO]	21      TEST_CODE_ERROR      +None  [1 edit(s)]       
2023-12-27 22:52:03,655	[DEBUG]	--- before: triangle.cpp
+++ after: triangle.cpp
@@ -14,6 +14,10 @@
   if(a > b) {
     tmp = a;
     a = b;
+    if(a == b || b == c)
+      /*auto*/{
+        return ISOSCELES;
+      }/*auto*/
     b = tmp;
   }
 

2023-12-27 22:52:06,582	[DEBUG]	EXEC>  SUCCESS 1204390
2023-12-27 22:52:06,583	[DEBUG]	IfInsertion(('triangle.cpp.xml', '_inter_block', 13), ('triangle.cpp.xml', 'if', 2)) | IfInsertion(('triangle.cpp.xml', '_inter_block', 24), ('triangle.cpp.xml', 'if', 3))
2023-12-27 22:52:06,583	[INFO]	22      SUCCESS               1204390 (100.01%) [2 edit(s)] 
2023-12-27 22:52:07,320	[DEBUG]	IfInsertion(('triangle.cpp.xml', '_inter_block', 13), ('triangle.cpp.xml', 'if', 2)) | IfInsertion(('triangle.cpp.xml', '_inter_block', 0), ('triangle.cpp.xml', 'if', 0))
2023-12-27 22:52:07,320	[INFO]	23      COMPILE_CODE_ERROR    None  [2 edit(s)]       
2023-12-27 22:52:07,854	[DEBUG]	IfInsertion(('triangle.cpp.xml', '_inter_block', 13), ('triangle.cpp.xml', 'if', 2)) | IfReplacement(('triangle.cpp.xml', 'if', 0), ('triangle.cpp.xml', 'stmt', 2))
2023-12-27 22:52:07,855	[INFO]	24      COMPILE_CODE_ERROR    None  [2 edit(s)]       
2023-12-27 22:52:10,582	[DEBUG]	EXEC>  SUCCESS 1203873
2023-12-27 22:52:10,582	[DEBUG]	IfInsertion(('triangle.cpp.xml', '_inter_block', 13), ('triangle.cpp.xml', 'if', 2)) | IfDeletion(('triangle.cpp.xml', 'if', 0))
2023-12-27 22:52:10,582	[INFO]	25      SUCCESS              *1203873 (99.97%) [2 edit(s)] 
2023-12-27 22:52:10,584	[DEBUG]	--- before: triangle.cpp
+++ after: triangle.cpp
@@ -11,11 +11,7 @@
   delay();
 
   // Sort the sides so that a <= b <= c
-  if(a > b) {
-    tmp = a;
-    a = b;
-    b = tmp;
-  }
+  
 
   if(a > c) {
     tmp = a;
@@ -42,4 +38,9 @@
       return ISOSCELES;
     }/*auto*/
   return SCALENE;
+  if(b > c) {
+    tmp = b;
+    b = c;
+    c = tmp;
+  }
 }

2023-12-27 22:52:10,587	[DEBUG]	IfInsertion(('triangle.cpp.xml', '_inter_block', 13), ('triangle.cpp.xml', 'if', 2)) | IfDeletion(('triangle.cpp.xml', 'if', 0))
2023-12-27 22:52:10,587	[INFO]	26      SUCCESS               1203873 (99.97%) [2 edit(s)] 
2023-12-27 22:52:10,589	[DEBUG]	IfInsertion(('triangle.cpp.xml', '_inter_block', 13), ('triangle.cpp.xml', 'if', 2)) | IfDeletion(('triangle.cpp.xml', 'if', 0))
2023-12-27 22:52:10,589	[INFO]	27      SUCCESS               1203873 (99.97%) [2 edit(s)] 
2023-12-27 22:52:13,183	[DEBUG]	IfInsertion(('triangle.cpp.xml', '_inter_block', 13), ('triangle.cpp.xml', 'if', 2)) | IfDeletion(('triangle.cpp.xml', 'if', 5))
2023-12-27 22:52:13,183	[INFO]	28      TEST_CODE_ERROR       None  [2 edit(s)]       
2023-12-27 22:52:13,185	[INFO]	==== END ====
2023-12-27 22:52:13,186	[INFO]	
2023-12-27 22:52:13,186	[INFO]	==== REPORT ====
2023-12-27 22:52:13,186	[INFO]	Termination: time budget
2023-12-27 22:52:13,186	[INFO]	Log file: /cs/student/ug/2020/damibose/projects/magpie/_magpie_logs/triangle-cpp_slow_1703717474.log
2023-12-27 22:52:13,188	[INFO]	Patch file: _magpie_logs/triangle-cpp_slow_1703717474.patch
2023-12-27 22:52:13,188	[INFO]	Diff file: _magpie_logs/triangle-cpp_slow_1703717474.diff
2023-12-27 22:52:13,188	[INFO]	Best fitness: 1203873
2023-12-27 22:52:13,189	[INFO]	Best patch: IfInsertion(('triangle.cpp.xml', '_inter_block', 13), ('triangle.cpp.xml', 'if', 2)) | IfDeletion(('triangle.cpp.xml', 'if', 0))
2023-12-27 22:52:13,189	[INFO]	Diff:
--- before: triangle.cpp
+++ after: triangle.cpp
@@ -11,11 +11,7 @@
   delay();
 
   // Sort the sides so that a <= b <= c
-  if(a > b) {
-    tmp = a;
-    a = b;
-    b = tmp;
-  }
+  
 
   if(a > c) {
     tmp = a;
@@ -42,4 +38,9 @@
       return ISOSCELES;
     }/*auto*/
   return SCALENE;
+  if(b > c) {
+    tmp = b;
+    b = c;
+    c = tmp;
+  }
 }

