2023-12-15 03:43:51,433	[DEBUG]	==== CONFIG ====
[magpie]
import = 
seed = 10
log_dir = _magpie_logs
work_dir = _magpie_work
final_out_dir = experiments/results_e_greedy_proof_of_concept/epsilon_greedy/BestImprovementNoTabu/trial_10
local_original_copy = True
local_original_name = __original__
output_encoding = ascii
edit_retries = 10
default_timeout = 30
default_lengthout = 10000.0
diff_method = unified
trust_local_filesystem = True

[software]
path = examples/code/triangle-cpp_slow
target_files = 
	triangle.cpp.xml
program = BasicProgram
engine_rules = 
	*.params : ConfigFileParamsEngine
	*.xml : SrcmlEngine
	* : LineEngine
engine_config = 
	*.params : [params]
	*.xml : [srcml]
init_cmd = 
init_timeout = 60
init_lengthout = -1
setup_cmd = ./setup.sh
setup_timeout = 
setup_lengthout = 
compile_cmd = ./compile.sh
compile_timeout = 
compile_lengthout = 
test_cmd = ./build/test_triangle
test_timeout = 
test_lengthout = 
run_cmd = perf stat ./build/run_triangle
run_timeout = 1
run_lengthout = 
batch_timeout = 
batch_lengthout = 
batch_bin_fitness_strategy = aggregate
batch_fitness_strategy = sum
fitness = perf_instructions

[srcml]
rename = 
focus = block break continue decl_stmt do expr_stmt for goto if return switch while
internodes = block
process_pseudo_blocks = True
process_literals = False
process_operators = False

[params]
timing = test run
cli_prefix = --
cli_glue = =
cli_boolean = show
cli_boolean_prefix_true = 
cli_boolean_prefix_false = no-
silent_prefix = @
silent_suffix = $

[search]
protocol = BasicProtocol
algorithm = BestImprovementNoTabu
possible_edits = 
	DeclStmtReplacement
	ExprStmtReplacement
	IfReplacement
	ReturnReplacement
	DeclStmtInsertion
	ExprStmtInsertion
	IfInsertion
	ReturnInsertion
	DeclStmtDeletion
	ExprStmtDeletion
	IfDeletion
	ReturnDeletion
warmup = 5
warmup_strategy = last
max_steps = 100
max_time = 60
target_fitness = 
cache_maxsize = 40
cache_keep = 0.2
batch_instances = 
batch_shuffle = True
batch_bin_shuffle = False
batch_sample_size = 1
operator_selector = EpsilonGreedy
epsilon = 0.2

[search.ls]
delete_prob = 0
max_neighbours = 20
when_trapped = continue
accept_fail = False
tabu_length = 10

[search.gp]
pop_size = 10
delete_prob = 0.5
offspring_elitism = 0.1
offspring_crossover = 0.5
offspring_mutation = 0.4
uniform_rate = 0.5
batch_reset = True

[search.minify]
do_cleanup = True
do_rebuild = True
do_simplify = True
round_robin_limit = 3


2023-12-15 03:43:51,438	[INFO]	==== WARMUP ====
2023-12-15 03:43:54,114	[DEBUG]	EXEC>  SUCCESS 1204239
2023-12-15 03:43:54,114	[INFO]	WARM    SUCCESS               1204239                 
2023-12-15 03:43:55,067	[DEBUG]	EXEC>  SUCCESS 1204240
2023-12-15 03:43:55,067	[INFO]	WARM    SUCCESS               1204240                 
2023-12-15 03:43:56,056	[DEBUG]	EXEC>  SUCCESS 1204240
2023-12-15 03:43:56,056	[INFO]	WARM    SUCCESS               1204240                 
2023-12-15 03:43:57,037	[DEBUG]	EXEC>  SUCCESS 1204239
2023-12-15 03:43:57,037	[INFO]	WARM    SUCCESS               1204239                 
2023-12-15 03:43:58,034	[DEBUG]	EXEC>  SUCCESS 1204239
2023-12-15 03:43:58,034	[INFO]	WARM    SUCCESS               1204239                 
2023-12-15 03:43:58,034	[INFO]	INITIAL SUCCESS               1204239                 
2023-12-15 03:43:58,034	[INFO]	==== START: BestImprovementNoTabu ====
2023-12-15 03:43:58,201	[DEBUG]	DeclStmtReplacement(('triangle.cpp.xml', 'decl_stmt', 1), ('triangle.cpp.xml', 'stmt', 17))
2023-12-15 03:43:58,201	[INFO]	1       COMPILE_CODE_ERROR    None  [1 edit(s)]       
2023-12-15 03:43:58,950	[DEBUG]	IfDeletion(('triangle.cpp.xml', 'if', 4))
2023-12-15 03:43:58,951	[INFO]	2       TEST_CODE_ERROR       None  [1 edit(s)]       
2023-12-15 03:43:59,697	[DEBUG]	ExprStmtReplacement(('triangle.cpp.xml', 'expr_stmt', 10), ('triangle.cpp.xml', 'stmt', 19))
2023-12-15 03:43:59,698	[INFO]	3       TEST_CODE_ERROR       None  [1 edit(s)]       
2023-12-15 03:44:00,639	[DEBUG]	IfReplacement(('triangle.cpp.xml', 'if', 1), ('triangle.cpp.xml', 'stmt', 6))
2023-12-15 03:44:00,639	[INFO]	4       TEST_CODE_ERROR       None  [1 edit(s)]       
2023-12-15 03:44:01,458	[DEBUG]	ReturnReplacement(('triangle.cpp.xml', 'return', 3), ('triangle.cpp.xml', 'stmt', 12))
2023-12-15 03:44:01,458	[INFO]	5       TEST_CODE_ERROR       None  [1 edit(s)]       
2023-12-15 03:44:02,428	[DEBUG]	EXEC>  SUCCESS 1256473
2023-12-15 03:44:02,428	[DEBUG]	DeclStmtInsertion(('triangle.cpp.xml', '_inter_block', 4), ('triangle.cpp.xml', 'decl_stmt', 0))
2023-12-15 03:44:02,428	[INFO]	6       SUCCESS               1256473 (104.34%) [1 edit(s)] 
2023-12-15 03:44:03,249	[DEBUG]	ExprStmtInsertion(('triangle.cpp.xml', '_inter_block', 8), ('triangle.cpp.xml', 'expr_stmt', 4))
2023-12-15 03:44:03,249	[INFO]	7       TEST_CODE_ERROR       None  [1 edit(s)]       
2023-12-15 03:44:04,232	[DEBUG]	EXEC>  SUCCESS 1204239
2023-12-15 03:44:04,233	[DEBUG]	IfInsertion(('triangle.cpp.xml', '_inter_block', 31), ('triangle.cpp.xml', 'if', 0))
2023-12-15 03:44:04,233	[INFO]	8       SUCCESS               1204239 (100.0%) [1 edit(s)] 
2023-12-15 03:44:05,038	[DEBUG]	ReturnInsertion(('triangle.cpp.xml', '_inter_block', 28), ('triangle.cpp.xml', 'return', 0))
2023-12-15 03:44:05,038	[INFO]	9       TEST_CODE_ERROR       None  [1 edit(s)]       
2023-12-15 03:44:05,834	[DEBUG]	ReturnReplacement(('triangle.cpp.xml', 'return', 2), ('triangle.cpp.xml', 'stmt', 11))
2023-12-15 03:44:05,834	[INFO]	10      TEST_CODE_ERROR       None  [1 edit(s)]       
2023-12-15 03:44:05,986	[DEBUG]	DeclStmtDeletion(('triangle.cpp.xml', 'decl_stmt', 1))
2023-12-15 03:44:05,986	[INFO]	11      COMPILE_CODE_ERROR    None  [1 edit(s)]       
2023-12-15 03:44:06,122	[DEBUG]	DeclStmtDeletion(('triangle.cpp.xml', 'decl_stmt', 1))
2023-12-15 03:44:06,123	[INFO]	12      COMPILE_CODE_ERROR    None  [1 edit(s)]       
2023-12-15 03:44:06,973	[DEBUG]	EXEC>  SUCCESS 1201845
2023-12-15 03:44:06,974	[DEBUG]	ExprStmtDeletion(('triangle.cpp.xml', 'expr_stmt', 1))
2023-12-15 03:44:06,974	[INFO]	13      SUCCESS              *1201845 (99.8%) [1 edit(s)] 
2023-12-15 03:44:06,975	[DEBUG]	--- before: triangle.cpp
+++ after: triangle.cpp
@@ -8,7 +8,7 @@
 int classify_triangle(double a, double b, double c) {
   double tmp;
 
-  delay();
+  
 
   // Sort the sides so that a <= b <= c
   if(a > b) {

2023-12-15 03:44:07,802	[DEBUG]	ReturnDeletion(('triangle.cpp.xml', 'return', 1))
2023-12-15 03:44:07,802	[INFO]	14      TEST_CODE_ERROR       None  [1 edit(s)]       
2023-12-15 03:44:08,616	[DEBUG]	IfReplacement(('triangle.cpp.xml', 'if', 5), ('triangle.cpp.xml', 'stmt', 13))
2023-12-15 03:44:08,616	[INFO]	15      TEST_CODE_ERROR       None  [1 edit(s)]       
2023-12-15 03:44:09,418	[DEBUG]	ExprStmtDeletion(('triangle.cpp.xml', 'expr_stmt', 6))
2023-12-15 03:44:09,418	[INFO]	16      TEST_CODE_ERROR       None  [1 edit(s)]       
2023-12-15 03:44:10,220	[DEBUG]	IfInsertion(('triangle.cpp.xml', '_inter_block', 26), ('triangle.cpp.xml', 'if', 5))
2023-12-15 03:44:10,220	[INFO]	17      TEST_CODE_ERROR       None  [1 edit(s)]       
2023-12-15 03:44:10,378	[DEBUG]	DeclStmtInsertion(('triangle.cpp.xml', '_inter_block', 0), ('triangle.cpp.xml', 'decl_stmt', 0))
2023-12-15 03:44:10,379	[INFO]	18      COMPILE_CODE_ERROR    None  [1 edit(s)]       
2023-12-15 03:44:11,112	[DEBUG]	ExprStmtDeletion(('triangle.cpp.xml', 'expr_stmt', 5))
2023-12-15 03:44:11,112	[INFO]	19      TEST_CODE_ERROR       None  [1 edit(s)]       
2023-12-15 03:44:11,917	[DEBUG]	ExprStmtDeletion(('triangle.cpp.xml', 'expr_stmt', 10))
2023-12-15 03:44:11,918	[INFO]	20      TEST_CODE_ERROR       None  [1 edit(s)]       
2023-12-15 03:44:12,899	[DEBUG]	EXEC>  SUCCESS 1204420
2023-12-15 03:44:12,900	[DEBUG]	IfInsertion(('triangle.cpp.xml', '_inter_block', 23), ('triangle.cpp.xml', 'if', 4))
2023-12-15 03:44:12,900	[INFO]	21      SUCCESS              +1204420 (100.02%) [1 edit(s)] 
2023-12-15 03:44:12,901	[DEBUG]	--- before: triangle.cpp
+++ after: triangle.cpp
@@ -25,6 +25,10 @@
 
   if(b > c) {
     tmp = b;
+    if(a == b && b == c)
+      /*auto*/{
+        return EQUILATERAL;
+      }/*auto*/
     b = c;
     c = tmp;
   }

2023-12-15 03:44:13,785	[DEBUG]	EXEC>  SUCCESS 1201845
2023-12-15 03:44:13,785	[DEBUG]	ExprStmtDeletion(('triangle.cpp.xml', 'expr_stmt', 1)) | IfInsertion(('triangle.cpp.xml', '_inter_block', 31), ('triangle.cpp.xml', 'if', 0))
2023-12-15 03:44:13,786	[INFO]	22      SUCCESS               1201845 (99.8%) [2 edit(s)] 
2023-12-15 03:44:14,584	[DEBUG]	ExprStmtDeletion(('triangle.cpp.xml', 'expr_stmt', 1)) | IfInsertion(('triangle.cpp.xml', '_inter_block', 16), ('triangle.cpp.xml', 'if', 4))
2023-12-15 03:44:14,584	[INFO]	23      TEST_CODE_ERROR       None  [2 edit(s)]       
2023-12-15 03:44:15,347	[DEBUG]	ExprStmtDeletion(('triangle.cpp.xml', 'expr_stmt', 1)) | ReturnInsertion(('triangle.cpp.xml', '_inter_block', 6), ('triangle.cpp.xml', 'return', 3))
2023-12-15 03:44:15,347	[INFO]	24      TEST_CODE_ERROR       None  [2 edit(s)]       
2023-12-15 03:44:16,141	[DEBUG]	ExprStmtDeletion(('triangle.cpp.xml', 'expr_stmt', 1)) | IfInsertion(('triangle.cpp.xml', '_inter_block', 15), ('triangle.cpp.xml', 'if', 1))
2023-12-15 03:44:16,142	[INFO]	25      TEST_CODE_ERROR       None  [2 edit(s)]       
2023-12-15 03:44:16,856	[DEBUG]	ExprStmtDeletion(('triangle.cpp.xml', 'expr_stmt', 1)) | ReturnReplacement(('triangle.cpp.xml', 'return', 3), ('triangle.cpp.xml', 'stmt', 8))
2023-12-15 03:44:16,856	[INFO]	26      TEST_CODE_ERROR       None  [2 edit(s)]       
2023-12-15 03:44:17,741	[DEBUG]	EXEC>  SUCCESS 1201844
2023-12-15 03:44:17,742	[DEBUG]	ExprStmtDeletion(('triangle.cpp.xml', 'expr_stmt', 1)) | IfInsertion(('triangle.cpp.xml', '_inter_block', 13), ('triangle.cpp.xml', 'if', 2))
2023-12-15 03:44:17,742	[INFO]	27      SUCCESS              *1201844 (99.8%) [2 edit(s)] 
2023-12-15 03:44:17,744	[DEBUG]	--- before: triangle.cpp
+++ after: triangle.cpp
@@ -8,7 +8,7 @@
 int classify_triangle(double a, double b, double c) {
   double tmp;
 
-  delay();
+  
 
   // Sort the sides so that a <= b <= c
   if(a > b) {
@@ -42,4 +42,9 @@
       return ISOSCELES;
     }/*auto*/
   return SCALENE;
+  if(b > c) {
+    tmp = b;
+    b = c;
+    c = tmp;
+  }
 }

2023-12-15 03:44:17,896	[DEBUG]	ExprStmtDeletion(('triangle.cpp.xml', 'expr_stmt', 1)) | IfInsertion(('triangle.cpp.xml', '_inter_block', 2), ('triangle.cpp.xml', 'if', 0))
2023-12-15 03:44:17,896	[INFO]	28      COMPILE_CODE_ERROR    None  [2 edit(s)]       
2023-12-15 03:44:18,019	[DEBUG]	ExprStmtDeletion(('triangle.cpp.xml', 'expr_stmt', 1)) | DeclStmtInsertion(('triangle.cpp.xml', '_inter_block', 6), ('triangle.cpp.xml', 'decl_stmt', 1))
2023-12-15 03:44:18,020	[INFO]	29      COMPILE_CODE_ERROR    None  [2 edit(s)]       
2023-12-15 03:44:18,746	[DEBUG]	ExprStmtDeletion(('triangle.cpp.xml', 'expr_stmt', 1)) | ExprStmtDeletion(('triangle.cpp.xml', 'expr_stmt', 7))
2023-12-15 03:44:18,746	[INFO]	30      TEST_CODE_ERROR       None  [2 edit(s)]       
2023-12-15 03:44:19,473	[DEBUG]	ExprStmtDeletion(('triangle.cpp.xml', 'expr_stmt', 1)) | ReturnInsertion(('triangle.cpp.xml', '_inter_block', 15), ('triangle.cpp.xml', 'return', 2))
2023-12-15 03:44:19,474	[INFO]	31      TEST_CODE_ERROR       None  [2 edit(s)]       
2023-12-15 03:44:20,319	[DEBUG]	EXEC>  SUCCESS 1201890
2023-12-15 03:44:20,320	[DEBUG]	ExprStmtDeletion(('triangle.cpp.xml', 'expr_stmt', 1)) | IfInsertion(('triangle.cpp.xml', '_inter_block', 12), ('triangle.cpp.xml', 'if', 1))
2023-12-15 03:44:20,320	[INFO]	32      SUCCESS               1201890 (99.8%) [2 edit(s)] 
2023-12-15 03:44:21,208	[DEBUG]	EXEC>  SUCCESS 1201844
2023-12-15 03:44:21,209	[DEBUG]	ExprStmtDeletion(('triangle.cpp.xml', 'expr_stmt', 1)) | IfInsertion(('triangle.cpp.xml', '_inter_block', 31), ('triangle.cpp.xml', 'if', 4))
2023-12-15 03:44:21,209	[INFO]	33      SUCCESS               1201844 (99.8%) [2 edit(s)] 
2023-12-15 03:44:22,088	[DEBUG]	EXEC>  SUCCESS 1201989
2023-12-15 03:44:22,088	[DEBUG]	ExprStmtDeletion(('triangle.cpp.xml', 'expr_stmt', 1)) | IfInsertion(('triangle.cpp.xml', '_inter_block', 14), ('triangle.cpp.xml', 'if', 4))
2023-12-15 03:44:22,089	[INFO]	34      SUCCESS               1201989 (99.81%) [2 edit(s)] 
2023-12-15 03:44:22,978	[DEBUG]	EXEC>  SUCCESS 1201934
2023-12-15 03:44:22,978	[DEBUG]	ExprStmtDeletion(('triangle.cpp.xml', 'expr_stmt', 1)) | IfInsertion(('triangle.cpp.xml', '_inter_block', 22), ('triangle.cpp.xml', 'if', 0))
2023-12-15 03:44:22,978	[INFO]	35      SUCCESS               1201934 (99.81%) [2 edit(s)] 
2023-12-15 03:44:23,739	[DEBUG]	ExprStmtDeletion(('triangle.cpp.xml', 'expr_stmt', 1)) | IfInsertion(('triangle.cpp.xml', '_inter_block', 28), ('triangle.cpp.xml', 'if', 5))
2023-12-15 03:44:23,740	[INFO]	36      TEST_CODE_ERROR       None  [2 edit(s)]       
2023-12-15 03:44:24,617	[DEBUG]	EXEC>  SUCCESS 1201952
2023-12-15 03:44:24,617	[DEBUG]	ExprStmtDeletion(('triangle.cpp.xml', 'expr_stmt', 1)) | IfInsertion(('triangle.cpp.xml', '_inter_block', 10), ('triangle.cpp.xml', 'if', 0))
2023-12-15 03:44:24,617	[INFO]	37      SUCCESS               1201952 (99.81%) [2 edit(s)] 
2023-12-15 03:44:25,373	[DEBUG]	ExprStmtDeletion(('triangle.cpp.xml', 'expr_stmt', 1)) | IfInsertion(('triangle.cpp.xml', '_inter_block', 6), ('triangle.cpp.xml', 'if', 5))
2023-12-15 03:44:25,374	[INFO]	38      TEST_CODE_ERROR       None  [2 edit(s)]       
2023-12-15 03:44:26,231	[DEBUG]	EXEC>  SUCCESS 1201845
2023-12-15 03:44:26,231	[DEBUG]	ExprStmtDeletion(('triangle.cpp.xml', 'expr_stmt', 1)) | DeclStmtInsertion(('triangle.cpp.xml', '_inter_block', 31), ('triangle.cpp.xml', 'decl_stmt', 0))
2023-12-15 03:44:26,231	[INFO]	39      SUCCESS               1201845 (99.8%) [2 edit(s)] 
2023-12-15 03:44:27,144	[DEBUG]	EXEC>  SUCCESS 1201926
2023-12-15 03:44:27,144	[DEBUG]	ExprStmtDeletion(('triangle.cpp.xml', 'expr_stmt', 1)) | IfInsertion(('triangle.cpp.xml', '_inter_block', 11), ('triangle.cpp.xml', 'if', 2))
2023-12-15 03:44:27,144	[INFO]	40      SUCCESS               1201926 (99.81%) [2 edit(s)] 
2023-12-15 03:44:27,993	[DEBUG]	EXEC>  SUCCESS 1201935
2023-12-15 03:44:27,994	[DEBUG]	ExprStmtDeletion(('triangle.cpp.xml', 'expr_stmt', 1)) | IfInsertion(('triangle.cpp.xml', '_inter_block', 23), ('triangle.cpp.xml', 'if', 1))
2023-12-15 03:44:27,994	[INFO]	41      SUCCESS               1201935 (99.81%) [2 edit(s)] 
2023-12-15 03:44:28,887	[DEBUG]	EXEC>  SUCCESS 1201956
2023-12-15 03:44:28,887	[DEBUG]	ExprStmtDeletion(('triangle.cpp.xml', 'expr_stmt', 1)) | IfInsertion(('triangle.cpp.xml', '_inter_block', 4), ('triangle.cpp.xml', 'if', 3))
2023-12-15 03:44:28,887	[INFO]	42      SUCCESS              +1201956 (99.81%) [2 edit(s)] 
2023-12-15 03:44:28,889	[DEBUG]	--- before: triangle.cpp
+++ after: triangle.cpp
@@ -6,9 +6,13 @@
 }
 
 int classify_triangle(double a, double b, double c) {
+  if(a + b <= c)
+    /*auto*/{
+      return INVALID;
+    }/*auto*/
   double tmp;
 
-  delay();
+  
 
   // Sort the sides so that a <= b <= c
   if(a > b) {

2023-12-15 03:44:29,748	[DEBUG]	EXEC>  SUCCESS 1202077
2023-12-15 03:44:29,749	[DEBUG]	ExprStmtDeletion(('triangle.cpp.xml', 'expr_stmt', 1)) | IfInsertion(('triangle.cpp.xml', '_inter_block', 31), ('triangle.cpp.xml', 'if', 4)) | IfInsertion(('triangle.cpp.xml', '_inter_block', 10), ('triangle.cpp.xml', 'if', 4))
2023-12-15 03:44:29,749	[INFO]	43      SUCCESS               1202077 (99.82%) [3 edit(s)] 
2023-12-15 03:44:30,526	[DEBUG]	ExprStmtDeletion(('triangle.cpp.xml', 'expr_stmt', 1)) | IfInsertion(('triangle.cpp.xml', '_inter_block', 31), ('triangle.cpp.xml', 'if', 4)) | IfInsertion(('triangle.cpp.xml', '_inter_block', 16), ('triangle.cpp.xml', 'if', 5))
2023-12-15 03:44:30,526	[INFO]	44      TEST_CODE_ERROR       None  [3 edit(s)]       
2023-12-15 03:44:31,378	[DEBUG]	EXEC>  SUCCESS 1201888
2023-12-15 03:44:31,379	[DEBUG]	ExprStmtDeletion(('triangle.cpp.xml', 'expr_stmt', 1)) | IfInsertion(('triangle.cpp.xml', '_inter_block', 31), ('triangle.cpp.xml', 'if', 4)) | IfInsertion(('triangle.cpp.xml', '_inter_block', 20), ('triangle.cpp.xml', 'if', 0))
2023-12-15 03:44:31,379	[INFO]	45      SUCCESS               1201888 (99.8%) [3 edit(s)] 
2023-12-15 03:44:32,266	[DEBUG]	EXEC>  SUCCESS 1201882
2023-12-15 03:44:32,266	[DEBUG]	ExprStmtDeletion(('triangle.cpp.xml', 'expr_stmt', 1)) | IfInsertion(('triangle.cpp.xml', '_inter_block', 31), ('triangle.cpp.xml', 'if', 4)) | IfInsertion(('triangle.cpp.xml', '_inter_block', 30), ('triangle.cpp.xml', 'if', 2))
2023-12-15 03:44:32,267	[INFO]	46      SUCCESS               1201882 (99.8%) [3 edit(s)] 
2023-12-15 03:44:33,194	[DEBUG]	EXEC>  SUCCESS 1201844
2023-12-15 03:44:33,195	[DEBUG]	ExprStmtDeletion(('triangle.cpp.xml', 'expr_stmt', 1)) | IfInsertion(('triangle.cpp.xml', '_inter_block', 31), ('triangle.cpp.xml', 'if', 4)) | IfInsertion(('triangle.cpp.xml', '_inter_block', 27), ('triangle.cpp.xml', 'if', 3))
2023-12-15 03:44:33,195	[INFO]	47      SUCCESS               1201844 (99.8%) [3 edit(s)] 
2023-12-15 03:44:33,324	[DEBUG]	ExprStmtDeletion(('triangle.cpp.xml', 'expr_stmt', 1)) | IfInsertion(('triangle.cpp.xml', '_inter_block', 31), ('triangle.cpp.xml', 'if', 4)) | IfInsertion(('triangle.cpp.xml', '_inter_block', 0), ('triangle.cpp.xml', 'if', 1))
2023-12-15 03:44:33,325	[INFO]	48      COMPILE_CODE_ERROR    None  [3 edit(s)]       
2023-12-15 03:44:34,209	[DEBUG]	EXEC>  SUCCESS 1201844
2023-12-15 03:44:34,210	[DEBUG]	ExprStmtDeletion(('triangle.cpp.xml', 'expr_stmt', 1)) | IfInsertion(('triangle.cpp.xml', '_inter_block', 31), ('triangle.cpp.xml', 'if', 4)) | IfInsertion(('triangle.cpp.xml', '_inter_block', 29), ('triangle.cpp.xml', 'if', 5))
2023-12-15 03:44:34,210	[INFO]	49      SUCCESS               1201844 (99.8%) [3 edit(s)] 
2023-12-15 03:44:34,360	[DEBUG]	ExprStmtDeletion(('triangle.cpp.xml', 'expr_stmt', 1)) | IfInsertion(('triangle.cpp.xml', '_inter_block', 31), ('triangle.cpp.xml', 'if', 4)) | IfInsertion(('triangle.cpp.xml', '_inter_block', 0), ('triangle.cpp.xml', 'if', 1))
2023-12-15 03:44:34,360	[INFO]	50      COMPILE_CODE_ERROR    None  [3 edit(s)]       
2023-12-15 03:44:35,200	[DEBUG]	EXEC>  SUCCESS 1201890
2023-12-15 03:44:35,201	[DEBUG]	ExprStmtDeletion(('triangle.cpp.xml', 'expr_stmt', 1)) | IfInsertion(('triangle.cpp.xml', '_inter_block', 31), ('triangle.cpp.xml', 'if', 4)) | IfInsertion(('triangle.cpp.xml', '_inter_block', 21), ('triangle.cpp.xml', 'if', 2))
2023-12-15 03:44:35,201	[INFO]	51      SUCCESS               1201890 (99.8%) [3 edit(s)] 
2023-12-15 03:44:35,991	[DEBUG]	ExprStmtDeletion(('triangle.cpp.xml', 'expr_stmt', 1)) | IfInsertion(('triangle.cpp.xml', '_inter_block', 31), ('triangle.cpp.xml', 'if', 4)) | IfInsertion(('triangle.cpp.xml', '_inter_block', 17), ('triangle.cpp.xml', 'if', 5))
2023-12-15 03:44:35,992	[INFO]	52      TEST_CODE_ERROR       None  [3 edit(s)]       
2023-12-15 03:44:36,879	[DEBUG]	EXEC>  SUCCESS 1201888
2023-12-15 03:44:36,880	[DEBUG]	ExprStmtDeletion(('triangle.cpp.xml', 'expr_stmt', 1)) | IfInsertion(('triangle.cpp.xml', '_inter_block', 31), ('triangle.cpp.xml', 'if', 4)) | IfInsertion(('triangle.cpp.xml', '_inter_block', 12), ('triangle.cpp.xml', 'if', 0))
2023-12-15 03:44:36,880	[INFO]	53      SUCCESS               1201888 (99.8%) [3 edit(s)] 
2023-12-15 03:44:37,755	[DEBUG]	EXEC>  SUCCESS 1201925
2023-12-15 03:44:37,756	[DEBUG]	ExprStmtDeletion(('triangle.cpp.xml', 'expr_stmt', 1)) | IfInsertion(('triangle.cpp.xml', '_inter_block', 31), ('triangle.cpp.xml', 'if', 4)) | IfInsertion(('triangle.cpp.xml', '_inter_block', 11), ('triangle.cpp.xml', 'if', 0))
2023-12-15 03:44:37,756	[INFO]	54      SUCCESS               1201925 (99.81%) [3 edit(s)] 
2023-12-15 03:44:38,513	[DEBUG]	ExprStmtDeletion(('triangle.cpp.xml', 'expr_stmt', 1)) | IfInsertion(('triangle.cpp.xml', '_inter_block', 31), ('triangle.cpp.xml', 'if', 4)) | IfInsertion(('triangle.cpp.xml', '_inter_block', 6), ('triangle.cpp.xml', 'if', 5))
2023-12-15 03:44:38,513	[INFO]	55      TEST_CODE_ERROR       None  [3 edit(s)]       
2023-12-15 03:44:39,407	[DEBUG]	EXEC>  SUCCESS 1201952
2023-12-15 03:44:39,407	[DEBUG]	ExprStmtDeletion(('triangle.cpp.xml', 'expr_stmt', 1)) | IfInsertion(('triangle.cpp.xml', '_inter_block', 31), ('triangle.cpp.xml', 'if', 4)) | IfInsertion(('triangle.cpp.xml', '_inter_block', 10), ('triangle.cpp.xml', 'if', 0))
2023-12-15 03:44:39,407	[INFO]	56      SUCCESS               1201952 (99.81%) [3 edit(s)] 
2023-12-15 03:44:40,205	[DEBUG]	ExprStmtDeletion(('triangle.cpp.xml', 'expr_stmt', 1)) | IfInsertion(('triangle.cpp.xml', '_inter_block', 31), ('triangle.cpp.xml', 'if', 4)) | IfInsertion(('triangle.cpp.xml', '_inter_block', 16), ('triangle.cpp.xml', 'if', 2))
2023-12-15 03:44:40,205	[INFO]	57      TEST_CODE_ERROR       None  [3 edit(s)]       
2023-12-15 03:44:41,088	[DEBUG]	EXEC>  SUCCESS 1201845
2023-12-15 03:44:41,088	[DEBUG]	ExprStmtDeletion(('triangle.cpp.xml', 'expr_stmt', 1)) | IfInsertion(('triangle.cpp.xml', '_inter_block', 31), ('triangle.cpp.xml', 'if', 4)) | IfInsertion(('triangle.cpp.xml', '_inter_block', 29), ('triangle.cpp.xml', 'if', 1))
2023-12-15 03:44:41,089	[INFO]	58      SUCCESS               1201845 (99.8%) [3 edit(s)] 
2023-12-15 03:44:41,857	[DEBUG]	ExprStmtDeletion(('triangle.cpp.xml', 'expr_stmt', 1)) | IfInsertion(('triangle.cpp.xml', '_inter_block', 31), ('triangle.cpp.xml', 'if', 4)) | IfInsertion(('triangle.cpp.xml', '_inter_block', 16), ('triangle.cpp.xml', 'if', 5))
2023-12-15 03:44:41,857	[INFO]	59      TEST_CODE_ERROR       None  [3 edit(s)]       
2023-12-15 03:44:42,649	[DEBUG]	ExprStmtDeletion(('triangle.cpp.xml', 'expr_stmt', 1)) | IfInsertion(('triangle.cpp.xml', '_inter_block', 31), ('triangle.cpp.xml', 'if', 4)) | IfInsertion(('triangle.cpp.xml', '_inter_block', 28), ('triangle.cpp.xml', 'if', 5))
2023-12-15 03:44:42,650	[INFO]	60      TEST_CODE_ERROR       None  [3 edit(s)]       
2023-12-15 03:44:43,509	[DEBUG]	EXEC>  SUCCESS 1201935
2023-12-15 03:44:43,510	[DEBUG]	ExprStmtDeletion(('triangle.cpp.xml', 'expr_stmt', 1)) | IfInsertion(('triangle.cpp.xml', '_inter_block', 31), ('triangle.cpp.xml', 'if', 4)) | IfInsertion(('triangle.cpp.xml', '_inter_block', 21), ('triangle.cpp.xml', 'if', 4))
2023-12-15 03:44:43,510	[INFO]	61      SUCCESS               1201935 (99.81%) [3 edit(s)] 
2023-12-15 03:44:43,649	[DEBUG]	ExprStmtDeletion(('triangle.cpp.xml', 'expr_stmt', 1)) | IfInsertion(('triangle.cpp.xml', '_inter_block', 31), ('triangle.cpp.xml', 'if', 4)) | DeclStmtDeletion(('triangle.cpp.xml', 'decl_stmt', 0))
2023-12-15 03:44:43,650	[INFO]	62      COMPILE_CODE_ERROR    None  [3 edit(s)]       
2023-12-15 03:44:44,516	[DEBUG]	EXEC>  SUCCESS 1201952
2023-12-15 03:44:44,517	[DEBUG]	ExprStmtDeletion(('triangle.cpp.xml', 'expr_stmt', 1)) | IfInsertion(('triangle.cpp.xml', '_inter_block', 31), ('triangle.cpp.xml', 'if', 4)) | IfInsertion(('triangle.cpp.xml', '_inter_block', 10), ('triangle.cpp.xml', 'if', 2))
2023-12-15 03:44:44,517	[INFO]	63      SUCCESS              +1201952 (99.81%) [3 edit(s)] 
2023-12-15 03:44:44,519	[DEBUG]	--- before: triangle.cpp
+++ after: triangle.cpp
@@ -8,7 +8,7 @@
 int classify_triangle(double a, double b, double c) {
   double tmp;
 
-  delay();
+  
 
   // Sort the sides so that a <= b <= c
   if(a > b) {
@@ -33,6 +33,11 @@
     /*auto*/{
       return INVALID;
     }/*auto*/
+  if(b > c) {
+    tmp = b;
+    b = c;
+    c = tmp;
+  }
   if(a == b && b == c)
     /*auto*/{
       return EQUILATERAL;
@@ -40,6 +45,10 @@
   if(a == b || b == c)
     /*auto*/{
       return ISOSCELES;
+      if(a == b && b == c)
+        /*auto*/{
+          return EQUILATERAL;
+        }/*auto*/
     }/*auto*/
   return SCALENE;
 }

2023-12-15 03:44:44,680	[DEBUG]	ExprStmtDeletion(('triangle.cpp.xml', 'expr_stmt', 1)) | IfInsertion(('triangle.cpp.xml', '_inter_block', 31), ('triangle.cpp.xml', 'if', 4)) | IfInsertion(('triangle.cpp.xml', '_inter_block', 29), ('triangle.cpp.xml', 'if', 5)) | DeclStmtReplacement(('triangle.cpp.xml', 'decl_stmt', 1), ('triangle.cpp.xml', 'stmt', 20))
2023-12-15 03:44:44,681	[INFO]	64      COMPILE_CODE_ERROR    None  [4 edit(s)]       
2023-12-15 03:44:45,554	[DEBUG]	EXEC>  SUCCESS 1202027
2023-12-15 03:44:45,555	[DEBUG]	ExprStmtDeletion(('triangle.cpp.xml', 'expr_stmt', 1)) | IfInsertion(('triangle.cpp.xml', '_inter_block', 31), ('triangle.cpp.xml', 'if', 4)) | IfInsertion(('triangle.cpp.xml', '_inter_block', 29), ('triangle.cpp.xml', 'if', 5)) | IfInsertion(('triangle.cpp.xml', '_inter_block', 7), ('triangle.cpp.xml', 'if', 3))
2023-12-15 03:44:45,555	[INFO]	65      SUCCESS               1202027 (99.82%) [4 edit(s)] 
2023-12-15 03:44:46,428	[DEBUG]	EXEC>  SUCCESS 1201872
2023-12-15 03:44:46,428	[DEBUG]	ExprStmtDeletion(('triangle.cpp.xml', 'expr_stmt', 1)) | IfInsertion(('triangle.cpp.xml', '_inter_block', 31), ('triangle.cpp.xml', 'if', 4)) | IfInsertion(('triangle.cpp.xml', '_inter_block', 29), ('triangle.cpp.xml', 'if', 5)) | IfInsertion(('triangle.cpp.xml', '_inter_block', 28), ('triangle.cpp.xml', 'if', 0))
2023-12-15 03:44:46,428	[INFO]	66      SUCCESS               1201872 (99.8%) [4 edit(s)] 
2023-12-15 03:44:46,574	[DEBUG]	ExprStmtDeletion(('triangle.cpp.xml', 'expr_stmt', 1)) | IfInsertion(('triangle.cpp.xml', '_inter_block', 31), ('triangle.cpp.xml', 'if', 4)) | IfInsertion(('triangle.cpp.xml', '_inter_block', 29), ('triangle.cpp.xml', 'if', 5)) | IfInsertion(('triangle.cpp.xml', '_inter_block', 2), ('triangle.cpp.xml', 'if', 5))
2023-12-15 03:44:46,574	[INFO]	67      COMPILE_CODE_ERROR    None  [4 edit(s)]       
2023-12-15 03:44:47,407	[DEBUG]	EXEC>  SUCCESS 1202033
2023-12-15 03:44:47,408	[DEBUG]	ExprStmtDeletion(('triangle.cpp.xml', 'expr_stmt', 1)) | IfInsertion(('triangle.cpp.xml', '_inter_block', 31), ('triangle.cpp.xml', 'if', 4)) | IfInsertion(('triangle.cpp.xml', '_inter_block', 29), ('triangle.cpp.xml', 'if', 5)) | IfInsertion(('triangle.cpp.xml', '_inter_block', 7), ('triangle.cpp.xml', 'if', 0))
2023-12-15 03:44:47,408	[INFO]	68      SUCCESS               1202033 (99.82%) [4 edit(s)] 
2023-12-15 03:44:48,290	[DEBUG]	EXEC>  SUCCESS 1201933
2023-12-15 03:44:48,291	[DEBUG]	ExprStmtDeletion(('triangle.cpp.xml', 'expr_stmt', 1)) | IfInsertion(('triangle.cpp.xml', '_inter_block', 31), ('triangle.cpp.xml', 'if', 4)) | IfInsertion(('triangle.cpp.xml', '_inter_block', 29), ('triangle.cpp.xml', 'if', 5)) | IfInsertion(('triangle.cpp.xml', '_inter_block', 25), ('triangle.cpp.xml', 'if', 3))
2023-12-15 03:44:48,291	[INFO]	69      SUCCESS               1201933 (99.81%) [4 edit(s)] 
2023-12-15 03:44:49,170	[DEBUG]	EXEC>  SUCCESS 1201916
2023-12-15 03:44:49,171	[DEBUG]	ExprStmtDeletion(('triangle.cpp.xml', 'expr_stmt', 1)) | IfInsertion(('triangle.cpp.xml', '_inter_block', 31), ('triangle.cpp.xml', 'if', 4)) | IfInsertion(('triangle.cpp.xml', '_inter_block', 29), ('triangle.cpp.xml', 'if', 5)) | IfInsertion(('triangle.cpp.xml', '_inter_block', 14), ('triangle.cpp.xml', 'if', 2))
2023-12-15 03:44:49,171	[INFO]	70      SUCCESS               1201916 (99.81%) [4 edit(s)] 
2023-12-15 03:44:49,336	[DEBUG]	ExprStmtDeletion(('triangle.cpp.xml', 'expr_stmt', 1)) | IfInsertion(('triangle.cpp.xml', '_inter_block', 31), ('triangle.cpp.xml', 'if', 4)) | IfInsertion(('triangle.cpp.xml', '_inter_block', 29), ('triangle.cpp.xml', 'if', 5)) | IfInsertion(('triangle.cpp.xml', '_inter_block', 2), ('triangle.cpp.xml', 'if', 2))
2023-12-15 03:44:49,336	[INFO]	71      COMPILE_CODE_ERROR    None  [4 edit(s)]       
2023-12-15 03:44:49,477	[DEBUG]	ExprStmtDeletion(('triangle.cpp.xml', 'expr_stmt', 1)) | IfInsertion(('triangle.cpp.xml', '_inter_block', 31), ('triangle.cpp.xml', 'if', 4)) | IfInsertion(('triangle.cpp.xml', '_inter_block', 29), ('triangle.cpp.xml', 'if', 5)) | IfInsertion(('triangle.cpp.xml', '_inter_block', 0), ('triangle.cpp.xml', 'if', 2))
2023-12-15 03:44:49,478	[INFO]	72      COMPILE_CODE_ERROR    None  [4 edit(s)]       
2023-12-15 03:44:50,342	[DEBUG]	EXEC>  SUCCESS 1201925
2023-12-15 03:44:50,343	[DEBUG]	ExprStmtDeletion(('triangle.cpp.xml', 'expr_stmt', 1)) | IfInsertion(('triangle.cpp.xml', '_inter_block', 31), ('triangle.cpp.xml', 'if', 4)) | IfInsertion(('triangle.cpp.xml', '_inter_block', 29), ('triangle.cpp.xml', 'if', 5)) | IfInsertion(('triangle.cpp.xml', '_inter_block', 11), ('triangle.cpp.xml', 'if', 2))
2023-12-15 03:44:50,343	[INFO]	73      SUCCESS               1201925 (99.81%) [4 edit(s)] 
2023-12-15 03:44:51,128	[DEBUG]	ExprStmtDeletion(('triangle.cpp.xml', 'expr_stmt', 1)) | IfInsertion(('triangle.cpp.xml', '_inter_block', 31), ('triangle.cpp.xml', 'if', 4)) | IfInsertion(('triangle.cpp.xml', '_inter_block', 29), ('triangle.cpp.xml', 'if', 5)) | ReturnReplacement(('triangle.cpp.xml', 'return', 3), ('triangle.cpp.xml', 'stmt', 18))
2023-12-15 03:44:51,128	[INFO]	74      TEST_CODE_ERROR       None  [4 edit(s)]       
2023-12-15 03:44:51,991	[DEBUG]	EXEC>  SUCCESS 1201889
2023-12-15 03:44:51,991	[DEBUG]	ExprStmtDeletion(('triangle.cpp.xml', 'expr_stmt', 1)) | IfInsertion(('triangle.cpp.xml', '_inter_block', 31), ('triangle.cpp.xml', 'if', 4)) | IfInsertion(('triangle.cpp.xml', '_inter_block', 29), ('triangle.cpp.xml', 'if', 5)) | IfInsertion(('triangle.cpp.xml', '_inter_block', 20), ('triangle.cpp.xml', 'if', 0))
2023-12-15 03:44:51,991	[INFO]	75      SUCCESS               1201889 (99.8%) [4 edit(s)] 
2023-12-15 03:44:52,775	[DEBUG]	ExprStmtDeletion(('triangle.cpp.xml', 'expr_stmt', 1)) | IfInsertion(('triangle.cpp.xml', '_inter_block', 31), ('triangle.cpp.xml', 'if', 4)) | IfInsertion(('triangle.cpp.xml', '_inter_block', 29), ('triangle.cpp.xml', 'if', 5)) | ExprStmtInsertion(('triangle.cpp.xml', '_inter_block', 5), ('triangle.cpp.xml', 'expr_stmt', 3))
2023-12-15 03:44:52,776	[INFO]	76      TEST_CODE_ERROR       None  [4 edit(s)]       
2023-12-15 03:44:52,929	[DEBUG]	ExprStmtDeletion(('triangle.cpp.xml', 'expr_stmt', 1)) | IfInsertion(('triangle.cpp.xml', '_inter_block', 31), ('triangle.cpp.xml', 'if', 4)) | IfInsertion(('triangle.cpp.xml', '_inter_block', 29), ('triangle.cpp.xml', 'if', 5)) | IfInsertion(('triangle.cpp.xml', '_inter_block', 3), ('triangle.cpp.xml', 'if', 4))
2023-12-15 03:44:52,929	[INFO]	77      COMPILE_CODE_ERROR    None  [4 edit(s)]       
2023-12-15 03:44:53,809	[DEBUG]	EXEC>  SUCCESS 1202039
2023-12-15 03:44:53,809	[DEBUG]	ExprStmtDeletion(('triangle.cpp.xml', 'expr_stmt', 1)) | IfInsertion(('triangle.cpp.xml', '_inter_block', 31), ('triangle.cpp.xml', 'if', 4)) | IfInsertion(('triangle.cpp.xml', '_inter_block', 29), ('triangle.cpp.xml', 'if', 5)) | IfInsertion(('triangle.cpp.xml', '_inter_block', 8), ('triangle.cpp.xml', 'if', 3))
2023-12-15 03:44:53,810	[INFO]	78      SUCCESS               1202039 (99.82%) [4 edit(s)] 
2023-12-15 03:44:53,812	[DEBUG]	ExprStmtDeletion(('triangle.cpp.xml', 'expr_stmt', 1)) | IfInsertion(('triangle.cpp.xml', '_inter_block', 31), ('triangle.cpp.xml', 'if', 4)) | IfInsertion(('triangle.cpp.xml', '_inter_block', 29), ('triangle.cpp.xml', 'if', 5)) | IfInsertion(('triangle.cpp.xml', '_inter_block', 11), ('triangle.cpp.xml', 'if', 2))
2023-12-15 03:44:53,812	[INFO]	79      SUCCESS               1201925 (99.81%) [4 edit(s)] 
2023-12-15 03:44:53,957	[DEBUG]	ExprStmtDeletion(('triangle.cpp.xml', 'expr_stmt', 1)) | IfInsertion(('triangle.cpp.xml', '_inter_block', 31), ('triangle.cpp.xml', 'if', 4)) | IfInsertion(('triangle.cpp.xml', '_inter_block', 29), ('triangle.cpp.xml', 'if', 5)) | IfInsertion(('triangle.cpp.xml', '_inter_block', 1), ('triangle.cpp.xml', 'if', 5))
2023-12-15 03:44:53,958	[INFO]	80      COMPILE_CODE_ERROR    None  [4 edit(s)]       
2023-12-15 03:44:54,743	[DEBUG]	ExprStmtDeletion(('triangle.cpp.xml', 'expr_stmt', 1)) | IfInsertion(('triangle.cpp.xml', '_inter_block', 31), ('triangle.cpp.xml', 'if', 4)) | IfInsertion(('triangle.cpp.xml', '_inter_block', 29), ('triangle.cpp.xml', 'if', 5)) | ExprStmtDeletion(('triangle.cpp.xml', 'expr_stmt', 8))
2023-12-15 03:44:54,744	[INFO]	81      TEST_CODE_ERROR       None  [4 edit(s)]       
2023-12-15 03:44:55,638	[DEBUG]	EXEC>  SUCCESS 1201978
2023-12-15 03:44:55,638	[DEBUG]	ExprStmtDeletion(('triangle.cpp.xml', 'expr_stmt', 1)) | IfInsertion(('triangle.cpp.xml', '_inter_block', 31), ('triangle.cpp.xml', 'if', 4)) | IfInsertion(('triangle.cpp.xml', '_inter_block', 29), ('triangle.cpp.xml', 'if', 5)) | IfInsertion(('triangle.cpp.xml', '_inter_block', 11), ('triangle.cpp.xml', 'if', 3))
2023-12-15 03:44:55,638	[INFO]	82      SUCCESS               1201978 (99.81%) [4 edit(s)] 
2023-12-15 03:44:56,503	[DEBUG]	EXEC>  SUCCESS 1201890
2023-12-15 03:44:56,503	[DEBUG]	ExprStmtDeletion(('triangle.cpp.xml', 'expr_stmt', 1)) | IfInsertion(('triangle.cpp.xml', '_inter_block', 31), ('triangle.cpp.xml', 'if', 4)) | IfInsertion(('triangle.cpp.xml', '_inter_block', 29), ('triangle.cpp.xml', 'if', 5)) | IfInsertion(('triangle.cpp.xml', '_inter_block', 21), ('triangle.cpp.xml', 'if', 0))
2023-12-15 03:44:56,503	[INFO]	83      SUCCESS               1201890 (99.8%) [4 edit(s)] 
2023-12-15 03:44:56,654	[DEBUG]	ExprStmtDeletion(('triangle.cpp.xml', 'expr_stmt', 1)) | IfInsertion(('triangle.cpp.xml', '_inter_block', 31), ('triangle.cpp.xml', 'if', 4)) | IfInsertion(('triangle.cpp.xml', '_inter_block', 29), ('triangle.cpp.xml', 'if', 5)) | IfInsertion(('triangle.cpp.xml', '_inter_block', 2), ('triangle.cpp.xml', 'if', 0))
2023-12-15 03:44:56,654	[INFO]	84      COMPILE_CODE_ERROR   +None  [4 edit(s)]       
2023-12-15 03:44:56,656	[DEBUG]	--- before: triangle.cpp
+++ after: triangle.cpp
@@ -2,13 +2,18 @@
 
 void delay() {
   const struct timespec ms = {0, (long int) (0.001*1e9)}; //tv_sec=0, tv_nsec (0.001 seconds)
-  nanosleep(&ms,NULL); /*ignores possible errors*/
+  nanosleep(&ms,NULL);
+  if(a > b) {
+    tmp = a;
+    a = b;
+    b = tmp;
+  } /*ignores possible errors*/
 }
 
 int classify_triangle(double a, double b, double c) {
   double tmp;
 
-  delay();
+  
 
   // Sort the sides so that a <= b <= c
   if(a > b) {
@@ -36,10 +41,18 @@
   if(a == b && b == c)
     /*auto*/{
       return EQUILATERAL;
+      if(a == b || b == c)
+        /*auto*/{
+          return ISOSCELES;
+        }/*auto*/
     }/*auto*/
   if(a == b || b == c)
     /*auto*/{
       return ISOSCELES;
+      if(a == b && b == c)
+        /*auto*/{
+          return EQUILATERAL;
+        }/*auto*/
     }/*auto*/
   return SCALENE;
 }

2023-12-15 03:44:57,509	[DEBUG]	EXEC>  SUCCESS 1201844
2023-12-15 03:44:57,510	[DEBUG]	ExprStmtDeletion(('triangle.cpp.xml', 'expr_stmt', 1)) | IfInsertion(('triangle.cpp.xml', '_inter_block', 31), ('triangle.cpp.xml', 'if', 4)) | IfInsertion(('triangle.cpp.xml', '_inter_block', 29), ('triangle.cpp.xml', 'if', 5)) | IfInsertion(('triangle.cpp.xml', '_inter_block', 31), ('triangle.cpp.xml', 'if', 0))
2023-12-15 03:44:57,510	[INFO]	85      SUCCESS              +1201844 (99.8%) [4 edit(s)] 
2023-12-15 03:44:57,513	[DEBUG]	--- before: triangle.cpp
+++ after: triangle.cpp
@@ -8,7 +8,7 @@
 int classify_triangle(double a, double b, double c) {
   double tmp;
 
-  delay();
+  
 
   // Sort the sides so that a <= b <= c
   if(a > b) {
@@ -36,10 +36,23 @@
   if(a == b && b == c)
     /*auto*/{
       return EQUILATERAL;
+      if(a == b || b == c)
+        /*auto*/{
+          return ISOSCELES;
+        }/*auto*/
     }/*auto*/
   if(a == b || b == c)
     /*auto*/{
       return ISOSCELES;
+      if(a == b && b == c)
+        /*auto*/{
+          return EQUILATERAL;
+        }/*auto*/
+      if(a > b) {
+        tmp = a;
+        a = b;
+        b = tmp;
+      }
     }/*auto*/
   return SCALENE;
 }

2023-12-15 03:44:57,670	[DEBUG]	ExprStmtDeletion(('triangle.cpp.xml', 'expr_stmt', 1)) | IfInsertion(('triangle.cpp.xml', '_inter_block', 31), ('triangle.cpp.xml', 'if', 4)) | IfInsertion(('triangle.cpp.xml', '_inter_block', 29), ('triangle.cpp.xml', 'if', 5)) | IfInsertion(('triangle.cpp.xml', '_inter_block', 31), ('triangle.cpp.xml', 'if', 0)) | IfInsertion(('triangle.cpp.xml', '_inter_block', 3), ('triangle.cpp.xml', 'if', 5))
2023-12-15 03:44:57,671	[INFO]	86      COMPILE_CODE_ERROR    None  [5 edit(s)]       
2023-12-15 03:44:58,513	[DEBUG]	EXEC>  SUCCESS 1201880
2023-12-15 03:44:58,513	[DEBUG]	ExprStmtDeletion(('triangle.cpp.xml', 'expr_stmt', 1)) | IfInsertion(('triangle.cpp.xml', '_inter_block', 31), ('triangle.cpp.xml', 'if', 4)) | IfInsertion(('triangle.cpp.xml', '_inter_block', 29), ('triangle.cpp.xml', 'if', 5)) | IfInsertion(('triangle.cpp.xml', '_inter_block', 31), ('triangle.cpp.xml', 'if', 0)) | IfInsertion(('triangle.cpp.xml', '_inter_block', 30), ('triangle.cpp.xml', 'if', 1))
2023-12-15 03:44:58,513	[INFO]	87      SUCCESS               1201880 (99.8%) [5 edit(s)] 
2023-12-15 03:44:58,514	[INFO]	==== END ====
2023-12-15 03:44:58,514	[INFO]	
2023-12-15 03:44:58,515	[INFO]	==== REPORT ====
2023-12-15 03:44:58,515	[INFO]	Termination: time budget
2023-12-15 03:44:58,515	[INFO]	Log file: /cs/student/ug/2020/damibose/projects/magpie/_magpie_logs/triangle-cpp_slow_1702611831.log
2023-12-15 03:44:58,516	[INFO]	Patch file: _magpie_logs/triangle-cpp_slow_1702611831.patch
2023-12-15 03:44:58,516	[INFO]	Diff file: _magpie_logs/triangle-cpp_slow_1702611831.diff
2023-12-15 03:44:58,516	[INFO]	Best fitness: 1201844
2023-12-15 03:44:58,516	[INFO]	Best patch: ExprStmtDeletion(('triangle.cpp.xml', 'expr_stmt', 1)) | IfInsertion(('triangle.cpp.xml', '_inter_block', 13), ('triangle.cpp.xml', 'if', 2))
2023-12-15 03:44:58,516	[INFO]	Diff:
--- before: triangle.cpp
+++ after: triangle.cpp
@@ -8,7 +8,7 @@
 int classify_triangle(double a, double b, double c) {
   double tmp;
 
-  delay();
+  
 
   // Sort the sides so that a <= b <= c
   if(a > b) {
@@ -42,4 +42,9 @@
       return ISOSCELES;
     }/*auto*/
   return SCALENE;
+  if(b > c) {
+    tmp = b;
+    b = c;
+    c = tmp;
+  }
 }

