2023-12-27 22:50:52,553	[DEBUG]	==== CONFIG ====
[magpie]
import = 
seed = 8
log_dir = _magpie_logs
work_dir = _magpie_work
final_out_dir = experiments/results/RandomSearch/baseline/trial_8
local_original_copy = True
local_original_name = __original__
output_encoding = ascii
edit_retries = 10
default_timeout = 30
default_lengthout = 10000.0
diff_method = unified
trust_local_filesystem = True

[software]
path = examples/code/triangle-cpp_slow
target_files = 
	triangle.cpp.xml
program = BasicProgram
engine_rules = 
	*.params : ConfigFileParamsEngine
	*.xml : SrcmlEngine
	* : LineEngine
engine_config = 
	*.params : [params]
	*.xml : [srcml]
init_cmd = 
init_timeout = 60
init_lengthout = -1
setup_cmd = ./setup.sh
setup_timeout = 
setup_lengthout = 
compile_cmd = ./compile.sh
compile_timeout = 
compile_lengthout = 
test_cmd = ./build/test_triangle
test_timeout = 
test_lengthout = 
run_cmd = perf stat ./build/run_triangle
run_timeout = 1
run_lengthout = 
batch_timeout = 
batch_lengthout = 
batch_bin_fitness_strategy = aggregate
batch_fitness_strategy = sum
fitness = perf_instructions

[srcml]
rename = 
focus = block break continue decl_stmt do expr_stmt for goto if return switch while
internodes = block
process_pseudo_blocks = True
process_literals = False
process_operators = False

[params]
timing = test run
cli_prefix = --
cli_glue = =
cli_boolean = show
cli_boolean_prefix_true = 
cli_boolean_prefix_false = no-
silent_prefix = @
silent_suffix = $

[search]
protocol = BasicProtocol
algorithm = RandomSearch
possible_edits = 
	DeclStmtReplacement
	ExprStmtReplacement
	IfReplacement
	ReturnReplacement
	DeclStmtInsertion
	ExprStmtInsertion
	IfInsertion
	ReturnInsertion
	DeclStmtDeletion
	ExprStmtDeletion
	IfDeletion
	ReturnDeletion
warmup = 5
warmup_strategy = last
max_steps = 100
max_time = 60
target_fitness = 
cache_maxsize = 40
cache_keep = 0.2
batch_instances = 
batch_shuffle = True
batch_bin_shuffle = False
batch_sample_size = 1
operator_selector = UniformSelector

[search.ls]
delete_prob = 0
max_neighbours = 20
when_trapped = continue
accept_fail = False
tabu_length = 10

[search.gp]
pop_size = 10
delete_prob = 0.5
offspring_elitism = 0.1
offspring_crossover = 0.5
offspring_mutation = 0.4
uniform_rate = 0.5
batch_reset = True

[search.minify]
do_cleanup = True
do_rebuild = True
do_simplify = True
round_robin_limit = 3


2023-12-27 22:50:52,559	[INFO]	==== WARMUP ====
2023-12-27 22:50:59,665	[DEBUG]	EXEC>  SUCCESS 1409512
2023-12-27 22:50:59,669	[INFO]	WARM    SUCCESS               1409512                 
2023-12-27 22:51:02,622	[DEBUG]	EXEC>  SUCCESS 1204240
2023-12-27 22:51:02,623	[INFO]	WARM    SUCCESS               1204240                 
2023-12-27 22:51:05,702	[DEBUG]	EXEC>  SUCCESS 1329208
2023-12-27 22:51:05,703	[INFO]	WARM    SUCCESS               1329208                 
2023-12-27 22:51:08,974	[DEBUG]	EXEC>  SUCCESS 1204240
2023-12-27 22:51:08,975	[INFO]	WARM    SUCCESS               1204240                 
2023-12-27 22:51:12,278	[DEBUG]	EXEC>  SUCCESS 1431408
2023-12-27 22:51:12,282	[INFO]	WARM    SUCCESS               1431408                 
2023-12-27 22:51:12,282	[INFO]	INITIAL SUCCESS               1431408                 
2023-12-27 22:51:12,282	[INFO]	==== START: RandomSearch ====
2023-12-27 22:51:14,744	[DEBUG]	ExprStmtDeletion(('triangle.cpp.xml', 'expr_stmt', 6))
2023-12-27 22:51:14,745	[INFO]	1       TEST_CODE_ERROR       None  [1 edit(s)]       
2023-12-27 22:51:17,222	[DEBUG]	ExprStmtDeletion(('triangle.cpp.xml', 'expr_stmt', 9))
2023-12-27 22:51:17,222	[INFO]	2       TEST_CODE_ERROR       None  [1 edit(s)]       
2023-12-27 22:51:17,964	[DEBUG]	DeclStmtReplacement(('triangle.cpp.xml', 'decl_stmt', 0), ('triangle.cpp.xml', 'stmt', 14))
2023-12-27 22:51:17,964	[INFO]	3       COMPILE_CODE_ERROR    None  [1 edit(s)]       
2023-12-27 22:51:20,674	[DEBUG]	EXEC>  SUCCESS 1204269
2023-12-27 22:51:20,674	[DEBUG]	ExprStmtInsertion(('triangle.cpp.xml', '_inter_block', 12), ('triangle.cpp.xml', 'expr_stmt', 10))
2023-12-27 22:51:20,675	[INFO]	4       SUCCESS              *1204269 (84.13%) [1 edit(s)] 
2023-12-27 22:51:20,676	[DEBUG]	--- before: triangle.cpp
+++ after: triangle.cpp
@@ -41,5 +41,6 @@
     /*auto*/{
       return ISOSCELES;
     }/*auto*/
+  c = tmp;
   return SCALENE;
 }

2023-12-27 22:51:23,226	[DEBUG]	IfDeletion(('triangle.cpp.xml', 'if', 4))
2023-12-27 22:51:23,227	[INFO]	5       TEST_CODE_ERROR       None  [1 edit(s)]       
2023-12-27 22:51:26,207	[DEBUG]	EXEC>  SUCCESS 1336085
2023-12-27 22:51:26,208	[DEBUG]	DeclStmtInsertion(('triangle.cpp.xml', '_inter_block', 31), ('triangle.cpp.xml', 'decl_stmt', 1))
2023-12-27 22:51:26,208	[INFO]	6       SUCCESS               1336085 (93.34%) [1 edit(s)] 
2023-12-27 22:51:29,295	[DEBUG]	EXEC>  SUCCESS 1204243
2023-12-27 22:51:29,296	[DEBUG]	ExprStmtInsertion(('triangle.cpp.xml', '_inter_block', 31), ('triangle.cpp.xml', 'expr_stmt', 7))
2023-12-27 22:51:29,296	[INFO]	7       SUCCESS              *1204243 (84.13%) [1 edit(s)] 
2023-12-27 22:51:29,298	[DEBUG]	--- before: triangle.cpp
+++ after: triangle.cpp
@@ -40,6 +40,7 @@
   if(a == b || b == c)
     /*auto*/{
       return ISOSCELES;
+      c = tmp;
     }/*auto*/
   return SCALENE;
 }

2023-12-27 22:51:31,847	[DEBUG]	IfDeletion(('triangle.cpp.xml', 'if', 5))
2023-12-27 22:51:31,847	[INFO]	8       TEST_CODE_ERROR       None  [1 edit(s)]       
2023-12-27 22:51:34,560	[DEBUG]	ExprStmtReplacement(('triangle.cpp.xml', 'expr_stmt', 2), ('triangle.cpp.xml', 'stmt', 19))
2023-12-27 22:51:34,561	[INFO]	9       TEST_CODE_ERROR       None  [1 edit(s)]       
2023-12-27 22:51:35,283	[DEBUG]	DeclStmtReplacement(('triangle.cpp.xml', 'decl_stmt', 0), ('triangle.cpp.xml', 'stmt', 8))
2023-12-27 22:51:35,284	[INFO]	10      COMPILE_CODE_ERROR    None  [1 edit(s)]       
2023-12-27 22:51:37,857	[DEBUG]	ExprStmtDeletion(('triangle.cpp.xml', 'expr_stmt', 10))
2023-12-27 22:51:37,857	[INFO]	11      TEST_CODE_ERROR       None  [1 edit(s)]       
2023-12-27 22:51:40,853	[DEBUG]	EXEC>  SUCCESS 1204301
2023-12-27 22:51:40,854	[DEBUG]	ExprStmtInsertion(('triangle.cpp.xml', '_inter_block', 24), ('triangle.cpp.xml', 'expr_stmt', 10))
2023-12-27 22:51:40,854	[INFO]	12      SUCCESS               1204301 (84.13%) [1 edit(s)] 
2023-12-27 22:51:43,684	[DEBUG]	EXEC>  SUCCESS 1204240
2023-12-27 22:51:43,685	[DEBUG]	DeclStmtInsertion(('triangle.cpp.xml', '_inter_block', 26), ('triangle.cpp.xml', 'decl_stmt', 1))
2023-12-27 22:51:43,685	[INFO]	13      SUCCESS              *1204240 (84.13%) [1 edit(s)] 
2023-12-27 22:51:43,690	[DEBUG]	--- before: triangle.cpp
+++ after: triangle.cpp
@@ -31,6 +31,7 @@
 
   if(a + b <= c)
     /*auto*/{
+      double tmp;
       return INVALID;
     }/*auto*/
   if(a == b && b == c)

2023-12-27 22:51:46,062	[DEBUG]	IfDeletion(('triangle.cpp.xml', 'if', 5))
2023-12-27 22:51:46,063	[INFO]	14      TEST_CODE_ERROR       None  [1 edit(s)]       
2023-12-27 22:51:48,664	[DEBUG]	ExprStmtInsertion(('triangle.cpp.xml', '_inter_block', 14), ('triangle.cpp.xml', 'expr_stmt', 3))
2023-12-27 22:51:48,665	[INFO]	15      TEST_CODE_ERROR       None  [1 edit(s)]       
2023-12-27 22:51:49,344	[DEBUG]	DeclStmtDeletion(('triangle.cpp.xml', 'decl_stmt', 0))
2023-12-27 22:51:49,344	[INFO]	16      COMPILE_CODE_ERROR    None  [1 edit(s)]       
2023-12-27 22:51:52,035	[DEBUG]	EXEC>  SUCCESS 1204240
2023-12-27 22:51:52,036	[DEBUG]	IfReplacement(('triangle.cpp.xml', 'if', 5), ('triangle.cpp.xml', 'stmt', 18))
2023-12-27 22:51:52,036	[INFO]	17      SUCCESS               1204240 (84.13%) [1 edit(s)] 
2023-12-27 22:51:54,723	[DEBUG]	EXEC>  SUCCESS 1204239
2023-12-27 22:51:54,724	[DEBUG]	DeclStmtInsertion(('triangle.cpp.xml', '_inter_block', 0), ('triangle.cpp.xml', 'decl_stmt', 1))
2023-12-27 22:51:54,724	[INFO]	18      SUCCESS              *1204239 (84.13%) [1 edit(s)] 
2023-12-27 22:51:54,726	[DEBUG]	--- before: triangle.cpp
+++ after: triangle.cpp
@@ -1,6 +1,7 @@
 #include "triangle.hpp"
 
 void delay() {
+  double tmp;
   const struct timespec ms = {0, (long int) (0.001*1e9)}; //tv_sec=0, tv_nsec (0.001 seconds)
   nanosleep(&ms,NULL); /*ignores possible errors*/
 }

2023-12-27 22:51:55,422	[DEBUG]	ReturnInsertion(('triangle.cpp.xml', '_inter_block', 1), ('triangle.cpp.xml', 'return', 3))
2023-12-27 22:51:55,422	[INFO]	19      COMPILE_CODE_ERROR    None  [1 edit(s)]       
2023-12-27 22:51:56,012	[DEBUG]	DeclStmtReplacement(('triangle.cpp.xml', 'decl_stmt', 1), ('triangle.cpp.xml', 'stmt', 2))
2023-12-27 22:51:56,013	[INFO]	20      COMPILE_CODE_ERROR    None  [1 edit(s)]       
2023-12-27 22:51:58,389	[DEBUG]	ReturnInsertion(('triangle.cpp.xml', '_inter_block', 5), ('triangle.cpp.xml', 'return', 3))
2023-12-27 22:51:58,390	[INFO]	21      TEST_CODE_ERROR       None  [1 edit(s)]       
2023-12-27 22:52:01,223	[DEBUG]	EXEC>  SUCCESS 1267062
2023-12-27 22:52:01,223	[DEBUG]	ExprStmtInsertion(('triangle.cpp.xml', '_inter_block', 14), ('triangle.cpp.xml', 'expr_stmt', 1))
2023-12-27 22:52:01,223	[INFO]	22      SUCCESS               1267062 (88.52%) [1 edit(s)] 
2023-12-27 22:52:03,717	[DEBUG]	ReturnDeletion(('triangle.cpp.xml', 'return', 3))
2023-12-27 22:52:03,718	[INFO]	23      TEST_CODE_ERROR       None  [1 edit(s)]       
2023-12-27 22:52:06,425	[DEBUG]	IfReplacement(('triangle.cpp.xml', 'if', 5), ('triangle.cpp.xml', 'stmt', 4))
2023-12-27 22:52:06,426	[INFO]	24      TEST_CODE_ERROR       None  [1 edit(s)]       
2023-12-27 22:52:09,173	[DEBUG]	EXEC>  SUCCESS 1204322
2023-12-27 22:52:09,174	[DEBUG]	IfInsertion(('triangle.cpp.xml', '_inter_block', 26), ('triangle.cpp.xml', 'if', 1))
2023-12-27 22:52:09,174	[INFO]	25      SUCCESS               1204322 (84.14%) [1 edit(s)] 
2023-12-27 22:52:11,750	[DEBUG]	IfDeletion(('triangle.cpp.xml', 'if', 4))
2023-12-27 22:52:11,750	[INFO]	26      TEST_CODE_ERROR       None  [1 edit(s)]       
2023-12-27 22:52:12,537	[DEBUG]	DeclStmtReplacement(('triangle.cpp.xml', 'decl_stmt', 0), ('triangle.cpp.xml', 'stmt', 12))
2023-12-27 22:52:12,538	[INFO]	27      COMPILE_CODE_ERROR    None  [1 edit(s)]       
2023-12-27 22:52:12,539	[INFO]	==== END ====
2023-12-27 22:52:12,539	[INFO]	
2023-12-27 22:52:12,539	[INFO]	==== REPORT ====
2023-12-27 22:52:12,540	[INFO]	Termination: time budget
2023-12-27 22:52:12,540	[INFO]	Log file: /cs/student/ug/2020/damibose/projects/magpie/_magpie_logs/triangle-cpp_slow_1703717465.log
2023-12-27 22:52:12,541	[INFO]	Patch file: _magpie_logs/triangle-cpp_slow_1703717465.patch
2023-12-27 22:52:12,541	[INFO]	Diff file: _magpie_logs/triangle-cpp_slow_1703717465.diff
2023-12-27 22:52:12,541	[INFO]	Best fitness: 1204239
2023-12-27 22:52:12,541	[INFO]	Best patch: DeclStmtInsertion(('triangle.cpp.xml', '_inter_block', 0), ('triangle.cpp.xml', 'decl_stmt', 1))
2023-12-27 22:52:12,541	[INFO]	Diff:
--- before: triangle.cpp
+++ after: triangle.cpp
@@ -1,6 +1,7 @@
 #include "triangle.hpp"
 
 void delay() {
+  double tmp;
   const struct timespec ms = {0, (long int) (0.001*1e9)}; //tv_sec=0, tv_nsec (0.001 seconds)
   nanosleep(&ms,NULL); /*ignores possible errors*/
 }

