2023-12-15 02:35:05,640	[DEBUG]	==== CONFIG ====
[magpie]
import = 
seed = 1
log_dir = _magpie_logs
work_dir = _magpie_work
final_out_dir = experiments/results_e_greedy_proof_of_concept/baseline/BestImprovementNoTabu/trial_1
local_original_copy = True
local_original_name = __original__
output_encoding = ascii
edit_retries = 10
default_timeout = 30
default_lengthout = 10000.0
diff_method = unified
trust_local_filesystem = True

[software]
path = examples/code/triangle-cpp_slow
target_files = 
	triangle.cpp.xml
program = BasicProgram
engine_rules = 
	*.params : ConfigFileParamsEngine
	*.xml : SrcmlEngine
	* : LineEngine
engine_config = 
	*.params : [params]
	*.xml : [srcml]
init_cmd = 
init_timeout = 60
init_lengthout = -1
setup_cmd = ./setup.sh
setup_timeout = 
setup_lengthout = 
compile_cmd = ./compile.sh
compile_timeout = 
compile_lengthout = 
test_cmd = ./build/test_triangle
test_timeout = 
test_lengthout = 
run_cmd = perf stat ./build/run_triangle
run_timeout = 1
run_lengthout = 
batch_timeout = 
batch_lengthout = 
batch_bin_fitness_strategy = aggregate
batch_fitness_strategy = sum
fitness = perf_instructions

[srcml]
rename = 
focus = block break continue decl_stmt do expr_stmt for goto if return switch while
internodes = block
process_pseudo_blocks = True
process_literals = False
process_operators = False

[params]
timing = test run
cli_prefix = --
cli_glue = =
cli_boolean = show
cli_boolean_prefix_true = 
cli_boolean_prefix_false = no-
silent_prefix = @
silent_suffix = $

[search]
protocol = BasicProtocol
algorithm = BestImprovementNoTabu
possible_edits = 
	DeclStmtReplacement
	ExprStmtReplacement
	IfReplacement
	ReturnReplacement
	DeclStmtInsertion
	ExprStmtInsertion
	IfInsertion
	ReturnInsertion
	DeclStmtDeletion
	ExprStmtDeletion
	IfDeletion
	ReturnDeletion
warmup = 5
warmup_strategy = last
max_steps = 100
max_time = 60
target_fitness = 
cache_maxsize = 40
cache_keep = 0.2
batch_instances = 
batch_shuffle = True
batch_bin_shuffle = False
batch_sample_size = 1
operator_selector = UniformSelector

[search.ls]
delete_prob = 0
max_neighbours = 20
when_trapped = continue
accept_fail = False
tabu_length = 10

[search.gp]
pop_size = 10
delete_prob = 0.5
offspring_elitism = 0.1
offspring_crossover = 0.5
offspring_mutation = 0.4
uniform_rate = 0.5
batch_reset = True

[search.minify]
do_cleanup = True
do_rebuild = True
do_simplify = True
round_robin_limit = 3


2023-12-15 02:35:05,649	[INFO]	==== WARMUP ====
2023-12-15 02:35:08,390	[DEBUG]	EXEC>  SUCCESS 1204239
2023-12-15 02:35:08,390	[INFO]	WARM    SUCCESS               1204239                 
2023-12-15 02:35:09,358	[DEBUG]	EXEC>  SUCCESS 1204239
2023-12-15 02:35:09,358	[INFO]	WARM    SUCCESS               1204239                 
2023-12-15 02:35:10,323	[DEBUG]	EXEC>  SUCCESS 1204240
2023-12-15 02:35:10,324	[INFO]	WARM    SUCCESS               1204240                 
2023-12-15 02:35:11,366	[DEBUG]	EXEC>  SUCCESS 1204240
2023-12-15 02:35:11,366	[INFO]	WARM    SUCCESS               1204240                 
2023-12-15 02:35:12,386	[DEBUG]	EXEC>  SUCCESS 1204239
2023-12-15 02:35:12,386	[INFO]	WARM    SUCCESS               1204239                 
2023-12-15 02:35:12,386	[INFO]	INITIAL SUCCESS               1204239                 
2023-12-15 02:35:12,387	[INFO]	==== START: BestImprovementNoTabu ====
2023-12-15 02:35:13,209	[DEBUG]	ReturnInsertion(('triangle.cpp.xml', '_inter_block', 28), ('triangle.cpp.xml', 'return', 3))
2023-12-15 02:35:13,210	[INFO]	1       TEST_CODE_ERROR       None  [1 edit(s)]       
2023-12-15 02:35:13,346	[DEBUG]	DeclStmtReplacement(('triangle.cpp.xml', 'decl_stmt', 1), ('triangle.cpp.xml', 'stmt', 17))
2023-12-15 02:35:13,346	[INFO]	2       COMPILE_CODE_ERROR    None  [1 edit(s)]       
2023-12-15 02:35:14,344	[DEBUG]	EXEC>  SUCCESS 1204284
2023-12-15 02:35:14,344	[DEBUG]	IfInsertion(('triangle.cpp.xml', '_inter_block', 12), ('triangle.cpp.xml', 'if', 0))
2023-12-15 02:35:14,344	[INFO]	3       SUCCESS               1204284 (100.0%) [1 edit(s)] 
2023-12-15 02:35:15,330	[DEBUG]	EXEC>  SUCCESS 1204239
2023-12-15 02:35:15,331	[DEBUG]	DeclStmtInsertion(('triangle.cpp.xml', '_inter_block', 13), ('triangle.cpp.xml', 'decl_stmt', 0))
2023-12-15 02:35:15,332	[INFO]	4       SUCCESS               1204239 (100.0%) [1 edit(s)] 
2023-12-15 02:35:15,493	[DEBUG]	DeclStmtDeletion(('triangle.cpp.xml', 'decl_stmt', 0))
2023-12-15 02:35:15,494	[INFO]	5       COMPILE_CODE_ERROR    None  [1 edit(s)]       
2023-12-15 02:35:16,480	[DEBUG]	EXEC>  SUCCESS 1204600
2023-12-15 02:35:16,481	[DEBUG]	IfInsertion(('triangle.cpp.xml', '_inter_block', 22), ('triangle.cpp.xml', 'if', 5))
2023-12-15 02:35:16,482	[INFO]	6       SUCCESS               1204600 (100.03%) [1 edit(s)] 
2023-12-15 02:35:17,306	[DEBUG]	ReturnReplacement(('triangle.cpp.xml', 'return', 1), ('triangle.cpp.xml', 'stmt', 10))
2023-12-15 02:35:17,307	[INFO]	7       TEST_CODE_ERROR       None  [1 edit(s)]       
2023-12-15 02:35:18,077	[DEBUG]	ExprStmtInsertion(('triangle.cpp.xml', '_inter_block', 22), ('triangle.cpp.xml', 'expr_stmt', 3))
2023-12-15 02:35:18,077	[INFO]	8       TEST_CODE_ERROR       None  [1 edit(s)]       
2023-12-15 02:35:18,929	[DEBUG]	IfReplacement(('triangle.cpp.xml', 'if', 3), ('triangle.cpp.xml', 'stmt', 8))
2023-12-15 02:35:18,929	[INFO]	9       TEST_CODE_ERROR       None  [1 edit(s)]       
2023-12-15 02:35:19,738	[DEBUG]	IfReplacement(('triangle.cpp.xml', 'if', 0), ('triangle.cpp.xml', 'stmt', 9))
2023-12-15 02:35:19,738	[INFO]	10      TEST_CODE_ERROR       None  [1 edit(s)]       
2023-12-15 02:35:20,756	[DEBUG]	EXEC>  SUCCESS 1204420
2023-12-15 02:35:20,757	[DEBUG]	IfInsertion(('triangle.cpp.xml', '_inter_block', 23), ('triangle.cpp.xml', 'if', 4))
2023-12-15 02:35:20,758	[INFO]	11      SUCCESS               1204420 (100.02%) [1 edit(s)] 
2023-12-15 02:35:20,894	[DEBUG]	DeclStmtDeletion(('triangle.cpp.xml', 'decl_stmt', 1))
2023-12-15 02:35:20,894	[INFO]	12      COMPILE_CODE_ERROR    None  [1 edit(s)]       
2023-12-15 02:35:21,863	[DEBUG]	EXEC>  SUCCESS 1204315
2023-12-15 02:35:21,864	[DEBUG]	IfInsertion(('triangle.cpp.xml', '_inter_block', 18), ('triangle.cpp.xml', 'if', 3))
2023-12-15 02:35:21,865	[INFO]	13      SUCCESS               1204315 (100.01%) [1 edit(s)] 
2023-12-15 02:35:22,700	[DEBUG]	IfDeletion(('triangle.cpp.xml', 'if', 2))
2023-12-15 02:35:22,700	[INFO]	14      TEST_CODE_ERROR       None  [1 edit(s)]       
2023-12-15 02:35:22,847	[DEBUG]	DeclStmtDeletion(('triangle.cpp.xml', 'decl_stmt', 0))
2023-12-15 02:35:22,848	[INFO]	15      COMPILE_CODE_ERROR    None  [1 edit(s)]       
2023-12-15 02:35:23,597	[DEBUG]	ReturnDeletion(('triangle.cpp.xml', 'return', 3))
2023-12-15 02:35:23,598	[INFO]	16      TEST_CODE_ERROR       None  [1 edit(s)]       
2023-12-15 02:35:24,411	[DEBUG]	ExprStmtDeletion(('triangle.cpp.xml', 'expr_stmt', 10))
2023-12-15 02:35:24,412	[INFO]	17      TEST_CODE_ERROR       None  [1 edit(s)]       
2023-12-15 02:35:25,395	[DEBUG]	EXEC>  SUCCESS 1204240
2023-12-15 02:35:25,396	[DEBUG]	DeclStmtInsertion(('triangle.cpp.xml', '_inter_block', 17), ('triangle.cpp.xml', 'decl_stmt', 1))
2023-12-15 02:35:25,397	[INFO]	18      SUCCESS               1204240 (100.0%) [1 edit(s)] 
2023-12-15 02:35:26,218	[DEBUG]	IfReplacement(('triangle.cpp.xml', 'if', 2), ('triangle.cpp.xml', 'stmt', 7))
2023-12-15 02:35:26,219	[INFO]	19      TEST_CODE_ERROR       None  [1 edit(s)]       
2023-12-15 02:35:27,048	[DEBUG]	ExprStmtReplacement(('triangle.cpp.xml', 'expr_stmt', 7), ('triangle.cpp.xml', 'stmt', 15))
2023-12-15 02:35:27,049	[INFO]	20      TEST_CODE_ERROR       None  [1 edit(s)]       
2023-12-15 02:35:28,006	[DEBUG]	EXEC>  SUCCESS 1204241
2023-12-15 02:35:28,007	[DEBUG]	ReturnInsertion(('triangle.cpp.xml', '_inter_block', 27), ('triangle.cpp.xml', 'return', 0))
2023-12-15 02:35:28,008	[INFO]	21      SUCCESS              +1204241 (100.0%) [1 edit(s)] 
2023-12-15 02:35:28,010	[DEBUG]	--- before: triangle.cpp
+++ after: triangle.cpp
@@ -32,6 +32,7 @@
   if(a + b <= c)
     /*auto*/{
       return INVALID;
+      return INVALID;
     }/*auto*/
   if(a == b && b == c)
     /*auto*/{

2023-12-15 02:35:28,814	[DEBUG]	DeclStmtInsertion(('triangle.cpp.xml', '_inter_block', 13), ('triangle.cpp.xml', 'decl_stmt', 0)) | ReturnDeletion(('triangle.cpp.xml', 'return', 3))
2023-12-15 02:35:28,814	[INFO]	22      TEST_CODE_ERROR       None  [2 edit(s)]       
2023-12-15 02:35:29,643	[DEBUG]	DeclStmtInsertion(('triangle.cpp.xml', '_inter_block', 13), ('triangle.cpp.xml', 'decl_stmt', 0)) | ReturnDeletion(('triangle.cpp.xml', 'return', 3))
2023-12-15 02:35:29,643	[INFO]	23      TEST_CODE_ERROR       None  [2 edit(s)]       
2023-12-15 02:35:30,490	[DEBUG]	DeclStmtInsertion(('triangle.cpp.xml', '_inter_block', 13), ('triangle.cpp.xml', 'decl_stmt', 0)) | ReturnDeletion(('triangle.cpp.xml', 'return', 1))
2023-12-15 02:35:30,491	[INFO]	24      TEST_CODE_ERROR       None  [2 edit(s)]       
2023-12-15 02:35:30,639	[DEBUG]	DeclStmtInsertion(('triangle.cpp.xml', '_inter_block', 13), ('triangle.cpp.xml', 'decl_stmt', 0)) | ExprStmtInsertion(('triangle.cpp.xml', '_inter_block', 3), ('triangle.cpp.xml', 'expr_stmt', 7))
2023-12-15 02:35:30,639	[INFO]	25      COMPILE_CODE_ERROR    None  [2 edit(s)]       
2023-12-15 02:35:31,412	[DEBUG]	DeclStmtInsertion(('triangle.cpp.xml', '_inter_block', 13), ('triangle.cpp.xml', 'decl_stmt', 0)) | ExprStmtReplacement(('triangle.cpp.xml', 'expr_stmt', 1), ('triangle.cpp.xml', 'stmt', 8))
2023-12-15 02:35:31,412	[INFO]	26      TEST_CODE_ERROR       None  [2 edit(s)]       
2023-12-15 02:35:31,414	[DEBUG]	DeclStmtInsertion(('triangle.cpp.xml', '_inter_block', 13), ('triangle.cpp.xml', 'decl_stmt', 0)) | ReturnReplacement(('triangle.cpp.xml', 'return', 1), ('triangle.cpp.xml', 'stmt', 20))
2023-12-15 02:35:31,414	[INFO]	27      SUCCESS               1204239 (100.0%) [2 edit(s)] 
2023-12-15 02:35:32,229	[DEBUG]	DeclStmtInsertion(('triangle.cpp.xml', '_inter_block', 13), ('triangle.cpp.xml', 'decl_stmt', 0)) | ReturnInsertion(('triangle.cpp.xml', '_inter_block', 23), ('triangle.cpp.xml', 'return', 1))
2023-12-15 02:35:32,230	[INFO]	28      TEST_CODE_ERROR       None  [2 edit(s)]       
2023-12-15 02:35:33,223	[DEBUG]	EXEC>  SUCCESS 1204240
2023-12-15 02:35:33,223	[DEBUG]	DeclStmtInsertion(('triangle.cpp.xml', '_inter_block', 13), ('triangle.cpp.xml', 'decl_stmt', 0)) | ReturnInsertion(('triangle.cpp.xml', '_inter_block', 31), ('triangle.cpp.xml', 'return', 3))
2023-12-15 02:35:33,224	[INFO]	29      SUCCESS               1204240 (100.0%) [2 edit(s)] 
2023-12-15 02:35:34,045	[DEBUG]	DeclStmtInsertion(('triangle.cpp.xml', '_inter_block', 13), ('triangle.cpp.xml', 'decl_stmt', 0)) | ReturnDeletion(('triangle.cpp.xml', 'return', 1))
2023-12-15 02:35:34,045	[INFO]	30      TEST_CODE_ERROR       None  [2 edit(s)]       
2023-12-15 02:35:34,802	[DEBUG]	DeclStmtInsertion(('triangle.cpp.xml', '_inter_block', 13), ('triangle.cpp.xml', 'decl_stmt', 0)) | ExprStmtReplacement(('triangle.cpp.xml', 'expr_stmt', 4), ('triangle.cpp.xml', 'stmt', 22))
2023-12-15 02:35:34,803	[INFO]	31      TEST_CODE_ERROR       None  [2 edit(s)]       
2023-12-15 02:35:35,634	[DEBUG]	DeclStmtInsertion(('triangle.cpp.xml', '_inter_block', 13), ('triangle.cpp.xml', 'decl_stmt', 0)) | ExprStmtReplacement(('triangle.cpp.xml', 'expr_stmt', 7), ('triangle.cpp.xml', 'stmt', 6))
2023-12-15 02:35:35,634	[INFO]	32      TEST_CODE_ERROR       None  [2 edit(s)]       
2023-12-15 02:35:35,792	[DEBUG]	DeclStmtInsertion(('triangle.cpp.xml', '_inter_block', 13), ('triangle.cpp.xml', 'decl_stmt', 0)) | DeclStmtReplacement(('triangle.cpp.xml', 'decl_stmt', 1), ('triangle.cpp.xml', 'stmt', 3))
2023-12-15 02:35:35,793	[INFO]	33      COMPILE_CODE_ERROR    None  [2 edit(s)]       
2023-12-15 02:35:35,931	[DEBUG]	DeclStmtInsertion(('triangle.cpp.xml', '_inter_block', 13), ('triangle.cpp.xml', 'decl_stmt', 0)) | DeclStmtInsertion(('triangle.cpp.xml', '_inter_block', 6), ('triangle.cpp.xml', 'decl_stmt', 0))
2023-12-15 02:35:35,932	[INFO]	34      COMPILE_CODE_ERROR    None  [2 edit(s)]       
2023-12-15 02:35:36,866	[DEBUG]	EXEC>  SUCCESS 1204299
2023-12-15 02:35:36,866	[DEBUG]	DeclStmtInsertion(('triangle.cpp.xml', '_inter_block', 13), ('triangle.cpp.xml', 'decl_stmt', 0)) | DeclStmtInsertion(('triangle.cpp.xml', '_inter_block', 24), ('triangle.cpp.xml', 'decl_stmt', 0))
2023-12-15 02:35:36,867	[INFO]	35      SUCCESS               1204299 (100.0%) [2 edit(s)] 
2023-12-15 02:35:37,024	[DEBUG]	DeclStmtInsertion(('triangle.cpp.xml', '_inter_block', 13), ('triangle.cpp.xml', 'decl_stmt', 0)) | DeclStmtInsertion(('triangle.cpp.xml', '_inter_block', 8), ('triangle.cpp.xml', 'decl_stmt', 1))
2023-12-15 02:35:37,024	[INFO]	36      COMPILE_CODE_ERROR    None  [2 edit(s)]       
2023-12-15 02:35:37,149	[DEBUG]	DeclStmtInsertion(('triangle.cpp.xml', '_inter_block', 13), ('triangle.cpp.xml', 'decl_stmt', 0)) | ReturnInsertion(('triangle.cpp.xml', '_inter_block', 3), ('triangle.cpp.xml', 'return', 1))
2023-12-15 02:35:37,149	[INFO]	37      COMPILE_CODE_ERROR    None  [2 edit(s)]       
2023-12-15 02:35:37,866	[DEBUG]	DeclStmtInsertion(('triangle.cpp.xml', '_inter_block', 13), ('triangle.cpp.xml', 'decl_stmt', 0)) | ReturnDeletion(('triangle.cpp.xml', 'return', 3))
2023-12-15 02:35:37,866	[INFO]	38      TEST_CODE_ERROR       None  [2 edit(s)]       
2023-12-15 02:35:38,006	[DEBUG]	DeclStmtInsertion(('triangle.cpp.xml', '_inter_block', 13), ('triangle.cpp.xml', 'decl_stmt', 0)) | DeclStmtDeletion(('triangle.cpp.xml', 'decl_stmt', 0))
2023-12-15 02:35:38,006	[INFO]	39      COMPILE_CODE_ERROR    None  [2 edit(s)]       
2023-12-15 02:35:38,932	[DEBUG]	EXEC>  SUCCESS 1203978
2023-12-15 02:35:38,933	[DEBUG]	DeclStmtInsertion(('triangle.cpp.xml', '_inter_block', 13), ('triangle.cpp.xml', 'decl_stmt', 0)) | IfDeletion(('triangle.cpp.xml', 'if', 1))
2023-12-15 02:35:38,933	[INFO]	40      SUCCESS              *1203978 (99.98%) [2 edit(s)] 
2023-12-15 02:35:38,935	[DEBUG]	--- before: triangle.cpp
+++ after: triangle.cpp
@@ -17,11 +17,7 @@
     b = tmp;
   }
 
-  if(a > c) {
-    tmp = a;
-    a = c;
-    c = tmp;
-  }
+  
 
   if(b > c) {
     tmp = b;
@@ -42,4 +38,5 @@
       return ISOSCELES;
     }/*auto*/
   return SCALENE;
+  const struct timespec ms = {0, (long int) (0.001*1e9)};
 }

2023-12-15 02:35:39,752	[DEBUG]	DeclStmtInsertion(('triangle.cpp.xml', '_inter_block', 13), ('triangle.cpp.xml', 'decl_stmt', 0)) | IfDeletion(('triangle.cpp.xml', 'if', 4))
2023-12-15 02:35:39,752	[INFO]	41      TEST_CODE_ERROR       None  [2 edit(s)]       
2023-12-15 02:35:40,585	[DEBUG]	DeclStmtInsertion(('triangle.cpp.xml', '_inter_block', 13), ('triangle.cpp.xml', 'decl_stmt', 0)) | ExprStmtReplacement(('triangle.cpp.xml', 'expr_stmt', 6), ('triangle.cpp.xml', 'stmt', 20))
2023-12-15 02:35:40,586	[INFO]	42      TEST_CODE_ERROR      +None  [2 edit(s)]       
2023-12-15 02:35:40,587	[DEBUG]	--- before: triangle.cpp
+++ after: triangle.cpp
@@ -19,7 +19,7 @@
 
   if(a > c) {
     tmp = a;
-    a = c;
+    return EQUILATERAL;
     c = tmp;
   }
 
@@ -42,4 +42,5 @@
       return ISOSCELES;
     }/*auto*/
   return SCALENE;
+  const struct timespec ms = {0, (long int) (0.001*1e9)};
 }

2023-12-15 02:35:41,410	[DEBUG]	DeclStmtInsertion(('triangle.cpp.xml', '_inter_block', 13), ('triangle.cpp.xml', 'decl_stmt', 0)) | IfDeletion(('triangle.cpp.xml', 'if', 1)) | IfDeletion(('triangle.cpp.xml', 'if', 5))
2023-12-15 02:35:41,410	[INFO]	43      TEST_CODE_ERROR       None  [3 edit(s)]       
2023-12-15 02:35:41,549	[DEBUG]	DeclStmtInsertion(('triangle.cpp.xml', '_inter_block', 13), ('triangle.cpp.xml', 'decl_stmt', 0)) | IfDeletion(('triangle.cpp.xml', 'if', 1)) | ExprStmtInsertion(('triangle.cpp.xml', '_inter_block', 4), ('triangle.cpp.xml', 'expr_stmt', 7))
2023-12-15 02:35:41,549	[INFO]	44      COMPILE_CODE_ERROR    None  [3 edit(s)]       
2023-12-15 02:35:42,336	[DEBUG]	DeclStmtInsertion(('triangle.cpp.xml', '_inter_block', 13), ('triangle.cpp.xml', 'decl_stmt', 0)) | IfDeletion(('triangle.cpp.xml', 'if', 1)) | ReturnReplacement(('triangle.cpp.xml', 'return', 1), ('triangle.cpp.xml', 'stmt', 12))
2023-12-15 02:35:42,336	[INFO]	45      TEST_CODE_ERROR       None  [3 edit(s)]       
2023-12-15 02:35:43,150	[DEBUG]	DeclStmtInsertion(('triangle.cpp.xml', '_inter_block', 13), ('triangle.cpp.xml', 'decl_stmt', 0)) | IfDeletion(('triangle.cpp.xml', 'if', 1)) | ReturnReplacement(('triangle.cpp.xml', 'return', 1), ('triangle.cpp.xml', 'stmt', 15))
2023-12-15 02:35:43,150	[INFO]	46      TEST_CODE_ERROR       None  [3 edit(s)]       
2023-12-15 02:35:43,963	[DEBUG]	DeclStmtInsertion(('triangle.cpp.xml', '_inter_block', 13), ('triangle.cpp.xml', 'decl_stmt', 0)) | IfDeletion(('triangle.cpp.xml', 'if', 1)) | IfDeletion(('triangle.cpp.xml', 'if', 4))
2023-12-15 02:35:43,963	[INFO]	47      TEST_CODE_ERROR       None  [3 edit(s)]       
2023-12-15 02:35:44,956	[DEBUG]	EXEC>  SUCCESS 1204200
2023-12-15 02:35:44,956	[DEBUG]	DeclStmtInsertion(('triangle.cpp.xml', '_inter_block', 13), ('triangle.cpp.xml', 'decl_stmt', 0)) | IfDeletion(('triangle.cpp.xml', 'if', 1)) | IfInsertion(('triangle.cpp.xml', '_inter_block', 25), ('triangle.cpp.xml', 'if', 5))
2023-12-15 02:35:44,957	[INFO]	48      SUCCESS               1204200 (100.0%) [3 edit(s)] 
2023-12-15 02:35:45,122	[DEBUG]	DeclStmtInsertion(('triangle.cpp.xml', '_inter_block', 13), ('triangle.cpp.xml', 'decl_stmt', 0)) | IfDeletion(('triangle.cpp.xml', 'if', 1)) | DeclStmtDeletion(('triangle.cpp.xml', 'decl_stmt', 1))
2023-12-15 02:35:45,123	[INFO]	49      COMPILE_CODE_ERROR    None  [3 edit(s)]       
2023-12-15 02:35:45,957	[DEBUG]	DeclStmtInsertion(('triangle.cpp.xml', '_inter_block', 13), ('triangle.cpp.xml', 'decl_stmt', 0)) | IfDeletion(('triangle.cpp.xml', 'if', 1)) | ExprStmtDeletion(('triangle.cpp.xml', 'expr_stmt', 2))
2023-12-15 02:35:45,957	[INFO]	50      TEST_CODE_ERROR       None  [3 edit(s)]       
2023-12-15 02:35:46,732	[DEBUG]	DeclStmtInsertion(('triangle.cpp.xml', '_inter_block', 13), ('triangle.cpp.xml', 'decl_stmt', 0)) | IfDeletion(('triangle.cpp.xml', 'if', 1)) | IfReplacement(('triangle.cpp.xml', 'if', 3), ('triangle.cpp.xml', 'stmt', 4))
2023-12-15 02:35:46,732	[INFO]	51      TEST_CODE_ERROR       None  [3 edit(s)]       
2023-12-15 02:35:47,520	[DEBUG]	DeclStmtInsertion(('triangle.cpp.xml', '_inter_block', 13), ('triangle.cpp.xml', 'decl_stmt', 0)) | IfDeletion(('triangle.cpp.xml', 'if', 1)) | IfInsertion(('triangle.cpp.xml', '_inter_block', 10), ('triangle.cpp.xml', 'if', 5))
2023-12-15 02:35:47,520	[INFO]	52      TEST_CODE_ERROR       None  [3 edit(s)]       
2023-12-15 02:35:48,518	[DEBUG]	EXEC>  SUCCESS 1203977
2023-12-15 02:35:48,518	[DEBUG]	DeclStmtInsertion(('triangle.cpp.xml', '_inter_block', 13), ('triangle.cpp.xml', 'decl_stmt', 0)) | IfDeletion(('triangle.cpp.xml', 'if', 1)) | ExprStmtDeletion(('triangle.cpp.xml', 'expr_stmt', 7))
2023-12-15 02:35:48,519	[INFO]	53      SUCCESS              *1203977 (99.98%) [3 edit(s)] 
2023-12-15 02:35:48,521	[DEBUG]	--- before: triangle.cpp
+++ after: triangle.cpp
@@ -17,11 +17,7 @@
     b = tmp;
   }
 
-  if(a > c) {
-    tmp = a;
-    a = c;
-    c = tmp;
-  }
+  
 
   if(b > c) {
     tmp = b;
@@ -42,4 +38,5 @@
       return ISOSCELES;
     }/*auto*/
   return SCALENE;
+  const struct timespec ms = {0, (long int) (0.001*1e9)};
 }

2023-12-15 02:35:48,683	[DEBUG]	DeclStmtInsertion(('triangle.cpp.xml', '_inter_block', 13), ('triangle.cpp.xml', 'decl_stmt', 0)) | IfDeletion(('triangle.cpp.xml', 'if', 1)) | DeclStmtDeletion(('triangle.cpp.xml', 'decl_stmt', 0))
2023-12-15 02:35:48,684	[INFO]	54      COMPILE_CODE_ERROR    None  [3 edit(s)]       
2023-12-15 02:35:48,825	[DEBUG]	DeclStmtInsertion(('triangle.cpp.xml', '_inter_block', 13), ('triangle.cpp.xml', 'decl_stmt', 0)) | IfDeletion(('triangle.cpp.xml', 'if', 1)) | DeclStmtReplacement(('triangle.cpp.xml', 'decl_stmt', 1), ('triangle.cpp.xml', 'stmt', 10))
2023-12-15 02:35:48,825	[INFO]	55      COMPILE_CODE_ERROR    None  [3 edit(s)]       
2023-12-15 02:35:49,608	[DEBUG]	DeclStmtInsertion(('triangle.cpp.xml', '_inter_block', 13), ('triangle.cpp.xml', 'decl_stmt', 0)) | IfDeletion(('triangle.cpp.xml', 'if', 1)) | IfDeletion(('triangle.cpp.xml', 'if', 5))
2023-12-15 02:35:49,609	[INFO]	56      TEST_CODE_ERROR       None  [3 edit(s)]       
2023-12-15 02:35:49,611	[DEBUG]	DeclStmtInsertion(('triangle.cpp.xml', '_inter_block', 13), ('triangle.cpp.xml', 'decl_stmt', 0)) | IfDeletion(('triangle.cpp.xml', 'if', 1)) | ExprStmtDeletion(('triangle.cpp.xml', 'expr_stmt', 7))
2023-12-15 02:35:49,611	[INFO]	57      SUCCESS               1203977 (99.98%) [3 edit(s)] 
2023-12-15 02:35:50,450	[DEBUG]	DeclStmtInsertion(('triangle.cpp.xml', '_inter_block', 13), ('triangle.cpp.xml', 'decl_stmt', 0)) | IfDeletion(('triangle.cpp.xml', 'if', 1)) | IfDeletion(('triangle.cpp.xml', 'if', 3))
2023-12-15 02:35:50,450	[INFO]	58      TEST_CODE_ERROR       None  [3 edit(s)]       
2023-12-15 02:35:50,601	[DEBUG]	DeclStmtInsertion(('triangle.cpp.xml', '_inter_block', 13), ('triangle.cpp.xml', 'decl_stmt', 0)) | IfDeletion(('triangle.cpp.xml', 'if', 1)) | ExprStmtInsertion(('triangle.cpp.xml', '_inter_block', 24), ('triangle.cpp.xml', 'expr_stmt', 0))
2023-12-15 02:35:50,601	[INFO]	59      COMPILE_CODE_ERROR    None  [3 edit(s)]       
2023-12-15 02:35:51,374	[DEBUG]	DeclStmtInsertion(('triangle.cpp.xml', '_inter_block', 13), ('triangle.cpp.xml', 'decl_stmt', 0)) | IfDeletion(('triangle.cpp.xml', 'if', 1)) | ReturnDeletion(('triangle.cpp.xml', 'return', 0))
2023-12-15 02:35:51,374	[INFO]	60      TEST_CODE_ERROR       None  [3 edit(s)]       
2023-12-15 02:35:52,190	[DEBUG]	DeclStmtInsertion(('triangle.cpp.xml', '_inter_block', 13), ('triangle.cpp.xml', 'decl_stmt', 0)) | IfDeletion(('triangle.cpp.xml', 'if', 1)) | ReturnDeletion(('triangle.cpp.xml', 'return', 2))
2023-12-15 02:35:52,190	[INFO]	61      TEST_CODE_ERROR       None  [3 edit(s)]       
2023-12-15 02:35:52,978	[DEBUG]	DeclStmtInsertion(('triangle.cpp.xml', '_inter_block', 13), ('triangle.cpp.xml', 'decl_stmt', 0)) | IfDeletion(('triangle.cpp.xml', 'if', 1)) | ReturnDeletion(('triangle.cpp.xml', 'return', 1))
2023-12-15 02:35:52,979	[INFO]	62      TEST_CODE_ERROR       None  [3 edit(s)]       
2023-12-15 02:35:53,796	[DEBUG]	DeclStmtInsertion(('triangle.cpp.xml', '_inter_block', 13), ('triangle.cpp.xml', 'decl_stmt', 0)) | IfDeletion(('triangle.cpp.xml', 'if', 1)) | ReturnInsertion(('triangle.cpp.xml', '_inter_block', 16), ('triangle.cpp.xml', 'return', 0))
2023-12-15 02:35:53,797	[INFO]	63      TEST_CODE_ERROR      +None  [3 edit(s)]       
2023-12-15 02:35:53,798	[DEBUG]	--- before: triangle.cpp
+++ after: triangle.cpp
@@ -14,14 +14,11 @@
   if(a > b) {
     tmp = a;
     a = b;
+    return INVALID;
     b = tmp;
   }
 
-  if(a > c) {
-    tmp = a;
-    a = c;
-    c = tmp;
-  }
+  
 
   if(b > c) {
     tmp = b;
@@ -42,4 +39,5 @@
       return ISOSCELES;
     }/*auto*/
   return SCALENE;
+  const struct timespec ms = {0, (long int) (0.001*1e9)};
 }

2023-12-15 02:35:54,617	[DEBUG]	DeclStmtInsertion(('triangle.cpp.xml', '_inter_block', 13), ('triangle.cpp.xml', 'decl_stmt', 0)) | IfDeletion(('triangle.cpp.xml', 'if', 1)) | ExprStmtDeletion(('triangle.cpp.xml', 'expr_stmt', 7)) | ExprStmtInsertion(('triangle.cpp.xml', '_inter_block', 7), ('triangle.cpp.xml', 'expr_stmt', 9))
2023-12-15 02:35:54,617	[INFO]	64      TEST_CODE_ERROR       None  [4 edit(s)]       
2023-12-15 02:35:55,430	[DEBUG]	DeclStmtInsertion(('triangle.cpp.xml', '_inter_block', 13), ('triangle.cpp.xml', 'decl_stmt', 0)) | IfDeletion(('triangle.cpp.xml', 'if', 1)) | ExprStmtDeletion(('triangle.cpp.xml', 'expr_stmt', 7)) | IfDeletion(('triangle.cpp.xml', 'if', 0))
2023-12-15 02:35:55,431	[INFO]	65      TEST_CODE_ERROR       None  [4 edit(s)]       
2023-12-15 02:35:56,235	[DEBUG]	DeclStmtInsertion(('triangle.cpp.xml', '_inter_block', 13), ('triangle.cpp.xml', 'decl_stmt', 0)) | IfDeletion(('triangle.cpp.xml', 'if', 1)) | ExprStmtDeletion(('triangle.cpp.xml', 'expr_stmt', 7)) | ReturnInsertion(('triangle.cpp.xml', '_inter_block', 11), ('triangle.cpp.xml', 'return', 3))
2023-12-15 02:35:56,235	[INFO]	66      TEST_CODE_ERROR       None  [4 edit(s)]       
2023-12-15 02:35:56,377	[DEBUG]	DeclStmtInsertion(('triangle.cpp.xml', '_inter_block', 13), ('triangle.cpp.xml', 'decl_stmt', 0)) | IfDeletion(('triangle.cpp.xml', 'if', 1)) | ExprStmtDeletion(('triangle.cpp.xml', 'expr_stmt', 7)) | DeclStmtDeletion(('triangle.cpp.xml', 'decl_stmt', 1))
2023-12-15 02:35:56,377	[INFO]	67      COMPILE_CODE_ERROR    None  [4 edit(s)]       
2023-12-15 02:35:57,161	[DEBUG]	DeclStmtInsertion(('triangle.cpp.xml', '_inter_block', 13), ('triangle.cpp.xml', 'decl_stmt', 0)) | IfDeletion(('triangle.cpp.xml', 'if', 1)) | ExprStmtDeletion(('triangle.cpp.xml', 'expr_stmt', 7)) | IfReplacement(('triangle.cpp.xml', 'if', 3), ('triangle.cpp.xml', 'stmt', 18))
2023-12-15 02:35:57,162	[INFO]	68      TEST_CODE_ERROR       None  [4 edit(s)]       
2023-12-15 02:35:57,314	[DEBUG]	DeclStmtInsertion(('triangle.cpp.xml', '_inter_block', 13), ('triangle.cpp.xml', 'decl_stmt', 0)) | IfDeletion(('triangle.cpp.xml', 'if', 1)) | ExprStmtDeletion(('triangle.cpp.xml', 'expr_stmt', 7)) | DeclStmtInsertion(('triangle.cpp.xml', '_inter_block', 9), ('triangle.cpp.xml', 'decl_stmt', 1))
2023-12-15 02:35:57,314	[INFO]	69      COMPILE_CODE_ERROR    None  [4 edit(s)]       
2023-12-15 02:35:57,435	[DEBUG]	DeclStmtInsertion(('triangle.cpp.xml', '_inter_block', 13), ('triangle.cpp.xml', 'decl_stmt', 0)) | IfDeletion(('triangle.cpp.xml', 'if', 1)) | ExprStmtDeletion(('triangle.cpp.xml', 'expr_stmt', 7)) | DeclStmtReplacement(('triangle.cpp.xml', 'decl_stmt', 0), ('triangle.cpp.xml', 'stmt', 20))
2023-12-15 02:35:57,436	[INFO]	70      COMPILE_CODE_ERROR    None  [4 edit(s)]       
2023-12-15 02:35:58,198	[DEBUG]	DeclStmtInsertion(('triangle.cpp.xml', '_inter_block', 13), ('triangle.cpp.xml', 'decl_stmt', 0)) | IfDeletion(('triangle.cpp.xml', 'if', 1)) | ExprStmtDeletion(('triangle.cpp.xml', 'expr_stmt', 7)) | ReturnReplacement(('triangle.cpp.xml', 'return', 1), ('triangle.cpp.xml', 'stmt', 14))
2023-12-15 02:35:58,198	[INFO]	71      TEST_CODE_ERROR       None  [4 edit(s)]       
2023-12-15 02:35:58,976	[DEBUG]	DeclStmtInsertion(('triangle.cpp.xml', '_inter_block', 13), ('triangle.cpp.xml', 'decl_stmt', 0)) | IfDeletion(('triangle.cpp.xml', 'if', 1)) | ExprStmtDeletion(('triangle.cpp.xml', 'expr_stmt', 7)) | ReturnReplacement(('triangle.cpp.xml', 'return', 3), ('triangle.cpp.xml', 'stmt', 18))
2023-12-15 02:35:58,976	[INFO]	72      TEST_CODE_ERROR       None  [4 edit(s)]       
2023-12-15 02:35:58,979	[DEBUG]	DeclStmtInsertion(('triangle.cpp.xml', '_inter_block', 13), ('triangle.cpp.xml', 'decl_stmt', 0)) | IfDeletion(('triangle.cpp.xml', 'if', 1)) | ExprStmtDeletion(('triangle.cpp.xml', 'expr_stmt', 7)) | ExprStmtReplacement(('triangle.cpp.xml', 'expr_stmt', 6), ('triangle.cpp.xml', 'stmt', 19))
2023-12-15 02:35:58,979	[INFO]	73      SUCCESS               1203977 (99.98%) [4 edit(s)] 
2023-12-15 02:35:59,144	[DEBUG]	DeclStmtInsertion(('triangle.cpp.xml', '_inter_block', 13), ('triangle.cpp.xml', 'decl_stmt', 0)) | IfDeletion(('triangle.cpp.xml', 'if', 1)) | ExprStmtDeletion(('triangle.cpp.xml', 'expr_stmt', 7)) | DeclStmtInsertion(('triangle.cpp.xml', '_inter_block', 12), ('triangle.cpp.xml', 'decl_stmt', 1))
2023-12-15 02:35:59,145	[INFO]	74      COMPILE_CODE_ERROR    None  [4 edit(s)]       
2023-12-15 02:35:59,932	[DEBUG]	DeclStmtInsertion(('triangle.cpp.xml', '_inter_block', 13), ('triangle.cpp.xml', 'decl_stmt', 0)) | IfDeletion(('triangle.cpp.xml', 'if', 1)) | ExprStmtDeletion(('triangle.cpp.xml', 'expr_stmt', 7)) | IfReplacement(('triangle.cpp.xml', 'if', 0), ('triangle.cpp.xml', 'stmt', 5))
2023-12-15 02:35:59,933	[INFO]	75      TEST_CODE_ERROR       None  [4 edit(s)]       
2023-12-15 02:36:00,771	[DEBUG]	DeclStmtInsertion(('triangle.cpp.xml', '_inter_block', 13), ('triangle.cpp.xml', 'decl_stmt', 0)) | IfDeletion(('triangle.cpp.xml', 'if', 1)) | ExprStmtDeletion(('triangle.cpp.xml', 'expr_stmt', 7)) | ExprStmtDeletion(('triangle.cpp.xml', 'expr_stmt', 10))
2023-12-15 02:36:00,772	[INFO]	76      TEST_CODE_ERROR       None  [4 edit(s)]       
2023-12-15 02:36:00,774	[DEBUG]	DeclStmtInsertion(('triangle.cpp.xml', '_inter_block', 13), ('triangle.cpp.xml', 'decl_stmt', 0)) | IfDeletion(('triangle.cpp.xml', 'if', 1)) | ExprStmtDeletion(('triangle.cpp.xml', 'expr_stmt', 7)) | ExprStmtDeletion(('triangle.cpp.xml', 'expr_stmt', 5))
2023-12-15 02:36:00,774	[INFO]	77      SUCCESS               1203977 (99.98%) [4 edit(s)] 
2023-12-15 02:36:01,602	[DEBUG]	DeclStmtInsertion(('triangle.cpp.xml', '_inter_block', 13), ('triangle.cpp.xml', 'decl_stmt', 0)) | IfDeletion(('triangle.cpp.xml', 'if', 1)) | ExprStmtDeletion(('triangle.cpp.xml', 'expr_stmt', 7)) | ReturnInsertion(('triangle.cpp.xml', '_inter_block', 16), ('triangle.cpp.xml', 'return', 2))
2023-12-15 02:36:01,602	[INFO]	78      TEST_CODE_ERROR       None  [4 edit(s)]       
2023-12-15 02:36:02,429	[DEBUG]	DeclStmtInsertion(('triangle.cpp.xml', '_inter_block', 13), ('triangle.cpp.xml', 'decl_stmt', 0)) | IfDeletion(('triangle.cpp.xml', 'if', 1)) | ExprStmtDeletion(('triangle.cpp.xml', 'expr_stmt', 7)) | ReturnInsertion(('triangle.cpp.xml', '_inter_block', 7), ('triangle.cpp.xml', 'return', 1))
2023-12-15 02:36:02,429	[INFO]	79      TEST_CODE_ERROR       None  [4 edit(s)]       
2023-12-15 02:36:02,594	[DEBUG]	DeclStmtInsertion(('triangle.cpp.xml', '_inter_block', 13), ('triangle.cpp.xml', 'decl_stmt', 0)) | IfDeletion(('triangle.cpp.xml', 'if', 1)) | ExprStmtDeletion(('triangle.cpp.xml', 'expr_stmt', 7)) | DeclStmtDeletion(('triangle.cpp.xml', 'decl_stmt', 0))
2023-12-15 02:36:02,595	[INFO]	80      COMPILE_CODE_ERROR    None  [4 edit(s)]       
2023-12-15 02:36:03,376	[DEBUG]	DeclStmtInsertion(('triangle.cpp.xml', '_inter_block', 13), ('triangle.cpp.xml', 'decl_stmt', 0)) | IfDeletion(('triangle.cpp.xml', 'if', 1)) | ExprStmtDeletion(('triangle.cpp.xml', 'expr_stmt', 7)) | ReturnReplacement(('triangle.cpp.xml', 'return', 2), ('triangle.cpp.xml', 'stmt', 13))
2023-12-15 02:36:03,377	[INFO]	81      TEST_CODE_ERROR       None  [4 edit(s)]       
2023-12-15 02:36:04,219	[DEBUG]	DeclStmtInsertion(('triangle.cpp.xml', '_inter_block', 13), ('triangle.cpp.xml', 'decl_stmt', 0)) | IfDeletion(('triangle.cpp.xml', 'if', 1)) | ExprStmtDeletion(('triangle.cpp.xml', 'expr_stmt', 7)) | IfInsertion(('triangle.cpp.xml', '_inter_block', 8), ('triangle.cpp.xml', 'if', 5))
2023-12-15 02:36:04,219	[INFO]	82      TEST_CODE_ERROR       None  [4 edit(s)]       
2023-12-15 02:36:05,005	[DEBUG]	DeclStmtInsertion(('triangle.cpp.xml', '_inter_block', 13), ('triangle.cpp.xml', 'decl_stmt', 0)) | IfDeletion(('triangle.cpp.xml', 'if', 1)) | ExprStmtDeletion(('triangle.cpp.xml', 'expr_stmt', 7)) | ReturnReplacement(('triangle.cpp.xml', 'return', 1), ('triangle.cpp.xml', 'stmt', 18))
2023-12-15 02:36:05,005	[INFO]	83      TEST_CODE_ERROR       None  [4 edit(s)]       
2023-12-15 02:36:05,007	[DEBUG]	DeclStmtInsertion(('triangle.cpp.xml', '_inter_block', 13), ('triangle.cpp.xml', 'decl_stmt', 0)) | IfDeletion(('triangle.cpp.xml', 'if', 1)) | ExprStmtDeletion(('triangle.cpp.xml', 'expr_stmt', 7)) | ExprStmtDeletion(('triangle.cpp.xml', 'expr_stmt', 7))
2023-12-15 02:36:05,007	[INFO]	84      SUCCESS              +1203977 (99.98%) [4 edit(s)] 
2023-12-15 02:36:05,008	[DEBUG]	--- before: triangle.cpp
+++ after: triangle.cpp
@@ -17,11 +17,7 @@
     b = tmp;
   }
 
-  if(a > c) {
-    tmp = a;
-    a = c;
-    c = tmp;
-  }
+  
 
   if(b > c) {
     tmp = b;
@@ -42,4 +38,5 @@
       return ISOSCELES;
     }/*auto*/
   return SCALENE;
+  const struct timespec ms = {0, (long int) (0.001*1e9)};
 }

2023-12-15 02:36:05,825	[DEBUG]	DeclStmtInsertion(('triangle.cpp.xml', '_inter_block', 13), ('triangle.cpp.xml', 'decl_stmt', 0)) | IfDeletion(('triangle.cpp.xml', 'if', 1)) | ExprStmtDeletion(('triangle.cpp.xml', 'expr_stmt', 7)) | ExprStmtDeletion(('triangle.cpp.xml', 'expr_stmt', 7)) | ReturnDeletion(('triangle.cpp.xml', 'return', 3))
2023-12-15 02:36:05,825	[INFO]	85      TEST_CODE_ERROR       None  [5 edit(s)]       
2023-12-15 02:36:06,657	[DEBUG]	DeclStmtInsertion(('triangle.cpp.xml', '_inter_block', 13), ('triangle.cpp.xml', 'decl_stmt', 0)) | IfDeletion(('triangle.cpp.xml', 'if', 1)) | ExprStmtDeletion(('triangle.cpp.xml', 'expr_stmt', 7)) | ExprStmtDeletion(('triangle.cpp.xml', 'expr_stmt', 7)) | IfDeletion(('triangle.cpp.xml', 'if', 3))
2023-12-15 02:36:06,657	[INFO]	86      TEST_CODE_ERROR       None  [5 edit(s)]       
2023-12-15 02:36:07,462	[DEBUG]	DeclStmtInsertion(('triangle.cpp.xml', '_inter_block', 13), ('triangle.cpp.xml', 'decl_stmt', 0)) | IfDeletion(('triangle.cpp.xml', 'if', 1)) | ExprStmtDeletion(('triangle.cpp.xml', 'expr_stmt', 7)) | ExprStmtDeletion(('triangle.cpp.xml', 'expr_stmt', 7)) | ExprStmtDeletion(('triangle.cpp.xml', 'expr_stmt', 2))
2023-12-15 02:36:07,462	[INFO]	87      TEST_CODE_ERROR       None  [5 edit(s)]       
2023-12-15 02:36:08,245	[DEBUG]	DeclStmtInsertion(('triangle.cpp.xml', '_inter_block', 13), ('triangle.cpp.xml', 'decl_stmt', 0)) | IfDeletion(('triangle.cpp.xml', 'if', 1)) | ExprStmtDeletion(('triangle.cpp.xml', 'expr_stmt', 7)) | ExprStmtDeletion(('triangle.cpp.xml', 'expr_stmt', 7)) | ReturnDeletion(('triangle.cpp.xml', 'return', 0))
2023-12-15 02:36:08,246	[INFO]	88      TEST_CODE_ERROR       None  [5 edit(s)]       
2023-12-15 02:36:08,378	[DEBUG]	DeclStmtInsertion(('triangle.cpp.xml', '_inter_block', 13), ('triangle.cpp.xml', 'decl_stmt', 0)) | IfDeletion(('triangle.cpp.xml', 'if', 1)) | ExprStmtDeletion(('triangle.cpp.xml', 'expr_stmt', 7)) | ExprStmtDeletion(('triangle.cpp.xml', 'expr_stmt', 7)) | ExprStmtInsertion(('triangle.cpp.xml', '_inter_block', 4), ('triangle.cpp.xml', 'expr_stmt', 7))
2023-12-15 02:36:08,379	[INFO]	89      COMPILE_CODE_ERROR    None  [5 edit(s)]       
2023-12-15 02:36:09,189	[DEBUG]	DeclStmtInsertion(('triangle.cpp.xml', '_inter_block', 13), ('triangle.cpp.xml', 'decl_stmt', 0)) | IfDeletion(('triangle.cpp.xml', 'if', 1)) | ExprStmtDeletion(('triangle.cpp.xml', 'expr_stmt', 7)) | ExprStmtDeletion(('triangle.cpp.xml', 'expr_stmt', 7)) | ReturnReplacement(('triangle.cpp.xml', 'return', 2), ('triangle.cpp.xml', 'stmt', 20))
2023-12-15 02:36:09,189	[INFO]	90      TEST_CODE_ERROR       None  [5 edit(s)]       
2023-12-15 02:36:09,967	[DEBUG]	DeclStmtInsertion(('triangle.cpp.xml', '_inter_block', 13), ('triangle.cpp.xml', 'decl_stmt', 0)) | IfDeletion(('triangle.cpp.xml', 'if', 1)) | ExprStmtDeletion(('triangle.cpp.xml', 'expr_stmt', 7)) | ExprStmtDeletion(('triangle.cpp.xml', 'expr_stmt', 7)) | ReturnReplacement(('triangle.cpp.xml', 'return', 1), ('triangle.cpp.xml', 'stmt', 4))
2023-12-15 02:36:09,967	[INFO]	91      TEST_CODE_ERROR       None  [5 edit(s)]       
2023-12-15 02:36:10,779	[DEBUG]	DeclStmtInsertion(('triangle.cpp.xml', '_inter_block', 13), ('triangle.cpp.xml', 'decl_stmt', 0)) | IfDeletion(('triangle.cpp.xml', 'if', 1)) | ExprStmtDeletion(('triangle.cpp.xml', 'expr_stmt', 7)) | ExprStmtDeletion(('triangle.cpp.xml', 'expr_stmt', 7)) | ReturnInsertion(('triangle.cpp.xml', '_inter_block', 8), ('triangle.cpp.xml', 'return', 1))
2023-12-15 02:36:10,780	[INFO]	92      TEST_CODE_ERROR       None  [5 edit(s)]       
2023-12-15 02:36:11,773	[DEBUG]	EXEC>  SUCCESS 1203979
2023-12-15 02:36:11,774	[DEBUG]	DeclStmtInsertion(('triangle.cpp.xml', '_inter_block', 13), ('triangle.cpp.xml', 'decl_stmt', 0)) | IfDeletion(('triangle.cpp.xml', 'if', 1)) | ExprStmtDeletion(('triangle.cpp.xml', 'expr_stmt', 7)) | ExprStmtDeletion(('triangle.cpp.xml', 'expr_stmt', 7)) | ReturnInsertion(('triangle.cpp.xml', '_inter_block', 13), ('triangle.cpp.xml', 'return', 2))
2023-12-15 02:36:11,775	[INFO]	93      SUCCESS               1203979 (99.98%) [5 edit(s)] 
2023-12-15 02:36:12,583	[DEBUG]	DeclStmtInsertion(('triangle.cpp.xml', '_inter_block', 13), ('triangle.cpp.xml', 'decl_stmt', 0)) | IfDeletion(('triangle.cpp.xml', 'if', 1)) | ExprStmtDeletion(('triangle.cpp.xml', 'expr_stmt', 7)) | ExprStmtDeletion(('triangle.cpp.xml', 'expr_stmt', 7)) | IfReplacement(('triangle.cpp.xml', 'if', 2), ('triangle.cpp.xml', 'stmt', 14))
2023-12-15 02:36:12,584	[INFO]	94      TEST_CODE_ERROR       None  [5 edit(s)]       
2023-12-15 02:36:12,585	[INFO]	==== END ====
2023-12-15 02:36:12,586	[INFO]	
2023-12-15 02:36:12,586	[INFO]	==== REPORT ====
2023-12-15 02:36:12,586	[INFO]	Termination: time budget
2023-12-15 02:36:12,587	[INFO]	Log file: /cs/student/ug/2020/damibose/projects/magpie/_magpie_logs/triangle-cpp_slow_1702607705.log
2023-12-15 02:36:12,589	[INFO]	Patch file: _magpie_logs/triangle-cpp_slow_1702607705.patch
2023-12-15 02:36:12,589	[INFO]	Diff file: _magpie_logs/triangle-cpp_slow_1702607705.diff
2023-12-15 02:36:12,589	[INFO]	Best fitness: 1203977
2023-12-15 02:36:12,590	[INFO]	Best patch: DeclStmtInsertion(('triangle.cpp.xml', '_inter_block', 13), ('triangle.cpp.xml', 'decl_stmt', 0)) | IfDeletion(('triangle.cpp.xml', 'if', 1)) | ExprStmtDeletion(('triangle.cpp.xml', 'expr_stmt', 7))
2023-12-15 02:36:12,591	[INFO]	Diff:
--- before: triangle.cpp
+++ after: triangle.cpp
@@ -17,11 +17,7 @@
     b = tmp;
   }
 
-  if(a > c) {
-    tmp = a;
-    a = c;
-    c = tmp;
-  }
+  
 
   if(b > c) {
     tmp = b;
@@ -42,4 +38,5 @@
       return ISOSCELES;
     }/*auto*/
   return SCALENE;
+  const struct timespec ms = {0, (long int) (0.001*1e9)};
 }

