2023-12-15 03:09:47,784	[DEBUG]	==== CONFIG ====
[magpie]
import = 
seed = 6
log_dir = _magpie_logs
work_dir = _magpie_work
final_out_dir = experiments/results_e_greedy_proof_of_concept/baseline/RandomSearch/trial_6
local_original_copy = True
local_original_name = __original__
output_encoding = ascii
edit_retries = 10
default_timeout = 30
default_lengthout = 10000.0
diff_method = unified
trust_local_filesystem = True

[software]
path = examples/code/triangle-cpp_slow
target_files = 
	triangle.cpp.xml
program = BasicProgram
engine_rules = 
	*.params : ConfigFileParamsEngine
	*.xml : SrcmlEngine
	* : LineEngine
engine_config = 
	*.params : [params]
	*.xml : [srcml]
init_cmd = 
init_timeout = 60
init_lengthout = -1
setup_cmd = ./setup.sh
setup_timeout = 
setup_lengthout = 
compile_cmd = ./compile.sh
compile_timeout = 
compile_lengthout = 
test_cmd = ./build/test_triangle
test_timeout = 
test_lengthout = 
run_cmd = perf stat ./build/run_triangle
run_timeout = 1
run_lengthout = 
batch_timeout = 
batch_lengthout = 
batch_bin_fitness_strategy = aggregate
batch_fitness_strategy = sum
fitness = perf_instructions

[srcml]
rename = 
focus = block break continue decl_stmt do expr_stmt for goto if return switch while
internodes = block
process_pseudo_blocks = True
process_literals = False
process_operators = False

[params]
timing = test run
cli_prefix = --
cli_glue = =
cli_boolean = show
cli_boolean_prefix_true = 
cli_boolean_prefix_false = no-
silent_prefix = @
silent_suffix = $

[search]
protocol = BasicProtocol
algorithm = RandomSearch
possible_edits = 
	DeclStmtReplacement
	ExprStmtReplacement
	IfReplacement
	ReturnReplacement
	DeclStmtInsertion
	ExprStmtInsertion
	IfInsertion
	ReturnInsertion
	DeclStmtDeletion
	ExprStmtDeletion
	IfDeletion
	ReturnDeletion
warmup = 5
warmup_strategy = last
max_steps = 100
max_time = 60
target_fitness = 
cache_maxsize = 40
cache_keep = 0.2
batch_instances = 
batch_shuffle = True
batch_bin_shuffle = False
batch_sample_size = 1
operator_selector = UniformSelector

[search.ls]
delete_prob = 0
max_neighbours = 20
when_trapped = continue
accept_fail = False
tabu_length = 10

[search.gp]
pop_size = 10
delete_prob = 0.5
offspring_elitism = 0.1
offspring_crossover = 0.5
offspring_mutation = 0.4
uniform_rate = 0.5
batch_reset = True

[search.minify]
do_cleanup = True
do_rebuild = True
do_simplify = True
round_robin_limit = 3


2023-12-15 03:09:47,789	[INFO]	==== WARMUP ====
2023-12-15 03:09:50,463	[DEBUG]	EXEC>  SUCCESS 1204239
2023-12-15 03:09:50,463	[INFO]	WARM    SUCCESS               1204239                 
2023-12-15 03:09:51,438	[DEBUG]	EXEC>  SUCCESS 1204240
2023-12-15 03:09:51,439	[INFO]	WARM    SUCCESS               1204240                 
2023-12-15 03:09:52,413	[DEBUG]	EXEC>  SUCCESS 1204239
2023-12-15 03:09:52,413	[INFO]	WARM    SUCCESS               1204239                 
2023-12-15 03:09:53,362	[DEBUG]	EXEC>  SUCCESS 1204239
2023-12-15 03:09:53,362	[INFO]	WARM    SUCCESS               1204239                 
2023-12-15 03:09:54,332	[DEBUG]	EXEC>  SUCCESS 1204240
2023-12-15 03:09:54,333	[INFO]	WARM    SUCCESS               1204240                 
2023-12-15 03:09:54,334	[INFO]	INITIAL SUCCESS               1204240                 
2023-12-15 03:09:54,335	[INFO]	==== START: RandomSearch ====
2023-12-15 03:09:55,312	[DEBUG]	EXEC>  SUCCESS 1204241
2023-12-15 03:09:55,313	[DEBUG]	ReturnInsertion(('triangle.cpp.xml', '_inter_block', 28), ('triangle.cpp.xml', 'return', 1))
2023-12-15 03:09:55,314	[INFO]	1       SUCCESS               1204241 (100.0%) [1 edit(s)] 
2023-12-15 03:09:56,302	[DEBUG]	EXEC>  SUCCESS 1204270
2023-12-15 03:09:56,302	[DEBUG]	DeclStmtInsertion(('triangle.cpp.xml', '_inter_block', 18), ('triangle.cpp.xml', 'decl_stmt', 0))
2023-12-15 03:09:56,303	[INFO]	2       SUCCESS               1204270 (100.0%) [1 edit(s)] 
2023-12-15 03:09:57,144	[DEBUG]	ExprStmtDeletion(('triangle.cpp.xml', 'expr_stmt', 2))
2023-12-15 03:09:57,145	[INFO]	3       TEST_CODE_ERROR       None  [1 edit(s)]       
2023-12-15 03:09:57,957	[DEBUG]	ReturnReplacement(('triangle.cpp.xml', 'return', 3), ('triangle.cpp.xml', 'stmt', 13))
2023-12-15 03:09:57,958	[INFO]	4       TEST_CODE_ERROR       None  [1 edit(s)]       
2023-12-15 03:09:58,917	[DEBUG]	EXEC>  SUCCESS 1204269
2023-12-15 03:09:58,917	[DEBUG]	IfInsertion(('triangle.cpp.xml', '_inter_block', 15), ('triangle.cpp.xml', 'if', 3))
2023-12-15 03:09:58,918	[INFO]	5       SUCCESS               1204269 (100.0%) [1 edit(s)] 
2023-12-15 03:09:59,056	[DEBUG]	DeclStmtReplacement(('triangle.cpp.xml', 'decl_stmt', 0), ('triangle.cpp.xml', 'stmt', 1))
2023-12-15 03:09:59,057	[INFO]	6       COMPILE_CODE_ERROR    None  [1 edit(s)]       
2023-12-15 03:09:59,175	[DEBUG]	DeclStmtDeletion(('triangle.cpp.xml', 'decl_stmt', 0))
2023-12-15 03:09:59,176	[INFO]	7       COMPILE_CODE_ERROR    None  [1 edit(s)]       
2023-12-15 03:09:59,952	[DEBUG]	IfReplacement(('triangle.cpp.xml', 'if', 4), ('triangle.cpp.xml', 'stmt', 3))
2023-12-15 03:09:59,953	[INFO]	8       TEST_CODE_ERROR       None  [1 edit(s)]       
2023-12-15 03:10:00,112	[DEBUG]	DeclStmtInsertion(('triangle.cpp.xml', '_inter_block', 10), ('triangle.cpp.xml', 'decl_stmt', 1))
2023-12-15 03:10:00,112	[INFO]	9       COMPILE_CODE_ERROR    None  [1 edit(s)]       
2023-12-15 03:10:00,897	[DEBUG]	ExprStmtReplacement(('triangle.cpp.xml', 'expr_stmt', 4), ('triangle.cpp.xml', 'stmt', 13))
2023-12-15 03:10:00,898	[INFO]	10      TEST_CODE_ERROR       None  [1 edit(s)]       
2023-12-15 03:10:01,719	[DEBUG]	ReturnDeletion(('triangle.cpp.xml', 'return', 3))
2023-12-15 03:10:01,719	[INFO]	11      TEST_CODE_ERROR       None  [1 edit(s)]       
2023-12-15 03:10:02,503	[DEBUG]	IfDeletion(('triangle.cpp.xml', 'if', 3))
2023-12-15 03:10:02,504	[INFO]	12      TEST_CODE_ERROR       None  [1 edit(s)]       
2023-12-15 03:10:02,633	[DEBUG]	DeclStmtDeletion(('triangle.cpp.xml', 'decl_stmt', 1))
2023-12-15 03:10:02,633	[INFO]	13      COMPILE_CODE_ERROR    None  [1 edit(s)]       
2023-12-15 03:10:02,750	[DEBUG]	DeclStmtReplacement(('triangle.cpp.xml', 'decl_stmt', 1), ('triangle.cpp.xml', 'stmt', 21))
2023-12-15 03:10:02,751	[INFO]	14      COMPILE_CODE_ERROR    None  [1 edit(s)]       
2023-12-15 03:10:02,872	[DEBUG]	DeclStmtDeletion(('triangle.cpp.xml', 'decl_stmt', 0))
2023-12-15 03:10:02,873	[INFO]	15      COMPILE_CODE_ERROR    None  [1 edit(s)]       
2023-12-15 03:10:02,998	[DEBUG]	DeclStmtDeletion(('triangle.cpp.xml', 'decl_stmt', 0))
2023-12-15 03:10:02,998	[INFO]	16      COMPILE_CODE_ERROR    None  [1 edit(s)]       
2023-12-15 03:10:03,953	[DEBUG]	EXEC>  SUCCESS 1204338
2023-12-15 03:10:03,954	[DEBUG]	IfInsertion(('triangle.cpp.xml', '_inter_block', 6), ('triangle.cpp.xml', 'if', 1))
2023-12-15 03:10:03,955	[INFO]	17      SUCCESS               1204338 (100.01%) [1 edit(s)] 
2023-12-15 03:10:04,768	[DEBUG]	ExprStmtReplacement(('triangle.cpp.xml', 'expr_stmt', 4), ('triangle.cpp.xml', 'stmt', 1))
2023-12-15 03:10:04,769	[INFO]	18      TEST_CODE_ERROR       None  [1 edit(s)]       
2023-12-15 03:10:04,908	[DEBUG]	ExprStmtInsertion(('triangle.cpp.xml', '_inter_block', 26), ('triangle.cpp.xml', 'expr_stmt', 0))
2023-12-15 03:10:04,908	[INFO]	19      COMPILE_CODE_ERROR    None  [1 edit(s)]       
2023-12-15 03:10:05,892	[DEBUG]	EXEC>  SUCCESS 1204367
2023-12-15 03:10:05,892	[DEBUG]	DeclStmtInsertion(('triangle.cpp.xml', '_inter_block', 5), ('triangle.cpp.xml', 'decl_stmt', 0))
2023-12-15 03:10:05,893	[INFO]	20      SUCCESS               1204367 (100.01%) [1 edit(s)] 
2023-12-15 03:10:06,043	[DEBUG]	DeclStmtDeletion(('triangle.cpp.xml', 'decl_stmt', 1))
2023-12-15 03:10:06,044	[INFO]	21      COMPILE_CODE_ERROR    None  [1 edit(s)]       
2023-12-15 03:10:06,182	[DEBUG]	IfReplacement(('triangle.cpp.xml', 'if', 0), ('triangle.cpp.xml', 'stmt', 2))
2023-12-15 03:10:06,182	[INFO]	22      COMPILE_CODE_ERROR    None  [1 edit(s)]       
2023-12-15 03:10:06,962	[DEBUG]	ReturnDeletion(('triangle.cpp.xml', 'return', 3))
2023-12-15 03:10:06,962	[INFO]	23      TEST_CODE_ERROR       None  [1 edit(s)]       
2023-12-15 03:10:07,092	[DEBUG]	ExprStmtInsertion(('triangle.cpp.xml', '_inter_block', 3), ('triangle.cpp.xml', 'expr_stmt', 10))
2023-12-15 03:10:07,092	[INFO]	24      COMPILE_CODE_ERROR    None  [1 edit(s)]       
2023-12-15 03:10:07,878	[DEBUG]	ReturnDeletion(('triangle.cpp.xml', 'return', 1))
2023-12-15 03:10:07,878	[INFO]	25      TEST_CODE_ERROR       None  [1 edit(s)]       
2023-12-15 03:10:08,681	[DEBUG]	ExprStmtInsertion(('triangle.cpp.xml', '_inter_block', 23), ('triangle.cpp.xml', 'expr_stmt', 5))
2023-12-15 03:10:08,681	[INFO]	26      TEST_CODE_ERROR       None  [1 edit(s)]       
2023-12-15 03:10:09,666	[DEBUG]	EXEC>  SUCCESS 1204240
2023-12-15 03:10:09,667	[DEBUG]	DeclStmtInsertion(('triangle.cpp.xml', '_inter_block', 14), ('triangle.cpp.xml', 'decl_stmt', 1))
2023-12-15 03:10:09,667	[INFO]	27      SUCCESS               1204240 (100.0%) [1 edit(s)] 
2023-12-15 03:10:09,812	[DEBUG]	ReturnInsertion(('triangle.cpp.xml', '_inter_block', 2), ('triangle.cpp.xml', 'return', 1))
2023-12-15 03:10:09,813	[INFO]	28      COMPILE_CODE_ERROR    None  [1 edit(s)]       
2023-12-15 03:10:10,791	[DEBUG]	EXEC>  SUCCESS 1204364
2023-12-15 03:10:10,791	[DEBUG]	ExprStmtInsertion(('triangle.cpp.xml', '_inter_block', 9), ('triangle.cpp.xml', 'expr_stmt', 2))
2023-12-15 03:10:10,792	[INFO]	29      SUCCESS               1204364 (100.01%) [1 edit(s)] 
2023-12-15 03:10:10,941	[DEBUG]	ExprStmtInsertion(('triangle.cpp.xml', '_inter_block', 0), ('triangle.cpp.xml', 'expr_stmt', 10))
2023-12-15 03:10:10,942	[INFO]	30      COMPILE_CODE_ERROR    None  [1 edit(s)]       
2023-12-15 03:10:11,665	[DEBUG]	ReturnReplacement(('triangle.cpp.xml', 'return', 3), ('triangle.cpp.xml', 'stmt', 9))
2023-12-15 03:10:11,665	[INFO]	31      TEST_CODE_ERROR       None  [1 edit(s)]       
2023-12-15 03:10:11,811	[DEBUG]	DeclStmtDeletion(('triangle.cpp.xml', 'decl_stmt', 1))
2023-12-15 03:10:11,812	[INFO]	32      COMPILE_CODE_ERROR    None  [1 edit(s)]       
2023-12-15 03:10:12,614	[DEBUG]	ReturnInsertion(('triangle.cpp.xml', '_inter_block', 30), ('triangle.cpp.xml', 'return', 0))
2023-12-15 03:10:12,615	[INFO]	33      TEST_CODE_ERROR       None  [1 edit(s)]       
2023-12-15 03:10:13,409	[DEBUG]	ExprStmtReplacement(('triangle.cpp.xml', 'expr_stmt', 5), ('triangle.cpp.xml', 'stmt', 11))
2023-12-15 03:10:13,410	[INFO]	34      TEST_CODE_ERROR       None  [1 edit(s)]       
2023-12-15 03:10:14,214	[DEBUG]	ReturnDeletion(('triangle.cpp.xml', 'return', 3))
2023-12-15 03:10:14,215	[INFO]	35      TEST_CODE_ERROR       None  [1 edit(s)]       
2023-12-15 03:10:14,970	[DEBUG]	ReturnReplacement(('triangle.cpp.xml', 'return', 1), ('triangle.cpp.xml', 'stmt', 11))
2023-12-15 03:10:14,971	[INFO]	36      TEST_CODE_ERROR       None  [1 edit(s)]       
2023-12-15 03:10:15,801	[DEBUG]	ExprStmtReplacement(('triangle.cpp.xml', 'expr_stmt', 10), ('triangle.cpp.xml', 'stmt', 13))
2023-12-15 03:10:15,802	[INFO]	37      TEST_CODE_ERROR       None  [1 edit(s)]       
2023-12-15 03:10:16,773	[DEBUG]	EXEC>  SUCCESS 1203979
2023-12-15 03:10:16,774	[DEBUG]	IfDeletion(('triangle.cpp.xml', 'if', 1))
2023-12-15 03:10:16,774	[INFO]	38      SUCCESS              *1203979 (99.98%) [1 edit(s)] 
2023-12-15 03:10:16,776	[DEBUG]	--- before: triangle.cpp
+++ after: triangle.cpp
@@ -17,11 +17,7 @@
     b = tmp;
   }
 
-  if(a > c) {
-    tmp = a;
-    a = c;
-    c = tmp;
-  }
+  
 
   if(b > c) {
     tmp = b;

2023-12-15 03:10:16,928	[DEBUG]	DeclStmtDeletion(('triangle.cpp.xml', 'decl_stmt', 1))
2023-12-15 03:10:16,928	[INFO]	39      COMPILE_CODE_ERROR    None  [1 edit(s)]       
2023-12-15 03:10:17,054	[DEBUG]	ExprStmtInsertion(('triangle.cpp.xml', '_inter_block', 4), ('triangle.cpp.xml', 'expr_stmt', 10))
2023-12-15 03:10:17,055	[INFO]	40      COMPILE_CODE_ERROR    None  [1 edit(s)]       
2023-12-15 03:10:17,178	[DEBUG]	DeclStmtDeletion(('triangle.cpp.xml', 'decl_stmt', 1))
2023-12-15 03:10:17,179	[INFO]	41      COMPILE_CODE_ERROR    None  [1 edit(s)]       
2023-12-15 03:10:18,165	[DEBUG]	EXEC>  SUCCESS 1204329
2023-12-15 03:10:18,165	[DEBUG]	IfInsertion(('triangle.cpp.xml', '_inter_block', 21), ('triangle.cpp.xml', 'if', 4))
2023-12-15 03:10:18,166	[INFO]	42      SUCCESS               1204329 (100.01%) [1 edit(s)] 
2023-12-15 03:10:18,960	[DEBUG]	DeclStmtInsertion(('triangle.cpp.xml', '_inter_block', 15), ('triangle.cpp.xml', 'decl_stmt', 1))
2023-12-15 03:10:18,960	[INFO]	43      TEST_CODE_ERROR       None  [1 edit(s)]       
2023-12-15 03:10:19,093	[DEBUG]	DeclStmtReplacement(('triangle.cpp.xml', 'decl_stmt', 0), ('triangle.cpp.xml', 'stmt', 12))
2023-12-15 03:10:19,093	[INFO]	44      COMPILE_CODE_ERROR    None  [1 edit(s)]       
2023-12-15 03:10:19,894	[DEBUG]	ExprStmtInsertion(('triangle.cpp.xml', '_inter_block', 21), ('triangle.cpp.xml', 'expr_stmt', 3))
2023-12-15 03:10:19,895	[INFO]	45      TEST_CODE_ERROR       None  [1 edit(s)]       
2023-12-15 03:10:20,867	[DEBUG]	EXEC>  SUCCESS 1204238
2023-12-15 03:10:20,867	[DEBUG]	IfInsertion(('triangle.cpp.xml', '_inter_block', 31), ('triangle.cpp.xml', 'if', 5))
2023-12-15 03:10:20,868	[INFO]	46      SUCCESS               1204238 (100.0%) [1 edit(s)] 
2023-12-15 03:10:21,715	[DEBUG]	ExprStmtDeletion(('triangle.cpp.xml', 'expr_stmt', 4))
2023-12-15 03:10:21,716	[INFO]	47      TEST_CODE_ERROR       None  [1 edit(s)]       
2023-12-15 03:10:22,554	[DEBUG]	IfReplacement(('triangle.cpp.xml', 'if', 4), ('triangle.cpp.xml', 'stmt', 13))
2023-12-15 03:10:22,555	[INFO]	48      TEST_CODE_ERROR       None  [1 edit(s)]       
2023-12-15 03:10:23,410	[DEBUG]	EXEC>  SUCCESS 1202334
2023-12-15 03:10:23,410	[DEBUG]	ExprStmtDeletion(('triangle.cpp.xml', 'expr_stmt', 0))
2023-12-15 03:10:23,411	[INFO]	49      SUCCESS              *1202334 (99.84%) [1 edit(s)] 
2023-12-15 03:10:23,413	[DEBUG]	--- before: triangle.cpp
+++ after: triangle.cpp
@@ -2,7 +2,7 @@
 
 void delay() {
   const struct timespec ms = {0, (long int) (0.001*1e9)}; //tv_sec=0, tv_nsec (0.001 seconds)
-  nanosleep(&ms,NULL); /*ignores possible errors*/
+   /*ignores possible errors*/
 }
 
 int classify_triangle(double a, double b, double c) {

2023-12-15 03:10:23,550	[DEBUG]	DeclStmtDeletion(('triangle.cpp.xml', 'decl_stmt', 1))
2023-12-15 03:10:23,550	[INFO]	50      COMPILE_CODE_ERROR    None  [1 edit(s)]       
2023-12-15 03:10:24,528	[DEBUG]	EXEC>  SUCCESS 1204312
2023-12-15 03:10:24,529	[DEBUG]	IfInsertion(('triangle.cpp.xml', '_inter_block', 4), ('triangle.cpp.xml', 'if', 4))
2023-12-15 03:10:24,530	[INFO]	51      SUCCESS               1204312 (100.01%) [1 edit(s)] 
2023-12-15 03:10:25,368	[DEBUG]	ExprStmtReplacement(('triangle.cpp.xml', 'expr_stmt', 2), ('triangle.cpp.xml', 'stmt', 17))
2023-12-15 03:10:25,368	[INFO]	52      TEST_CODE_ERROR       None  [1 edit(s)]       
2023-12-15 03:10:26,203	[DEBUG]	ExprStmtInsertion(('triangle.cpp.xml', '_inter_block', 10), ('triangle.cpp.xml', 'expr_stmt', 4))
2023-12-15 03:10:26,204	[INFO]	53      TEST_CODE_ERROR       None  [1 edit(s)]       
2023-12-15 03:10:26,996	[DEBUG]	ExprStmtReplacement(('triangle.cpp.xml', 'expr_stmt', 6), ('triangle.cpp.xml', 'stmt', 17))
2023-12-15 03:10:26,996	[INFO]	54      TEST_CODE_ERROR       None  [1 edit(s)]       
2023-12-15 03:10:27,780	[DEBUG]	ExprStmtInsertion(('triangle.cpp.xml', '_inter_block', 24), ('triangle.cpp.xml', 'expr_stmt', 4))
2023-12-15 03:10:27,780	[INFO]	55      TEST_CODE_ERROR       None  [1 edit(s)]       
2023-12-15 03:10:28,586	[DEBUG]	DeclStmtInsertion(('triangle.cpp.xml', '_inter_block', 23), ('triangle.cpp.xml', 'decl_stmt', 1))
2023-12-15 03:10:28,586	[INFO]	56      TEST_CODE_ERROR       None  [1 edit(s)]       
2023-12-15 03:10:29,389	[DEBUG]	ExprStmtReplacement(('triangle.cpp.xml', 'expr_stmt', 2), ('triangle.cpp.xml', 'stmt', 0))
2023-12-15 03:10:29,389	[INFO]	57      TEST_CODE_ERROR       None  [1 edit(s)]       
2023-12-15 03:10:30,351	[DEBUG]	EXEC>  SUCCESS 1204312
2023-12-15 03:10:30,351	[DEBUG]	ReturnReplacement(('triangle.cpp.xml', 'return', 2), ('triangle.cpp.xml', 'stmt', 18))
2023-12-15 03:10:30,352	[INFO]	58      SUCCESS               1204312 (100.01%) [1 edit(s)] 
2023-12-15 03:10:31,120	[DEBUG]	ReturnDeletion(('triangle.cpp.xml', 'return', 1))
2023-12-15 03:10:31,121	[INFO]	59      TEST_CODE_ERROR       None  [1 edit(s)]       
2023-12-15 03:10:31,914	[DEBUG]	ExprStmtInsertion(('triangle.cpp.xml', '_inter_block', 22), ('triangle.cpp.xml', 'expr_stmt', 7))
2023-12-15 03:10:31,914	[INFO]	60      TEST_CODE_ERROR       None  [1 edit(s)]       
2023-12-15 03:10:32,758	[DEBUG]	ExprStmtInsertion(('triangle.cpp.xml', '_inter_block', 5), ('triangle.cpp.xml', 'expr_stmt', 4))
2023-12-15 03:10:32,758	[INFO]	61      TEST_CODE_ERROR       None  [1 edit(s)]       
2023-12-15 03:10:32,902	[DEBUG]	DeclStmtReplacement(('triangle.cpp.xml', 'decl_stmt', 0), ('triangle.cpp.xml', 'stmt', 8))
2023-12-15 03:10:32,902	[INFO]	62      COMPILE_CODE_ERROR    None  [1 edit(s)]       
2023-12-15 03:10:33,672	[DEBUG]	ExprStmtReplacement(('triangle.cpp.xml', 'expr_stmt', 5), ('triangle.cpp.xml', 'stmt', 13))
2023-12-15 03:10:33,672	[INFO]	63      TEST_CODE_ERROR       None  [1 edit(s)]       
2023-12-15 03:10:34,677	[DEBUG]	EXEC>  SUCCESS 1204418
2023-12-15 03:10:34,678	[DEBUG]	ExprStmtInsertion(('triangle.cpp.xml', '_inter_block', 28), ('triangle.cpp.xml', 'expr_stmt', 1))
2023-12-15 03:10:34,678	[INFO]	64      SUCCESS               1204418 (100.01%) [1 edit(s)] 
2023-12-15 03:10:35,464	[DEBUG]	ReturnInsertion(('triangle.cpp.xml', '_inter_block', 10), ('triangle.cpp.xml', 'return', 1))
2023-12-15 03:10:35,464	[INFO]	65      TEST_CODE_ERROR       None  [1 edit(s)]       
2023-12-15 03:10:36,278	[DEBUG]	ReturnDeletion(('triangle.cpp.xml', 'return', 1))
2023-12-15 03:10:36,278	[INFO]	66      TEST_CODE_ERROR       None  [1 edit(s)]       
2023-12-15 03:10:37,237	[DEBUG]	EXEC>  SUCCESS 1204239
2023-12-15 03:10:37,237	[DEBUG]	ExprStmtInsertion(('triangle.cpp.xml', '_inter_block', 13), ('triangle.cpp.xml', 'expr_stmt', 1))
2023-12-15 03:10:37,238	[INFO]	67      SUCCESS               1204239 (100.0%) [1 edit(s)] 
2023-12-15 03:10:38,043	[DEBUG]	ExprStmtReplacement(('triangle.cpp.xml', 'expr_stmt', 3), ('triangle.cpp.xml', 'stmt', 7))
2023-12-15 03:10:38,044	[INFO]	68      TEST_CODE_ERROR       None  [1 edit(s)]       
2023-12-15 03:10:38,843	[DEBUG]	ExprStmtDeletion(('triangle.cpp.xml', 'expr_stmt', 4))
2023-12-15 03:10:38,843	[INFO]	69      TEST_CODE_ERROR       None  [1 edit(s)]       
2023-12-15 03:10:39,655	[DEBUG]	ReturnDeletion(('triangle.cpp.xml', 'return', 2))
2023-12-15 03:10:39,655	[INFO]	70      TEST_CODE_ERROR       None  [1 edit(s)]       
2023-12-15 03:10:40,467	[DEBUG]	ExprStmtDeletion(('triangle.cpp.xml', 'expr_stmt', 7))
2023-12-15 03:10:40,468	[INFO]	71      TEST_CODE_ERROR       None  [1 edit(s)]       
2023-12-15 03:10:40,469	[DEBUG]	ExprStmtDeletion(('triangle.cpp.xml', 'expr_stmt', 0))
2023-12-15 03:10:40,469	[INFO]	72      SUCCESS               1202334 (99.84%) [1 edit(s)] 
2023-12-15 03:10:40,619	[DEBUG]	DeclStmtDeletion(('triangle.cpp.xml', 'decl_stmt', 0))
2023-12-15 03:10:40,619	[INFO]	73      COMPILE_CODE_ERROR    None  [1 edit(s)]       
2023-12-15 03:10:41,590	[DEBUG]	EXEC>  SUCCESS 1204312
2023-12-15 03:10:41,591	[DEBUG]	IfInsertion(('triangle.cpp.xml', '_inter_block', 30), ('triangle.cpp.xml', 'if', 5))
2023-12-15 03:10:41,592	[INFO]	74      SUCCESS               1204312 (100.01%) [1 edit(s)] 
2023-12-15 03:10:41,738	[DEBUG]	ReturnInsertion(('triangle.cpp.xml', '_inter_block', 1), ('triangle.cpp.xml', 'return', 0))
2023-12-15 03:10:41,738	[INFO]	75      COMPILE_CODE_ERROR    None  [1 edit(s)]       
2023-12-15 03:10:42,504	[DEBUG]	ExprStmtDeletion(('triangle.cpp.xml', 'expr_stmt', 4))
2023-12-15 03:10:42,504	[INFO]	76      TEST_CODE_ERROR       None  [1 edit(s)]       
2023-12-15 03:10:43,294	[DEBUG]	ReturnInsertion(('triangle.cpp.xml', '_inter_block', 9), ('triangle.cpp.xml', 'return', 2))
2023-12-15 03:10:43,295	[INFO]	77      TEST_CODE_ERROR       None  [1 edit(s)]       
2023-12-15 03:10:44,089	[DEBUG]	ReturnInsertion(('triangle.cpp.xml', '_inter_block', 20), ('triangle.cpp.xml', 'return', 3))
2023-12-15 03:10:44,089	[INFO]	78      TEST_CODE_ERROR       None  [1 edit(s)]       
2023-12-15 03:10:44,870	[DEBUG]	ReturnInsertion(('triangle.cpp.xml', '_inter_block', 12), ('triangle.cpp.xml', 'return', 1))
2023-12-15 03:10:44,870	[INFO]	79      TEST_CODE_ERROR       None  [1 edit(s)]       
2023-12-15 03:10:45,677	[DEBUG]	IfReplacement(('triangle.cpp.xml', 'if', 5), ('triangle.cpp.xml', 'stmt', 16))
2023-12-15 03:10:45,677	[INFO]	80      TEST_CODE_ERROR       None  [1 edit(s)]       
2023-12-15 03:10:46,676	[DEBUG]	EXEC>  SUCCESS 1204288
2023-12-15 03:10:46,676	[DEBUG]	ExprStmtInsertion(('triangle.cpp.xml', '_inter_block', 16), ('triangle.cpp.xml', 'expr_stmt', 9))
2023-12-15 03:10:46,677	[INFO]	81      SUCCESS               1204288 (100.0%) [1 edit(s)] 
2023-12-15 03:10:47,460	[DEBUG]	ExprStmtDeletion(('triangle.cpp.xml', 'expr_stmt', 5))
2023-12-15 03:10:47,460	[INFO]	82      TEST_CODE_ERROR       None  [1 edit(s)]       
2023-12-15 03:10:47,592	[DEBUG]	ReturnReplacement(('triangle.cpp.xml', 'return', 3), ('triangle.cpp.xml', 'stmt', 1))
2023-12-15 03:10:47,592	[INFO]	83      COMPILE_CODE_ERROR    None  [1 edit(s)]       
2023-12-15 03:10:48,369	[DEBUG]	ReturnInsertion(('triangle.cpp.xml', '_inter_block', 19), ('triangle.cpp.xml', 'return', 1))
2023-12-15 03:10:48,370	[INFO]	84      TEST_CODE_ERROR       None  [1 edit(s)]       
2023-12-15 03:10:49,329	[DEBUG]	EXEC>  SUCCESS 1204366
2023-12-15 03:10:49,329	[DEBUG]	ExprStmtInsertion(('triangle.cpp.xml', '_inter_block', 8), ('triangle.cpp.xml', 'expr_stmt', 8))
2023-12-15 03:10:49,330	[INFO]	85      SUCCESS               1204366 (100.01%) [1 edit(s)] 
2023-12-15 03:10:50,297	[DEBUG]	EXEC>  SUCCESS 1204527
2023-12-15 03:10:50,298	[DEBUG]	IfInsertion(('triangle.cpp.xml', '_inter_block', 8), ('triangle.cpp.xml', 'if', 4))
2023-12-15 03:10:50,299	[INFO]	86      SUCCESS               1204527 (100.02%) [1 edit(s)] 
2023-12-15 03:10:50,431	[DEBUG]	DeclStmtDeletion(('triangle.cpp.xml', 'decl_stmt', 0))
2023-12-15 03:10:50,431	[INFO]	87      COMPILE_CODE_ERROR    None  [1 edit(s)]       
2023-12-15 03:10:51,340	[DEBUG]	EXEC>  SUCCESS 1204240
2023-12-15 03:10:51,340	[DEBUG]	DeclStmtInsertion(('triangle.cpp.xml', '_inter_block', 29), ('triangle.cpp.xml', 'decl_stmt', 1))
2023-12-15 03:10:51,341	[INFO]	88      SUCCESS               1204240 (100.0%) [1 edit(s)] 
2023-12-15 03:10:51,499	[DEBUG]	DeclStmtReplacement(('triangle.cpp.xml', 'decl_stmt', 1), ('triangle.cpp.xml', 'stmt', 13))
2023-12-15 03:10:51,499	[INFO]	89      COMPILE_CODE_ERROR    None  [1 edit(s)]       
2023-12-15 03:10:51,637	[DEBUG]	IfInsertion(('triangle.cpp.xml', '_inter_block', 3), ('triangle.cpp.xml', 'if', 2))
2023-12-15 03:10:51,637	[INFO]	90      COMPILE_CODE_ERROR    None  [1 edit(s)]       
2023-12-15 03:10:52,656	[DEBUG]	EXEC>  SUCCESS 1204239
2023-12-15 03:10:52,657	[DEBUG]	DeclStmtReplacement(('triangle.cpp.xml', 'decl_stmt', 0), ('triangle.cpp.xml', 'stmt', 0))
2023-12-15 03:10:52,658	[INFO]	91      SUCCESS               1204239 (100.0%) [1 edit(s)] 
2023-12-15 03:10:53,463	[DEBUG]	IfDeletion(('triangle.cpp.xml', 'if', 5))
2023-12-15 03:10:53,463	[INFO]	92      TEST_CODE_ERROR       None  [1 edit(s)]       
2023-12-15 03:10:53,602	[DEBUG]	DeclStmtInsertion(('triangle.cpp.xml', '_inter_block', 3), ('triangle.cpp.xml', 'decl_stmt', 1))
2023-12-15 03:10:53,603	[INFO]	93      COMPILE_CODE_ERROR    None  [1 edit(s)]       
2023-12-15 03:10:54,366	[DEBUG]	ReturnReplacement(('triangle.cpp.xml', 'return', 0), ('triangle.cpp.xml', 'stmt', 18))
2023-12-15 03:10:54,366	[INFO]	94      TEST_CODE_ERROR       None  [1 edit(s)]       
2023-12-15 03:10:54,367	[INFO]	==== END ====
2023-12-15 03:10:54,367	[INFO]	
2023-12-15 03:10:54,367	[INFO]	==== REPORT ====
2023-12-15 03:10:54,368	[INFO]	Termination: time budget
2023-12-15 03:10:54,369	[INFO]	Log file: /cs/student/ug/2020/damibose/projects/magpie/_magpie_logs/triangle-cpp_slow_1702609787.log
2023-12-15 03:10:54,370	[INFO]	Patch file: _magpie_logs/triangle-cpp_slow_1702609787.patch
2023-12-15 03:10:54,370	[INFO]	Diff file: _magpie_logs/triangle-cpp_slow_1702609787.diff
2023-12-15 03:10:54,371	[INFO]	Best fitness: 1202334
2023-12-15 03:10:54,372	[INFO]	Best patch: ExprStmtDeletion(('triangle.cpp.xml', 'expr_stmt', 0))
2023-12-15 03:10:54,373	[INFO]	Diff:
--- before: triangle.cpp
+++ after: triangle.cpp
@@ -2,7 +2,7 @@
 
 void delay() {
   const struct timespec ms = {0, (long int) (0.001*1e9)}; //tv_sec=0, tv_nsec (0.001 seconds)
-  nanosleep(&ms,NULL); /*ignores possible errors*/
+   /*ignores possible errors*/
 }
 
 int classify_triangle(double a, double b, double c) {

