2023-12-15 03:06:23,262	[DEBUG]	==== CONFIG ====
[magpie]
import = 
seed = 5
log_dir = _magpie_logs
work_dir = _magpie_work
final_out_dir = experiments/results_e_greedy_proof_of_concept/epsilon_greedy/BestImprovementNoTabu/trial_5
local_original_copy = True
local_original_name = __original__
output_encoding = ascii
edit_retries = 10
default_timeout = 30
default_lengthout = 10000.0
diff_method = unified
trust_local_filesystem = True

[software]
path = examples/code/triangle-cpp_slow
target_files = 
	triangle.cpp.xml
program = BasicProgram
engine_rules = 
	*.params : ConfigFileParamsEngine
	*.xml : SrcmlEngine
	* : LineEngine
engine_config = 
	*.params : [params]
	*.xml : [srcml]
init_cmd = 
init_timeout = 60
init_lengthout = -1
setup_cmd = ./setup.sh
setup_timeout = 
setup_lengthout = 
compile_cmd = ./compile.sh
compile_timeout = 
compile_lengthout = 
test_cmd = ./build/test_triangle
test_timeout = 
test_lengthout = 
run_cmd = perf stat ./build/run_triangle
run_timeout = 1
run_lengthout = 
batch_timeout = 
batch_lengthout = 
batch_bin_fitness_strategy = aggregate
batch_fitness_strategy = sum
fitness = perf_instructions

[srcml]
rename = 
focus = block break continue decl_stmt do expr_stmt for goto if return switch while
internodes = block
process_pseudo_blocks = True
process_literals = False
process_operators = False

[params]
timing = test run
cli_prefix = --
cli_glue = =
cli_boolean = show
cli_boolean_prefix_true = 
cli_boolean_prefix_false = no-
silent_prefix = @
silent_suffix = $

[search]
protocol = BasicProtocol
algorithm = BestImprovementNoTabu
possible_edits = 
	DeclStmtReplacement
	ExprStmtReplacement
	IfReplacement
	ReturnReplacement
	DeclStmtInsertion
	ExprStmtInsertion
	IfInsertion
	ReturnInsertion
	DeclStmtDeletion
	ExprStmtDeletion
	IfDeletion
	ReturnDeletion
warmup = 5
warmup_strategy = last
max_steps = 100
max_time = 60
target_fitness = 
cache_maxsize = 40
cache_keep = 0.2
batch_instances = 
batch_shuffle = True
batch_bin_shuffle = False
batch_sample_size = 1
operator_selector = EpsilonGreedy
epsilon = 0.2

[search.ls]
delete_prob = 0
max_neighbours = 20
when_trapped = continue
accept_fail = False
tabu_length = 10

[search.gp]
pop_size = 10
delete_prob = 0.5
offspring_elitism = 0.1
offspring_crossover = 0.5
offspring_mutation = 0.4
uniform_rate = 0.5
batch_reset = True

[search.minify]
do_cleanup = True
do_rebuild = True
do_simplify = True
round_robin_limit = 3


2023-12-15 03:06:23,267	[INFO]	==== WARMUP ====
2023-12-15 03:06:25,720	[DEBUG]	EXEC>  SUCCESS 1249033
2023-12-15 03:06:25,720	[INFO]	WARM    SUCCESS               1249033                 
2023-12-15 03:06:26,696	[DEBUG]	EXEC>  SUCCESS 1204240
2023-12-15 03:06:26,696	[INFO]	WARM    SUCCESS               1204240                 
2023-12-15 03:06:27,640	[DEBUG]	EXEC>  SUCCESS 1204240
2023-12-15 03:06:27,641	[INFO]	WARM    SUCCESS               1204240                 
2023-12-15 03:06:28,645	[DEBUG]	EXEC>  SUCCESS 1204240
2023-12-15 03:06:28,645	[INFO]	WARM    SUCCESS               1204240                 
2023-12-15 03:06:29,644	[DEBUG]	EXEC>  SUCCESS 1204239
2023-12-15 03:06:29,644	[INFO]	WARM    SUCCESS               1204239                 
2023-12-15 03:06:29,645	[INFO]	INITIAL SUCCESS               1204239                 
2023-12-15 03:06:29,646	[INFO]	==== START: BestImprovementNoTabu ====
2023-12-15 03:06:29,806	[DEBUG]	DeclStmtReplacement(('triangle.cpp.xml', 'decl_stmt', 0), ('triangle.cpp.xml', 'stmt', 14))
2023-12-15 03:06:29,806	[INFO]	1       COMPILE_CODE_ERROR    None  [1 edit(s)]       
2023-12-15 03:06:30,725	[DEBUG]	ExprStmtReplacement(('triangle.cpp.xml', 'expr_stmt', 7), ('triangle.cpp.xml', 'stmt', 21))
2023-12-15 03:06:30,726	[INFO]	2       TEST_CODE_ERROR       None  [1 edit(s)]       
2023-12-15 03:06:31,570	[DEBUG]	IfReplacement(('triangle.cpp.xml', 'if', 5), ('triangle.cpp.xml', 'stmt', 19))
2023-12-15 03:06:31,571	[INFO]	3       TEST_CODE_ERROR       None  [1 edit(s)]       
2023-12-15 03:06:32,549	[DEBUG]	EXEC>  SUCCESS 1204347
2023-12-15 03:06:32,550	[DEBUG]	ReturnReplacement(('triangle.cpp.xml', 'return', 1), ('triangle.cpp.xml', 'stmt', 17))
2023-12-15 03:06:32,551	[INFO]	4       SUCCESS               1204347 (100.01%) [1 edit(s)] 
2023-12-15 03:06:33,559	[DEBUG]	EXEC>  SUCCESS 1204299
2023-12-15 03:06:33,559	[DEBUG]	DeclStmtInsertion(('triangle.cpp.xml', '_inter_block', 22), ('triangle.cpp.xml', 'decl_stmt', 0))
2023-12-15 03:06:33,560	[INFO]	5       SUCCESS               1204299 (100.0%) [1 edit(s)] 
2023-12-15 03:06:34,377	[DEBUG]	IfDeletion(('triangle.cpp.xml', 'if', 5))
2023-12-15 03:06:34,378	[INFO]	6       TEST_CODE_ERROR       None  [1 edit(s)]       
2023-12-15 03:06:35,343	[DEBUG]	EXEC>  SUCCESS 1204365
2023-12-15 03:06:35,344	[DEBUG]	ExprStmtInsertion(('triangle.cpp.xml', '_inter_block', 6), ('triangle.cpp.xml', 'expr_stmt', 2))
2023-12-15 03:06:35,344	[INFO]	7       SUCCESS               1204365 (100.01%) [1 edit(s)] 
2023-12-15 03:06:36,364	[DEBUG]	EXEC>  SUCCESS 1204418
2023-12-15 03:06:36,364	[DEBUG]	IfInsertion(('triangle.cpp.xml', '_inter_block', 11), ('triangle.cpp.xml', 'if', 5))
2023-12-15 03:06:36,365	[INFO]	8       SUCCESS               1204418 (100.01%) [1 edit(s)] 
2023-12-15 03:06:36,533	[DEBUG]	DeclStmtReplacement(('triangle.cpp.xml', 'decl_stmt', 1), ('triangle.cpp.xml', 'stmt', 22))
2023-12-15 03:06:36,533	[INFO]	9       COMPILE_CODE_ERROR    None  [1 edit(s)]       
2023-12-15 03:06:37,338	[DEBUG]	ReturnInsertion(('triangle.cpp.xml', '_inter_block', 23), ('triangle.cpp.xml', 'return', 2))
2023-12-15 03:06:37,338	[INFO]	10      TEST_CODE_ERROR       None  [1 edit(s)]       
2023-12-15 03:06:38,319	[DEBUG]	EXEC>  SUCCESS 1204284
2023-12-15 03:06:38,320	[DEBUG]	IfReplacement(('triangle.cpp.xml', 'if', 1), ('triangle.cpp.xml', 'stmt', 17))
2023-12-15 03:06:38,321	[INFO]	11      SUCCESS               1204284 (100.0%) [1 edit(s)] 
2023-12-15 03:06:38,477	[DEBUG]	DeclStmtDeletion(('triangle.cpp.xml', 'decl_stmt', 1))
2023-12-15 03:06:38,477	[INFO]	12      COMPILE_CODE_ERROR    None  [1 edit(s)]       
2023-12-15 03:06:39,286	[DEBUG]	ExprStmtDeletion(('triangle.cpp.xml', 'expr_stmt', 3))
2023-12-15 03:06:39,286	[INFO]	13      TEST_CODE_ERROR       None  [1 edit(s)]       
2023-12-15 03:06:40,116	[DEBUG]	IfDeletion(('triangle.cpp.xml', 'if', 3))
2023-12-15 03:06:40,116	[INFO]	14      TEST_CODE_ERROR       None  [1 edit(s)]       
2023-12-15 03:06:40,924	[DEBUG]	ReturnDeletion(('triangle.cpp.xml', 'return', 1))
2023-12-15 03:06:40,925	[INFO]	15      TEST_CODE_ERROR       None  [1 edit(s)]       
2023-12-15 03:06:41,774	[DEBUG]	ExprStmtReplacement(('triangle.cpp.xml', 'expr_stmt', 3), ('triangle.cpp.xml', 'stmt', 11))
2023-12-15 03:06:41,774	[INFO]	16      TEST_CODE_ERROR       None  [1 edit(s)]       
2023-12-15 03:06:42,803	[DEBUG]	EXEC>  SUCCESS 1204288
2023-12-15 03:06:42,804	[DEBUG]	DeclStmtInsertion(('triangle.cpp.xml', '_inter_block', 15), ('triangle.cpp.xml', 'decl_stmt', 0))
2023-12-15 03:06:42,804	[INFO]	17      SUCCESS               1204288 (100.0%) [1 edit(s)] 
2023-12-15 03:06:43,771	[DEBUG]	EXEC>  SUCCESS 1262162
2023-12-15 03:06:43,772	[DEBUG]	DeclStmtInsertion(('triangle.cpp.xml', '_inter_block', 13), ('triangle.cpp.xml', 'decl_stmt', 0))
2023-12-15 03:06:43,772	[INFO]	18      SUCCESS               1262162 (104.81%) [1 edit(s)] 
2023-12-15 03:06:44,555	[DEBUG]	ReturnReplacement(('triangle.cpp.xml', 'return', 2), ('triangle.cpp.xml', 'stmt', 0))
2023-12-15 03:06:44,556	[INFO]	19      TEST_CODE_ERROR       None  [1 edit(s)]       
2023-12-15 03:06:45,538	[DEBUG]	EXEC>  SUCCESS 1204301
2023-12-15 03:06:45,538	[DEBUG]	ExprStmtInsertion(('triangle.cpp.xml', '_inter_block', 23), ('triangle.cpp.xml', 'expr_stmt', 4))
2023-12-15 03:06:45,539	[INFO]	20      SUCCESS               1204301 (100.01%) [1 edit(s)] 
2023-12-15 03:06:46,513	[DEBUG]	EXEC>  SUCCESS 1204269
2023-12-15 03:06:46,514	[DEBUG]	ExprStmtInsertion(('triangle.cpp.xml', '_inter_block', 12), ('triangle.cpp.xml', 'expr_stmt', 6))
2023-12-15 03:06:46,514	[INFO]	21      SUCCESS              +1204269 (100.0%) [1 edit(s)] 
2023-12-15 03:06:46,516	[DEBUG]	--- before: triangle.cpp
+++ after: triangle.cpp
@@ -41,5 +41,6 @@
     /*auto*/{
       return ISOSCELES;
     }/*auto*/
+  a = c;
   return SCALENE;
 }

2023-12-15 03:06:47,492	[DEBUG]	EXEC>  SUCCESS 1204239
2023-12-15 03:06:47,493	[DEBUG]	ExprStmtInsertion(('triangle.cpp.xml', '_inter_block', 27), ('triangle.cpp.xml', 'expr_stmt', 8))
2023-12-15 03:06:47,494	[INFO]	22      SUCCESS              +1204239 (100.0%) [1 edit(s)] 
2023-12-15 03:06:47,496	[DEBUG]	--- before: triangle.cpp
+++ after: triangle.cpp
@@ -32,6 +32,7 @@
   if(a + b <= c)
     /*auto*/{
       return INVALID;
+      tmp = b;
     }/*auto*/
   if(a == b && b == c)
     /*auto*/{

2023-12-15 03:06:48,337	[DEBUG]	ExprStmtInsertion(('triangle.cpp.xml', '_inter_block', 27), ('triangle.cpp.xml', 'expr_stmt', 8)) | ExprStmtInsertion(('triangle.cpp.xml', '_inter_block', 14), ('triangle.cpp.xml', 'expr_stmt', 6))
2023-12-15 03:06:48,337	[INFO]	23      TEST_CODE_ERROR       None  [2 edit(s)]       
2023-12-15 03:06:48,495	[DEBUG]	ExprStmtInsertion(('triangle.cpp.xml', '_inter_block', 27), ('triangle.cpp.xml', 'expr_stmt', 8)) | IfInsertion(('triangle.cpp.xml', '_inter_block', 0), ('triangle.cpp.xml', 'if', 0))
2023-12-15 03:06:48,496	[INFO]	24      COMPILE_CODE_ERROR    None  [2 edit(s)]       
2023-12-15 03:06:48,667	[DEBUG]	ExprStmtInsertion(('triangle.cpp.xml', '_inter_block', 27), ('triangle.cpp.xml', 'expr_stmt', 8)) | DeclStmtInsertion(('triangle.cpp.xml', '_inter_block', 4), ('triangle.cpp.xml', 'decl_stmt', 1))
2023-12-15 03:06:48,668	[INFO]	25      COMPILE_CODE_ERROR    None  [2 edit(s)]       
2023-12-15 03:06:49,456	[DEBUG]	ExprStmtInsertion(('triangle.cpp.xml', '_inter_block', 27), ('triangle.cpp.xml', 'expr_stmt', 8)) | ExprStmtInsertion(('triangle.cpp.xml', '_inter_block', 22), ('triangle.cpp.xml', 'expr_stmt', 10))
2023-12-15 03:06:49,457	[INFO]	26      TEST_CODE_ERROR       None  [2 edit(s)]       
2023-12-15 03:06:50,484	[DEBUG]	EXEC>  SUCCESS 1204239
2023-12-15 03:06:50,484	[DEBUG]	ExprStmtInsertion(('triangle.cpp.xml', '_inter_block', 27), ('triangle.cpp.xml', 'expr_stmt', 8)) | DeclStmtInsertion(('triangle.cpp.xml', '_inter_block', 28), ('triangle.cpp.xml', 'decl_stmt', 1))
2023-12-15 03:06:50,485	[INFO]	27      SUCCESS               1204239 (100.0%) [2 edit(s)] 
2023-12-15 03:06:51,467	[DEBUG]	EXEC>  SUCCESS 1204365
2023-12-15 03:06:51,468	[DEBUG]	ExprStmtInsertion(('triangle.cpp.xml', '_inter_block', 27), ('triangle.cpp.xml', 'expr_stmt', 8)) | DeclStmtInsertion(('triangle.cpp.xml', '_inter_block', 8), ('triangle.cpp.xml', 'decl_stmt', 0))
2023-12-15 03:06:51,469	[INFO]	28      SUCCESS               1204365 (100.01%) [2 edit(s)] 
2023-12-15 03:06:51,635	[DEBUG]	ExprStmtInsertion(('triangle.cpp.xml', '_inter_block', 27), ('triangle.cpp.xml', 'expr_stmt', 8)) | DeclStmtInsertion(('triangle.cpp.xml', '_inter_block', 9), ('triangle.cpp.xml', 'decl_stmt', 1))
2023-12-15 03:06:51,635	[INFO]	29      COMPILE_CODE_ERROR    None  [2 edit(s)]       
2023-12-15 03:06:52,608	[DEBUG]	EXEC>  SUCCESS 1204240
2023-12-15 03:06:52,608	[DEBUG]	ExprStmtInsertion(('triangle.cpp.xml', '_inter_block', 27), ('triangle.cpp.xml', 'expr_stmt', 8)) | DeclStmtInsertion(('triangle.cpp.xml', '_inter_block', 29), ('triangle.cpp.xml', 'decl_stmt', 0))
2023-12-15 03:06:52,609	[INFO]	30      SUCCESS               1204240 (100.0%) [2 edit(s)] 
2023-12-15 03:06:53,612	[DEBUG]	EXEC>  SUCCESS 1204366
2023-12-15 03:06:53,613	[DEBUG]	ExprStmtInsertion(('triangle.cpp.xml', '_inter_block', 27), ('triangle.cpp.xml', 'expr_stmt', 8)) | DeclStmtInsertion(('triangle.cpp.xml', '_inter_block', 4), ('triangle.cpp.xml', 'decl_stmt', 0))
2023-12-15 03:06:53,614	[INFO]	31      SUCCESS               1204366 (100.01%) [2 edit(s)] 
2023-12-15 03:06:54,556	[DEBUG]	EXEC>  SUCCESS 1421038
2023-12-15 03:06:54,556	[DEBUG]	ExprStmtInsertion(('triangle.cpp.xml', '_inter_block', 27), ('triangle.cpp.xml', 'expr_stmt', 8)) | DeclStmtInsertion(('triangle.cpp.xml', '_inter_block', 21), ('triangle.cpp.xml', 'decl_stmt', 0))
2023-12-15 03:06:54,557	[INFO]	32      SUCCESS               1421038 (118.0%) [2 edit(s)] 
2023-12-15 03:06:54,719	[DEBUG]	ExprStmtInsertion(('triangle.cpp.xml', '_inter_block', 27), ('triangle.cpp.xml', 'expr_stmt', 8)) | DeclStmtReplacement(('triangle.cpp.xml', 'decl_stmt', 1), ('triangle.cpp.xml', 'stmt', 19))
2023-12-15 03:06:54,720	[INFO]	33      COMPILE_CODE_ERROR    None  [2 edit(s)]       
2023-12-15 03:06:55,671	[DEBUG]	EXEC>  SUCCESS 1204239
2023-12-15 03:06:55,672	[DEBUG]	ExprStmtInsertion(('triangle.cpp.xml', '_inter_block', 27), ('triangle.cpp.xml', 'expr_stmt', 8)) | DeclStmtInsertion(('triangle.cpp.xml', '_inter_block', 29), ('triangle.cpp.xml', 'decl_stmt', 1))
2023-12-15 03:06:55,672	[INFO]	34      SUCCESS               1204239 (100.0%) [2 edit(s)] 
2023-12-15 03:06:55,818	[DEBUG]	ExprStmtInsertion(('triangle.cpp.xml', '_inter_block', 27), ('triangle.cpp.xml', 'expr_stmt', 8)) | DeclStmtInsertion(('triangle.cpp.xml', '_inter_block', 9), ('triangle.cpp.xml', 'decl_stmt', 1))
2023-12-15 03:06:55,818	[INFO]	35      COMPILE_CODE_ERROR    None  [2 edit(s)]       
2023-12-15 03:06:56,570	[DEBUG]	ExprStmtInsertion(('triangle.cpp.xml', '_inter_block', 27), ('triangle.cpp.xml', 'expr_stmt', 8)) | IfInsertion(('triangle.cpp.xml', '_inter_block', 22), ('triangle.cpp.xml', 'if', 2))
2023-12-15 03:06:56,570	[INFO]	36      TEST_CODE_ERROR       None  [2 edit(s)]       
2023-12-15 03:06:57,336	[DEBUG]	ExprStmtInsertion(('triangle.cpp.xml', '_inter_block', 27), ('triangle.cpp.xml', 'expr_stmt', 8)) | DeclStmtInsertion(('triangle.cpp.xml', '_inter_block', 15), ('triangle.cpp.xml', 'decl_stmt', 1))
2023-12-15 03:06:57,337	[INFO]	37      TEST_CODE_ERROR       None  [2 edit(s)]       
2023-12-15 03:06:57,476	[DEBUG]	ExprStmtInsertion(('triangle.cpp.xml', '_inter_block', 27), ('triangle.cpp.xml', 'expr_stmt', 8)) | ExprStmtReplacement(('triangle.cpp.xml', 'expr_stmt', 0), ('triangle.cpp.xml', 'stmt', 12))
2023-12-15 03:06:57,476	[INFO]	38      COMPILE_CODE_ERROR    None  [2 edit(s)]       
2023-12-15 03:06:57,597	[DEBUG]	ExprStmtInsertion(('triangle.cpp.xml', '_inter_block', 27), ('triangle.cpp.xml', 'expr_stmt', 8)) | DeclStmtInsertion(('triangle.cpp.xml', '_inter_block', 11), ('triangle.cpp.xml', 'decl_stmt', 1))
2023-12-15 03:06:57,597	[INFO]	39      COMPILE_CODE_ERROR    None  [2 edit(s)]       
2023-12-15 03:06:58,538	[DEBUG]	EXEC>  SUCCESS 1204258
2023-12-15 03:06:58,538	[DEBUG]	ExprStmtInsertion(('triangle.cpp.xml', '_inter_block', 27), ('triangle.cpp.xml', 'expr_stmt', 8)) | ExprStmtInsertion(('triangle.cpp.xml', '_inter_block', 28), ('triangle.cpp.xml', 'expr_stmt', 8))
2023-12-15 03:06:58,539	[INFO]	40      SUCCESS               1204258 (100.0%) [2 edit(s)] 
2023-12-15 03:06:59,351	[DEBUG]	ExprStmtInsertion(('triangle.cpp.xml', '_inter_block', 27), ('triangle.cpp.xml', 'expr_stmt', 8)) | IfDeletion(('triangle.cpp.xml', 'if', 5))
2023-12-15 03:06:59,351	[INFO]	41      TEST_CODE_ERROR       None  [2 edit(s)]       
2023-12-15 03:07:00,332	[DEBUG]	EXEC>  SUCCESS 1204269
2023-12-15 03:07:00,333	[DEBUG]	ExprStmtInsertion(('triangle.cpp.xml', '_inter_block', 27), ('triangle.cpp.xml', 'expr_stmt', 8)) | ExprStmtInsertion(('triangle.cpp.xml', '_inter_block', 19), ('triangle.cpp.xml', 'expr_stmt', 3))
2023-12-15 03:07:00,334	[INFO]	42      SUCCESS               1204269 (100.0%) [2 edit(s)] 
2023-12-15 03:07:01,353	[DEBUG]	EXEC>  SUCCESS 1204239
2023-12-15 03:07:01,354	[DEBUG]	ExprStmtInsertion(('triangle.cpp.xml', '_inter_block', 27), ('triangle.cpp.xml', 'expr_stmt', 8)) | ExprStmtInsertion(('triangle.cpp.xml', '_inter_block', 27), ('triangle.cpp.xml', 'expr_stmt', 9))
2023-12-15 03:07:01,355	[INFO]	43      SUCCESS              +1204239 (100.0%) [2 edit(s)] 
2023-12-15 03:07:01,356	[DEBUG]	--- before: triangle.cpp
+++ after: triangle.cpp
@@ -32,6 +32,8 @@
   if(a + b <= c)
     /*auto*/{
       return INVALID;
+      tmp = b;
+      b = c;
     }/*auto*/
   if(a == b && b == c)
     /*auto*/{

2023-12-15 03:07:02,327	[DEBUG]	EXEC>  SUCCESS 1274073
2023-12-15 03:07:02,327	[DEBUG]	ExprStmtInsertion(('triangle.cpp.xml', '_inter_block', 27), ('triangle.cpp.xml', 'expr_stmt', 8)) | ExprStmtInsertion(('triangle.cpp.xml', '_inter_block', 27), ('triangle.cpp.xml', 'expr_stmt', 9)) | ExprStmtInsertion(('triangle.cpp.xml', '_inter_block', 22), ('triangle.cpp.xml', 'expr_stmt', 8))
2023-12-15 03:07:02,328	[INFO]	44      SUCCESS               1274073 (105.8%) [3 edit(s)] 
2023-12-15 03:07:33,122	[DEBUG]	ExprStmtInsertion(('triangle.cpp.xml', '_inter_block', 27), ('triangle.cpp.xml', 'expr_stmt', 8)) | ExprStmtInsertion(('triangle.cpp.xml', '_inter_block', 27), ('triangle.cpp.xml', 'expr_stmt', 9)) | ExprStmtInsertion(('triangle.cpp.xml', '_inter_block', 2), ('triangle.cpp.xml', 'expr_stmt', 1))
2023-12-15 03:07:33,123	[INFO]	45      TEST_TIMEOUT          None  [3 edit(s)]       
2023-12-15 03:07:33,123	[INFO]	==== END ====
2023-12-15 03:07:33,124	[INFO]	
2023-12-15 03:07:33,125	[INFO]	==== REPORT ====
2023-12-15 03:07:33,125	[INFO]	Termination: time budget
2023-12-15 03:07:33,126	[INFO]	Log file: /cs/student/ug/2020/damibose/projects/magpie/_magpie_logs/triangle-cpp_slow_1702609583.log
