2023-12-15 02:38:24,928	[DEBUG]	==== CONFIG ====
[magpie]
import = 
seed = 1
log_dir = _magpie_logs
work_dir = _magpie_work
final_out_dir = experiments/results_e_greedy_proof_of_concept/epsilon_greedy/FirstImprovementNoTabu/trial_1
local_original_copy = True
local_original_name = __original__
output_encoding = ascii
edit_retries = 10
default_timeout = 30
default_lengthout = 10000.0
diff_method = unified
trust_local_filesystem = True

[software]
path = examples/code/triangle-cpp_slow
target_files = 
	triangle.cpp.xml
program = BasicProgram
engine_rules = 
	*.params : ConfigFileParamsEngine
	*.xml : SrcmlEngine
	* : LineEngine
engine_config = 
	*.params : [params]
	*.xml : [srcml]
init_cmd = 
init_timeout = 60
init_lengthout = -1
setup_cmd = ./setup.sh
setup_timeout = 
setup_lengthout = 
compile_cmd = ./compile.sh
compile_timeout = 
compile_lengthout = 
test_cmd = ./build/test_triangle
test_timeout = 
test_lengthout = 
run_cmd = perf stat ./build/run_triangle
run_timeout = 1
run_lengthout = 
batch_timeout = 
batch_lengthout = 
batch_bin_fitness_strategy = aggregate
batch_fitness_strategy = sum
fitness = perf_instructions

[srcml]
rename = 
focus = block break continue decl_stmt do expr_stmt for goto if return switch while
internodes = block
process_pseudo_blocks = True
process_literals = False
process_operators = False

[params]
timing = test run
cli_prefix = --
cli_glue = =
cli_boolean = show
cli_boolean_prefix_true = 
cli_boolean_prefix_false = no-
silent_prefix = @
silent_suffix = $

[search]
protocol = BasicProtocol
algorithm = FirstImprovementNoTabu
possible_edits = 
	DeclStmtReplacement
	ExprStmtReplacement
	IfReplacement
	ReturnReplacement
	DeclStmtInsertion
	ExprStmtInsertion
	IfInsertion
	ReturnInsertion
	DeclStmtDeletion
	ExprStmtDeletion
	IfDeletion
	ReturnDeletion
warmup = 5
warmup_strategy = last
max_steps = 100
max_time = 60
target_fitness = 
cache_maxsize = 40
cache_keep = 0.2
batch_instances = 
batch_shuffle = True
batch_bin_shuffle = False
batch_sample_size = 1
operator_selector = EpsilonGreedy
epsilon = 0.2

[search.ls]
delete_prob = 0
max_neighbours = 20
when_trapped = continue
accept_fail = False
tabu_length = 10

[search.gp]
pop_size = 10
delete_prob = 0.5
offspring_elitism = 0.1
offspring_crossover = 0.5
offspring_mutation = 0.4
uniform_rate = 0.5
batch_reset = True

[search.minify]
do_cleanup = True
do_rebuild = True
do_simplify = True
round_robin_limit = 3


2023-12-15 02:38:24,934	[INFO]	==== WARMUP ====
2023-12-15 02:38:27,461	[DEBUG]	EXEC>  SUCCESS 1204239
2023-12-15 02:38:27,461	[INFO]	WARM    SUCCESS               1204239                 
2023-12-15 02:38:28,419	[DEBUG]	EXEC>  SUCCESS 1204240
2023-12-15 02:38:28,419	[INFO]	WARM    SUCCESS               1204240                 
2023-12-15 02:38:29,446	[DEBUG]	EXEC>  SUCCESS 1204240
2023-12-15 02:38:29,447	[INFO]	WARM    SUCCESS               1204240                 
2023-12-15 02:38:30,428	[DEBUG]	EXEC>  SUCCESS 1204239
2023-12-15 02:38:30,428	[INFO]	WARM    SUCCESS               1204239                 
2023-12-15 02:38:31,435	[DEBUG]	EXEC>  SUCCESS 1204239
2023-12-15 02:38:31,435	[INFO]	WARM    SUCCESS               1204239                 
2023-12-15 02:38:31,436	[INFO]	INITIAL SUCCESS               1204239                 
2023-12-15 02:38:31,436	[INFO]	==== START: FirstImprovementNoTabu ====
2023-12-15 02:38:31,596	[DEBUG]	DeclStmtReplacement(('triangle.cpp.xml', 'decl_stmt', 0), ('triangle.cpp.xml', 'stmt', 7))
2023-12-15 02:38:31,597	[INFO]	1       COMPILE_CODE_ERROR    None  [1 edit(s)]       
2023-12-15 02:38:32,438	[DEBUG]	ExprStmtReplacement(('triangle.cpp.xml', 'expr_stmt', 2), ('triangle.cpp.xml', 'stmt', 16))
2023-12-15 02:38:32,439	[INFO]	2       TEST_CODE_ERROR       None  [1 edit(s)]       
2023-12-15 02:38:33,258	[DEBUG]	IfReplacement(('triangle.cpp.xml', 'if', 3), ('triangle.cpp.xml', 'stmt', 11))
2023-12-15 02:38:33,258	[INFO]	3       TEST_CODE_ERROR       None  [1 edit(s)]       
2023-12-15 02:38:34,243	[DEBUG]	EXEC>  SUCCESS 1204240
2023-12-15 02:38:34,244	[DEBUG]	ExprStmtInsertion(('triangle.cpp.xml', '_inter_block', 31), ('triangle.cpp.xml', 'expr_stmt', 10))
2023-12-15 02:38:34,244	[INFO]	4       SUCCESS               1204240 (100.0%) [1 edit(s)] 
2023-12-15 02:38:35,028	[DEBUG]	ReturnReplacement(('triangle.cpp.xml', 'return', 1), ('triangle.cpp.xml', 'stmt', 7))
2023-12-15 02:38:35,028	[INFO]	5       TEST_CODE_ERROR       None  [1 edit(s)]       
2023-12-15 02:38:35,163	[DEBUG]	DeclStmtReplacement(('triangle.cpp.xml', 'decl_stmt', 1), ('triangle.cpp.xml', 'stmt', 5))
2023-12-15 02:38:35,163	[INFO]	6       COMPILE_CODE_ERROR    None  [1 edit(s)]       
2023-12-15 02:38:35,278	[DEBUG]	DeclStmtInsertion(('triangle.cpp.xml', '_inter_block', 10), ('triangle.cpp.xml', 'decl_stmt', 1))
2023-12-15 02:38:35,279	[INFO]	7       COMPILE_CODE_ERROR    None  [1 edit(s)]       
2023-12-15 02:38:35,401	[DEBUG]	IfInsertion(('triangle.cpp.xml', '_inter_block', 0), ('triangle.cpp.xml', 'if', 4))
2023-12-15 02:38:35,401	[INFO]	8       COMPILE_CODE_ERROR    None  [1 edit(s)]       
2023-12-15 02:38:36,197	[DEBUG]	ReturnInsertion(('triangle.cpp.xml', '_inter_block', 25), ('triangle.cpp.xml', 'return', 2))
2023-12-15 02:38:36,197	[INFO]	9       TEST_CODE_ERROR       None  [1 edit(s)]       
2023-12-15 02:38:36,973	[DEBUG]	ReturnReplacement(('triangle.cpp.xml', 'return', 3), ('triangle.cpp.xml', 'stmt', 12))
2023-12-15 02:38:36,973	[INFO]	10      TEST_CODE_ERROR       None  [1 edit(s)]       
2023-12-15 02:38:37,105	[DEBUG]	DeclStmtDeletion(('triangle.cpp.xml', 'decl_stmt', 0))
2023-12-15 02:38:37,105	[INFO]	11      COMPILE_CODE_ERROR    None  [1 edit(s)]       
2023-12-15 02:38:38,030	[DEBUG]	EXEC>  SUCCESS 1202334
2023-12-15 02:38:38,031	[DEBUG]	ExprStmtDeletion(('triangle.cpp.xml', 'expr_stmt', 0))
2023-12-15 02:38:38,031	[INFO]	12      SUCCESS              *1202334 (99.84%) [1 edit(s)] 
2023-12-15 02:38:38,032	[DEBUG]	--- before: triangle.cpp
+++ after: triangle.cpp
@@ -2,7 +2,7 @@
 
 void delay() {
   const struct timespec ms = {0, (long int) (0.001*1e9)}; //tv_sec=0, tv_nsec (0.001 seconds)
-  nanosleep(&ms,NULL); /*ignores possible errors*/
+   /*ignores possible errors*/
 }
 
 int classify_triangle(double a, double b, double c) {

2023-12-15 02:38:38,170	[DEBUG]	ExprStmtDeletion(('triangle.cpp.xml', 'expr_stmt', 0)) | DeclStmtReplacement(('triangle.cpp.xml', 'decl_stmt', 1), ('triangle.cpp.xml', 'stmt', 9))
2023-12-15 02:38:38,171	[INFO]	13      COMPILE_CODE_ERROR    None  [2 edit(s)]       
2023-12-15 02:38:39,003	[DEBUG]	ExprStmtDeletion(('triangle.cpp.xml', 'expr_stmt', 0)) | ReturnInsertion(('triangle.cpp.xml', '_inter_block', 20), ('triangle.cpp.xml', 'return', 2))
2023-12-15 02:38:39,003	[INFO]	14      TEST_CODE_ERROR       None  [2 edit(s)]       
2023-12-15 02:38:39,779	[DEBUG]	ExprStmtDeletion(('triangle.cpp.xml', 'expr_stmt', 0)) | ReturnDeletion(('triangle.cpp.xml', 'return', 2))
2023-12-15 02:38:39,779	[INFO]	15      TEST_CODE_ERROR       None  [2 edit(s)]       
2023-12-15 02:38:40,517	[DEBUG]	ExprStmtDeletion(('triangle.cpp.xml', 'expr_stmt', 0)) | IfDeletion(('triangle.cpp.xml', 'if', 3))
2023-12-15 02:38:40,517	[INFO]	16      TEST_CODE_ERROR       None  [2 edit(s)]       
2023-12-15 02:38:41,267	[DEBUG]	ExprStmtDeletion(('triangle.cpp.xml', 'expr_stmt', 0)) | ExprStmtDeletion(('triangle.cpp.xml', 'expr_stmt', 4))
2023-12-15 02:38:41,267	[INFO]	17      TEST_CODE_ERROR       None  [2 edit(s)]       
2023-12-15 02:38:42,152	[DEBUG]	EXEC>  SUCCESS 1202382
2023-12-15 02:38:42,152	[DEBUG]	ExprStmtDeletion(('triangle.cpp.xml', 'expr_stmt', 0)) | ExprStmtInsertion(('triangle.cpp.xml', '_inter_block', 17), ('triangle.cpp.xml', 'expr_stmt', 5))
2023-12-15 02:38:42,153	[INFO]	18      SUCCESS               1202382 (99.85%) [2 edit(s)] 
2023-12-15 02:38:42,970	[DEBUG]	ExprStmtDeletion(('triangle.cpp.xml', 'expr_stmt', 0)) | ExprStmtInsertion(('triangle.cpp.xml', '_inter_block', 6), ('triangle.cpp.xml', 'expr_stmt', 7))
2023-12-15 02:38:42,970	[INFO]	19      TEST_CODE_ERROR       None  [2 edit(s)]       
2023-12-15 02:38:43,742	[DEBUG]	ExprStmtDeletion(('triangle.cpp.xml', 'expr_stmt', 0)) | ExprStmtInsertion(('triangle.cpp.xml', '_inter_block', 8), ('triangle.cpp.xml', 'expr_stmt', 10))
2023-12-15 02:38:43,742	[INFO]	20      TEST_CODE_ERROR       None  [2 edit(s)]       
2023-12-15 02:38:44,464	[DEBUG]	ExprStmtDeletion(('triangle.cpp.xml', 'expr_stmt', 0)) | ExprStmtDeletion(('triangle.cpp.xml', 'expr_stmt', 8))
2023-12-15 02:38:44,464	[INFO]	21      TEST_CODE_ERROR       None  [2 edit(s)]       
2023-12-15 02:38:45,247	[DEBUG]	ExprStmtDeletion(('triangle.cpp.xml', 'expr_stmt', 0)) | ExprStmtInsertion(('triangle.cpp.xml', '_inter_block', 9), ('triangle.cpp.xml', 'expr_stmt', 7))
2023-12-15 02:38:45,248	[INFO]	22      TEST_CODE_ERROR       None  [2 edit(s)]       
2023-12-15 02:38:46,064	[DEBUG]	EXEC>  SUCCESS 1202440
2023-12-15 02:38:46,064	[DEBUG]	ExprStmtDeletion(('triangle.cpp.xml', 'expr_stmt', 0)) | ExprStmtInsertion(('triangle.cpp.xml', '_inter_block', 20), ('triangle.cpp.xml', 'expr_stmt', 1))
2023-12-15 02:38:46,065	[INFO]	23      SUCCESS               1202440 (99.85%) [2 edit(s)] 
2023-12-15 02:38:46,942	[DEBUG]	EXEC>  SUCCESS 1202461
2023-12-15 02:38:46,943	[DEBUG]	ExprStmtDeletion(('triangle.cpp.xml', 'expr_stmt', 0)) | ExprStmtInsertion(('triangle.cpp.xml', '_inter_block', 7), ('triangle.cpp.xml', 'expr_stmt', 8))
2023-12-15 02:38:46,943	[INFO]	24      SUCCESS               1202461 (99.85%) [2 edit(s)] 
2023-12-15 02:38:47,868	[DEBUG]	EXEC>  SUCCESS 1202382
2023-12-15 02:38:47,869	[DEBUG]	ExprStmtDeletion(('triangle.cpp.xml', 'expr_stmt', 0)) | ExprStmtInsertion(('triangle.cpp.xml', '_inter_block', 15), ('triangle.cpp.xml', 'expr_stmt', 3))
2023-12-15 02:38:47,869	[INFO]	25      SUCCESS               1202382 (99.85%) [2 edit(s)] 
2023-12-15 02:38:48,776	[DEBUG]	EXEC>  SUCCESS 1202544
2023-12-15 02:38:48,776	[DEBUG]	ExprStmtDeletion(('triangle.cpp.xml', 'expr_stmt', 0)) | ExprStmtInsertion(('triangle.cpp.xml', '_inter_block', 23), ('triangle.cpp.xml', 'expr_stmt', 1))
2023-12-15 02:38:48,777	[INFO]	26      SUCCESS               1202544 (99.86%) [2 edit(s)] 
2023-12-15 02:38:49,704	[DEBUG]	EXEC>  SUCCESS 1202459
2023-12-15 02:38:49,705	[DEBUG]	ExprStmtDeletion(('triangle.cpp.xml', 'expr_stmt', 0)) | ExprStmtInsertion(('triangle.cpp.xml', '_inter_block', 8), ('triangle.cpp.xml', 'expr_stmt', 8))
2023-12-15 02:38:49,705	[INFO]	27      SUCCESS               1202459 (99.85%) [2 edit(s)] 
2023-12-15 02:38:49,838	[DEBUG]	ExprStmtDeletion(('triangle.cpp.xml', 'expr_stmt', 0)) | ExprStmtInsertion(('triangle.cpp.xml', '_inter_block', 2), ('triangle.cpp.xml', 'expr_stmt', 4))
2023-12-15 02:38:49,838	[INFO]	28      COMPILE_CODE_ERROR    None  [2 edit(s)]       
2023-12-15 02:38:50,603	[DEBUG]	ExprStmtDeletion(('triangle.cpp.xml', 'expr_stmt', 0)) | ExprStmtInsertion(('triangle.cpp.xml', '_inter_block', 7), ('triangle.cpp.xml', 'expr_stmt', 3))
2023-12-15 02:38:50,604	[INFO]	29      TEST_CODE_ERROR       None  [2 edit(s)]       
2023-12-15 02:38:51,360	[DEBUG]	ExprStmtDeletion(('triangle.cpp.xml', 'expr_stmt', 0)) | ReturnDeletion(('triangle.cpp.xml', 'return', 3))
2023-12-15 02:38:51,361	[INFO]	30      TEST_CODE_ERROR       None  [2 edit(s)]       
2023-12-15 02:38:52,147	[DEBUG]	ExprStmtDeletion(('triangle.cpp.xml', 'expr_stmt', 0)) | ExprStmtInsertion(('triangle.cpp.xml', '_inter_block', 8), ('triangle.cpp.xml', 'expr_stmt', 4))
2023-12-15 02:38:52,147	[INFO]	31      TEST_CODE_ERROR       None  [2 edit(s)]       
2023-12-15 02:38:53,027	[DEBUG]	EXEC>  SUCCESS 1202440
2023-12-15 02:38:53,028	[DEBUG]	ExprStmtDeletion(('triangle.cpp.xml', 'expr_stmt', 0)) | ExprStmtInsertion(('triangle.cpp.xml', '_inter_block', 21), ('triangle.cpp.xml', 'expr_stmt', 1))
2023-12-15 02:38:53,029	[INFO]	32      SUCCESS               1202440 (99.85%) [2 edit(s)] 
2023-12-15 02:38:53,837	[DEBUG]	ExprStmtDeletion(('triangle.cpp.xml', 'expr_stmt', 0)) | ExprStmtInsertion(('triangle.cpp.xml', '_inter_block', 8), ('triangle.cpp.xml', 'expr_stmt', 9))
2023-12-15 02:38:53,838	[INFO]	33      TEST_CODE_ERROR       None  [2 edit(s)]       
2023-12-15 02:38:53,989	[DEBUG]	ExprStmtDeletion(('triangle.cpp.xml', 'expr_stmt', 0)) | ExprStmtInsertion(('triangle.cpp.xml', '_inter_block', 0), ('triangle.cpp.xml', 'expr_stmt', 10))
2023-12-15 02:38:53,990	[INFO]	34      COMPILE_CODE_ERROR    None  [2 edit(s)]       
2023-12-15 02:38:54,753	[DEBUG]	ExprStmtDeletion(('triangle.cpp.xml', 'expr_stmt', 0)) | ExprStmtInsertion(('triangle.cpp.xml', '_inter_block', 7), ('triangle.cpp.xml', 'expr_stmt', 9))
2023-12-15 02:38:54,754	[INFO]	35      TEST_CODE_ERROR       None  [2 edit(s)]       
2023-12-15 02:38:55,606	[DEBUG]	EXEC>  SUCCESS 1202334
2023-12-15 02:38:55,606	[DEBUG]	ExprStmtDeletion(('triangle.cpp.xml', 'expr_stmt', 0)) | ExprStmtInsertion(('triangle.cpp.xml', '_inter_block', 31), ('triangle.cpp.xml', 'expr_stmt', 5))
2023-12-15 02:38:55,607	[INFO]	36      SUCCESS              +1202334 (99.84%) [2 edit(s)] 
2023-12-15 02:38:55,608	[DEBUG]	--- before: triangle.cpp
+++ after: triangle.cpp
@@ -2,7 +2,7 @@
 
 void delay() {
   const struct timespec ms = {0, (long int) (0.001*1e9)}; //tv_sec=0, tv_nsec (0.001 seconds)
-  nanosleep(&ms,NULL); /*ignores possible errors*/
+   /*ignores possible errors*/
 }
 
 int classify_triangle(double a, double b, double c) {
@@ -40,6 +40,7 @@
   if(a == b || b == c)
     /*auto*/{
       return ISOSCELES;
+      tmp = a;
     }/*auto*/
   return SCALENE;
 }

2023-12-15 02:38:56,489	[DEBUG]	EXEC>  SUCCESS 1202335
2023-12-15 02:38:56,490	[DEBUG]	ExprStmtDeletion(('triangle.cpp.xml', 'expr_stmt', 0)) | ExprStmtInsertion(('triangle.cpp.xml', '_inter_block', 31), ('triangle.cpp.xml', 'expr_stmt', 5)) | ExprStmtInsertion(('triangle.cpp.xml', '_inter_block', 31), ('triangle.cpp.xml', 'expr_stmt', 8))
2023-12-15 02:38:56,491	[INFO]	37      SUCCESS               1202335 (99.84%) [3 edit(s)] 
2023-12-15 02:38:57,296	[DEBUG]	ExprStmtDeletion(('triangle.cpp.xml', 'expr_stmt', 0)) | ExprStmtInsertion(('triangle.cpp.xml', '_inter_block', 31), ('triangle.cpp.xml', 'expr_stmt', 5)) | ExprStmtInsertion(('triangle.cpp.xml', '_inter_block', 14), ('triangle.cpp.xml', 'expr_stmt', 3))
2023-12-15 02:38:57,296	[INFO]	38      TEST_CODE_ERROR       None  [3 edit(s)]       
2023-12-15 02:38:57,454	[DEBUG]	ExprStmtDeletion(('triangle.cpp.xml', 'expr_stmt', 0)) | ExprStmtInsertion(('triangle.cpp.xml', '_inter_block', 31), ('triangle.cpp.xml', 'expr_stmt', 5)) | ExprStmtInsertion(('triangle.cpp.xml', '_inter_block', 1), ('triangle.cpp.xml', 'expr_stmt', 5))
2023-12-15 02:38:57,455	[INFO]	39      COMPILE_CODE_ERROR    None  [3 edit(s)]       
2023-12-15 02:38:58,368	[DEBUG]	EXEC>  SUCCESS 1202351
2023-12-15 02:38:58,369	[DEBUG]	ExprStmtDeletion(('triangle.cpp.xml', 'expr_stmt', 0)) | ExprStmtInsertion(('triangle.cpp.xml', '_inter_block', 31), ('triangle.cpp.xml', 'expr_stmt', 5)) | ExprStmtInsertion(('triangle.cpp.xml', '_inter_block', 28), ('triangle.cpp.xml', 'expr_stmt', 4))
2023-12-15 02:38:58,370	[INFO]	40      SUCCESS               1202351 (99.84%) [3 edit(s)] 
2023-12-15 02:38:59,257	[DEBUG]	EXEC>  SUCCESS 1202383
2023-12-15 02:38:59,258	[DEBUG]	ExprStmtDeletion(('triangle.cpp.xml', 'expr_stmt', 0)) | ExprStmtInsertion(('triangle.cpp.xml', '_inter_block', 31), ('triangle.cpp.xml', 'expr_stmt', 5)) | ExprStmtInsertion(('triangle.cpp.xml', '_inter_block', 14), ('triangle.cpp.xml', 'expr_stmt', 8))
2023-12-15 02:38:59,258	[INFO]	41      SUCCESS               1202383 (99.85%) [3 edit(s)] 
2023-12-15 02:39:00,062	[DEBUG]	ExprStmtDeletion(('triangle.cpp.xml', 'expr_stmt', 0)) | ExprStmtInsertion(('triangle.cpp.xml', '_inter_block', 31), ('triangle.cpp.xml', 'expr_stmt', 5)) | ExprStmtInsertion(('triangle.cpp.xml', '_inter_block', 5), ('triangle.cpp.xml', 'expr_stmt', 3))
2023-12-15 02:39:00,062	[INFO]	42      TEST_CODE_ERROR       None  [3 edit(s)]       
2023-12-15 02:39:00,219	[DEBUG]	ExprStmtDeletion(('triangle.cpp.xml', 'expr_stmt', 0)) | ExprStmtInsertion(('triangle.cpp.xml', '_inter_block', 31), ('triangle.cpp.xml', 'expr_stmt', 5)) | ExprStmtInsertion(('triangle.cpp.xml', '_inter_block', 14), ('triangle.cpp.xml', 'expr_stmt', 0))
2023-12-15 02:39:00,220	[INFO]	43      COMPILE_CODE_ERROR    None  [3 edit(s)]       
2023-12-15 02:39:01,115	[DEBUG]	ExprStmtDeletion(('triangle.cpp.xml', 'expr_stmt', 0)) | ExprStmtInsertion(('triangle.cpp.xml', '_inter_block', 31), ('triangle.cpp.xml', 'expr_stmt', 5)) | ReturnInsertion(('triangle.cpp.xml', '_inter_block', 28), ('triangle.cpp.xml', 'return', 3))
2023-12-15 02:39:01,115	[INFO]	44      TEST_CODE_ERROR       None  [3 edit(s)]       
2023-12-15 02:39:02,025	[DEBUG]	EXEC>  SUCCESS 1202461
2023-12-15 02:39:02,026	[DEBUG]	ExprStmtDeletion(('triangle.cpp.xml', 'expr_stmt', 0)) | ExprStmtInsertion(('triangle.cpp.xml', '_inter_block', 31), ('triangle.cpp.xml', 'expr_stmt', 5)) | ExprStmtInsertion(('triangle.cpp.xml', '_inter_block', 6), ('triangle.cpp.xml', 'expr_stmt', 2))
2023-12-15 02:39:02,027	[INFO]	45      SUCCESS               1202461 (99.85%) [3 edit(s)] 
2023-12-15 02:39:02,940	[DEBUG]	EXEC>  SUCCESS 1202503
2023-12-15 02:39:02,941	[DEBUG]	ExprStmtDeletion(('triangle.cpp.xml', 'expr_stmt', 0)) | ExprStmtInsertion(('triangle.cpp.xml', '_inter_block', 31), ('triangle.cpp.xml', 'expr_stmt', 5)) | ExprStmtInsertion(('triangle.cpp.xml', '_inter_block', 15), ('triangle.cpp.xml', 'expr_stmt', 1))
2023-12-15 02:39:02,942	[INFO]	46      SUCCESS               1202503 (99.86%) [3 edit(s)] 
2023-12-15 02:39:03,864	[DEBUG]	EXEC>  SUCCESS 1202333
2023-12-15 02:39:03,864	[DEBUG]	ExprStmtDeletion(('triangle.cpp.xml', 'expr_stmt', 0)) | ExprStmtInsertion(('triangle.cpp.xml', '_inter_block', 31), ('triangle.cpp.xml', 'expr_stmt', 5)) | DeclStmtInsertion(('triangle.cpp.xml', '_inter_block', 25), ('triangle.cpp.xml', 'decl_stmt', 1))
2023-12-15 02:39:03,865	[INFO]	47      SUCCESS              *1202333 (99.84%) [3 edit(s)] 
2023-12-15 02:39:03,866	[DEBUG]	--- before: triangle.cpp
+++ after: triangle.cpp
@@ -2,7 +2,7 @@
 
 void delay() {
   const struct timespec ms = {0, (long int) (0.001*1e9)}; //tv_sec=0, tv_nsec (0.001 seconds)
-  nanosleep(&ms,NULL); /*ignores possible errors*/
+   /*ignores possible errors*/
 }
 
 int classify_triangle(double a, double b, double c) {
@@ -27,6 +27,7 @@
     tmp = b;
     b = c;
     c = tmp;
+    double tmp;
   }
 
   if(a + b <= c)
@@ -40,6 +41,7 @@
   if(a == b || b == c)
     /*auto*/{
       return ISOSCELES;
+      tmp = a;
     }/*auto*/
   return SCALENE;
 }

2023-12-15 02:39:04,620	[DEBUG]	ExprStmtDeletion(('triangle.cpp.xml', 'expr_stmt', 0)) | ExprStmtInsertion(('triangle.cpp.xml', '_inter_block', 31), ('triangle.cpp.xml', 'expr_stmt', 5)) | DeclStmtInsertion(('triangle.cpp.xml', '_inter_block', 25), ('triangle.cpp.xml', 'decl_stmt', 1)) | ExprStmtInsertion(('triangle.cpp.xml', '_inter_block', 8), ('triangle.cpp.xml', 'expr_stmt', 6))
2023-12-15 02:39:04,620	[INFO]	48      TEST_CODE_ERROR       None  [4 edit(s)]       
2023-12-15 02:39:05,491	[DEBUG]	EXEC>  SUCCESS 1202333
2023-12-15 02:39:05,491	[DEBUG]	ExprStmtDeletion(('triangle.cpp.xml', 'expr_stmt', 0)) | ExprStmtInsertion(('triangle.cpp.xml', '_inter_block', 31), ('triangle.cpp.xml', 'expr_stmt', 5)) | DeclStmtInsertion(('triangle.cpp.xml', '_inter_block', 25), ('triangle.cpp.xml', 'decl_stmt', 1)) | DeclStmtInsertion(('triangle.cpp.xml', '_inter_block', 27), ('triangle.cpp.xml', 'decl_stmt', 0))
2023-12-15 02:39:05,493	[INFO]	49      SUCCESS              +1202333 (99.84%) [4 edit(s)] 
2023-12-15 02:39:05,495	[DEBUG]	--- before: triangle.cpp
+++ after: triangle.cpp
@@ -2,7 +2,7 @@
 
 void delay() {
   const struct timespec ms = {0, (long int) (0.001*1e9)}; //tv_sec=0, tv_nsec (0.001 seconds)
-  nanosleep(&ms,NULL); /*ignores possible errors*/
+   /*ignores possible errors*/
 }
 
 int classify_triangle(double a, double b, double c) {
@@ -27,11 +27,13 @@
     tmp = b;
     b = c;
     c = tmp;
+    double tmp;
   }
 
   if(a + b <= c)
     /*auto*/{
       return INVALID;
+      const struct timespec ms = {0, (long int) (0.001*1e9)};
     }/*auto*/
   if(a == b && b == c)
     /*auto*/{
@@ -40,6 +42,7 @@
   if(a == b || b == c)
     /*auto*/{
       return ISOSCELES;
+      tmp = a;
     }/*auto*/
   return SCALENE;
 }

2023-12-15 02:39:05,662	[DEBUG]	ExprStmtDeletion(('triangle.cpp.xml', 'expr_stmt', 0)) | ExprStmtInsertion(('triangle.cpp.xml', '_inter_block', 31), ('triangle.cpp.xml', 'expr_stmt', 5)) | DeclStmtInsertion(('triangle.cpp.xml', '_inter_block', 25), ('triangle.cpp.xml', 'decl_stmt', 1)) | DeclStmtInsertion(('triangle.cpp.xml', '_inter_block', 27), ('triangle.cpp.xml', 'decl_stmt', 0)) | DeclStmtInsertion(('triangle.cpp.xml', '_inter_block', 6), ('triangle.cpp.xml', 'decl_stmt', 1))
2023-12-15 02:39:05,663	[INFO]	50      COMPILE_CODE_ERROR    None  [5 edit(s)]       
2023-12-15 02:39:06,563	[DEBUG]	EXEC>  SUCCESS 1202335
2023-12-15 02:39:06,563	[DEBUG]	ExprStmtDeletion(('triangle.cpp.xml', 'expr_stmt', 0)) | ExprStmtInsertion(('triangle.cpp.xml', '_inter_block', 31), ('triangle.cpp.xml', 'expr_stmt', 5)) | DeclStmtInsertion(('triangle.cpp.xml', '_inter_block', 25), ('triangle.cpp.xml', 'decl_stmt', 1)) | DeclStmtInsertion(('triangle.cpp.xml', '_inter_block', 27), ('triangle.cpp.xml', 'decl_stmt', 0)) | DeclStmtInsertion(('triangle.cpp.xml', '_inter_block', 29), ('triangle.cpp.xml', 'decl_stmt', 1))
2023-12-15 02:39:06,564	[INFO]	51      SUCCESS               1202335 (99.84%) [5 edit(s)] 
2023-12-15 02:39:07,332	[DEBUG]	ExprStmtDeletion(('triangle.cpp.xml', 'expr_stmt', 0)) | ExprStmtInsertion(('triangle.cpp.xml', '_inter_block', 31), ('triangle.cpp.xml', 'expr_stmt', 5)) | DeclStmtInsertion(('triangle.cpp.xml', '_inter_block', 25), ('triangle.cpp.xml', 'decl_stmt', 1)) | DeclStmtInsertion(('triangle.cpp.xml', '_inter_block', 27), ('triangle.cpp.xml', 'decl_stmt', 0)) | ExprStmtDeletion(('triangle.cpp.xml', 'expr_stmt', 8))
2023-12-15 02:39:07,333	[INFO]	52      TEST_CODE_ERROR       None  [5 edit(s)]       
2023-12-15 02:39:08,195	[DEBUG]	EXEC>  SUCCESS 1202352
2023-12-15 02:39:08,195	[DEBUG]	ExprStmtDeletion(('triangle.cpp.xml', 'expr_stmt', 0)) | ExprStmtInsertion(('triangle.cpp.xml', '_inter_block', 31), ('triangle.cpp.xml', 'expr_stmt', 5)) | DeclStmtInsertion(('triangle.cpp.xml', '_inter_block', 25), ('triangle.cpp.xml', 'decl_stmt', 1)) | DeclStmtInsertion(('triangle.cpp.xml', '_inter_block', 27), ('triangle.cpp.xml', 'decl_stmt', 0)) | DeclStmtInsertion(('triangle.cpp.xml', '_inter_block', 28), ('triangle.cpp.xml', 'decl_stmt', 0))
2023-12-15 02:39:08,196	[INFO]	53      SUCCESS               1202352 (99.84%) [5 edit(s)] 
2023-12-15 02:39:09,079	[DEBUG]	EXEC>  SUCCESS 1202209
2023-12-15 02:39:09,080	[DEBUG]	ExprStmtDeletion(('triangle.cpp.xml', 'expr_stmt', 0)) | ExprStmtInsertion(('triangle.cpp.xml', '_inter_block', 31), ('triangle.cpp.xml', 'expr_stmt', 5)) | DeclStmtInsertion(('triangle.cpp.xml', '_inter_block', 25), ('triangle.cpp.xml', 'decl_stmt', 1)) | DeclStmtInsertion(('triangle.cpp.xml', '_inter_block', 27), ('triangle.cpp.xml', 'decl_stmt', 0)) | DeclStmtDeletion(('triangle.cpp.xml', 'decl_stmt', 0))
2023-12-15 02:39:09,080	[INFO]	54      SUCCESS              *1202209 (99.83%) [5 edit(s)] 
2023-12-15 02:39:09,083	[DEBUG]	--- before: triangle.cpp
+++ after: triangle.cpp
@@ -1,8 +1,8 @@
 #include "triangle.hpp"
 
 void delay() {
-  const struct timespec ms = {0, (long int) (0.001*1e9)}; //tv_sec=0, tv_nsec (0.001 seconds)
-  nanosleep(&ms,NULL); /*ignores possible errors*/
+   //tv_sec=0, tv_nsec (0.001 seconds)
+   /*ignores possible errors*/
 }
 
 int classify_triangle(double a, double b, double c) {
@@ -27,11 +27,13 @@
     tmp = b;
     b = c;
     c = tmp;
+    double tmp;
   }
 
   if(a + b <= c)
     /*auto*/{
       return INVALID;
+      const struct timespec ms = {0, (long int) (0.001*1e9)};
     }/*auto*/
   if(a == b && b == c)
     /*auto*/{
@@ -40,6 +42,7 @@
   if(a == b || b == c)
     /*auto*/{
       return ISOSCELES;
+      tmp = a;
     }/*auto*/
   return SCALENE;
 }

2023-12-15 02:39:09,980	[DEBUG]	EXEC>  SUCCESS 1202209
2023-12-15 02:39:09,980	[DEBUG]	ExprStmtDeletion(('triangle.cpp.xml', 'expr_stmt', 0)) | ExprStmtInsertion(('triangle.cpp.xml', '_inter_block', 31), ('triangle.cpp.xml', 'expr_stmt', 5)) | DeclStmtInsertion(('triangle.cpp.xml', '_inter_block', 25), ('triangle.cpp.xml', 'decl_stmt', 1)) | DeclStmtInsertion(('triangle.cpp.xml', '_inter_block', 27), ('triangle.cpp.xml', 'decl_stmt', 0)) | DeclStmtDeletion(('triangle.cpp.xml', 'decl_stmt', 0)) | DeclStmtInsertion(('triangle.cpp.xml', '_inter_block', 18), ('triangle.cpp.xml', 'decl_stmt', 1))
2023-12-15 02:39:09,981	[INFO]	55      SUCCESS              +1202209 (99.83%) [6 edit(s)] 
2023-12-15 02:39:09,984	[DEBUG]	--- before: triangle.cpp
+++ after: triangle.cpp
@@ -1,8 +1,8 @@
 #include "triangle.hpp"
 
 void delay() {
-  const struct timespec ms = {0, (long int) (0.001*1e9)}; //tv_sec=0, tv_nsec (0.001 seconds)
-  nanosleep(&ms,NULL); /*ignores possible errors*/
+   //tv_sec=0, tv_nsec (0.001 seconds)
+   /*ignores possible errors*/
 }
 
 int classify_triangle(double a, double b, double c) {
@@ -18,6 +18,7 @@
   }
 
   if(a > c) {
+    double tmp;
     tmp = a;
     a = c;
     c = tmp;
@@ -27,11 +28,13 @@
     tmp = b;
     b = c;
     c = tmp;
+    double tmp;
   }
 
   if(a + b <= c)
     /*auto*/{
       return INVALID;
+      const struct timespec ms = {0, (long int) (0.001*1e9)};
     }/*auto*/
   if(a == b && b == c)
     /*auto*/{
@@ -40,6 +43,7 @@
   if(a == b || b == c)
     /*auto*/{
       return ISOSCELES;
+      tmp = a;
     }/*auto*/
   return SCALENE;
 }

2023-12-15 02:39:10,881	[DEBUG]	EXEC>  SUCCESS 1202239
2023-12-15 02:39:10,881	[DEBUG]	ExprStmtDeletion(('triangle.cpp.xml', 'expr_stmt', 0)) | ExprStmtInsertion(('triangle.cpp.xml', '_inter_block', 31), ('triangle.cpp.xml', 'expr_stmt', 5)) | DeclStmtInsertion(('triangle.cpp.xml', '_inter_block', 25), ('triangle.cpp.xml', 'decl_stmt', 1)) | DeclStmtInsertion(('triangle.cpp.xml', '_inter_block', 27), ('triangle.cpp.xml', 'decl_stmt', 0)) | DeclStmtDeletion(('triangle.cpp.xml', 'decl_stmt', 0)) | DeclStmtInsertion(('triangle.cpp.xml', '_inter_block', 18), ('triangle.cpp.xml', 'decl_stmt', 1)) | DeclStmtInsertion(('triangle.cpp.xml', '_inter_block', 21), ('triangle.cpp.xml', 'decl_stmt', 0))
2023-12-15 02:39:10,881	[INFO]	56      SUCCESS               1202239 (99.83%) [7 edit(s)] 
2023-12-15 02:39:11,013	[DEBUG]	ExprStmtDeletion(('triangle.cpp.xml', 'expr_stmt', 0)) | ExprStmtInsertion(('triangle.cpp.xml', '_inter_block', 31), ('triangle.cpp.xml', 'expr_stmt', 5)) | DeclStmtInsertion(('triangle.cpp.xml', '_inter_block', 25), ('triangle.cpp.xml', 'decl_stmt', 1)) | DeclStmtInsertion(('triangle.cpp.xml', '_inter_block', 27), ('triangle.cpp.xml', 'decl_stmt', 0)) | DeclStmtDeletion(('triangle.cpp.xml', 'decl_stmt', 0)) | DeclStmtInsertion(('triangle.cpp.xml', '_inter_block', 18), ('triangle.cpp.xml', 'decl_stmt', 1)) | DeclStmtInsertion(('triangle.cpp.xml', '_inter_block', 20), ('triangle.cpp.xml', 'decl_stmt', 1))
2023-12-15 02:39:11,013	[INFO]	57      COMPILE_CODE_ERROR    None  [7 edit(s)]       
2023-12-15 02:39:11,143	[DEBUG]	ExprStmtDeletion(('triangle.cpp.xml', 'expr_stmt', 0)) | ExprStmtInsertion(('triangle.cpp.xml', '_inter_block', 31), ('triangle.cpp.xml', 'expr_stmt', 5)) | DeclStmtInsertion(('triangle.cpp.xml', '_inter_block', 25), ('triangle.cpp.xml', 'decl_stmt', 1)) | DeclStmtInsertion(('triangle.cpp.xml', '_inter_block', 27), ('triangle.cpp.xml', 'decl_stmt', 0)) | DeclStmtDeletion(('triangle.cpp.xml', 'decl_stmt', 0)) | DeclStmtInsertion(('triangle.cpp.xml', '_inter_block', 18), ('triangle.cpp.xml', 'decl_stmt', 1)) | DeclStmtInsertion(('triangle.cpp.xml', '_inter_block', 9), ('triangle.cpp.xml', 'decl_stmt', 1))
2023-12-15 02:39:11,144	[INFO]	58      COMPILE_CODE_ERROR    None  [7 edit(s)]       
2023-12-15 02:39:11,146	[DEBUG]	ExprStmtDeletion(('triangle.cpp.xml', 'expr_stmt', 0)) | ExprStmtInsertion(('triangle.cpp.xml', '_inter_block', 31), ('triangle.cpp.xml', 'expr_stmt', 5)) | DeclStmtInsertion(('triangle.cpp.xml', '_inter_block', 25), ('triangle.cpp.xml', 'decl_stmt', 1)) | DeclStmtInsertion(('triangle.cpp.xml', '_inter_block', 27), ('triangle.cpp.xml', 'decl_stmt', 0)) | DeclStmtDeletion(('triangle.cpp.xml', 'decl_stmt', 0)) | DeclStmtInsertion(('triangle.cpp.xml', '_inter_block', 18), ('triangle.cpp.xml', 'decl_stmt', 1)) | DeclStmtInsertion(('triangle.cpp.xml', '_inter_block', 21), ('triangle.cpp.xml', 'decl_stmt', 0))
2023-12-15 02:39:11,147	[INFO]	59      SUCCESS               1202239 (99.83%) [7 edit(s)] 
2023-12-15 02:39:12,028	[DEBUG]	EXEC>  SUCCESS 1202335
2023-12-15 02:39:12,028	[DEBUG]	ExprStmtDeletion(('triangle.cpp.xml', 'expr_stmt', 0)) | ExprStmtInsertion(('triangle.cpp.xml', '_inter_block', 31), ('triangle.cpp.xml', 'expr_stmt', 5)) | DeclStmtInsertion(('triangle.cpp.xml', '_inter_block', 25), ('triangle.cpp.xml', 'decl_stmt', 1)) | DeclStmtInsertion(('triangle.cpp.xml', '_inter_block', 27), ('triangle.cpp.xml', 'decl_stmt', 0)) | DeclStmtDeletion(('triangle.cpp.xml', 'decl_stmt', 0)) | DeclStmtInsertion(('triangle.cpp.xml', '_inter_block', 18), ('triangle.cpp.xml', 'decl_stmt', 1)) | DeclStmtInsertion(('triangle.cpp.xml', '_inter_block', 2), ('triangle.cpp.xml', 'decl_stmt', 0))
2023-12-15 02:39:12,029	[INFO]	60      SUCCESS               1202335 (99.84%) [7 edit(s)] 
2023-12-15 02:39:12,985	[DEBUG]	EXEC>  SUCCESS 1202268
2023-12-15 02:39:12,985	[DEBUG]	ExprStmtDeletion(('triangle.cpp.xml', 'expr_stmt', 0)) | ExprStmtInsertion(('triangle.cpp.xml', '_inter_block', 31), ('triangle.cpp.xml', 'expr_stmt', 5)) | DeclStmtInsertion(('triangle.cpp.xml', '_inter_block', 25), ('triangle.cpp.xml', 'decl_stmt', 1)) | DeclStmtInsertion(('triangle.cpp.xml', '_inter_block', 27), ('triangle.cpp.xml', 'decl_stmt', 0)) | DeclStmtDeletion(('triangle.cpp.xml', 'decl_stmt', 0)) | DeclStmtInsertion(('triangle.cpp.xml', '_inter_block', 18), ('triangle.cpp.xml', 'decl_stmt', 1)) | DeclStmtInsertion(('triangle.cpp.xml', '_inter_block', 24), ('triangle.cpp.xml', 'decl_stmt', 0))
2023-12-15 02:39:12,986	[INFO]	61      SUCCESS               1202268 (99.84%) [7 edit(s)] 
2023-12-15 02:39:13,140	[DEBUG]	ExprStmtDeletion(('triangle.cpp.xml', 'expr_stmt', 0)) | ExprStmtInsertion(('triangle.cpp.xml', '_inter_block', 31), ('triangle.cpp.xml', 'expr_stmt', 5)) | DeclStmtInsertion(('triangle.cpp.xml', '_inter_block', 25), ('triangle.cpp.xml', 'decl_stmt', 1)) | DeclStmtInsertion(('triangle.cpp.xml', '_inter_block', 27), ('triangle.cpp.xml', 'decl_stmt', 0)) | DeclStmtDeletion(('triangle.cpp.xml', 'decl_stmt', 0)) | DeclStmtInsertion(('triangle.cpp.xml', '_inter_block', 18), ('triangle.cpp.xml', 'decl_stmt', 1)) | DeclStmtDeletion(('triangle.cpp.xml', 'decl_stmt', 1))
2023-12-15 02:39:13,140	[INFO]	62      COMPILE_CODE_ERROR    None  [7 edit(s)]       
2023-12-15 02:39:13,276	[DEBUG]	ExprStmtDeletion(('triangle.cpp.xml', 'expr_stmt', 0)) | ExprStmtInsertion(('triangle.cpp.xml', '_inter_block', 31), ('triangle.cpp.xml', 'expr_stmt', 5)) | DeclStmtInsertion(('triangle.cpp.xml', '_inter_block', 25), ('triangle.cpp.xml', 'decl_stmt', 1)) | DeclStmtInsertion(('triangle.cpp.xml', '_inter_block', 27), ('triangle.cpp.xml', 'decl_stmt', 0)) | DeclStmtDeletion(('triangle.cpp.xml', 'decl_stmt', 0)) | DeclStmtInsertion(('triangle.cpp.xml', '_inter_block', 18), ('triangle.cpp.xml', 'decl_stmt', 1)) | DeclStmtInsertion(('triangle.cpp.xml', '_inter_block', 12), ('triangle.cpp.xml', 'decl_stmt', 1))
2023-12-15 02:39:13,276	[INFO]	63      COMPILE_CODE_ERROR    None  [7 edit(s)]       
2023-12-15 02:39:14,042	[DEBUG]	ExprStmtDeletion(('triangle.cpp.xml', 'expr_stmt', 0)) | ExprStmtInsertion(('triangle.cpp.xml', '_inter_block', 31), ('triangle.cpp.xml', 'expr_stmt', 5)) | DeclStmtInsertion(('triangle.cpp.xml', '_inter_block', 25), ('triangle.cpp.xml', 'decl_stmt', 1)) | DeclStmtInsertion(('triangle.cpp.xml', '_inter_block', 27), ('triangle.cpp.xml', 'decl_stmt', 0)) | DeclStmtDeletion(('triangle.cpp.xml', 'decl_stmt', 0)) | DeclStmtInsertion(('triangle.cpp.xml', '_inter_block', 18), ('triangle.cpp.xml', 'decl_stmt', 1)) | ReturnDeletion(('triangle.cpp.xml', 'return', 0))
2023-12-15 02:39:14,042	[INFO]	64      TEST_CODE_ERROR       None  [7 edit(s)]       
2023-12-15 02:39:14,938	[DEBUG]	EXEC>  SUCCESS 1202335
2023-12-15 02:39:14,938	[DEBUG]	ExprStmtDeletion(('triangle.cpp.xml', 'expr_stmt', 0)) | ExprStmtInsertion(('triangle.cpp.xml', '_inter_block', 31), ('triangle.cpp.xml', 'expr_stmt', 5)) | DeclStmtInsertion(('triangle.cpp.xml', '_inter_block', 25), ('triangle.cpp.xml', 'decl_stmt', 1)) | DeclStmtInsertion(('triangle.cpp.xml', '_inter_block', 27), ('triangle.cpp.xml', 'decl_stmt', 0)) | DeclStmtDeletion(('triangle.cpp.xml', 'decl_stmt', 0)) | DeclStmtInsertion(('triangle.cpp.xml', '_inter_block', 18), ('triangle.cpp.xml', 'decl_stmt', 1)) | DeclStmtInsertion(('triangle.cpp.xml', '_inter_block', 1), ('triangle.cpp.xml', 'decl_stmt', 0))
2023-12-15 02:39:14,939	[INFO]	65      SUCCESS               1202335 (99.84%) [7 edit(s)] 
2023-12-15 02:39:15,817	[DEBUG]	EXEC>  SUCCESS 1202268
2023-12-15 02:39:15,817	[DEBUG]	ExprStmtDeletion(('triangle.cpp.xml', 'expr_stmt', 0)) | ExprStmtInsertion(('triangle.cpp.xml', '_inter_block', 31), ('triangle.cpp.xml', 'expr_stmt', 5)) | DeclStmtInsertion(('triangle.cpp.xml', '_inter_block', 25), ('triangle.cpp.xml', 'decl_stmt', 1)) | DeclStmtInsertion(('triangle.cpp.xml', '_inter_block', 27), ('triangle.cpp.xml', 'decl_stmt', 0)) | DeclStmtDeletion(('triangle.cpp.xml', 'decl_stmt', 0)) | DeclStmtInsertion(('triangle.cpp.xml', '_inter_block', 18), ('triangle.cpp.xml', 'decl_stmt', 1)) | DeclStmtInsertion(('triangle.cpp.xml', '_inter_block', 23), ('triangle.cpp.xml', 'decl_stmt', 0))
2023-12-15 02:39:15,818	[INFO]	66      SUCCESS               1202268 (99.84%) [7 edit(s)] 
2023-12-15 02:39:16,678	[DEBUG]	EXEC>  SUCCESS 1202281
2023-12-15 02:39:16,679	[DEBUG]	ExprStmtDeletion(('triangle.cpp.xml', 'expr_stmt', 0)) | ExprStmtInsertion(('triangle.cpp.xml', '_inter_block', 31), ('triangle.cpp.xml', 'expr_stmt', 5)) | DeclStmtInsertion(('triangle.cpp.xml', '_inter_block', 25), ('triangle.cpp.xml', 'decl_stmt', 1)) | DeclStmtInsertion(('triangle.cpp.xml', '_inter_block', 27), ('triangle.cpp.xml', 'decl_stmt', 0)) | DeclStmtDeletion(('triangle.cpp.xml', 'decl_stmt', 0)) | DeclStmtInsertion(('triangle.cpp.xml', '_inter_block', 18), ('triangle.cpp.xml', 'decl_stmt', 1)) | DeclStmtInsertion(('triangle.cpp.xml', '_inter_block', 10), ('triangle.cpp.xml', 'decl_stmt', 0))
2023-12-15 02:39:16,680	[INFO]	67      SUCCESS               1202281 (99.84%) [7 edit(s)] 
2023-12-15 02:39:17,619	[DEBUG]	EXEC>  SUCCESS 1202257
2023-12-15 02:39:17,620	[DEBUG]	ExprStmtDeletion(('triangle.cpp.xml', 'expr_stmt', 0)) | ExprStmtInsertion(('triangle.cpp.xml', '_inter_block', 31), ('triangle.cpp.xml', 'expr_stmt', 5)) | DeclStmtInsertion(('triangle.cpp.xml', '_inter_block', 25), ('triangle.cpp.xml', 'decl_stmt', 1)) | DeclStmtInsertion(('triangle.cpp.xml', '_inter_block', 27), ('triangle.cpp.xml', 'decl_stmt', 0)) | DeclStmtDeletion(('triangle.cpp.xml', 'decl_stmt', 0)) | DeclStmtInsertion(('triangle.cpp.xml', '_inter_block', 18), ('triangle.cpp.xml', 'decl_stmt', 1)) | DeclStmtInsertion(('triangle.cpp.xml', '_inter_block', 15), ('triangle.cpp.xml', 'decl_stmt', 0))
2023-12-15 02:39:17,621	[INFO]	68      SUCCESS               1202257 (99.84%) [7 edit(s)] 
2023-12-15 02:39:17,756	[DEBUG]	ExprStmtDeletion(('triangle.cpp.xml', 'expr_stmt', 0)) | ExprStmtInsertion(('triangle.cpp.xml', '_inter_block', 31), ('triangle.cpp.xml', 'expr_stmt', 5)) | DeclStmtInsertion(('triangle.cpp.xml', '_inter_block', 25), ('triangle.cpp.xml', 'decl_stmt', 1)) | DeclStmtInsertion(('triangle.cpp.xml', '_inter_block', 27), ('triangle.cpp.xml', 'decl_stmt', 0)) | DeclStmtDeletion(('triangle.cpp.xml', 'decl_stmt', 0)) | DeclStmtInsertion(('triangle.cpp.xml', '_inter_block', 18), ('triangle.cpp.xml', 'decl_stmt', 1)) | DeclStmtInsertion(('triangle.cpp.xml', '_inter_block', 10), ('triangle.cpp.xml', 'decl_stmt', 1))
2023-12-15 02:39:17,756	[INFO]	69      COMPILE_CODE_ERROR    None  [7 edit(s)]       
2023-12-15 02:39:17,759	[DEBUG]	ExprStmtDeletion(('triangle.cpp.xml', 'expr_stmt', 0)) | ExprStmtInsertion(('triangle.cpp.xml', '_inter_block', 31), ('triangle.cpp.xml', 'expr_stmt', 5)) | DeclStmtInsertion(('triangle.cpp.xml', '_inter_block', 25), ('triangle.cpp.xml', 'decl_stmt', 1)) | DeclStmtInsertion(('triangle.cpp.xml', '_inter_block', 27), ('triangle.cpp.xml', 'decl_stmt', 0)) | DeclStmtDeletion(('triangle.cpp.xml', 'decl_stmt', 0)) | DeclStmtInsertion(('triangle.cpp.xml', '_inter_block', 18), ('triangle.cpp.xml', 'decl_stmt', 1)) | DeclStmtInsertion(('triangle.cpp.xml', '_inter_block', 24), ('triangle.cpp.xml', 'decl_stmt', 0))
2023-12-15 02:39:17,760	[INFO]	70      SUCCESS               1202268 (99.84%) [7 edit(s)] 
2023-12-15 02:39:18,640	[DEBUG]	EXEC>  SUCCESS 1202334
2023-12-15 02:39:18,640	[DEBUG]	ExprStmtDeletion(('triangle.cpp.xml', 'expr_stmt', 0)) | ExprStmtInsertion(('triangle.cpp.xml', '_inter_block', 31), ('triangle.cpp.xml', 'expr_stmt', 5)) | DeclStmtInsertion(('triangle.cpp.xml', '_inter_block', 25), ('triangle.cpp.xml', 'decl_stmt', 1)) | DeclStmtInsertion(('triangle.cpp.xml', '_inter_block', 27), ('triangle.cpp.xml', 'decl_stmt', 0)) | DeclStmtDeletion(('triangle.cpp.xml', 'decl_stmt', 0)) | DeclStmtInsertion(('triangle.cpp.xml', '_inter_block', 18), ('triangle.cpp.xml', 'decl_stmt', 1)) | DeclStmtInsertion(('triangle.cpp.xml', '_inter_block', 7), ('triangle.cpp.xml', 'decl_stmt', 0))
2023-12-15 02:39:18,641	[INFO]	71      SUCCESS               1202334 (99.84%) [7 edit(s)] 
2023-12-15 02:39:19,545	[DEBUG]	EXEC>  SUCCESS 1202238
2023-12-15 02:39:19,546	[DEBUG]	ExprStmtDeletion(('triangle.cpp.xml', 'expr_stmt', 0)) | ExprStmtInsertion(('triangle.cpp.xml', '_inter_block', 31), ('triangle.cpp.xml', 'expr_stmt', 5)) | DeclStmtInsertion(('triangle.cpp.xml', '_inter_block', 25), ('triangle.cpp.xml', 'decl_stmt', 1)) | DeclStmtInsertion(('triangle.cpp.xml', '_inter_block', 27), ('triangle.cpp.xml', 'decl_stmt', 0)) | DeclStmtDeletion(('triangle.cpp.xml', 'decl_stmt', 0)) | DeclStmtInsertion(('triangle.cpp.xml', '_inter_block', 18), ('triangle.cpp.xml', 'decl_stmt', 1)) | DeclStmtInsertion(('triangle.cpp.xml', '_inter_block', 12), ('triangle.cpp.xml', 'decl_stmt', 0))
2023-12-15 02:39:19,546	[INFO]	72      SUCCESS               1202238 (99.83%) [7 edit(s)] 
2023-12-15 02:39:20,302	[DEBUG]	ExprStmtDeletion(('triangle.cpp.xml', 'expr_stmt', 0)) | ExprStmtInsertion(('triangle.cpp.xml', '_inter_block', 31), ('triangle.cpp.xml', 'expr_stmt', 5)) | DeclStmtInsertion(('triangle.cpp.xml', '_inter_block', 25), ('triangle.cpp.xml', 'decl_stmt', 1)) | DeclStmtInsertion(('triangle.cpp.xml', '_inter_block', 27), ('triangle.cpp.xml', 'decl_stmt', 0)) | DeclStmtDeletion(('triangle.cpp.xml', 'decl_stmt', 0)) | DeclStmtInsertion(('triangle.cpp.xml', '_inter_block', 18), ('triangle.cpp.xml', 'decl_stmt', 1)) | ExprStmtDeletion(('triangle.cpp.xml', 'expr_stmt', 5))
2023-12-15 02:39:20,303	[INFO]	73      TEST_CODE_ERROR       None  [7 edit(s)]       
2023-12-15 02:39:20,450	[DEBUG]	ExprStmtDeletion(('triangle.cpp.xml', 'expr_stmt', 0)) | ExprStmtInsertion(('triangle.cpp.xml', '_inter_block', 31), ('triangle.cpp.xml', 'expr_stmt', 5)) | DeclStmtInsertion(('triangle.cpp.xml', '_inter_block', 25), ('triangle.cpp.xml', 'decl_stmt', 1)) | DeclStmtInsertion(('triangle.cpp.xml', '_inter_block', 27), ('triangle.cpp.xml', 'decl_stmt', 0)) | DeclStmtDeletion(('triangle.cpp.xml', 'decl_stmt', 0)) | DeclStmtInsertion(('triangle.cpp.xml', '_inter_block', 18), ('triangle.cpp.xml', 'decl_stmt', 1)) | DeclStmtInsertion(('triangle.cpp.xml', '_inter_block', 10), ('triangle.cpp.xml', 'decl_stmt', 1))
2023-12-15 02:39:20,450	[INFO]	74      COMPILE_CODE_ERROR    None  [7 edit(s)]       
2023-12-15 02:39:21,323	[DEBUG]	EXEC>  SUCCESS 1202334
2023-12-15 02:39:21,324	[DEBUG]	ExprStmtDeletion(('triangle.cpp.xml', 'expr_stmt', 0)) | ExprStmtInsertion(('triangle.cpp.xml', '_inter_block', 31), ('triangle.cpp.xml', 'expr_stmt', 5)) | DeclStmtInsertion(('triangle.cpp.xml', '_inter_block', 25), ('triangle.cpp.xml', 'decl_stmt', 1)) | DeclStmtInsertion(('triangle.cpp.xml', '_inter_block', 27), ('triangle.cpp.xml', 'decl_stmt', 0)) | DeclStmtDeletion(('triangle.cpp.xml', 'decl_stmt', 0)) | DeclStmtInsertion(('triangle.cpp.xml', '_inter_block', 18), ('triangle.cpp.xml', 'decl_stmt', 1)) | DeclStmtInsertion(('triangle.cpp.xml', '_inter_block', 0), ('triangle.cpp.xml', 'decl_stmt', 0))
2023-12-15 02:39:21,325	[INFO]	75      SUCCESS               1202334 (99.84%) [7 edit(s)] 
2023-12-15 02:39:22,138	[DEBUG]	ExprStmtDeletion(('triangle.cpp.xml', 'expr_stmt', 0)) | ExprStmtInsertion(('triangle.cpp.xml', '_inter_block', 31), ('triangle.cpp.xml', 'expr_stmt', 5)) | DeclStmtInsertion(('triangle.cpp.xml', '_inter_block', 25), ('triangle.cpp.xml', 'decl_stmt', 1)) | DeclStmtInsertion(('triangle.cpp.xml', '_inter_block', 27), ('triangle.cpp.xml', 'decl_stmt', 0)) | DeclStmtDeletion(('triangle.cpp.xml', 'decl_stmt', 0)) | DeclStmtInsertion(('triangle.cpp.xml', '_inter_block', 18), ('triangle.cpp.xml', 'decl_stmt', 1)) | IfReplacement(('triangle.cpp.xml', 'if', 3), ('triangle.cpp.xml', 'stmt', 5))
2023-12-15 02:39:22,139	[INFO]	76      TEST_CODE_ERROR       None  [7 edit(s)]       
2023-12-15 02:39:23,021	[DEBUG]	EXEC>  SUCCESS 1202333
2023-12-15 02:39:23,022	[DEBUG]	ExprStmtDeletion(('triangle.cpp.xml', 'expr_stmt', 0)) | ExprStmtInsertion(('triangle.cpp.xml', '_inter_block', 31), ('triangle.cpp.xml', 'expr_stmt', 5)) | DeclStmtInsertion(('triangle.cpp.xml', '_inter_block', 25), ('triangle.cpp.xml', 'decl_stmt', 1)) | DeclStmtInsertion(('triangle.cpp.xml', '_inter_block', 27), ('triangle.cpp.xml', 'decl_stmt', 0)) | DeclStmtDeletion(('triangle.cpp.xml', 'decl_stmt', 0)) | DeclStmtInsertion(('triangle.cpp.xml', '_inter_block', 18), ('triangle.cpp.xml', 'decl_stmt', 1)) | DeclStmtInsertion(('triangle.cpp.xml', '_inter_block', 5), ('triangle.cpp.xml', 'decl_stmt', 0))
2023-12-15 02:39:23,022	[INFO]	77      SUCCESS               1202333 (99.84%) [7 edit(s)] 
2023-12-15 02:39:23,185	[DEBUG]	ExprStmtDeletion(('triangle.cpp.xml', 'expr_stmt', 0)) | ExprStmtInsertion(('triangle.cpp.xml', '_inter_block', 31), ('triangle.cpp.xml', 'expr_stmt', 5)) | DeclStmtInsertion(('triangle.cpp.xml', '_inter_block', 25), ('triangle.cpp.xml', 'decl_stmt', 1)) | DeclStmtInsertion(('triangle.cpp.xml', '_inter_block', 27), ('triangle.cpp.xml', 'decl_stmt', 0)) | DeclStmtDeletion(('triangle.cpp.xml', 'decl_stmt', 0)) | DeclStmtInsertion(('triangle.cpp.xml', '_inter_block', 18), ('triangle.cpp.xml', 'decl_stmt', 1)) | DeclStmtInsertion(('triangle.cpp.xml', '_inter_block', 24), ('triangle.cpp.xml', 'decl_stmt', 1))
2023-12-15 02:39:23,186	[INFO]	78      COMPILE_CODE_ERROR    None  [7 edit(s)]       
2023-12-15 02:39:23,948	[DEBUG]	ExprStmtDeletion(('triangle.cpp.xml', 'expr_stmt', 0)) | ExprStmtInsertion(('triangle.cpp.xml', '_inter_block', 31), ('triangle.cpp.xml', 'expr_stmt', 5)) | DeclStmtInsertion(('triangle.cpp.xml', '_inter_block', 25), ('triangle.cpp.xml', 'decl_stmt', 1)) | DeclStmtInsertion(('triangle.cpp.xml', '_inter_block', 27), ('triangle.cpp.xml', 'decl_stmt', 0)) | DeclStmtDeletion(('triangle.cpp.xml', 'decl_stmt', 0)) | DeclStmtInsertion(('triangle.cpp.xml', '_inter_block', 18), ('triangle.cpp.xml', 'decl_stmt', 1)) | IfReplacement(('triangle.cpp.xml', 'if', 2), ('triangle.cpp.xml', 'stmt', 6))
2023-12-15 02:39:23,948	[INFO]	79      TEST_CODE_ERROR       None  [7 edit(s)]       
2023-12-15 02:39:24,093	[DEBUG]	ExprStmtDeletion(('triangle.cpp.xml', 'expr_stmt', 0)) | ExprStmtInsertion(('triangle.cpp.xml', '_inter_block', 31), ('triangle.cpp.xml', 'expr_stmt', 5)) | DeclStmtInsertion(('triangle.cpp.xml', '_inter_block', 25), ('triangle.cpp.xml', 'decl_stmt', 1)) | DeclStmtInsertion(('triangle.cpp.xml', '_inter_block', 27), ('triangle.cpp.xml', 'decl_stmt', 0)) | DeclStmtDeletion(('triangle.cpp.xml', 'decl_stmt', 0)) | DeclStmtInsertion(('triangle.cpp.xml', '_inter_block', 18), ('triangle.cpp.xml', 'decl_stmt', 1)) | DeclStmtInsertion(('triangle.cpp.xml', '_inter_block', 20), ('triangle.cpp.xml', 'decl_stmt', 1))
2023-12-15 02:39:24,093	[INFO]	80      COMPILE_CODE_ERROR    None  [7 edit(s)]       
2023-12-15 02:39:24,856	[DEBUG]	ExprStmtDeletion(('triangle.cpp.xml', 'expr_stmt', 0)) | ExprStmtInsertion(('triangle.cpp.xml', '_inter_block', 31), ('triangle.cpp.xml', 'expr_stmt', 5)) | DeclStmtInsertion(('triangle.cpp.xml', '_inter_block', 25), ('triangle.cpp.xml', 'decl_stmt', 1)) | DeclStmtInsertion(('triangle.cpp.xml', '_inter_block', 27), ('triangle.cpp.xml', 'decl_stmt', 0)) | DeclStmtDeletion(('triangle.cpp.xml', 'decl_stmt', 0)) | DeclStmtInsertion(('triangle.cpp.xml', '_inter_block', 18), ('triangle.cpp.xml', 'decl_stmt', 1)) | ExprStmtReplacement(('triangle.cpp.xml', 'expr_stmt', 6), ('triangle.cpp.xml', 'stmt', 16))
2023-12-15 02:39:24,856	[INFO]	81      TEST_CODE_ERROR       None  [7 edit(s)]       
2023-12-15 02:39:25,718	[DEBUG]	EXEC>  SUCCESS 1202334
2023-12-15 02:39:25,718	[DEBUG]	ExprStmtDeletion(('triangle.cpp.xml', 'expr_stmt', 0)) | ExprStmtInsertion(('triangle.cpp.xml', '_inter_block', 31), ('triangle.cpp.xml', 'expr_stmt', 5)) | DeclStmtInsertion(('triangle.cpp.xml', '_inter_block', 25), ('triangle.cpp.xml', 'decl_stmt', 1)) | DeclStmtInsertion(('triangle.cpp.xml', '_inter_block', 27), ('triangle.cpp.xml', 'decl_stmt', 0)) | DeclStmtDeletion(('triangle.cpp.xml', 'decl_stmt', 0)) | DeclStmtInsertion(('triangle.cpp.xml', '_inter_block', 18), ('triangle.cpp.xml', 'decl_stmt', 1)) | DeclStmtInsertion(('triangle.cpp.xml', '_inter_block', 6), ('triangle.cpp.xml', 'decl_stmt', 0))
2023-12-15 02:39:25,719	[INFO]	82      SUCCESS               1202334 (99.84%) [7 edit(s)] 
2023-12-15 02:39:26,628	[DEBUG]	EXEC>  SUCCESS 1202227
2023-12-15 02:39:26,629	[DEBUG]	ExprStmtDeletion(('triangle.cpp.xml', 'expr_stmt', 0)) | ExprStmtInsertion(('triangle.cpp.xml', '_inter_block', 31), ('triangle.cpp.xml', 'expr_stmt', 5)) | DeclStmtInsertion(('triangle.cpp.xml', '_inter_block', 25), ('triangle.cpp.xml', 'decl_stmt', 1)) | DeclStmtInsertion(('triangle.cpp.xml', '_inter_block', 27), ('triangle.cpp.xml', 'decl_stmt', 0)) | DeclStmtDeletion(('triangle.cpp.xml', 'decl_stmt', 0)) | DeclStmtInsertion(('triangle.cpp.xml', '_inter_block', 18), ('triangle.cpp.xml', 'decl_stmt', 1)) | DeclStmtInsertion(('triangle.cpp.xml', '_inter_block', 28), ('triangle.cpp.xml', 'decl_stmt', 0))
2023-12-15 02:39:26,630	[INFO]	83      SUCCESS               1202227 (99.83%) [7 edit(s)] 
2023-12-15 02:39:27,527	[DEBUG]	EXEC>  SUCCESS 1202299
2023-12-15 02:39:27,528	[DEBUG]	ExprStmtDeletion(('triangle.cpp.xml', 'expr_stmt', 0)) | ExprStmtInsertion(('triangle.cpp.xml', '_inter_block', 31), ('triangle.cpp.xml', 'expr_stmt', 5)) | DeclStmtInsertion(('triangle.cpp.xml', '_inter_block', 25), ('triangle.cpp.xml', 'decl_stmt', 1)) | DeclStmtInsertion(('triangle.cpp.xml', '_inter_block', 27), ('triangle.cpp.xml', 'decl_stmt', 0)) | DeclStmtDeletion(('triangle.cpp.xml', 'decl_stmt', 0)) | DeclStmtInsertion(('triangle.cpp.xml', '_inter_block', 18), ('triangle.cpp.xml', 'decl_stmt', 1)) | IfInsertion(('triangle.cpp.xml', '_inter_block', 12), ('triangle.cpp.xml', 'if', 4))
2023-12-15 02:39:27,529	[INFO]	84      SUCCESS               1202299 (99.84%) [7 edit(s)] 
2023-12-15 02:39:28,443	[DEBUG]	EXEC>  SUCCESS 1202208
2023-12-15 02:39:28,443	[DEBUG]	ExprStmtDeletion(('triangle.cpp.xml', 'expr_stmt', 0)) | ExprStmtInsertion(('triangle.cpp.xml', '_inter_block', 31), ('triangle.cpp.xml', 'expr_stmt', 5)) | DeclStmtInsertion(('triangle.cpp.xml', '_inter_block', 25), ('triangle.cpp.xml', 'decl_stmt', 1)) | DeclStmtInsertion(('triangle.cpp.xml', '_inter_block', 27), ('triangle.cpp.xml', 'decl_stmt', 0)) | DeclStmtDeletion(('triangle.cpp.xml', 'decl_stmt', 0)) | DeclStmtInsertion(('triangle.cpp.xml', '_inter_block', 18), ('triangle.cpp.xml', 'decl_stmt', 1)) | DeclStmtInsertion(('triangle.cpp.xml', '_inter_block', 29), ('triangle.cpp.xml', 'decl_stmt', 1))
2023-12-15 02:39:28,444	[INFO]	85      SUCCESS              *1202208 (99.83%) [7 edit(s)] 
2023-12-15 02:39:28,447	[DEBUG]	--- before: triangle.cpp
+++ after: triangle.cpp
@@ -1,8 +1,8 @@
 #include "triangle.hpp"
 
 void delay() {
-  const struct timespec ms = {0, (long int) (0.001*1e9)}; //tv_sec=0, tv_nsec (0.001 seconds)
-  nanosleep(&ms,NULL); /*ignores possible errors*/
+   //tv_sec=0, tv_nsec (0.001 seconds)
+   /*ignores possible errors*/
 }
 
 int classify_triangle(double a, double b, double c) {
@@ -18,6 +18,7 @@
   }
 
   if(a > c) {
+    double tmp;
     tmp = a;
     a = c;
     c = tmp;
@@ -27,19 +28,23 @@
     tmp = b;
     b = c;
     c = tmp;
+    double tmp;
   }
 
   if(a + b <= c)
     /*auto*/{
       return INVALID;
+      const struct timespec ms = {0, (long int) (0.001*1e9)};
     }/*auto*/
   if(a == b && b == c)
     /*auto*/{
       return EQUILATERAL;
+      double tmp;
     }/*auto*/
   if(a == b || b == c)
     /*auto*/{
       return ISOSCELES;
+      tmp = a;
     }/*auto*/
   return SCALENE;
 }

2023-12-15 02:39:29,321	[DEBUG]	EXEC>  SUCCESS 1202281
2023-12-15 02:39:29,322	[DEBUG]	ExprStmtDeletion(('triangle.cpp.xml', 'expr_stmt', 0)) | ExprStmtInsertion(('triangle.cpp.xml', '_inter_block', 31), ('triangle.cpp.xml', 'expr_stmt', 5)) | DeclStmtInsertion(('triangle.cpp.xml', '_inter_block', 25), ('triangle.cpp.xml', 'decl_stmt', 1)) | DeclStmtInsertion(('triangle.cpp.xml', '_inter_block', 27), ('triangle.cpp.xml', 'decl_stmt', 0)) | DeclStmtDeletion(('triangle.cpp.xml', 'decl_stmt', 0)) | DeclStmtInsertion(('triangle.cpp.xml', '_inter_block', 18), ('triangle.cpp.xml', 'decl_stmt', 1)) | DeclStmtInsertion(('triangle.cpp.xml', '_inter_block', 29), ('triangle.cpp.xml', 'decl_stmt', 1)) | DeclStmtInsertion(('triangle.cpp.xml', '_inter_block', 10), ('triangle.cpp.xml', 'decl_stmt', 0))
2023-12-15 02:39:29,323	[INFO]	86      SUCCESS               1202281 (99.84%) [8 edit(s)] 
2023-12-15 02:39:30,258	[DEBUG]	EXEC>  SUCCESS 1202209
2023-12-15 02:39:30,259	[DEBUG]	ExprStmtDeletion(('triangle.cpp.xml', 'expr_stmt', 0)) | ExprStmtInsertion(('triangle.cpp.xml', '_inter_block', 31), ('triangle.cpp.xml', 'expr_stmt', 5)) | DeclStmtInsertion(('triangle.cpp.xml', '_inter_block', 25), ('triangle.cpp.xml', 'decl_stmt', 1)) | DeclStmtInsertion(('triangle.cpp.xml', '_inter_block', 27), ('triangle.cpp.xml', 'decl_stmt', 0)) | DeclStmtDeletion(('triangle.cpp.xml', 'decl_stmt', 0)) | DeclStmtInsertion(('triangle.cpp.xml', '_inter_block', 18), ('triangle.cpp.xml', 'decl_stmt', 1)) | DeclStmtInsertion(('triangle.cpp.xml', '_inter_block', 29), ('triangle.cpp.xml', 'decl_stmt', 1)) | DeclStmtInsertion(('triangle.cpp.xml', '_inter_block', 2), ('triangle.cpp.xml', 'decl_stmt', 1))
2023-12-15 02:39:30,260	[INFO]	87      SUCCESS               1202209 (99.83%) [8 edit(s)] 
2023-12-15 02:39:31,025	[DEBUG]	ExprStmtDeletion(('triangle.cpp.xml', 'expr_stmt', 0)) | ExprStmtInsertion(('triangle.cpp.xml', '_inter_block', 31), ('triangle.cpp.xml', 'expr_stmt', 5)) | DeclStmtInsertion(('triangle.cpp.xml', '_inter_block', 25), ('triangle.cpp.xml', 'decl_stmt', 1)) | DeclStmtInsertion(('triangle.cpp.xml', '_inter_block', 27), ('triangle.cpp.xml', 'decl_stmt', 0)) | DeclStmtDeletion(('triangle.cpp.xml', 'decl_stmt', 0)) | DeclStmtInsertion(('triangle.cpp.xml', '_inter_block', 18), ('triangle.cpp.xml', 'decl_stmt', 1)) | DeclStmtInsertion(('triangle.cpp.xml', '_inter_block', 29), ('triangle.cpp.xml', 'decl_stmt', 1)) | DeclStmtInsertion(('triangle.cpp.xml', '_inter_block', 16), ('triangle.cpp.xml', 'decl_stmt', 1))
2023-12-15 02:39:31,026	[INFO]	88      TEST_CODE_ERROR       None  [8 edit(s)]       
2023-12-15 02:39:31,950	[DEBUG]	EXEC>  SUCCESS 1202269
2023-12-15 02:39:31,951	[DEBUG]	ExprStmtDeletion(('triangle.cpp.xml', 'expr_stmt', 0)) | ExprStmtInsertion(('triangle.cpp.xml', '_inter_block', 31), ('triangle.cpp.xml', 'expr_stmt', 5)) | DeclStmtInsertion(('triangle.cpp.xml', '_inter_block', 25), ('triangle.cpp.xml', 'decl_stmt', 1)) | DeclStmtInsertion(('triangle.cpp.xml', '_inter_block', 27), ('triangle.cpp.xml', 'decl_stmt', 0)) | DeclStmtDeletion(('triangle.cpp.xml', 'decl_stmt', 0)) | DeclStmtInsertion(('triangle.cpp.xml', '_inter_block', 18), ('triangle.cpp.xml', 'decl_stmt', 1)) | DeclStmtInsertion(('triangle.cpp.xml', '_inter_block', 29), ('triangle.cpp.xml', 'decl_stmt', 1)) | DeclStmtInsertion(('triangle.cpp.xml', '_inter_block', 23), ('triangle.cpp.xml', 'decl_stmt', 0))
2023-12-15 02:39:31,952	[INFO]	89      SUCCESS               1202269 (99.84%) [8 edit(s)] 
2023-12-15 02:39:31,955	[INFO]	==== END ====
2023-12-15 02:39:31,955	[INFO]	
2023-12-15 02:39:31,955	[INFO]	==== REPORT ====
2023-12-15 02:39:31,956	[INFO]	Termination: time budget
2023-12-15 02:39:31,957	[INFO]	Log file: /cs/student/ug/2020/damibose/projects/magpie/_magpie_logs/triangle-cpp_slow_1702607904.log
2023-12-15 02:39:31,961	[INFO]	Patch file: _magpie_logs/triangle-cpp_slow_1702607904.patch
2023-12-15 02:39:31,961	[INFO]	Diff file: _magpie_logs/triangle-cpp_slow_1702607904.diff
2023-12-15 02:39:31,961	[INFO]	Best fitness: 1202208
2023-12-15 02:39:31,962	[INFO]	Best patch: ExprStmtDeletion(('triangle.cpp.xml', 'expr_stmt', 0)) | ExprStmtInsertion(('triangle.cpp.xml', '_inter_block', 31), ('triangle.cpp.xml', 'expr_stmt', 5)) | DeclStmtInsertion(('triangle.cpp.xml', '_inter_block', 25), ('triangle.cpp.xml', 'decl_stmt', 1)) | DeclStmtInsertion(('triangle.cpp.xml', '_inter_block', 27), ('triangle.cpp.xml', 'decl_stmt', 0)) | DeclStmtDeletion(('triangle.cpp.xml', 'decl_stmt', 0)) | DeclStmtInsertion(('triangle.cpp.xml', '_inter_block', 18), ('triangle.cpp.xml', 'decl_stmt', 1)) | DeclStmtInsertion(('triangle.cpp.xml', '_inter_block', 29), ('triangle.cpp.xml', 'decl_stmt', 1))
2023-12-15 02:39:31,963	[INFO]	Diff:
--- before: triangle.cpp
+++ after: triangle.cpp
@@ -1,8 +1,8 @@
 #include "triangle.hpp"
 
 void delay() {
-  const struct timespec ms = {0, (long int) (0.001*1e9)}; //tv_sec=0, tv_nsec (0.001 seconds)
-  nanosleep(&ms,NULL); /*ignores possible errors*/
+   //tv_sec=0, tv_nsec (0.001 seconds)
+   /*ignores possible errors*/
 }
 
 int classify_triangle(double a, double b, double c) {
@@ -18,6 +18,7 @@
   }
 
   if(a > c) {
+    double tmp;
     tmp = a;
     a = c;
     c = tmp;
@@ -27,19 +28,23 @@
     tmp = b;
     b = c;
     c = tmp;
+    double tmp;
   }
 
   if(a + b <= c)
     /*auto*/{
       return INVALID;
+      const struct timespec ms = {0, (long int) (0.001*1e9)};
     }/*auto*/
   if(a == b && b == c)
     /*auto*/{
       return EQUILATERAL;
+      double tmp;
     }/*auto*/
   if(a == b || b == c)
     /*auto*/{
       return ISOSCELES;
+      tmp = a;
     }/*auto*/
   return SCALENE;
 }

