2023-12-15 12:47:49,923	[DEBUG]	==== CONFIG ====
[magpie]
import = 
seed = 3
log_dir = _magpie_logs
work_dir = _magpie_work
final_out_dir = experiments/results_e_greedy_proof_of_concept/baseline/BestImprovementNoTabu/trial_3
local_original_copy = True
local_original_name = __original__
output_encoding = ascii
edit_retries = 10
default_timeout = 30
default_lengthout = 10000.0
diff_method = unified
trust_local_filesystem = True

[software]
path = examples/code/triangle-cpp_slow
target_files = 
	triangle.cpp.xml
program = BasicProgram
engine_rules = 
	*.params : ConfigFileParamsEngine
	*.xml : SrcmlEngine
	* : LineEngine
engine_config = 
	*.params : [params]
	*.xml : [srcml]
init_cmd = 
init_timeout = 60
init_lengthout = -1
setup_cmd = ./setup.sh
setup_timeout = 
setup_lengthout = 
compile_cmd = ./compile.sh
compile_timeout = 
compile_lengthout = 
test_cmd = ./build/test_triangle
test_timeout = 
test_lengthout = 
run_cmd = perf stat ./build/run_triangle
run_timeout = 1
run_lengthout = 
batch_timeout = 
batch_lengthout = 
batch_bin_fitness_strategy = aggregate
batch_fitness_strategy = sum
fitness = perf_instructions

[srcml]
rename = 
focus = block break continue decl_stmt do expr_stmt for goto if return switch while
internodes = block
process_pseudo_blocks = True
process_literals = False
process_operators = False

[params]
timing = test run
cli_prefix = --
cli_glue = =
cli_boolean = show
cli_boolean_prefix_true = 
cli_boolean_prefix_false = no-
silent_prefix = @
silent_suffix = $

[search]
protocol = BasicProtocol
algorithm = BestImprovementNoTabu
possible_edits = 
	DeclStmtReplacement
	ExprStmtReplacement
	IfReplacement
	ReturnReplacement
	DeclStmtInsertion
	ExprStmtInsertion
	IfInsertion
	ReturnInsertion
	DeclStmtDeletion
	ExprStmtDeletion
	IfDeletion
	ReturnDeletion
warmup = 5
warmup_strategy = last
max_steps = 100
max_time = 60
target_fitness = 
cache_maxsize = 40
cache_keep = 0.2
batch_instances = 
batch_shuffle = True
batch_bin_shuffle = False
batch_sample_size = 1
operator_selector = UniformSelector

[search.ls]
delete_prob = 0
max_neighbours = 20
when_trapped = continue
accept_fail = False
tabu_length = 10

[search.gp]
pop_size = 10
delete_prob = 0.5
offspring_elitism = 0.1
offspring_crossover = 0.5
offspring_mutation = 0.4
uniform_rate = 0.5
batch_reset = True

[search.minify]
do_cleanup = True
do_rebuild = True
do_simplify = True
round_robin_limit = 3


2023-12-15 12:47:49,928	[INFO]	==== WARMUP ====
2023-12-15 12:47:52,435	[DEBUG]	EXEC>  SUCCESS 1205550
2023-12-15 12:47:52,436	[INFO]	WARM    SUCCESS               1205550                 
2023-12-15 12:47:53,409	[DEBUG]	EXEC>  SUCCESS 1205550
2023-12-15 12:47:53,410	[INFO]	WARM    SUCCESS               1205550                 
2023-12-15 12:47:54,372	[DEBUG]	EXEC>  SUCCESS 1205550
2023-12-15 12:47:54,373	[INFO]	WARM    SUCCESS               1205550                 
2023-12-15 12:47:55,358	[DEBUG]	EXEC>  SUCCESS 1205550
2023-12-15 12:47:55,358	[INFO]	WARM    SUCCESS               1205550                 
2023-12-15 12:47:56,307	[DEBUG]	EXEC>  SUCCESS 1205551
2023-12-15 12:47:56,308	[INFO]	WARM    SUCCESS               1205551                 
2023-12-15 12:47:56,309	[INFO]	INITIAL SUCCESS               1205551                 
2023-12-15 12:47:56,309	[INFO]	==== START: BestImprovementNoTabu ====
2023-12-15 12:47:57,383	[DEBUG]	EXEC>  SUCCESS 1943544
2023-12-15 12:47:57,383	[DEBUG]	ExprStmtInsertion(('triangle.cpp.xml', '_inter_block', 4), ('triangle.cpp.xml', 'expr_stmt', 1))
2023-12-15 12:47:57,384	[INFO]	1       SUCCESS               1943544 (161.22%) [1 edit(s)] 
2023-12-15 12:47:58,199	[DEBUG]	ExprStmtDeletion(('triangle.cpp.xml', 'expr_stmt', 9))
2023-12-15 12:47:58,199	[INFO]	2       TEST_CODE_ERROR       None  [1 edit(s)]       
2023-12-15 12:47:59,147	[DEBUG]	EXEC>  SUCCESS 1205713
2023-12-15 12:47:59,147	[DEBUG]	IfInsertion(('triangle.cpp.xml', '_inter_block', 26), ('triangle.cpp.xml', 'if', 4))
2023-12-15 12:47:59,148	[INFO]	3       SUCCESS               1205713 (100.01%) [1 edit(s)] 
2023-12-15 12:47:59,313	[DEBUG]	ReturnReplacement(('triangle.cpp.xml', 'return', 1), ('triangle.cpp.xml', 'stmt', 2))
2023-12-15 12:47:59,313	[INFO]	4       COMPILE_CODE_ERROR    None  [1 edit(s)]       
2023-12-15 12:48:00,271	[DEBUG]	EXEC>  SUCCESS 1559560
2023-12-15 12:48:00,271	[DEBUG]	IfInsertion(('triangle.cpp.xml', '_inter_block', 19), ('triangle.cpp.xml', 'if', 0))
2023-12-15 12:48:00,272	[INFO]	5       SUCCESS               1559560 (129.36%) [1 edit(s)] 
2023-12-15 12:48:00,433	[DEBUG]	DeclStmtDeletion(('triangle.cpp.xml', 'decl_stmt', 1))
2023-12-15 12:48:00,434	[INFO]	6       COMPILE_CODE_ERROR    None  [1 edit(s)]       
2023-12-15 12:48:01,217	[DEBUG]	ExprStmtInsertion(('triangle.cpp.xml', '_inter_block', 9), ('triangle.cpp.xml', 'expr_stmt', 4))
2023-12-15 12:48:01,217	[INFO]	7       TEST_CODE_ERROR       None  [1 edit(s)]       
2023-12-15 12:48:02,258	[DEBUG]	EXEC>  SUCCESS 1205686
2023-12-15 12:48:02,258	[DEBUG]	IfInsertion(('triangle.cpp.xml', '_inter_block', 26), ('triangle.cpp.xml', 'if', 3))
2023-12-15 12:48:02,258	[INFO]	8       SUCCESS               1205686 (100.01%) [1 edit(s)] 
2023-12-15 12:48:03,237	[DEBUG]	EXEC>  SUCCESS 1205550
2023-12-15 12:48:03,238	[DEBUG]	DeclStmtInsertion(('triangle.cpp.xml', '_inter_block', 27), ('triangle.cpp.xml', 'decl_stmt', 1))
2023-12-15 12:48:03,239	[INFO]	9       SUCCESS              *1205550 (100.0%) [1 edit(s)] 
2023-12-15 12:48:03,240	[DEBUG]	--- before: triangle.cpp
+++ after: triangle.cpp
@@ -32,6 +32,7 @@
   if(a + b <= c)
     /*auto*/{
       return INVALID;
+      double tmp;
     }/*auto*/
   if(a == b && b == c)
     /*auto*/{

2023-12-15 12:48:04,248	[DEBUG]	EXEC>  SUCCESS 1205739
2023-12-15 12:48:04,249	[DEBUG]	IfInsertion(('triangle.cpp.xml', '_inter_block', 7), ('triangle.cpp.xml', 'if', 0))
2023-12-15 12:48:04,250	[INFO]	10      SUCCESS               1205739 (100.02%) [1 edit(s)] 
2023-12-15 12:48:05,057	[DEBUG]	ExprStmtDeletion(('triangle.cpp.xml', 'expr_stmt', 7))
2023-12-15 12:48:05,057	[INFO]	11      TEST_CODE_ERROR       None  [1 edit(s)]       
2023-12-15 12:48:05,854	[DEBUG]	IfReplacement(('triangle.cpp.xml', 'if', 2), ('triangle.cpp.xml', 'stmt', 18))
2023-12-15 12:48:05,854	[INFO]	12      TEST_CODE_ERROR       None  [1 edit(s)]       
2023-12-15 12:48:06,610	[DEBUG]	ReturnDeletion(('triangle.cpp.xml', 'return', 3))
2023-12-15 12:48:06,610	[INFO]	13      TEST_CODE_ERROR       None  [1 edit(s)]       
2023-12-15 12:48:07,581	[DEBUG]	EXEC>  SUCCESS 1205625
2023-12-15 12:48:07,582	[DEBUG]	IfInsertion(('triangle.cpp.xml', '_inter_block', 20), ('triangle.cpp.xml', 'if', 3))
2023-12-15 12:48:07,583	[INFO]	14      SUCCESS               1205625 (100.01%) [1 edit(s)] 
2023-12-15 12:48:07,715	[DEBUG]	DeclStmtDeletion(('triangle.cpp.xml', 'decl_stmt', 1))
2023-12-15 12:48:07,716	[INFO]	15      COMPILE_CODE_ERROR    None  [1 edit(s)]       
2023-12-15 12:48:08,499	[DEBUG]	ExprStmtReplacement(('triangle.cpp.xml', 'expr_stmt', 8), ('triangle.cpp.xml', 'stmt', 21))
2023-12-15 12:48:08,500	[INFO]	16      TEST_CODE_ERROR       None  [1 edit(s)]       
2023-12-15 12:48:09,471	[DEBUG]	EXEC>  SUCCESS 1205478
2023-12-15 12:48:09,472	[DEBUG]	IfReplacement(('triangle.cpp.xml', 'if', 1), ('triangle.cpp.xml', 'stmt', 13))
2023-12-15 12:48:09,473	[INFO]	17      SUCCESS              *1205478 (99.99%) [1 edit(s)] 
2023-12-15 12:48:09,474	[DEBUG]	--- before: triangle.cpp
+++ after: triangle.cpp
@@ -17,10 +17,10 @@
     b = tmp;
   }
 
-  if(a > c) {
+  if(a > b) {
     tmp = a;
-    a = c;
-    c = tmp;
+    a = b;
+    b = tmp;
   }
 
   if(b > c) {

2023-12-15 12:48:10,431	[DEBUG]	EXEC>  SUCCESS 1325238
2023-12-15 12:48:10,432	[DEBUG]	DeclStmtInsertion(('triangle.cpp.xml', '_inter_block', 28), ('triangle.cpp.xml', 'decl_stmt', 0))
2023-12-15 12:48:10,433	[INFO]	18      SUCCESS               1325238 (109.93%) [1 edit(s)] 
2023-12-15 12:48:11,241	[DEBUG]	ReturnDeletion(('triangle.cpp.xml', 'return', 3))
2023-12-15 12:48:11,241	[INFO]	19      TEST_CODE_ERROR       None  [1 edit(s)]       
2023-12-15 12:48:12,013	[DEBUG]	ReturnDeletion(('triangle.cpp.xml', 'return', 3))
2023-12-15 12:48:12,013	[INFO]	20      TEST_CODE_ERROR       None  [1 edit(s)]       
2023-12-15 12:48:12,999	[DEBUG]	EXEC>  SUCCESS 1205550
2023-12-15 12:48:13,000	[DEBUG]	ReturnInsertion(('triangle.cpp.xml', '_inter_block', 13), ('triangle.cpp.xml', 'return', 2))
2023-12-15 12:48:13,000	[INFO]	21      SUCCESS              +1205550 (100.0%) [1 edit(s)] 
2023-12-15 12:48:13,002	[DEBUG]	--- before: triangle.cpp
+++ after: triangle.cpp
@@ -42,4 +42,5 @@
       return ISOSCELES;
     }/*auto*/
   return SCALENE;
+  return ISOSCELES;
 }

2023-12-15 12:48:13,152	[DEBUG]	IfReplacement(('triangle.cpp.xml', 'if', 1), ('triangle.cpp.xml', 'stmt', 13)) | DeclStmtReplacement(('triangle.cpp.xml', 'decl_stmt', 1), ('triangle.cpp.xml', 'stmt', 4))
2023-12-15 12:48:13,152	[INFO]	22      COMPILE_CODE_ERROR    None  [2 edit(s)]       
2023-12-15 12:48:13,154	[DEBUG]	IfReplacement(('triangle.cpp.xml', 'if', 1), ('triangle.cpp.xml', 'stmt', 13)) | ExprStmtReplacement(('triangle.cpp.xml', 'expr_stmt', 7), ('triangle.cpp.xml', 'stmt', 6))
2023-12-15 12:48:13,154	[INFO]	23      SUCCESS               1205478 (99.99%) [2 edit(s)] 
2023-12-15 12:48:13,920	[DEBUG]	IfReplacement(('triangle.cpp.xml', 'if', 1), ('triangle.cpp.xml', 'stmt', 13)) | ReturnDeletion(('triangle.cpp.xml', 'return', 3))
2023-12-15 12:48:13,920	[INFO]	24      TEST_CODE_ERROR       None  [2 edit(s)]       
2023-12-15 12:48:14,708	[DEBUG]	IfReplacement(('triangle.cpp.xml', 'if', 1), ('triangle.cpp.xml', 'stmt', 13)) | IfReplacement(('triangle.cpp.xml', 'if', 1), ('triangle.cpp.xml', 'stmt', 19))
2023-12-15 12:48:14,709	[INFO]	25      TEST_CODE_ERROR       None  [2 edit(s)]       
2023-12-15 12:48:15,504	[DEBUG]	IfReplacement(('triangle.cpp.xml', 'if', 1), ('triangle.cpp.xml', 'stmt', 13)) | ReturnDeletion(('triangle.cpp.xml', 'return', 0))
2023-12-15 12:48:15,504	[INFO]	26      TEST_CODE_ERROR       None  [2 edit(s)]       
2023-12-15 12:48:16,315	[DEBUG]	IfReplacement(('triangle.cpp.xml', 'if', 1), ('triangle.cpp.xml', 'stmt', 13)) | IfDeletion(('triangle.cpp.xml', 'if', 4))
2023-12-15 12:48:16,315	[INFO]	27      TEST_CODE_ERROR       None  [2 edit(s)]       
2023-12-15 12:48:17,271	[DEBUG]	EXEC>  SUCCESS 1205479
2023-12-15 12:48:17,271	[DEBUG]	IfReplacement(('triangle.cpp.xml', 'if', 1), ('triangle.cpp.xml', 'stmt', 13)) | ReturnInsertion(('triangle.cpp.xml', '_inter_block', 19), ('triangle.cpp.xml', 'return', 2))
2023-12-15 12:48:17,272	[INFO]	28      SUCCESS               1205479 (99.99%) [2 edit(s)] 
2023-12-15 12:48:17,423	[DEBUG]	IfReplacement(('triangle.cpp.xml', 'if', 1), ('triangle.cpp.xml', 'stmt', 13)) | DeclStmtInsertion(('triangle.cpp.xml', '_inter_block', 13), ('triangle.cpp.xml', 'decl_stmt', 1))
2023-12-15 12:48:17,423	[INFO]	29      COMPILE_CODE_ERROR    None  [2 edit(s)]       
2023-12-15 12:48:18,367	[DEBUG]	EXEC>  SUCCESS 1205604
2023-12-15 12:48:18,368	[DEBUG]	IfReplacement(('triangle.cpp.xml', 'if', 1), ('triangle.cpp.xml', 'stmt', 13)) | ExprStmtInsertion(('triangle.cpp.xml', '_inter_block', 8), ('triangle.cpp.xml', 'expr_stmt', 2))
2023-12-15 12:48:18,368	[INFO]	30      SUCCESS               1205604 (100.0%) [2 edit(s)] 
2023-12-15 12:48:19,137	[DEBUG]	IfReplacement(('triangle.cpp.xml', 'if', 1), ('triangle.cpp.xml', 'stmt', 13)) | ExprStmtDeletion(('triangle.cpp.xml', 'expr_stmt', 10))
2023-12-15 12:48:19,138	[INFO]	31      TEST_CODE_ERROR       None  [2 edit(s)]       
2023-12-15 12:48:19,923	[DEBUG]	IfReplacement(('triangle.cpp.xml', 'if', 1), ('triangle.cpp.xml', 'stmt', 13)) | ExprStmtReplacement(('triangle.cpp.xml', 'expr_stmt', 2), ('triangle.cpp.xml', 'stmt', 11))
2023-12-15 12:48:19,923	[INFO]	32      TEST_CODE_ERROR       None  [2 edit(s)]       
2023-12-15 12:48:20,730	[DEBUG]	IfReplacement(('triangle.cpp.xml', 'if', 1), ('triangle.cpp.xml', 'stmt', 13)) | ReturnReplacement(('triangle.cpp.xml', 'return', 1), ('triangle.cpp.xml', 'stmt', 21))
2023-12-15 12:48:20,730	[INFO]	33      TEST_CODE_ERROR       None  [2 edit(s)]       
2023-12-15 12:48:20,871	[DEBUG]	IfReplacement(('triangle.cpp.xml', 'if', 1), ('triangle.cpp.xml', 'stmt', 13)) | DeclStmtReplacement(('triangle.cpp.xml', 'decl_stmt', 1), ('triangle.cpp.xml', 'stmt', 15))
2023-12-15 12:48:20,872	[INFO]	34      COMPILE_CODE_ERROR    None  [2 edit(s)]       
2023-12-15 12:48:21,651	[DEBUG]	IfReplacement(('triangle.cpp.xml', 'if', 1), ('triangle.cpp.xml', 'stmt', 13)) | ExprStmtReplacement(('triangle.cpp.xml', 'expr_stmt', 9), ('triangle.cpp.xml', 'stmt', 8))
2023-12-15 12:48:21,651	[INFO]	35      TEST_CODE_ERROR       None  [2 edit(s)]       
2023-12-15 12:48:22,428	[DEBUG]	IfReplacement(('triangle.cpp.xml', 'if', 1), ('triangle.cpp.xml', 'stmt', 13)) | ReturnInsertion(('triangle.cpp.xml', '_inter_block', 5), ('triangle.cpp.xml', 'return', 3))
2023-12-15 12:48:22,428	[INFO]	36      TEST_CODE_ERROR       None  [2 edit(s)]       
2023-12-15 12:48:23,396	[DEBUG]	EXEC>  SUCCESS 1354250
2023-12-15 12:48:23,397	[DEBUG]	IfReplacement(('triangle.cpp.xml', 'if', 1), ('triangle.cpp.xml', 'stmt', 13)) | IfInsertion(('triangle.cpp.xml', '_inter_block', 20), ('triangle.cpp.xml', 'if', 1))
2023-12-15 12:48:23,398	[INFO]	37      SUCCESS               1354250 (112.33%) [2 edit(s)] 
2023-12-15 12:48:24,344	[DEBUG]	EXEC>  SUCCESS 1205567
2023-12-15 12:48:24,345	[DEBUG]	IfReplacement(('triangle.cpp.xml', 'if', 1), ('triangle.cpp.xml', 'stmt', 13)) | IfReplacement(('triangle.cpp.xml', 'if', 0), ('triangle.cpp.xml', 'stmt', 15))
2023-12-15 12:48:24,346	[INFO]	38      SUCCESS               1205567 (100.0%) [2 edit(s)] 
2023-12-15 12:48:24,485	[DEBUG]	IfReplacement(('triangle.cpp.xml', 'if', 1), ('triangle.cpp.xml', 'stmt', 13)) | DeclStmtDeletion(('triangle.cpp.xml', 'decl_stmt', 1))
2023-12-15 12:48:24,485	[INFO]	39      COMPILE_CODE_ERROR    None  [2 edit(s)]       
2023-12-15 12:48:25,476	[DEBUG]	EXEC>  SUCCESS 1477986
2023-12-15 12:48:25,476	[DEBUG]	IfReplacement(('triangle.cpp.xml', 'if', 1), ('triangle.cpp.xml', 'stmt', 13)) | ReturnReplacement(('triangle.cpp.xml', 'return', 2), ('triangle.cpp.xml', 'stmt', 18))
2023-12-15 12:48:25,477	[INFO]	40      SUCCESS               1477986 (122.6%) [2 edit(s)] 
2023-12-15 12:48:26,269	[DEBUG]	IfReplacement(('triangle.cpp.xml', 'if', 1), ('triangle.cpp.xml', 'stmt', 13)) | ExprStmtReplacement(('triangle.cpp.xml', 'expr_stmt', 3), ('triangle.cpp.xml', 'stmt', 17))
2023-12-15 12:48:26,270	[INFO]	41      TEST_CODE_ERROR       None  [2 edit(s)]       
2023-12-15 12:48:27,080	[DEBUG]	IfReplacement(('triangle.cpp.xml', 'if', 1), ('triangle.cpp.xml', 'stmt', 13)) | ReturnDeletion(('triangle.cpp.xml', 'return', 0))
2023-12-15 12:48:27,081	[INFO]	42      TEST_CODE_ERROR      +None  [2 edit(s)]       
2023-12-15 12:48:27,082	[DEBUG]	--- before: triangle.cpp
+++ after: triangle.cpp
@@ -17,10 +17,10 @@
     b = tmp;
   }
 
-  if(a > c) {
+  if(a > b) {
     tmp = a;
-    a = c;
-    c = tmp;
+    a = b;
+    b = tmp;
   }
 
   if(b > c) {
@@ -31,7 +31,7 @@
 
   if(a + b <= c)
     /*auto*/{
-      return INVALID;
+      
     }/*auto*/
   if(a == b && b == c)
     /*auto*/{

2023-12-15 12:48:28,057	[DEBUG]	EXEC>  SUCCESS 1523095
2023-12-15 12:48:28,058	[DEBUG]	IfReplacement(('triangle.cpp.xml', 'if', 1), ('triangle.cpp.xml', 'stmt', 13)) | ExprStmtReplacement(('triangle.cpp.xml', 'expr_stmt', 7), ('triangle.cpp.xml', 'stmt', 6)) | IfInsertion(('triangle.cpp.xml', '_inter_block', 27), ('triangle.cpp.xml', 'if', 4))
2023-12-15 12:48:28,059	[INFO]	43      SUCCESS               1523095 (126.34%) [3 edit(s)] 
2023-12-15 12:48:28,977	[DEBUG]	EXEC>  SUCCESS 1205478
2023-12-15 12:48:28,978	[DEBUG]	IfReplacement(('triangle.cpp.xml', 'if', 1), ('triangle.cpp.xml', 'stmt', 13)) | ExprStmtReplacement(('triangle.cpp.xml', 'expr_stmt', 7), ('triangle.cpp.xml', 'stmt', 6)) | ReturnInsertion(('triangle.cpp.xml', '_inter_block', 19), ('triangle.cpp.xml', 'return', 0))
2023-12-15 12:48:28,978	[INFO]	44      SUCCESS               1205478 (99.99%) [3 edit(s)] 
2023-12-15 12:48:29,970	[DEBUG]	EXEC>  SUCCESS 1205649
2023-12-15 12:48:29,970	[DEBUG]	IfReplacement(('triangle.cpp.xml', 'if', 1), ('triangle.cpp.xml', 'stmt', 13)) | ExprStmtReplacement(('triangle.cpp.xml', 'expr_stmt', 7), ('triangle.cpp.xml', 'stmt', 6)) | IfInsertion(('triangle.cpp.xml', '_inter_block', 15), ('triangle.cpp.xml', 'if', 5))
2023-12-15 12:48:29,971	[INFO]	45      SUCCESS               1205649 (100.01%) [3 edit(s)] 
2023-12-15 12:48:30,739	[DEBUG]	IfReplacement(('triangle.cpp.xml', 'if', 1), ('triangle.cpp.xml', 'stmt', 13)) | ExprStmtReplacement(('triangle.cpp.xml', 'expr_stmt', 7), ('triangle.cpp.xml', 'stmt', 6)) | ReturnDeletion(('triangle.cpp.xml', 'return', 1))
2023-12-15 12:48:30,739	[INFO]	46      TEST_CODE_ERROR       None  [3 edit(s)]       
2023-12-15 12:48:31,698	[DEBUG]	EXEC>  SUCCESS 1205479
2023-12-15 12:48:31,699	[DEBUG]	IfReplacement(('triangle.cpp.xml', 'if', 1), ('triangle.cpp.xml', 'stmt', 13)) | ExprStmtReplacement(('triangle.cpp.xml', 'expr_stmt', 7), ('triangle.cpp.xml', 'stmt', 6)) | ExprStmtInsertion(('triangle.cpp.xml', '_inter_block', 18), ('triangle.cpp.xml', 'expr_stmt', 9))
2023-12-15 12:48:31,699	[INFO]	47      SUCCESS               1205479 (99.99%) [3 edit(s)] 
2023-12-15 12:48:32,727	[DEBUG]	EXEC>  SUCCESS 1205478
2023-12-15 12:48:32,728	[DEBUG]	IfReplacement(('triangle.cpp.xml', 'if', 1), ('triangle.cpp.xml', 'stmt', 13)) | ExprStmtReplacement(('triangle.cpp.xml', 'expr_stmt', 7), ('triangle.cpp.xml', 'stmt', 6)) | ExprStmtDeletion(('triangle.cpp.xml', 'expr_stmt', 6))
2023-12-15 12:48:32,729	[INFO]	48      SUCCESS               1205478 (99.99%) [3 edit(s)] 
2023-12-15 12:48:33,691	[DEBUG]	EXEC>  SUCCESS 1205478
2023-12-15 12:48:33,691	[DEBUG]	IfReplacement(('triangle.cpp.xml', 'if', 1), ('triangle.cpp.xml', 'stmt', 13)) | ExprStmtReplacement(('triangle.cpp.xml', 'expr_stmt', 7), ('triangle.cpp.xml', 'stmt', 6)) | DeclStmtInsertion(('triangle.cpp.xml', '_inter_block', 31), ('triangle.cpp.xml', 'decl_stmt', 0))
2023-12-15 12:48:33,692	[INFO]	49      SUCCESS               1205478 (99.99%) [3 edit(s)] 
2023-12-15 12:48:33,694	[DEBUG]	IfReplacement(('triangle.cpp.xml', 'if', 1), ('triangle.cpp.xml', 'stmt', 13)) | ExprStmtReplacement(('triangle.cpp.xml', 'expr_stmt', 7), ('triangle.cpp.xml', 'stmt', 6)) | DeclStmtReplacement(('triangle.cpp.xml', 'decl_stmt', 1), ('triangle.cpp.xml', 'stmt', 1))
2023-12-15 12:48:33,695	[INFO]	50      SUCCESS               1205478 (99.99%) [3 edit(s)] 
2023-12-15 12:48:34,488	[DEBUG]	IfReplacement(('triangle.cpp.xml', 'if', 1), ('triangle.cpp.xml', 'stmt', 13)) | ExprStmtReplacement(('triangle.cpp.xml', 'expr_stmt', 7), ('triangle.cpp.xml', 'stmt', 6)) | ReturnInsertion(('triangle.cpp.xml', '_inter_block', 25), ('triangle.cpp.xml', 'return', 3))
2023-12-15 12:48:34,489	[INFO]	51      TEST_CODE_ERROR       None  [3 edit(s)]       
2023-12-15 12:48:34,643	[DEBUG]	IfReplacement(('triangle.cpp.xml', 'if', 1), ('triangle.cpp.xml', 'stmt', 13)) | ExprStmtReplacement(('triangle.cpp.xml', 'expr_stmt', 7), ('triangle.cpp.xml', 'stmt', 6)) | ExprStmtReplacement(('triangle.cpp.xml', 'expr_stmt', 0), ('triangle.cpp.xml', 'stmt', 12))
2023-12-15 12:48:34,644	[INFO]	52      COMPILE_CODE_ERROR    None  [3 edit(s)]       
2023-12-15 12:48:35,401	[DEBUG]	IfReplacement(('triangle.cpp.xml', 'if', 1), ('triangle.cpp.xml', 'stmt', 13)) | ExprStmtReplacement(('triangle.cpp.xml', 'expr_stmt', 7), ('triangle.cpp.xml', 'stmt', 6)) | ReturnReplacement(('triangle.cpp.xml', 'return', 0), ('triangle.cpp.xml', 'stmt', 20))
2023-12-15 12:48:35,402	[INFO]	53      TEST_CODE_ERROR       None  [3 edit(s)]       
2023-12-15 12:48:36,383	[DEBUG]	EXEC>  SUCCESS 1205478
2023-12-15 12:48:36,383	[DEBUG]	IfReplacement(('triangle.cpp.xml', 'if', 1), ('triangle.cpp.xml', 'stmt', 13)) | ExprStmtReplacement(('triangle.cpp.xml', 'expr_stmt', 7), ('triangle.cpp.xml', 'stmt', 6)) | ExprStmtInsertion(('triangle.cpp.xml', '_inter_block', 20), ('triangle.cpp.xml', 'expr_stmt', 6))
2023-12-15 12:48:36,384	[INFO]	54      SUCCESS               1205478 (99.99%) [3 edit(s)] 
2023-12-15 12:48:37,177	[DEBUG]	IfReplacement(('triangle.cpp.xml', 'if', 1), ('triangle.cpp.xml', 'stmt', 13)) | ExprStmtReplacement(('triangle.cpp.xml', 'expr_stmt', 7), ('triangle.cpp.xml', 'stmt', 6)) | ReturnReplacement(('triangle.cpp.xml', 'return', 0), ('triangle.cpp.xml', 'stmt', 11))
2023-12-15 12:48:37,178	[INFO]	55      TEST_CODE_ERROR       None  [3 edit(s)]       
2023-12-15 12:48:38,118	[DEBUG]	EXEC>  SUCCESS 1205479
2023-12-15 12:48:38,118	[DEBUG]	IfReplacement(('triangle.cpp.xml', 'if', 1), ('triangle.cpp.xml', 'stmt', 13)) | ExprStmtReplacement(('triangle.cpp.xml', 'expr_stmt', 7), ('triangle.cpp.xml', 'stmt', 6)) | IfInsertion(('triangle.cpp.xml', '_inter_block', 29), ('triangle.cpp.xml', 'if', 1))
2023-12-15 12:48:38,119	[INFO]	56      SUCCESS               1205479 (99.99%) [3 edit(s)] 
2023-12-15 12:48:38,907	[DEBUG]	IfReplacement(('triangle.cpp.xml', 'if', 1), ('triangle.cpp.xml', 'stmt', 13)) | ExprStmtReplacement(('triangle.cpp.xml', 'expr_stmt', 7), ('triangle.cpp.xml', 'stmt', 6)) | ExprStmtDeletion(('triangle.cpp.xml', 'expr_stmt', 9))
2023-12-15 12:48:38,908	[INFO]	57      TEST_CODE_ERROR       None  [3 edit(s)]       
2023-12-15 12:48:39,059	[DEBUG]	IfReplacement(('triangle.cpp.xml', 'if', 1), ('triangle.cpp.xml', 'stmt', 13)) | ExprStmtReplacement(('triangle.cpp.xml', 'expr_stmt', 7), ('triangle.cpp.xml', 'stmt', 6)) | DeclStmtDeletion(('triangle.cpp.xml', 'decl_stmt', 1))
2023-12-15 12:48:39,059	[INFO]	58      COMPILE_CODE_ERROR    None  [3 edit(s)]       
2023-12-15 12:48:40,018	[DEBUG]	EXEC>  SUCCESS 1205478
2023-12-15 12:48:40,019	[DEBUG]	IfReplacement(('triangle.cpp.xml', 'if', 1), ('triangle.cpp.xml', 'stmt', 13)) | ExprStmtReplacement(('triangle.cpp.xml', 'expr_stmt', 7), ('triangle.cpp.xml', 'stmt', 6)) | DeclStmtInsertion(('triangle.cpp.xml', '_inter_block', 28), ('triangle.cpp.xml', 'decl_stmt', 1))
2023-12-15 12:48:40,019	[INFO]	59      SUCCESS               1205478 (99.99%) [3 edit(s)] 
2023-12-15 12:48:41,017	[DEBUG]	EXEC>  SUCCESS 1205478
2023-12-15 12:48:41,017	[DEBUG]	IfReplacement(('triangle.cpp.xml', 'if', 1), ('triangle.cpp.xml', 'stmt', 13)) | ExprStmtReplacement(('triangle.cpp.xml', 'expr_stmt', 7), ('triangle.cpp.xml', 'stmt', 6)) | ExprStmtInsertion(('triangle.cpp.xml', '_inter_block', 27), ('triangle.cpp.xml', 'expr_stmt', 6))
2023-12-15 12:48:41,017	[INFO]	60      SUCCESS               1205478 (99.99%) [3 edit(s)] 
2023-12-15 12:48:41,798	[DEBUG]	IfReplacement(('triangle.cpp.xml', 'if', 1), ('triangle.cpp.xml', 'stmt', 13)) | ExprStmtReplacement(('triangle.cpp.xml', 'expr_stmt', 7), ('triangle.cpp.xml', 'stmt', 6)) | ReturnDeletion(('triangle.cpp.xml', 'return', 2))
2023-12-15 12:48:41,799	[INFO]	61      TEST_CODE_ERROR       None  [3 edit(s)]       
2023-12-15 12:48:41,947	[DEBUG]	IfReplacement(('triangle.cpp.xml', 'if', 1), ('triangle.cpp.xml', 'stmt', 13)) | ExprStmtReplacement(('triangle.cpp.xml', 'expr_stmt', 7), ('triangle.cpp.xml', 'stmt', 6)) | DeclStmtReplacement(('triangle.cpp.xml', 'decl_stmt', 1), ('triangle.cpp.xml', 'stmt', 0))
2023-12-15 12:48:41,947	[INFO]	62      COMPILE_CODE_ERROR    None  [3 edit(s)]       
2023-12-15 12:48:42,739	[DEBUG]	IfReplacement(('triangle.cpp.xml', 'if', 1), ('triangle.cpp.xml', 'stmt', 13)) | ExprStmtReplacement(('triangle.cpp.xml', 'expr_stmt', 7), ('triangle.cpp.xml', 'stmt', 6)) | ExprStmtDeletion(('triangle.cpp.xml', 'expr_stmt', 4))
2023-12-15 12:48:42,739	[INFO]	63      TEST_CODE_ERROR      +None  [3 edit(s)]       
2023-12-15 12:48:42,741	[DEBUG]	--- before: triangle.cpp
+++ after: triangle.cpp
@@ -14,13 +14,13 @@
   if(a > b) {
     tmp = a;
     a = b;
-    b = tmp;
+    
   }
 
-  if(a > c) {
+  if(a > b) {
     tmp = a;
-    a = c;
-    c = tmp;
+    a = b;
+    b = tmp;
   }
 
   if(b > c) {

2023-12-15 12:48:42,888	[DEBUG]	IfReplacement(('triangle.cpp.xml', 'if', 1), ('triangle.cpp.xml', 'stmt', 13)) | ExprStmtReplacement(('triangle.cpp.xml', 'expr_stmt', 7), ('triangle.cpp.xml', 'stmt', 6)) | ExprStmtInsertion(('triangle.cpp.xml', '_inter_block', 27), ('triangle.cpp.xml', 'expr_stmt', 6)) | DeclStmtDeletion(('triangle.cpp.xml', 'decl_stmt', 1))
2023-12-15 12:48:42,888	[INFO]	64      COMPILE_CODE_ERROR    None  [4 edit(s)]       
2023-12-15 12:48:43,664	[DEBUG]	IfReplacement(('triangle.cpp.xml', 'if', 1), ('triangle.cpp.xml', 'stmt', 13)) | ExprStmtReplacement(('triangle.cpp.xml', 'expr_stmt', 7), ('triangle.cpp.xml', 'stmt', 6)) | ExprStmtInsertion(('triangle.cpp.xml', '_inter_block', 27), ('triangle.cpp.xml', 'expr_stmt', 6)) | IfInsertion(('triangle.cpp.xml', '_inter_block', 26), ('triangle.cpp.xml', 'if', 5))
2023-12-15 12:48:43,664	[INFO]	65      TEST_CODE_ERROR       None  [4 edit(s)]       
2023-12-15 12:48:43,804	[DEBUG]	IfReplacement(('triangle.cpp.xml', 'if', 1), ('triangle.cpp.xml', 'stmt', 13)) | ExprStmtReplacement(('triangle.cpp.xml', 'expr_stmt', 7), ('triangle.cpp.xml', 'stmt', 6)) | ExprStmtInsertion(('triangle.cpp.xml', '_inter_block', 27), ('triangle.cpp.xml', 'expr_stmt', 6)) | ExprStmtReplacement(('triangle.cpp.xml', 'expr_stmt', 0), ('triangle.cpp.xml', 'stmt', 11))
2023-12-15 12:48:43,804	[INFO]	66      COMPILE_CODE_ERROR    None  [4 edit(s)]       
2023-12-15 12:48:43,930	[DEBUG]	IfReplacement(('triangle.cpp.xml', 'if', 1), ('triangle.cpp.xml', 'stmt', 13)) | ExprStmtReplacement(('triangle.cpp.xml', 'expr_stmt', 7), ('triangle.cpp.xml', 'stmt', 6)) | ExprStmtInsertion(('triangle.cpp.xml', '_inter_block', 27), ('triangle.cpp.xml', 'expr_stmt', 6)) | DeclStmtReplacement(('triangle.cpp.xml', 'decl_stmt', 0), ('triangle.cpp.xml', 'stmt', 13))
2023-12-15 12:48:43,931	[INFO]	67      COMPILE_CODE_ERROR    None  [4 edit(s)]       
2023-12-15 12:48:44,056	[DEBUG]	IfReplacement(('triangle.cpp.xml', 'if', 1), ('triangle.cpp.xml', 'stmt', 13)) | ExprStmtReplacement(('triangle.cpp.xml', 'expr_stmt', 7), ('triangle.cpp.xml', 'stmt', 6)) | ExprStmtInsertion(('triangle.cpp.xml', '_inter_block', 27), ('triangle.cpp.xml', 'expr_stmt', 6)) | DeclStmtReplacement(('triangle.cpp.xml', 'decl_stmt', 0), ('triangle.cpp.xml', 'stmt', 11))
2023-12-15 12:48:44,057	[INFO]	68      COMPILE_CODE_ERROR    None  [4 edit(s)]       
2023-12-15 12:48:44,197	[DEBUG]	IfReplacement(('triangle.cpp.xml', 'if', 1), ('triangle.cpp.xml', 'stmt', 13)) | ExprStmtReplacement(('triangle.cpp.xml', 'expr_stmt', 7), ('triangle.cpp.xml', 'stmt', 6)) | ExprStmtInsertion(('triangle.cpp.xml', '_inter_block', 27), ('triangle.cpp.xml', 'expr_stmt', 6)) | ExprStmtReplacement(('triangle.cpp.xml', 'expr_stmt', 0), ('triangle.cpp.xml', 'stmt', 4))
2023-12-15 12:48:44,198	[INFO]	69      COMPILE_CODE_ERROR    None  [4 edit(s)]       
2023-12-15 12:48:44,999	[DEBUG]	IfReplacement(('triangle.cpp.xml', 'if', 1), ('triangle.cpp.xml', 'stmt', 13)) | ExprStmtReplacement(('triangle.cpp.xml', 'expr_stmt', 7), ('triangle.cpp.xml', 'stmt', 6)) | ExprStmtInsertion(('triangle.cpp.xml', '_inter_block', 27), ('triangle.cpp.xml', 'expr_stmt', 6)) | IfDeletion(('triangle.cpp.xml', 'if', 4))
2023-12-15 12:48:44,999	[INFO]	70      TEST_CODE_ERROR       None  [4 edit(s)]       
2023-12-15 12:48:45,807	[DEBUG]	IfReplacement(('triangle.cpp.xml', 'if', 1), ('triangle.cpp.xml', 'stmt', 13)) | ExprStmtReplacement(('triangle.cpp.xml', 'expr_stmt', 7), ('triangle.cpp.xml', 'stmt', 6)) | ExprStmtInsertion(('triangle.cpp.xml', '_inter_block', 27), ('triangle.cpp.xml', 'expr_stmt', 6)) | ReturnDeletion(('triangle.cpp.xml', 'return', 0))
2023-12-15 12:48:45,807	[INFO]	71      TEST_CODE_ERROR       None  [4 edit(s)]       
2023-12-15 12:48:46,581	[DEBUG]	IfReplacement(('triangle.cpp.xml', 'if', 1), ('triangle.cpp.xml', 'stmt', 13)) | ExprStmtReplacement(('triangle.cpp.xml', 'expr_stmt', 7), ('triangle.cpp.xml', 'stmt', 6)) | ExprStmtInsertion(('triangle.cpp.xml', '_inter_block', 27), ('triangle.cpp.xml', 'expr_stmt', 6)) | ExprStmtDeletion(('triangle.cpp.xml', 'expr_stmt', 3))
2023-12-15 12:48:46,582	[INFO]	72      TEST_CODE_ERROR       None  [4 edit(s)]       
2023-12-15 12:48:47,398	[DEBUG]	IfReplacement(('triangle.cpp.xml', 'if', 1), ('triangle.cpp.xml', 'stmt', 13)) | ExprStmtReplacement(('triangle.cpp.xml', 'expr_stmt', 7), ('triangle.cpp.xml', 'stmt', 6)) | ExprStmtInsertion(('triangle.cpp.xml', '_inter_block', 27), ('triangle.cpp.xml', 'expr_stmt', 6)) | IfDeletion(('triangle.cpp.xml', 'if', 2))
2023-12-15 12:48:47,399	[INFO]	73      TEST_CODE_ERROR       None  [4 edit(s)]       
2023-12-15 12:48:47,536	[DEBUG]	IfReplacement(('triangle.cpp.xml', 'if', 1), ('triangle.cpp.xml', 'stmt', 13)) | ExprStmtReplacement(('triangle.cpp.xml', 'expr_stmt', 7), ('triangle.cpp.xml', 'stmt', 6)) | ExprStmtInsertion(('triangle.cpp.xml', '_inter_block', 27), ('triangle.cpp.xml', 'expr_stmt', 6)) | DeclStmtInsertion(('triangle.cpp.xml', '_inter_block', 7), ('triangle.cpp.xml', 'decl_stmt', 1))
2023-12-15 12:48:47,536	[INFO]	74      COMPILE_CODE_ERROR    None  [4 edit(s)]       
2023-12-15 12:48:48,472	[DEBUG]	EXEC>  SUCCESS 1205479
2023-12-15 12:48:48,473	[DEBUG]	IfReplacement(('triangle.cpp.xml', 'if', 1), ('triangle.cpp.xml', 'stmt', 13)) | ExprStmtReplacement(('triangle.cpp.xml', 'expr_stmt', 7), ('triangle.cpp.xml', 'stmt', 6)) | ExprStmtInsertion(('triangle.cpp.xml', '_inter_block', 27), ('triangle.cpp.xml', 'expr_stmt', 6)) | DeclStmtInsertion(('triangle.cpp.xml', '_inter_block', 21), ('triangle.cpp.xml', 'decl_stmt', 1))
2023-12-15 12:48:48,474	[INFO]	75      SUCCESS               1205479 (99.99%) [4 edit(s)] 
2023-12-15 12:48:49,391	[DEBUG]	EXEC>  SUCCESS 1203574
2023-12-15 12:48:49,392	[DEBUG]	IfReplacement(('triangle.cpp.xml', 'if', 1), ('triangle.cpp.xml', 'stmt', 13)) | ExprStmtReplacement(('triangle.cpp.xml', 'expr_stmt', 7), ('triangle.cpp.xml', 'stmt', 6)) | ExprStmtInsertion(('triangle.cpp.xml', '_inter_block', 27), ('triangle.cpp.xml', 'expr_stmt', 6)) | ExprStmtDeletion(('triangle.cpp.xml', 'expr_stmt', 0))
2023-12-15 12:48:49,392	[INFO]	76      SUCCESS              *1203574 (99.84%) [4 edit(s)] 
2023-12-15 12:48:49,394	[DEBUG]	--- before: triangle.cpp
+++ after: triangle.cpp
@@ -2,7 +2,7 @@
 
 void delay() {
   const struct timespec ms = {0, (long int) (0.001*1e9)}; //tv_sec=0, tv_nsec (0.001 seconds)
-  nanosleep(&ms,NULL); /*ignores possible errors*/
+   /*ignores possible errors*/
 }
 
 int classify_triangle(double a, double b, double c) {
@@ -17,10 +17,10 @@
     b = tmp;
   }
 
-  if(a > c) {
+  if(a > b) {
     tmp = a;
-    a = c;
-    c = tmp;
+    a = b;
+    b = tmp;
   }
 
   if(b > c) {
@@ -32,6 +32,7 @@
   if(a + b <= c)
     /*auto*/{
       return INVALID;
+      a = c;
     }/*auto*/
   if(a == b && b == c)
     /*auto*/{

2023-12-15 12:48:49,527	[DEBUG]	IfReplacement(('triangle.cpp.xml', 'if', 1), ('triangle.cpp.xml', 'stmt', 13)) | ExprStmtReplacement(('triangle.cpp.xml', 'expr_stmt', 7), ('triangle.cpp.xml', 'stmt', 6)) | ExprStmtInsertion(('triangle.cpp.xml', '_inter_block', 27), ('triangle.cpp.xml', 'expr_stmt', 6)) | DeclStmtDeletion(('triangle.cpp.xml', 'decl_stmt', 1))
2023-12-15 12:48:49,528	[INFO]	77      COMPILE_CODE_ERROR    None  [4 edit(s)]       
2023-12-15 12:48:50,274	[DEBUG]	IfReplacement(('triangle.cpp.xml', 'if', 1), ('triangle.cpp.xml', 'stmt', 13)) | ExprStmtReplacement(('triangle.cpp.xml', 'expr_stmt', 7), ('triangle.cpp.xml', 'stmt', 6)) | ExprStmtInsertion(('triangle.cpp.xml', '_inter_block', 27), ('triangle.cpp.xml', 'expr_stmt', 6)) | ReturnDeletion(('triangle.cpp.xml', 'return', 1))
2023-12-15 12:48:50,275	[INFO]	78      TEST_CODE_ERROR       None  [4 edit(s)]       
2023-12-15 12:48:51,281	[DEBUG]	EXEC>  SUCCESS 1205477
2023-12-15 12:48:51,282	[DEBUG]	IfReplacement(('triangle.cpp.xml', 'if', 1), ('triangle.cpp.xml', 'stmt', 13)) | ExprStmtReplacement(('triangle.cpp.xml', 'expr_stmt', 7), ('triangle.cpp.xml', 'stmt', 6)) | ExprStmtInsertion(('triangle.cpp.xml', '_inter_block', 27), ('triangle.cpp.xml', 'expr_stmt', 6)) | DeclStmtInsertion(('triangle.cpp.xml', '_inter_block', 19), ('triangle.cpp.xml', 'decl_stmt', 0))
2023-12-15 12:48:51,283	[INFO]	79      SUCCESS               1205477 (99.99%) [4 edit(s)] 
2023-12-15 12:48:52,080	[DEBUG]	IfReplacement(('triangle.cpp.xml', 'if', 1), ('triangle.cpp.xml', 'stmt', 13)) | ExprStmtReplacement(('triangle.cpp.xml', 'expr_stmt', 7), ('triangle.cpp.xml', 'stmt', 6)) | ExprStmtInsertion(('triangle.cpp.xml', '_inter_block', 27), ('triangle.cpp.xml', 'expr_stmt', 6)) | ReturnInsertion(('triangle.cpp.xml', '_inter_block', 24), ('triangle.cpp.xml', 'return', 2))
2023-12-15 12:48:52,080	[INFO]	80      TEST_CODE_ERROR       None  [4 edit(s)]       
2023-12-15 12:48:53,051	[DEBUG]	EXEC>  SUCCESS 2013645
2023-12-15 12:48:53,052	[DEBUG]	IfReplacement(('triangle.cpp.xml', 'if', 1), ('triangle.cpp.xml', 'stmt', 13)) | ExprStmtReplacement(('triangle.cpp.xml', 'expr_stmt', 7), ('triangle.cpp.xml', 'stmt', 6)) | ExprStmtInsertion(('triangle.cpp.xml', '_inter_block', 27), ('triangle.cpp.xml', 'expr_stmt', 6)) | IfInsertion(('triangle.cpp.xml', '_inter_block', 17), ('triangle.cpp.xml', 'if', 0))
2023-12-15 12:48:53,052	[INFO]	81      SUCCESS               2013645 (167.03%) [4 edit(s)] 
2023-12-15 12:48:53,211	[DEBUG]	IfReplacement(('triangle.cpp.xml', 'if', 1), ('triangle.cpp.xml', 'stmt', 13)) | ExprStmtReplacement(('triangle.cpp.xml', 'expr_stmt', 7), ('triangle.cpp.xml', 'stmt', 6)) | ExprStmtInsertion(('triangle.cpp.xml', '_inter_block', 27), ('triangle.cpp.xml', 'expr_stmt', 6)) | DeclStmtDeletion(('triangle.cpp.xml', 'decl_stmt', 0))
2023-12-15 12:48:53,211	[INFO]	82      COMPILE_CODE_ERROR    None  [4 edit(s)]       
2023-12-15 12:48:53,345	[DEBUG]	IfReplacement(('triangle.cpp.xml', 'if', 1), ('triangle.cpp.xml', 'stmt', 13)) | ExprStmtReplacement(('triangle.cpp.xml', 'expr_stmt', 7), ('triangle.cpp.xml', 'stmt', 6)) | ExprStmtInsertion(('triangle.cpp.xml', '_inter_block', 27), ('triangle.cpp.xml', 'expr_stmt', 6)) | DeclStmtDeletion(('triangle.cpp.xml', 'decl_stmt', 0))
2023-12-15 12:48:53,345	[INFO]	83      COMPILE_CODE_ERROR    None  [4 edit(s)]       
2023-12-15 12:48:54,290	[DEBUG]	EXEC>  SUCCESS 1205479
2023-12-15 12:48:54,290	[DEBUG]	IfReplacement(('triangle.cpp.xml', 'if', 1), ('triangle.cpp.xml', 'stmt', 13)) | ExprStmtReplacement(('triangle.cpp.xml', 'expr_stmt', 7), ('triangle.cpp.xml', 'stmt', 6)) | ExprStmtInsertion(('triangle.cpp.xml', '_inter_block', 27), ('triangle.cpp.xml', 'expr_stmt', 6)) | DeclStmtInsertion(('triangle.cpp.xml', '_inter_block', 29), ('triangle.cpp.xml', 'decl_stmt', 1))
2023-12-15 12:48:54,291	[INFO]	84      SUCCESS              +1205479 (99.99%) [4 edit(s)] 
2023-12-15 12:48:54,294	[DEBUG]	--- before: triangle.cpp
+++ after: triangle.cpp
@@ -17,10 +17,10 @@
     b = tmp;
   }
 
-  if(a > c) {
+  if(a > b) {
     tmp = a;
-    a = c;
-    c = tmp;
+    a = b;
+    b = tmp;
   }
 
   if(b > c) {
@@ -32,10 +32,12 @@
   if(a + b <= c)
     /*auto*/{
       return INVALID;
+      a = c;
     }/*auto*/
   if(a == b && b == c)
     /*auto*/{
       return EQUILATERAL;
+      double tmp;
     }/*auto*/
   if(a == b || b == c)
     /*auto*/{

2023-12-15 12:48:55,147	[DEBUG]	EXEC>  SUCCESS 1203572
2023-12-15 12:48:55,148	[DEBUG]	IfReplacement(('triangle.cpp.xml', 'if', 1), ('triangle.cpp.xml', 'stmt', 13)) | ExprStmtReplacement(('triangle.cpp.xml', 'expr_stmt', 7), ('triangle.cpp.xml', 'stmt', 6)) | ExprStmtInsertion(('triangle.cpp.xml', '_inter_block', 27), ('triangle.cpp.xml', 'expr_stmt', 6)) | ExprStmtDeletion(('triangle.cpp.xml', 'expr_stmt', 0)) | DeclStmtInsertion(('triangle.cpp.xml', '_inter_block', 0), ('triangle.cpp.xml', 'decl_stmt', 1))
2023-12-15 12:48:55,148	[INFO]	85      SUCCESS              *1203572 (99.84%) [5 edit(s)] 
2023-12-15 12:48:55,151	[DEBUG]	--- before: triangle.cpp
+++ after: triangle.cpp
@@ -1,8 +1,9 @@
 #include "triangle.hpp"
 
 void delay() {
+  double tmp;
   const struct timespec ms = {0, (long int) (0.001*1e9)}; //tv_sec=0, tv_nsec (0.001 seconds)
-  nanosleep(&ms,NULL); /*ignores possible errors*/
+   /*ignores possible errors*/
 }
 
 int classify_triangle(double a, double b, double c) {
@@ -17,10 +18,10 @@
     b = tmp;
   }
 
-  if(a > c) {
+  if(a > b) {
     tmp = a;
-    a = c;
-    c = tmp;
+    a = b;
+    b = tmp;
   }
 
   if(b > c) {
@@ -32,6 +33,7 @@
   if(a + b <= c)
     /*auto*/{
       return INVALID;
+      a = c;
     }/*auto*/
   if(a == b && b == c)
     /*auto*/{

2023-12-15 12:48:55,924	[DEBUG]	IfReplacement(('triangle.cpp.xml', 'if', 1), ('triangle.cpp.xml', 'stmt', 13)) | ExprStmtReplacement(('triangle.cpp.xml', 'expr_stmt', 7), ('triangle.cpp.xml', 'stmt', 6)) | ExprStmtInsertion(('triangle.cpp.xml', '_inter_block', 27), ('triangle.cpp.xml', 'expr_stmt', 6)) | ExprStmtDeletion(('triangle.cpp.xml', 'expr_stmt', 0)) | IfDeletion(('triangle.cpp.xml', 'if', 3))
2023-12-15 12:48:55,924	[INFO]	86      TEST_CODE_ERROR       None  [5 edit(s)]       
2023-12-15 12:48:56,781	[DEBUG]	EXEC>  SUCCESS 1203682
2023-12-15 12:48:56,782	[DEBUG]	IfReplacement(('triangle.cpp.xml', 'if', 1), ('triangle.cpp.xml', 'stmt', 13)) | ExprStmtReplacement(('triangle.cpp.xml', 'expr_stmt', 7), ('triangle.cpp.xml', 'stmt', 6)) | ExprStmtInsertion(('triangle.cpp.xml', '_inter_block', 27), ('triangle.cpp.xml', 'expr_stmt', 6)) | ExprStmtDeletion(('triangle.cpp.xml', 'expr_stmt', 0)) | IfInsertion(('triangle.cpp.xml', '_inter_block', 14), ('triangle.cpp.xml', 'if', 2))
2023-12-15 12:48:56,782	[INFO]	87      SUCCESS               1203682 (99.84%) [5 edit(s)] 
2023-12-15 12:48:56,785	[INFO]	==== END ====
2023-12-15 12:48:56,785	[INFO]	
2023-12-15 12:48:56,786	[INFO]	==== REPORT ====
2023-12-15 12:48:56,786	[INFO]	Termination: time budget
2023-12-15 12:48:56,787	[INFO]	Log file: /cs/student/ug/2020/damibose/projects/magpie/_magpie_logs/triangle-cpp_slow_1702644469.log
2023-12-15 12:48:56,789	[INFO]	Patch file: _magpie_logs/triangle-cpp_slow_1702644469.patch
2023-12-15 12:48:56,790	[INFO]	Diff file: _magpie_logs/triangle-cpp_slow_1702644469.diff
2023-12-15 12:48:56,790	[INFO]	Best fitness: 1203572
2023-12-15 12:48:56,790	[INFO]	Best patch: IfReplacement(('triangle.cpp.xml', 'if', 1), ('triangle.cpp.xml', 'stmt', 13)) | ExprStmtReplacement(('triangle.cpp.xml', 'expr_stmt', 7), ('triangle.cpp.xml', 'stmt', 6)) | ExprStmtInsertion(('triangle.cpp.xml', '_inter_block', 27), ('triangle.cpp.xml', 'expr_stmt', 6)) | ExprStmtDeletion(('triangle.cpp.xml', 'expr_stmt', 0)) | DeclStmtInsertion(('triangle.cpp.xml', '_inter_block', 0), ('triangle.cpp.xml', 'decl_stmt', 1))
2023-12-15 12:48:56,791	[INFO]	Diff:
--- before: triangle.cpp
+++ after: triangle.cpp
@@ -1,8 +1,9 @@
 #include "triangle.hpp"
 
 void delay() {
+  double tmp;
   const struct timespec ms = {0, (long int) (0.001*1e9)}; //tv_sec=0, tv_nsec (0.001 seconds)
-  nanosleep(&ms,NULL); /*ignores possible errors*/
+   /*ignores possible errors*/
 }
 
 int classify_triangle(double a, double b, double c) {
@@ -17,10 +18,10 @@
     b = tmp;
   }
 
-  if(a > c) {
+  if(a > b) {
     tmp = a;
-    a = c;
-    c = tmp;
+    a = b;
+    b = tmp;
   }
 
   if(b > c) {
@@ -32,6 +33,7 @@
   if(a + b <= c)
     /*auto*/{
       return INVALID;
+      a = c;
     }/*auto*/
   if(a == b && b == c)
     /*auto*/{

