2023-12-15 03:27:51,901	[DEBUG]	==== CONFIG ====
[magpie]
import = 
seed = 8
log_dir = _magpie_logs
work_dir = _magpie_work
final_out_dir = experiments/results_e_greedy_proof_of_concept/baseline/BestImprovementNoTabu/trial_8
local_original_copy = True
local_original_name = __original__
output_encoding = ascii
edit_retries = 10
default_timeout = 30
default_lengthout = 10000.0
diff_method = unified
trust_local_filesystem = True

[software]
path = examples/code/triangle-cpp_slow
target_files = 
	triangle.cpp.xml
program = BasicProgram
engine_rules = 
	*.params : ConfigFileParamsEngine
	*.xml : SrcmlEngine
	* : LineEngine
engine_config = 
	*.params : [params]
	*.xml : [srcml]
init_cmd = 
init_timeout = 60
init_lengthout = -1
setup_cmd = ./setup.sh
setup_timeout = 
setup_lengthout = 
compile_cmd = ./compile.sh
compile_timeout = 
compile_lengthout = 
test_cmd = ./build/test_triangle
test_timeout = 
test_lengthout = 
run_cmd = perf stat ./build/run_triangle
run_timeout = 1
run_lengthout = 
batch_timeout = 
batch_lengthout = 
batch_bin_fitness_strategy = aggregate
batch_fitness_strategy = sum
fitness = perf_instructions

[srcml]
rename = 
focus = block break continue decl_stmt do expr_stmt for goto if return switch while
internodes = block
process_pseudo_blocks = True
process_literals = False
process_operators = False

[params]
timing = test run
cli_prefix = --
cli_glue = =
cli_boolean = show
cli_boolean_prefix_true = 
cli_boolean_prefix_false = no-
silent_prefix = @
silent_suffix = $

[search]
protocol = BasicProtocol
algorithm = BestImprovementNoTabu
possible_edits = 
	DeclStmtReplacement
	ExprStmtReplacement
	IfReplacement
	ReturnReplacement
	DeclStmtInsertion
	ExprStmtInsertion
	IfInsertion
	ReturnInsertion
	DeclStmtDeletion
	ExprStmtDeletion
	IfDeletion
	ReturnDeletion
warmup = 5
warmup_strategy = last
max_steps = 100
max_time = 60
target_fitness = 
cache_maxsize = 40
cache_keep = 0.2
batch_instances = 
batch_shuffle = True
batch_bin_shuffle = False
batch_sample_size = 1
operator_selector = UniformSelector

[search.ls]
delete_prob = 0
max_neighbours = 20
when_trapped = continue
accept_fail = False
tabu_length = 10

[search.gp]
pop_size = 10
delete_prob = 0.5
offspring_elitism = 0.1
offspring_crossover = 0.5
offspring_mutation = 0.4
uniform_rate = 0.5
batch_reset = True

[search.minify]
do_cleanup = True
do_rebuild = True
do_simplify = True
round_robin_limit = 3


2023-12-15 03:27:51,906	[INFO]	==== WARMUP ====
2023-12-15 03:27:54,537	[DEBUG]	EXEC>  SUCCESS 1204239
2023-12-15 03:27:54,538	[INFO]	WARM    SUCCESS               1204239                 
2023-12-15 03:27:55,526	[DEBUG]	EXEC>  SUCCESS 1204240
2023-12-15 03:27:55,527	[INFO]	WARM    SUCCESS               1204240                 
2023-12-15 03:27:56,517	[DEBUG]	EXEC>  SUCCESS 1204239
2023-12-15 03:27:56,518	[INFO]	WARM    SUCCESS               1204239                 
2023-12-15 03:27:57,584	[DEBUG]	EXEC>  SUCCESS 1414779
2023-12-15 03:27:57,584	[INFO]	WARM    SUCCESS               1414779                 
2023-12-15 03:27:58,576	[DEBUG]	EXEC>  SUCCESS 1471641
2023-12-15 03:27:58,576	[INFO]	WARM    SUCCESS               1471641                 
2023-12-15 03:27:58,577	[INFO]	INITIAL SUCCESS               1471641                 
2023-12-15 03:27:58,578	[INFO]	==== START: BestImprovementNoTabu ====
2023-12-15 03:27:59,604	[DEBUG]	EXEC>  SUCCESS 1204290
2023-12-15 03:27:59,605	[DEBUG]	IfInsertion(('triangle.cpp.xml', '_inter_block', 21), ('triangle.cpp.xml', 'if', 3))
2023-12-15 03:27:59,606	[INFO]	1       SUCCESS              *1204290 (81.83%) [1 edit(s)] 
2023-12-15 03:27:59,607	[DEBUG]	--- before: triangle.cpp
+++ after: triangle.cpp
@@ -21,6 +21,10 @@
     tmp = a;
     a = c;
     c = tmp;
+    if(a + b <= c)
+      /*auto*/{
+        return INVALID;
+      }/*auto*/
   }
 
   if(b > c) {

2023-12-15 03:27:59,745	[DEBUG]	IfInsertion(('triangle.cpp.xml', '_inter_block', 1), ('triangle.cpp.xml', 'if', 3))
2023-12-15 03:27:59,745	[INFO]	2       COMPILE_CODE_ERROR    None  [1 edit(s)]       
2023-12-15 03:27:59,904	[DEBUG]	DeclStmtReplacement(('triangle.cpp.xml', 'decl_stmt', 0), ('triangle.cpp.xml', 'stmt', 17))
2023-12-15 03:27:59,904	[INFO]	3       COMPILE_CODE_ERROR    None  [1 edit(s)]       
2023-12-15 03:28:00,673	[DEBUG]	ExprStmtDeletion(('triangle.cpp.xml', 'expr_stmt', 9))
2023-12-15 03:28:00,673	[INFO]	4       TEST_CODE_ERROR       None  [1 edit(s)]       
2023-12-15 03:28:00,827	[DEBUG]	DeclStmtInsertion(('triangle.cpp.xml', '_inter_block', 0), ('triangle.cpp.xml', 'decl_stmt', 0))
2023-12-15 03:28:00,828	[INFO]	5       COMPILE_CODE_ERROR    None  [1 edit(s)]       
2023-12-15 03:28:01,631	[DEBUG]	ExprStmtReplacement(('triangle.cpp.xml', 'expr_stmt', 2), ('triangle.cpp.xml', 'stmt', 16))
2023-12-15 03:28:01,631	[INFO]	6       TEST_CODE_ERROR       None  [1 edit(s)]       
2023-12-15 03:28:02,645	[DEBUG]	EXEC>  SUCCESS 1204198
2023-12-15 03:28:02,645	[DEBUG]	IfReplacement(('triangle.cpp.xml', 'if', 1), ('triangle.cpp.xml', 'stmt', 16))
2023-12-15 03:28:02,646	[INFO]	7       SUCCESS              *1204198 (81.83%) [1 edit(s)] 
2023-12-15 03:28:02,649	[DEBUG]	--- before: triangle.cpp
+++ after: triangle.cpp
@@ -17,11 +17,10 @@
     b = tmp;
   }
 
-  if(a > c) {
-    tmp = a;
-    a = c;
-    c = tmp;
-  }
+  if(a + b <= c)
+    /*auto*/{
+      return INVALID;
+    }/*auto*/
 
   if(b > c) {
     tmp = b;

2023-12-15 03:28:02,804	[DEBUG]	ReturnInsertion(('triangle.cpp.xml', '_inter_block', 2), ('triangle.cpp.xml', 'return', 3))
2023-12-15 03:28:02,805	[INFO]	8       COMPILE_CODE_ERROR    None  [1 edit(s)]       
2023-12-15 03:28:03,736	[DEBUG]	EXEC>  SUCCESS 1204239
2023-12-15 03:28:03,736	[DEBUG]	ExprStmtInsertion(('triangle.cpp.xml', '_inter_block', 31), ('triangle.cpp.xml', 'expr_stmt', 7))
2023-12-15 03:28:03,737	[INFO]	9       SUCCESS               1204239 (81.83%) [1 edit(s)] 
2023-12-15 03:28:04,562	[DEBUG]	IfDeletion(('triangle.cpp.xml', 'if', 2))
2023-12-15 03:28:04,562	[INFO]	10      TEST_CODE_ERROR       None  [1 edit(s)]       
2023-12-15 03:28:05,562	[DEBUG]	EXEC>  SUCCESS 1204293
2023-12-15 03:28:05,563	[DEBUG]	DeclStmtInsertion(('triangle.cpp.xml', '_inter_block', 11), ('triangle.cpp.xml', 'decl_stmt', 0))
2023-12-15 03:28:05,564	[INFO]	11      SUCCESS               1204293 (81.83%) [1 edit(s)] 
2023-12-15 03:28:05,722	[DEBUG]	DeclStmtDeletion(('triangle.cpp.xml', 'decl_stmt', 1))
2023-12-15 03:28:05,723	[INFO]	12      COMPILE_CODE_ERROR    None  [1 edit(s)]       
2023-12-15 03:28:05,861	[DEBUG]	IfReplacement(('triangle.cpp.xml', 'if', 5), ('triangle.cpp.xml', 'stmt', 2))
2023-12-15 03:28:05,862	[INFO]	13      COMPILE_CODE_ERROR    None  [1 edit(s)]       
2023-12-15 03:28:06,662	[DEBUG]	ExprStmtDeletion(('triangle.cpp.xml', 'expr_stmt', 7))
2023-12-15 03:28:06,662	[INFO]	14      TEST_CODE_ERROR       None  [1 edit(s)]       
2023-12-15 03:28:07,501	[DEBUG]	ReturnDeletion(('triangle.cpp.xml', 'return', 3))
2023-12-15 03:28:07,502	[INFO]	15      TEST_CODE_ERROR       None  [1 edit(s)]       
2023-12-15 03:28:08,347	[DEBUG]	DeclStmtInsertion(('triangle.cpp.xml', '_inter_block', 24), ('triangle.cpp.xml', 'decl_stmt', 1))
2023-12-15 03:28:08,347	[INFO]	16      TEST_CODE_ERROR       None  [1 edit(s)]       
2023-12-15 03:28:09,153	[DEBUG]	ReturnInsertion(('triangle.cpp.xml', '_inter_block', 18), ('triangle.cpp.xml', 'return', 0))
2023-12-15 03:28:09,153	[INFO]	17      TEST_CODE_ERROR       None  [1 edit(s)]       
2023-12-15 03:28:09,959	[DEBUG]	ExprStmtDeletion(('triangle.cpp.xml', 'expr_stmt', 10))
2023-12-15 03:28:09,960	[INFO]	18      TEST_CODE_ERROR       None  [1 edit(s)]       
2023-12-15 03:28:10,737	[DEBUG]	ReturnReplacement(('triangle.cpp.xml', 'return', 3), ('triangle.cpp.xml', 'stmt', 5))
2023-12-15 03:28:10,737	[INFO]	19      TEST_CODE_ERROR       None  [1 edit(s)]       
2023-12-15 03:28:11,538	[DEBUG]	ReturnDeletion(('triangle.cpp.xml', 'return', 3))
2023-12-15 03:28:11,539	[INFO]	20      TEST_CODE_ERROR       None  [1 edit(s)]       
2023-12-15 03:28:11,684	[DEBUG]	DeclStmtReplacement(('triangle.cpp.xml', 'decl_stmt', 0), ('triangle.cpp.xml', 'stmt', 22))
2023-12-15 03:28:11,685	[INFO]	21      COMPILE_CODE_ERROR   +None  [1 edit(s)]       
2023-12-15 03:28:11,686	[DEBUG]	--- before: triangle.cpp
+++ after: triangle.cpp
@@ -1,7 +1,7 @@
 #include "triangle.hpp"
 
 void delay() {
-  const struct timespec ms = {0, (long int) (0.001*1e9)}; //tv_sec=0, tv_nsec (0.001 seconds)
+  return SCALENE; //tv_sec=0, tv_nsec (0.001 seconds)
   nanosleep(&ms,NULL); /*ignores possible errors*/
 }
 

2023-12-15 03:28:11,816	[DEBUG]	IfReplacement(('triangle.cpp.xml', 'if', 1), ('triangle.cpp.xml', 'stmt', 16)) | DeclStmtReplacement(('triangle.cpp.xml', 'decl_stmt', 1), ('triangle.cpp.xml', 'stmt', 3))
2023-12-15 03:28:11,816	[INFO]	22      COMPILE_CODE_ERROR    None  [2 edit(s)]       
2023-12-15 03:28:11,964	[DEBUG]	IfReplacement(('triangle.cpp.xml', 'if', 1), ('triangle.cpp.xml', 'stmt', 16)) | IfInsertion(('triangle.cpp.xml', '_inter_block', 2), ('triangle.cpp.xml', 'if', 4))
2023-12-15 03:28:11,964	[INFO]	23      COMPILE_CODE_ERROR    None  [2 edit(s)]       
2023-12-15 03:28:12,095	[DEBUG]	IfReplacement(('triangle.cpp.xml', 'if', 1), ('triangle.cpp.xml', 'stmt', 16)) | DeclStmtDeletion(('triangle.cpp.xml', 'decl_stmt', 1))
2023-12-15 03:28:12,095	[INFO]	24      COMPILE_CODE_ERROR    None  [2 edit(s)]       
2023-12-15 03:28:12,915	[DEBUG]	IfReplacement(('triangle.cpp.xml', 'if', 1), ('triangle.cpp.xml', 'stmt', 16)) | ExprStmtReplacement(('triangle.cpp.xml', 'expr_stmt', 3), ('triangle.cpp.xml', 'stmt', 6))
2023-12-15 03:28:12,915	[INFO]	25      TEST_CODE_ERROR       None  [2 edit(s)]       
2023-12-15 03:28:13,905	[DEBUG]	EXEC>  SUCCESS 1204197
2023-12-15 03:28:13,905	[DEBUG]	IfReplacement(('triangle.cpp.xml', 'if', 1), ('triangle.cpp.xml', 'stmt', 16)) | ExprStmtInsertion(('triangle.cpp.xml', '_inter_block', 20), ('triangle.cpp.xml', 'expr_stmt', 1))
2023-12-15 03:28:13,906	[INFO]	26      SUCCESS              *1204197 (81.83%) [2 edit(s)] 
2023-12-15 03:28:13,907	[DEBUG]	--- before: triangle.cpp
+++ after: triangle.cpp
@@ -17,11 +17,11 @@
     b = tmp;
   }
 
-  if(a > c) {
-    tmp = a;
-    a = c;
-    c = tmp;
-  }
+  if(a + b <= c)
+    /*auto*/{
+      return INVALID;
+      delay();
+    }/*auto*/
 
   if(b > c) {
     tmp = b;

2023-12-15 03:28:14,054	[DEBUG]	IfReplacement(('triangle.cpp.xml', 'if', 1), ('triangle.cpp.xml', 'stmt', 16)) | DeclStmtReplacement(('triangle.cpp.xml', 'decl_stmt', 0), ('triangle.cpp.xml', 'stmt', 14))
2023-12-15 03:28:14,055	[INFO]	27      COMPILE_CODE_ERROR    None  [2 edit(s)]       
2023-12-15 03:28:14,839	[DEBUG]	IfReplacement(('triangle.cpp.xml', 'if', 1), ('triangle.cpp.xml', 'stmt', 16)) | IfReplacement(('triangle.cpp.xml', 'if', 5), ('triangle.cpp.xml', 'stmt', 19))
2023-12-15 03:28:14,839	[INFO]	28      TEST_CODE_ERROR       None  [2 edit(s)]       
2023-12-15 03:28:15,660	[DEBUG]	IfReplacement(('triangle.cpp.xml', 'if', 1), ('triangle.cpp.xml', 'stmt', 16)) | ReturnReplacement(('triangle.cpp.xml', 'return', 0), ('triangle.cpp.xml', 'stmt', 5))
2023-12-15 03:28:15,660	[INFO]	29      TEST_CODE_ERROR       None  [2 edit(s)]       
2023-12-15 03:28:16,493	[DEBUG]	IfReplacement(('triangle.cpp.xml', 'if', 1), ('triangle.cpp.xml', 'stmt', 16)) | ReturnInsertion(('triangle.cpp.xml', '_inter_block', 22), ('triangle.cpp.xml', 'return', 0))
2023-12-15 03:28:16,494	[INFO]	30      TEST_CODE_ERROR       None  [2 edit(s)]       
2023-12-15 03:28:17,548	[DEBUG]	EXEC>  SUCCESS 1203979
2023-12-15 03:28:17,548	[DEBUG]	IfReplacement(('triangle.cpp.xml', 'if', 1), ('triangle.cpp.xml', 'stmt', 16)) | IfDeletion(('triangle.cpp.xml', 'if', 1))
2023-12-15 03:28:17,549	[INFO]	31      SUCCESS              *1203979 (81.81%) [2 edit(s)] 
2023-12-15 03:28:17,551	[DEBUG]	--- before: triangle.cpp
+++ after: triangle.cpp
@@ -17,11 +17,7 @@
     b = tmp;
   }
 
-  if(a > c) {
-    tmp = a;
-    a = c;
-    c = tmp;
-  }
+  
 
   if(b > c) {
     tmp = b;

2023-12-15 03:28:18,607	[DEBUG]	EXEC>  SUCCESS 1204198
2023-12-15 03:28:18,607	[DEBUG]	IfReplacement(('triangle.cpp.xml', 'if', 1), ('triangle.cpp.xml', 'stmt', 16)) | DeclStmtInsertion(('triangle.cpp.xml', '_inter_block', 13), ('triangle.cpp.xml', 'decl_stmt', 0))
2023-12-15 03:28:18,608	[INFO]	32      SUCCESS               1204198 (81.83%) [2 edit(s)] 
2023-12-15 03:28:18,759	[DEBUG]	IfReplacement(('triangle.cpp.xml', 'if', 1), ('triangle.cpp.xml', 'stmt', 16)) | DeclStmtReplacement(('triangle.cpp.xml', 'decl_stmt', 0), ('triangle.cpp.xml', 'stmt', 9))
2023-12-15 03:28:18,760	[INFO]	33      COMPILE_CODE_ERROR    None  [2 edit(s)]       
2023-12-15 03:28:19,537	[DEBUG]	IfReplacement(('triangle.cpp.xml', 'if', 1), ('triangle.cpp.xml', 'stmt', 16)) | ExprStmtReplacement(('triangle.cpp.xml', 'expr_stmt', 10), ('triangle.cpp.xml', 'stmt', 6))
2023-12-15 03:28:19,537	[INFO]	34      TEST_CODE_ERROR       None  [2 edit(s)]       
2023-12-15 03:28:19,539	[DEBUG]	IfReplacement(('triangle.cpp.xml', 'if', 1), ('triangle.cpp.xml', 'stmt', 16)) | ExprStmtReplacement(('triangle.cpp.xml', 'expr_stmt', 6), ('triangle.cpp.xml', 'stmt', 20))
2023-12-15 03:28:19,539	[INFO]	35      SUCCESS               1204198 (81.83%) [2 edit(s)] 
2023-12-15 03:28:20,319	[DEBUG]	IfReplacement(('triangle.cpp.xml', 'if', 1), ('triangle.cpp.xml', 'stmt', 16)) | ReturnDeletion(('triangle.cpp.xml', 'return', 1))
2023-12-15 03:28:20,319	[INFO]	36      TEST_CODE_ERROR       None  [2 edit(s)]       
2023-12-15 03:28:21,138	[DEBUG]	IfReplacement(('triangle.cpp.xml', 'if', 1), ('triangle.cpp.xml', 'stmt', 16)) | ReturnInsertion(('triangle.cpp.xml', '_inter_block', 9), ('triangle.cpp.xml', 'return', 2))
2023-12-15 03:28:21,138	[INFO]	37      TEST_CODE_ERROR       None  [2 edit(s)]       
2023-12-15 03:28:21,980	[DEBUG]	IfReplacement(('triangle.cpp.xml', 'if', 1), ('triangle.cpp.xml', 'stmt', 16)) | ReturnDeletion(('triangle.cpp.xml', 'return', 0))
2023-12-15 03:28:21,981	[INFO]	38      TEST_CODE_ERROR       None  [2 edit(s)]       
2023-12-15 03:28:22,995	[DEBUG]	EXEC>  SUCCESS 1204432
2023-12-15 03:28:22,996	[DEBUG]	IfReplacement(('triangle.cpp.xml', 'if', 1), ('triangle.cpp.xml', 'stmt', 16)) | IfInsertion(('triangle.cpp.xml', '_inter_block', 25), ('triangle.cpp.xml', 'if', 4))
2023-12-15 03:28:22,997	[INFO]	39      SUCCESS               1204432 (81.84%) [2 edit(s)] 
2023-12-15 03:28:23,953	[DEBUG]	EXEC>  SUCCESS 1204197
2023-12-15 03:28:23,954	[DEBUG]	IfReplacement(('triangle.cpp.xml', 'if', 1), ('triangle.cpp.xml', 'stmt', 16)) | DeclStmtInsertion(('triangle.cpp.xml', '_inter_block', 27), ('triangle.cpp.xml', 'decl_stmt', 0))
2023-12-15 03:28:23,955	[INFO]	40      SUCCESS               1204197 (81.83%) [2 edit(s)] 
2023-12-15 03:28:23,957	[DEBUG]	IfReplacement(('triangle.cpp.xml', 'if', 1), ('triangle.cpp.xml', 'stmt', 16)) | IfDeletion(('triangle.cpp.xml', 'if', 1))
2023-12-15 03:28:23,957	[INFO]	41      SUCCESS               1203979 (81.81%) [2 edit(s)] 
2023-12-15 03:28:24,783	[DEBUG]	IfReplacement(('triangle.cpp.xml', 'if', 1), ('triangle.cpp.xml', 'stmt', 16)) | ExprStmtReplacement(('triangle.cpp.xml', 'expr_stmt', 3), ('triangle.cpp.xml', 'stmt', 4))
2023-12-15 03:28:24,783	[INFO]	42      TEST_CODE_ERROR      +None  [2 edit(s)]       
2023-12-15 03:28:24,785	[DEBUG]	--- before: triangle.cpp
+++ after: triangle.cpp
@@ -13,15 +13,14 @@
   // Sort the sides so that a <= b <= c
   if(a > b) {
     tmp = a;
-    a = b;
+    tmp = a;
     b = tmp;
   }
 
-  if(a > c) {
-    tmp = a;
-    a = c;
-    c = tmp;
-  }
+  if(a + b <= c)
+    /*auto*/{
+      return INVALID;
+    }/*auto*/
 
   if(b > c) {
     tmp = b;

2023-12-15 03:28:25,615	[DEBUG]	IfReplacement(('triangle.cpp.xml', 'if', 1), ('triangle.cpp.xml', 'stmt', 16)) | IfDeletion(('triangle.cpp.xml', 'if', 1)) | IfReplacement(('triangle.cpp.xml', 'if', 5), ('triangle.cpp.xml', 'stmt', 5))
2023-12-15 03:28:25,615	[INFO]	43      TEST_CODE_ERROR       None  [3 edit(s)]       
2023-12-15 03:28:25,762	[DEBUG]	IfReplacement(('triangle.cpp.xml', 'if', 1), ('triangle.cpp.xml', 'stmt', 16)) | IfDeletion(('triangle.cpp.xml', 'if', 1)) | ReturnInsertion(('triangle.cpp.xml', '_inter_block', 0), ('triangle.cpp.xml', 'return', 2))
2023-12-15 03:28:25,763	[INFO]	44      COMPILE_CODE_ERROR    None  [3 edit(s)]       
2023-12-15 03:28:25,766	[DEBUG]	IfReplacement(('triangle.cpp.xml', 'if', 1), ('triangle.cpp.xml', 'stmt', 16)) | IfDeletion(('triangle.cpp.xml', 'if', 1)) | DeclStmtInsertion(('triangle.cpp.xml', '_inter_block', 19), ('triangle.cpp.xml', 'decl_stmt', 1))
2023-12-15 03:28:25,766	[INFO]	45      SUCCESS               1203979 (81.81%) [3 edit(s)] 
2023-12-15 03:28:25,767	[DEBUG]	IfReplacement(('triangle.cpp.xml', 'if', 1), ('triangle.cpp.xml', 'stmt', 16)) | IfDeletion(('triangle.cpp.xml', 'if', 1)) | IfInsertion(('triangle.cpp.xml', '_inter_block', 18), ('triangle.cpp.xml', 'if', 4))
2023-12-15 03:28:25,768	[INFO]	46      SUCCESS               1203979 (81.81%) [3 edit(s)] 
2023-12-15 03:28:26,717	[DEBUG]	EXEC>  SUCCESS 1204025
2023-12-15 03:28:26,717	[DEBUG]	IfReplacement(('triangle.cpp.xml', 'if', 1), ('triangle.cpp.xml', 'stmt', 16)) | IfDeletion(('triangle.cpp.xml', 'if', 1)) | IfInsertion(('triangle.cpp.xml', '_inter_block', 12), ('triangle.cpp.xml', 'if', 1))
2023-12-15 03:28:26,718	[INFO]	47      SUCCESS               1204025 (81.82%) [3 edit(s)] 
2023-12-15 03:28:27,695	[DEBUG]	EXEC>  SUCCESS 1234550
2023-12-15 03:28:27,695	[DEBUG]	IfReplacement(('triangle.cpp.xml', 'if', 1), ('triangle.cpp.xml', 'stmt', 16)) | IfDeletion(('triangle.cpp.xml', 'if', 1)) | ExprStmtInsertion(('triangle.cpp.xml', '_inter_block', 30), ('triangle.cpp.xml', 'expr_stmt', 6))
2023-12-15 03:28:27,696	[INFO]	48      SUCCESS               1234550 (83.89%) [3 edit(s)] 
2023-12-15 03:28:28,566	[DEBUG]	IfReplacement(('triangle.cpp.xml', 'if', 1), ('triangle.cpp.xml', 'stmt', 16)) | IfDeletion(('triangle.cpp.xml', 'if', 1)) | IfInsertion(('triangle.cpp.xml', '_inter_block', 26), ('triangle.cpp.xml', 'if', 5))
2023-12-15 03:28:28,566	[INFO]	49      TEST_CODE_ERROR       None  [3 edit(s)]       
2023-12-15 03:28:28,740	[DEBUG]	IfReplacement(('triangle.cpp.xml', 'if', 1), ('triangle.cpp.xml', 'stmt', 16)) | IfDeletion(('triangle.cpp.xml', 'if', 1)) | DeclStmtInsertion(('triangle.cpp.xml', '_inter_block', 10), ('triangle.cpp.xml', 'decl_stmt', 1))
2023-12-15 03:28:28,740	[INFO]	50      COMPILE_CODE_ERROR    None  [3 edit(s)]       
2023-12-15 03:28:29,495	[DEBUG]	IfReplacement(('triangle.cpp.xml', 'if', 1), ('triangle.cpp.xml', 'stmt', 16)) | IfDeletion(('triangle.cpp.xml', 'if', 1)) | ReturnDeletion(('triangle.cpp.xml', 'return', 2))
2023-12-15 03:28:29,496	[INFO]	51      TEST_CODE_ERROR       None  [3 edit(s)]       
2023-12-15 03:28:30,509	[DEBUG]	EXEC>  SUCCESS 1204077
2023-12-15 03:28:30,510	[DEBUG]	IfReplacement(('triangle.cpp.xml', 'if', 1), ('triangle.cpp.xml', 'stmt', 16)) | IfDeletion(('triangle.cpp.xml', 'if', 1)) | IfInsertion(('triangle.cpp.xml', '_inter_block', 22), ('triangle.cpp.xml', 'if', 0))
2023-12-15 03:28:30,510	[INFO]	52      SUCCESS               1204077 (81.82%) [3 edit(s)] 
2023-12-15 03:28:31,321	[DEBUG]	IfReplacement(('triangle.cpp.xml', 'if', 1), ('triangle.cpp.xml', 'stmt', 16)) | IfDeletion(('triangle.cpp.xml', 'if', 1)) | ReturnReplacement(('triangle.cpp.xml', 'return', 1), ('triangle.cpp.xml', 'stmt', 4))
2023-12-15 03:28:31,322	[INFO]	53      TEST_CODE_ERROR       None  [3 edit(s)]       
2023-12-15 03:28:31,471	[DEBUG]	IfReplacement(('triangle.cpp.xml', 'if', 1), ('triangle.cpp.xml', 'stmt', 16)) | IfDeletion(('triangle.cpp.xml', 'if', 1)) | DeclStmtDeletion(('triangle.cpp.xml', 'decl_stmt', 1))
2023-12-15 03:28:31,472	[INFO]	54      COMPILE_CODE_ERROR    None  [3 edit(s)]       
2023-12-15 03:28:32,274	[DEBUG]	IfReplacement(('triangle.cpp.xml', 'if', 1), ('triangle.cpp.xml', 'stmt', 16)) | IfDeletion(('triangle.cpp.xml', 'if', 1)) | IfReplacement(('triangle.cpp.xml', 'if', 4), ('triangle.cpp.xml', 'stmt', 14))
2023-12-15 03:28:32,274	[INFO]	55      TEST_CODE_ERROR       None  [3 edit(s)]       
2023-12-15 03:28:33,120	[DEBUG]	IfReplacement(('triangle.cpp.xml', 'if', 1), ('triangle.cpp.xml', 'stmt', 16)) | IfDeletion(('triangle.cpp.xml', 'if', 1)) | IfDeletion(('triangle.cpp.xml', 'if', 3))
2023-12-15 03:28:33,121	[INFO]	56      TEST_CODE_ERROR       None  [3 edit(s)]       
2023-12-15 03:28:33,962	[DEBUG]	IfReplacement(('triangle.cpp.xml', 'if', 1), ('triangle.cpp.xml', 'stmt', 16)) | IfDeletion(('triangle.cpp.xml', 'if', 1)) | ReturnReplacement(('triangle.cpp.xml', 'return', 0), ('triangle.cpp.xml', 'stmt', 0))
2023-12-15 03:28:33,962	[INFO]	57      TEST_CODE_ERROR       None  [3 edit(s)]       
2023-12-15 03:28:34,817	[DEBUG]	IfReplacement(('triangle.cpp.xml', 'if', 1), ('triangle.cpp.xml', 'stmt', 16)) | IfDeletion(('triangle.cpp.xml', 'if', 1)) | IfDeletion(('triangle.cpp.xml', 'if', 0))
2023-12-15 03:28:34,817	[INFO]	58      TEST_CODE_ERROR       None  [3 edit(s)]       
2023-12-15 03:28:35,630	[DEBUG]	IfReplacement(('triangle.cpp.xml', 'if', 1), ('triangle.cpp.xml', 'stmt', 16)) | IfDeletion(('triangle.cpp.xml', 'if', 1)) | ReturnReplacement(('triangle.cpp.xml', 'return', 2), ('triangle.cpp.xml', 'stmt', 20))
2023-12-15 03:28:35,630	[INFO]	59      TEST_CODE_ERROR       None  [3 edit(s)]       
2023-12-15 03:28:36,476	[DEBUG]	IfReplacement(('triangle.cpp.xml', 'if', 1), ('triangle.cpp.xml', 'stmt', 16)) | IfDeletion(('triangle.cpp.xml', 'if', 1)) | ExprStmtInsertion(('triangle.cpp.xml', '_inter_block', 25), ('triangle.cpp.xml', 'expr_stmt', 3))
2023-12-15 03:28:36,476	[INFO]	60      TEST_CODE_ERROR       None  [3 edit(s)]       
2023-12-15 03:28:37,476	[DEBUG]	EXEC>  SUCCESS 1203979
2023-12-15 03:28:37,477	[DEBUG]	IfReplacement(('triangle.cpp.xml', 'if', 1), ('triangle.cpp.xml', 'stmt', 16)) | IfDeletion(('triangle.cpp.xml', 'if', 1)) | IfInsertion(('triangle.cpp.xml', '_inter_block', 31), ('triangle.cpp.xml', 'if', 2))
2023-12-15 03:28:37,478	[INFO]	61      SUCCESS               1203979 (81.81%) [3 edit(s)] 
2023-12-15 03:28:38,545	[DEBUG]	EXEC>  SUCCESS 1204639
2023-12-15 03:28:38,545	[DEBUG]	IfReplacement(('triangle.cpp.xml', 'if', 1), ('triangle.cpp.xml', 'stmt', 16)) | IfDeletion(('triangle.cpp.xml', 'if', 1)) | ExprStmtInsertion(('triangle.cpp.xml', '_inter_block', 24), ('triangle.cpp.xml', 'expr_stmt', 1))
2023-12-15 03:28:38,550	[INFO]	62      SUCCESS               1204639 (81.86%) [3 edit(s)] 
2023-12-15 03:28:39,441	[DEBUG]	EXEC>  SUCCESS 1201754
2023-12-15 03:28:39,442	[DEBUG]	IfReplacement(('triangle.cpp.xml', 'if', 1), ('triangle.cpp.xml', 'stmt', 16)) | IfDeletion(('triangle.cpp.xml', 'if', 1)) | ExprStmtReplacement(('triangle.cpp.xml', 'expr_stmt', 1), ('triangle.cpp.xml', 'stmt', 14))
2023-12-15 03:28:39,442	[INFO]	63      SUCCESS              *1201754 (81.66%) [3 edit(s)] 
2023-12-15 03:28:39,445	[DEBUG]	--- before: triangle.cpp
+++ after: triangle.cpp
@@ -8,7 +8,11 @@
 int classify_triangle(double a, double b, double c) {
   double tmp;
 
-  delay();
+  if(a > c) {
+    tmp = a;
+    a = c;
+    c = tmp;
+  }
 
   // Sort the sides so that a <= b <= c
   if(a > b) {
@@ -17,11 +21,7 @@
     b = tmp;
   }
 
-  if(a > c) {
-    tmp = a;
-    a = c;
-    c = tmp;
-  }
+  
 
   if(b > c) {
     tmp = b;

2023-12-15 03:28:39,447	[DEBUG]	IfReplacement(('triangle.cpp.xml', 'if', 1), ('triangle.cpp.xml', 'stmt', 16)) | IfDeletion(('triangle.cpp.xml', 'if', 1)) | ExprStmtReplacement(('triangle.cpp.xml', 'expr_stmt', 1), ('triangle.cpp.xml', 'stmt', 14)) | ExprStmtReplacement(('triangle.cpp.xml', 'expr_stmt', 9), ('triangle.cpp.xml', 'stmt', 16))
2023-12-15 03:28:39,448	[INFO]	64      SUCCESS               1201754 (81.66%) [4 edit(s)] 
2023-12-15 03:28:40,259	[DEBUG]	IfReplacement(('triangle.cpp.xml', 'if', 1), ('triangle.cpp.xml', 'stmt', 16)) | IfDeletion(('triangle.cpp.xml', 'if', 1)) | ExprStmtReplacement(('triangle.cpp.xml', 'expr_stmt', 1), ('triangle.cpp.xml', 'stmt', 14)) | IfReplacement(('triangle.cpp.xml', 'if', 1), ('triangle.cpp.xml', 'stmt', 20))
2023-12-15 03:28:40,260	[INFO]	65      TEST_CODE_ERROR       None  [4 edit(s)]       
2023-12-15 03:28:41,129	[DEBUG]	EXEC>  SUCCESS 1201803
2023-12-15 03:28:41,130	[DEBUG]	IfReplacement(('triangle.cpp.xml', 'if', 1), ('triangle.cpp.xml', 'stmt', 16)) | IfDeletion(('triangle.cpp.xml', 'if', 1)) | ExprStmtReplacement(('triangle.cpp.xml', 'expr_stmt', 1), ('triangle.cpp.xml', 'stmt', 14)) | ExprStmtInsertion(('triangle.cpp.xml', '_inter_block', 15), ('triangle.cpp.xml', 'expr_stmt', 5))
2023-12-15 03:28:41,131	[INFO]	66      SUCCESS               1201803 (81.66%) [4 edit(s)] 
2023-12-15 03:28:41,291	[DEBUG]	IfReplacement(('triangle.cpp.xml', 'if', 1), ('triangle.cpp.xml', 'stmt', 16)) | IfDeletion(('triangle.cpp.xml', 'if', 1)) | ExprStmtReplacement(('triangle.cpp.xml', 'expr_stmt', 1), ('triangle.cpp.xml', 'stmt', 14)) | DeclStmtDeletion(('triangle.cpp.xml', 'decl_stmt', 0))
2023-12-15 03:28:41,291	[INFO]	67      COMPILE_CODE_ERROR    None  [4 edit(s)]       
2023-12-15 03:28:42,136	[DEBUG]	EXEC>  SUCCESS 1201784
2023-12-15 03:28:42,137	[DEBUG]	IfReplacement(('triangle.cpp.xml', 'if', 1), ('triangle.cpp.xml', 'stmt', 16)) | IfDeletion(('triangle.cpp.xml', 'if', 1)) | ExprStmtReplacement(('triangle.cpp.xml', 'expr_stmt', 1), ('triangle.cpp.xml', 'stmt', 14)) | ExprStmtInsertion(('triangle.cpp.xml', '_inter_block', 18), ('triangle.cpp.xml', 'expr_stmt', 5))
2023-12-15 03:28:42,138	[INFO]	68      SUCCESS               1201784 (81.66%) [4 edit(s)] 
2023-12-15 03:28:43,017	[DEBUG]	EXEC>  SUCCESS 1201754
2023-12-15 03:28:43,018	[DEBUG]	IfReplacement(('triangle.cpp.xml', 'if', 1), ('triangle.cpp.xml', 'stmt', 16)) | IfDeletion(('triangle.cpp.xml', 'if', 1)) | ExprStmtReplacement(('triangle.cpp.xml', 'expr_stmt', 1), ('triangle.cpp.xml', 'stmt', 14)) | DeclStmtInsertion(('triangle.cpp.xml', '_inter_block', 2), ('triangle.cpp.xml', 'decl_stmt', 1))
2023-12-15 03:28:43,018	[INFO]	69      SUCCESS               1201754 (81.66%) [4 edit(s)] 
2023-12-15 03:28:43,817	[DEBUG]	IfReplacement(('triangle.cpp.xml', 'if', 1), ('triangle.cpp.xml', 'stmt', 16)) | IfDeletion(('triangle.cpp.xml', 'if', 1)) | ExprStmtReplacement(('triangle.cpp.xml', 'expr_stmt', 1), ('triangle.cpp.xml', 'stmt', 14)) | IfDeletion(('triangle.cpp.xml', 'if', 3))
2023-12-15 03:28:43,817	[INFO]	70      TEST_CODE_ERROR       None  [4 edit(s)]       
2023-12-15 03:28:44,597	[DEBUG]	IfReplacement(('triangle.cpp.xml', 'if', 1), ('triangle.cpp.xml', 'stmt', 16)) | IfDeletion(('triangle.cpp.xml', 'if', 1)) | ExprStmtReplacement(('triangle.cpp.xml', 'expr_stmt', 1), ('triangle.cpp.xml', 'stmt', 14)) | ReturnReplacement(('triangle.cpp.xml', 'return', 2), ('triangle.cpp.xml', 'stmt', 15))
2023-12-15 03:28:44,597	[INFO]	71      TEST_CODE_ERROR       None  [4 edit(s)]       
2023-12-15 03:28:44,600	[DEBUG]	IfReplacement(('triangle.cpp.xml', 'if', 1), ('triangle.cpp.xml', 'stmt', 16)) | IfDeletion(('triangle.cpp.xml', 'if', 1)) | ExprStmtReplacement(('triangle.cpp.xml', 'expr_stmt', 1), ('triangle.cpp.xml', 'stmt', 14)) | IfDeletion(('triangle.cpp.xml', 'if', 2))
2023-12-15 03:28:44,600	[INFO]	72      SUCCESS               1201754 (81.66%) [4 edit(s)] 
2023-12-15 03:28:44,601	[DEBUG]	IfReplacement(('triangle.cpp.xml', 'if', 1), ('triangle.cpp.xml', 'stmt', 16)) | IfDeletion(('triangle.cpp.xml', 'if', 1)) | ExprStmtReplacement(('triangle.cpp.xml', 'expr_stmt', 1), ('triangle.cpp.xml', 'stmt', 14)) | ReturnReplacement(('triangle.cpp.xml', 'return', 0), ('triangle.cpp.xml', 'stmt', 21))
2023-12-15 03:28:44,602	[INFO]	73      SUCCESS               1201754 (81.66%) [4 edit(s)] 
2023-12-15 03:28:44,603	[DEBUG]	IfReplacement(('triangle.cpp.xml', 'if', 1), ('triangle.cpp.xml', 'stmt', 16)) | IfDeletion(('triangle.cpp.xml', 'if', 1)) | ExprStmtReplacement(('triangle.cpp.xml', 'expr_stmt', 1), ('triangle.cpp.xml', 'stmt', 14)) | ReturnInsertion(('triangle.cpp.xml', '_inter_block', 25), ('triangle.cpp.xml', 'return', 1))
2023-12-15 03:28:44,603	[INFO]	74      SUCCESS               1201754 (81.66%) [4 edit(s)] 
2023-12-15 03:28:45,377	[DEBUG]	IfReplacement(('triangle.cpp.xml', 'if', 1), ('triangle.cpp.xml', 'stmt', 16)) | IfDeletion(('triangle.cpp.xml', 'if', 1)) | ExprStmtReplacement(('triangle.cpp.xml', 'expr_stmt', 1), ('triangle.cpp.xml', 'stmt', 14)) | IfDeletion(('triangle.cpp.xml', 'if', 5))
2023-12-15 03:28:45,378	[INFO]	75      TEST_CODE_ERROR       None  [4 edit(s)]       
2023-12-15 03:28:46,268	[DEBUG]	EXEC>  SUCCESS 1201881
2023-12-15 03:28:46,268	[DEBUG]	IfReplacement(('triangle.cpp.xml', 'if', 1), ('triangle.cpp.xml', 'stmt', 16)) | IfDeletion(('triangle.cpp.xml', 'if', 1)) | ExprStmtReplacement(('triangle.cpp.xml', 'expr_stmt', 1), ('triangle.cpp.xml', 'stmt', 14)) | IfReplacement(('triangle.cpp.xml', 'if', 2), ('triangle.cpp.xml', 'stmt', 7))
2023-12-15 03:28:46,269	[INFO]	76      SUCCESS               1201881 (81.67%) [4 edit(s)] 
2023-12-15 03:28:47,103	[DEBUG]	IfReplacement(('triangle.cpp.xml', 'if', 1), ('triangle.cpp.xml', 'stmt', 16)) | IfDeletion(('triangle.cpp.xml', 'if', 1)) | ExprStmtReplacement(('triangle.cpp.xml', 'expr_stmt', 1), ('triangle.cpp.xml', 'stmt', 14)) | ReturnDeletion(('triangle.cpp.xml', 'return', 3))
2023-12-15 03:28:47,103	[INFO]	77      TEST_CODE_ERROR       None  [4 edit(s)]       
2023-12-15 03:28:47,911	[DEBUG]	IfReplacement(('triangle.cpp.xml', 'if', 1), ('triangle.cpp.xml', 'stmt', 16)) | IfDeletion(('triangle.cpp.xml', 'if', 1)) | ExprStmtReplacement(('triangle.cpp.xml', 'expr_stmt', 1), ('triangle.cpp.xml', 'stmt', 14)) | IfReplacement(('triangle.cpp.xml', 'if', 0), ('triangle.cpp.xml', 'stmt', 20))
2023-12-15 03:28:47,912	[INFO]	78      TEST_CODE_ERROR       None  [4 edit(s)]       
2023-12-15 03:28:48,717	[DEBUG]	IfReplacement(('triangle.cpp.xml', 'if', 1), ('triangle.cpp.xml', 'stmt', 16)) | IfDeletion(('triangle.cpp.xml', 'if', 1)) | ExprStmtReplacement(('triangle.cpp.xml', 'expr_stmt', 1), ('triangle.cpp.xml', 'stmt', 14)) | ReturnInsertion(('triangle.cpp.xml', '_inter_block', 17), ('triangle.cpp.xml', 'return', 0))
2023-12-15 03:28:48,718	[INFO]	79      TEST_CODE_ERROR       None  [4 edit(s)]       
2023-12-15 03:28:49,477	[DEBUG]	IfReplacement(('triangle.cpp.xml', 'if', 1), ('triangle.cpp.xml', 'stmt', 16)) | IfDeletion(('triangle.cpp.xml', 'if', 1)) | ExprStmtReplacement(('triangle.cpp.xml', 'expr_stmt', 1), ('triangle.cpp.xml', 'stmt', 14)) | ReturnInsertion(('triangle.cpp.xml', '_inter_block', 10), ('triangle.cpp.xml', 'return', 2))
2023-12-15 03:28:49,478	[INFO]	80      TEST_CODE_ERROR       None  [4 edit(s)]       
2023-12-15 03:28:50,276	[DEBUG]	IfReplacement(('triangle.cpp.xml', 'if', 1), ('triangle.cpp.xml', 'stmt', 16)) | IfDeletion(('triangle.cpp.xml', 'if', 1)) | ExprStmtReplacement(('triangle.cpp.xml', 'expr_stmt', 1), ('triangle.cpp.xml', 'stmt', 14)) | ReturnDeletion(('triangle.cpp.xml', 'return', 3))
2023-12-15 03:28:50,276	[INFO]	81      TEST_CODE_ERROR       None  [4 edit(s)]       
2023-12-15 03:28:51,051	[DEBUG]	IfReplacement(('triangle.cpp.xml', 'if', 1), ('triangle.cpp.xml', 'stmt', 16)) | IfDeletion(('triangle.cpp.xml', 'if', 1)) | ExprStmtReplacement(('triangle.cpp.xml', 'expr_stmt', 1), ('triangle.cpp.xml', 'stmt', 14)) | ExprStmtReplacement(('triangle.cpp.xml', 'expr_stmt', 1), ('triangle.cpp.xml', 'stmt', 18))
2023-12-15 03:28:51,051	[INFO]	82      TEST_CODE_ERROR       None  [4 edit(s)]       
2023-12-15 03:28:51,848	[DEBUG]	IfReplacement(('triangle.cpp.xml', 'if', 1), ('triangle.cpp.xml', 'stmt', 16)) | IfDeletion(('triangle.cpp.xml', 'if', 1)) | ExprStmtReplacement(('triangle.cpp.xml', 'expr_stmt', 1), ('triangle.cpp.xml', 'stmt', 14)) | ReturnReplacement(('triangle.cpp.xml', 'return', 1), ('triangle.cpp.xml', 'stmt', 13))
2023-12-15 03:28:51,848	[INFO]	83      TEST_CODE_ERROR       None  [4 edit(s)]       
2023-12-15 03:28:52,649	[DEBUG]	IfReplacement(('triangle.cpp.xml', 'if', 1), ('triangle.cpp.xml', 'stmt', 16)) | IfDeletion(('triangle.cpp.xml', 'if', 1)) | ExprStmtReplacement(('triangle.cpp.xml', 'expr_stmt', 1), ('triangle.cpp.xml', 'stmt', 14)) | IfDeletion(('triangle.cpp.xml', 'if', 3))
2023-12-15 03:28:52,649	[INFO]	84      TEST_CODE_ERROR      +None  [4 edit(s)]       
2023-12-15 03:28:52,652	[DEBUG]	--- before: triangle.cpp
+++ after: triangle.cpp
@@ -8,7 +8,11 @@
 int classify_triangle(double a, double b, double c) {
   double tmp;
 
-  delay();
+  if(a > c) {
+    tmp = a;
+    a = c;
+    c = tmp;
+  }
 
   // Sort the sides so that a <= b <= c
   if(a > b) {
@@ -17,17 +21,9 @@
     b = tmp;
   }
 
-  if(a > c) {
-    tmp = a;
-    a = c;
-    c = tmp;
-  }
+  
 
-  if(b > c) {
-    tmp = b;
-    b = c;
-    c = tmp;
-  }
+  
 
   if(a + b <= c)
     /*auto*/{

2023-12-15 03:28:52,654	[DEBUG]	IfReplacement(('triangle.cpp.xml', 'if', 1), ('triangle.cpp.xml', 'stmt', 16)) | IfDeletion(('triangle.cpp.xml', 'if', 1)) | ExprStmtReplacement(('triangle.cpp.xml', 'expr_stmt', 1), ('triangle.cpp.xml', 'stmt', 14)) | ReturnInsertion(('triangle.cpp.xml', '_inter_block', 25), ('triangle.cpp.xml', 'return', 1)) | IfInsertion(('triangle.cpp.xml', '_inter_block', 23), ('triangle.cpp.xml', 'if', 2))
2023-12-15 03:28:52,655	[INFO]	85      SUCCESS               1201754 (81.66%) [5 edit(s)] 
2023-12-15 03:28:53,505	[DEBUG]	IfReplacement(('triangle.cpp.xml', 'if', 1), ('triangle.cpp.xml', 'stmt', 16)) | IfDeletion(('triangle.cpp.xml', 'if', 1)) | ExprStmtReplacement(('triangle.cpp.xml', 'expr_stmt', 1), ('triangle.cpp.xml', 'stmt', 14)) | ReturnInsertion(('triangle.cpp.xml', '_inter_block', 25), ('triangle.cpp.xml', 'return', 1)) | ReturnInsertion(('triangle.cpp.xml', '_inter_block', 19), ('triangle.cpp.xml', 'return', 1))
2023-12-15 03:28:53,505	[INFO]	86      TEST_CODE_ERROR       None  [5 edit(s)]       
2023-12-15 03:28:53,653	[DEBUG]	IfReplacement(('triangle.cpp.xml', 'if', 1), ('triangle.cpp.xml', 'stmt', 16)) | IfDeletion(('triangle.cpp.xml', 'if', 1)) | ExprStmtReplacement(('triangle.cpp.xml', 'expr_stmt', 1), ('triangle.cpp.xml', 'stmt', 14)) | ReturnInsertion(('triangle.cpp.xml', '_inter_block', 25), ('triangle.cpp.xml', 'return', 1)) | DeclStmtDeletion(('triangle.cpp.xml', 'decl_stmt', 0))
2023-12-15 03:28:53,653	[INFO]	87      COMPILE_CODE_ERROR    None  [5 edit(s)]       
2023-12-15 03:28:53,656	[DEBUG]	IfReplacement(('triangle.cpp.xml', 'if', 1), ('triangle.cpp.xml', 'stmt', 16)) | IfDeletion(('triangle.cpp.xml', 'if', 1)) | ExprStmtReplacement(('triangle.cpp.xml', 'expr_stmt', 1), ('triangle.cpp.xml', 'stmt', 14)) | ReturnInsertion(('triangle.cpp.xml', '_inter_block', 25), ('triangle.cpp.xml', 'return', 1)) | ExprStmtReplacement(('triangle.cpp.xml', 'expr_stmt', 9), ('triangle.cpp.xml', 'stmt', 22))
2023-12-15 03:28:53,656	[INFO]	88      SUCCESS               1201754 (81.66%) [5 edit(s)] 
2023-12-15 03:28:54,407	[DEBUG]	IfReplacement(('triangle.cpp.xml', 'if', 1), ('triangle.cpp.xml', 'stmt', 16)) | IfDeletion(('triangle.cpp.xml', 'if', 1)) | ExprStmtReplacement(('triangle.cpp.xml', 'expr_stmt', 1), ('triangle.cpp.xml', 'stmt', 14)) | ReturnInsertion(('triangle.cpp.xml', '_inter_block', 25), ('triangle.cpp.xml', 'return', 1)) | IfReplacement(('triangle.cpp.xml', 'if', 4), ('triangle.cpp.xml', 'stmt', 10))
2023-12-15 03:28:54,408	[INFO]	89      TEST_CODE_ERROR       None  [5 edit(s)]       
2023-12-15 03:28:55,165	[DEBUG]	IfReplacement(('triangle.cpp.xml', 'if', 1), ('triangle.cpp.xml', 'stmt', 16)) | IfDeletion(('triangle.cpp.xml', 'if', 1)) | ExprStmtReplacement(('triangle.cpp.xml', 'expr_stmt', 1), ('triangle.cpp.xml', 'stmt', 14)) | ReturnInsertion(('triangle.cpp.xml', '_inter_block', 25), ('triangle.cpp.xml', 'return', 1)) | IfDeletion(('triangle.cpp.xml', 'if', 5))
2023-12-15 03:28:55,165	[INFO]	90      TEST_CODE_ERROR       None  [5 edit(s)]       
2023-12-15 03:28:55,944	[DEBUG]	IfReplacement(('triangle.cpp.xml', 'if', 1), ('triangle.cpp.xml', 'stmt', 16)) | IfDeletion(('triangle.cpp.xml', 'if', 1)) | ExprStmtReplacement(('triangle.cpp.xml', 'expr_stmt', 1), ('triangle.cpp.xml', 'stmt', 14)) | ReturnInsertion(('triangle.cpp.xml', '_inter_block', 25), ('triangle.cpp.xml', 'return', 1)) | ExprStmtInsertion(('triangle.cpp.xml', '_inter_block', 9), ('triangle.cpp.xml', 'expr_stmt', 6))
2023-12-15 03:28:55,945	[INFO]	91      TEST_CODE_ERROR       None  [5 edit(s)]       
2023-12-15 03:28:56,086	[DEBUG]	IfReplacement(('triangle.cpp.xml', 'if', 1), ('triangle.cpp.xml', 'stmt', 16)) | IfDeletion(('triangle.cpp.xml', 'if', 1)) | ExprStmtReplacement(('triangle.cpp.xml', 'expr_stmt', 1), ('triangle.cpp.xml', 'stmt', 14)) | ReturnInsertion(('triangle.cpp.xml', '_inter_block', 25), ('triangle.cpp.xml', 'return', 1)) | DeclStmtInsertion(('triangle.cpp.xml', '_inter_block', 1), ('triangle.cpp.xml', 'decl_stmt', 0))
2023-12-15 03:28:56,087	[INFO]	92      COMPILE_CODE_ERROR    None  [5 edit(s)]       
2023-12-15 03:28:56,999	[DEBUG]	EXEC>  SUCCESS 1201755
2023-12-15 03:28:56,999	[DEBUG]	IfReplacement(('triangle.cpp.xml', 'if', 1), ('triangle.cpp.xml', 'stmt', 16)) | IfDeletion(('triangle.cpp.xml', 'if', 1)) | ExprStmtReplacement(('triangle.cpp.xml', 'expr_stmt', 1), ('triangle.cpp.xml', 'stmt', 14)) | ReturnInsertion(('triangle.cpp.xml', '_inter_block', 25), ('triangle.cpp.xml', 'return', 1)) | ReturnInsertion(('triangle.cpp.xml', '_inter_block', 31), ('triangle.cpp.xml', 'return', 0))
2023-12-15 03:28:57,000	[INFO]	93      SUCCESS               1201755 (81.66%) [5 edit(s)] 
2023-12-15 03:28:57,895	[DEBUG]	EXEC>  SUCCESS 1201582
2023-12-15 03:28:57,895	[DEBUG]	IfReplacement(('triangle.cpp.xml', 'if', 1), ('triangle.cpp.xml', 'stmt', 16)) | IfDeletion(('triangle.cpp.xml', 'if', 1)) | ExprStmtReplacement(('triangle.cpp.xml', 'expr_stmt', 1), ('triangle.cpp.xml', 'stmt', 14)) | ReturnInsertion(('triangle.cpp.xml', '_inter_block', 25), ('triangle.cpp.xml', 'return', 1)) | IfDeletion(('triangle.cpp.xml', 'if', 0))
2023-12-15 03:28:57,896	[INFO]	94      SUCCESS              *1201582 (81.65%) [5 edit(s)] 
2023-12-15 03:28:57,899	[DEBUG]	--- before: triangle.cpp
+++ after: triangle.cpp
@@ -8,7 +8,7 @@
 int classify_triangle(double a, double b, double c) {
   double tmp;
 
-  delay();
+  
 
   // Sort the sides so that a <= b <= c
   if(a > b) {
@@ -17,11 +17,7 @@
     b = tmp;
   }
 
-  if(a > c) {
-    tmp = a;
-    a = c;
-    c = tmp;
-  }
+  
 
   if(b > c) {
     tmp = b;

2023-12-15 03:28:58,811	[DEBUG]	EXEC>  SUCCESS 1201754
2023-12-15 03:28:58,812	[DEBUG]	IfReplacement(('triangle.cpp.xml', 'if', 1), ('triangle.cpp.xml', 'stmt', 16)) | IfDeletion(('triangle.cpp.xml', 'if', 1)) | ExprStmtReplacement(('triangle.cpp.xml', 'expr_stmt', 1), ('triangle.cpp.xml', 'stmt', 14)) | ReturnInsertion(('triangle.cpp.xml', '_inter_block', 25), ('triangle.cpp.xml', 'return', 1)) | ReturnInsertion(('triangle.cpp.xml', '_inter_block', 13), ('triangle.cpp.xml', 'return', 3))
2023-12-15 03:28:58,812	[INFO]	95      SUCCESS               1201754 (81.66%) [5 edit(s)] 
2023-12-15 03:28:58,814	[INFO]	==== END ====
2023-12-15 03:28:58,815	[INFO]	
2023-12-15 03:28:58,815	[INFO]	==== REPORT ====
2023-12-15 03:28:58,815	[INFO]	Termination: time budget
2023-12-15 03:28:58,816	[INFO]	Log file: /cs/student/ug/2020/damibose/projects/magpie/_magpie_logs/triangle-cpp_slow_1702610871.log
2023-12-15 03:28:58,818	[INFO]	Patch file: _magpie_logs/triangle-cpp_slow_1702610871.patch
2023-12-15 03:28:58,818	[INFO]	Diff file: _magpie_logs/triangle-cpp_slow_1702610871.diff
2023-12-15 03:28:58,818	[INFO]	Best fitness: 1201582
2023-12-15 03:28:58,819	[INFO]	Best patch: IfReplacement(('triangle.cpp.xml', 'if', 1), ('triangle.cpp.xml', 'stmt', 16)) | IfDeletion(('triangle.cpp.xml', 'if', 1)) | ExprStmtReplacement(('triangle.cpp.xml', 'expr_stmt', 1), ('triangle.cpp.xml', 'stmt', 14)) | ReturnInsertion(('triangle.cpp.xml', '_inter_block', 25), ('triangle.cpp.xml', 'return', 1)) | IfDeletion(('triangle.cpp.xml', 'if', 0))
2023-12-15 03:28:58,820	[INFO]	Diff:
--- before: triangle.cpp
+++ after: triangle.cpp
@@ -8,7 +8,7 @@
 int classify_triangle(double a, double b, double c) {
   double tmp;
 
-  delay();
+  
 
   // Sort the sides so that a <= b <= c
   if(a > b) {
@@ -17,11 +17,7 @@
     b = tmp;
   }
 
-  if(a > c) {
-    tmp = a;
-    a = c;
-    c = tmp;
-  }
+  
 
   if(b > c) {
     tmp = b;

