2024-01-16 00:48:04,531	[DEBUG]	==== CONFIG ====
[magpie]
import = 
seed = 0
log_dir = _magpie_logs
work_dir = _magpie_work
final_out_dir = experiments/results/RandomSearch/UniformSelector/trial_0
local_original_copy = True
local_original_name = __original__
output_encoding = ascii
edit_retries = 10
default_timeout = 30
default_lengthout = 10000.0
diff_method = unified
trust_local_filesystem = True

[software]
path = examples/code/triangle-cpp_slow
target_files = 
	triangle.cpp.xml
program = BasicProgram
engine_rules = 
	*.params : ConfigFileParamsEngine
	*.xml : SrcmlEngine
	* : LineEngine
engine_config = 
	*.params : [params]
	*.xml : [srcml]
init_cmd = 
init_timeout = 60
init_lengthout = -1
setup_cmd = ./setup.sh
setup_timeout = 
setup_lengthout = 
compile_cmd = ./compile.sh
compile_timeout = 
compile_lengthout = 
test_cmd = ./build/test_triangle
test_timeout = 
test_lengthout = 
run_cmd = ./build/run_triangle
run_timeout = 1
run_lengthout = 
batch_timeout = 
batch_lengthout = 
batch_bin_fitness_strategy = aggregate
batch_fitness_strategy = sum
fitness = time

[srcml]
rename = 
	stmt: break continue decl_stmt do expr_stmt for goto if return switch while
	number: literal_number
focus = block stmt operator_comp operator_arith number
internodes = block
process_pseudo_blocks = True
process_literals = True
process_operators = True

[params]
timing = test run
cli_prefix = --
cli_glue = =
cli_boolean = show
cli_boolean_prefix_true = 
cli_boolean_prefix_false = no-
silent_prefix = @
silent_suffix = $

[search]
protocol = BasicProtocol
algorithm = RandomSearch
possible_edits = 
	StmtReplacement
	StmtInsertion
	StmtDeletion
warmup = 1
warmup_strategy = median
max_steps = 100
max_time = 
target_fitness = 
cache_maxsize = 40
cache_keep = 0.2
batch_instances = 
batch_shuffle = True
batch_bin_shuffle = False
batch_sample_size = 1
operator_selector = UniformSelector
c = 1.4

[search.ls]
delete_prob = 0.5
max_neighbours = 
when_trapped = continue
accept_fail = False
tabu_length = 10

[search.gp]
pop_size = 10
delete_prob = 0.5
offspring_elitism = 0.1
offspring_crossover = 0.5
offspring_mutation = 0.4
uniform_rate = 0.5
batch_reset = True

[search.minify]
do_cleanup = True
do_rebuild = True
do_simplify = True
round_robin_limit = 3


2024-01-16 00:48:04,537	[INFO]	==== WARMUP ====
2024-01-16 00:48:07,225	[DEBUG]	EXEC>  SUCCESS 0.1032
2024-01-16 00:48:07,225	[INFO]	WARM    SUCCESS               0.1032                  
2024-01-16 00:48:07,226	[INFO]	INITIAL SUCCESS               0.1032                  
2024-01-16 00:48:07,226	[INFO]	==== START: RandomSearch ====
2024-01-16 00:48:08,046	[DEBUG]	StmtReplacement(('triangle.cpp.xml', 'stmt', 14), ('triangle.cpp.xml', 'stmt', 21))
2024-01-16 00:48:08,046	[INFO]	1       TEST_CODE_ERROR       None  [1 edit(s)]       
2024-01-16 00:48:08,947	[DEBUG]	EXEC>  SUCCESS 0.0983
2024-01-16 00:48:08,947	[DEBUG]	StmtInsertion(('triangle.cpp.xml', '_inter_block', 18), ('triangle.cpp.xml', 'stmt', 8))
2024-01-16 00:48:08,948	[INFO]	2       SUCCESS              *0.0983 (95.25%) [1 edit(s)] 
2024-01-16 00:48:08,949	[DEBUG]	--- before: triangle.cpp
+++ after: triangle.cpp
@@ -12,6 +12,11 @@
 
   // Sort the sides so that a <= b <= c
   if(a > b) {
+    if(a > c) {
+      tmp = a;
+      a = c;
+      c = tmp;
+    }
     tmp = a;
     a = b;
     b = tmp;

2024-01-16 00:48:09,103	[DEBUG]	StmtReplacement(('triangle.cpp.xml', 'stmt', 2), ('triangle.cpp.xml', 'stmt', 19))
2024-01-16 00:48:09,103	[INFO]	3       COMPILE_CODE_ERROR    None  [1 edit(s)]       
2024-01-16 00:48:09,909	[DEBUG]	StmtReplacement(('triangle.cpp.xml', 'stmt', 14), ('triangle.cpp.xml', 'stmt', 20))
2024-01-16 00:48:09,909	[INFO]	4       TEST_CODE_ERROR       None  [1 edit(s)]       
2024-01-16 00:48:10,758	[DEBUG]	StmtDeletion(('triangle.cpp.xml', 'stmt', 5))
2024-01-16 00:48:10,758	[INFO]	5       TEST_CODE_ERROR       None  [1 edit(s)]       
2024-01-16 00:48:11,562	[DEBUG]	StmtDeletion(('triangle.cpp.xml', 'stmt', 17))
2024-01-16 00:48:11,562	[INFO]	6       TEST_CODE_ERROR       None  [1 edit(s)]       
2024-01-16 00:48:12,351	[DEBUG]	StmtReplacement(('triangle.cpp.xml', 'stmt', 11), ('triangle.cpp.xml', 'stmt', 0))
2024-01-16 00:48:12,351	[INFO]	7       TEST_CODE_ERROR       None  [1 edit(s)]       
2024-01-16 00:48:13,110	[DEBUG]	StmtReplacement(('triangle.cpp.xml', 'stmt', 7), ('triangle.cpp.xml', 'stmt', 22))
2024-01-16 00:48:13,110	[INFO]	8       TEST_CODE_ERROR       None  [1 edit(s)]       
2024-01-16 00:48:13,946	[DEBUG]	StmtInsertion(('triangle.cpp.xml', '_inter_block', 24), ('triangle.cpp.xml', 'stmt', 19))
2024-01-16 00:48:13,947	[INFO]	9       TEST_CODE_ERROR       None  [1 edit(s)]       
2024-01-16 00:48:14,729	[DEBUG]	StmtDeletion(('triangle.cpp.xml', 'stmt', 9))
2024-01-16 00:48:14,729	[INFO]	10      TEST_CODE_ERROR       None  [1 edit(s)]       
2024-01-16 00:48:15,557	[DEBUG]	StmtInsertion(('triangle.cpp.xml', '_inter_block', 25), ('triangle.cpp.xml', 'stmt', 19))
2024-01-16 00:48:15,557	[INFO]	11      TEST_CODE_ERROR       None  [1 edit(s)]       
2024-01-16 00:48:16,452	[DEBUG]	EXEC>  SUCCESS 0.108
2024-01-16 00:48:16,453	[DEBUG]	StmtInsertion(('triangle.cpp.xml', '_inter_block', 29), ('triangle.cpp.xml', 'stmt', 16))
2024-01-16 00:48:16,453	[INFO]	12      SUCCESS               0.108 (104.65%) [1 edit(s)] 
2024-01-16 00:48:17,320	[DEBUG]	StmtDeletion(('triangle.cpp.xml', 'stmt', 5))
2024-01-16 00:48:17,320	[INFO]	13      TEST_CODE_ERROR       None  [1 edit(s)]       
2024-01-16 00:48:18,178	[DEBUG]	StmtInsertion(('triangle.cpp.xml', '_inter_block', 13), ('triangle.cpp.xml', 'stmt', 21))
2024-01-16 00:48:18,178	[INFO]	14      TEST_CODE_ERROR       None  [1 edit(s)]       
2024-01-16 00:48:19,006	[DEBUG]	StmtInsertion(('triangle.cpp.xml', '_inter_block', 23), ('triangle.cpp.xml', 'stmt', 12))
2024-01-16 00:48:19,006	[INFO]	15      TEST_CODE_ERROR       None  [1 edit(s)]       
2024-01-16 00:48:19,806	[DEBUG]	StmtDeletion(('triangle.cpp.xml', 'stmt', 11))
2024-01-16 00:48:19,806	[INFO]	16      TEST_CODE_ERROR       None  [1 edit(s)]       
2024-01-16 00:48:20,635	[DEBUG]	StmtDeletion(('triangle.cpp.xml', 'stmt', 9))
2024-01-16 00:48:20,635	[INFO]	17      TEST_CODE_ERROR       None  [1 edit(s)]       
2024-01-16 00:48:21,583	[DEBUG]	EXEC>  SUCCESS 0.0983
2024-01-16 00:48:21,584	[DEBUG]	StmtInsertion(('triangle.cpp.xml', '_inter_block', 13), ('triangle.cpp.xml', 'stmt', 5))
2024-01-16 00:48:21,585	[INFO]	18      SUCCESS               0.0983 (95.25%) [1 edit(s)] 
2024-01-16 00:48:22,395	[DEBUG]	StmtReplacement(('triangle.cpp.xml', 'stmt', 22), ('triangle.cpp.xml', 'stmt', 11))
2024-01-16 00:48:22,396	[INFO]	19      TEST_CODE_ERROR       None  [1 edit(s)]       
2024-01-16 00:48:23,197	[DEBUG]	StmtInsertion(('triangle.cpp.xml', '_inter_block', 14), ('triangle.cpp.xml', 'stmt', 14))
2024-01-16 00:48:23,197	[INFO]	20      TEST_CODE_ERROR       None  [1 edit(s)]       
2024-01-16 00:48:23,959	[DEBUG]	StmtDeletion(('triangle.cpp.xml', 'stmt', 5))
2024-01-16 00:48:23,960	[INFO]	21      TEST_CODE_ERROR       None  [1 edit(s)]       
2024-01-16 00:48:24,790	[DEBUG]	StmtReplacement(('triangle.cpp.xml', 'stmt', 8), ('triangle.cpp.xml', 'stmt', 17))
2024-01-16 00:48:24,790	[INFO]	22      TEST_CODE_ERROR       None  [1 edit(s)]       
2024-01-16 00:48:25,591	[DEBUG]	StmtInsertion(('triangle.cpp.xml', '_inter_block', 10), ('triangle.cpp.xml', 'stmt', 7))
2024-01-16 00:48:25,591	[INFO]	23      TEST_CODE_ERROR       None  [1 edit(s)]       
2024-01-16 00:48:26,428	[DEBUG]	StmtInsertion(('triangle.cpp.xml', '_inter_block', 15), ('triangle.cpp.xml', 'stmt', 19))
2024-01-16 00:48:26,429	[INFO]	24      TEST_CODE_ERROR       None  [1 edit(s)]       
2024-01-16 00:48:27,244	[DEBUG]	StmtDeletion(('triangle.cpp.xml', 'stmt', 11))
2024-01-16 00:48:27,244	[INFO]	25      TEST_CODE_ERROR       None  [1 edit(s)]       
2024-01-16 00:48:28,042	[DEBUG]	StmtInsertion(('triangle.cpp.xml', '_inter_block', 28), ('triangle.cpp.xml', 'stmt', 6))
2024-01-16 00:48:28,042	[INFO]	26      TEST_CODE_ERROR       None  [1 edit(s)]       
2024-01-16 00:48:28,840	[DEBUG]	StmtDeletion(('triangle.cpp.xml', 'stmt', 11))
2024-01-16 00:48:28,841	[INFO]	27      TEST_CODE_ERROR       None  [1 edit(s)]       
2024-01-16 00:48:29,776	[DEBUG]	EXEC>  SUCCESS 0.0956
2024-01-16 00:48:29,777	[DEBUG]	StmtInsertion(('triangle.cpp.xml', '_inter_block', 20), ('triangle.cpp.xml', 'stmt', 16))
2024-01-16 00:48:29,778	[INFO]	28      SUCCESS              *0.0956 (92.64%) [1 edit(s)] 
2024-01-16 00:48:29,779	[DEBUG]	--- before: triangle.cpp
+++ after: triangle.cpp
@@ -14,6 +14,10 @@
   if(a > b) {
     tmp = a;
     a = b;
+    if(a + b <= c)
+      /*auto*/{
+        return INVALID;
+      }/*auto*/
     b = tmp;
   }
 

2024-01-16 00:48:30,683	[DEBUG]	EXEC>  SUCCESS 0.1052
2024-01-16 00:48:30,684	[DEBUG]	StmtReplacement(('triangle.cpp.xml', 'stmt', 15), ('triangle.cpp.xml', 'stmt', 11))
2024-01-16 00:48:30,684	[INFO]	29      SUCCESS               0.1052 (101.94%) [1 edit(s)] 
2024-01-16 00:48:31,476	[DEBUG]	StmtDeletion(('triangle.cpp.xml', 'stmt', 15))
2024-01-16 00:48:31,476	[INFO]	30      TEST_CODE_ERROR       None  [1 edit(s)]       
2024-01-16 00:48:32,275	[DEBUG]	StmtDeletion(('triangle.cpp.xml', 'stmt', 12))
2024-01-16 00:48:32,276	[INFO]	31      TEST_CODE_ERROR       None  [1 edit(s)]       
2024-01-16 00:48:33,086	[DEBUG]	StmtReplacement(('triangle.cpp.xml', 'stmt', 6), ('triangle.cpp.xml', 'stmt', 15))
2024-01-16 00:48:33,086	[INFO]	32      TEST_CODE_ERROR       None  [1 edit(s)]       
2024-01-16 00:48:33,936	[DEBUG]	StmtInsertion(('triangle.cpp.xml', '_inter_block', 30), ('triangle.cpp.xml', 'stmt', 21))
2024-01-16 00:48:33,936	[INFO]	33      TEST_CODE_ERROR       None  [1 edit(s)]       
2024-01-16 00:48:34,086	[DEBUG]	StmtDeletion(('triangle.cpp.xml', 'stmt', 2))
2024-01-16 00:48:34,087	[INFO]	34      COMPILE_CODE_ERROR    None  [1 edit(s)]       
2024-01-16 00:48:34,922	[DEBUG]	StmtReplacement(('triangle.cpp.xml', 'stmt', 16), ('triangle.cpp.xml', 'stmt', 14))
2024-01-16 00:48:34,923	[INFO]	35      TEST_CODE_ERROR       None  [1 edit(s)]       
2024-01-16 00:48:35,759	[DEBUG]	StmtDeletion(('triangle.cpp.xml', 'stmt', 21))
2024-01-16 00:48:35,760	[INFO]	36      TEST_CODE_ERROR       None  [1 edit(s)]       
2024-01-16 00:48:36,575	[DEBUG]	EXEC>  SUCCESS 0.0238
2024-01-16 00:48:36,575	[DEBUG]	StmtReplacement(('triangle.cpp.xml', 'stmt', 3), ('triangle.cpp.xml', 'stmt', 8))
2024-01-16 00:48:36,576	[INFO]	37      SUCCESS              *0.0238 (23.06%) [1 edit(s)] 
2024-01-16 00:48:36,577	[DEBUG]	--- before: triangle.cpp
+++ after: triangle.cpp
@@ -8,7 +8,11 @@
 int classify_triangle(double a, double b, double c) {
   double tmp;
 
-  delay();
+  if(a > c) {
+    tmp = a;
+    a = c;
+    c = tmp;
+  }
 
   // Sort the sides so that a <= b <= c
   if(a > b) {

2024-01-16 00:48:37,486	[DEBUG]	EXEC>  SUCCESS 0.0958
2024-01-16 00:48:37,486	[DEBUG]	StmtDeletion(('triangle.cpp.xml', 'stmt', 4))
2024-01-16 00:48:37,487	[INFO]	38      SUCCESS               0.0958 (92.83%) [1 edit(s)] 
2024-01-16 00:48:38,307	[DEBUG]	StmtDeletion(('triangle.cpp.xml', 'stmt', 10))
2024-01-16 00:48:38,307	[INFO]	39      TEST_CODE_ERROR       None  [1 edit(s)]       
2024-01-16 00:48:39,209	[DEBUG]	EXEC>  SUCCESS 0.096
2024-01-16 00:48:39,210	[DEBUG]	StmtInsertion(('triangle.cpp.xml', '_inter_block', 9), ('triangle.cpp.xml', 'stmt', 4))
2024-01-16 00:48:39,210	[INFO]	40      SUCCESS               0.096 (93.02%) [1 edit(s)] 
2024-01-16 00:48:40,012	[DEBUG]	StmtDeletion(('triangle.cpp.xml', 'stmt', 19))
2024-01-16 00:48:40,012	[INFO]	41      TEST_CODE_ERROR       None  [1 edit(s)]       
2024-01-16 00:48:40,832	[DEBUG]	StmtDeletion(('triangle.cpp.xml', 'stmt', 13))
2024-01-16 00:48:40,832	[INFO]	42      TEST_CODE_ERROR       None  [1 edit(s)]       
2024-01-16 00:48:41,788	[DEBUG]	EXEC>  SUCCESS 0.096
2024-01-16 00:48:41,788	[DEBUG]	StmtInsertion(('triangle.cpp.xml', '_inter_block', 33), ('triangle.cpp.xml', 'stmt', 9))
2024-01-16 00:48:41,789	[INFO]	43      SUCCESS               0.096 (93.02%) [1 edit(s)] 
2024-01-16 00:48:42,651	[DEBUG]	StmtReplacement(('triangle.cpp.xml', 'stmt', 5), ('triangle.cpp.xml', 'stmt', 2))
2024-01-16 00:48:42,651	[INFO]	44      TEST_CODE_ERROR       None  [1 edit(s)]       
2024-01-16 00:48:43,582	[DEBUG]	EXEC>  SUCCESS 0.1067
2024-01-16 00:48:43,583	[DEBUG]	StmtInsertion(('triangle.cpp.xml', '_inter_block', 16), ('triangle.cpp.xml', 'stmt', 0))
2024-01-16 00:48:43,583	[INFO]	45      SUCCESS               0.1067 (103.39%) [1 edit(s)] 
2024-01-16 00:48:44,479	[DEBUG]	EXEC>  SUCCESS 0.0969
2024-01-16 00:48:44,480	[DEBUG]	StmtInsertion(('triangle.cpp.xml', '_inter_block', 21), ('triangle.cpp.xml', 'stmt', 8))
2024-01-16 00:48:44,481	[INFO]	46      SUCCESS               0.0969 (93.9%) [1 edit(s)] 
2024-01-16 00:48:45,282	[DEBUG]	StmtReplacement(('triangle.cpp.xml', 'stmt', 22), ('triangle.cpp.xml', 'stmt', 11))
2024-01-16 00:48:45,282	[INFO]	47      TEST_CODE_ERROR       None  [1 edit(s)]       
2024-01-16 00:48:46,099	[DEBUG]	StmtReplacement(('triangle.cpp.xml', 'stmt', 3), ('triangle.cpp.xml', 'stmt', 7))
2024-01-16 00:48:46,099	[INFO]	48      TEST_CODE_ERROR       None  [1 edit(s)]       
2024-01-16 00:48:46,936	[DEBUG]	StmtDeletion(('triangle.cpp.xml', 'stmt', 11))
2024-01-16 00:48:46,936	[INFO]	49      TEST_CODE_ERROR       None  [1 edit(s)]       
2024-01-16 00:48:47,910	[DEBUG]	EXEC>  SUCCESS 0.1077
2024-01-16 00:48:47,911	[DEBUG]	StmtInsertion(('triangle.cpp.xml', '_inter_block', 26), ('triangle.cpp.xml', 'stmt', 9))
2024-01-16 00:48:47,912	[INFO]	50      SUCCESS               0.1077 (104.36%) [1 edit(s)] 
2024-01-16 00:48:48,072	[DEBUG]	StmtInsertion(('triangle.cpp.xml', '_inter_block', 3), ('triangle.cpp.xml', 'stmt', 3))
2024-01-16 00:48:48,073	[INFO]	51      COMPILE_CODE_ERROR    None  [1 edit(s)]       
2024-01-16 00:48:48,863	[DEBUG]	StmtDeletion(('triangle.cpp.xml', 'stmt', 10))
2024-01-16 00:48:48,863	[INFO]	52      TEST_CODE_ERROR       None  [1 edit(s)]       
2024-01-16 00:48:49,716	[DEBUG]	StmtDeletion(('triangle.cpp.xml', 'stmt', 10))
2024-01-16 00:48:49,716	[INFO]	53      TEST_CODE_ERROR       None  [1 edit(s)]       
2024-01-16 00:48:49,888	[DEBUG]	StmtInsertion(('triangle.cpp.xml', '_inter_block', 2), ('triangle.cpp.xml', 'stmt', 9))
2024-01-16 00:48:49,888	[INFO]	54      COMPILE_CODE_ERROR    None  [1 edit(s)]       
2024-01-16 00:48:50,724	[DEBUG]	StmtReplacement(('triangle.cpp.xml', 'stmt', 9), ('triangle.cpp.xml', 'stmt', 19))
2024-01-16 00:48:50,724	[INFO]	55      TEST_CODE_ERROR       None  [1 edit(s)]       
2024-01-16 00:48:51,530	[DEBUG]	StmtReplacement(('triangle.cpp.xml', 'stmt', 11), ('triangle.cpp.xml', 'stmt', 8))
2024-01-16 00:48:51,530	[INFO]	56      TEST_CODE_ERROR       None  [1 edit(s)]       
2024-01-16 00:48:52,317	[DEBUG]	StmtReplacement(('triangle.cpp.xml', 'stmt', 12), ('triangle.cpp.xml', 'stmt', 22))
2024-01-16 00:48:52,317	[INFO]	57      TEST_CODE_ERROR       None  [1 edit(s)]       
2024-01-16 00:48:53,098	[DEBUG]	StmtDeletion(('triangle.cpp.xml', 'stmt', 15))
2024-01-16 00:48:53,098	[INFO]	58      TEST_CODE_ERROR       None  [1 edit(s)]       
2024-01-16 00:48:53,877	[DEBUG]	StmtReplacement(('triangle.cpp.xml', 'stmt', 4), ('triangle.cpp.xml', 'stmt', 19))
2024-01-16 00:48:53,878	[INFO]	59      TEST_CODE_ERROR       None  [1 edit(s)]       
2024-01-16 00:48:54,880	[DEBUG]	EXEC>  SUCCESS 0.1053
2024-01-16 00:48:54,881	[DEBUG]	StmtInsertion(('triangle.cpp.xml', '_inter_block', 22), ('triangle.cpp.xml', 'stmt', 18))
2024-01-16 00:48:54,882	[INFO]	60      SUCCESS               0.1053 (102.03%) [1 edit(s)] 
2024-01-16 00:48:55,721	[DEBUG]	StmtDeletion(('triangle.cpp.xml', 'stmt', 13))
2024-01-16 00:48:55,721	[INFO]	61      TEST_CODE_ERROR       None  [1 edit(s)]       
2024-01-16 00:48:55,883	[DEBUG]	StmtInsertion(('triangle.cpp.xml', '_inter_block', 6), ('triangle.cpp.xml', 'stmt', 15))
2024-01-16 00:48:55,884	[INFO]	62      COMPILE_CODE_ERROR    None  [1 edit(s)]       
2024-01-16 00:48:56,703	[DEBUG]	StmtReplacement(('triangle.cpp.xml', 'stmt', 14), ('triangle.cpp.xml', 'stmt', 19))
2024-01-16 00:48:56,703	[INFO]	63      TEST_CODE_ERROR       None  [1 edit(s)]       
2024-01-16 00:48:57,504	[DEBUG]	StmtDeletion(('triangle.cpp.xml', 'stmt', 11))
2024-01-16 00:48:57,504	[INFO]	64      TEST_CODE_ERROR       None  [1 edit(s)]       
2024-01-16 00:48:57,639	[DEBUG]	StmtReplacement(('triangle.cpp.xml', 'stmt', 2), ('triangle.cpp.xml', 'stmt', 11))
2024-01-16 00:48:57,640	[INFO]	65      COMPILE_CODE_ERROR    None  [1 edit(s)]       
2024-01-16 00:48:57,780	[DEBUG]	StmtInsertion(('triangle.cpp.xml', '_inter_block', 4), ('triangle.cpp.xml', 'stmt', 15))
2024-01-16 00:48:57,781	[INFO]	66      COMPILE_CODE_ERROR    None  [1 edit(s)]       
2024-01-16 00:48:58,706	[DEBUG]	EXEC>  SUCCESS 0.107
2024-01-16 00:48:58,707	[DEBUG]	StmtInsertion(('triangle.cpp.xml', '_inter_block', 31), ('triangle.cpp.xml', 'stmt', 21))
2024-01-16 00:48:58,707	[INFO]	67      SUCCESS               0.107 (103.68%) [1 edit(s)] 
2024-01-16 00:48:59,523	[DEBUG]	StmtDeletion(('triangle.cpp.xml', 'stmt', 5))
2024-01-16 00:48:59,523	[INFO]	68      TEST_CODE_ERROR       None  [1 edit(s)]       
2024-01-16 00:49:00,427	[DEBUG]	EXEC>  SUCCESS 0.0984
2024-01-16 00:49:00,428	[DEBUG]	StmtInsertion(('triangle.cpp.xml', '_inter_block', 17), ('triangle.cpp.xml', 'stmt', 7))
2024-01-16 00:49:00,429	[INFO]	69      SUCCESS               0.0984 (95.35%) [1 edit(s)] 
2024-01-16 00:49:01,317	[DEBUG]	EXEC>  SUCCESS 0.0947
2024-01-16 00:49:01,318	[DEBUG]	StmtReplacement(('triangle.cpp.xml', 'stmt', 8), ('triangle.cpp.xml', 'stmt', 9))
2024-01-16 00:49:01,321	[INFO]	70      SUCCESS               0.0947 (91.76%) [1 edit(s)] 
2024-01-16 00:49:01,457	[DEBUG]	StmtDeletion(('triangle.cpp.xml', 'stmt', 0))
2024-01-16 00:49:01,458	[INFO]	71      COMPILE_CODE_ERROR    None  [1 edit(s)]       
2024-01-16 00:49:02,221	[DEBUG]	StmtDeletion(('triangle.cpp.xml', 'stmt', 9))
2024-01-16 00:49:02,221	[INFO]	72      TEST_CODE_ERROR       None  [1 edit(s)]       
2024-01-16 00:49:03,071	[DEBUG]	StmtReplacement(('triangle.cpp.xml', 'stmt', 21), ('triangle.cpp.xml', 'stmt', 6))
2024-01-16 00:49:03,071	[INFO]	73      TEST_CODE_ERROR       None  [1 edit(s)]       
2024-01-16 00:49:03,919	[DEBUG]	StmtDeletion(('triangle.cpp.xml', 'stmt', 9))
2024-01-16 00:49:03,919	[INFO]	74      TEST_CODE_ERROR       None  [1 edit(s)]       
2024-01-16 00:49:04,818	[DEBUG]	EXEC>  SUCCESS 0.0978
2024-01-16 00:49:04,819	[DEBUG]	StmtInsertion(('triangle.cpp.xml', '_inter_block', 16), ('triangle.cpp.xml', 'stmt', 10))
2024-01-16 00:49:04,819	[INFO]	75      SUCCESS               0.0978 (94.77%) [1 edit(s)] 
2024-01-16 00:49:05,685	[DEBUG]	StmtReplacement(('triangle.cpp.xml', 'stmt', 9), ('triangle.cpp.xml', 'stmt', 6))
2024-01-16 00:49:05,686	[INFO]	76      TEST_CODE_ERROR       None  [1 edit(s)]       
2024-01-16 00:49:06,528	[DEBUG]	StmtReplacement(('triangle.cpp.xml', 'stmt', 8), ('triangle.cpp.xml', 'stmt', 22))
2024-01-16 00:49:06,529	[INFO]	77      TEST_CODE_ERROR       None  [1 edit(s)]       
2024-01-16 00:49:07,492	[DEBUG]	EXEC>  SUCCESS 0.1022
2024-01-16 00:49:07,492	[DEBUG]	StmtInsertion(('triangle.cpp.xml', '_inter_block', 33), ('triangle.cpp.xml', 'stmt', 15))
2024-01-16 00:49:07,493	[INFO]	78      SUCCESS               0.1022 (99.03%) [1 edit(s)] 
2024-01-16 00:49:08,352	[DEBUG]	StmtDeletion(('triangle.cpp.xml', 'stmt', 17))
2024-01-16 00:49:08,353	[INFO]	79      TEST_CODE_ERROR       None  [1 edit(s)]       
2024-01-16 00:49:09,185	[DEBUG]	StmtDeletion(('triangle.cpp.xml', 'stmt', 5))
2024-01-16 00:49:09,185	[INFO]	80      TEST_CODE_ERROR       None  [1 edit(s)]       
2024-01-16 00:49:10,037	[DEBUG]	StmtInsertion(('triangle.cpp.xml', '_inter_block', 14), ('triangle.cpp.xml', 'stmt', 10))
2024-01-16 00:49:10,038	[INFO]	81      TEST_CODE_ERROR       None  [1 edit(s)]       
2024-01-16 00:49:11,029	[DEBUG]	EXEC>  SUCCESS 0.0958
2024-01-16 00:49:11,029	[DEBUG]	StmtInsertion(('triangle.cpp.xml', '_inter_block', 35), ('triangle.cpp.xml', 'stmt', 11))
2024-01-16 00:49:11,031	[INFO]	82      SUCCESS               0.0958 (92.83%) [1 edit(s)] 
2024-01-16 00:49:11,849	[DEBUG]	StmtInsertion(('triangle.cpp.xml', '_inter_block', 9), ('triangle.cpp.xml', 'stmt', 10))
2024-01-16 00:49:11,849	[INFO]	83      TEST_CODE_ERROR       None  [1 edit(s)]       
2024-01-16 00:49:12,000	[DEBUG]	StmtReplacement(('triangle.cpp.xml', 'stmt', 16), ('triangle.cpp.xml', 'stmt', 2))
2024-01-16 00:49:12,000	[INFO]	84      COMPILE_CODE_ERROR    None  [1 edit(s)]       
2024-01-16 00:49:12,891	[DEBUG]	EXEC>  SUCCESS 0.0976
2024-01-16 00:49:12,891	[DEBUG]	StmtDeletion(('triangle.cpp.xml', 'stmt', 4))
2024-01-16 00:49:12,892	[INFO]	85      SUCCESS               0.0976 (94.57%) [1 edit(s)] 
2024-01-16 00:49:13,048	[DEBUG]	StmtInsertion(('triangle.cpp.xml', '_inter_block', 3), ('triangle.cpp.xml', 'stmt', 8))
2024-01-16 00:49:13,048	[INFO]	86      COMPILE_CODE_ERROR    None  [1 edit(s)]       
2024-01-16 00:49:13,855	[DEBUG]	StmtDeletion(('triangle.cpp.xml', 'stmt', 9))
2024-01-16 00:49:13,855	[INFO]	87      TEST_CODE_ERROR       None  [1 edit(s)]       
2024-01-16 00:49:14,796	[DEBUG]	EXEC>  SUCCESS 0.1046
2024-01-16 00:49:14,796	[DEBUG]	StmtInsertion(('triangle.cpp.xml', '_inter_block', 25), ('triangle.cpp.xml', 'stmt', 5))
2024-01-16 00:49:14,797	[INFO]	88      SUCCESS               0.1046 (101.36%) [1 edit(s)] 
2024-01-16 00:49:15,746	[DEBUG]	EXEC>  SUCCESS 0.1054
2024-01-16 00:49:15,747	[DEBUG]	StmtInsertion(('triangle.cpp.xml', '_inter_block', 32), ('triangle.cpp.xml', 'stmt', 8))
2024-01-16 00:49:15,748	[INFO]	89      SUCCESS               0.1054 (102.13%) [1 edit(s)] 
2024-01-16 00:49:16,616	[DEBUG]	StmtInsertion(('triangle.cpp.xml', '_inter_block', 25), ('triangle.cpp.xml', 'stmt', 20))
2024-01-16 00:49:16,616	[INFO]	90      TEST_CODE_ERROR       None  [1 edit(s)]       
2024-01-16 00:49:17,478	[DEBUG]	StmtReplacement(('triangle.cpp.xml', 'stmt', 13), ('triangle.cpp.xml', 'stmt', 14))
2024-01-16 00:49:17,479	[INFO]	91      TEST_CODE_ERROR       None  [1 edit(s)]       
2024-01-16 00:49:18,319	[DEBUG]	EXEC>  SUCCESS 0.0291
2024-01-16 00:49:18,319	[DEBUG]	StmtDeletion(('triangle.cpp.xml', 'stmt', 3))
2024-01-16 00:49:18,320	[INFO]	92      SUCCESS               0.0291 (28.2%) [1 edit(s)] 
2024-01-16 00:49:19,092	[DEBUG]	StmtReplacement(('triangle.cpp.xml', 'stmt', 12), ('triangle.cpp.xml', 'stmt', 13))
2024-01-16 00:49:19,092	[INFO]	93      TEST_CODE_ERROR       None  [1 edit(s)]       
2024-01-16 00:49:19,899	[DEBUG]	StmtReplacement(('triangle.cpp.xml', 'stmt', 6), ('triangle.cpp.xml', 'stmt', 11))
2024-01-16 00:49:19,900	[INFO]	94      TEST_CODE_ERROR       None  [1 edit(s)]       
2024-01-16 00:49:20,810	[DEBUG]	EXEC>  SUCCESS 0.0981
2024-01-16 00:49:20,810	[DEBUG]	StmtReplacement(('triangle.cpp.xml', 'stmt', 4), ('triangle.cpp.xml', 'stmt', 9))
2024-01-16 00:49:20,811	[INFO]	95      SUCCESS               0.0981 (95.06%) [1 edit(s)] 
2024-01-16 00:49:21,624	[DEBUG]	StmtDeletion(('triangle.cpp.xml', 'stmt', 20))
2024-01-16 00:49:21,625	[INFO]	96      TEST_CODE_ERROR       None  [1 edit(s)]       
2024-01-16 00:49:22,557	[DEBUG]	EXEC>  SUCCESS 0.0974
2024-01-16 00:49:22,558	[DEBUG]	StmtInsertion(('triangle.cpp.xml', '_inter_block', 12), ('triangle.cpp.xml', 'stmt', 8))
2024-01-16 00:49:22,559	[INFO]	97      SUCCESS               0.0974 (94.38%) [1 edit(s)] 
2024-01-16 00:49:23,389	[DEBUG]	StmtInsertion(('triangle.cpp.xml', '_inter_block', 29), ('triangle.cpp.xml', 'stmt', 19))
2024-01-16 00:49:23,389	[INFO]	98      TEST_CODE_ERROR       None  [1 edit(s)]       
2024-01-16 00:49:24,187	[DEBUG]	StmtReplacement(('triangle.cpp.xml', 'stmt', 10), ('triangle.cpp.xml', 'stmt', 15))
2024-01-16 00:49:24,187	[INFO]	99      TEST_CODE_ERROR       None  [1 edit(s)]       
2024-01-16 00:49:24,997	[DEBUG]	StmtReplacement(('triangle.cpp.xml', 'stmt', 3), ('triangle.cpp.xml', 'stmt', 10))
2024-01-16 00:49:24,997	[INFO]	100     TEST_CODE_ERROR       None  [1 edit(s)]       
2024-01-16 00:49:24,999	[INFO]	==== END ====
2024-01-16 00:49:24,999	[INFO]	
2024-01-16 00:49:24,999	[INFO]	==== REPORT ====
2024-01-16 00:49:24,999	[INFO]	Termination: step budget
2024-01-16 00:49:25,000	[INFO]	Log file: /cs/student/ug/2020/damibose/projects/magpie/_magpie_logs/triangle-cpp_slow_1705366084.log
2024-01-16 00:49:25,001	[INFO]	Patch file: _magpie_logs/triangle-cpp_slow_1705366084.patch
2024-01-16 00:49:25,001	[INFO]	Diff file: _magpie_logs/triangle-cpp_slow_1705366084.diff
2024-01-16 00:49:25,001	[INFO]	Best fitness: 0.0238
2024-01-16 00:49:25,002	[INFO]	Best patch: StmtReplacement(('triangle.cpp.xml', 'stmt', 3), ('triangle.cpp.xml', 'stmt', 8))
2024-01-16 00:49:25,003	[INFO]	Diff:
--- before: triangle.cpp
+++ after: triangle.cpp
@@ -8,7 +8,11 @@
 int classify_triangle(double a, double b, double c) {
   double tmp;
 
-  delay();
+  if(a > c) {
+    tmp = a;
+    a = c;
+    c = tmp;
+  }
 
   // Sort the sides so that a <= b <= c
   if(a > b) {

