2023-12-27 22:50:52,489	[DEBUG]	==== CONFIG ====
[magpie]
import = 
seed = 4
log_dir = _magpie_logs
work_dir = _magpie_work
final_out_dir = experiments/results/RandomSearch/epsilon_greedy/trial_4
local_original_copy = True
local_original_name = __original__
output_encoding = ascii
edit_retries = 10
default_timeout = 30
default_lengthout = 10000.0
diff_method = unified
trust_local_filesystem = True

[software]
path = examples/code/triangle-cpp_slow
target_files = 
	triangle.cpp.xml
program = BasicProgram
engine_rules = 
	*.params : ConfigFileParamsEngine
	*.xml : SrcmlEngine
	* : LineEngine
engine_config = 
	*.params : [params]
	*.xml : [srcml]
init_cmd = 
init_timeout = 60
init_lengthout = -1
setup_cmd = ./setup.sh
setup_timeout = 
setup_lengthout = 
compile_cmd = ./compile.sh
compile_timeout = 
compile_lengthout = 
test_cmd = ./build/test_triangle
test_timeout = 
test_lengthout = 
run_cmd = perf stat ./build/run_triangle
run_timeout = 1
run_lengthout = 
batch_timeout = 
batch_lengthout = 
batch_bin_fitness_strategy = aggregate
batch_fitness_strategy = sum
fitness = perf_instructions

[srcml]
rename = 
focus = block break continue decl_stmt do expr_stmt for goto if return switch while
internodes = block
process_pseudo_blocks = True
process_literals = False
process_operators = False

[params]
timing = test run
cli_prefix = --
cli_glue = =
cli_boolean = show
cli_boolean_prefix_true = 
cli_boolean_prefix_false = no-
silent_prefix = @
silent_suffix = $

[search]
protocol = BasicProtocol
algorithm = RandomSearch
possible_edits = 
	DeclStmtReplacement
	ExprStmtReplacement
	IfReplacement
	ReturnReplacement
	DeclStmtInsertion
	ExprStmtInsertion
	IfInsertion
	ReturnInsertion
	DeclStmtDeletion
	ExprStmtDeletion
	IfDeletion
	ReturnDeletion
warmup = 5
warmup_strategy = last
max_steps = 100
max_time = 60
target_fitness = 
cache_maxsize = 40
cache_keep = 0.2
batch_instances = 
batch_shuffle = True
batch_bin_shuffle = False
batch_sample_size = 1
operator_selector = EpsilonGreedy
epsilon = 0.2

[search.ls]
delete_prob = 0
max_neighbours = 20
when_trapped = continue
accept_fail = False
tabu_length = 10

[search.gp]
pop_size = 10
delete_prob = 0.5
offspring_elitism = 0.1
offspring_crossover = 0.5
offspring_mutation = 0.4
uniform_rate = 0.5
batch_reset = True

[search.minify]
do_cleanup = True
do_rebuild = True
do_simplify = True
round_robin_limit = 3


2023-12-27 22:50:52,495	[INFO]	==== WARMUP ====
2023-12-27 22:50:59,487	[DEBUG]	EXEC>  SUCCESS 1204240
2023-12-27 22:50:59,489	[INFO]	WARM    SUCCESS               1204240                 
2023-12-27 22:51:02,480	[DEBUG]	EXEC>  SUCCESS 1415334
2023-12-27 22:51:02,481	[INFO]	WARM    SUCCESS               1415334                 
2023-12-27 22:51:05,783	[DEBUG]	EXEC>  SUCCESS 1204239
2023-12-27 22:51:05,783	[INFO]	WARM    SUCCESS               1204239                 
2023-12-27 22:51:08,987	[DEBUG]	EXEC>  SUCCESS 1204239
2023-12-27 22:51:08,988	[INFO]	WARM    SUCCESS               1204239                 
2023-12-27 22:51:12,454	[DEBUG]	EXEC>  SUCCESS 1204239
2023-12-27 22:51:12,459	[INFO]	WARM    SUCCESS               1204239                 
2023-12-27 22:51:12,462	[INFO]	INITIAL SUCCESS               1204239                 
2023-12-27 22:51:12,462	[INFO]	==== START: RandomSearch ====
2023-12-27 22:51:13,184	[DEBUG]	DeclStmtReplacement(('triangle.cpp.xml', 'decl_stmt', 0), ('triangle.cpp.xml', 'stmt', 11))
2023-12-27 22:51:13,185	[INFO]	1       COMPILE_CODE_ERROR    None  [1 edit(s)]       
2023-12-27 22:51:13,711	[DEBUG]	DeclStmtReplacement(('triangle.cpp.xml', 'decl_stmt', 0), ('triangle.cpp.xml', 'stmt', 12))
2023-12-27 22:51:13,711	[INFO]	2       COMPILE_CODE_ERROR    None  [1 edit(s)]       
2023-12-27 22:51:16,251	[DEBUG]	EXEC>  SUCCESS 1203870
2023-12-27 22:51:16,251	[DEBUG]	IfDeletion(('triangle.cpp.xml', 'if', 0))
2023-12-27 22:51:16,251	[INFO]	3       SUCCESS              *1203870 (99.97%) [1 edit(s)] 
2023-12-27 22:51:16,253	[DEBUG]	--- before: triangle.cpp
+++ after: triangle.cpp
@@ -11,11 +11,7 @@
   delay();
 
   // Sort the sides so that a <= b <= c
-  if(a > b) {
-    tmp = a;
-    a = b;
-    b = tmp;
-  }
+  
 
   if(a > c) {
     tmp = a;

2023-12-27 22:51:16,254	[DEBUG]	IfDeletion(('triangle.cpp.xml', 'if', 0))
2023-12-27 22:51:16,254	[INFO]	4       SUCCESS               1203870 (99.97%) [1 edit(s)] 
2023-12-27 22:51:18,881	[DEBUG]	IfDeletion(('triangle.cpp.xml', 'if', 3))
2023-12-27 22:51:18,881	[INFO]	5       TEST_CODE_ERROR       None  [1 edit(s)]       
2023-12-27 22:51:21,479	[DEBUG]	IfDeletion(('triangle.cpp.xml', 'if', 2))
2023-12-27 22:51:21,479	[INFO]	6       TEST_CODE_ERROR       None  [1 edit(s)]       
2023-12-27 22:51:24,063	[DEBUG]	IfDeletion(('triangle.cpp.xml', 'if', 2))
2023-12-27 22:51:24,063	[INFO]	7       TEST_CODE_ERROR       None  [1 edit(s)]       
2023-12-27 22:51:26,886	[DEBUG]	IfDeletion(('triangle.cpp.xml', 'if', 2))
2023-12-27 22:51:26,887	[INFO]	8       TEST_CODE_ERROR       None  [1 edit(s)]       
2023-12-27 22:51:26,888	[DEBUG]	IfDeletion(('triangle.cpp.xml', 'if', 0))
2023-12-27 22:51:26,888	[INFO]	9       SUCCESS               1203870 (99.97%) [1 edit(s)] 
2023-12-27 22:51:29,515	[DEBUG]	IfDeletion(('triangle.cpp.xml', 'if', 4))
2023-12-27 22:51:29,515	[INFO]	10      TEST_CODE_ERROR       None  [1 edit(s)]       
2023-12-27 22:51:32,134	[DEBUG]	IfDeletion(('triangle.cpp.xml', 'if', 2))
2023-12-27 22:51:32,135	[INFO]	11      TEST_CODE_ERROR       None  [1 edit(s)]       
2023-12-27 22:51:35,018	[DEBUG]	EXEC>  SUCCESS 1257788
2023-12-27 22:51:35,019	[DEBUG]	IfDeletion(('triangle.cpp.xml', 'if', 1))
2023-12-27 22:51:35,019	[INFO]	12      SUCCESS               1257788 (104.45%) [1 edit(s)] 
2023-12-27 22:51:37,650	[DEBUG]	IfDeletion(('triangle.cpp.xml', 'if', 2))
2023-12-27 22:51:37,650	[INFO]	13      TEST_CODE_ERROR       None  [1 edit(s)]       
2023-12-27 22:51:40,273	[DEBUG]	IfDeletion(('triangle.cpp.xml', 'if', 5))
2023-12-27 22:51:40,273	[INFO]	14      TEST_CODE_ERROR       None  [1 edit(s)]       
2023-12-27 22:51:42,927	[DEBUG]	DeclStmtInsertion(('triangle.cpp.xml', '_inter_block', 24), ('triangle.cpp.xml', 'decl_stmt', 1))
2023-12-27 22:51:42,928	[INFO]	15      TEST_CODE_ERROR       None  [1 edit(s)]       
2023-12-27 22:51:45,572	[DEBUG]	IfDeletion(('triangle.cpp.xml', 'if', 3))
2023-12-27 22:51:45,572	[INFO]	16      TEST_CODE_ERROR       None  [1 edit(s)]       
2023-12-27 22:51:48,341	[DEBUG]	DeclStmtInsertion(('triangle.cpp.xml', '_inter_block', 16), ('triangle.cpp.xml', 'decl_stmt', 1))
2023-12-27 22:51:48,341	[INFO]	17      TEST_CODE_ERROR       None  [1 edit(s)]       
2023-12-27 22:51:50,953	[DEBUG]	IfDeletion(('triangle.cpp.xml', 'if', 5))
2023-12-27 22:51:50,953	[INFO]	18      TEST_CODE_ERROR       None  [1 edit(s)]       
2023-12-27 22:51:50,955	[DEBUG]	IfDeletion(('triangle.cpp.xml', 'if', 1))
2023-12-27 22:51:50,956	[INFO]	19      SUCCESS               1257788 (104.45%) [1 edit(s)] 
2023-12-27 22:51:50,957	[DEBUG]	IfDeletion(('triangle.cpp.xml', 'if', 0))
2023-12-27 22:51:50,957	[INFO]	20      SUCCESS               1203870 (99.97%) [1 edit(s)] 
2023-12-27 22:51:50,958	[DEBUG]	IfDeletion(('triangle.cpp.xml', 'if', 0))
2023-12-27 22:51:50,958	[INFO]	21      SUCCESS               1203870 (99.97%) [1 edit(s)] 
2023-12-27 22:51:53,527	[DEBUG]	IfDeletion(('triangle.cpp.xml', 'if', 5))
2023-12-27 22:51:53,527	[INFO]	22      TEST_CODE_ERROR       None  [1 edit(s)]       
2023-12-27 22:51:53,529	[DEBUG]	IfDeletion(('triangle.cpp.xml', 'if', 1))
2023-12-27 22:51:53,529	[INFO]	23      SUCCESS               1257788 (104.45%) [1 edit(s)] 
2023-12-27 22:51:53,530	[DEBUG]	IfDeletion(('triangle.cpp.xml', 'if', 1))
2023-12-27 22:51:53,530	[INFO]	24      SUCCESS               1257788 (104.45%) [1 edit(s)] 
2023-12-27 22:51:53,531	[DEBUG]	IfDeletion(('triangle.cpp.xml', 'if', 1))
2023-12-27 22:51:53,531	[INFO]	25      SUCCESS               1257788 (104.45%) [1 edit(s)] 
2023-12-27 22:51:53,532	[DEBUG]	IfDeletion(('triangle.cpp.xml', 'if', 0))
2023-12-27 22:51:53,532	[INFO]	26      SUCCESS               1203870 (99.97%) [1 edit(s)] 
2023-12-27 22:51:56,345	[DEBUG]	EXEC>  SUCCESS 1231141
2023-12-27 22:51:56,346	[DEBUG]	DeclStmtInsertion(('triangle.cpp.xml', '_inter_block', 1), ('triangle.cpp.xml', 'decl_stmt', 1))
2023-12-27 22:51:56,346	[INFO]	27      SUCCESS               1231141 (102.23%) [1 edit(s)] 
2023-12-27 22:51:59,032	[DEBUG]	DeclStmtInsertion(('triangle.cpp.xml', '_inter_block', 15), ('triangle.cpp.xml', 'decl_stmt', 1))
2023-12-27 22:51:59,033	[INFO]	28      TEST_CODE_ERROR       None  [1 edit(s)]       
2023-12-27 22:52:01,570	[DEBUG]	ReturnReplacement(('triangle.cpp.xml', 'return', 2), ('triangle.cpp.xml', 'stmt', 4))
2023-12-27 22:52:01,571	[INFO]	29      TEST_CODE_ERROR       None  [1 edit(s)]       
2023-12-27 22:52:04,286	[DEBUG]	IfDeletion(('triangle.cpp.xml', 'if', 4))
2023-12-27 22:52:04,286	[INFO]	30      TEST_CODE_ERROR       None  [1 edit(s)]       
2023-12-27 22:52:06,968	[DEBUG]	IfDeletion(('triangle.cpp.xml', 'if', 5))
2023-12-27 22:52:06,968	[INFO]	31      TEST_CODE_ERROR       None  [1 edit(s)]       
2023-12-27 22:52:09,610	[DEBUG]	IfDeletion(('triangle.cpp.xml', 'if', 4))
2023-12-27 22:52:09,610	[INFO]	32      TEST_CODE_ERROR       None  [1 edit(s)]       
2023-12-27 22:52:12,167	[DEBUG]	IfDeletion(('triangle.cpp.xml', 'if', 2))
2023-12-27 22:52:12,168	[INFO]	33      TEST_CODE_ERROR       None  [1 edit(s)]       
2023-12-27 22:52:14,281	[DEBUG]	IfDeletion(('triangle.cpp.xml', 'if', 3))
2023-12-27 22:52:14,282	[INFO]	34      TEST_CODE_ERROR       None  [1 edit(s)]       
2023-12-27 22:52:14,289	[INFO]	==== END ====
2023-12-27 22:52:14,290	[INFO]	
2023-12-27 22:52:14,290	[INFO]	==== REPORT ====
2023-12-27 22:52:14,290	[INFO]	Termination: time budget
2023-12-27 22:52:14,290	[INFO]	Log file: /cs/student/ug/2020/damibose/projects/magpie/_magpie_logs/triangle-cpp_slow_1703717462.log
2023-12-27 22:52:14,293	[INFO]	Patch file: _magpie_logs/triangle-cpp_slow_1703717462.patch
2023-12-27 22:52:14,293	[INFO]	Diff file: _magpie_logs/triangle-cpp_slow_1703717462.diff
2023-12-27 22:52:14,293	[INFO]	Best fitness: 1203870
2023-12-27 22:52:14,294	[INFO]	Best patch: IfDeletion(('triangle.cpp.xml', 'if', 0))
2023-12-27 22:52:14,294	[INFO]	Diff:
--- before: triangle.cpp
+++ after: triangle.cpp
@@ -11,11 +11,7 @@
   delay();
 
   // Sort the sides so that a <= b <= c
-  if(a > b) {
-    tmp = a;
-    a = b;
-    b = tmp;
-  }
+  
 
   if(a > c) {
     tmp = a;

