2023-12-15 03:10:54,683	[DEBUG]	==== CONFIG ====
[magpie]
import = 
seed = 6
log_dir = _magpie_logs
work_dir = _magpie_work
final_out_dir = experiments/results_e_greedy_proof_of_concept/epsilon_greedy/RandomSearch/trial_6
local_original_copy = True
local_original_name = __original__
output_encoding = ascii
edit_retries = 10
default_timeout = 30
default_lengthout = 10000.0
diff_method = unified
trust_local_filesystem = True

[software]
path = examples/code/triangle-cpp_slow
target_files = 
	triangle.cpp.xml
program = BasicProgram
engine_rules = 
	*.params : ConfigFileParamsEngine
	*.xml : SrcmlEngine
	* : LineEngine
engine_config = 
	*.params : [params]
	*.xml : [srcml]
init_cmd = 
init_timeout = 60
init_lengthout = -1
setup_cmd = ./setup.sh
setup_timeout = 
setup_lengthout = 
compile_cmd = ./compile.sh
compile_timeout = 
compile_lengthout = 
test_cmd = ./build/test_triangle
test_timeout = 
test_lengthout = 
run_cmd = perf stat ./build/run_triangle
run_timeout = 1
run_lengthout = 
batch_timeout = 
batch_lengthout = 
batch_bin_fitness_strategy = aggregate
batch_fitness_strategy = sum
fitness = perf_instructions

[srcml]
rename = 
focus = block break continue decl_stmt do expr_stmt for goto if return switch while
internodes = block
process_pseudo_blocks = True
process_literals = False
process_operators = False

[params]
timing = test run
cli_prefix = --
cli_glue = =
cli_boolean = show
cli_boolean_prefix_true = 
cli_boolean_prefix_false = no-
silent_prefix = @
silent_suffix = $

[search]
protocol = BasicProtocol
algorithm = RandomSearch
possible_edits = 
	DeclStmtReplacement
	ExprStmtReplacement
	IfReplacement
	ReturnReplacement
	DeclStmtInsertion
	ExprStmtInsertion
	IfInsertion
	ReturnInsertion
	DeclStmtDeletion
	ExprStmtDeletion
	IfDeletion
	ReturnDeletion
warmup = 5
warmup_strategy = last
max_steps = 100
max_time = 60
target_fitness = 
cache_maxsize = 40
cache_keep = 0.2
batch_instances = 
batch_shuffle = True
batch_bin_shuffle = False
batch_sample_size = 1
operator_selector = EpsilonGreedy
epsilon = 0.2

[search.ls]
delete_prob = 0
max_neighbours = 20
when_trapped = continue
accept_fail = False
tabu_length = 10

[search.gp]
pop_size = 10
delete_prob = 0.5
offspring_elitism = 0.1
offspring_crossover = 0.5
offspring_mutation = 0.4
uniform_rate = 0.5
batch_reset = True

[search.minify]
do_cleanup = True
do_rebuild = True
do_simplify = True
round_robin_limit = 3


2023-12-15 03:10:54,688	[INFO]	==== WARMUP ====
2023-12-15 03:10:57,316	[DEBUG]	EXEC>  SUCCESS 1204240
2023-12-15 03:10:57,316	[INFO]	WARM    SUCCESS               1204240                 
2023-12-15 03:10:58,290	[DEBUG]	EXEC>  SUCCESS 1204239
2023-12-15 03:10:58,291	[INFO]	WARM    SUCCESS               1204239                 
2023-12-15 03:10:59,262	[DEBUG]	EXEC>  SUCCESS 1204240
2023-12-15 03:10:59,263	[INFO]	WARM    SUCCESS               1204240                 
2023-12-15 03:11:00,296	[DEBUG]	EXEC>  SUCCESS 1204239
2023-12-15 03:11:00,296	[INFO]	WARM    SUCCESS               1204239                 
2023-12-15 03:11:01,292	[DEBUG]	EXEC>  SUCCESS 1204240
2023-12-15 03:11:01,293	[INFO]	WARM    SUCCESS               1204240                 
2023-12-15 03:11:01,294	[INFO]	INITIAL SUCCESS               1204240                 
2023-12-15 03:11:01,294	[INFO]	==== START: RandomSearch ====
2023-12-15 03:11:01,454	[DEBUG]	ExprStmtInsertion(('triangle.cpp.xml', '_inter_block', 2), ('triangle.cpp.xml', 'expr_stmt', 8))
2023-12-15 03:11:01,454	[INFO]	1       COMPILE_CODE_ERROR    None  [1 edit(s)]       
2023-12-15 03:11:01,571	[DEBUG]	DeclStmtReplacement(('triangle.cpp.xml', 'decl_stmt', 0), ('triangle.cpp.xml', 'stmt', 3))
2023-12-15 03:11:01,571	[INFO]	2       COMPILE_CODE_ERROR    None  [1 edit(s)]       
2023-12-15 03:11:01,694	[DEBUG]	DeclStmtReplacement(('triangle.cpp.xml', 'decl_stmt', 1), ('triangle.cpp.xml', 'stmt', 7))
2023-12-15 03:11:01,694	[INFO]	3       COMPILE_CODE_ERROR    None  [1 edit(s)]       
2023-12-15 03:11:02,503	[DEBUG]	ExprStmtReplacement(('triangle.cpp.xml', 'expr_stmt', 3), ('triangle.cpp.xml', 'stmt', 21))
2023-12-15 03:11:02,503	[INFO]	4       TEST_CODE_ERROR       None  [1 edit(s)]       
2023-12-15 03:11:03,282	[DEBUG]	IfReplacement(('triangle.cpp.xml', 'if', 3), ('triangle.cpp.xml', 'stmt', 12))
2023-12-15 03:11:03,282	[INFO]	5       TEST_CODE_ERROR       None  [1 edit(s)]       
2023-12-15 03:11:04,245	[DEBUG]	EXEC>  SUCCESS 1204374
2023-12-15 03:11:04,245	[DEBUG]	ReturnReplacement(('triangle.cpp.xml', 'return', 0), ('triangle.cpp.xml', 'stmt', 16))
2023-12-15 03:11:04,245	[INFO]	6       SUCCESS               1204374 (100.01%) [1 edit(s)] 
2023-12-15 03:11:05,069	[DEBUG]	DeclStmtInsertion(('triangle.cpp.xml', '_inter_block', 24), ('triangle.cpp.xml', 'decl_stmt', 1))
2023-12-15 03:11:05,070	[INFO]	7       TEST_CODE_ERROR       None  [1 edit(s)]       
2023-12-15 03:11:06,031	[DEBUG]	EXEC>  SUCCESS 1204312
2023-12-15 03:11:06,031	[DEBUG]	IfInsertion(('triangle.cpp.xml', '_inter_block', 17), ('triangle.cpp.xml', 'if', 1))
2023-12-15 03:11:06,032	[INFO]	8       SUCCESS               1204312 (100.01%) [1 edit(s)] 
2023-12-15 03:11:06,861	[DEBUG]	ReturnInsertion(('triangle.cpp.xml', '_inter_block', 19), ('triangle.cpp.xml', 'return', 2))
2023-12-15 03:11:06,862	[INFO]	9       TEST_CODE_ERROR       None  [1 edit(s)]       
2023-12-15 03:11:07,018	[DEBUG]	DeclStmtDeletion(('triangle.cpp.xml', 'decl_stmt', 0))
2023-12-15 03:11:07,018	[INFO]	10      COMPILE_CODE_ERROR    None  [1 edit(s)]       
2023-12-15 03:11:07,802	[DEBUG]	ExprStmtDeletion(('triangle.cpp.xml', 'expr_stmt', 9))
2023-12-15 03:11:07,803	[INFO]	11      TEST_CODE_ERROR       None  [1 edit(s)]       
2023-12-15 03:11:08,609	[DEBUG]	ExprStmtReplacement(('triangle.cpp.xml', 'expr_stmt', 5), ('triangle.cpp.xml', 'stmt', 19))
2023-12-15 03:11:08,609	[INFO]	12      TEST_CODE_ERROR       None  [1 edit(s)]       
2023-12-15 03:11:09,383	[DEBUG]	IfDeletion(('triangle.cpp.xml', 'if', 3))
2023-12-15 03:11:09,383	[INFO]	13      TEST_CODE_ERROR       None  [1 edit(s)]       
2023-12-15 03:11:10,193	[DEBUG]	ReturnDeletion(('triangle.cpp.xml', 'return', 3))
2023-12-15 03:11:10,194	[INFO]	14      TEST_CODE_ERROR       None  [1 edit(s)]       
2023-12-15 03:11:10,352	[DEBUG]	IfInsertion(('triangle.cpp.xml', '_inter_block', 1), ('triangle.cpp.xml', 'if', 0))
2023-12-15 03:11:10,352	[INFO]	15      COMPILE_CODE_ERROR    None  [1 edit(s)]       
2023-12-15 03:11:11,308	[DEBUG]	EXEC>  SUCCESS 1203978
2023-12-15 03:11:11,309	[DEBUG]	IfDeletion(('triangle.cpp.xml', 'if', 1))
2023-12-15 03:11:11,310	[INFO]	16      SUCCESS              *1203978 (99.98%) [1 edit(s)] 
2023-12-15 03:11:11,311	[DEBUG]	--- before: triangle.cpp
+++ after: triangle.cpp
@@ -17,11 +17,7 @@
     b = tmp;
   }
 
-  if(a > c) {
-    tmp = a;
-    a = c;
-    c = tmp;
-  }
+  
 
   if(b > c) {
     tmp = b;

2023-12-15 03:11:12,132	[DEBUG]	ReturnReplacement(('triangle.cpp.xml', 'return', 1), ('triangle.cpp.xml', 'stmt', 4))
2023-12-15 03:11:12,132	[INFO]	17      TEST_CODE_ERROR       None  [1 edit(s)]       
2023-12-15 03:11:12,915	[DEBUG]	IfDeletion(('triangle.cpp.xml', 'if', 4))
2023-12-15 03:11:12,915	[INFO]	18      TEST_CODE_ERROR       None  [1 edit(s)]       
2023-12-15 03:11:13,737	[DEBUG]	IfDeletion(('triangle.cpp.xml', 'if', 4))
2023-12-15 03:11:13,738	[INFO]	19      TEST_CODE_ERROR       None  [1 edit(s)]       
2023-12-15 03:11:14,747	[DEBUG]	EXEC>  SUCCESS 1204599
2023-12-15 03:11:14,748	[DEBUG]	IfInsertion(('triangle.cpp.xml', '_inter_block', 22), ('triangle.cpp.xml', 'if', 5))
2023-12-15 03:11:14,749	[INFO]	20      SUCCESS               1204599 (100.03%) [1 edit(s)] 
2023-12-15 03:11:15,742	[DEBUG]	EXEC>  SUCCESS 1204419
2023-12-15 03:11:15,742	[DEBUG]	IfInsertion(('triangle.cpp.xml', '_inter_block', 10), ('triangle.cpp.xml', 'if', 3))
2023-12-15 03:11:15,743	[INFO]	21      SUCCESS               1204419 (100.01%) [1 edit(s)] 
2023-12-15 03:11:16,739	[DEBUG]	EXEC>  SUCCESS 1204269
2023-12-15 03:11:16,739	[DEBUG]	IfInsertion(('triangle.cpp.xml', '_inter_block', 15), ('triangle.cpp.xml', 'if', 3))
2023-12-15 03:11:16,740	[INFO]	22      SUCCESS               1204269 (100.0%) [1 edit(s)] 
2023-12-15 03:11:17,722	[DEBUG]	EXEC>  SUCCESS 1204330
2023-12-15 03:11:17,722	[DEBUG]	IfInsertion(('triangle.cpp.xml', '_inter_block', 24), ('triangle.cpp.xml', 'if', 2))
2023-12-15 03:11:17,723	[INFO]	23      SUCCESS               1204330 (100.01%) [1 edit(s)] 
2023-12-15 03:11:17,725	[DEBUG]	IfDeletion(('triangle.cpp.xml', 'if', 1))
2023-12-15 03:11:17,725	[INFO]	24      SUCCESS               1203978 (99.98%) [1 edit(s)] 
2023-12-15 03:11:18,712	[DEBUG]	EXEC>  SUCCESS 1204276
2023-12-15 03:11:18,713	[DEBUG]	IfInsertion(('triangle.cpp.xml', '_inter_block', 30), ('triangle.cpp.xml', 'if', 2))
2023-12-15 03:11:18,714	[INFO]	25      SUCCESS               1204276 (100.0%) [1 edit(s)] 
2023-12-15 03:11:19,516	[DEBUG]	IfInsertion(('triangle.cpp.xml', '_inter_block', 26), ('triangle.cpp.xml', 'if', 5))
2023-12-15 03:11:19,517	[INFO]	26      TEST_CODE_ERROR       None  [1 edit(s)]       
2023-12-15 03:11:20,502	[DEBUG]	EXEC>  SUCCESS 1204276
2023-12-15 03:11:20,503	[DEBUG]	IfInsertion(('triangle.cpp.xml', '_inter_block', 17), ('triangle.cpp.xml', 'if', 2))
2023-12-15 03:11:20,504	[INFO]	27      SUCCESS               1204276 (100.0%) [1 edit(s)] 
2023-12-15 03:11:21,332	[DEBUG]	ReturnReplacement(('triangle.cpp.xml', 'return', 2), ('triangle.cpp.xml', 'stmt', 14))
2023-12-15 03:11:21,333	[INFO]	28      TEST_CODE_ERROR       None  [1 edit(s)]       
2023-12-15 03:11:22,346	[DEBUG]	EXEC>  SUCCESS 1204240
2023-12-15 03:11:22,347	[DEBUG]	IfInsertion(('triangle.cpp.xml', '_inter_block', 29), ('triangle.cpp.xml', 'if', 4))
2023-12-15 03:11:22,348	[INFO]	29      SUCCESS               1204240 (100.0%) [1 edit(s)] 
2023-12-15 03:11:23,309	[DEBUG]	EXEC>  SUCCESS 1594071
2023-12-15 03:11:23,310	[DEBUG]	IfInsertion(('triangle.cpp.xml', '_inter_block', 8), ('triangle.cpp.xml', 'if', 1))
2023-12-15 03:11:23,311	[INFO]	30      SUCCESS               1594071 (132.37%) [1 edit(s)] 
2023-12-15 03:11:24,277	[DEBUG]	EXEC>  SUCCESS 1204320
2023-12-15 03:11:24,278	[DEBUG]	IfInsertion(('triangle.cpp.xml', '_inter_block', 11), ('triangle.cpp.xml', 'if', 2))
2023-12-15 03:11:24,278	[INFO]	31      SUCCESS               1204320 (100.01%) [1 edit(s)] 
2023-12-15 03:11:25,196	[DEBUG]	EXEC>  SUCCESS 1265297
2023-12-15 03:11:25,196	[DEBUG]	DeclStmtInsertion(('triangle.cpp.xml', '_inter_block', 8), ('triangle.cpp.xml', 'decl_stmt', 0))
2023-12-15 03:11:25,196	[INFO]	32      SUCCESS               1265297 (105.07%) [1 edit(s)] 
2023-12-15 03:11:26,197	[DEBUG]	EXEC>  SUCCESS 1204435
2023-12-15 03:11:26,198	[DEBUG]	IfInsertion(('triangle.cpp.xml', '_inter_block', 8), ('triangle.cpp.xml', 'if', 3))
2023-12-15 03:11:26,198	[INFO]	33      SUCCESS               1204435 (100.02%) [1 edit(s)] 
2023-12-15 03:11:26,969	[DEBUG]	IfDeletion(('triangle.cpp.xml', 'if', 4))
2023-12-15 03:11:26,969	[INFO]	34      TEST_CODE_ERROR       None  [1 edit(s)]       
2023-12-15 03:11:27,119	[DEBUG]	DeclStmtDeletion(('triangle.cpp.xml', 'decl_stmt', 1))
2023-12-15 03:11:27,119	[INFO]	35      COMPILE_CODE_ERROR    None  [1 edit(s)]       
2023-12-15 03:11:27,917	[DEBUG]	IfInsertion(('triangle.cpp.xml', '_inter_block', 18), ('triangle.cpp.xml', 'if', 5))
2023-12-15 03:11:27,917	[INFO]	36      TEST_CODE_ERROR       None  [1 edit(s)]       
2023-12-15 03:11:28,919	[DEBUG]	EXEC>  SUCCESS 1204284
2023-12-15 03:11:28,919	[DEBUG]	IfInsertion(('triangle.cpp.xml', '_inter_block', 20), ('triangle.cpp.xml', 'if', 1))
2023-12-15 03:11:28,921	[INFO]	37      SUCCESS               1204284 (100.0%) [1 edit(s)] 
2023-12-15 03:11:28,922	[DEBUG]	IfInsertion(('triangle.cpp.xml', '_inter_block', 24), ('triangle.cpp.xml', 'if', 2))
2023-12-15 03:11:28,923	[INFO]	38      SUCCESS               1204330 (100.01%) [1 edit(s)] 
2023-12-15 03:11:29,912	[DEBUG]	EXEC>  SUCCESS 1204347
2023-12-15 03:11:29,913	[DEBUG]	IfInsertion(('triangle.cpp.xml', '_inter_block', 10), ('triangle.cpp.xml', 'if', 1))
2023-12-15 03:11:29,914	[INFO]	39      SUCCESS               1204347 (100.01%) [1 edit(s)] 
2023-12-15 03:11:31,066	[DEBUG]	EXEC>  SUCCESS 1204429
2023-12-15 03:11:31,066	[DEBUG]	IfInsertion(('triangle.cpp.xml', '_inter_block', 7), ('triangle.cpp.xml', 'if', 1))
2023-12-15 03:11:31,067	[INFO]	40      SUCCESS               1204429 (100.02%) [1 edit(s)] 
2023-12-15 03:11:31,069	[DEBUG]	IfInsertion(('triangle.cpp.xml', '_inter_block', 15), ('triangle.cpp.xml', 'if', 3))
2023-12-15 03:11:31,069	[INFO]	41      SUCCESS               1204269 (100.0%) [1 edit(s)] 
2023-12-15 03:11:31,883	[DEBUG]	ExprStmtReplacement(('triangle.cpp.xml', 'expr_stmt', 7), ('triangle.cpp.xml', 'stmt', 16))
2023-12-15 03:11:31,884	[INFO]	42      TEST_CODE_ERROR       None  [1 edit(s)]       
2023-12-15 03:11:32,826	[DEBUG]	EXEC>  SUCCESS 1204409
2023-12-15 03:11:32,826	[DEBUG]	IfInsertion(('triangle.cpp.xml', '_inter_block', 15), ('triangle.cpp.xml', 'if', 5))
2023-12-15 03:11:32,827	[INFO]	43      SUCCESS               1204409 (100.01%) [1 edit(s)] 
2023-12-15 03:11:33,805	[DEBUG]	EXEC>  SUCCESS 1204404
2023-12-15 03:11:33,806	[DEBUG]	IfInsertion(('triangle.cpp.xml', '_inter_block', 14), ('triangle.cpp.xml', 'if', 5))
2023-12-15 03:11:33,807	[INFO]	44      SUCCESS               1204404 (100.01%) [1 edit(s)] 
2023-12-15 03:11:33,984	[DEBUG]	IfInsertion(('triangle.cpp.xml', '_inter_block', 0), ('triangle.cpp.xml', 'if', 0))
2023-12-15 03:11:33,984	[INFO]	45      COMPILE_CODE_ERROR    None  [1 edit(s)]       
2023-12-15 03:11:34,985	[DEBUG]	EXEC>  SUCCESS 1204590
2023-12-15 03:11:34,985	[DEBUG]	IfInsertion(('triangle.cpp.xml', '_inter_block', 9), ('triangle.cpp.xml', 'if', 4))
2023-12-15 03:11:34,986	[INFO]	46      SUCCESS               1204590 (100.03%) [1 edit(s)] 
2023-12-15 03:11:35,987	[DEBUG]	EXEC>  SUCCESS 1204419
2023-12-15 03:11:35,988	[DEBUG]	IfInsertion(('triangle.cpp.xml', '_inter_block', 14), ('triangle.cpp.xml', 'if', 0))
2023-12-15 03:11:35,989	[INFO]	47      SUCCESS               1204419 (100.01%) [1 edit(s)] 
2023-12-15 03:11:37,052	[DEBUG]	EXEC>  SUCCESS 1204269
2023-12-15 03:11:37,052	[DEBUG]	DeclStmtInsertion(('triangle.cpp.xml', '_inter_block', 20), ('triangle.cpp.xml', 'decl_stmt', 0))
2023-12-15 03:11:37,052	[INFO]	48      SUCCESS               1204269 (100.0%) [1 edit(s)] 
2023-12-15 03:11:38,064	[DEBUG]	EXEC>  SUCCESS 1204240
2023-12-15 03:11:38,065	[DEBUG]	IfInsertion(('triangle.cpp.xml', '_inter_block', 29), ('triangle.cpp.xml', 'if', 3))
2023-12-15 03:11:38,066	[INFO]	49      SUCCESS               1204240 (100.0%) [1 edit(s)] 
2023-12-15 03:11:38,229	[DEBUG]	DeclStmtDeletion(('triangle.cpp.xml', 'decl_stmt', 0))
2023-12-15 03:11:38,229	[INFO]	50      COMPILE_CODE_ERROR    None  [1 edit(s)]       
2023-12-15 03:11:39,247	[DEBUG]	EXEC>  SUCCESS 1256299
2023-12-15 03:11:39,247	[DEBUG]	IfInsertion(('triangle.cpp.xml', '_inter_block', 21), ('triangle.cpp.xml', 'if', 1))
2023-12-15 03:11:39,248	[INFO]	51      SUCCESS               1256299 (104.32%) [1 edit(s)] 
2023-12-15 03:11:40,229	[DEBUG]	EXEC>  SUCCESS 1204267
2023-12-15 03:11:40,229	[DEBUG]	IfInsertion(('triangle.cpp.xml', '_inter_block', 28), ('triangle.cpp.xml', 'if', 0))
2023-12-15 03:11:40,231	[INFO]	52      SUCCESS               1204267 (100.0%) [1 edit(s)] 
2023-12-15 03:11:41,277	[DEBUG]	EXEC>  SUCCESS 1204239
2023-12-15 03:11:41,277	[DEBUG]	IfInsertion(('triangle.cpp.xml', '_inter_block', 13), ('triangle.cpp.xml', 'if', 3))
2023-12-15 03:11:41,278	[INFO]	53      SUCCESS               1204239 (100.0%) [1 edit(s)] 
2023-12-15 03:11:42,275	[DEBUG]	EXEC>  SUCCESS 1204329
2023-12-15 03:11:42,275	[DEBUG]	IfInsertion(('triangle.cpp.xml', '_inter_block', 25), ('triangle.cpp.xml', 'if', 3))
2023-12-15 03:11:42,276	[INFO]	54      SUCCESS               1204329 (100.01%) [1 edit(s)] 
2023-12-15 03:11:42,437	[DEBUG]	IfInsertion(('triangle.cpp.xml', '_inter_block', 4), ('triangle.cpp.xml', 'if', 0))
2023-12-15 03:11:42,438	[INFO]	55      COMPILE_CODE_ERROR    None  [1 edit(s)]       
2023-12-15 03:11:43,438	[DEBUG]	EXEC>  SUCCESS 1204428
2023-12-15 03:11:43,439	[DEBUG]	IfInsertion(('triangle.cpp.xml', '_inter_block', 8), ('triangle.cpp.xml', 'if', 2))
2023-12-15 03:11:43,440	[INFO]	56      SUCCESS               1204428 (100.02%) [1 edit(s)] 
2023-12-15 03:11:44,277	[DEBUG]	IfInsertion(('triangle.cpp.xml', '_inter_block', 16), ('triangle.cpp.xml', 'if', 1))
2023-12-15 03:11:44,278	[INFO]	57      TEST_CODE_ERROR       None  [1 edit(s)]       
2023-12-15 03:11:44,414	[DEBUG]	IfInsertion(('triangle.cpp.xml', '_inter_block', 0), ('triangle.cpp.xml', 'if', 0))
2023-12-15 03:11:44,414	[INFO]	58      COMPILE_CODE_ERROR    None  [1 edit(s)]       
2023-12-15 03:11:45,191	[DEBUG]	IfInsertion(('triangle.cpp.xml', '_inter_block', 4), ('triangle.cpp.xml', 'if', 5))
2023-12-15 03:11:45,192	[INFO]	59      TEST_CODE_ERROR       None  [1 edit(s)]       
2023-12-15 03:11:45,987	[DEBUG]	IfInsertion(('triangle.cpp.xml', '_inter_block', 21), ('triangle.cpp.xml', 'if', 5))
2023-12-15 03:11:45,988	[INFO]	60      TEST_CODE_ERROR       None  [1 edit(s)]       
2023-12-15 03:11:46,128	[DEBUG]	IfInsertion(('triangle.cpp.xml', '_inter_block', 2), ('triangle.cpp.xml', 'if', 4))
2023-12-15 03:11:46,128	[INFO]	61      COMPILE_CODE_ERROR    None  [1 edit(s)]       
2023-12-15 03:11:47,097	[DEBUG]	EXEC>  SUCCESS 1204315
2023-12-15 03:11:47,097	[DEBUG]	IfInsertion(('triangle.cpp.xml', '_inter_block', 12), ('triangle.cpp.xml', 'if', 3))
2023-12-15 03:11:47,098	[INFO]	62      SUCCESS               1204315 (100.01%) [1 edit(s)] 
2023-12-15 03:11:48,107	[DEBUG]	EXEC>  SUCCESS 1204428
2023-12-15 03:11:48,108	[DEBUG]	IfInsertion(('triangle.cpp.xml', '_inter_block', 7), ('triangle.cpp.xml', 'if', 0))
2023-12-15 03:11:48,108	[INFO]	63      SUCCESS               1204428 (100.02%) [1 edit(s)] 
2023-12-15 03:11:49,068	[DEBUG]	EXEC>  SUCCESS 1255474
2023-12-15 03:11:49,068	[DEBUG]	IfInsertion(('triangle.cpp.xml', '_inter_block', 12), ('triangle.cpp.xml', 'if', 5))
2023-12-15 03:11:49,069	[INFO]	64      SUCCESS               1255474 (104.25%) [1 edit(s)] 
2023-12-15 03:11:50,078	[DEBUG]	EXEC>  SUCCESS 1204241
2023-12-15 03:11:50,079	[DEBUG]	IfInsertion(('triangle.cpp.xml', '_inter_block', 13), ('triangle.cpp.xml', 'if', 2))
2023-12-15 03:11:50,080	[INFO]	65      SUCCESS               1204241 (100.0%) [1 edit(s)] 
2023-12-15 03:11:51,065	[DEBUG]	EXEC>  SUCCESS 1204329
2023-12-15 03:11:51,065	[DEBUG]	IfInsertion(('triangle.cpp.xml', '_inter_block', 25), ('triangle.cpp.xml', 'if', 2))
2023-12-15 03:11:51,066	[INFO]	66      SUCCESS               1204329 (100.01%) [1 edit(s)] 
2023-12-15 03:11:52,080	[DEBUG]	EXEC>  SUCCESS 1204419
2023-12-15 03:11:52,081	[DEBUG]	IfInsertion(('triangle.cpp.xml', '_inter_block', 23), ('triangle.cpp.xml', 'if', 4))
2023-12-15 03:11:52,082	[INFO]	67      SUCCESS               1204419 (100.01%) [1 edit(s)] 
2023-12-15 03:11:53,067	[DEBUG]	EXEC>  SUCCESS 1204277
2023-12-15 03:11:53,068	[DEBUG]	IfInsertion(('triangle.cpp.xml', '_inter_block', 30), ('triangle.cpp.xml', 'if', 1))
2023-12-15 03:11:53,069	[INFO]	68      SUCCESS               1204277 (100.0%) [1 edit(s)] 
2023-12-15 03:11:54,028	[DEBUG]	EXEC>  SUCCESS 1967892
2023-12-15 03:11:54,028	[DEBUG]	IfInsertion(('triangle.cpp.xml', '_inter_block', 19), ('triangle.cpp.xml', 'if', 0))
2023-12-15 03:11:54,029	[INFO]	69      SUCCESS               1967892 (163.41%) [1 edit(s)] 
2023-12-15 03:11:55,017	[DEBUG]	EXEC>  SUCCESS 1204384
2023-12-15 03:11:55,018	[DEBUG]	IfInsertion(('triangle.cpp.xml', '_inter_block', 17), ('triangle.cpp.xml', 'if', 4))
2023-12-15 03:11:55,018	[INFO]	70      SUCCESS               1204384 (100.01%) [1 edit(s)] 
2023-12-15 03:11:55,821	[DEBUG]	IfInsertion(('triangle.cpp.xml', '_inter_block', 17), ('triangle.cpp.xml', 'if', 5))
2023-12-15 03:11:55,821	[INFO]	71      TEST_CODE_ERROR       None  [1 edit(s)]       
2023-12-15 03:11:57,135	[DEBUG]	EXEC>  SUCCESS 1204383
2023-12-15 03:11:57,136	[DEBUG]	IfInsertion(('triangle.cpp.xml', '_inter_block', 14), ('triangle.cpp.xml', 'if', 4))
2023-12-15 03:11:57,153	[INFO]	72      SUCCESS               1204383 (100.01%) [1 edit(s)] 
2023-12-15 03:11:58,539	[DEBUG]	EXEC>  SUCCESS 1204429
2023-12-15 03:11:58,540	[DEBUG]	IfInsertion(('triangle.cpp.xml', '_inter_block', 8), ('triangle.cpp.xml', 'if', 0))
2023-12-15 03:11:58,541	[INFO]	73      SUCCESS               1204429 (100.02%) [1 edit(s)] 
2023-12-15 03:11:59,527	[DEBUG]	EXEC>  SUCCESS 1204275
2023-12-15 03:11:59,528	[DEBUG]	IfInsertion(('triangle.cpp.xml', '_inter_block', 17), ('triangle.cpp.xml', 'if', 2))
2023-12-15 03:11:59,529	[INFO]	74      SUCCESS               1204275 (100.0%) [1 edit(s)] 
2023-12-15 03:12:02,218	[DEBUG]	EXEC>  SUCCESS 1204376
2023-12-15 03:12:02,219	[DEBUG]	IfInsertion(('triangle.cpp.xml', '_inter_block', 26), ('triangle.cpp.xml', 'if', 3))
2023-12-15 03:12:02,220	[INFO]	75      SUCCESS               1204376 (100.01%) [1 edit(s)] 
2023-12-15 03:12:02,221	[INFO]	==== END ====
2023-12-15 03:12:02,221	[INFO]	
2023-12-15 03:12:02,221	[INFO]	==== REPORT ====
2023-12-15 03:12:02,222	[INFO]	Termination: time budget
2023-12-15 03:12:02,223	[INFO]	Log file: /cs/student/ug/2020/damibose/projects/magpie/_magpie_logs/triangle-cpp_slow_1702609854.log
2023-12-15 03:12:02,224	[INFO]	Patch file: _magpie_logs/triangle-cpp_slow_1702609854.patch
2023-12-15 03:12:02,224	[INFO]	Diff file: _magpie_logs/triangle-cpp_slow_1702609854.diff
2023-12-15 03:12:02,224	[INFO]	Best fitness: 1203978
2023-12-15 03:12:02,225	[INFO]	Best patch: IfDeletion(('triangle.cpp.xml', 'if', 1))
2023-12-15 03:12:02,226	[INFO]	Diff:
--- before: triangle.cpp
+++ after: triangle.cpp
@@ -17,11 +17,7 @@
     b = tmp;
   }
 
-  if(a > c) {
-    tmp = a;
-    a = c;
-    c = tmp;
-  }
+  
 
   if(b > c) {
     tmp = b;

