2023-12-21 09:24:01,778	[DEBUG]	==== CONFIG ====
[magpie]
import = 
seed = 1
log_dir = _magpie_logs
work_dir = _magpie_work
final_out_dir = experiments/results/RandomSearch/baseline/trial_1
local_original_copy = True
local_original_name = __original__
output_encoding = ascii
edit_retries = 10
default_timeout = 30
default_lengthout = 10000.0
diff_method = unified
trust_local_filesystem = True

[software]
path = examples/code/triangle-cpp_slow
target_files = 
	triangle.cpp.xml
program = BasicProgram
engine_rules = 
	*.params : ConfigFileParamsEngine
	*.xml : SrcmlEngine
	* : LineEngine
engine_config = 
	*.params : [params]
	*.xml : [srcml]
init_cmd = 
init_timeout = 60
init_lengthout = -1
setup_cmd = ./setup.sh
setup_timeout = 
setup_lengthout = 
compile_cmd = ./compile.sh
compile_timeout = 
compile_lengthout = 
test_cmd = ./build/test_triangle
test_timeout = 
test_lengthout = 
run_cmd = perf stat ./build/run_triangle
run_timeout = 1
run_lengthout = 
batch_timeout = 
batch_lengthout = 
batch_bin_fitness_strategy = aggregate
batch_fitness_strategy = sum
fitness = perf_instructions

[srcml]
rename = 
focus = block break continue decl_stmt do expr_stmt for goto if return switch while
internodes = block
process_pseudo_blocks = True
process_literals = False
process_operators = False

[params]
timing = test run
cli_prefix = --
cli_glue = =
cli_boolean = show
cli_boolean_prefix_true = 
cli_boolean_prefix_false = no-
silent_prefix = @
silent_suffix = $

[search]
protocol = BasicProtocol
algorithm = RandomSearch
possible_edits = 
	DeclStmtReplacement
	ExprStmtReplacement
	IfReplacement
	ReturnReplacement
	DeclStmtInsertion
	ExprStmtInsertion
	IfInsertion
	ReturnInsertion
	DeclStmtDeletion
	ExprStmtDeletion
	IfDeletion
	ReturnDeletion
warmup = 5
warmup_strategy = last
max_steps = 100
max_time = 60
target_fitness = 
cache_maxsize = 40
cache_keep = 0.2
batch_instances = 
batch_shuffle = True
batch_bin_shuffle = False
batch_sample_size = 1
operator_selector = UniformSelector

[search.ls]
delete_prob = 0
max_neighbours = 20
when_trapped = continue
accept_fail = False
tabu_length = 10

[search.gp]
pop_size = 10
delete_prob = 0.5
offspring_elitism = 0.1
offspring_crossover = 0.5
offspring_mutation = 0.4
uniform_rate = 0.5
batch_reset = True

[search.minify]
do_cleanup = True
do_rebuild = True
do_simplify = True
round_robin_limit = 3


2023-12-21 09:24:01,783	[INFO]	==== WARMUP ====
2023-12-21 09:24:04,589	[DEBUG]	EXEC>  SUCCESS 1315754
2023-12-21 09:24:04,589	[INFO]	WARM    SUCCESS               1315754                 
2023-12-21 09:24:05,614	[DEBUG]	EXEC>  SUCCESS 1205550
2023-12-21 09:24:05,614	[INFO]	WARM    SUCCESS               1205550                 
2023-12-21 09:24:06,582	[DEBUG]	EXEC>  SUCCESS 1290036
2023-12-21 09:24:06,582	[INFO]	WARM    SUCCESS               1290036                 
2023-12-21 09:24:07,593	[DEBUG]	EXEC>  SUCCESS 1205550
2023-12-21 09:24:07,593	[INFO]	WARM    SUCCESS               1205550                 
2023-12-21 09:24:08,575	[DEBUG]	EXEC>  SUCCESS 1205550
2023-12-21 09:24:08,576	[INFO]	WARM    SUCCESS               1205550                 
2023-12-21 09:24:08,576	[INFO]	INITIAL SUCCESS               1205550                 
2023-12-21 09:24:08,577	[INFO]	==== START: RandomSearch ====
2023-12-21 09:24:08,736	[DEBUG]	DeclStmtInsertion(('triangle.cpp.xml', '_inter_block', 11), ('triangle.cpp.xml', 'decl_stmt', 1))
2023-12-21 09:24:08,737	[INFO]	1       COMPILE_CODE_ERROR    None  [1 edit(s)]       
2023-12-21 09:24:09,760	[DEBUG]	EXEC>  SUCCESS 1205581
2023-12-21 09:24:09,760	[DEBUG]	DeclStmtInsertion(('triangle.cpp.xml', '_inter_block', 19), ('triangle.cpp.xml', 'decl_stmt', 0))
2023-12-21 09:24:09,760	[INFO]	2       SUCCESS               1205581 (100.0%) [1 edit(s)] 
2023-12-21 09:24:10,598	[DEBUG]	ReturnReplacement(('triangle.cpp.xml', 'return', 1), ('triangle.cpp.xml', 'stmt', 8))
2023-12-21 09:24:10,598	[INFO]	3       TEST_CODE_ERROR       None  [1 edit(s)]       
2023-12-21 09:24:11,596	[DEBUG]	EXEC>  SUCCESS 1275184
2023-12-21 09:24:11,597	[DEBUG]	DeclStmtInsertion(('triangle.cpp.xml', '_inter_block', 25), ('triangle.cpp.xml', 'decl_stmt', 1))
2023-12-21 09:24:11,598	[INFO]	4       SUCCESS               1275184 (105.78%) [1 edit(s)] 
2023-12-21 09:24:12,435	[DEBUG]	ExprStmtDeletion(('triangle.cpp.xml', 'expr_stmt', 8))
2023-12-21 09:24:12,435	[INFO]	5       TEST_CODE_ERROR       None  [1 edit(s)]       
2023-12-21 09:24:13,262	[DEBUG]	IfDeletion(('triangle.cpp.xml', 'if', 4))
2023-12-21 09:24:13,262	[INFO]	6       TEST_CODE_ERROR       None  [1 edit(s)]       
2023-12-21 09:24:13,402	[DEBUG]	ExprStmtReplacement(('triangle.cpp.xml', 'expr_stmt', 0), ('triangle.cpp.xml', 'stmt', 14))
2023-12-21 09:24:13,402	[INFO]	7       COMPILE_CODE_ERROR    None  [1 edit(s)]       
2023-12-21 09:24:13,529	[DEBUG]	DeclStmtReplacement(('triangle.cpp.xml', 'decl_stmt', 0), ('triangle.cpp.xml', 'stmt', 8))
2023-12-21 09:24:13,529	[INFO]	8       COMPILE_CODE_ERROR    None  [1 edit(s)]       
2023-12-21 09:24:14,324	[DEBUG]	IfReplacement(('triangle.cpp.xml', 'if', 1), ('triangle.cpp.xml', 'stmt', 11))
2023-12-21 09:24:14,324	[INFO]	9       TEST_CODE_ERROR       None  [1 edit(s)]       
2023-12-21 09:24:15,130	[DEBUG]	ReturnDeletion(('triangle.cpp.xml', 'return', 3))
2023-12-21 09:24:15,130	[INFO]	10      TEST_CODE_ERROR       None  [1 edit(s)]       
2023-12-21 09:24:15,271	[DEBUG]	DeclStmtDeletion(('triangle.cpp.xml', 'decl_stmt', 1))
2023-12-21 09:24:15,271	[INFO]	11      COMPILE_CODE_ERROR    None  [1 edit(s)]       
2023-12-21 09:24:15,400	[DEBUG]	DeclStmtDeletion(('triangle.cpp.xml', 'decl_stmt', 1))
2023-12-21 09:24:15,400	[INFO]	12      COMPILE_CODE_ERROR    None  [1 edit(s)]       
2023-12-21 09:24:16,184	[DEBUG]	ReturnReplacement(('triangle.cpp.xml', 'return', 0), ('triangle.cpp.xml', 'stmt', 17))
2023-12-21 09:24:16,185	[INFO]	13      TEST_CODE_ERROR       None  [1 edit(s)]       
2023-12-21 09:24:16,949	[DEBUG]	ReturnDeletion(('triangle.cpp.xml', 'return', 2))
2023-12-21 09:24:16,949	[INFO]	14      TEST_CODE_ERROR       None  [1 edit(s)]       
2023-12-21 09:24:17,095	[DEBUG]	IfInsertion(('triangle.cpp.xml', '_inter_block', 0), ('triangle.cpp.xml', 'if', 3))
2023-12-21 09:24:17,096	[INFO]	15      COMPILE_CODE_ERROR    None  [1 edit(s)]       
2023-12-21 09:24:17,898	[DEBUG]	ExprStmtDeletion(('triangle.cpp.xml', 'expr_stmt', 10))
2023-12-21 09:24:17,898	[INFO]	16      TEST_CODE_ERROR       None  [1 edit(s)]       
2023-12-21 09:24:18,029	[DEBUG]	DeclStmtDeletion(('triangle.cpp.xml', 'decl_stmt', 1))
2023-12-21 09:24:18,029	[INFO]	17      COMPILE_CODE_ERROR    None  [1 edit(s)]       
2023-12-21 09:24:18,164	[DEBUG]	DeclStmtReplacement(('triangle.cpp.xml', 'decl_stmt', 1), ('triangle.cpp.xml', 'stmt', 22))
2023-12-21 09:24:18,165	[INFO]	18      COMPILE_CODE_ERROR    None  [1 edit(s)]       
2023-12-21 09:24:19,128	[DEBUG]	EXEC>  SUCCESS 1205740
2023-12-21 09:24:19,129	[DEBUG]	IfInsertion(('triangle.cpp.xml', '_inter_block', 9), ('triangle.cpp.xml', 'if', 2))
2023-12-21 09:24:19,129	[INFO]	19      SUCCESS               1205740 (100.02%) [1 edit(s)] 
2023-12-21 09:24:19,929	[DEBUG]	ExprStmtDeletion(('triangle.cpp.xml', 'expr_stmt', 2))
2023-12-21 09:24:19,929	[INFO]	20      TEST_CODE_ERROR       None  [1 edit(s)]       
2023-12-21 09:24:20,078	[DEBUG]	ExprStmtInsertion(('triangle.cpp.xml', '_inter_block', 3), ('triangle.cpp.xml', 'expr_stmt', 0))
2023-12-21 09:24:20,079	[INFO]	21      COMPILE_CODE_ERROR    None  [1 edit(s)]       
2023-12-21 09:24:20,892	[DEBUG]	ReturnInsertion(('triangle.cpp.xml', '_inter_block', 15), ('triangle.cpp.xml', 'return', 0))
2023-12-21 09:24:20,893	[INFO]	22      TEST_CODE_ERROR       None  [1 edit(s)]       
2023-12-21 09:24:21,983	[DEBUG]	EXEC>  SUCCESS 2198445
2023-12-21 09:24:21,983	[DEBUG]	ExprStmtInsertion(('triangle.cpp.xml', '_inter_block', 17), ('triangle.cpp.xml', 'expr_stmt', 1))
2023-12-21 09:24:21,983	[INFO]	23      SUCCESS               2198445 (182.36%) [1 edit(s)] 
2023-12-21 09:24:22,758	[DEBUG]	ReturnInsertion(('triangle.cpp.xml', '_inter_block', 5), ('triangle.cpp.xml', 'return', 0))
2023-12-21 09:24:22,759	[INFO]	24      TEST_CODE_ERROR       None  [1 edit(s)]       
2023-12-21 09:24:22,909	[DEBUG]	DeclStmtInsertion(('triangle.cpp.xml', '_inter_block', 2), ('triangle.cpp.xml', 'decl_stmt', 0))
2023-12-21 09:24:22,909	[INFO]	25      COMPILE_CODE_ERROR    None  [1 edit(s)]       
2023-12-21 09:24:23,720	[DEBUG]	IfDeletion(('triangle.cpp.xml', 'if', 5))
2023-12-21 09:24:23,721	[INFO]	26      TEST_CODE_ERROR       None  [1 edit(s)]       
2023-12-21 09:24:24,548	[DEBUG]	ReturnReplacement(('triangle.cpp.xml', 'return', 2), ('triangle.cpp.xml', 'stmt', 17))
2023-12-21 09:24:24,548	[INFO]	27      TEST_CODE_ERROR       None  [1 edit(s)]       
2023-12-21 09:24:25,389	[DEBUG]	ReturnDeletion(('triangle.cpp.xml', 'return', 0))
2023-12-21 09:24:25,390	[INFO]	28      TEST_CODE_ERROR       None  [1 edit(s)]       
2023-12-21 09:24:26,217	[DEBUG]	ReturnDeletion(('triangle.cpp.xml', 'return', 0))
2023-12-21 09:24:26,217	[INFO]	29      TEST_CODE_ERROR       None  [1 edit(s)]       
2023-12-21 09:24:27,005	[DEBUG]	IfReplacement(('triangle.cpp.xml', 'if', 1), ('triangle.cpp.xml', 'stmt', 5))
2023-12-21 09:24:27,006	[INFO]	30      TEST_CODE_ERROR       None  [1 edit(s)]       
2023-12-21 09:24:27,175	[DEBUG]	DeclStmtInsertion(('triangle.cpp.xml', '_inter_block', 9), ('triangle.cpp.xml', 'decl_stmt', 1))
2023-12-21 09:24:27,175	[INFO]	31      COMPILE_CODE_ERROR    None  [1 edit(s)]       
2023-12-21 09:24:27,322	[DEBUG]	DeclStmtDeletion(('triangle.cpp.xml', 'decl_stmt', 1))
2023-12-21 09:24:27,322	[INFO]	32      COMPILE_CODE_ERROR    None  [1 edit(s)]       
2023-12-21 09:24:28,145	[DEBUG]	ExprStmtDeletion(('triangle.cpp.xml', 'expr_stmt', 10))
2023-12-21 09:24:28,146	[INFO]	33      TEST_CODE_ERROR       None  [1 edit(s)]       
2023-12-21 09:24:29,011	[DEBUG]	ReturnDeletion(('triangle.cpp.xml', 'return', 3))
2023-12-21 09:24:29,012	[INFO]	34      TEST_CODE_ERROR       None  [1 edit(s)]       
2023-12-21 09:24:29,876	[DEBUG]	ExprStmtReplacement(('triangle.cpp.xml', 'expr_stmt', 9), ('triangle.cpp.xml', 'stmt', 3))
2023-12-21 09:24:29,876	[INFO]	35      TEST_CODE_ERROR       None  [1 edit(s)]       
2023-12-21 09:24:30,859	[DEBUG]	EXEC>  SUCCESS 1205657
2023-12-21 09:24:30,859	[DEBUG]	IfInsertion(('triangle.cpp.xml', '_inter_block', 19), ('triangle.cpp.xml', 'if', 4))
2023-12-21 09:24:30,859	[INFO]	36      SUCCESS               1205657 (100.01%) [1 edit(s)] 
2023-12-21 09:24:31,685	[DEBUG]	ExprStmtDeletion(('triangle.cpp.xml', 'expr_stmt', 7))
2023-12-21 09:24:31,685	[INFO]	37      TEST_CODE_ERROR       None  [1 edit(s)]       
2023-12-21 09:24:32,485	[DEBUG]	IfInsertion(('triangle.cpp.xml', '_inter_block', 20), ('triangle.cpp.xml', 'if', 2))
2023-12-21 09:24:32,486	[INFO]	38      TEST_CODE_ERROR       None  [1 edit(s)]       
2023-12-21 09:24:33,502	[DEBUG]	EXEC>  SUCCESS 1205603
2023-12-21 09:24:33,503	[DEBUG]	DeclStmtInsertion(('triangle.cpp.xml', '_inter_block', 11), ('triangle.cpp.xml', 'decl_stmt', 0))
2023-12-21 09:24:33,503	[INFO]	39      SUCCESS               1205603 (100.0%) [1 edit(s)] 
2023-12-21 09:24:33,644	[DEBUG]	ExprStmtInsertion(('triangle.cpp.xml', '_inter_block', 1), ('triangle.cpp.xml', 'expr_stmt', 3))
2023-12-21 09:24:33,645	[INFO]	40      COMPILE_CODE_ERROR    None  [1 edit(s)]       
2023-12-21 09:24:34,390	[DEBUG]	ReturnDeletion(('triangle.cpp.xml', 'return', 3))
2023-12-21 09:24:34,390	[INFO]	41      TEST_CODE_ERROR       None  [1 edit(s)]       
2023-12-21 09:24:34,523	[DEBUG]	DeclStmtDeletion(('triangle.cpp.xml', 'decl_stmt', 0))
2023-12-21 09:24:34,523	[INFO]	42      COMPILE_CODE_ERROR    None  [1 edit(s)]       
2023-12-21 09:24:35,306	[DEBUG]	ReturnInsertion(('triangle.cpp.xml', '_inter_block', 24), ('triangle.cpp.xml', 'return', 2))
2023-12-21 09:24:35,307	[INFO]	43      TEST_CODE_ERROR       None  [1 edit(s)]       
2023-12-21 09:24:35,458	[DEBUG]	DeclStmtDeletion(('triangle.cpp.xml', 'decl_stmt', 1))
2023-12-21 09:24:35,458	[INFO]	44      COMPILE_CODE_ERROR    None  [1 edit(s)]       
2023-12-21 09:24:36,271	[DEBUG]	IfDeletion(('triangle.cpp.xml', 'if', 4))
2023-12-21 09:24:36,271	[INFO]	45      TEST_CODE_ERROR       None  [1 edit(s)]       
2023-12-21 09:24:37,098	[DEBUG]	ExprStmtDeletion(('triangle.cpp.xml', 'expr_stmt', 3))
2023-12-21 09:24:37,098	[INFO]	46      TEST_CODE_ERROR       None  [1 edit(s)]       
2023-12-21 09:24:37,934	[DEBUG]	ReturnReplacement(('triangle.cpp.xml', 'return', 3), ('triangle.cpp.xml', 'stmt', 0))
2023-12-21 09:24:37,935	[INFO]	47      TEST_CODE_ERROR       None  [1 edit(s)]       
2023-12-21 09:24:38,776	[DEBUG]	ReturnReplacement(('triangle.cpp.xml', 'return', 3), ('triangle.cpp.xml', 'stmt', 16))
2023-12-21 09:24:38,776	[INFO]	48      TEST_CODE_ERROR       None  [1 edit(s)]       
2023-12-21 09:24:38,924	[DEBUG]	DeclStmtDeletion(('triangle.cpp.xml', 'decl_stmt', 0))
2023-12-21 09:24:38,925	[INFO]	49      COMPILE_CODE_ERROR    None  [1 edit(s)]       
2023-12-21 09:24:39,078	[DEBUG]	DeclStmtInsertion(('triangle.cpp.xml', '_inter_block', 6), ('triangle.cpp.xml', 'decl_stmt', 1))
2023-12-21 09:24:39,079	[INFO]	50      COMPILE_CODE_ERROR    None  [1 edit(s)]       
2023-12-21 09:24:39,856	[DEBUG]	IfDeletion(('triangle.cpp.xml', 'if', 2))
2023-12-21 09:24:39,857	[INFO]	51      TEST_CODE_ERROR       None  [1 edit(s)]       
2023-12-21 09:24:40,644	[DEBUG]	ExprStmtDeletion(('triangle.cpp.xml', 'expr_stmt', 9))
2023-12-21 09:24:40,645	[INFO]	52      TEST_CODE_ERROR       None  [1 edit(s)]       
2023-12-21 09:24:41,658	[DEBUG]	EXEC>  SUCCESS 1205551
2023-12-21 09:24:41,658	[DEBUG]	DeclStmtInsertion(('triangle.cpp.xml', '_inter_block', 29), ('triangle.cpp.xml', 'decl_stmt', 0))
2023-12-21 09:24:41,659	[INFO]	53      SUCCESS               1205551 (100.0%) [1 edit(s)] 
2023-12-21 09:24:42,679	[DEBUG]	EXEC>  SUCCESS 1205598
2023-12-21 09:24:42,680	[DEBUG]	ExprStmtInsertion(('triangle.cpp.xml', '_inter_block', 15), ('triangle.cpp.xml', 'expr_stmt', 2))
2023-12-21 09:24:42,680	[INFO]	54      SUCCESS               1205598 (100.0%) [1 edit(s)] 
2023-12-21 09:24:43,507	[DEBUG]	ReturnDeletion(('triangle.cpp.xml', 'return', 3))
2023-12-21 09:24:43,508	[INFO]	55      TEST_CODE_ERROR       None  [1 edit(s)]       
2023-12-21 09:24:44,309	[DEBUG]	IfReplacement(('triangle.cpp.xml', 'if', 2), ('triangle.cpp.xml', 'stmt', 18))
2023-12-21 09:24:44,309	[INFO]	56      TEST_CODE_ERROR       None  [1 edit(s)]       
2023-12-21 09:24:44,441	[DEBUG]	DeclStmtDeletion(('triangle.cpp.xml', 'decl_stmt', 1))
2023-12-21 09:24:44,441	[INFO]	57      COMPILE_CODE_ERROR    None  [1 edit(s)]       
2023-12-21 09:24:45,214	[DEBUG]	ExprStmtReplacement(('triangle.cpp.xml', 'expr_stmt', 2), ('triangle.cpp.xml', 'stmt', 18))
2023-12-21 09:24:45,214	[INFO]	58      TEST_CODE_ERROR       None  [1 edit(s)]       
2023-12-21 09:24:46,260	[DEBUG]	EXEC>  SUCCESS 1205550
2023-12-21 09:24:46,260	[DEBUG]	ExprStmtInsertion(('triangle.cpp.xml', '_inter_block', 13), ('triangle.cpp.xml', 'expr_stmt', 8))
2023-12-21 09:24:46,260	[INFO]	59      SUCCESS               1205550 (100.0%) [1 edit(s)] 
2023-12-21 09:24:47,246	[DEBUG]	EXEC>  SUCCESS 1205549
2023-12-21 09:24:47,247	[DEBUG]	DeclStmtReplacement(('triangle.cpp.xml', 'decl_stmt', 1), ('triangle.cpp.xml', 'stmt', 1))
2023-12-21 09:24:47,248	[INFO]	60      SUCCESS              *1205549 (100.0%) [1 edit(s)] 
2023-12-21 09:24:47,249	[DEBUG]	
2023-12-21 09:24:48,078	[DEBUG]	ReturnReplacement(('triangle.cpp.xml', 'return', 2), ('triangle.cpp.xml', 'stmt', 13))
2023-12-21 09:24:48,078	[INFO]	61      TEST_CODE_ERROR       None  [1 edit(s)]       
2023-12-21 09:24:48,884	[DEBUG]	ReturnReplacement(('triangle.cpp.xml', 'return', 3), ('triangle.cpp.xml', 'stmt', 5))
2023-12-21 09:24:48,884	[INFO]	62      TEST_CODE_ERROR       None  [1 edit(s)]       
2023-12-21 09:24:49,684	[DEBUG]	IfReplacement(('triangle.cpp.xml', 'if', 2), ('triangle.cpp.xml', 'stmt', 20))
2023-12-21 09:24:49,684	[INFO]	63      TEST_CODE_ERROR       None  [1 edit(s)]       
2023-12-21 09:24:49,823	[DEBUG]	DeclStmtReplacement(('triangle.cpp.xml', 'decl_stmt', 1), ('triangle.cpp.xml', 'stmt', 14))
2023-12-21 09:24:49,824	[INFO]	64      COMPILE_CODE_ERROR    None  [1 edit(s)]       
2023-12-21 09:24:50,782	[DEBUG]	EXEC>  SUCCESS 1205851
2023-12-21 09:24:50,782	[DEBUG]	ExprStmtInsertion(('triangle.cpp.xml', '_inter_block', 21), ('triangle.cpp.xml', 'expr_stmt', 1))
2023-12-21 09:24:50,783	[INFO]	65      SUCCESS               1205851 (100.02%) [1 edit(s)] 
2023-12-21 09:24:51,617	[DEBUG]	IfDeletion(('triangle.cpp.xml', 'if', 2))
2023-12-21 09:24:51,618	[INFO]	66      TEST_CODE_ERROR       None  [1 edit(s)]       
2023-12-21 09:24:52,420	[DEBUG]	ReturnInsertion(('triangle.cpp.xml', '_inter_block', 11), ('triangle.cpp.xml', 'return', 3))
2023-12-21 09:24:52,420	[INFO]	67      TEST_CODE_ERROR       None  [1 edit(s)]       
2023-12-21 09:24:53,247	[DEBUG]	ReturnDeletion(('triangle.cpp.xml', 'return', 3))
2023-12-21 09:24:53,248	[INFO]	68      TEST_CODE_ERROR       None  [1 edit(s)]       
2023-12-21 09:24:54,060	[DEBUG]	IfReplacement(('triangle.cpp.xml', 'if', 1), ('triangle.cpp.xml', 'stmt', 21))
2023-12-21 09:24:54,060	[INFO]	69      TEST_CODE_ERROR       None  [1 edit(s)]       
2023-12-21 09:24:54,878	[DEBUG]	ReturnDeletion(('triangle.cpp.xml', 'return', 0))
2023-12-21 09:24:54,879	[INFO]	70      TEST_CODE_ERROR       None  [1 edit(s)]       
2023-12-21 09:24:55,884	[DEBUG]	EXEC>  SUCCESS 1205584
2023-12-21 09:24:55,885	[DEBUG]	ExprStmtReplacement(('triangle.cpp.xml', 'expr_stmt', 6), ('triangle.cpp.xml', 'stmt', 15))
2023-12-21 09:24:55,885	[INFO]	71      SUCCESS               1205584 (100.0%) [1 edit(s)] 
2023-12-21 09:24:56,899	[DEBUG]	EXEC>  SUCCESS 1205460
2023-12-21 09:24:56,900	[DEBUG]	IfReplacement(('triangle.cpp.xml', 'if', 0), ('triangle.cpp.xml', 'stmt', 17))
2023-12-21 09:24:56,900	[INFO]	72      SUCCESS              *1205460 (99.99%) [1 edit(s)] 
2023-12-21 09:24:56,902	[DEBUG]	--- before: triangle.cpp
+++ after: triangle.cpp
@@ -11,11 +11,10 @@
   delay();
 
   // Sort the sides so that a <= b <= c
-  if(a > b) {
-    tmp = a;
-    a = b;
-    b = tmp;
-  }
+  if(a == b && b == c)
+    /*auto*/{
+      return EQUILATERAL;
+    }/*auto*/
 
   if(a > c) {
     tmp = a;

2023-12-21 09:24:57,709	[DEBUG]	ExprStmtReplacement(('triangle.cpp.xml', 'expr_stmt', 3), ('triangle.cpp.xml', 'stmt', 12))
2023-12-21 09:24:57,710	[INFO]	73      TEST_CODE_ERROR       None  [1 edit(s)]       
2023-12-21 09:24:57,864	[DEBUG]	DeclStmtDeletion(('triangle.cpp.xml', 'decl_stmt', 1))
2023-12-21 09:24:57,864	[INFO]	74      COMPILE_CODE_ERROR    None  [1 edit(s)]       
2023-12-21 09:24:58,829	[DEBUG]	EXEC>  SUCCESS 1205575
2023-12-21 09:24:58,829	[DEBUG]	ExprStmtInsertion(('triangle.cpp.xml', '_inter_block', 30), ('triangle.cpp.xml', 'expr_stmt', 8))
2023-12-21 09:24:58,830	[INFO]	75      SUCCESS               1205575 (100.0%) [1 edit(s)] 
2023-12-21 09:24:59,853	[DEBUG]	EXEC>  SUCCESS 1205581
2023-12-21 09:24:59,853	[DEBUG]	DeclStmtInsertion(('triangle.cpp.xml', '_inter_block', 12), ('triangle.cpp.xml', 'decl_stmt', 0))
2023-12-21 09:24:59,854	[INFO]	76      SUCCESS               1205581 (100.0%) [1 edit(s)] 
2023-12-21 09:25:00,869	[DEBUG]	EXEC>  SUCCESS 1205551
2023-12-21 09:25:00,869	[DEBUG]	DeclStmtInsertion(('triangle.cpp.xml', '_inter_block', 27), ('triangle.cpp.xml', 'decl_stmt', 0))
2023-12-21 09:25:00,945	[INFO]	77      SUCCESS               1205551 (100.0%) [1 edit(s)] 
2023-12-21 09:25:01,771	[DEBUG]	IfDeletion(('triangle.cpp.xml', 'if', 3))
2023-12-21 09:25:01,771	[INFO]	78      TEST_CODE_ERROR       None  [1 edit(s)]       
2023-12-21 09:25:02,584	[DEBUG]	IfDeletion(('triangle.cpp.xml', 'if', 5))
2023-12-21 09:25:02,585	[INFO]	79      TEST_CODE_ERROR       None  [1 edit(s)]       
2023-12-21 09:25:03,632	[DEBUG]	EXEC>  SUCCESS 1205550
2023-12-21 09:25:03,633	[DEBUG]	ReturnInsertion(('triangle.cpp.xml', '_inter_block', 27), ('triangle.cpp.xml', 'return', 0))
2023-12-21 09:25:03,634	[INFO]	80      SUCCESS               1205550 (100.0%) [1 edit(s)] 
2023-12-21 09:25:03,764	[DEBUG]	IfReplacement(('triangle.cpp.xml', 'if', 2), ('triangle.cpp.xml', 'stmt', 2))
2023-12-21 09:25:03,765	[INFO]	81      COMPILE_CODE_ERROR    None  [1 edit(s)]       
2023-12-21 09:25:03,877	[DEBUG]	DeclStmtReplacement(('triangle.cpp.xml', 'decl_stmt', 1), ('triangle.cpp.xml', 'stmt', 16))
2023-12-21 09:25:03,877	[INFO]	82      COMPILE_CODE_ERROR    None  [1 edit(s)]       
2023-12-21 09:25:04,011	[DEBUG]	DeclStmtDeletion(('triangle.cpp.xml', 'decl_stmt', 1))
2023-12-21 09:25:04,011	[INFO]	83      COMPILE_CODE_ERROR    None  [1 edit(s)]       
2023-12-21 09:25:04,133	[DEBUG]	DeclStmtReplacement(('triangle.cpp.xml', 'decl_stmt', 1), ('triangle.cpp.xml', 'stmt', 11))
2023-12-21 09:25:04,133	[INFO]	84      COMPILE_CODE_ERROR    None  [1 edit(s)]       
2023-12-21 09:25:04,913	[DEBUG]	ReturnDeletion(('triangle.cpp.xml', 'return', 3))
2023-12-21 09:25:04,914	[INFO]	85      TEST_CODE_ERROR       None  [1 edit(s)]       
2023-12-21 09:25:05,679	[DEBUG]	ReturnInsertion(('triangle.cpp.xml', '_inter_block', 18), ('triangle.cpp.xml', 'return', 1))
2023-12-21 09:25:05,680	[INFO]	86      TEST_CODE_ERROR       None  [1 edit(s)]       
2023-12-21 09:25:06,476	[DEBUG]	ExprStmtReplacement(('triangle.cpp.xml', 'expr_stmt', 7), ('triangle.cpp.xml', 'stmt', 3))
2023-12-21 09:25:06,476	[INFO]	87      TEST_CODE_ERROR       None  [1 edit(s)]       
2023-12-21 09:25:06,607	[DEBUG]	IfReplacement(('triangle.cpp.xml', 'if', 3), ('triangle.cpp.xml', 'stmt', 1))
2023-12-21 09:25:06,607	[INFO]	88      COMPILE_CODE_ERROR    None  [1 edit(s)]       
2023-12-21 09:25:07,390	[DEBUG]	ReturnReplacement(('triangle.cpp.xml', 'return', 1), ('triangle.cpp.xml', 'stmt', 7))
2023-12-21 09:25:07,390	[INFO]	89      TEST_CODE_ERROR       None  [1 edit(s)]       
2023-12-21 09:25:08,188	[DEBUG]	ReturnInsertion(('triangle.cpp.xml', '_inter_block', 26), ('triangle.cpp.xml', 'return', 3))
2023-12-21 09:25:08,188	[INFO]	90      TEST_CODE_ERROR       None  [1 edit(s)]       
2023-12-21 09:25:09,047	[DEBUG]	EXEC>  SUCCESS 1203407
2023-12-21 09:25:09,048	[DEBUG]	ExprStmtReplacement(('triangle.cpp.xml', 'expr_stmt', 1), ('triangle.cpp.xml', 'stmt', 17))
2023-12-21 09:25:09,048	[INFO]	91      SUCCESS              *1203407 (99.82%) [1 edit(s)] 
2023-12-21 09:25:09,050	[DEBUG]	--- before: triangle.cpp
+++ after: triangle.cpp
@@ -8,7 +8,10 @@
 int classify_triangle(double a, double b, double c) {
   double tmp;
 
-  delay();
+  if(a == b && b == c)
+    /*auto*/{
+      return EQUILATERAL;
+    }/*auto*/
 
   // Sort the sides so that a <= b <= c
   if(a > b) {

2023-12-21 09:25:09,051	[INFO]	==== END ====
2023-12-21 09:25:09,051	[INFO]	
2023-12-21 09:25:09,051	[INFO]	==== REPORT ====
2023-12-21 09:25:09,051	[INFO]	Termination: time budget
2023-12-21 09:25:09,052	[INFO]	Log file: /cs/student/ug/2020/damibose/projects/magpie/_magpie_logs/triangle-cpp_slow_1703150641.log
2023-12-21 09:25:09,053	[INFO]	Patch file: _magpie_logs/triangle-cpp_slow_1703150641.patch
2023-12-21 09:25:09,053	[INFO]	Diff file: _magpie_logs/triangle-cpp_slow_1703150641.diff
2023-12-21 09:25:09,053	[INFO]	Best fitness: 1203407
2023-12-21 09:25:09,054	[INFO]	Best patch: ExprStmtReplacement(('triangle.cpp.xml', 'expr_stmt', 1), ('triangle.cpp.xml', 'stmt', 17))
2023-12-21 09:25:09,054	[INFO]	Diff:
--- before: triangle.cpp
+++ after: triangle.cpp
@@ -8,7 +8,10 @@
 int classify_triangle(double a, double b, double c) {
   double tmp;
 
-  delay();
+  if(a == b && b == c)
+    /*auto*/{
+      return EQUILATERAL;
+    }/*auto*/
 
   // Sort the sides so that a <= b <= c
   if(a > b) {

