2023-12-27 22:50:53,143	[DEBUG]	==== CONFIG ====
[magpie]
import = 
seed = 5
log_dir = _magpie_logs
work_dir = _magpie_work
final_out_dir = experiments/results/RandomSearch/epsilon_greedy/trial_5
local_original_copy = True
local_original_name = __original__
output_encoding = ascii
edit_retries = 10
default_timeout = 30
default_lengthout = 10000.0
diff_method = unified
trust_local_filesystem = True

[software]
path = examples/code/triangle-cpp_slow
target_files = 
	triangle.cpp.xml
program = BasicProgram
engine_rules = 
	*.params : ConfigFileParamsEngine
	*.xml : SrcmlEngine
	* : LineEngine
engine_config = 
	*.params : [params]
	*.xml : [srcml]
init_cmd = 
init_timeout = 60
init_lengthout = -1
setup_cmd = ./setup.sh
setup_timeout = 
setup_lengthout = 
compile_cmd = ./compile.sh
compile_timeout = 
compile_lengthout = 
test_cmd = ./build/test_triangle
test_timeout = 
test_lengthout = 
run_cmd = perf stat ./build/run_triangle
run_timeout = 1
run_lengthout = 
batch_timeout = 
batch_lengthout = 
batch_bin_fitness_strategy = aggregate
batch_fitness_strategy = sum
fitness = perf_instructions

[srcml]
rename = 
focus = block break continue decl_stmt do expr_stmt for goto if return switch while
internodes = block
process_pseudo_blocks = True
process_literals = False
process_operators = False

[params]
timing = test run
cli_prefix = --
cli_glue = =
cli_boolean = show
cli_boolean_prefix_true = 
cli_boolean_prefix_false = no-
silent_prefix = @
silent_suffix = $

[search]
protocol = BasicProtocol
algorithm = RandomSearch
possible_edits = 
	DeclStmtReplacement
	ExprStmtReplacement
	IfReplacement
	ReturnReplacement
	DeclStmtInsertion
	ExprStmtInsertion
	IfInsertion
	ReturnInsertion
	DeclStmtDeletion
	ExprStmtDeletion
	IfDeletion
	ReturnDeletion
warmup = 5
warmup_strategy = last
max_steps = 100
max_time = 60
target_fitness = 
cache_maxsize = 40
cache_keep = 0.2
batch_instances = 
batch_shuffle = True
batch_bin_shuffle = False
batch_sample_size = 1
operator_selector = EpsilonGreedy
epsilon = 0.2

[search.ls]
delete_prob = 0
max_neighbours = 20
when_trapped = continue
accept_fail = False
tabu_length = 10

[search.gp]
pop_size = 10
delete_prob = 0.5
offspring_elitism = 0.1
offspring_crossover = 0.5
offspring_mutation = 0.4
uniform_rate = 0.5
batch_reset = True

[search.minify]
do_cleanup = True
do_rebuild = True
do_simplify = True
round_robin_limit = 3


2023-12-27 22:50:53,162	[INFO]	==== WARMUP ====
2023-12-27 22:51:01,016	[DEBUG]	EXEC>  SUCCESS 1204241
2023-12-27 22:51:01,020	[INFO]	WARM    SUCCESS               1204241                 
2023-12-27 22:51:04,265	[DEBUG]	EXEC>  SUCCESS 1232519
2023-12-27 22:51:04,266	[INFO]	WARM    SUCCESS               1232519                 
2023-12-27 22:51:07,442	[DEBUG]	EXEC>  SUCCESS 1204240
2023-12-27 22:51:07,443	[INFO]	WARM    SUCCESS               1204240                 
2023-12-27 22:51:10,568	[DEBUG]	EXEC>  SUCCESS 1204239
2023-12-27 22:51:10,569	[INFO]	WARM    SUCCESS               1204239                 
2023-12-27 22:51:14,181	[DEBUG]	EXEC>  SUCCESS 1673610
2023-12-27 22:51:14,185	[INFO]	WARM    SUCCESS               1673610                 
2023-12-27 22:51:14,185	[INFO]	INITIAL SUCCESS               1673610                 
2023-12-27 22:51:14,185	[INFO]	==== START: RandomSearch ====
2023-12-27 22:51:14,851	[DEBUG]	DeclStmtReplacement(('triangle.cpp.xml', 'decl_stmt', 0), ('triangle.cpp.xml', 'stmt', 18))
2023-12-27 22:51:14,852	[INFO]	1       COMPILE_CODE_ERROR    None  [1 edit(s)]       
2023-12-27 22:51:15,406	[DEBUG]	DeclStmtReplacement(('triangle.cpp.xml', 'decl_stmt', 1), ('triangle.cpp.xml', 'stmt', 19))
2023-12-27 22:51:15,406	[INFO]	2       COMPILE_CODE_ERROR    None  [1 edit(s)]       
2023-12-27 22:51:15,993	[DEBUG]	DeclStmtReplacement(('triangle.cpp.xml', 'decl_stmt', 0), ('triangle.cpp.xml', 'stmt', 18))
2023-12-27 22:51:15,993	[INFO]	3       COMPILE_CODE_ERROR    None  [1 edit(s)]       
2023-12-27 22:51:16,520	[DEBUG]	DeclStmtReplacement(('triangle.cpp.xml', 'decl_stmt', 1), ('triangle.cpp.xml', 'stmt', 12))
2023-12-27 22:51:16,521	[INFO]	4       COMPILE_CODE_ERROR    None  [1 edit(s)]       
2023-12-27 22:51:19,139	[DEBUG]	EXEC>  SUCCESS 1204240
2023-12-27 22:51:19,140	[DEBUG]	DeclStmtReplacement(('triangle.cpp.xml', 'decl_stmt', 1), ('triangle.cpp.xml', 'stmt', 1))
2023-12-27 22:51:19,140	[INFO]	5       SUCCESS              *1204240 (71.95%) [1 edit(s)] 
2023-12-27 22:51:19,141	[DEBUG]	
2023-12-27 22:51:19,143	[DEBUG]	DeclStmtReplacement(('triangle.cpp.xml', 'decl_stmt', 0), ('triangle.cpp.xml', 'stmt', 0))
2023-12-27 22:51:19,143	[INFO]	6       SUCCESS               1204240 (71.95%) [1 edit(s)] 
2023-12-27 22:51:19,794	[DEBUG]	DeclStmtReplacement(('triangle.cpp.xml', 'decl_stmt', 1), ('triangle.cpp.xml', 'stmt', 4))
2023-12-27 22:51:19,795	[INFO]	7       COMPILE_CODE_ERROR    None  [1 edit(s)]       
2023-12-27 22:51:22,684	[DEBUG]	EXEC>  SUCCESS 1204300
2023-12-27 22:51:22,685	[DEBUG]	ExprStmtInsertion(('triangle.cpp.xml', '_inter_block', 25), ('triangle.cpp.xml', 'expr_stmt', 8))
2023-12-27 22:51:22,685	[INFO]	8       SUCCESS               1204300 (71.96%) [1 edit(s)] 
2023-12-27 22:51:25,567	[DEBUG]	EXEC>  SUCCESS 1204301
2023-12-27 22:51:25,568	[DEBUG]	ExprStmtInsertion(('triangle.cpp.xml', '_inter_block', 22), ('triangle.cpp.xml', 'expr_stmt', 8))
2023-12-27 22:51:25,568	[INFO]	9       SUCCESS               1204301 (71.96%) [1 edit(s)] 
2023-12-27 22:51:28,320	[DEBUG]	ExprStmtInsertion(('triangle.cpp.xml', '_inter_block', 18), ('triangle.cpp.xml', 'expr_stmt', 7))
2023-12-27 22:51:28,320	[INFO]	10      TEST_CODE_ERROR       None  [1 edit(s)]       
2023-12-27 22:51:30,828	[DEBUG]	ExprStmtInsertion(('triangle.cpp.xml', '_inter_block', 16), ('triangle.cpp.xml', 'expr_stmt', 2))
2023-12-27 22:51:30,829	[INFO]	11      TEST_CODE_ERROR       None  [1 edit(s)]       
2023-12-27 22:51:31,554	[DEBUG]	ExprStmtInsertion(('triangle.cpp.xml', '_inter_block', 30), ('triangle.cpp.xml', 'expr_stmt', 0))
2023-12-27 22:51:31,555	[INFO]	12      COMPILE_CODE_ERROR    None  [1 edit(s)]       
2023-12-27 22:51:34,021	[DEBUG]	ExprStmtInsertion(('triangle.cpp.xml', '_inter_block', 5), ('triangle.cpp.xml', 'expr_stmt', 10))
2023-12-27 22:51:34,022	[INFO]	13      TEST_CODE_ERROR       None  [1 edit(s)]       
2023-12-27 22:51:36,810	[DEBUG]	EXEC>  SUCCESS 1204240
2023-12-27 22:51:36,811	[DEBUG]	ExprStmtInsertion(('triangle.cpp.xml', '_inter_block', 29), ('triangle.cpp.xml', 'expr_stmt', 6))
2023-12-27 22:51:36,811	[INFO]	14      SUCCESS               1204240 (71.95%) [1 edit(s)] 
2023-12-27 22:51:39,493	[DEBUG]	ExprStmtInsertion(('triangle.cpp.xml', '_inter_block', 23), ('triangle.cpp.xml', 'expr_stmt', 2))
2023-12-27 22:51:39,494	[INFO]	15      TEST_CODE_ERROR       None  [1 edit(s)]       
2023-12-27 22:51:42,380	[DEBUG]	EXEC>  SUCCESS 1707873
2023-12-27 22:51:42,381	[DEBUG]	ExprStmtInsertion(('triangle.cpp.xml', '_inter_block', 5), ('triangle.cpp.xml', 'expr_stmt', 1))
2023-12-27 22:51:42,381	[INFO]	16      SUCCESS               1707873 (102.05%) [1 edit(s)] 
2023-12-27 22:51:45,359	[DEBUG]	EXEC>  SUCCESS 1204270
2023-12-27 22:51:45,359	[DEBUG]	ExprStmtInsertion(('triangle.cpp.xml', '_inter_block', 19), ('triangle.cpp.xml', 'expr_stmt', 2))
2023-12-27 22:51:45,359	[INFO]	17      SUCCESS               1204270 (71.96%) [1 edit(s)] 
2023-12-27 22:51:48,365	[DEBUG]	EXEC>  SUCCESS 1204240
2023-12-27 22:51:48,366	[DEBUG]	ExprStmtInsertion(('triangle.cpp.xml', '_inter_block', 31), ('triangle.cpp.xml', 'expr_stmt', 5))
2023-12-27 22:51:48,366	[INFO]	18      SUCCESS               1204240 (71.95%) [1 edit(s)] 
2023-12-27 22:51:48,983	[DEBUG]	ExprStmtInsertion(('triangle.cpp.xml', '_inter_block', 3), ('triangle.cpp.xml', 'expr_stmt', 6))
2023-12-27 22:51:48,983	[INFO]	19      COMPILE_CODE_ERROR    None  [1 edit(s)]       
2023-12-27 22:51:51,506	[DEBUG]	ReturnInsertion(('triangle.cpp.xml', '_inter_block', 24), ('triangle.cpp.xml', 'return', 3))
2023-12-27 22:51:51,506	[INFO]	20      TEST_CODE_ERROR       None  [1 edit(s)]       
2023-12-27 22:51:54,362	[DEBUG]	EXEC>  SUCCESS 1902831
2023-12-27 22:51:54,362	[DEBUG]	IfInsertion(('triangle.cpp.xml', '_inter_block', 31), ('triangle.cpp.xml', 'if', 4))
2023-12-27 22:51:54,362	[INFO]	21      SUCCESS               1902831 (113.7%) [1 edit(s)] 
2023-12-27 22:51:57,169	[DEBUG]	EXEC>  SUCCESS 1204285
2023-12-27 22:51:57,169	[DEBUG]	IfInsertion(('triangle.cpp.xml', '_inter_block', 21), ('triangle.cpp.xml', 'if', 2))
2023-12-27 22:51:57,170	[INFO]	22      SUCCESS               1204285 (71.96%) [1 edit(s)] 
2023-12-27 22:52:00,121	[DEBUG]	EXEC>  SUCCESS 1204599
2023-12-27 22:52:00,121	[DEBUG]	IfInsertion(('triangle.cpp.xml', '_inter_block', 22), ('triangle.cpp.xml', 'if', 5))
2023-12-27 22:52:00,121	[INFO]	23      SUCCESS               1204599 (71.98%) [1 edit(s)] 
2023-12-27 22:52:02,979	[DEBUG]	EXEC>  SUCCESS 1204331
2023-12-27 22:52:02,980	[DEBUG]	IfInsertion(('triangle.cpp.xml', '_inter_block', 25), ('triangle.cpp.xml', 'if', 2))
2023-12-27 22:52:02,980	[INFO]	24      SUCCESS               1204331 (71.96%) [1 edit(s)] 
2023-12-27 22:52:05,636	[DEBUG]	IfInsertion(('triangle.cpp.xml', '_inter_block', 23), ('triangle.cpp.xml', 'if', 2))
2023-12-27 22:52:05,637	[INFO]	25      TEST_CODE_ERROR       None  [1 edit(s)]       
2023-12-27 22:52:08,439	[DEBUG]	EXEC>  SUCCESS 1215328
2023-12-27 22:52:08,439	[DEBUG]	IfInsertion(('triangle.cpp.xml', '_inter_block', 29), ('triangle.cpp.xml', 'if', 2))
2023-12-27 22:52:08,439	[INFO]	26      SUCCESS               1215328 (72.62%) [1 edit(s)] 
2023-12-27 22:52:09,231	[DEBUG]	DeclStmtDeletion(('triangle.cpp.xml', 'decl_stmt', 1))
2023-12-27 22:52:09,232	[INFO]	27      COMPILE_CODE_ERROR    None  [1 edit(s)]       
2023-12-27 22:52:09,776	[DEBUG]	ReturnInsertion(('triangle.cpp.xml', '_inter_block', 2), ('triangle.cpp.xml', 'return', 2))
2023-12-27 22:52:09,777	[INFO]	28      COMPILE_CODE_ERROR    None  [1 edit(s)]       
2023-12-27 22:52:12,525	[DEBUG]	EXEC>  SUCCESS 1449378
2023-12-27 22:52:12,525	[DEBUG]	IfInsertion(('triangle.cpp.xml', '_inter_block', 28), ('triangle.cpp.xml', 'if', 1))
2023-12-27 22:52:12,525	[INFO]	29      SUCCESS               1449378 (86.6%) [1 edit(s)] 
2023-12-27 22:52:13,237	[DEBUG]	IfInsertion(('triangle.cpp.xml', '_inter_block', 0), ('triangle.cpp.xml', 'if', 1))
2023-12-27 22:52:13,237	[INFO]	30      COMPILE_CODE_ERROR    None  [1 edit(s)]       
2023-12-27 22:52:14,752	[DEBUG]	IfInsertion(('triangle.cpp.xml', '_inter_block', 15), ('triangle.cpp.xml', 'if', 1))
2023-12-27 22:52:14,753	[INFO]	31      TEST_CODE_ERROR       None  [1 edit(s)]       
2023-12-27 22:52:14,754	[INFO]	==== END ====
2023-12-27 22:52:14,755	[INFO]	
2023-12-27 22:52:14,755	[INFO]	==== REPORT ====
2023-12-27 22:52:14,755	[INFO]	Termination: time budget
2023-12-27 22:52:14,755	[INFO]	Log file: /cs/student/ug/2020/damibose/projects/magpie/_magpie_logs/triangle-cpp_slow_1703717489.log
2023-12-27 22:52:14,756	[INFO]	Patch file: _magpie_logs/triangle-cpp_slow_1703717489.patch
2023-12-27 22:52:14,756	[INFO]	Diff file: _magpie_logs/triangle-cpp_slow_1703717489.diff
2023-12-27 22:52:14,756	[INFO]	Best fitness: 1204240
2023-12-27 22:52:14,757	[INFO]	Best patch: DeclStmtReplacement(('triangle.cpp.xml', 'decl_stmt', 1), ('triangle.cpp.xml', 'stmt', 1))
2023-12-27 22:52:14,757	[INFO]	Diff:

