2023-12-15 02:55:46,556	[DEBUG]	==== CONFIG ====
[magpie]
import = 
seed = 4
log_dir = _magpie_logs
work_dir = _magpie_work
final_out_dir = experiments/results_e_greedy_proof_of_concept/epsilon_greedy/RandomSearch/trial_4
local_original_copy = True
local_original_name = __original__
output_encoding = ascii
edit_retries = 10
default_timeout = 30
default_lengthout = 10000.0
diff_method = unified
trust_local_filesystem = True

[software]
path = examples/code/triangle-cpp_slow
target_files = 
	triangle.cpp.xml
program = BasicProgram
engine_rules = 
	*.params : ConfigFileParamsEngine
	*.xml : SrcmlEngine
	* : LineEngine
engine_config = 
	*.params : [params]
	*.xml : [srcml]
init_cmd = 
init_timeout = 60
init_lengthout = -1
setup_cmd = ./setup.sh
setup_timeout = 
setup_lengthout = 
compile_cmd = ./compile.sh
compile_timeout = 
compile_lengthout = 
test_cmd = ./build/test_triangle
test_timeout = 
test_lengthout = 
run_cmd = perf stat ./build/run_triangle
run_timeout = 1
run_lengthout = 
batch_timeout = 
batch_lengthout = 
batch_bin_fitness_strategy = aggregate
batch_fitness_strategy = sum
fitness = perf_instructions

[srcml]
rename = 
focus = block break continue decl_stmt do expr_stmt for goto if return switch while
internodes = block
process_pseudo_blocks = True
process_literals = False
process_operators = False

[params]
timing = test run
cli_prefix = --
cli_glue = =
cli_boolean = show
cli_boolean_prefix_true = 
cli_boolean_prefix_false = no-
silent_prefix = @
silent_suffix = $

[search]
protocol = BasicProtocol
algorithm = RandomSearch
possible_edits = 
	DeclStmtReplacement
	ExprStmtReplacement
	IfReplacement
	ReturnReplacement
	DeclStmtInsertion
	ExprStmtInsertion
	IfInsertion
	ReturnInsertion
	DeclStmtDeletion
	ExprStmtDeletion
	IfDeletion
	ReturnDeletion
warmup = 5
warmup_strategy = last
max_steps = 100
max_time = 60
target_fitness = 
cache_maxsize = 40
cache_keep = 0.2
batch_instances = 
batch_shuffle = True
batch_bin_shuffle = False
batch_sample_size = 1
operator_selector = EpsilonGreedy
epsilon = 0.2

[search.ls]
delete_prob = 0
max_neighbours = 20
when_trapped = continue
accept_fail = False
tabu_length = 10

[search.gp]
pop_size = 10
delete_prob = 0.5
offspring_elitism = 0.1
offspring_crossover = 0.5
offspring_mutation = 0.4
uniform_rate = 0.5
batch_reset = True

[search.minify]
do_cleanup = True
do_rebuild = True
do_simplify = True
round_robin_limit = 3


2023-12-15 02:55:46,561	[INFO]	==== WARMUP ====
2023-12-15 02:55:49,131	[DEBUG]	EXEC>  SUCCESS 1204240
2023-12-15 02:55:49,131	[INFO]	WARM    SUCCESS               1204240                 
2023-12-15 02:55:50,113	[DEBUG]	EXEC>  SUCCESS 1204239
2023-12-15 02:55:50,114	[INFO]	WARM    SUCCESS               1204239                 
2023-12-15 02:55:51,105	[DEBUG]	EXEC>  SUCCESS 1204240
2023-12-15 02:55:51,106	[INFO]	WARM    SUCCESS               1204240                 
2023-12-15 02:55:52,091	[DEBUG]	EXEC>  SUCCESS 1204240
2023-12-15 02:55:52,092	[INFO]	WARM    SUCCESS               1204240                 
2023-12-15 02:55:53,117	[DEBUG]	EXEC>  SUCCESS 1204238
2023-12-15 02:55:53,117	[INFO]	WARM    SUCCESS               1204238                 
2023-12-15 02:55:53,119	[INFO]	INITIAL SUCCESS               1204238                 
2023-12-15 02:55:53,119	[INFO]	==== START: RandomSearch ====
2023-12-15 02:55:53,266	[DEBUG]	DeclStmtReplacement(('triangle.cpp.xml', 'decl_stmt', 1), ('triangle.cpp.xml', 'stmt', 4))
2023-12-15 02:55:53,266	[INFO]	1       COMPILE_CODE_ERROR    None  [1 edit(s)]       
2023-12-15 02:55:54,057	[DEBUG]	ExprStmtReplacement(('triangle.cpp.xml', 'expr_stmt', 9), ('triangle.cpp.xml', 'stmt', 13))
2023-12-15 02:55:54,057	[INFO]	2       TEST_CODE_ERROR       None  [1 edit(s)]       
2023-12-15 02:55:54,822	[DEBUG]	ReturnInsertion(('triangle.cpp.xml', '_inter_block', 25), ('triangle.cpp.xml', 'return', 0))
2023-12-15 02:55:54,823	[INFO]	3       TEST_CODE_ERROR       None  [1 edit(s)]       
2023-12-15 02:55:55,630	[DEBUG]	ExprStmtDeletion(('triangle.cpp.xml', 'expr_stmt', 2))
2023-12-15 02:55:55,631	[INFO]	4       TEST_CODE_ERROR       None  [1 edit(s)]       
2023-12-15 02:55:55,793	[DEBUG]	DeclStmtDeletion(('triangle.cpp.xml', 'decl_stmt', 1))
2023-12-15 02:55:55,793	[INFO]	5       COMPILE_CODE_ERROR    None  [1 edit(s)]       
2023-12-15 02:55:56,784	[DEBUG]	EXEC>  SUCCESS 1204168
2023-12-15 02:55:56,784	[DEBUG]	IfReplacement(('triangle.cpp.xml', 'if', 1), ('triangle.cpp.xml', 'stmt', 13))
2023-12-15 02:55:56,785	[INFO]	6       SUCCESS              *1204168 (99.99%) [1 edit(s)] 
2023-12-15 02:55:56,787	[DEBUG]	--- before: triangle.cpp
+++ after: triangle.cpp
@@ -17,10 +17,10 @@
     b = tmp;
   }
 
-  if(a > c) {
+  if(a > b) {
     tmp = a;
-    a = c;
-    c = tmp;
+    a = b;
+    b = tmp;
   }
 
   if(b > c) {

2023-12-15 02:55:56,949	[DEBUG]	DeclStmtDeletion(('triangle.cpp.xml', 'decl_stmt', 1))
2023-12-15 02:55:56,949	[INFO]	7       COMPILE_CODE_ERROR    None  [1 edit(s)]       
2023-12-15 02:55:57,794	[DEBUG]	ReturnReplacement(('triangle.cpp.xml', 'return', 3), ('triangle.cpp.xml', 'stmt', 12))
2023-12-15 02:55:57,795	[INFO]	8       TEST_CODE_ERROR       None  [1 edit(s)]       
2023-12-15 02:55:58,796	[DEBUG]	EXEC>  SUCCESS 1204270
2023-12-15 02:55:58,797	[DEBUG]	DeclStmtInsertion(('triangle.cpp.xml', '_inter_block', 19), ('triangle.cpp.xml', 'decl_stmt', 0))
2023-12-15 02:55:58,797	[INFO]	9       SUCCESS               1204270 (100.0%) [1 edit(s)] 
2023-12-15 02:55:59,818	[DEBUG]	EXEC>  SUCCESS 1204270
2023-12-15 02:55:59,818	[DEBUG]	ExprStmtInsertion(('triangle.cpp.xml', '_inter_block', 19), ('triangle.cpp.xml', 'expr_stmt', 3))
2023-12-15 02:55:59,822	[INFO]	10      SUCCESS               1204270 (100.0%) [1 edit(s)] 
2023-12-15 02:56:00,671	[DEBUG]	IfInsertion(('triangle.cpp.xml', '_inter_block', 24), ('triangle.cpp.xml', 'if', 5))
2023-12-15 02:56:00,671	[INFO]	11      TEST_CODE_ERROR       None  [1 edit(s)]       
2023-12-15 02:56:01,647	[DEBUG]	EXEC>  SUCCESS 1203871
2023-12-15 02:56:01,648	[DEBUG]	IfDeletion(('triangle.cpp.xml', 'if', 0))
2023-12-15 02:56:01,648	[INFO]	12      SUCCESS              *1203871 (99.97%) [1 edit(s)] 
2023-12-15 02:56:01,649	[DEBUG]	--- before: triangle.cpp
+++ after: triangle.cpp
@@ -11,11 +11,7 @@
   delay();
 
   // Sort the sides so that a <= b <= c
-  if(a > b) {
-    tmp = a;
-    a = b;
-    b = tmp;
-  }
+  
 
   if(a > c) {
     tmp = a;

2023-12-15 02:56:02,452	[DEBUG]	ReturnDeletion(('triangle.cpp.xml', 'return', 0))
2023-12-15 02:56:02,453	[INFO]	13      TEST_CODE_ERROR       None  [1 edit(s)]       
2023-12-15 02:56:03,265	[DEBUG]	IfDeletion(('triangle.cpp.xml', 'if', 2))
2023-12-15 02:56:03,265	[INFO]	14      TEST_CODE_ERROR       None  [1 edit(s)]       
2023-12-15 02:56:04,090	[DEBUG]	IfReplacement(('triangle.cpp.xml', 'if', 5), ('triangle.cpp.xml', 'stmt', 3))
2023-12-15 02:56:04,091	[INFO]	15      TEST_CODE_ERROR       None  [1 edit(s)]       
2023-12-15 02:56:05,082	[DEBUG]	EXEC>  SUCCESS 1204366
2023-12-15 02:56:05,083	[DEBUG]	DeclStmtInsertion(('triangle.cpp.xml', '_inter_block', 4), ('triangle.cpp.xml', 'decl_stmt', 0))
2023-12-15 02:56:05,084	[INFO]	16      SUCCESS               1204366 (100.01%) [1 edit(s)] 
2023-12-15 02:56:05,230	[DEBUG]	ExprStmtInsertion(('triangle.cpp.xml', '_inter_block', 31), ('triangle.cpp.xml', 'expr_stmt', 0))
2023-12-15 02:56:05,230	[INFO]	17      COMPILE_CODE_ERROR    None  [1 edit(s)]       
2023-12-15 02:56:05,360	[DEBUG]	DeclStmtDeletion(('triangle.cpp.xml', 'decl_stmt', 0))
2023-12-15 02:56:05,361	[INFO]	18      COMPILE_CODE_ERROR    None  [1 edit(s)]       
2023-12-15 02:56:06,383	[DEBUG]	EXEC>  SUCCESS 1204288
2023-12-15 02:56:06,384	[DEBUG]	DeclStmtInsertion(('triangle.cpp.xml', '_inter_block', 15), ('triangle.cpp.xml', 'decl_stmt', 0))
2023-12-15 02:56:06,385	[INFO]	19      SUCCESS               1204288 (100.0%) [1 edit(s)] 
2023-12-15 02:56:07,263	[DEBUG]	IfDeletion(('triangle.cpp.xml', 'if', 4))
2023-12-15 02:56:07,263	[INFO]	20      TEST_CODE_ERROR       None  [1 edit(s)]       
2023-12-15 02:56:08,339	[DEBUG]	EXEC>  SUCCESS 1204240
2023-12-15 02:56:08,339	[DEBUG]	DeclStmtInsertion(('triangle.cpp.xml', '_inter_block', 31), ('triangle.cpp.xml', 'decl_stmt', 0))
2023-12-15 02:56:08,341	[INFO]	21      SUCCESS               1204240 (100.0%) [1 edit(s)] 
2023-12-15 02:56:09,140	[DEBUG]	DeclStmtInsertion(('triangle.cpp.xml', '_inter_block', 19), ('triangle.cpp.xml', 'decl_stmt', 1))
2023-12-15 02:56:09,140	[INFO]	22      TEST_CODE_ERROR       None  [1 edit(s)]       
2023-12-15 02:56:10,155	[DEBUG]	EXEC>  SUCCESS 1204239
2023-12-15 02:56:10,156	[DEBUG]	DeclStmtInsertion(('triangle.cpp.xml', '_inter_block', 21), ('triangle.cpp.xml', 'decl_stmt', 1))
2023-12-15 02:56:10,156	[INFO]	23      SUCCESS               1204239 (100.0%) [1 edit(s)] 
2023-12-15 02:56:11,172	[DEBUG]	EXEC>  SUCCESS 1204366
2023-12-15 02:56:11,173	[DEBUG]	DeclStmtInsertion(('triangle.cpp.xml', '_inter_block', 6), ('triangle.cpp.xml', 'decl_stmt', 0))
2023-12-15 02:56:11,174	[INFO]	24      SUCCESS               1204366 (100.01%) [1 edit(s)] 
2023-12-15 02:56:12,196	[DEBUG]	EXEC>  SUCCESS 1203977
2023-12-15 02:56:12,197	[DEBUG]	IfDeletion(('triangle.cpp.xml', 'if', 1))
2023-12-15 02:56:12,198	[INFO]	25      SUCCESS               1203977 (99.98%) [1 edit(s)] 
2023-12-15 02:56:12,342	[DEBUG]	DeclStmtInsertion(('triangle.cpp.xml', '_inter_block', 11), ('triangle.cpp.xml', 'decl_stmt', 1))
2023-12-15 02:56:12,342	[INFO]	26      COMPILE_CODE_ERROR    None  [1 edit(s)]       
2023-12-15 02:56:13,322	[DEBUG]	EXEC>  SUCCESS 1204312
2023-12-15 02:56:13,322	[DEBUG]	DeclStmtInsertion(('triangle.cpp.xml', '_inter_block', 10), ('triangle.cpp.xml', 'decl_stmt', 0))
2023-12-15 02:56:13,323	[INFO]	27      SUCCESS               1204312 (100.01%) [1 edit(s)] 
2023-12-15 02:56:14,392	[DEBUG]	EXEC>  SUCCESS 1332463
2023-12-15 02:56:14,392	[DEBUG]	DeclStmtInsertion(('triangle.cpp.xml', '_inter_block', 30), ('triangle.cpp.xml', 'decl_stmt', 0))
2023-12-15 02:56:14,393	[INFO]	28      SUCCESS               1332463 (110.65%) [1 edit(s)] 
2023-12-15 02:56:14,527	[DEBUG]	DeclStmtInsertion(('triangle.cpp.xml', '_inter_block', 13), ('triangle.cpp.xml', 'decl_stmt', 1))
2023-12-15 02:56:14,527	[INFO]	29      COMPILE_CODE_ERROR    None  [1 edit(s)]       
2023-12-15 02:56:15,455	[DEBUG]	EXEC>  SUCCESS 1204293
2023-12-15 02:56:15,455	[DEBUG]	DeclStmtInsertion(('triangle.cpp.xml', '_inter_block', 11), ('triangle.cpp.xml', 'decl_stmt', 0))
2023-12-15 02:56:15,456	[INFO]	30      SUCCESS               1204293 (100.0%) [1 edit(s)] 
2023-12-15 02:56:16,456	[DEBUG]	EXEC>  SUCCESS 1204269
2023-12-15 02:56:16,456	[DEBUG]	DeclStmtInsertion(('triangle.cpp.xml', '_inter_block', 20), ('triangle.cpp.xml', 'decl_stmt', 0))
2023-12-15 02:56:16,456	[INFO]	31      SUCCESS               1204269 (100.0%) [1 edit(s)] 
2023-12-15 02:56:17,485	[DEBUG]	EXEC>  SUCCESS 1204240
2023-12-15 02:56:17,486	[DEBUG]	DeclStmtInsertion(('triangle.cpp.xml', '_inter_block', 22), ('triangle.cpp.xml', 'decl_stmt', 1))
2023-12-15 02:56:17,487	[INFO]	32      SUCCESS               1204240 (100.0%) [1 edit(s)] 
2023-12-15 02:56:18,479	[DEBUG]	EXEC>  SUCCESS 1204240
2023-12-15 02:56:18,480	[DEBUG]	IfInsertion(('triangle.cpp.xml', '_inter_block', 31), ('triangle.cpp.xml', 'if', 2))
2023-12-15 02:56:18,480	[INFO]	33      SUCCESS               1204240 (100.0%) [1 edit(s)] 
2023-12-15 02:56:19,273	[DEBUG]	DeclStmtInsertion(('triangle.cpp.xml', '_inter_block', 16), ('triangle.cpp.xml', 'decl_stmt', 1))
2023-12-15 02:56:19,274	[INFO]	34      TEST_CODE_ERROR       None  [1 edit(s)]       
2023-12-15 02:56:19,276	[DEBUG]	DeclStmtInsertion(('triangle.cpp.xml', '_inter_block', 4), ('triangle.cpp.xml', 'decl_stmt', 0))
2023-12-15 02:56:19,276	[INFO]	35      SUCCESS               1204366 (100.01%) [1 edit(s)] 
2023-12-15 02:56:20,102	[DEBUG]	ReturnDeletion(('triangle.cpp.xml', 'return', 1))
2023-12-15 02:56:20,102	[INFO]	36      TEST_CODE_ERROR       None  [1 edit(s)]       
2023-12-15 02:56:21,153	[DEBUG]	EXEC>  SUCCESS 1204365
2023-12-15 02:56:21,153	[DEBUG]	DeclStmtInsertion(('triangle.cpp.xml', '_inter_block', 8), ('triangle.cpp.xml', 'decl_stmt', 0))
2023-12-15 02:56:21,154	[INFO]	37      SUCCESS               1204365 (100.01%) [1 edit(s)] 
2023-12-15 02:56:22,175	[DEBUG]	EXEC>  SUCCESS 1204239
2023-12-15 02:56:22,176	[DEBUG]	DeclStmtInsertion(('triangle.cpp.xml', '_inter_block', 26), ('triangle.cpp.xml', 'decl_stmt', 1))
2023-12-15 02:56:22,177	[INFO]	38      SUCCESS               1204239 (100.0%) [1 edit(s)] 
2023-12-15 02:56:23,212	[DEBUG]	EXEC>  SUCCESS 1204365
2023-12-15 02:56:23,213	[DEBUG]	DeclStmtInsertion(('triangle.cpp.xml', '_inter_block', 7), ('triangle.cpp.xml', 'decl_stmt', 0))
2023-12-15 02:56:23,214	[INFO]	39      SUCCESS               1204365 (100.01%) [1 edit(s)] 
2023-12-15 02:56:24,222	[DEBUG]	EXEC>  SUCCESS 1204240
2023-12-15 02:56:24,223	[DEBUG]	DeclStmtInsertion(('triangle.cpp.xml', '_inter_block', 2), ('triangle.cpp.xml', 'decl_stmt', 1))
2023-12-15 02:56:24,224	[INFO]	40      SUCCESS               1204240 (100.0%) [1 edit(s)] 
2023-12-15 02:56:24,225	[DEBUG]	DeclStmtInsertion(('triangle.cpp.xml', '_inter_block', 2), ('triangle.cpp.xml', 'decl_stmt', 1))
2023-12-15 02:56:24,225	[INFO]	41      SUCCESS               1204240 (100.0%) [1 edit(s)] 
2023-12-15 02:56:25,063	[DEBUG]	IfDeletion(('triangle.cpp.xml', 'if', 3))
2023-12-15 02:56:25,064	[INFO]	42      TEST_CODE_ERROR       None  [1 edit(s)]       
2023-12-15 02:56:25,238	[DEBUG]	DeclStmtInsertion(('triangle.cpp.xml', '_inter_block', 7), ('triangle.cpp.xml', 'decl_stmt', 1))
2023-12-15 02:56:25,238	[INFO]	43      COMPILE_CODE_ERROR    None  [1 edit(s)]       
2023-12-15 02:56:25,380	[DEBUG]	DeclStmtInsertion(('triangle.cpp.xml', '_inter_block', 4), ('triangle.cpp.xml', 'decl_stmt', 1))
2023-12-15 02:56:25,380	[INFO]	44      COMPILE_CODE_ERROR    None  [1 edit(s)]       
2023-12-15 02:56:26,354	[DEBUG]	EXEC>  SUCCESS 1283506
2023-12-15 02:56:26,355	[DEBUG]	DeclStmtInsertion(('triangle.cpp.xml', '_inter_block', 13), ('triangle.cpp.xml', 'decl_stmt', 0))
2023-12-15 02:56:26,355	[INFO]	45      SUCCESS               1283506 (106.58%) [1 edit(s)] 
2023-12-15 02:56:26,511	[DEBUG]	DeclStmtInsertion(('triangle.cpp.xml', '_inter_block', 0), ('triangle.cpp.xml', 'decl_stmt', 0))
2023-12-15 02:56:26,511	[INFO]	46      COMPILE_CODE_ERROR    None  [1 edit(s)]       
2023-12-15 02:56:27,481	[DEBUG]	EXEC>  SUCCESS 1204238
2023-12-15 02:56:27,482	[DEBUG]	DeclStmtInsertion(('triangle.cpp.xml', '_inter_block', 31), ('triangle.cpp.xml', 'decl_stmt', 1))
2023-12-15 02:56:27,482	[INFO]	47      SUCCESS               1204238 (100.0%) [1 edit(s)] 
2023-12-15 02:56:28,492	[DEBUG]	EXEC>  SUCCESS 1204300
2023-12-15 02:56:28,493	[DEBUG]	DeclStmtInsertion(('triangle.cpp.xml', '_inter_block', 24), ('triangle.cpp.xml', 'decl_stmt', 0))
2023-12-15 02:56:28,494	[INFO]	48      SUCCESS               1204300 (100.01%) [1 edit(s)] 
2023-12-15 02:56:28,496	[DEBUG]	DeclStmtInsertion(('triangle.cpp.xml', '_inter_block', 13), ('triangle.cpp.xml', 'decl_stmt', 0))
2023-12-15 02:56:28,496	[INFO]	49      SUCCESS               1283506 (106.58%) [1 edit(s)] 
2023-12-15 02:56:29,352	[DEBUG]	DeclStmtInsertion(('triangle.cpp.xml', '_inter_block', 19), ('triangle.cpp.xml', 'decl_stmt', 1))
2023-12-15 02:56:29,352	[INFO]	50      TEST_CODE_ERROR       None  [1 edit(s)]       
2023-12-15 02:56:29,499	[DEBUG]	DeclStmtDeletion(('triangle.cpp.xml', 'decl_stmt', 0))
2023-12-15 02:56:29,499	[INFO]	51      COMPILE_CODE_ERROR    None  [1 edit(s)]       
2023-12-15 02:56:30,617	[DEBUG]	EXEC>  SUCCESS 1204293
2023-12-15 02:56:30,618	[DEBUG]	DeclStmtInsertion(('triangle.cpp.xml', '_inter_block', 11), ('triangle.cpp.xml', 'decl_stmt', 0))
2023-12-15 02:56:30,619	[INFO]	52      SUCCESS               1204293 (100.0%) [1 edit(s)] 
2023-12-15 02:56:31,628	[DEBUG]	EXEC>  SUCCESS 1204239
2023-12-15 02:56:31,628	[DEBUG]	DeclStmtInsertion(('triangle.cpp.xml', '_inter_block', 21), ('triangle.cpp.xml', 'decl_stmt', 1))
2023-12-15 02:56:31,629	[INFO]	53      SUCCESS               1204239 (100.0%) [1 edit(s)] 
2023-12-15 02:56:32,624	[DEBUG]	EXEC>  SUCCESS 1204240
2023-12-15 02:56:32,625	[DEBUG]	DeclStmtInsertion(('triangle.cpp.xml', '_inter_block', 14), ('triangle.cpp.xml', 'decl_stmt', 1))
2023-12-15 02:56:32,625	[INFO]	54      SUCCESS               1204240 (100.0%) [1 edit(s)] 
2023-12-15 02:56:32,790	[DEBUG]	DeclStmtInsertion(('triangle.cpp.xml', '_inter_block', 6), ('triangle.cpp.xml', 'decl_stmt', 1))
2023-12-15 02:56:32,790	[INFO]	55      COMPILE_CODE_ERROR    None  [1 edit(s)]       
2023-12-15 02:56:32,929	[DEBUG]	DeclStmtInsertion(('triangle.cpp.xml', '_inter_block', 10), ('triangle.cpp.xml', 'decl_stmt', 1))
2023-12-15 02:56:32,929	[INFO]	56      COMPILE_CODE_ERROR    None  [1 edit(s)]       
2023-12-15 02:56:33,715	[DEBUG]	ExprStmtReplacement(('triangle.cpp.xml', 'expr_stmt', 8), ('triangle.cpp.xml', 'stmt', 0))
2023-12-15 02:56:33,716	[INFO]	57      TEST_CODE_ERROR       None  [1 edit(s)]       
2023-12-15 02:56:33,873	[DEBUG]	DeclStmtInsertion(('triangle.cpp.xml', '_inter_block', 2), ('triangle.cpp.xml', 'decl_stmt', 0))
2023-12-15 02:56:33,873	[INFO]	58      COMPILE_CODE_ERROR    None  [1 edit(s)]       
2023-12-15 02:56:34,019	[DEBUG]	DeclStmtInsertion(('triangle.cpp.xml', '_inter_block', 11), ('triangle.cpp.xml', 'decl_stmt', 1))
2023-12-15 02:56:34,019	[INFO]	59      COMPILE_CODE_ERROR    None  [1 edit(s)]       
2023-12-15 02:56:34,955	[DEBUG]	EXEC>  SUCCESS 1204270
2023-12-15 02:56:34,956	[DEBUG]	DeclStmtInsertion(('triangle.cpp.xml', '_inter_block', 12), ('triangle.cpp.xml', 'decl_stmt', 0))
2023-12-15 02:56:34,956	[INFO]	60      SUCCESS               1204270 (100.0%) [1 edit(s)] 
2023-12-15 02:56:35,789	[DEBUG]	ExprStmtDeletion(('triangle.cpp.xml', 'expr_stmt', 4))
2023-12-15 02:56:35,790	[INFO]	61      TEST_CODE_ERROR       None  [1 edit(s)]       
2023-12-15 02:56:35,791	[DEBUG]	DeclStmtInsertion(('triangle.cpp.xml', '_inter_block', 4), ('triangle.cpp.xml', 'decl_stmt', 0))
2023-12-15 02:56:35,791	[INFO]	62      SUCCESS               1204366 (100.01%) [1 edit(s)] 
2023-12-15 02:56:35,936	[DEBUG]	DeclStmtInsertion(('triangle.cpp.xml', '_inter_block', 1), ('triangle.cpp.xml', 'decl_stmt', 0))
2023-12-15 02:56:35,937	[INFO]	63      COMPILE_CODE_ERROR    None  [1 edit(s)]       
2023-12-15 02:56:36,934	[DEBUG]	EXEC>  SUCCESS 1204288
2023-12-15 02:56:36,934	[DEBUG]	DeclStmtInsertion(('triangle.cpp.xml', '_inter_block', 17), ('triangle.cpp.xml', 'decl_stmt', 0))
2023-12-15 02:56:36,935	[INFO]	64      SUCCESS               1204288 (100.0%) [1 edit(s)] 
2023-12-15 02:56:37,946	[DEBUG]	EXEC>  SUCCESS 1204299
2023-12-15 02:56:37,947	[DEBUG]	DeclStmtInsertion(('triangle.cpp.xml', '_inter_block', 25), ('triangle.cpp.xml', 'decl_stmt', 0))
2023-12-15 02:56:37,948	[INFO]	65      SUCCESS               1204299 (100.01%) [1 edit(s)] 
2023-12-15 02:56:38,983	[DEBUG]	EXEC>  SUCCESS 1204311
2023-12-15 02:56:38,983	[DEBUG]	DeclStmtInsertion(('triangle.cpp.xml', '_inter_block', 10), ('triangle.cpp.xml', 'decl_stmt', 0))
2023-12-15 02:56:38,984	[INFO]	66      SUCCESS               1204311 (100.01%) [1 edit(s)] 
2023-12-15 02:56:39,119	[DEBUG]	DeclStmtInsertion(('triangle.cpp.xml', '_inter_block', 3), ('triangle.cpp.xml', 'decl_stmt', 0))
2023-12-15 02:56:39,119	[INFO]	67      COMPILE_CODE_ERROR    None  [1 edit(s)]       
2023-12-15 02:56:40,096	[DEBUG]	EXEC>  SUCCESS 1204239
2023-12-15 02:56:40,096	[DEBUG]	DeclStmtInsertion(('triangle.cpp.xml', '_inter_block', 25), ('triangle.cpp.xml', 'decl_stmt', 1))
2023-12-15 02:56:40,097	[INFO]	68      SUCCESS               1204239 (100.0%) [1 edit(s)] 
2023-12-15 02:56:41,063	[DEBUG]	EXEC>  SUCCESS 1204288
2023-12-15 02:56:41,063	[DEBUG]	DeclStmtInsertion(('triangle.cpp.xml', '_inter_block', 15), ('triangle.cpp.xml', 'decl_stmt', 0))
2023-12-15 02:56:41,064	[INFO]	69      SUCCESS               1204288 (100.0%) [1 edit(s)] 
2023-12-15 02:56:41,066	[DEBUG]	DeclStmtInsertion(('triangle.cpp.xml', '_inter_block', 21), ('triangle.cpp.xml', 'decl_stmt', 1))
2023-12-15 02:56:41,066	[INFO]	70      SUCCESS               1204239 (100.0%) [1 edit(s)] 
2023-12-15 02:56:42,039	[DEBUG]	EXEC>  SUCCESS 1204269
2023-12-15 02:56:42,040	[DEBUG]	DeclStmtInsertion(('triangle.cpp.xml', '_inter_block', 19), ('triangle.cpp.xml', 'decl_stmt', 0))
2023-12-15 02:56:42,041	[INFO]	71      SUCCESS               1204269 (100.0%) [1 edit(s)] 
2023-12-15 02:56:43,020	[DEBUG]	EXEC>  SUCCESS 1204366
2023-12-15 02:56:43,021	[DEBUG]	DeclStmtInsertion(('triangle.cpp.xml', '_inter_block', 6), ('triangle.cpp.xml', 'decl_stmt', 0))
2023-12-15 02:56:43,022	[INFO]	72      SUCCESS               1204366 (100.01%) [1 edit(s)] 
2023-12-15 02:56:44,037	[DEBUG]	EXEC>  SUCCESS 1204239
2023-12-15 02:56:44,038	[DEBUG]	DeclStmtInsertion(('triangle.cpp.xml', '_inter_block', 31), ('triangle.cpp.xml', 'decl_stmt', 0))
2023-12-15 02:56:44,038	[INFO]	73      SUCCESS               1204239 (100.0%) [1 edit(s)] 
2023-12-15 02:56:44,840	[DEBUG]	DeclStmtInsertion(('triangle.cpp.xml', '_inter_block', 23), ('triangle.cpp.xml', 'decl_stmt', 1))
2023-12-15 02:56:44,840	[INFO]	74      TEST_CODE_ERROR       None  [1 edit(s)]       
2023-12-15 02:56:45,820	[DEBUG]	EXEC>  SUCCESS 1204293
2023-12-15 02:56:45,820	[DEBUG]	DeclStmtInsertion(('triangle.cpp.xml', '_inter_block', 26), ('triangle.cpp.xml', 'decl_stmt', 0))
2023-12-15 02:56:45,821	[INFO]	75      SUCCESS               1204293 (100.0%) [1 edit(s)] 
2023-12-15 02:56:46,707	[DEBUG]	DeclStmtInsertion(('triangle.cpp.xml', '_inter_block', 16), ('triangle.cpp.xml', 'decl_stmt', 1))
2023-12-15 02:56:46,707	[INFO]	76      TEST_CODE_ERROR       None  [1 edit(s)]       
2023-12-15 02:56:46,887	[DEBUG]	DeclStmtInsertion(('triangle.cpp.xml', '_inter_block', 1), ('triangle.cpp.xml', 'decl_stmt', 0))
2023-12-15 02:56:46,888	[INFO]	77      COMPILE_CODE_ERROR    None  [1 edit(s)]       
2023-12-15 02:56:47,726	[DEBUG]	DeclStmtInsertion(('triangle.cpp.xml', '_inter_block', 15), ('triangle.cpp.xml', 'decl_stmt', 1))
2023-12-15 02:56:47,726	[INFO]	78      TEST_CODE_ERROR       None  [1 edit(s)]       
2023-12-15 02:56:47,729	[DEBUG]	DeclStmtInsertion(('triangle.cpp.xml', '_inter_block', 11), ('triangle.cpp.xml', 'decl_stmt', 0))
2023-12-15 02:56:47,729	[INFO]	79      SUCCESS               1204293 (100.0%) [1 edit(s)] 
2023-12-15 02:56:47,730	[DEBUG]	DeclStmtInsertion(('triangle.cpp.xml', '_inter_block', 25), ('triangle.cpp.xml', 'decl_stmt', 1))
2023-12-15 02:56:47,730	[INFO]	80      SUCCESS               1204239 (100.0%) [1 edit(s)] 
2023-12-15 02:56:48,796	[DEBUG]	EXEC>  SUCCESS 1479560
2023-12-15 02:56:48,796	[DEBUG]	DeclStmtInsertion(('triangle.cpp.xml', '_inter_block', 28), ('triangle.cpp.xml', 'decl_stmt', 1))
2023-12-15 02:56:48,797	[INFO]	81      SUCCESS               1479560 (122.86%) [1 edit(s)] 
2023-12-15 02:56:49,644	[DEBUG]	DeclStmtInsertion(('triangle.cpp.xml', '_inter_block', 24), ('triangle.cpp.xml', 'decl_stmt', 1))
2023-12-15 02:56:49,644	[INFO]	82      TEST_CODE_ERROR       None  [1 edit(s)]       
2023-12-15 02:56:49,798	[DEBUG]	DeclStmtDeletion(('triangle.cpp.xml', 'decl_stmt', 0))
2023-12-15 02:56:49,798	[INFO]	83      COMPILE_CODE_ERROR    None  [1 edit(s)]       
2023-12-15 02:56:49,930	[DEBUG]	DeclStmtInsertion(('triangle.cpp.xml', '_inter_block', 3), ('triangle.cpp.xml', 'decl_stmt', 1))
2023-12-15 02:56:49,931	[INFO]	84      COMPILE_CODE_ERROR    None  [1 edit(s)]       
2023-12-15 02:56:50,933	[DEBUG]	EXEC>  SUCCESS 1204239
2023-12-15 02:56:50,933	[DEBUG]	DeclStmtInsertion(('triangle.cpp.xml', '_inter_block', 29), ('triangle.cpp.xml', 'decl_stmt', 1))
2023-12-15 02:56:50,934	[INFO]	85      SUCCESS               1204239 (100.0%) [1 edit(s)] 
2023-12-15 02:56:51,905	[DEBUG]	EXEC>  SUCCESS 1204365
2023-12-15 02:56:51,906	[DEBUG]	DeclStmtInsertion(('triangle.cpp.xml', '_inter_block', 6), ('triangle.cpp.xml', 'decl_stmt', 0))
2023-12-15 02:56:51,908	[INFO]	86      SUCCESS               1204365 (100.01%) [1 edit(s)] 
2023-12-15 02:56:52,729	[DEBUG]	ExprStmtDeletion(('triangle.cpp.xml', 'expr_stmt', 10))
2023-12-15 02:56:52,730	[INFO]	87      TEST_CODE_ERROR       None  [1 edit(s)]       
2023-12-15 02:56:53,744	[DEBUG]	EXEC>  SUCCESS 1204288
2023-12-15 02:56:53,745	[DEBUG]	DeclStmtInsertion(('triangle.cpp.xml', '_inter_block', 14), ('triangle.cpp.xml', 'decl_stmt', 0))
2023-12-15 02:56:53,745	[INFO]	88      SUCCESS               1204288 (100.0%) [1 edit(s)] 
2023-12-15 02:56:53,747	[INFO]	==== END ====
2023-12-15 02:56:53,747	[INFO]	
2023-12-15 02:56:53,747	[INFO]	==== REPORT ====
2023-12-15 02:56:53,748	[INFO]	Termination: time budget
2023-12-15 02:56:53,749	[INFO]	Log file: /cs/student/ug/2020/damibose/projects/magpie/_magpie_logs/triangle-cpp_slow_1702608946.log
2023-12-15 02:56:53,750	[INFO]	Patch file: _magpie_logs/triangle-cpp_slow_1702608946.patch
2023-12-15 02:56:53,751	[INFO]	Diff file: _magpie_logs/triangle-cpp_slow_1702608946.diff
2023-12-15 02:56:53,751	[INFO]	Best fitness: 1203871
2023-12-15 02:56:53,752	[INFO]	Best patch: IfDeletion(('triangle.cpp.xml', 'if', 0))
2023-12-15 02:56:53,752	[INFO]	Diff:
--- before: triangle.cpp
+++ after: triangle.cpp
@@ -11,11 +11,7 @@
   delay();
 
   // Sort the sides so that a <= b <= c
-  if(a > b) {
-    tmp = a;
-    a = b;
-    b = tmp;
-  }
+  
 
   if(a > c) {
     tmp = a;

