2023-12-27 22:50:53,090	[DEBUG]	==== CONFIG ====
[magpie]
import = 
seed = 2
log_dir = _magpie_logs
work_dir = _magpie_work
final_out_dir = experiments/results/BestImprovementNoTabu/epsilon_greedy/trial_2
local_original_copy = True
local_original_name = __original__
output_encoding = ascii
edit_retries = 10
default_timeout = 30
default_lengthout = 10000.0
diff_method = unified
trust_local_filesystem = True

[software]
path = examples/code/triangle-cpp_slow
target_files = 
	triangle.cpp.xml
program = BasicProgram
engine_rules = 
	*.params : ConfigFileParamsEngine
	*.xml : SrcmlEngine
	* : LineEngine
engine_config = 
	*.params : [params]
	*.xml : [srcml]
init_cmd = 
init_timeout = 60
init_lengthout = -1
setup_cmd = ./setup.sh
setup_timeout = 
setup_lengthout = 
compile_cmd = ./compile.sh
compile_timeout = 
compile_lengthout = 
test_cmd = ./build/test_triangle
test_timeout = 
test_lengthout = 
run_cmd = perf stat ./build/run_triangle
run_timeout = 1
run_lengthout = 
batch_timeout = 
batch_lengthout = 
batch_bin_fitness_strategy = aggregate
batch_fitness_strategy = sum
fitness = perf_instructions

[srcml]
rename = 
focus = block break continue decl_stmt do expr_stmt for goto if return switch while
internodes = block
process_pseudo_blocks = True
process_literals = False
process_operators = False

[params]
timing = test run
cli_prefix = --
cli_glue = =
cli_boolean = show
cli_boolean_prefix_true = 
cli_boolean_prefix_false = no-
silent_prefix = @
silent_suffix = $

[search]
protocol = BasicProtocol
algorithm = BestImprovementNoTabu
possible_edits = 
	DeclStmtReplacement
	ExprStmtReplacement
	IfReplacement
	ReturnReplacement
	DeclStmtInsertion
	ExprStmtInsertion
	IfInsertion
	ReturnInsertion
	DeclStmtDeletion
	ExprStmtDeletion
	IfDeletion
	ReturnDeletion
warmup = 5
warmup_strategy = last
max_steps = 100
max_time = 60
target_fitness = 
cache_maxsize = 40
cache_keep = 0.2
batch_instances = 
batch_shuffle = True
batch_bin_shuffle = False
batch_sample_size = 1
operator_selector = EpsilonGreedy
epsilon = 0.2

[search.ls]
delete_prob = 0
max_neighbours = 20
when_trapped = continue
accept_fail = False
tabu_length = 10

[search.gp]
pop_size = 10
delete_prob = 0.5
offspring_elitism = 0.1
offspring_crossover = 0.5
offspring_mutation = 0.4
uniform_rate = 0.5
batch_reset = True

[search.minify]
do_cleanup = True
do_rebuild = True
do_simplify = True
round_robin_limit = 3


2023-12-27 22:50:53,103	[INFO]	==== WARMUP ====
2023-12-27 22:51:00,908	[DEBUG]	EXEC>  SUCCESS 1345439
2023-12-27 22:51:00,912	[INFO]	WARM    SUCCESS               1345439                 
2023-12-27 22:51:04,125	[DEBUG]	EXEC>  SUCCESS 1255898
2023-12-27 22:51:04,125	[INFO]	WARM    SUCCESS               1255898                 
2023-12-27 22:51:07,359	[DEBUG]	EXEC>  SUCCESS 1204242
2023-12-27 22:51:07,359	[INFO]	WARM    SUCCESS               1204242                 
2023-12-27 22:51:10,721	[DEBUG]	EXEC>  SUCCESS 1204240
2023-12-27 22:51:10,721	[INFO]	WARM    SUCCESS               1204240                 
2023-12-27 22:51:14,133	[DEBUG]	EXEC>  SUCCESS 1247942
2023-12-27 22:51:14,139	[INFO]	WARM    SUCCESS               1247942                 
2023-12-27 22:51:14,140	[INFO]	INITIAL SUCCESS               1247942                 
2023-12-27 22:51:14,140	[INFO]	==== START: BestImprovementNoTabu ====
2023-12-27 22:51:16,955	[DEBUG]	EXEC>  SUCCESS 1204240
2023-12-27 22:51:16,956	[DEBUG]	DeclStmtReplacement(('triangle.cpp.xml', 'decl_stmt', 1), ('triangle.cpp.xml', 'stmt', 1))
2023-12-27 22:51:16,956	[INFO]	1       SUCCESS              *1204240 (96.5%) [1 edit(s)] 
2023-12-27 22:51:16,957	[DEBUG]	
2023-12-27 22:51:17,729	[DEBUG]	DeclStmtReplacement(('triangle.cpp.xml', 'decl_stmt', 0), ('triangle.cpp.xml', 'stmt', 18))
2023-12-27 22:51:17,730	[INFO]	2       COMPILE_CODE_ERROR    None  [1 edit(s)]       
2023-12-27 22:51:18,319	[DEBUG]	DeclStmtReplacement(('triangle.cpp.xml', 'decl_stmt', 0), ('triangle.cpp.xml', 'stmt', 7))
2023-12-27 22:51:18,319	[INFO]	3       COMPILE_CODE_ERROR    None  [1 edit(s)]       
2023-12-27 22:51:20,821	[DEBUG]	EXEC>  SUCCESS 1204314
2023-12-27 22:51:20,821	[DEBUG]	IfInsertion(('triangle.cpp.xml', '_inter_block', 20), ('triangle.cpp.xml', 'if', 3))
2023-12-27 22:51:20,821	[INFO]	4       SUCCESS               1204314 (96.5%) [1 edit(s)] 
2023-12-27 22:51:23,772	[DEBUG]	EXEC>  SUCCESS 1204384
2023-12-27 22:51:23,773	[DEBUG]	IfInsertion(('triangle.cpp.xml', '_inter_block', 14), ('triangle.cpp.xml', 'if', 4))
2023-12-27 22:51:23,773	[INFO]	5       SUCCESS               1204384 (96.51%) [1 edit(s)] 
2023-12-27 22:51:26,822	[DEBUG]	EXEC>  SUCCESS 1204244
2023-12-27 22:51:26,823	[DEBUG]	IfInsertion(('triangle.cpp.xml', '_inter_block', 13), ('triangle.cpp.xml', 'if', 1))
2023-12-27 22:51:26,824	[INFO]	6       SUCCESS               1204244 (96.5%) [1 edit(s)] 
2023-12-27 22:51:29,593	[DEBUG]	EXEC>  SUCCESS 1204242
2023-12-27 22:51:29,593	[DEBUG]	IfInsertion(('triangle.cpp.xml', '_inter_block', 31), ('triangle.cpp.xml', 'if', 3))
2023-12-27 22:51:29,593	[INFO]	7       SUCCESS               1204242 (96.5%) [1 edit(s)] 
2023-12-27 22:51:32,377	[DEBUG]	EXEC>  SUCCESS 1204286
2023-12-27 22:51:32,378	[DEBUG]	IfInsertion(('triangle.cpp.xml', '_inter_block', 21), ('triangle.cpp.xml', 'if', 1))
2023-12-27 22:51:32,378	[INFO]	8       SUCCESS               1204286 (96.5%) [1 edit(s)] 
2023-12-27 22:51:35,158	[DEBUG]	IfInsertion(('triangle.cpp.xml', '_inter_block', 16), ('triangle.cpp.xml', 'if', 4))
2023-12-27 22:51:35,158	[INFO]	9       TEST_CODE_ERROR       None  [1 edit(s)]       
2023-12-27 22:51:37,917	[DEBUG]	EXEC>  SUCCESS 1509241
2023-12-27 22:51:37,917	[DEBUG]	IfInsertion(('triangle.cpp.xml', '_inter_block', 12), ('triangle.cpp.xml', 'if', 5))
2023-12-27 22:51:37,917	[INFO]	10      SUCCESS               1509241 (120.94%) [1 edit(s)] 
2023-12-27 22:51:40,871	[DEBUG]	EXEC>  SUCCESS 1377677
2023-12-27 22:51:40,872	[DEBUG]	IfInsertion(('triangle.cpp.xml', '_inter_block', 13), ('triangle.cpp.xml', 'if', 3))
2023-12-27 22:51:40,872	[INFO]	11      SUCCESS               1377677 (110.4%) [1 edit(s)] 
2023-12-27 22:51:43,819	[DEBUG]	EXEC>  SUCCESS 1204242
2023-12-27 22:51:43,820	[DEBUG]	IfInsertion(('triangle.cpp.xml', '_inter_block', 27), ('triangle.cpp.xml', 'if', 5))
2023-12-27 22:51:43,820	[INFO]	12      SUCCESS               1204242 (96.5%) [1 edit(s)] 
2023-12-27 22:51:46,548	[DEBUG]	EXEC>  SUCCESS 1266679
2023-12-27 22:51:46,548	[DEBUG]	IfInsertion(('triangle.cpp.xml', '_inter_block', 30), ('triangle.cpp.xml', 'if', 2))
2023-12-27 22:51:46,549	[INFO]	13      SUCCESS               1266679 (101.5%) [1 edit(s)] 
2023-12-27 22:51:49,542	[DEBUG]	EXEC>  SUCCESS 1204313
2023-12-27 22:51:49,542	[DEBUG]	IfInsertion(('triangle.cpp.xml', '_inter_block', 5), ('triangle.cpp.xml', 'if', 4))
2023-12-27 22:51:49,542	[INFO]	14      SUCCESS               1204313 (96.5%) [1 edit(s)] 
2023-12-27 22:51:52,443	[DEBUG]	EXEC>  SUCCESS 1204285
2023-12-27 22:51:52,444	[DEBUG]	IfInsertion(('triangle.cpp.xml', '_inter_block', 19), ('triangle.cpp.xml', 'if', 0))
2023-12-27 22:51:52,444	[INFO]	15      SUCCESS               1204285 (96.5%) [1 edit(s)] 
2023-12-27 22:51:55,296	[DEBUG]	EXEC>  SUCCESS 1204284
2023-12-27 22:51:55,296	[DEBUG]	IfInsertion(('triangle.cpp.xml', '_inter_block', 12), ('triangle.cpp.xml', 'if', 0))
2023-12-27 22:51:55,297	[INFO]	16      SUCCESS               1204284 (96.5%) [1 edit(s)] 
2023-12-27 22:51:58,155	[DEBUG]	EXEC>  SUCCESS 1204340
2023-12-27 22:51:58,155	[DEBUG]	IfInsertion(('triangle.cpp.xml', '_inter_block', 5), ('triangle.cpp.xml', 'if', 1))
2023-12-27 22:51:58,156	[INFO]	17      SUCCESS               1204340 (96.51%) [1 edit(s)] 
2023-12-27 22:51:59,020	[DEBUG]	IfInsertion(('triangle.cpp.xml', '_inter_block', 3), ('triangle.cpp.xml', 'if', 5))
2023-12-27 22:51:59,021	[INFO]	18      COMPILE_CODE_ERROR    None  [1 edit(s)]       
2023-12-27 22:52:01,709	[DEBUG]	EXEC>  SUCCESS 1204419
2023-12-27 22:52:01,710	[DEBUG]	IfInsertion(('triangle.cpp.xml', '_inter_block', 23), ('triangle.cpp.xml', 'if', 4))
2023-12-27 22:52:01,710	[INFO]	19      SUCCESS               1204419 (96.51%) [1 edit(s)] 
2023-12-27 22:52:02,496	[DEBUG]	IfInsertion(('triangle.cpp.xml', '_inter_block', 1), ('triangle.cpp.xml', 'if', 2))
2023-12-27 22:52:02,497	[INFO]	20      COMPILE_CODE_ERROR    None  [1 edit(s)]       
2023-12-27 22:52:03,117	[DEBUG]	DeclStmtReplacement(('triangle.cpp.xml', 'decl_stmt', 0), ('triangle.cpp.xml', 'stmt', 14))
2023-12-27 22:52:03,118	[INFO]	21      COMPILE_CODE_ERROR   +None  [1 edit(s)]       
2023-12-27 22:52:03,120	[DEBUG]	--- before: triangle.cpp
+++ after: triangle.cpp
@@ -1,7 +1,11 @@
 #include "triangle.hpp"
 
 void delay() {
-  const struct timespec ms = {0, (long int) (0.001*1e9)}; //tv_sec=0, tv_nsec (0.001 seconds)
+  if(a > c) {
+    tmp = a;
+    a = c;
+    c = tmp;
+  } //tv_sec=0, tv_nsec (0.001 seconds)
   nanosleep(&ms,NULL); /*ignores possible errors*/
 }
 

2023-12-27 22:52:03,650	[DEBUG]	DeclStmtReplacement(('triangle.cpp.xml', 'decl_stmt', 1), ('triangle.cpp.xml', 'stmt', 1)) | IfInsertion(('triangle.cpp.xml', '_inter_block', 2), ('triangle.cpp.xml', 'if', 4))
2023-12-27 22:52:03,650	[INFO]	22      COMPILE_CODE_ERROR    None  [2 edit(s)]       
2023-12-27 22:52:06,512	[DEBUG]	EXEC>  SUCCESS 1289860
2023-12-27 22:52:06,513	[DEBUG]	DeclStmtReplacement(('triangle.cpp.xml', 'decl_stmt', 1), ('triangle.cpp.xml', 'stmt', 1)) | IfInsertion(('triangle.cpp.xml', '_inter_block', 8), ('triangle.cpp.xml', 'if', 3))
2023-12-27 22:52:06,513	[INFO]	23      SUCCESS               1289860 (103.36%) [2 edit(s)] 
2023-12-27 22:52:09,136	[DEBUG]	DeclStmtReplacement(('triangle.cpp.xml', 'decl_stmt', 1), ('triangle.cpp.xml', 'stmt', 1)) | ReturnDeletion(('triangle.cpp.xml', 'return', 1))
2023-12-27 22:52:09,136	[INFO]	24      TEST_CODE_ERROR       None  [2 edit(s)]       
2023-12-27 22:52:11,925	[DEBUG]	EXEC>  SUCCESS 1204277
2023-12-27 22:52:11,926	[DEBUG]	DeclStmtReplacement(('triangle.cpp.xml', 'decl_stmt', 1), ('triangle.cpp.xml', 'stmt', 1)) | IfInsertion(('triangle.cpp.xml', '_inter_block', 30), ('triangle.cpp.xml', 'if', 1))
2023-12-27 22:52:11,927	[INFO]	25      SUCCESS               1204277 (96.5%) [2 edit(s)] 
2023-12-27 22:52:14,310	[DEBUG]	EXEC>  SUCCESS 1299332
2023-12-27 22:52:14,311	[DEBUG]	DeclStmtReplacement(('triangle.cpp.xml', 'decl_stmt', 1), ('triangle.cpp.xml', 'stmt', 1)) | IfInsertion(('triangle.cpp.xml', '_inter_block', 26), ('triangle.cpp.xml', 'if', 4))
2023-12-27 22:52:14,311	[INFO]	26      SUCCESS               1299332 (104.12%) [2 edit(s)] 
2023-12-27 22:52:14,312	[INFO]	==== END ====
2023-12-27 22:52:14,313	[INFO]	
2023-12-27 22:52:14,313	[INFO]	==== REPORT ====
2023-12-27 22:52:14,313	[INFO]	Termination: time budget
2023-12-27 22:52:14,313	[INFO]	Log file: /cs/student/ug/2020/damibose/projects/magpie/_magpie_logs/triangle-cpp_slow_1703717488.log
2023-12-27 22:52:14,314	[INFO]	Patch file: _magpie_logs/triangle-cpp_slow_1703717488.patch
2023-12-27 22:52:14,314	[INFO]	Diff file: _magpie_logs/triangle-cpp_slow_1703717488.diff
2023-12-27 22:52:14,314	[INFO]	Best fitness: 1204240
2023-12-27 22:52:14,315	[INFO]	Best patch: DeclStmtReplacement(('triangle.cpp.xml', 'decl_stmt', 1), ('triangle.cpp.xml', 'stmt', 1))
2023-12-27 22:52:14,315	[INFO]	Diff:

