2024-01-16 00:51:49,811	[DEBUG]	==== CONFIG ====
[magpie]
import = 
seed = 0
log_dir = _magpie_logs
work_dir = _magpie_work
final_out_dir = experiments/results/RandomSearch/UCB/trial_0
local_original_copy = True
local_original_name = __original__
output_encoding = ascii
edit_retries = 10
default_timeout = 30
default_lengthout = 10000.0
diff_method = unified
trust_local_filesystem = True

[software]
path = examples/code/triangle-cpp_slow
target_files = 
	triangle.cpp.xml
program = BasicProgram
engine_rules = 
	*.params : ConfigFileParamsEngine
	*.xml : SrcmlEngine
	* : LineEngine
engine_config = 
	*.params : [params]
	*.xml : [srcml]
init_cmd = 
init_timeout = 60
init_lengthout = -1
setup_cmd = ./setup.sh
setup_timeout = 
setup_lengthout = 
compile_cmd = ./compile.sh
compile_timeout = 
compile_lengthout = 
test_cmd = ./build/test_triangle
test_timeout = 
test_lengthout = 
run_cmd = ./build/run_triangle
run_timeout = 1
run_lengthout = 
batch_timeout = 
batch_lengthout = 
batch_bin_fitness_strategy = aggregate
batch_fitness_strategy = sum
fitness = time

[srcml]
rename = 
	stmt: break continue decl_stmt do expr_stmt for goto if return switch while
	number: literal_number
focus = block stmt operator_comp operator_arith number
internodes = block
process_pseudo_blocks = True
process_literals = True
process_operators = True

[params]
timing = test run
cli_prefix = --
cli_glue = =
cli_boolean = show
cli_boolean_prefix_true = 
cli_boolean_prefix_false = no-
silent_prefix = @
silent_suffix = $

[search]
protocol = BasicProtocol
algorithm = RandomSearch
possible_edits = 
	StmtReplacement
	StmtInsertion
	StmtDeletion
warmup = 1
warmup_strategy = median
max_steps = 100
max_time = 
target_fitness = 
cache_maxsize = 40
cache_keep = 0.2
batch_instances = 
batch_shuffle = True
batch_bin_shuffle = False
batch_sample_size = 1
operator_selector = UCB
c = 1.4142135623730951

[search.ls]
delete_prob = 0.5
max_neighbours = 
when_trapped = continue
accept_fail = False
tabu_length = 10

[search.gp]
pop_size = 10
delete_prob = 0.5
offspring_elitism = 0.1
offspring_crossover = 0.5
offspring_mutation = 0.4
uniform_rate = 0.5
batch_reset = True

[search.minify]
do_cleanup = True
do_rebuild = True
do_simplify = True
round_robin_limit = 3


2024-01-16 00:51:49,817	[INFO]	==== WARMUP ====
2024-01-16 00:51:52,190	[DEBUG]	EXEC>  SUCCESS 0.0962
2024-01-16 00:51:52,191	[INFO]	WARM    SUCCESS               0.0962                  
2024-01-16 00:51:52,191	[INFO]	INITIAL SUCCESS               0.0962                  
2024-01-16 00:51:52,192	[INFO]	==== START: RandomSearch ====
2024-01-16 00:51:53,001	[DEBUG]	StmtDeletion(('triangle.cpp.xml', 'stmt', 5))
2024-01-16 00:51:53,001	[INFO]	1       TEST_CODE_ERROR       None  [1 edit(s)]       
2024-01-16 00:51:53,877	[DEBUG]	EXEC>  SUCCESS 0.0959
2024-01-16 00:51:53,878	[DEBUG]	StmtInsertion(('triangle.cpp.xml', '_inter_block', 33), ('triangle.cpp.xml', 'stmt', 12))
2024-01-16 00:51:53,879	[INFO]	2       SUCCESS              *0.0959 (99.69%) [1 edit(s)] 
2024-01-16 00:51:53,880	[DEBUG]	--- before: triangle.cpp
+++ after: triangle.cpp
@@ -36,6 +36,11 @@
   if(a == b && b == c)
     /*auto*/{
       return EQUILATERAL;
+      if(b > c) {
+        tmp = b;
+        b = c;
+        c = tmp;
+      }
     }/*auto*/
   if(a == b || b == c)
     /*auto*/{

2024-01-16 00:51:54,690	[DEBUG]	StmtReplacement(('triangle.cpp.xml', 'stmt', 18), ('triangle.cpp.xml', 'stmt', 21))
2024-01-16 00:51:54,690	[INFO]	3       TEST_CODE_ERROR       None  [1 edit(s)]       
2024-01-16 00:51:54,831	[DEBUG]	StmtInsertion(('triangle.cpp.xml', '_inter_block', 2), ('triangle.cpp.xml', 'stmt', 20))
2024-01-16 00:51:54,831	[INFO]	4       COMPILE_CODE_ERROR    None  [1 edit(s)]       
2024-01-16 00:51:55,654	[DEBUG]	StmtInsertion(('triangle.cpp.xml', '_inter_block', 28), ('triangle.cpp.xml', 'stmt', 19))
2024-01-16 00:51:55,654	[INFO]	5       TEST_CODE_ERROR       None  [1 edit(s)]       
2024-01-16 00:51:56,461	[DEBUG]	StmtReplacement(('triangle.cpp.xml', 'stmt', 15), ('triangle.cpp.xml', 'stmt', 20))
2024-01-16 00:51:56,461	[INFO]	6       TEST_CODE_ERROR       None  [1 edit(s)]       
2024-01-16 00:51:57,284	[DEBUG]	StmtDeletion(('triangle.cpp.xml', 'stmt', 14))
2024-01-16 00:51:57,285	[INFO]	7       TEST_CODE_ERROR       None  [1 edit(s)]       
2024-01-16 00:51:58,137	[DEBUG]	EXEC>  SUCCESS 0.0969
2024-01-16 00:51:58,137	[DEBUG]	StmtInsertion(('triangle.cpp.xml', '_inter_block', 14), ('triangle.cpp.xml', 'stmt', 16))
2024-01-16 00:51:58,138	[INFO]	8       SUCCESS               0.0969 (100.73%) [1 edit(s)] 
2024-01-16 00:51:58,273	[DEBUG]	StmtInsertion(('triangle.cpp.xml', '_inter_block', 0), ('triangle.cpp.xml', 'stmt', 5))
2024-01-16 00:51:58,273	[INFO]	9       COMPILE_CODE_ERROR    None  [1 edit(s)]       
2024-01-16 00:51:59,046	[DEBUG]	StmtReplacement(('triangle.cpp.xml', 'stmt', 18), ('triangle.cpp.xml', 'stmt', 0))
2024-01-16 00:51:59,047	[INFO]	10      TEST_CODE_ERROR       None  [1 edit(s)]       
2024-01-16 00:51:59,194	[DEBUG]	StmtDeletion(('triangle.cpp.xml', 'stmt', 0))
2024-01-16 00:51:59,195	[INFO]	11      COMPILE_CODE_ERROR    None  [1 edit(s)]       
2024-01-16 00:52:00,110	[DEBUG]	EXEC>  SUCCESS 0.1038
2024-01-16 00:52:00,111	[DEBUG]	StmtInsertion(('triangle.cpp.xml', '_inter_block', 29), ('triangle.cpp.xml', 'stmt', 15))
2024-01-16 00:52:00,112	[INFO]	12      SUCCESS               0.1038 (107.9%) [1 edit(s)] 
2024-01-16 00:52:01,052	[DEBUG]	EXEC>  SUCCESS 0.0962
2024-01-16 00:52:01,052	[DEBUG]	StmtInsertion(('triangle.cpp.xml', '_inter_block', 34), ('triangle.cpp.xml', 'stmt', 12))
2024-01-16 00:52:01,053	[INFO]	13      SUCCESS               0.0962 (100.0%) [1 edit(s)] 
2024-01-16 00:52:01,959	[DEBUG]	EXEC>  SUCCESS 0.1021
2024-01-16 00:52:01,959	[DEBUG]	StmtInsertion(('triangle.cpp.xml', '_inter_block', 26), ('triangle.cpp.xml', 'stmt', 0))
2024-01-16 00:52:01,960	[INFO]	14      SUCCESS               0.1021 (106.13%) [1 edit(s)] 
2024-01-16 00:52:02,964	[DEBUG]	EXEC>  SUCCESS 0.1073
2024-01-16 00:52:02,965	[DEBUG]	StmtInsertion(('triangle.cpp.xml', '_inter_block', 32), ('triangle.cpp.xml', 'stmt', 2))
2024-01-16 00:52:02,966	[INFO]	15      SUCCESS               0.1073 (111.54%) [1 edit(s)] 
2024-01-16 00:52:03,944	[DEBUG]	EXEC>  SUCCESS 0.1061
2024-01-16 00:52:03,945	[DEBUG]	StmtInsertion(('triangle.cpp.xml', '_inter_block', 16), ('triangle.cpp.xml', 'stmt', 11))
2024-01-16 00:52:03,945	[INFO]	16      SUCCESS               0.1061 (110.29%) [1 edit(s)] 
2024-01-16 00:52:04,111	[DEBUG]	StmtInsertion(('triangle.cpp.xml', '_inter_block', 4), ('triangle.cpp.xml', 'stmt', 16))
2024-01-16 00:52:04,111	[INFO]	17      COMPILE_CODE_ERROR    None  [1 edit(s)]       
2024-01-16 00:52:04,963	[DEBUG]	EXEC>  SUCCESS 0.0294
2024-01-16 00:52:04,964	[DEBUG]	StmtReplacement(('triangle.cpp.xml', 'stmt', 3), ('triangle.cpp.xml', 'stmt', 0))
2024-01-16 00:52:04,964	[INFO]	18      SUCCESS              *0.0294 (30.56%) [1 edit(s)] 
2024-01-16 00:52:04,966	[DEBUG]	--- before: triangle.cpp
+++ after: triangle.cpp
@@ -8,7 +8,7 @@
 int classify_triangle(double a, double b, double c) {
   double tmp;
 
-  delay();
+  const struct timespec ms = {0, (long int) (0.001*1e9)};
 
   // Sort the sides so that a <= b <= c
   if(a > b) {

2024-01-16 00:52:05,918	[DEBUG]	StmtReplacement(('triangle.cpp.xml', 'stmt', 16), ('triangle.cpp.xml', 'stmt', 21))
2024-01-16 00:52:05,919	[INFO]	19      TEST_CODE_ERROR       None  [1 edit(s)]       
2024-01-16 00:52:06,067	[DEBUG]	StmtReplacement(('triangle.cpp.xml', 'stmt', 0), ('triangle.cpp.xml', 'stmt', 3))
2024-01-16 00:52:06,067	[INFO]	20      COMPILE_CODE_ERROR    None  [1 edit(s)]       
2024-01-16 00:52:06,812	[DEBUG]	StmtReplacement(('triangle.cpp.xml', 'stmt', 9), ('triangle.cpp.xml', 'stmt', 20))
2024-01-16 00:52:06,813	[INFO]	21      TEST_CODE_ERROR       None  [1 edit(s)]       
2024-01-16 00:52:07,665	[DEBUG]	StmtDeletion(('triangle.cpp.xml', 'stmt', 22))
2024-01-16 00:52:07,666	[INFO]	22      TEST_CODE_ERROR       None  [1 edit(s)]       
2024-01-16 00:52:08,489	[DEBUG]	StmtReplacement(('triangle.cpp.xml', 'stmt', 9), ('triangle.cpp.xml', 'stmt', 4))
2024-01-16 00:52:08,490	[INFO]	23      TEST_CODE_ERROR       None  [1 edit(s)]       
2024-01-16 00:52:09,305	[DEBUG]	StmtInsertion(('triangle.cpp.xml', '_inter_block', 32), ('triangle.cpp.xml', 'stmt', 21))
2024-01-16 00:52:09,305	[INFO]	24      TEST_CODE_ERROR       None  [1 edit(s)]       
2024-01-16 00:52:10,160	[DEBUG]	StmtReplacement(('triangle.cpp.xml', 'stmt', 12), ('triangle.cpp.xml', 'stmt', 18))
2024-01-16 00:52:10,161	[INFO]	25      TEST_CODE_ERROR       None  [1 edit(s)]       
2024-01-16 00:52:11,063	[DEBUG]	EXEC>  SUCCESS 0.0983
2024-01-16 00:52:11,064	[DEBUG]	StmtInsertion(('triangle.cpp.xml', '_inter_block', 0), ('triangle.cpp.xml', 'stmt', 2))
2024-01-16 00:52:11,065	[INFO]	26      SUCCESS               0.0983 (102.18%) [1 edit(s)] 
2024-01-16 00:52:11,914	[DEBUG]	StmtInsertion(('triangle.cpp.xml', '_inter_block', 23), ('triangle.cpp.xml', 'stmt', 22))
2024-01-16 00:52:11,915	[INFO]	27      TEST_CODE_ERROR       None  [1 edit(s)]       
2024-01-16 00:52:12,779	[DEBUG]	StmtDeletion(('triangle.cpp.xml', 'stmt', 12))
2024-01-16 00:52:12,779	[INFO]	28      TEST_CODE_ERROR       None  [1 edit(s)]       
2024-01-16 00:52:13,652	[DEBUG]	EXEC>  SUCCESS 0.0958
2024-01-16 00:52:13,653	[DEBUG]	StmtInsertion(('triangle.cpp.xml', '_inter_block', 21), ('triangle.cpp.xml', 'stmt', 18))
2024-01-16 00:52:13,653	[INFO]	29      SUCCESS               0.0958 (99.58%) [1 edit(s)] 
2024-01-16 00:52:14,455	[DEBUG]	StmtInsertion(('triangle.cpp.xml', '_inter_block', 21), ('triangle.cpp.xml', 'stmt', 14))
2024-01-16 00:52:14,455	[INFO]	30      TEST_CODE_ERROR       None  [1 edit(s)]       
2024-01-16 00:52:15,311	[DEBUG]	StmtReplacement(('triangle.cpp.xml', 'stmt', 16), ('triangle.cpp.xml', 'stmt', 19))
2024-01-16 00:52:15,311	[INFO]	31      TEST_CODE_ERROR       None  [1 edit(s)]       
2024-01-16 00:52:15,472	[DEBUG]	StmtInsertion(('triangle.cpp.xml', '_inter_block', 8), ('triangle.cpp.xml', 'stmt', 13))
2024-01-16 00:52:15,473	[INFO]	32      COMPILE_CODE_ERROR    None  [1 edit(s)]       
2024-01-16 00:52:16,307	[DEBUG]	StmtDeletion(('triangle.cpp.xml', 'stmt', 22))
2024-01-16 00:52:16,307	[INFO]	33      TEST_CODE_ERROR       None  [1 edit(s)]       
2024-01-16 00:52:17,143	[DEBUG]	StmtReplacement(('triangle.cpp.xml', 'stmt', 11), ('triangle.cpp.xml', 'stmt', 16))
2024-01-16 00:52:17,143	[INFO]	34      TEST_CODE_ERROR       None  [1 edit(s)]       
2024-01-16 00:52:18,069	[DEBUG]	EXEC>  SUCCESS 0.1048
2024-01-16 00:52:18,070	[DEBUG]	StmtInsertion(('triangle.cpp.xml', '_inter_block', 10), ('triangle.cpp.xml', 'stmt', 9))
2024-01-16 00:52:18,071	[INFO]	35      SUCCESS               0.1048 (108.94%) [1 edit(s)] 
2024-01-16 00:52:18,903	[DEBUG]	StmtInsertion(('triangle.cpp.xml', '_inter_block', 10), ('triangle.cpp.xml', 'stmt', 20))
2024-01-16 00:52:18,903	[INFO]	36      TEST_CODE_ERROR       None  [1 edit(s)]       
2024-01-16 00:52:19,045	[DEBUG]	StmtInsertion(('triangle.cpp.xml', '_inter_block', 5), ('triangle.cpp.xml', 'stmt', 5))
2024-01-16 00:52:19,045	[INFO]	37      COMPILE_CODE_ERROR    None  [1 edit(s)]       
2024-01-16 00:52:19,846	[DEBUG]	StmtReplacement(('triangle.cpp.xml', 'stmt', 19), ('triangle.cpp.xml', 'stmt', 16))
2024-01-16 00:52:19,846	[INFO]	38      TEST_CODE_ERROR       None  [1 edit(s)]       
2024-01-16 00:52:20,657	[DEBUG]	StmtDeletion(('triangle.cpp.xml', 'stmt', 12))
2024-01-16 00:52:20,657	[INFO]	39      TEST_CODE_ERROR       None  [1 edit(s)]       
2024-01-16 00:52:21,590	[DEBUG]	EXEC>  SUCCESS 0.1015
2024-01-16 00:52:21,590	[DEBUG]	StmtInsertion(('triangle.cpp.xml', '_inter_block', 24), ('triangle.cpp.xml', 'stmt', 4))
2024-01-16 00:52:21,591	[INFO]	40      SUCCESS               0.1015 (105.51%) [1 edit(s)] 
2024-01-16 00:52:22,434	[DEBUG]	StmtInsertion(('triangle.cpp.xml', '_inter_block', 22), ('triangle.cpp.xml', 'stmt', 20))
2024-01-16 00:52:22,434	[INFO]	41      TEST_CODE_ERROR       None  [1 edit(s)]       
2024-01-16 00:52:22,583	[DEBUG]	StmtReplacement(('triangle.cpp.xml', 'stmt', 7), ('triangle.cpp.xml', 'stmt', 1))
2024-01-16 00:52:22,584	[INFO]	42      COMPILE_CODE_ERROR    None  [1 edit(s)]       
2024-01-16 00:52:23,472	[DEBUG]	EXEC>  SUCCESS 0.0968
2024-01-16 00:52:23,472	[DEBUG]	StmtInsertion(('triangle.cpp.xml', '_inter_block', 30), ('triangle.cpp.xml', 'stmt', 9))
2024-01-16 00:52:23,474	[INFO]	43      SUCCESS               0.0968 (100.62%) [1 edit(s)] 
2024-01-16 00:52:24,376	[DEBUG]	EXEC>  SUCCESS 0.0973
2024-01-16 00:52:24,377	[DEBUG]	StmtInsertion(('triangle.cpp.xml', '_inter_block', 29), ('triangle.cpp.xml', 'stmt', 0))
2024-01-16 00:52:24,378	[INFO]	44      SUCCESS               0.0973 (101.14%) [1 edit(s)] 
2024-01-16 00:52:25,237	[DEBUG]	StmtInsertion(('triangle.cpp.xml', '_inter_block', 18), ('triangle.cpp.xml', 'stmt', 6))
2024-01-16 00:52:25,237	[INFO]	45      TEST_CODE_ERROR       None  [1 edit(s)]       
2024-01-16 00:52:25,394	[DEBUG]	StmtInsertion(('triangle.cpp.xml', '_inter_block', 2), ('triangle.cpp.xml', 'stmt', 12))
2024-01-16 00:52:25,394	[INFO]	46      COMPILE_CODE_ERROR    None  [1 edit(s)]       
2024-01-16 00:52:26,233	[DEBUG]	EXEC>  SUCCESS 0.0288
2024-01-16 00:52:26,234	[DEBUG]	StmtDeletion(('triangle.cpp.xml', 'stmt', 1))
2024-01-16 00:52:26,235	[INFO]	47      SUCCESS              *0.0288 (29.94%) [1 edit(s)] 
2024-01-16 00:52:26,236	[DEBUG]	--- before: triangle.cpp
+++ after: triangle.cpp
@@ -2,7 +2,7 @@
 
 void delay() {
   const struct timespec ms = {0, (long int) (0.001*1e9)}; //tv_sec=0, tv_nsec (0.001 seconds)
-  nanosleep(&ms,NULL); /*ignores possible errors*/
+   /*ignores possible errors*/
 }
 
 int classify_triangle(double a, double b, double c) {

2024-01-16 00:52:27,083	[DEBUG]	StmtDeletion(('triangle.cpp.xml', 'stmt', 7))
2024-01-16 00:52:27,084	[INFO]	48      TEST_CODE_ERROR       None  [1 edit(s)]       
2024-01-16 00:52:28,004	[DEBUG]	EXEC>  SUCCESS 0.0971
2024-01-16 00:52:28,004	[DEBUG]	StmtDeletion(('triangle.cpp.xml', 'stmt', 4))
2024-01-16 00:52:28,005	[INFO]	49      SUCCESS               0.0971 (100.94%) [1 edit(s)] 
2024-01-16 00:52:28,809	[DEBUG]	StmtDeletion(('triangle.cpp.xml', 'stmt', 7))
2024-01-16 00:52:28,810	[INFO]	50      TEST_CODE_ERROR       None  [1 edit(s)]       
2024-01-16 00:52:29,609	[DEBUG]	StmtDeletion(('triangle.cpp.xml', 'stmt', 12))
2024-01-16 00:52:29,609	[INFO]	51      TEST_CODE_ERROR       None  [1 edit(s)]       
2024-01-16 00:52:30,443	[DEBUG]	StmtDeletion(('triangle.cpp.xml', 'stmt', 17))
2024-01-16 00:52:30,443	[INFO]	52      TEST_CODE_ERROR       None  [1 edit(s)]       
2024-01-16 00:52:30,606	[DEBUG]	StmtDeletion(('triangle.cpp.xml', 'stmt', 2))
2024-01-16 00:52:30,606	[INFO]	53      COMPILE_CODE_ERROR    None  [1 edit(s)]       
2024-01-16 00:52:31,425	[DEBUG]	StmtDeletion(('triangle.cpp.xml', 'stmt', 12))
2024-01-16 00:52:31,425	[INFO]	54      TEST_CODE_ERROR       None  [1 edit(s)]       
2024-01-16 00:52:32,335	[DEBUG]	EXEC>  SUCCESS 0.1042
2024-01-16 00:52:32,336	[DEBUG]	StmtReplacement(('triangle.cpp.xml', 'stmt', 4), ('triangle.cpp.xml', 'stmt', 8))
2024-01-16 00:52:32,337	[INFO]	55      SUCCESS               0.1042 (108.32%) [1 edit(s)] 
2024-01-16 00:52:33,204	[DEBUG]	StmtReplacement(('triangle.cpp.xml', 'stmt', 15), ('triangle.cpp.xml', 'stmt', 22))
2024-01-16 00:52:33,204	[INFO]	56      TEST_CODE_ERROR       None  [1 edit(s)]       
2024-01-16 00:52:34,164	[DEBUG]	EXEC>  SUCCESS 0.0987
2024-01-16 00:52:34,164	[DEBUG]	StmtInsertion(('triangle.cpp.xml', '_inter_block', 27), ('triangle.cpp.xml', 'stmt', 14))
2024-01-16 00:52:34,165	[INFO]	57      SUCCESS               0.0987 (102.6%) [1 edit(s)] 
2024-01-16 00:52:35,113	[DEBUG]	EXEC>  SUCCESS 0.1286
2024-01-16 00:52:35,114	[DEBUG]	StmtInsertion(('triangle.cpp.xml', '_inter_block', 29), ('triangle.cpp.xml', 'stmt', 3))
2024-01-16 00:52:35,114	[INFO]	58      SUCCESS               0.1286 (133.68%) [1 edit(s)] 
2024-01-16 00:52:35,257	[DEBUG]	StmtInsertion(('triangle.cpp.xml', '_inter_block', 3), ('triangle.cpp.xml', 'stmt', 20))
2024-01-16 00:52:35,257	[INFO]	59      COMPILE_CODE_ERROR    None  [1 edit(s)]       
2024-01-16 00:52:36,101	[DEBUG]	StmtDeletion(('triangle.cpp.xml', 'stmt', 14))
2024-01-16 00:52:36,101	[INFO]	60      TEST_CODE_ERROR       None  [1 edit(s)]       
2024-01-16 00:52:36,233	[DEBUG]	StmtInsertion(('triangle.cpp.xml', '_inter_block', 1), ('triangle.cpp.xml', 'stmt', 11))
2024-01-16 00:52:36,233	[INFO]	61      COMPILE_CODE_ERROR    None  [1 edit(s)]       
2024-01-16 00:52:37,121	[DEBUG]	StmtReplacement(('triangle.cpp.xml', 'stmt', 13), ('triangle.cpp.xml', 'stmt', 21))
2024-01-16 00:52:37,121	[INFO]	62      TEST_CODE_ERROR       None  [1 edit(s)]       
2024-01-16 00:52:37,267	[DEBUG]	StmtInsertion(('triangle.cpp.xml', '_inter_block', 7), ('triangle.cpp.xml', 'stmt', 7))
2024-01-16 00:52:37,267	[INFO]	63      COMPILE_CODE_ERROR    None  [1 edit(s)]       
2024-01-16 00:52:38,078	[DEBUG]	StmtDeletion(('triangle.cpp.xml', 'stmt', 12))
2024-01-16 00:52:38,078	[INFO]	64      TEST_CODE_ERROR       None  [1 edit(s)]       
2024-01-16 00:52:38,217	[DEBUG]	StmtReplacement(('triangle.cpp.xml', 'stmt', 18), ('triangle.cpp.xml', 'stmt', 2))
2024-01-16 00:52:38,217	[INFO]	65      COMPILE_CODE_ERROR    None  [1 edit(s)]       
2024-01-16 00:52:39,107	[DEBUG]	EXEC>  SUCCESS 0.0953
2024-01-16 00:52:39,108	[DEBUG]	StmtInsertion(('triangle.cpp.xml', '_inter_block', 10), ('triangle.cpp.xml', 'stmt', 16))
2024-01-16 00:52:39,108	[INFO]	66      SUCCESS               0.0953 (99.06%) [1 edit(s)] 
2024-01-16 00:52:40,058	[DEBUG]	EXEC>  SUCCESS 0.0969
2024-01-16 00:52:40,059	[DEBUG]	StmtInsertion(('triangle.cpp.xml', '_inter_block', 11), ('triangle.cpp.xml', 'stmt', 4))
2024-01-16 00:52:40,059	[INFO]	67      SUCCESS               0.0969 (100.73%) [1 edit(s)] 
2024-01-16 00:52:40,889	[DEBUG]	StmtInsertion(('triangle.cpp.xml', '_inter_block', 21), ('triangle.cpp.xml', 'stmt', 11))
2024-01-16 00:52:40,889	[INFO]	68      TEST_CODE_ERROR       None  [1 edit(s)]       
2024-01-16 00:52:41,809	[DEBUG]	EXEC>  SUCCESS 0.0973
2024-01-16 00:52:41,809	[DEBUG]	StmtInsertion(('triangle.cpp.xml', '_inter_block', 35), ('triangle.cpp.xml', 'stmt', 10))
2024-01-16 00:52:41,810	[INFO]	69      SUCCESS               0.0973 (101.14%) [1 edit(s)] 
2024-01-16 00:52:41,961	[DEBUG]	StmtInsertion(('triangle.cpp.xml', '_inter_block', 7), ('triangle.cpp.xml', 'stmt', 11))
2024-01-16 00:52:41,961	[INFO]	70      COMPILE_CODE_ERROR    None  [1 edit(s)]       
2024-01-16 00:52:42,095	[DEBUG]	StmtInsertion(('triangle.cpp.xml', '_inter_block', 3), ('triangle.cpp.xml', 'stmt', 1))
2024-01-16 00:52:42,095	[INFO]	71      COMPILE_CODE_ERROR    None  [1 edit(s)]       
2024-01-16 00:52:42,907	[DEBUG]	StmtDeletion(('triangle.cpp.xml', 'stmt', 19))
2024-01-16 00:52:42,907	[INFO]	72      TEST_CODE_ERROR       None  [1 edit(s)]       
2024-01-16 00:52:43,754	[DEBUG]	StmtReplacement(('triangle.cpp.xml', 'stmt', 20), ('triangle.cpp.xml', 'stmt', 13))
2024-01-16 00:52:43,754	[INFO]	73      TEST_CODE_ERROR       None  [1 edit(s)]       
2024-01-16 00:52:44,694	[DEBUG]	EXEC>  SUCCESS 0.1064
2024-01-16 00:52:44,694	[DEBUG]	StmtInsertion(('triangle.cpp.xml', '_inter_block', 26), ('triangle.cpp.xml', 'stmt', 16))
2024-01-16 00:52:44,695	[INFO]	74      SUCCESS               0.1064 (110.6%) [1 edit(s)] 
2024-01-16 00:52:45,502	[DEBUG]	StmtInsertion(('triangle.cpp.xml', '_inter_block', 20), ('triangle.cpp.xml', 'stmt', 19))
2024-01-16 00:52:45,502	[INFO]	75      TEST_CODE_ERROR       None  [1 edit(s)]       
2024-01-16 00:52:45,637	[DEBUG]	StmtInsertion(('triangle.cpp.xml', '_inter_block', 7), ('triangle.cpp.xml', 'stmt', 20))
2024-01-16 00:52:45,638	[INFO]	76      COMPILE_CODE_ERROR    None  [1 edit(s)]       
2024-01-16 00:52:45,639	[DEBUG]	StmtDeletion(('triangle.cpp.xml', 'stmt', 4))
2024-01-16 00:52:45,639	[INFO]	77      SUCCESS               0.0971 (100.94%) [1 edit(s)] 
2024-01-16 00:52:46,421	[DEBUG]	StmtDeletion(('triangle.cpp.xml', 'stmt', 21))
2024-01-16 00:52:46,421	[INFO]	78      TEST_CODE_ERROR       None  [1 edit(s)]       
2024-01-16 00:52:47,224	[DEBUG]	StmtReplacement(('triangle.cpp.xml', 'stmt', 15), ('triangle.cpp.xml', 'stmt', 0))
2024-01-16 00:52:47,224	[INFO]	79      TEST_CODE_ERROR       None  [1 edit(s)]       
2024-01-16 00:52:47,380	[DEBUG]	StmtDeletion(('triangle.cpp.xml', 'stmt', 0))
2024-01-16 00:52:47,380	[INFO]	80      COMPILE_CODE_ERROR    None  [1 edit(s)]       
2024-01-16 00:52:48,364	[DEBUG]	EXEC>  SUCCESS 0.0944
2024-01-16 00:52:48,364	[DEBUG]	StmtInsertion(('triangle.cpp.xml', '_inter_block', 33), ('triangle.cpp.xml', 'stmt', 14))
2024-01-16 00:52:48,365	[INFO]	81      SUCCESS               0.0944 (98.13%) [1 edit(s)] 
2024-01-16 00:52:49,278	[DEBUG]	EXEC>  SUCCESS 0.1043
2024-01-16 00:52:49,279	[DEBUG]	StmtInsertion(('triangle.cpp.xml', '_inter_block', 17), ('triangle.cpp.xml', 'stmt', 20))
2024-01-16 00:52:49,280	[INFO]	82      SUCCESS               0.1043 (108.42%) [1 edit(s)] 
2024-01-16 00:52:49,443	[DEBUG]	StmtInsertion(('triangle.cpp.xml', '_inter_block', 2), ('triangle.cpp.xml', 'stmt', 4))
2024-01-16 00:52:49,443	[INFO]	83      COMPILE_CODE_ERROR    None  [1 edit(s)]       
2024-01-16 00:52:50,303	[DEBUG]	StmtInsertion(('triangle.cpp.xml', '_inter_block', 22), ('triangle.cpp.xml', 'stmt', 7))
2024-01-16 00:52:50,303	[INFO]	84      TEST_CODE_ERROR       None  [1 edit(s)]       
2024-01-16 00:52:51,226	[DEBUG]	EXEC>  SUCCESS 0.0977
2024-01-16 00:52:51,227	[DEBUG]	StmtInsertion(('triangle.cpp.xml', '_inter_block', 16), ('triangle.cpp.xml', 'stmt', 18))
2024-01-16 00:52:51,227	[INFO]	85      SUCCESS               0.0977 (101.56%) [1 edit(s)] 
2024-01-16 00:52:52,044	[DEBUG]	StmtInsertion(('triangle.cpp.xml', '_inter_block', 26), ('triangle.cpp.xml', 'stmt', 15))
2024-01-16 00:52:52,044	[INFO]	86      TEST_CODE_ERROR       None  [1 edit(s)]       
2024-01-16 00:52:52,828	[DEBUG]	StmtReplacement(('triangle.cpp.xml', 'stmt', 5), ('triangle.cpp.xml', 'stmt', 4))
2024-01-16 00:52:52,828	[INFO]	87      TEST_CODE_ERROR       None  [1 edit(s)]       
2024-01-16 00:52:53,626	[DEBUG]	EXEC>  SUCCESS 0.0326
2024-01-16 00:52:53,627	[DEBUG]	StmtDeletion(('triangle.cpp.xml', 'stmt', 3))
2024-01-16 00:52:53,627	[INFO]	88      SUCCESS               0.0326 (33.89%) [1 edit(s)] 
2024-01-16 00:52:54,508	[DEBUG]	StmtDeletion(('triangle.cpp.xml', 'stmt', 7))
2024-01-16 00:52:54,508	[INFO]	89      TEST_CODE_ERROR       None  [1 edit(s)]       
2024-01-16 00:52:55,382	[DEBUG]	StmtDeletion(('triangle.cpp.xml', 'stmt', 14))
2024-01-16 00:52:55,382	[INFO]	90      TEST_CODE_ERROR       None  [1 edit(s)]       
2024-01-16 00:52:56,209	[DEBUG]	StmtDeletion(('triangle.cpp.xml', 'stmt', 22))
2024-01-16 00:52:56,210	[INFO]	91      TEST_CODE_ERROR       None  [1 edit(s)]       
2024-01-16 00:52:57,117	[DEBUG]	StmtDeletion(('triangle.cpp.xml', 'stmt', 18))
2024-01-16 00:52:57,118	[INFO]	92      TEST_CODE_ERROR       None  [1 edit(s)]       
2024-01-16 00:52:57,903	[DEBUG]	StmtDeletion(('triangle.cpp.xml', 'stmt', 13))
2024-01-16 00:52:57,904	[INFO]	93      TEST_CODE_ERROR       None  [1 edit(s)]       
2024-01-16 00:52:58,700	[DEBUG]	StmtInsertion(('triangle.cpp.xml', '_inter_block', 19), ('triangle.cpp.xml', 'stmt', 8))
2024-01-16 00:52:58,700	[INFO]	94      TEST_CODE_ERROR       None  [1 edit(s)]       
2024-01-16 00:52:59,461	[DEBUG]	StmtInsertion(('triangle.cpp.xml', '_inter_block', 18), ('triangle.cpp.xml', 'stmt', 7))
2024-01-16 00:52:59,462	[INFO]	95      TEST_CODE_ERROR       None  [1 edit(s)]       
2024-01-16 00:53:00,284	[DEBUG]	StmtDeletion(('triangle.cpp.xml', 'stmt', 20))
2024-01-16 00:53:00,284	[INFO]	96      TEST_CODE_ERROR       None  [1 edit(s)]       
2024-01-16 00:53:01,131	[DEBUG]	StmtReplacement(('triangle.cpp.xml', 'stmt', 21), ('triangle.cpp.xml', 'stmt', 7))
2024-01-16 00:53:01,131	[INFO]	97      TEST_CODE_ERROR       None  [1 edit(s)]       
2024-01-16 00:53:02,051	[DEBUG]	EXEC>  SUCCESS 0.0985
2024-01-16 00:53:02,051	[DEBUG]	StmtInsertion(('triangle.cpp.xml', '_inter_block', 18), ('triangle.cpp.xml', 'stmt', 4))
2024-01-16 00:53:02,052	[INFO]	98      SUCCESS               0.0985 (102.39%) [1 edit(s)] 
2024-01-16 00:53:02,862	[DEBUG]	StmtInsertion(('triangle.cpp.xml', '_inter_block', 20), ('triangle.cpp.xml', 'stmt', 17))
2024-01-16 00:53:02,862	[INFO]	99      TEST_CODE_ERROR       None  [1 edit(s)]       
2024-01-16 00:53:03,692	[DEBUG]	StmtInsertion(('triangle.cpp.xml', '_inter_block', 22), ('triangle.cpp.xml', 'stmt', 7))
2024-01-16 00:53:03,693	[INFO]	100     TEST_CODE_ERROR       None  [1 edit(s)]       
2024-01-16 00:53:03,693	[INFO]	==== END ====
2024-01-16 00:53:03,694	[INFO]	
2024-01-16 00:53:03,694	[INFO]	==== REPORT ====
2024-01-16 00:53:03,694	[INFO]	Termination: step budget
2024-01-16 00:53:03,695	[INFO]	Log file: /cs/student/ug/2020/damibose/projects/magpie/_magpie_logs/triangle-cpp_slow_1705366309.log
2024-01-16 00:53:03,695	[INFO]	Patch file: _magpie_logs/triangle-cpp_slow_1705366309.patch
2024-01-16 00:53:03,696	[INFO]	Diff file: _magpie_logs/triangle-cpp_slow_1705366309.diff
2024-01-16 00:53:03,696	[INFO]	Best fitness: 0.0288
2024-01-16 00:53:03,696	[INFO]	Best patch: StmtDeletion(('triangle.cpp.xml', 'stmt', 1))
2024-01-16 00:53:03,697	[INFO]	Diff:
--- before: triangle.cpp
+++ after: triangle.cpp
@@ -2,7 +2,7 @@
 
 void delay() {
   const struct timespec ms = {0, (long int) (0.001*1e9)}; //tv_sec=0, tv_nsec (0.001 seconds)
-  nanosleep(&ms,NULL); /*ignores possible errors*/
+   /*ignores possible errors*/
 }
 
 int classify_triangle(double a, double b, double c) {

