2023-12-15 12:54:53,969	[DEBUG]	==== CONFIG ====
[magpie]
import = 
seed = 5
log_dir = _magpie_logs
work_dir = _magpie_work
final_out_dir = experiments/results_e_greedy_proof_of_concept/baseline/RandomSearch/trial_5
local_original_copy = True
local_original_name = __original__
output_encoding = ascii
edit_retries = 10
default_timeout = 30
default_lengthout = 10000.0
diff_method = unified
trust_local_filesystem = True

[software]
path = examples/code/triangle-cpp_slow
target_files = 
	triangle.cpp.xml
program = BasicProgram
engine_rules = 
	*.params : ConfigFileParamsEngine
	*.xml : SrcmlEngine
	* : LineEngine
engine_config = 
	*.params : [params]
	*.xml : [srcml]
init_cmd = 
init_timeout = 60
init_lengthout = -1
setup_cmd = ./setup.sh
setup_timeout = 
setup_lengthout = 
compile_cmd = ./compile.sh
compile_timeout = 
compile_lengthout = 
test_cmd = ./build/test_triangle
test_timeout = 
test_lengthout = 
run_cmd = perf stat ./build/run_triangle
run_timeout = 1
run_lengthout = 
batch_timeout = 
batch_lengthout = 
batch_bin_fitness_strategy = aggregate
batch_fitness_strategy = sum
fitness = perf_instructions

[srcml]
rename = 
focus = block break continue decl_stmt do expr_stmt for goto if return switch while
internodes = block
process_pseudo_blocks = True
process_literals = False
process_operators = False

[params]
timing = test run
cli_prefix = --
cli_glue = =
cli_boolean = show
cli_boolean_prefix_true = 
cli_boolean_prefix_false = no-
silent_prefix = @
silent_suffix = $

[search]
protocol = BasicProtocol
algorithm = RandomSearch
possible_edits = 
	DeclStmtReplacement
	ExprStmtReplacement
	IfReplacement
	ReturnReplacement
	DeclStmtInsertion
	ExprStmtInsertion
	IfInsertion
	ReturnInsertion
	DeclStmtDeletion
	ExprStmtDeletion
	IfDeletion
	ReturnDeletion
warmup = 5
warmup_strategy = last
max_steps = 100
max_time = 60
target_fitness = 
cache_maxsize = 40
cache_keep = 0.2
batch_instances = 
batch_shuffle = True
batch_bin_shuffle = False
batch_sample_size = 1
operator_selector = UniformSelector

[search.ls]
delete_prob = 0
max_neighbours = 20
when_trapped = continue
accept_fail = False
tabu_length = 10

[search.gp]
pop_size = 10
delete_prob = 0.5
offspring_elitism = 0.1
offspring_crossover = 0.5
offspring_mutation = 0.4
uniform_rate = 0.5
batch_reset = True

[search.minify]
do_cleanup = True
do_rebuild = True
do_simplify = True
round_robin_limit = 3


2023-12-15 12:54:53,974	[INFO]	==== WARMUP ====
2023-12-15 12:54:56,520	[DEBUG]	EXEC>  SUCCESS 1475809
2023-12-15 12:54:56,520	[INFO]	WARM    SUCCESS               1475809                 
2023-12-15 12:54:57,520	[DEBUG]	EXEC>  SUCCESS 1205549
2023-12-15 12:54:57,521	[INFO]	WARM    SUCCESS               1205549                 
2023-12-15 12:54:58,483	[DEBUG]	EXEC>  SUCCESS 1205551
2023-12-15 12:54:58,484	[INFO]	WARM    SUCCESS               1205551                 
2023-12-15 12:54:59,451	[DEBUG]	EXEC>  SUCCESS 1205549
2023-12-15 12:54:59,451	[INFO]	WARM    SUCCESS               1205549                 
2023-12-15 12:55:00,486	[DEBUG]	EXEC>  SUCCESS 1205551
2023-12-15 12:55:00,487	[INFO]	WARM    SUCCESS               1205551                 
2023-12-15 12:55:00,487	[INFO]	INITIAL SUCCESS               1205551                 
2023-12-15 12:55:00,488	[INFO]	==== START: RandomSearch ====
2023-12-15 12:55:01,263	[DEBUG]	DeclStmtInsertion(('triangle.cpp.xml', '_inter_block', 23), ('triangle.cpp.xml', 'decl_stmt', 1))
2023-12-15 12:55:01,263	[INFO]	1       TEST_CODE_ERROR       None  [1 edit(s)]       
2023-12-15 12:55:02,076	[DEBUG]	ReturnReplacement(('triangle.cpp.xml', 'return', 3), ('triangle.cpp.xml', 'stmt', 3))
2023-12-15 12:55:02,076	[INFO]	2       TEST_CODE_ERROR       None  [1 edit(s)]       
2023-12-15 12:55:02,908	[DEBUG]	ExprStmtDeletion(('triangle.cpp.xml', 'expr_stmt', 7))
2023-12-15 12:55:02,909	[INFO]	3       TEST_CODE_ERROR       None  [1 edit(s)]       
2023-12-15 12:55:03,708	[DEBUG]	IfDeletion(('triangle.cpp.xml', 'if', 2))
2023-12-15 12:55:03,708	[INFO]	4       TEST_CODE_ERROR       None  [1 edit(s)]       
2023-12-15 12:55:04,684	[DEBUG]	EXEC>  SUCCESS 1205551
2023-12-15 12:55:04,684	[DEBUG]	DeclStmtInsertion(('triangle.cpp.xml', '_inter_block', 26), ('triangle.cpp.xml', 'decl_stmt', 1))
2023-12-15 12:55:04,685	[INFO]	5       SUCCESS               1205551 (100.0%) [1 edit(s)] 
2023-12-15 12:55:05,637	[DEBUG]	EXEC>  SUCCESS 1205676
2023-12-15 12:55:05,637	[DEBUG]	DeclStmtInsertion(('triangle.cpp.xml', '_inter_block', 7), ('triangle.cpp.xml', 'decl_stmt', 0))
2023-12-15 12:55:05,638	[INFO]	6       SUCCESS               1205676 (100.01%) [1 edit(s)] 
2023-12-15 12:55:06,440	[DEBUG]	IfReplacement(('triangle.cpp.xml', 'if', 4), ('triangle.cpp.xml', 'stmt', 13))
2023-12-15 12:55:06,440	[INFO]	7       TEST_CODE_ERROR       None  [1 edit(s)]       
2023-12-15 12:55:07,248	[DEBUG]	ExprStmtDeletion(('triangle.cpp.xml', 'expr_stmt', 9))
2023-12-15 12:55:07,248	[INFO]	8       TEST_CODE_ERROR       None  [1 edit(s)]       
2023-12-15 12:55:07,410	[DEBUG]	DeclStmtReplacement(('triangle.cpp.xml', 'decl_stmt', 1), ('triangle.cpp.xml', 'stmt', 17))
2023-12-15 12:55:07,411	[INFO]	9       COMPILE_CODE_ERROR    None  [1 edit(s)]       
2023-12-15 12:55:07,534	[DEBUG]	DeclStmtDeletion(('triangle.cpp.xml', 'decl_stmt', 0))
2023-12-15 12:55:07,535	[INFO]	10      COMPILE_CODE_ERROR    None  [1 edit(s)]       
2023-12-15 12:55:08,294	[DEBUG]	IfReplacement(('triangle.cpp.xml', 'if', 1), ('triangle.cpp.xml', 'stmt', 22))
2023-12-15 12:55:08,294	[INFO]	11      TEST_CODE_ERROR       None  [1 edit(s)]       
2023-12-15 12:55:09,210	[DEBUG]	EXEC>  SUCCESS 1203646
2023-12-15 12:55:09,211	[DEBUG]	ExprStmtDeletion(('triangle.cpp.xml', 'expr_stmt', 0))
2023-12-15 12:55:09,211	[INFO]	12      SUCCESS              *1203646 (99.84%) [1 edit(s)] 
2023-12-15 12:55:09,212	[DEBUG]	--- before: triangle.cpp
+++ after: triangle.cpp
@@ -2,7 +2,7 @@
 
 void delay() {
   const struct timespec ms = {0, (long int) (0.001*1e9)}; //tv_sec=0, tv_nsec (0.001 seconds)
-  nanosleep(&ms,NULL); /*ignores possible errors*/
+   /*ignores possible errors*/
 }
 
 int classify_triangle(double a, double b, double c) {

2023-12-15 12:55:09,341	[DEBUG]	IfInsertion(('triangle.cpp.xml', '_inter_block', 3), ('triangle.cpp.xml', 'if', 1))
2023-12-15 12:55:09,342	[INFO]	13      COMPILE_CODE_ERROR    None  [1 edit(s)]       
2023-12-15 12:55:10,084	[DEBUG]	ExprStmtDeletion(('triangle.cpp.xml', 'expr_stmt', 10))
2023-12-15 12:55:10,085	[INFO]	14      TEST_CODE_ERROR       None  [1 edit(s)]       
2023-12-15 12:55:10,890	[DEBUG]	ReturnDeletion(('triangle.cpp.xml', 'return', 0))
2023-12-15 12:55:10,891	[INFO]	15      TEST_CODE_ERROR       None  [1 edit(s)]       
2023-12-15 12:55:11,035	[DEBUG]	IfReplacement(('triangle.cpp.xml', 'if', 0), ('triangle.cpp.xml', 'stmt', 2))
2023-12-15 12:55:11,035	[INFO]	16      COMPILE_CODE_ERROR    None  [1 edit(s)]       
2023-12-15 12:55:11,859	[DEBUG]	ReturnReplacement(('triangle.cpp.xml', 'return', 3), ('triangle.cpp.xml', 'stmt', 13))
2023-12-15 12:55:11,860	[INFO]	17      TEST_CODE_ERROR       None  [1 edit(s)]       
2023-12-15 12:55:12,648	[DEBUG]	IfReplacement(('triangle.cpp.xml', 'if', 2), ('triangle.cpp.xml', 'stmt', 18))
2023-12-15 12:55:12,648	[INFO]	18      TEST_CODE_ERROR       None  [1 edit(s)]       
2023-12-15 12:55:13,614	[DEBUG]	EXEC>  SUCCESS 1205551
2023-12-15 12:55:13,614	[DEBUG]	IfInsertion(('triangle.cpp.xml', '_inter_block', 31), ('triangle.cpp.xml', 'if', 3))
2023-12-15 12:55:13,615	[INFO]	19      SUCCESS               1205551 (100.0%) [1 edit(s)] 
2023-12-15 12:55:14,567	[DEBUG]	EXEC>  SUCCESS 1205662
2023-12-15 12:55:14,568	[DEBUG]	IfInsertion(('triangle.cpp.xml', '_inter_block', 6), ('triangle.cpp.xml', 'if', 3))
2023-12-15 12:55:14,570	[INFO]	20      SUCCESS               1205662 (100.01%) [1 edit(s)] 
2023-12-15 12:55:15,332	[DEBUG]	ReturnDeletion(('triangle.cpp.xml', 'return', 0))
2023-12-15 12:55:15,333	[INFO]	21      TEST_CODE_ERROR       None  [1 edit(s)]       
2023-12-15 12:55:15,475	[DEBUG]	ReturnInsertion(('triangle.cpp.xml', '_inter_block', 0), ('triangle.cpp.xml', 'return', 0))
2023-12-15 12:55:15,475	[INFO]	22      COMPILE_CODE_ERROR    None  [1 edit(s)]       
2023-12-15 12:55:16,410	[DEBUG]	EXEC>  SUCCESS 1205550
2023-12-15 12:55:16,411	[DEBUG]	IfReplacement(('triangle.cpp.xml', 'if', 4), ('triangle.cpp.xml', 'stmt', 17))
2023-12-15 12:55:16,411	[INFO]	23      SUCCESS               1205550 (100.0%) [1 edit(s)] 
2023-12-15 12:55:16,567	[DEBUG]	DeclStmtDeletion(('triangle.cpp.xml', 'decl_stmt', 1))
2023-12-15 12:55:16,567	[INFO]	24      COMPILE_CODE_ERROR    None  [1 edit(s)]       
2023-12-15 12:55:17,324	[DEBUG]	ExprStmtInsertion(('triangle.cpp.xml', '_inter_block', 11), ('triangle.cpp.xml', 'expr_stmt', 4))
2023-12-15 12:55:17,325	[INFO]	25      TEST_CODE_ERROR       None  [1 edit(s)]       
2023-12-15 12:55:18,136	[DEBUG]	ReturnInsertion(('triangle.cpp.xml', '_inter_block', 10), ('triangle.cpp.xml', 'return', 0))
2023-12-15 12:55:18,136	[INFO]	26      TEST_CODE_ERROR       None  [1 edit(s)]       
2023-12-15 12:55:19,106	[DEBUG]	EXEC>  SUCCESS 1451078
2023-12-15 12:55:19,106	[DEBUG]	IfInsertion(('triangle.cpp.xml', '_inter_block', 14), ('triangle.cpp.xml', 'if', 3))
2023-12-15 12:55:19,107	[INFO]	27      SUCCESS               1451078 (120.37%) [1 edit(s)] 
2023-12-15 12:55:19,108	[DEBUG]	ReturnReplacement(('triangle.cpp.xml', 'return', 3), ('triangle.cpp.xml', 'stmt', 22))
2023-12-15 12:55:19,108	[INFO]	28      SUCCESS               1205550 (100.0%) [1 edit(s)] 
2023-12-15 12:55:20,106	[DEBUG]	EXEC>  SUCCESS 1205183
2023-12-15 12:55:20,106	[DEBUG]	IfDeletion(('triangle.cpp.xml', 'if', 0))
2023-12-15 12:55:20,107	[INFO]	29      SUCCESS               1205183 (99.97%) [1 edit(s)] 
2023-12-15 12:55:20,268	[DEBUG]	DeclStmtReplacement(('triangle.cpp.xml', 'decl_stmt', 1), ('triangle.cpp.xml', 'stmt', 16))
2023-12-15 12:55:20,269	[INFO]	30      COMPILE_CODE_ERROR    None  [1 edit(s)]       
2023-12-15 12:55:21,025	[DEBUG]	ReturnInsertion(('triangle.cpp.xml', '_inter_block', 8), ('triangle.cpp.xml', 'return', 2))
2023-12-15 12:55:21,026	[INFO]	31      TEST_CODE_ERROR       None  [1 edit(s)]       
2023-12-15 12:55:21,177	[DEBUG]	DeclStmtReplacement(('triangle.cpp.xml', 'decl_stmt', 1), ('triangle.cpp.xml', 'stmt', 15))
2023-12-15 12:55:21,178	[INFO]	32      COMPILE_CODE_ERROR    None  [1 edit(s)]       
2023-12-15 12:55:21,314	[DEBUG]	DeclStmtReplacement(('triangle.cpp.xml', 'decl_stmt', 0), ('triangle.cpp.xml', 'stmt', 12))
2023-12-15 12:55:21,315	[INFO]	33      COMPILE_CODE_ERROR    None  [1 edit(s)]       
2023-12-15 12:55:22,115	[DEBUG]	ReturnDeletion(('triangle.cpp.xml', 'return', 1))
2023-12-15 12:55:22,116	[INFO]	34      TEST_CODE_ERROR       None  [1 edit(s)]       
2023-12-15 12:55:22,261	[DEBUG]	IfInsertion(('triangle.cpp.xml', '_inter_block', 2), ('triangle.cpp.xml', 'if', 1))
2023-12-15 12:55:22,261	[INFO]	35      COMPILE_CODE_ERROR    None  [1 edit(s)]       
2023-12-15 12:55:23,017	[DEBUG]	ReturnDeletion(('triangle.cpp.xml', 'return', 2))
2023-12-15 12:55:23,017	[INFO]	36      TEST_CODE_ERROR       None  [1 edit(s)]       
2023-12-15 12:55:23,992	[DEBUG]	EXEC>  SUCCESS 1205740
2023-12-15 12:55:23,993	[DEBUG]	IfInsertion(('triangle.cpp.xml', '_inter_block', 7), ('triangle.cpp.xml', 'if', 1))
2023-12-15 12:55:23,993	[INFO]	37      SUCCESS               1205740 (100.02%) [1 edit(s)] 
2023-12-15 12:55:24,773	[DEBUG]	IfReplacement(('triangle.cpp.xml', 'if', 0), ('triangle.cpp.xml', 'stmt', 8))
2023-12-15 12:55:24,774	[INFO]	38      TEST_CODE_ERROR       None  [1 edit(s)]       
2023-12-15 12:55:25,727	[DEBUG]	EXEC>  SUCCESS 1205597
2023-12-15 12:55:25,728	[DEBUG]	ExprStmtInsertion(('triangle.cpp.xml', '_inter_block', 15), ('triangle.cpp.xml', 'expr_stmt', 6))
2023-12-15 12:55:25,728	[INFO]	39      SUCCESS               1205597 (100.0%) [1 edit(s)] 
2023-12-15 12:55:26,535	[DEBUG]	ReturnDeletion(('triangle.cpp.xml', 'return', 2))
2023-12-15 12:55:26,536	[INFO]	40      TEST_CODE_ERROR       None  [1 edit(s)]       
2023-12-15 12:55:27,542	[DEBUG]	EXEC>  SUCCESS 1205583
2023-12-15 12:55:27,543	[DEBUG]	ExprStmtReplacement(('triangle.cpp.xml', 'expr_stmt', 6), ('triangle.cpp.xml', 'stmt', 15))
2023-12-15 12:55:27,543	[INFO]	41      SUCCESS               1205583 (100.0%) [1 edit(s)] 
2023-12-15 12:55:28,578	[DEBUG]	EXEC>  SUCCESS 1206549
2023-12-15 12:55:28,579	[DEBUG]	IfReplacement(('triangle.cpp.xml', 'if', 1), ('triangle.cpp.xml', 'stmt', 3))
2023-12-15 12:55:28,579	[INFO]	42      SUCCESS               1206549 (100.08%) [1 edit(s)] 
2023-12-15 12:55:29,392	[DEBUG]	IfDeletion(('triangle.cpp.xml', 'if', 3))
2023-12-15 12:55:29,392	[INFO]	43      TEST_CODE_ERROR       None  [1 edit(s)]       
2023-12-15 12:55:30,235	[DEBUG]	IfReplacement(('triangle.cpp.xml', 'if', 4), ('triangle.cpp.xml', 'stmt', 21))
2023-12-15 12:55:30,235	[INFO]	44      TEST_CODE_ERROR       None  [1 edit(s)]       
2023-12-15 12:55:30,366	[DEBUG]	DeclStmtReplacement(('triangle.cpp.xml', 'decl_stmt', 1), ('triangle.cpp.xml', 'stmt', 6))
2023-12-15 12:55:30,366	[INFO]	45      COMPILE_CODE_ERROR    None  [1 edit(s)]       
2023-12-15 12:55:31,142	[DEBUG]	ReturnInsertion(('triangle.cpp.xml', '_inter_block', 14), ('triangle.cpp.xml', 'return', 1))
2023-12-15 12:55:31,142	[INFO]	46      TEST_CODE_ERROR       None  [1 edit(s)]       
2023-12-15 12:55:31,288	[DEBUG]	DeclStmtInsertion(('triangle.cpp.xml', '_inter_block', 7), ('triangle.cpp.xml', 'decl_stmt', 1))
2023-12-15 12:55:31,288	[INFO]	47      COMPILE_CODE_ERROR    None  [1 edit(s)]       
2023-12-15 12:55:31,423	[DEBUG]	DeclStmtDeletion(('triangle.cpp.xml', 'decl_stmt', 1))
2023-12-15 12:55:31,423	[INFO]	48      COMPILE_CODE_ERROR    None  [1 edit(s)]       
2023-12-15 12:55:32,208	[DEBUG]	ExprStmtReplacement(('triangle.cpp.xml', 'expr_stmt', 4), ('triangle.cpp.xml', 'stmt', 5))
2023-12-15 12:55:32,209	[INFO]	49      TEST_CODE_ERROR       None  [1 edit(s)]       
2023-12-15 12:55:33,175	[DEBUG]	EXEC>  SUCCESS 1205289
2023-12-15 12:55:33,175	[DEBUG]	IfDeletion(('triangle.cpp.xml', 'if', 1))
2023-12-15 12:55:33,176	[INFO]	50      SUCCESS               1205289 (99.98%) [1 edit(s)] 
2023-12-15 12:55:33,953	[DEBUG]	IfDeletion(('triangle.cpp.xml', 'if', 4))
2023-12-15 12:55:33,954	[INFO]	51      TEST_CODE_ERROR       None  [1 edit(s)]       
2023-12-15 12:55:34,743	[DEBUG]	IfReplacement(('triangle.cpp.xml', 'if', 0), ('triangle.cpp.xml', 'stmt', 19))
2023-12-15 12:55:34,743	[INFO]	52      TEST_CODE_ERROR       None  [1 edit(s)]       
2023-12-15 12:55:35,694	[DEBUG]	EXEC>  SUCCESS 1205695
2023-12-15 12:55:35,694	[DEBUG]	IfInsertion(('triangle.cpp.xml', '_inter_block', 17), ('triangle.cpp.xml', 'if', 4))
2023-12-15 12:55:35,695	[INFO]	53      SUCCESS               1205695 (100.01%) [1 edit(s)] 
2023-12-15 12:55:36,462	[DEBUG]	ReturnDeletion(('triangle.cpp.xml', 'return', 0))
2023-12-15 12:55:36,462	[INFO]	54      TEST_CODE_ERROR       None  [1 edit(s)]       
2023-12-15 12:55:36,605	[DEBUG]	DeclStmtDeletion(('triangle.cpp.xml', 'decl_stmt', 0))
2023-12-15 12:55:36,605	[INFO]	55      COMPILE_CODE_ERROR    None  [1 edit(s)]       
2023-12-15 12:55:37,554	[DEBUG]	EXEC>  SUCCESS 1205550
2023-12-15 12:55:37,555	[DEBUG]	DeclStmtInsertion(('triangle.cpp.xml', '_inter_block', 29), ('triangle.cpp.xml', 'decl_stmt', 0))
2023-12-15 12:55:37,555	[INFO]	56      SUCCESS               1205550 (100.0%) [1 edit(s)] 
2023-12-15 12:55:38,377	[DEBUG]	ExprStmtReplacement(('triangle.cpp.xml', 'expr_stmt', 3), ('triangle.cpp.xml', 'stmt', 12))
2023-12-15 12:55:38,377	[INFO]	57      TEST_CODE_ERROR       None  [1 edit(s)]       
2023-12-15 12:55:38,527	[DEBUG]	DeclStmtDeletion(('triangle.cpp.xml', 'decl_stmt', 0))
2023-12-15 12:55:38,527	[INFO]	58      COMPILE_CODE_ERROR    None  [1 edit(s)]       
2023-12-15 12:55:38,662	[DEBUG]	ExprStmtInsertion(('triangle.cpp.xml', '_inter_block', 2), ('triangle.cpp.xml', 'expr_stmt', 10))
2023-12-15 12:55:38,663	[INFO]	59      COMPILE_CODE_ERROR    None  [1 edit(s)]       
2023-12-15 12:55:38,784	[DEBUG]	DeclStmtReplacement(('triangle.cpp.xml', 'decl_stmt', 0), ('triangle.cpp.xml', 'stmt', 14))
2023-12-15 12:55:38,784	[INFO]	60      COMPILE_CODE_ERROR    None  [1 edit(s)]       
2023-12-15 12:55:39,578	[DEBUG]	ReturnDeletion(('triangle.cpp.xml', 'return', 3))
2023-12-15 12:55:39,578	[INFO]	61      TEST_CODE_ERROR       None  [1 edit(s)]       
2023-12-15 12:55:39,716	[DEBUG]	DeclStmtInsertion(('triangle.cpp.xml', '_inter_block', 8), ('triangle.cpp.xml', 'decl_stmt', 1))
2023-12-15 12:55:39,717	[INFO]	62      COMPILE_CODE_ERROR    None  [1 edit(s)]       
2023-12-15 12:55:40,490	[DEBUG]	ReturnReplacement(('triangle.cpp.xml', 'return', 2), ('triangle.cpp.xml', 'stmt', 19))
2023-12-15 12:55:40,490	[INFO]	63      TEST_CODE_ERROR       None  [1 edit(s)]       
2023-12-15 12:55:40,625	[DEBUG]	DeclStmtInsertion(('triangle.cpp.xml', '_inter_block', 10), ('triangle.cpp.xml', 'decl_stmt', 1))
2023-12-15 12:55:40,626	[INFO]	64      COMPILE_CODE_ERROR    None  [1 edit(s)]       
2023-12-15 12:55:41,404	[DEBUG]	ReturnDeletion(('triangle.cpp.xml', 'return', 1))
2023-12-15 12:55:41,404	[INFO]	65      TEST_CODE_ERROR       None  [1 edit(s)]       
2023-12-15 12:55:42,224	[DEBUG]	ExprStmtReplacement(('triangle.cpp.xml', 'expr_stmt', 5), ('triangle.cpp.xml', 'stmt', 3))
2023-12-15 12:55:42,224	[INFO]	66      TEST_CODE_ERROR       None  [1 edit(s)]       
2023-12-15 12:55:43,208	[DEBUG]	EXEC>  SUCCESS 1205676
2023-12-15 12:55:43,209	[DEBUG]	ExprStmtInsertion(('triangle.cpp.xml', '_inter_block', 9), ('triangle.cpp.xml', 'expr_stmt', 2))
2023-12-15 12:55:43,209	[INFO]	67      SUCCESS               1205676 (100.01%) [1 edit(s)] 
2023-12-15 12:55:43,982	[DEBUG]	ReturnInsertion(('triangle.cpp.xml', '_inter_block', 23), ('triangle.cpp.xml', 'return', 1))
2023-12-15 12:55:43,982	[INFO]	68      TEST_CODE_ERROR       None  [1 edit(s)]       
2023-12-15 12:55:44,770	[DEBUG]	ReturnInsertion(('triangle.cpp.xml', '_inter_block', 16), ('triangle.cpp.xml', 'return', 0))
2023-12-15 12:55:44,771	[INFO]	69      TEST_CODE_ERROR       None  [1 edit(s)]       
2023-12-15 12:55:44,930	[DEBUG]	DeclStmtDeletion(('triangle.cpp.xml', 'decl_stmt', 1))
2023-12-15 12:55:44,931	[INFO]	70      COMPILE_CODE_ERROR    None  [1 edit(s)]       
2023-12-15 12:55:45,878	[DEBUG]	EXEC>  SUCCESS 1205551
2023-12-15 12:55:45,879	[DEBUG]	IfInsertion(('triangle.cpp.xml', '_inter_block', 13), ('triangle.cpp.xml', 'if', 0))
2023-12-15 12:55:45,880	[INFO]	71      SUCCESS               1205551 (100.0%) [1 edit(s)] 
2023-12-15 12:55:46,684	[DEBUG]	ReturnInsertion(('triangle.cpp.xml', '_inter_block', 6), ('triangle.cpp.xml', 'return', 3))
2023-12-15 12:55:46,685	[INFO]	72      TEST_CODE_ERROR       None  [1 edit(s)]       
2023-12-15 12:55:46,825	[DEBUG]	ExprStmtInsertion(('triangle.cpp.xml', '_inter_block', 26), ('triangle.cpp.xml', 'expr_stmt', 0))
2023-12-15 12:55:46,825	[INFO]	73      COMPILE_CODE_ERROR    None  [1 edit(s)]       
2023-12-15 12:55:47,600	[DEBUG]	ReturnDeletion(('triangle.cpp.xml', 'return', 3))
2023-12-15 12:55:47,601	[INFO]	74      TEST_CODE_ERROR       None  [1 edit(s)]       
2023-12-15 12:55:47,733	[DEBUG]	DeclStmtReplacement(('triangle.cpp.xml', 'decl_stmt', 1), ('triangle.cpp.xml', 'stmt', 20))
2023-12-15 12:55:47,733	[INFO]	75      COMPILE_CODE_ERROR    None  [1 edit(s)]       
2023-12-15 12:55:48,506	[DEBUG]	IfReplacement(('triangle.cpp.xml', 'if', 5), ('triangle.cpp.xml', 'stmt', 22))
2023-12-15 12:55:48,507	[INFO]	76      TEST_CODE_ERROR       None  [1 edit(s)]       
2023-12-15 12:55:49,466	[DEBUG]	EXEC>  SUCCESS 1205550
2023-12-15 12:55:49,467	[DEBUG]	ExprStmtInsertion(('triangle.cpp.xml', '_inter_block', 13), ('triangle.cpp.xml', 'expr_stmt', 1))
2023-12-15 12:55:49,467	[INFO]	77      SUCCESS               1205550 (100.0%) [1 edit(s)] 
2023-12-15 12:55:49,629	[DEBUG]	DeclStmtReplacement(('triangle.cpp.xml', 'decl_stmt', 1), ('triangle.cpp.xml', 'stmt', 5))
2023-12-15 12:55:49,630	[INFO]	78      COMPILE_CODE_ERROR    None  [1 edit(s)]       
2023-12-15 12:55:50,626	[DEBUG]	EXEC>  SUCCESS 1205598
2023-12-15 12:55:50,627	[DEBUG]	DeclStmtInsertion(('triangle.cpp.xml', '_inter_block', 15), ('triangle.cpp.xml', 'decl_stmt', 0))
2023-12-15 12:55:50,627	[INFO]	79      SUCCESS               1205598 (100.0%) [1 edit(s)] 
2023-12-15 12:55:51,407	[DEBUG]	ReturnInsertion(('triangle.cpp.xml', '_inter_block', 12), ('triangle.cpp.xml', 'return', 1))
2023-12-15 12:55:51,407	[INFO]	80      TEST_CODE_ERROR       None  [1 edit(s)]       
2023-12-15 12:55:52,194	[DEBUG]	IfReplacement(('triangle.cpp.xml', 'if', 5), ('triangle.cpp.xml', 'stmt', 12))
2023-12-15 12:55:52,194	[INFO]	81      TEST_CODE_ERROR       None  [1 edit(s)]       
2023-12-15 12:55:53,197	[DEBUG]	EXEC>  SUCCESS 1252872
2023-12-15 12:55:53,197	[DEBUG]	IfInsertion(('triangle.cpp.xml', '_inter_block', 21), ('triangle.cpp.xml', 'if', 0))
2023-12-15 12:55:53,198	[INFO]	82      SUCCESS               1252872 (103.93%) [1 edit(s)] 
2023-12-15 12:55:54,036	[DEBUG]	ExprStmtDeletion(('triangle.cpp.xml', 'expr_stmt', 10))
2023-12-15 12:55:54,037	[INFO]	83      TEST_CODE_ERROR       None  [1 edit(s)]       
2023-12-15 12:55:54,835	[DEBUG]	IfReplacement(('triangle.cpp.xml', 'if', 5), ('triangle.cpp.xml', 'stmt', 8))
2023-12-15 12:55:54,836	[INFO]	84      TEST_CODE_ERROR       None  [1 edit(s)]       
2023-12-15 12:55:54,986	[DEBUG]	DeclStmtDeletion(('triangle.cpp.xml', 'decl_stmt', 0))
2023-12-15 12:55:54,987	[INFO]	85      COMPILE_CODE_ERROR    None  [1 edit(s)]       
2023-12-15 12:55:55,959	[DEBUG]	EXEC>  SUCCESS 1205551
2023-12-15 12:55:55,960	[DEBUG]	ExprStmtInsertion(('triangle.cpp.xml', '_inter_block', 27), ('triangle.cpp.xml', 'expr_stmt', 3))
2023-12-15 12:55:55,961	[INFO]	86      SUCCESS               1205551 (100.0%) [1 edit(s)] 
2023-12-15 12:55:56,117	[DEBUG]	DeclStmtReplacement(('triangle.cpp.xml', 'decl_stmt', 0), ('triangle.cpp.xml', 'stmt', 18))
2023-12-15 12:55:56,118	[INFO]	87      COMPILE_CODE_ERROR    None  [1 edit(s)]       
2023-12-15 12:55:56,938	[DEBUG]	ReturnReplacement(('triangle.cpp.xml', 'return', 0), ('triangle.cpp.xml', 'stmt', 15))
2023-12-15 12:55:56,938	[INFO]	88      TEST_CODE_ERROR       None  [1 edit(s)]       
2023-12-15 12:55:57,727	[DEBUG]	ExprStmtReplacement(('triangle.cpp.xml', 'expr_stmt', 3), ('triangle.cpp.xml', 'stmt', 18))
2023-12-15 12:55:57,727	[INFO]	89      TEST_CODE_ERROR       None  [1 edit(s)]       
2023-12-15 12:55:58,721	[DEBUG]	EXEC>  SUCCESS 1205549
2023-12-15 12:55:58,721	[DEBUG]	DeclStmtInsertion(('triangle.cpp.xml', '_inter_block', 14), ('triangle.cpp.xml', 'decl_stmt', 1))
2023-12-15 12:55:58,722	[INFO]	90      SUCCESS               1205549 (100.0%) [1 edit(s)] 
2023-12-15 12:55:58,865	[DEBUG]	DeclStmtDeletion(('triangle.cpp.xml', 'decl_stmt', 0))
2023-12-15 12:55:58,865	[INFO]	91      COMPILE_CODE_ERROR    None  [1 edit(s)]       
2023-12-15 12:55:59,640	[DEBUG]	ReturnDeletion(('triangle.cpp.xml', 'return', 3))
2023-12-15 12:55:59,640	[INFO]	92      TEST_CODE_ERROR       None  [1 edit(s)]       
2023-12-15 12:56:00,608	[DEBUG]	EXEC>  SUCCESS 1205568
2023-12-15 12:56:00,608	[DEBUG]	DeclStmtInsertion(('triangle.cpp.xml', '_inter_block', 28), ('triangle.cpp.xml', 'decl_stmt', 0))
2023-12-15 12:56:00,609	[INFO]	93      SUCCESS               1205568 (100.0%) [1 edit(s)] 
2023-12-15 12:56:00,610	[INFO]	==== END ====
2023-12-15 12:56:00,610	[INFO]	
2023-12-15 12:56:00,611	[INFO]	==== REPORT ====
2023-12-15 12:56:00,611	[INFO]	Termination: time budget
2023-12-15 12:56:00,612	[INFO]	Log file: /cs/student/ug/2020/damibose/projects/magpie/_magpie_logs/triangle-cpp_slow_1702644893.log
2023-12-15 12:56:00,614	[INFO]	Patch file: _magpie_logs/triangle-cpp_slow_1702644893.patch
2023-12-15 12:56:00,614	[INFO]	Diff file: _magpie_logs/triangle-cpp_slow_1702644893.diff
2023-12-15 12:56:00,614	[INFO]	Best fitness: 1203646
2023-12-15 12:56:00,615	[INFO]	Best patch: ExprStmtDeletion(('triangle.cpp.xml', 'expr_stmt', 0))
2023-12-15 12:56:00,616	[INFO]	Diff:
--- before: triangle.cpp
+++ after: triangle.cpp
@@ -2,7 +2,7 @@
 
 void delay() {
   const struct timespec ms = {0, (long int) (0.001*1e9)}; //tv_sec=0, tv_nsec (0.001 seconds)
-  nanosleep(&ms,NULL); /*ignores possible errors*/
+   /*ignores possible errors*/
 }
 
 int classify_triangle(double a, double b, double c) {

