2024-01-16 00:53:04,259	[DEBUG]	==== CONFIG ====
[magpie]
import = 
seed = 1
log_dir = _magpie_logs
work_dir = _magpie_work
final_out_dir = experiments/results/RandomSearch/UniformSelector/trial_1
local_original_copy = True
local_original_name = __original__
output_encoding = ascii
edit_retries = 10
default_timeout = 30
default_lengthout = 10000.0
diff_method = unified
trust_local_filesystem = True

[software]
path = examples/code/triangle-cpp_slow
target_files = 
	triangle.cpp.xml
program = BasicProgram
engine_rules = 
	*.params : ConfigFileParamsEngine
	*.xml : SrcmlEngine
	* : LineEngine
engine_config = 
	*.params : [params]
	*.xml : [srcml]
init_cmd = 
init_timeout = 60
init_lengthout = -1
setup_cmd = ./setup.sh
setup_timeout = 
setup_lengthout = 
compile_cmd = ./compile.sh
compile_timeout = 
compile_lengthout = 
test_cmd = ./build/test_triangle
test_timeout = 
test_lengthout = 
run_cmd = ./build/run_triangle
run_timeout = 1
run_lengthout = 
batch_timeout = 
batch_lengthout = 
batch_bin_fitness_strategy = aggregate
batch_fitness_strategy = sum
fitness = time

[srcml]
rename = 
	stmt: break continue decl_stmt do expr_stmt for goto if return switch while
	number: literal_number
focus = block stmt operator_comp operator_arith number
internodes = block
process_pseudo_blocks = True
process_literals = True
process_operators = True

[params]
timing = test run
cli_prefix = --
cli_glue = =
cli_boolean = show
cli_boolean_prefix_true = 
cli_boolean_prefix_false = no-
silent_prefix = @
silent_suffix = $

[search]
protocol = BasicProtocol
algorithm = RandomSearch
possible_edits = 
	StmtReplacement
	StmtInsertion
	StmtDeletion
warmup = 1
warmup_strategy = median
max_steps = 100
max_time = 
target_fitness = 
cache_maxsize = 40
cache_keep = 0.2
batch_instances = 
batch_shuffle = True
batch_bin_shuffle = False
batch_sample_size = 1
operator_selector = UniformSelector
c = 1.4

[search.ls]
delete_prob = 0.5
max_neighbours = 
when_trapped = continue
accept_fail = False
tabu_length = 10

[search.gp]
pop_size = 10
delete_prob = 0.5
offspring_elitism = 0.1
offspring_crossover = 0.5
offspring_mutation = 0.4
uniform_rate = 0.5
batch_reset = True

[search.minify]
do_cleanup = True
do_rebuild = True
do_simplify = True
round_robin_limit = 3


2024-01-16 00:53:04,267	[INFO]	==== WARMUP ====
2024-01-16 00:53:06,865	[DEBUG]	EXEC>  SUCCESS 0.0972
2024-01-16 00:53:06,866	[INFO]	WARM    SUCCESS               0.0972                  
2024-01-16 00:53:06,867	[INFO]	INITIAL SUCCESS               0.0972                  
2024-01-16 00:53:06,867	[INFO]	==== START: RandomSearch ====
2024-01-16 00:53:07,684	[DEBUG]	StmtReplacement(('triangle.cpp.xml', 'stmt', 19), ('triangle.cpp.xml', 'stmt', 11))
2024-01-16 00:53:07,685	[INFO]	1       TEST_CODE_ERROR       None  [1 edit(s)]       
2024-01-16 00:53:08,585	[DEBUG]	EXEC>  SUCCESS 0.0966
2024-01-16 00:53:08,586	[DEBUG]	StmtInsertion(('triangle.cpp.xml', '_inter_block', 9), ('triangle.cpp.xml', 'stmt', 8))
2024-01-16 00:53:08,587	[INFO]	2       SUCCESS              *0.0966 (99.38%) [1 edit(s)] 
2024-01-16 00:53:08,588	[DEBUG]	--- before: triangle.cpp
+++ after: triangle.cpp
@@ -7,6 +7,11 @@
 
 int classify_triangle(double a, double b, double c) {
   double tmp;
+  if(a > c) {
+    tmp = a;
+    a = c;
+    c = tmp;
+  }
 
   delay();
 

2024-01-16 00:53:09,379	[DEBUG]	StmtDeletion(('triangle.cpp.xml', 'stmt', 5))
2024-01-16 00:53:09,379	[INFO]	3       TEST_CODE_ERROR       None  [1 edit(s)]       
2024-01-16 00:53:10,347	[DEBUG]	StmtDeletion(('triangle.cpp.xml', 'stmt', 10))
2024-01-16 00:53:10,347	[INFO]	4       TEST_CODE_ERROR       None  [1 edit(s)]       
2024-01-16 00:53:10,534	[DEBUG]	StmtReplacement(('triangle.cpp.xml', 'stmt', 1), ('triangle.cpp.xml', 'stmt', 7))
2024-01-16 00:53:10,534	[INFO]	5       COMPILE_CODE_ERROR    None  [1 edit(s)]       
2024-01-16 00:53:11,358	[DEBUG]	StmtReplacement(('triangle.cpp.xml', 'stmt', 17), ('triangle.cpp.xml', 'stmt', 8))
2024-01-16 00:53:11,359	[INFO]	6       TEST_CODE_ERROR       None  [1 edit(s)]       
2024-01-16 00:53:12,146	[DEBUG]	StmtInsertion(('triangle.cpp.xml', '_inter_block', 8), ('triangle.cpp.xml', 'stmt', 21))
2024-01-16 00:53:12,146	[INFO]	7       TEST_CODE_ERROR       None  [1 edit(s)]       
2024-01-16 00:53:12,972	[DEBUG]	StmtInsertion(('triangle.cpp.xml', '_inter_block', 12), ('triangle.cpp.xml', 'stmt', 7))
2024-01-16 00:53:12,973	[INFO]	8       TEST_CODE_ERROR       None  [1 edit(s)]       
2024-01-16 00:53:13,880	[DEBUG]	EXEC>  SUCCESS 0.0979
2024-01-16 00:53:13,881	[DEBUG]	StmtInsertion(('triangle.cpp.xml', '_inter_block', 13), ('triangle.cpp.xml', 'stmt', 8))
2024-01-16 00:53:13,881	[INFO]	9       SUCCESS               0.0979 (100.72%) [1 edit(s)] 
2024-01-16 00:53:14,035	[DEBUG]	StmtDeletion(('triangle.cpp.xml', 'stmt', 2))
2024-01-16 00:53:14,035	[INFO]	10      COMPILE_CODE_ERROR    None  [1 edit(s)]       
2024-01-16 00:53:14,167	[DEBUG]	StmtInsertion(('triangle.cpp.xml', '_inter_block', 4), ('triangle.cpp.xml', 'stmt', 22))
2024-01-16 00:53:14,168	[INFO]	11      COMPILE_CODE_ERROR    None  [1 edit(s)]       
2024-01-16 00:53:14,987	[DEBUG]	StmtReplacement(('triangle.cpp.xml', 'stmt', 6), ('triangle.cpp.xml', 'stmt', 0))
2024-01-16 00:53:14,988	[INFO]	12      TEST_CODE_ERROR       None  [1 edit(s)]       
2024-01-16 00:53:15,928	[DEBUG]	EXEC>  SUCCESS 0.0963
2024-01-16 00:53:15,928	[DEBUG]	StmtReplacement(('triangle.cpp.xml', 'stmt', 8), ('triangle.cpp.xml', 'stmt', 4))
2024-01-16 00:53:15,929	[INFO]	13      SUCCESS              *0.0963 (99.07%) [1 edit(s)] 
2024-01-16 00:53:15,931	[DEBUG]	--- before: triangle.cpp
+++ after: triangle.cpp
@@ -17,10 +17,10 @@
     b = tmp;
   }
 
-  if(a > c) {
+  if(a > b) {
     tmp = a;
-    a = c;
-    c = tmp;
+    a = b;
+    b = tmp;
   }
 
   if(b > c) {

2024-01-16 00:53:16,792	[DEBUG]	StmtReplacement(('triangle.cpp.xml', 'stmt', 4), ('triangle.cpp.xml', 'stmt', 7))
2024-01-16 00:53:16,792	[INFO]	14      TEST_CODE_ERROR       None  [1 edit(s)]       
2024-01-16 00:53:17,616	[DEBUG]	StmtReplacement(('triangle.cpp.xml', 'stmt', 14), ('triangle.cpp.xml', 'stmt', 16))
2024-01-16 00:53:17,616	[INFO]	15      TEST_CODE_ERROR       None  [1 edit(s)]       
2024-01-16 00:53:18,401	[DEBUG]	StmtReplacement(('triangle.cpp.xml', 'stmt', 5), ('triangle.cpp.xml', 'stmt', 17))
2024-01-16 00:53:18,401	[INFO]	16      TEST_CODE_ERROR       None  [1 edit(s)]       
2024-01-16 00:53:19,205	[DEBUG]	StmtDeletion(('triangle.cpp.xml', 'stmt', 18))
2024-01-16 00:53:19,206	[INFO]	17      TEST_CODE_ERROR       None  [1 edit(s)]       
2024-01-16 00:53:20,055	[DEBUG]	StmtDeletion(('triangle.cpp.xml', 'stmt', 11))
2024-01-16 00:53:20,055	[INFO]	18      TEST_CODE_ERROR       None  [1 edit(s)]       
2024-01-16 00:53:20,931	[DEBUG]	StmtDeletion(('triangle.cpp.xml', 'stmt', 13))
2024-01-16 00:53:20,931	[INFO]	19      TEST_CODE_ERROR       None  [1 edit(s)]       
2024-01-16 00:53:21,796	[DEBUG]	StmtReplacement(('triangle.cpp.xml', 'stmt', 15), ('triangle.cpp.xml', 'stmt', 6))
2024-01-16 00:53:21,796	[INFO]	20      TEST_CODE_ERROR       None  [1 edit(s)]       
2024-01-16 00:53:22,661	[DEBUG]	StmtDeletion(('triangle.cpp.xml', 'stmt', 7))
2024-01-16 00:53:22,661	[INFO]	21      TEST_CODE_ERROR       None  [1 edit(s)]       
2024-01-16 00:53:22,816	[DEBUG]	StmtReplacement(('triangle.cpp.xml', 'stmt', 1), ('triangle.cpp.xml', 'stmt', 14))
2024-01-16 00:53:22,816	[INFO]	22      COMPILE_CODE_ERROR    None  [1 edit(s)]       
2024-01-16 00:53:23,679	[DEBUG]	StmtDeletion(('triangle.cpp.xml', 'stmt', 12))
2024-01-16 00:53:23,680	[INFO]	23      TEST_CODE_ERROR       None  [1 edit(s)]       
2024-01-16 00:53:24,581	[DEBUG]	EXEC>  SUCCESS 0.0972
2024-01-16 00:53:24,582	[DEBUG]	StmtInsertion(('triangle.cpp.xml', '_inter_block', 26), ('triangle.cpp.xml', 'stmt', 13))
2024-01-16 00:53:24,583	[INFO]	24      SUCCESS               0.0972 (100.0%) [1 edit(s)] 
2024-01-16 00:53:25,408	[DEBUG]	StmtReplacement(('triangle.cpp.xml', 'stmt', 10), ('triangle.cpp.xml', 'stmt', 13))
2024-01-16 00:53:25,408	[INFO]	25      TEST_CODE_ERROR       None  [1 edit(s)]       
2024-01-16 00:53:26,346	[DEBUG]	EXEC>  SUCCESS 0.1058
2024-01-16 00:53:26,347	[DEBUG]	StmtDeletion(('triangle.cpp.xml', 'stmt', 8))
2024-01-16 00:53:26,348	[INFO]	26      SUCCESS               0.1058 (108.85%) [1 edit(s)] 
2024-01-16 00:53:27,221	[DEBUG]	EXEC>  SUCCESS 0.0969
2024-01-16 00:53:27,221	[DEBUG]	StmtInsertion(('triangle.cpp.xml', '_inter_block', 25), ('triangle.cpp.xml', 'stmt', 12))
2024-01-16 00:53:27,222	[INFO]	27      SUCCESS               0.0969 (99.69%) [1 edit(s)] 
2024-01-16 00:53:28,121	[DEBUG]	StmtDeletion(('triangle.cpp.xml', 'stmt', 21))
2024-01-16 00:53:28,121	[INFO]	28      TEST_CODE_ERROR       None  [1 edit(s)]       
2024-01-16 00:53:28,903	[DEBUG]	StmtReplacement(('triangle.cpp.xml', 'stmt', 5), ('triangle.cpp.xml', 'stmt', 3))
2024-01-16 00:53:28,904	[INFO]	29      TEST_CODE_ERROR       None  [1 edit(s)]       
2024-01-16 00:53:29,792	[DEBUG]	StmtReplacement(('triangle.cpp.xml', 'stmt', 9), ('triangle.cpp.xml', 'stmt', 8))
2024-01-16 00:53:29,792	[INFO]	30      TEST_CODE_ERROR       None  [1 edit(s)]       
2024-01-16 00:53:29,794	[DEBUG]	StmtInsertion(('triangle.cpp.xml', '_inter_block', 25), ('triangle.cpp.xml', 'stmt', 12))
2024-01-16 00:53:29,794	[INFO]	31      SUCCESS               0.0969 (99.69%) [1 edit(s)] 
2024-01-16 00:53:30,634	[DEBUG]	EXEC>  SUCCESS 0.0243
2024-01-16 00:53:30,634	[DEBUG]	StmtDeletion(('triangle.cpp.xml', 'stmt', 3))
2024-01-16 00:53:30,635	[INFO]	32      SUCCESS              *0.0243 (25.0%) [1 edit(s)] 
2024-01-16 00:53:30,636	[DEBUG]	--- before: triangle.cpp
+++ after: triangle.cpp
@@ -8,7 +8,7 @@
 int classify_triangle(double a, double b, double c) {
   double tmp;
 
-  delay();
+  
 
   // Sort the sides so that a <= b <= c
   if(a > b) {

2024-01-16 00:53:31,545	[DEBUG]	EXEC>  SUCCESS 0.0862
2024-01-16 00:53:31,546	[DEBUG]	StmtInsertion(('triangle.cpp.xml', '_inter_block', 24), ('triangle.cpp.xml', 'stmt', 15))
2024-01-16 00:53:31,547	[INFO]	33      SUCCESS               0.0862 (88.68%) [1 edit(s)] 
2024-01-16 00:53:31,676	[DEBUG]	StmtReplacement(('triangle.cpp.xml', 'stmt', 1), ('triangle.cpp.xml', 'stmt', 21))
2024-01-16 00:53:31,676	[INFO]	34      COMPILE_CODE_ERROR    None  [1 edit(s)]       
2024-01-16 00:53:32,456	[DEBUG]	StmtDeletion(('triangle.cpp.xml', 'stmt', 22))
2024-01-16 00:53:32,456	[INFO]	35      TEST_CODE_ERROR       None  [1 edit(s)]       
2024-01-16 00:53:33,276	[DEBUG]	StmtInsertion(('triangle.cpp.xml', '_inter_block', 28), ('triangle.cpp.xml', 'stmt', 17))
2024-01-16 00:53:33,276	[INFO]	36      TEST_CODE_ERROR       None  [1 edit(s)]       
2024-01-16 00:53:33,422	[DEBUG]	StmtInsertion(('triangle.cpp.xml', '_inter_block', 11), ('triangle.cpp.xml', 'stmt', 1))
2024-01-16 00:53:33,422	[INFO]	37      COMPILE_CODE_ERROR    None  [1 edit(s)]       
2024-01-16 00:53:34,233	[DEBUG]	StmtDeletion(('triangle.cpp.xml', 'stmt', 6))
2024-01-16 00:53:34,233	[INFO]	38      TEST_CODE_ERROR       None  [1 edit(s)]       
2024-01-16 00:53:35,065	[DEBUG]	StmtInsertion(('triangle.cpp.xml', '_inter_block', 13), ('triangle.cpp.xml', 'stmt', 10))
2024-01-16 00:53:35,065	[INFO]	39      TEST_CODE_ERROR       None  [1 edit(s)]       
2024-01-16 00:53:35,870	[DEBUG]	StmtDeletion(('triangle.cpp.xml', 'stmt', 13))
2024-01-16 00:53:35,871	[INFO]	40      TEST_CODE_ERROR       None  [1 edit(s)]       
2024-01-16 00:53:36,672	[DEBUG]	StmtInsertion(('triangle.cpp.xml', '_inter_block', 29), ('triangle.cpp.xml', 'stmt', 6))
2024-01-16 00:53:36,673	[INFO]	41      TEST_CODE_ERROR       None  [1 edit(s)]       
2024-01-16 00:53:37,480	[DEBUG]	StmtReplacement(('triangle.cpp.xml', 'stmt', 18), ('triangle.cpp.xml', 'stmt', 6))
2024-01-16 00:53:37,480	[INFO]	42      TEST_CODE_ERROR       None  [1 edit(s)]       
2024-01-16 00:53:37,637	[DEBUG]	StmtInsertion(('triangle.cpp.xml', '_inter_block', 7), ('triangle.cpp.xml', 'stmt', 9))
2024-01-16 00:53:37,637	[INFO]	43      COMPILE_CODE_ERROR    None  [1 edit(s)]       
2024-01-16 00:53:37,639	[DEBUG]	StmtDeletion(('triangle.cpp.xml', 'stmt', 3))
2024-01-16 00:53:37,639	[INFO]	44      SUCCESS               0.0243 (25.0%) [1 edit(s)] 
2024-01-16 00:53:38,409	[DEBUG]	StmtReplacement(('triangle.cpp.xml', 'stmt', 12), ('triangle.cpp.xml', 'stmt', 21))
2024-01-16 00:53:38,410	[INFO]	45      TEST_CODE_ERROR       None  [1 edit(s)]       
2024-01-16 00:53:38,557	[DEBUG]	StmtInsertion(('triangle.cpp.xml', '_inter_block', 7), ('triangle.cpp.xml', 'stmt', 4))
2024-01-16 00:53:38,558	[INFO]	46      COMPILE_CODE_ERROR    None  [1 edit(s)]       
2024-01-16 00:53:38,695	[DEBUG]	StmtDeletion(('triangle.cpp.xml', 'stmt', 2))
2024-01-16 00:53:38,695	[INFO]	47      COMPILE_CODE_ERROR    None  [1 edit(s)]       
2024-01-16 00:53:39,670	[DEBUG]	EXEC>  SUCCESS 0.1803
2024-01-16 00:53:39,671	[DEBUG]	StmtInsertion(('triangle.cpp.xml', '_inter_block', 11), ('triangle.cpp.xml', 'stmt', 3))
2024-01-16 00:53:39,672	[INFO]	48      SUCCESS               0.1803 (185.49%) [1 edit(s)] 
2024-01-16 00:53:40,523	[DEBUG]	StmtReplacement(('triangle.cpp.xml', 'stmt', 18), ('triangle.cpp.xml', 'stmt', 12))
2024-01-16 00:53:40,524	[INFO]	49      TEST_CODE_ERROR       None  [1 edit(s)]       
2024-01-16 00:53:41,417	[DEBUG]	EXEC>  SUCCESS 0.0973
2024-01-16 00:53:41,418	[DEBUG]	StmtInsertion(('triangle.cpp.xml', '_inter_block', 21), ('triangle.cpp.xml', 'stmt', 18))
2024-01-16 00:53:41,419	[INFO]	50      SUCCESS               0.0973 (100.1%) [1 edit(s)] 
2024-01-16 00:53:42,335	[DEBUG]	EXEC>  SUCCESS 0.1043
2024-01-16 00:53:42,336	[DEBUG]	StmtInsertion(('triangle.cpp.xml', '_inter_block', 31), ('triangle.cpp.xml', 'stmt', 11))
2024-01-16 00:53:42,336	[INFO]	51      SUCCESS               0.1043 (107.3%) [1 edit(s)] 
2024-01-16 00:53:43,155	[DEBUG]	StmtReplacement(('triangle.cpp.xml', 'stmt', 3), ('triangle.cpp.xml', 'stmt', 20))
2024-01-16 00:53:43,155	[INFO]	52      TEST_CODE_ERROR       None  [1 edit(s)]       
2024-01-16 00:53:43,983	[DEBUG]	StmtDeletion(('triangle.cpp.xml', 'stmt', 13))
2024-01-16 00:53:43,983	[INFO]	53      TEST_CODE_ERROR       None  [1 edit(s)]       
2024-01-16 00:53:44,911	[DEBUG]	EXEC>  SUCCESS 0.1043
2024-01-16 00:53:44,912	[DEBUG]	StmtInsertion(('triangle.cpp.xml', '_inter_block', 30), ('triangle.cpp.xml', 'stmt', 16))
2024-01-16 00:53:44,913	[INFO]	54      SUCCESS               0.1043 (107.3%) [1 edit(s)] 
2024-01-16 00:53:45,722	[DEBUG]	EXEC>  SUCCESS 0.027
2024-01-16 00:53:45,723	[DEBUG]	StmtDeletion(('triangle.cpp.xml', 'stmt', 1))
2024-01-16 00:53:45,723	[INFO]	55      SUCCESS               0.027 (27.78%) [1 edit(s)] 
2024-01-16 00:53:46,546	[DEBUG]	StmtDeletion(('triangle.cpp.xml', 'stmt', 10))
2024-01-16 00:53:46,546	[INFO]	56      TEST_CODE_ERROR       None  [1 edit(s)]       
2024-01-16 00:53:47,411	[DEBUG]	StmtReplacement(('triangle.cpp.xml', 'stmt', 19), ('triangle.cpp.xml', 'stmt', 21))
2024-01-16 00:53:47,411	[INFO]	57      TEST_CODE_ERROR       None  [1 edit(s)]       
2024-01-16 00:53:48,344	[DEBUG]	EXEC>  SUCCESS 0.1027
2024-01-16 00:53:48,345	[DEBUG]	StmtDeletion(('triangle.cpp.xml', 'stmt', 8))
2024-01-16 00:53:48,346	[INFO]	58      SUCCESS               0.1027 (105.66%) [1 edit(s)] 
2024-01-16 00:53:49,146	[DEBUG]	StmtDeletion(('triangle.cpp.xml', 'stmt', 12))
2024-01-16 00:53:49,146	[INFO]	59      TEST_CODE_ERROR       None  [1 edit(s)]       
2024-01-16 00:53:50,006	[DEBUG]	StmtDeletion(('triangle.cpp.xml', 'stmt', 22))
2024-01-16 00:53:50,006	[INFO]	60      TEST_CODE_ERROR       None  [1 edit(s)]       
2024-01-16 00:53:50,170	[DEBUG]	StmtReplacement(('triangle.cpp.xml', 'stmt', 2), ('triangle.cpp.xml', 'stmt', 3))
2024-01-16 00:53:50,170	[INFO]	61      COMPILE_CODE_ERROR    None  [1 edit(s)]       
2024-01-16 00:53:51,111	[DEBUG]	EXEC>  SUCCESS 0.1062
2024-01-16 00:53:51,112	[DEBUG]	StmtInsertion(('triangle.cpp.xml', '_inter_block', 34), ('triangle.cpp.xml', 'stmt', 7))
2024-01-16 00:53:51,113	[INFO]	62      SUCCESS               0.1062 (109.26%) [1 edit(s)] 
2024-01-16 00:53:51,980	[DEBUG]	StmtDeletion(('triangle.cpp.xml', 'stmt', 12))
2024-01-16 00:53:51,981	[INFO]	63      TEST_CODE_ERROR       None  [1 edit(s)]       
2024-01-16 00:53:52,800	[DEBUG]	StmtDeletion(('triangle.cpp.xml', 'stmt', 20))
2024-01-16 00:53:52,800	[INFO]	64      TEST_CODE_ERROR       None  [1 edit(s)]       
2024-01-16 00:53:53,682	[DEBUG]	StmtInsertion(('triangle.cpp.xml', '_inter_block', 10), ('triangle.cpp.xml', 'stmt', 10))
2024-01-16 00:53:53,682	[INFO]	65      TEST_CODE_ERROR       None  [1 edit(s)]       
2024-01-16 00:53:54,531	[DEBUG]	StmtReplacement(('triangle.cpp.xml', 'stmt', 8), ('triangle.cpp.xml', 'stmt', 6))
2024-01-16 00:53:54,531	[INFO]	66      TEST_CODE_ERROR       None  [1 edit(s)]       
2024-01-16 00:53:55,398	[DEBUG]	StmtDeletion(('triangle.cpp.xml', 'stmt', 10))
2024-01-16 00:53:55,399	[INFO]	67      TEST_CODE_ERROR       None  [1 edit(s)]       
2024-01-16 00:53:55,569	[DEBUG]	StmtInsertion(('triangle.cpp.xml', '_inter_block', 0), ('triangle.cpp.xml', 'stmt', 22))
2024-01-16 00:53:55,569	[INFO]	68      COMPILE_CODE_ERROR    None  [1 edit(s)]       
2024-01-16 00:53:56,391	[DEBUG]	StmtReplacement(('triangle.cpp.xml', 'stmt', 19), ('triangle.cpp.xml', 'stmt', 20))
2024-01-16 00:53:56,392	[INFO]	69      TEST_CODE_ERROR       None  [1 edit(s)]       
2024-01-16 00:53:57,255	[DEBUG]	StmtInsertion(('triangle.cpp.xml', '_inter_block', 23), ('triangle.cpp.xml', 'stmt', 21))
2024-01-16 00:53:57,255	[INFO]	70      TEST_CODE_ERROR       None  [1 edit(s)]       
2024-01-16 00:53:58,077	[DEBUG]	StmtReplacement(('triangle.cpp.xml', 'stmt', 9), ('triangle.cpp.xml', 'stmt', 7))
2024-01-16 00:53:58,078	[INFO]	71      TEST_CODE_ERROR       None  [1 edit(s)]       
2024-01-16 00:53:58,222	[DEBUG]	StmtInsertion(('triangle.cpp.xml', '_inter_block', 7), ('triangle.cpp.xml', 'stmt', 13))
2024-01-16 00:53:58,222	[INFO]	72      COMPILE_CODE_ERROR    None  [1 edit(s)]       
2024-01-16 00:53:59,030	[DEBUG]	StmtReplacement(('triangle.cpp.xml', 'stmt', 17), ('triangle.cpp.xml', 'stmt', 20))
2024-01-16 00:53:59,031	[INFO]	73      TEST_CODE_ERROR       None  [1 edit(s)]       
2024-01-16 00:53:59,032	[DEBUG]	StmtDeletion(('triangle.cpp.xml', 'stmt', 3))
2024-01-16 00:53:59,032	[INFO]	74      SUCCESS               0.0243 (25.0%) [1 edit(s)] 
2024-01-16 00:53:59,183	[DEBUG]	StmtInsertion(('triangle.cpp.xml', '_inter_block', 6), ('triangle.cpp.xml', 'stmt', 17))
2024-01-16 00:53:59,184	[INFO]	75      COMPILE_CODE_ERROR    None  [1 edit(s)]       
2024-01-16 00:54:00,005	[DEBUG]	StmtReplacement(('triangle.cpp.xml', 'stmt', 13), ('triangle.cpp.xml', 'stmt', 16))
2024-01-16 00:54:00,006	[INFO]	76      TEST_CODE_ERROR       None  [1 edit(s)]       
2024-01-16 00:54:00,834	[DEBUG]	StmtReplacement(('triangle.cpp.xml', 'stmt', 7), ('triangle.cpp.xml', 'stmt', 18))
2024-01-16 00:54:00,834	[INFO]	77      TEST_CODE_ERROR       None  [1 edit(s)]       
2024-01-16 00:54:01,684	[DEBUG]	StmtInsertion(('triangle.cpp.xml', '_inter_block', 19), ('triangle.cpp.xml', 'stmt', 17))
2024-01-16 00:54:01,684	[INFO]	78      TEST_CODE_ERROR       None  [1 edit(s)]       
2024-01-16 00:54:02,498	[DEBUG]	StmtDeletion(('triangle.cpp.xml', 'stmt', 17))
2024-01-16 00:54:02,498	[INFO]	79      TEST_CODE_ERROR       None  [1 edit(s)]       
2024-01-16 00:54:03,346	[DEBUG]	StmtReplacement(('triangle.cpp.xml', 'stmt', 10), ('triangle.cpp.xml', 'stmt', 18))
2024-01-16 00:54:03,347	[INFO]	80      TEST_CODE_ERROR       None  [1 edit(s)]       
2024-01-16 00:54:04,140	[DEBUG]	StmtDeletion(('triangle.cpp.xml', 'stmt', 15))
2024-01-16 00:54:04,140	[INFO]	81      TEST_CODE_ERROR       None  [1 edit(s)]       
2024-01-16 00:54:04,290	[DEBUG]	StmtReplacement(('triangle.cpp.xml', 'stmt', 0), ('triangle.cpp.xml', 'stmt', 19))
2024-01-16 00:54:04,291	[INFO]	82      COMPILE_CODE_ERROR    None  [1 edit(s)]       
2024-01-16 00:54:05,084	[DEBUG]	StmtReplacement(('triangle.cpp.xml', 'stmt', 11), ('triangle.cpp.xml', 'stmt', 9))
2024-01-16 00:54:05,085	[INFO]	83      TEST_CODE_ERROR       None  [1 edit(s)]       
2024-01-16 00:54:05,237	[DEBUG]	StmtInsertion(('triangle.cpp.xml', '_inter_block', 26), ('triangle.cpp.xml', 'stmt', 1))
2024-01-16 00:54:05,237	[INFO]	84      COMPILE_CODE_ERROR    None  [1 edit(s)]       
2024-01-16 00:54:05,387	[DEBUG]	StmtInsertion(('triangle.cpp.xml', '_inter_block', 15), ('triangle.cpp.xml', 'stmt', 2))
2024-01-16 00:54:05,387	[INFO]	85      COMPILE_CODE_ERROR    None  [1 edit(s)]       
2024-01-16 00:54:06,277	[DEBUG]	EXEC>  SUCCESS 0.1026
2024-01-16 00:54:06,277	[DEBUG]	StmtInsertion(('triangle.cpp.xml', '_inter_block', 25), ('triangle.cpp.xml', 'stmt', 9))
2024-01-16 00:54:06,278	[INFO]	86      SUCCESS               0.1026 (105.56%) [1 edit(s)] 
2024-01-16 00:54:07,116	[DEBUG]	StmtReplacement(('triangle.cpp.xml', 'stmt', 18), ('triangle.cpp.xml', 'stmt', 3))
2024-01-16 00:54:07,116	[INFO]	87      TEST_CODE_ERROR       None  [1 edit(s)]       
2024-01-16 00:54:07,947	[DEBUG]	StmtReplacement(('triangle.cpp.xml', 'stmt', 20), ('triangle.cpp.xml', 'stmt', 11))
2024-01-16 00:54:07,947	[INFO]	88      TEST_CODE_ERROR       None  [1 edit(s)]       
2024-01-16 00:54:08,884	[DEBUG]	EXEC>  SUCCESS 0.1068
2024-01-16 00:54:08,885	[DEBUG]	StmtInsertion(('triangle.cpp.xml', '_inter_block', 17), ('triangle.cpp.xml', 'stmt', 9))
2024-01-16 00:54:08,886	[INFO]	89      SUCCESS               0.1068 (109.88%) [1 edit(s)] 
2024-01-16 00:54:09,808	[DEBUG]	EXEC>  SUCCESS 0.1049
2024-01-16 00:54:09,808	[DEBUG]	StmtDeletion(('triangle.cpp.xml', 'stmt', 8))
2024-01-16 00:54:09,809	[INFO]	90      SUCCESS               0.1049 (107.92%) [1 edit(s)] 
2024-01-16 00:54:10,672	[DEBUG]	StmtDeletion(('triangle.cpp.xml', 'stmt', 9))
2024-01-16 00:54:10,672	[INFO]	91      TEST_CODE_ERROR       None  [1 edit(s)]       
2024-01-16 00:54:11,564	[DEBUG]	EXEC>  SUCCESS 0.0977
2024-01-16 00:54:11,565	[DEBUG]	StmtInsertion(('triangle.cpp.xml', '_inter_block', 29), ('triangle.cpp.xml', 'stmt', 5))
2024-01-16 00:54:11,565	[INFO]	92      SUCCESS               0.0977 (100.51%) [1 edit(s)] 
2024-01-16 00:54:11,715	[DEBUG]	StmtReplacement(('triangle.cpp.xml', 'stmt', 14), ('triangle.cpp.xml', 'stmt', 1))
2024-01-16 00:54:11,715	[INFO]	93      COMPILE_CODE_ERROR    None  [1 edit(s)]       
2024-01-16 00:54:12,527	[DEBUG]	StmtReplacement(('triangle.cpp.xml', 'stmt', 10), ('triangle.cpp.xml', 'stmt', 6))
2024-01-16 00:54:12,527	[INFO]	94      TEST_CODE_ERROR       None  [1 edit(s)]       
2024-01-16 00:54:13,327	[DEBUG]	StmtDeletion(('triangle.cpp.xml', 'stmt', 20))
2024-01-16 00:54:13,328	[INFO]	95      TEST_CODE_ERROR       None  [1 edit(s)]       
2024-01-16 00:54:13,460	[DEBUG]	StmtInsertion(('triangle.cpp.xml', '_inter_block', 12), ('triangle.cpp.xml', 'stmt', 1))
2024-01-16 00:54:13,461	[INFO]	96      COMPILE_CODE_ERROR    None  [1 edit(s)]       
2024-01-16 00:54:14,283	[DEBUG]	StmtDeletion(('triangle.cpp.xml', 'stmt', 10))
2024-01-16 00:54:14,283	[INFO]	97      TEST_CODE_ERROR       None  [1 edit(s)]       
2024-01-16 00:54:15,103	[DEBUG]	StmtDeletion(('triangle.cpp.xml', 'stmt', 5))
2024-01-16 00:54:15,103	[INFO]	98      TEST_CODE_ERROR       None  [1 edit(s)]       
2024-01-16 00:54:16,017	[DEBUG]	EXEC>  SUCCESS 0.0957
2024-01-16 00:54:16,017	[DEBUG]	StmtInsertion(('triangle.cpp.xml', '_inter_block', 27), ('triangle.cpp.xml', 'stmt', 20))
2024-01-16 00:54:16,018	[INFO]	99      SUCCESS               0.0957 (98.46%) [1 edit(s)] 
2024-01-16 00:54:16,922	[DEBUG]	EXEC>  SUCCESS 0.0972
2024-01-16 00:54:16,922	[DEBUG]	StmtReplacement(('triangle.cpp.xml', 'stmt', 14), ('triangle.cpp.xml', 'stmt', 12))
2024-01-16 00:54:16,923	[INFO]	100     SUCCESS               0.0972 (100.0%) [1 edit(s)] 
2024-01-16 00:54:16,924	[INFO]	==== END ====
2024-01-16 00:54:16,924	[INFO]	
2024-01-16 00:54:16,924	[INFO]	==== REPORT ====
2024-01-16 00:54:16,925	[INFO]	Termination: step budget
2024-01-16 00:54:16,925	[INFO]	Log file: /cs/student/ug/2020/damibose/projects/magpie/_magpie_logs/triangle-cpp_slow_1705366384.log
2024-01-16 00:54:16,926	[INFO]	Patch file: _magpie_logs/triangle-cpp_slow_1705366384.patch
2024-01-16 00:54:16,926	[INFO]	Diff file: _magpie_logs/triangle-cpp_slow_1705366384.diff
2024-01-16 00:54:16,927	[INFO]	Best fitness: 0.0243
2024-01-16 00:54:16,927	[INFO]	Best patch: StmtDeletion(('triangle.cpp.xml', 'stmt', 3))
2024-01-16 00:54:16,928	[INFO]	Diff:
--- before: triangle.cpp
+++ after: triangle.cpp
@@ -8,7 +8,7 @@
 int classify_triangle(double a, double b, double c) {
   double tmp;
 
-  delay();
+  
 
   // Sort the sides so that a <= b <= c
   if(a > b) {

