2023-12-15 03:23:43,233	[DEBUG]	==== CONFIG ====
[magpie]
import = 
seed = 7
log_dir = _magpie_logs
work_dir = _magpie_work
final_out_dir = experiments/results_e_greedy_proof_of_concept/epsilon_greedy/FirstImprovementNoTabu/trial_7
local_original_copy = True
local_original_name = __original__
output_encoding = ascii
edit_retries = 10
default_timeout = 30
default_lengthout = 10000.0
diff_method = unified
trust_local_filesystem = True

[software]
path = examples/code/triangle-cpp_slow
target_files = 
	triangle.cpp.xml
program = BasicProgram
engine_rules = 
	*.params : ConfigFileParamsEngine
	*.xml : SrcmlEngine
	* : LineEngine
engine_config = 
	*.params : [params]
	*.xml : [srcml]
init_cmd = 
init_timeout = 60
init_lengthout = -1
setup_cmd = ./setup.sh
setup_timeout = 
setup_lengthout = 
compile_cmd = ./compile.sh
compile_timeout = 
compile_lengthout = 
test_cmd = ./build/test_triangle
test_timeout = 
test_lengthout = 
run_cmd = perf stat ./build/run_triangle
run_timeout = 1
run_lengthout = 
batch_timeout = 
batch_lengthout = 
batch_bin_fitness_strategy = aggregate
batch_fitness_strategy = sum
fitness = perf_instructions

[srcml]
rename = 
focus = block break continue decl_stmt do expr_stmt for goto if return switch while
internodes = block
process_pseudo_blocks = True
process_literals = False
process_operators = False

[params]
timing = test run
cli_prefix = --
cli_glue = =
cli_boolean = show
cli_boolean_prefix_true = 
cli_boolean_prefix_false = no-
silent_prefix = @
silent_suffix = $

[search]
protocol = BasicProtocol
algorithm = FirstImprovementNoTabu
possible_edits = 
	DeclStmtReplacement
	ExprStmtReplacement
	IfReplacement
	ReturnReplacement
	DeclStmtInsertion
	ExprStmtInsertion
	IfInsertion
	ReturnInsertion
	DeclStmtDeletion
	ExprStmtDeletion
	IfDeletion
	ReturnDeletion
warmup = 5
warmup_strategy = last
max_steps = 100
max_time = 60
target_fitness = 
cache_maxsize = 40
cache_keep = 0.2
batch_instances = 
batch_shuffle = True
batch_bin_shuffle = False
batch_sample_size = 1
operator_selector = EpsilonGreedy
epsilon = 0.2

[search.ls]
delete_prob = 0
max_neighbours = 20
when_trapped = continue
accept_fail = False
tabu_length = 10

[search.gp]
pop_size = 10
delete_prob = 0.5
offspring_elitism = 0.1
offspring_crossover = 0.5
offspring_mutation = 0.4
uniform_rate = 0.5
batch_reset = True

[search.minify]
do_cleanup = True
do_rebuild = True
do_simplify = True
round_robin_limit = 3


2023-12-15 03:23:43,240	[INFO]	==== WARMUP ====
2023-12-15 03:23:45,759	[DEBUG]	EXEC>  SUCCESS 1204239
2023-12-15 03:23:45,760	[INFO]	WARM    SUCCESS               1204239                 
2023-12-15 03:23:46,767	[DEBUG]	EXEC>  SUCCESS 1204239
2023-12-15 03:23:46,768	[INFO]	WARM    SUCCESS               1204239                 
2023-12-15 03:23:47,744	[DEBUG]	EXEC>  SUCCESS 1204240
2023-12-15 03:23:47,745	[INFO]	WARM    SUCCESS               1204240                 
2023-12-15 03:23:48,788	[DEBUG]	EXEC>  SUCCESS 1204240
2023-12-15 03:23:48,788	[INFO]	WARM    SUCCESS               1204240                 
2023-12-15 03:23:49,803	[DEBUG]	EXEC>  SUCCESS 1204239
2023-12-15 03:23:49,804	[INFO]	WARM    SUCCESS               1204239                 
2023-12-15 03:23:49,805	[INFO]	INITIAL SUCCESS               1204239                 
2023-12-15 03:23:49,805	[INFO]	==== START: FirstImprovementNoTabu ====
2023-12-15 03:23:49,978	[DEBUG]	DeclStmtReplacement(('triangle.cpp.xml', 'decl_stmt', 0), ('triangle.cpp.xml', 'stmt', 3))
2023-12-15 03:23:49,979	[INFO]	1       COMPILE_CODE_ERROR    None  [1 edit(s)]       
2023-12-15 03:23:50,770	[DEBUG]	ExprStmtReplacement(('triangle.cpp.xml', 'expr_stmt', 3), ('triangle.cpp.xml', 'stmt', 15))
2023-12-15 03:23:50,771	[INFO]	2       TEST_CODE_ERROR       None  [1 edit(s)]       
2023-12-15 03:23:51,595	[DEBUG]	IfReplacement(('triangle.cpp.xml', 'if', 2), ('triangle.cpp.xml', 'stmt', 0))
2023-12-15 03:23:51,595	[INFO]	3       TEST_CODE_ERROR       None  [1 edit(s)]       
2023-12-15 03:23:52,432	[DEBUG]	ReturnReplacement(('triangle.cpp.xml', 'return', 2), ('triangle.cpp.xml', 'stmt', 6))
2023-12-15 03:23:52,432	[INFO]	4       TEST_CODE_ERROR       None  [1 edit(s)]       
2023-12-15 03:23:53,415	[DEBUG]	EXEC>  SUCCESS 1204239
2023-12-15 03:23:53,416	[DEBUG]	DeclStmtInsertion(('triangle.cpp.xml', '_inter_block', 1), ('triangle.cpp.xml', 'decl_stmt', 1))
2023-12-15 03:23:53,416	[INFO]	5       SUCCESS              +1204239 (100.0%) [1 edit(s)] 
2023-12-15 03:23:53,418	[DEBUG]	--- before: triangle.cpp
+++ after: triangle.cpp
@@ -1,7 +1,8 @@
 #include "triangle.hpp"
 
 void delay() {
-  const struct timespec ms = {0, (long int) (0.001*1e9)}; //tv_sec=0, tv_nsec (0.001 seconds)
+  const struct timespec ms = {0, (long int) (0.001*1e9)};
+  double tmp; //tv_sec=0, tv_nsec (0.001 seconds)
   nanosleep(&ms,NULL); /*ignores possible errors*/
 }
 

2023-12-15 03:23:53,550	[DEBUG]	DeclStmtInsertion(('triangle.cpp.xml', '_inter_block', 1), ('triangle.cpp.xml', 'decl_stmt', 1)) | ExprStmtInsertion(('triangle.cpp.xml', '_inter_block', 2), ('triangle.cpp.xml', 'expr_stmt', 7))
2023-12-15 03:23:53,550	[INFO]	6       COMPILE_CODE_ERROR    None  [2 edit(s)]       
2023-12-15 03:23:54,505	[DEBUG]	EXEC>  SUCCESS 1204321
2023-12-15 03:23:54,506	[DEBUG]	DeclStmtInsertion(('triangle.cpp.xml', '_inter_block', 1), ('triangle.cpp.xml', 'decl_stmt', 1)) | IfInsertion(('triangle.cpp.xml', '_inter_block', 26), ('triangle.cpp.xml', 'if', 0))
2023-12-15 03:23:54,507	[INFO]	7       SUCCESS               1204321 (100.01%) [2 edit(s)] 
2023-12-15 03:23:55,291	[DEBUG]	DeclStmtInsertion(('triangle.cpp.xml', '_inter_block', 1), ('triangle.cpp.xml', 'decl_stmt', 1)) | ReturnReplacement(('triangle.cpp.xml', 'return', 1), ('triangle.cpp.xml', 'stmt', 16))
2023-12-15 03:23:55,291	[INFO]	8       TEST_CODE_ERROR       None  [2 edit(s)]       
2023-12-15 03:23:56,238	[DEBUG]	EXEC>  SUCCESS 1204240
2023-12-15 03:23:56,238	[DEBUG]	DeclStmtInsertion(('triangle.cpp.xml', '_inter_block', 1), ('triangle.cpp.xml', 'decl_stmt', 1)) | ReturnInsertion(('triangle.cpp.xml', '_inter_block', 27), ('triangle.cpp.xml', 'return', 2))
2023-12-15 03:23:56,240	[INFO]	9       SUCCESS               1204240 (100.0%) [2 edit(s)] 
2023-12-15 03:23:57,268	[DEBUG]	EXEC>  SUCCESS 1204240
2023-12-15 03:23:57,269	[DEBUG]	DeclStmtInsertion(('triangle.cpp.xml', '_inter_block', 1), ('triangle.cpp.xml', 'decl_stmt', 1)) | DeclStmtDeletion(('triangle.cpp.xml', 'decl_stmt', 0))
2023-12-15 03:23:57,269	[INFO]	10      SUCCESS               1204240 (100.0%) [2 edit(s)] 
2023-12-15 03:23:58,063	[DEBUG]	DeclStmtInsertion(('triangle.cpp.xml', '_inter_block', 1), ('triangle.cpp.xml', 'decl_stmt', 1)) | ExprStmtDeletion(('triangle.cpp.xml', 'expr_stmt', 5))
2023-12-15 03:23:58,063	[INFO]	11      TEST_CODE_ERROR       None  [2 edit(s)]       
2023-12-15 03:23:58,887	[DEBUG]	DeclStmtInsertion(('triangle.cpp.xml', '_inter_block', 1), ('triangle.cpp.xml', 'decl_stmt', 1)) | IfDeletion(('triangle.cpp.xml', 'if', 3))
2023-12-15 03:23:58,888	[INFO]	12      TEST_CODE_ERROR       None  [2 edit(s)]       
2023-12-15 03:23:59,682	[DEBUG]	DeclStmtInsertion(('triangle.cpp.xml', '_inter_block', 1), ('triangle.cpp.xml', 'decl_stmt', 1)) | ReturnDeletion(('triangle.cpp.xml', 'return', 0))
2023-12-15 03:23:59,682	[INFO]	13      TEST_CODE_ERROR       None  [2 edit(s)]       
2023-12-15 03:23:59,818	[DEBUG]	DeclStmtInsertion(('triangle.cpp.xml', '_inter_block', 1), ('triangle.cpp.xml', 'decl_stmt', 1)) | DeclStmtInsertion(('triangle.cpp.xml', '_inter_block', 7), ('triangle.cpp.xml', 'decl_stmt', 1))
2023-12-15 03:23:59,819	[INFO]	14      COMPILE_CODE_ERROR    None  [2 edit(s)]       
2023-12-15 03:24:00,725	[DEBUG]	DeclStmtInsertion(('triangle.cpp.xml', '_inter_block', 1), ('triangle.cpp.xml', 'decl_stmt', 1)) | ReturnInsertion(('triangle.cpp.xml', '_inter_block', 26), ('triangle.cpp.xml', 'return', 2))
2023-12-15 03:24:00,725	[INFO]	15      TEST_CODE_ERROR       None  [2 edit(s)]       
2023-12-15 03:24:00,726	[DEBUG]	DeclStmtInsertion(('triangle.cpp.xml', '_inter_block', 1), ('triangle.cpp.xml', 'decl_stmt', 1)) | DeclStmtDeletion(('triangle.cpp.xml', 'decl_stmt', 0))
2023-12-15 03:24:00,727	[INFO]	16      SUCCESS               1204240 (100.0%) [2 edit(s)] 
2023-12-15 03:24:00,871	[DEBUG]	DeclStmtInsertion(('triangle.cpp.xml', '_inter_block', 1), ('triangle.cpp.xml', 'decl_stmt', 1)) | DeclStmtDeletion(('triangle.cpp.xml', 'decl_stmt', 1))
2023-12-15 03:24:00,871	[INFO]	17      COMPILE_CODE_ERROR    None  [2 edit(s)]       
2023-12-15 03:24:00,995	[DEBUG]	DeclStmtInsertion(('triangle.cpp.xml', '_inter_block', 1), ('triangle.cpp.xml', 'decl_stmt', 1)) | IfInsertion(('triangle.cpp.xml', '_inter_block', 2), ('triangle.cpp.xml', 'if', 4))
2023-12-15 03:24:00,995	[INFO]	18      COMPILE_CODE_ERROR    None  [2 edit(s)]       
2023-12-15 03:24:01,131	[DEBUG]	DeclStmtInsertion(('triangle.cpp.xml', '_inter_block', 1), ('triangle.cpp.xml', 'decl_stmt', 1)) | DeclStmtDeletion(('triangle.cpp.xml', 'decl_stmt', 1))
2023-12-15 03:24:01,132	[INFO]	19      COMPILE_CODE_ERROR    None  [2 edit(s)]       
2023-12-15 03:24:01,948	[DEBUG]	DeclStmtInsertion(('triangle.cpp.xml', '_inter_block', 1), ('triangle.cpp.xml', 'decl_stmt', 1)) | DeclStmtInsertion(('triangle.cpp.xml', '_inter_block', 24), ('triangle.cpp.xml', 'decl_stmt', 1))
2023-12-15 03:24:01,949	[INFO]	20      TEST_CODE_ERROR       None  [2 edit(s)]       
2023-12-15 03:24:02,938	[DEBUG]	EXEC>  SUCCESS 1204239
2023-12-15 03:24:02,938	[DEBUG]	DeclStmtInsertion(('triangle.cpp.xml', '_inter_block', 1), ('triangle.cpp.xml', 'decl_stmt', 1)) | ReturnInsertion(('triangle.cpp.xml', '_inter_block', 13), ('triangle.cpp.xml', 'return', 3))
2023-12-15 03:24:02,939	[INFO]	21      SUCCESS              +1204239 (100.0%) [2 edit(s)] 
2023-12-15 03:24:02,941	[DEBUG]	--- before: triangle.cpp
+++ after: triangle.cpp
@@ -1,7 +1,8 @@
 #include "triangle.hpp"
 
 void delay() {
-  const struct timespec ms = {0, (long int) (0.001*1e9)}; //tv_sec=0, tv_nsec (0.001 seconds)
+  const struct timespec ms = {0, (long int) (0.001*1e9)};
+  double tmp; //tv_sec=0, tv_nsec (0.001 seconds)
   nanosleep(&ms,NULL); /*ignores possible errors*/
 }
 
@@ -42,4 +43,5 @@
       return ISOSCELES;
     }/*auto*/
   return SCALENE;
+  return SCALENE;
 }

2023-12-15 03:24:03,742	[DEBUG]	DeclStmtInsertion(('triangle.cpp.xml', '_inter_block', 1), ('triangle.cpp.xml', 'decl_stmt', 1)) | ReturnInsertion(('triangle.cpp.xml', '_inter_block', 13), ('triangle.cpp.xml', 'return', 3)) | ReturnInsertion(('triangle.cpp.xml', '_inter_block', 21), ('triangle.cpp.xml', 'return', 2))
2023-12-15 03:24:03,742	[INFO]	22      TEST_CODE_ERROR       None  [3 edit(s)]       
2023-12-15 03:24:04,586	[DEBUG]	DeclStmtInsertion(('triangle.cpp.xml', '_inter_block', 1), ('triangle.cpp.xml', 'decl_stmt', 1)) | ReturnInsertion(('triangle.cpp.xml', '_inter_block', 13), ('triangle.cpp.xml', 'return', 3)) | ReturnInsertion(('triangle.cpp.xml', '_inter_block', 7), ('triangle.cpp.xml', 'return', 2))
2023-12-15 03:24:04,587	[INFO]	23      TEST_CODE_ERROR       None  [3 edit(s)]       
2023-12-15 03:24:04,749	[DEBUG]	DeclStmtInsertion(('triangle.cpp.xml', '_inter_block', 1), ('triangle.cpp.xml', 'decl_stmt', 1)) | ReturnInsertion(('triangle.cpp.xml', '_inter_block', 13), ('triangle.cpp.xml', 'return', 3)) | DeclStmtDeletion(('triangle.cpp.xml', 'decl_stmt', 1))
2023-12-15 03:24:04,750	[INFO]	24      COMPILE_CODE_ERROR    None  [3 edit(s)]       
2023-12-15 03:24:05,734	[DEBUG]	EXEC>  SUCCESS 1204348
2023-12-15 03:24:05,735	[DEBUG]	DeclStmtInsertion(('triangle.cpp.xml', '_inter_block', 1), ('triangle.cpp.xml', 'decl_stmt', 1)) | ReturnInsertion(('triangle.cpp.xml', '_inter_block', 13), ('triangle.cpp.xml', 'return', 3)) | IfInsertion(('triangle.cpp.xml', '_inter_block', 19), ('triangle.cpp.xml', 'if', 4))
2023-12-15 03:24:05,736	[INFO]	25      SUCCESS               1204348 (100.01%) [3 edit(s)] 
2023-12-15 03:24:05,874	[DEBUG]	DeclStmtInsertion(('triangle.cpp.xml', '_inter_block', 1), ('triangle.cpp.xml', 'decl_stmt', 1)) | ReturnInsertion(('triangle.cpp.xml', '_inter_block', 13), ('triangle.cpp.xml', 'return', 3)) | DeclStmtReplacement(('triangle.cpp.xml', 'decl_stmt', 0), ('triangle.cpp.xml', 'stmt', 14))
2023-12-15 03:24:05,875	[INFO]	26      COMPILE_CODE_ERROR    None  [3 edit(s)]       
2023-12-15 03:24:06,842	[DEBUG]	EXEC>  SUCCESS 1204241
2023-12-15 03:24:06,842	[DEBUG]	DeclStmtInsertion(('triangle.cpp.xml', '_inter_block', 1), ('triangle.cpp.xml', 'decl_stmt', 1)) | ReturnInsertion(('triangle.cpp.xml', '_inter_block', 13), ('triangle.cpp.xml', 'return', 3)) | IfInsertion(('triangle.cpp.xml', '_inter_block', 13), ('triangle.cpp.xml', 'if', 2))
2023-12-15 03:24:06,843	[INFO]	27      SUCCESS               1204241 (100.0%) [3 edit(s)] 
2023-12-15 03:24:07,860	[DEBUG]	EXEC>  SUCCESS 1204338
2023-12-15 03:24:07,861	[DEBUG]	DeclStmtInsertion(('triangle.cpp.xml', '_inter_block', 1), ('triangle.cpp.xml', 'decl_stmt', 1)) | ReturnInsertion(('triangle.cpp.xml', '_inter_block', 13), ('triangle.cpp.xml', 'return', 3)) | IfInsertion(('triangle.cpp.xml', '_inter_block', 5), ('triangle.cpp.xml', 'if', 1))
2023-12-15 03:24:07,862	[INFO]	28      SUCCESS               1204338 (100.01%) [3 edit(s)] 
2023-12-15 03:24:08,841	[DEBUG]	EXEC>  SUCCESS 1204527
2023-12-15 03:24:08,842	[DEBUG]	DeclStmtInsertion(('triangle.cpp.xml', '_inter_block', 1), ('triangle.cpp.xml', 'decl_stmt', 1)) | ReturnInsertion(('triangle.cpp.xml', '_inter_block', 13), ('triangle.cpp.xml', 'return', 3)) | IfInsertion(('triangle.cpp.xml', '_inter_block', 8), ('triangle.cpp.xml', 'if', 4))
2023-12-15 03:24:08,843	[INFO]	29      SUCCESS               1204527 (100.02%) [3 edit(s)] 
2023-12-15 03:24:09,820	[DEBUG]	EXEC>  SUCCESS 1274881
2023-12-15 03:24:09,821	[DEBUG]	DeclStmtInsertion(('triangle.cpp.xml', '_inter_block', 1), ('triangle.cpp.xml', 'decl_stmt', 1)) | ReturnInsertion(('triangle.cpp.xml', '_inter_block', 13), ('triangle.cpp.xml', 'return', 3)) | IfInsertion(('triangle.cpp.xml', '_inter_block', 11), ('triangle.cpp.xml', 'if', 1))
2023-12-15 03:24:09,822	[INFO]	30      SUCCESS               1274881 (105.87%) [3 edit(s)] 
2023-12-15 03:24:10,640	[DEBUG]	DeclStmtInsertion(('triangle.cpp.xml', '_inter_block', 1), ('triangle.cpp.xml', 'decl_stmt', 1)) | ReturnInsertion(('triangle.cpp.xml', '_inter_block', 13), ('triangle.cpp.xml', 'return', 3)) | ReturnReplacement(('triangle.cpp.xml', 'return', 2), ('triangle.cpp.xml', 'stmt', 3))
2023-12-15 03:24:10,641	[INFO]	31      TEST_CODE_ERROR       None  [3 edit(s)]       
2023-12-15 03:24:11,637	[DEBUG]	EXEC>  SUCCESS 1255855
2023-12-15 03:24:11,638	[DEBUG]	DeclStmtInsertion(('triangle.cpp.xml', '_inter_block', 1), ('triangle.cpp.xml', 'decl_stmt', 1)) | ReturnInsertion(('triangle.cpp.xml', '_inter_block', 13), ('triangle.cpp.xml', 'return', 3)) | IfInsertion(('triangle.cpp.xml', '_inter_block', 12), ('triangle.cpp.xml', 'if', 0))
2023-12-15 03:24:11,639	[INFO]	32      SUCCESS               1255855 (104.29%) [3 edit(s)] 
2023-12-15 03:24:12,473	[DEBUG]	DeclStmtInsertion(('triangle.cpp.xml', '_inter_block', 1), ('triangle.cpp.xml', 'decl_stmt', 1)) | ReturnInsertion(('triangle.cpp.xml', '_inter_block', 13), ('triangle.cpp.xml', 'return', 3)) | IfInsertion(('triangle.cpp.xml', '_inter_block', 18), ('triangle.cpp.xml', 'if', 2))
2023-12-15 03:24:12,474	[INFO]	33      TEST_CODE_ERROR       None  [3 edit(s)]       
2023-12-15 03:24:13,494	[DEBUG]	EXEC>  SUCCESS 1204276
2023-12-15 03:24:13,495	[DEBUG]	DeclStmtInsertion(('triangle.cpp.xml', '_inter_block', 1), ('triangle.cpp.xml', 'decl_stmt', 1)) | ReturnInsertion(('triangle.cpp.xml', '_inter_block', 13), ('triangle.cpp.xml', 'return', 3)) | IfInsertion(('triangle.cpp.xml', '_inter_block', 17), ('triangle.cpp.xml', 'if', 2))
2023-12-15 03:24:13,495	[INFO]	34      SUCCESS               1204276 (100.0%) [3 edit(s)] 
2023-12-15 03:24:14,465	[DEBUG]	EXEC>  SUCCESS 1204312
2023-12-15 03:24:14,465	[DEBUG]	DeclStmtInsertion(('triangle.cpp.xml', '_inter_block', 1), ('triangle.cpp.xml', 'decl_stmt', 1)) | ReturnInsertion(('triangle.cpp.xml', '_inter_block', 13), ('triangle.cpp.xml', 'return', 3)) | IfInsertion(('triangle.cpp.xml', '_inter_block', 4), ('triangle.cpp.xml', 'if', 4))
2023-12-15 03:24:14,466	[INFO]	35      SUCCESS               1204312 (100.01%) [3 edit(s)] 
2023-12-15 03:24:15,450	[DEBUG]	EXEC>  SUCCESS 1204240
2023-12-15 03:24:15,450	[DEBUG]	DeclStmtInsertion(('triangle.cpp.xml', '_inter_block', 1), ('triangle.cpp.xml', 'decl_stmt', 1)) | ReturnInsertion(('triangle.cpp.xml', '_inter_block', 13), ('triangle.cpp.xml', 'return', 3)) | IfInsertion(('triangle.cpp.xml', '_inter_block', 27), ('triangle.cpp.xml', 'if', 5))
2023-12-15 03:24:15,452	[INFO]	36      SUCCESS               1204240 (100.0%) [3 edit(s)] 
2023-12-15 03:24:16,443	[DEBUG]	EXEC>  SUCCESS 1204239
2023-12-15 03:24:16,444	[DEBUG]	DeclStmtInsertion(('triangle.cpp.xml', '_inter_block', 1), ('triangle.cpp.xml', 'decl_stmt', 1)) | ReturnInsertion(('triangle.cpp.xml', '_inter_block', 13), ('triangle.cpp.xml', 'return', 3)) | IfInsertion(('triangle.cpp.xml', '_inter_block', 13), ('triangle.cpp.xml', 'if', 5))
2023-12-15 03:24:16,444	[INFO]	37      SUCCESS              +1204239 (100.0%) [3 edit(s)] 
2023-12-15 03:24:16,446	[DEBUG]	--- before: triangle.cpp
+++ after: triangle.cpp
@@ -1,7 +1,8 @@
 #include "triangle.hpp"
 
 void delay() {
-  const struct timespec ms = {0, (long int) (0.001*1e9)}; //tv_sec=0, tv_nsec (0.001 seconds)
+  const struct timespec ms = {0, (long int) (0.001*1e9)};
+  double tmp; //tv_sec=0, tv_nsec (0.001 seconds)
   nanosleep(&ms,NULL); /*ignores possible errors*/
 }
 
@@ -42,4 +43,9 @@
       return ISOSCELES;
     }/*auto*/
   return SCALENE;
+  return SCALENE;
+  if(a == b || b == c)
+    /*auto*/{
+      return ISOSCELES;
+    }/*auto*/
 }

2023-12-15 03:24:17,389	[DEBUG]	EXEC>  SUCCESS 1204111
2023-12-15 03:24:17,390	[DEBUG]	DeclStmtInsertion(('triangle.cpp.xml', '_inter_block', 1), ('triangle.cpp.xml', 'decl_stmt', 1)) | ReturnInsertion(('triangle.cpp.xml', '_inter_block', 13), ('triangle.cpp.xml', 'return', 3)) | IfInsertion(('triangle.cpp.xml', '_inter_block', 13), ('triangle.cpp.xml', 'if', 5)) | IfInsertion(('triangle.cpp.xml', '_inter_block', 4), ('triangle.cpp.xml', 'if', 3))
2023-12-15 03:24:17,391	[INFO]	38      SUCCESS              *1204111 (99.99%) [4 edit(s)] 
2023-12-15 03:24:17,394	[DEBUG]	--- before: triangle.cpp
+++ after: triangle.cpp
@@ -1,11 +1,16 @@
 #include "triangle.hpp"
 
 void delay() {
-  const struct timespec ms = {0, (long int) (0.001*1e9)}; //tv_sec=0, tv_nsec (0.001 seconds)
+  const struct timespec ms = {0, (long int) (0.001*1e9)};
+  double tmp; //tv_sec=0, tv_nsec (0.001 seconds)
   nanosleep(&ms,NULL); /*ignores possible errors*/
 }
 
 int classify_triangle(double a, double b, double c) {
+  if(a + b <= c)
+    /*auto*/{
+      return INVALID;
+    }/*auto*/
   double tmp;
 
   delay();
@@ -42,4 +47,9 @@
       return ISOSCELES;
     }/*auto*/
   return SCALENE;
+  return SCALENE;
+  if(a == b || b == c)
+    /*auto*/{
+      return ISOSCELES;
+    }/*auto*/
 }

2023-12-15 03:24:18,380	[DEBUG]	EXEC>  SUCCESS 1204110
2023-12-15 03:24:18,380	[DEBUG]	DeclStmtInsertion(('triangle.cpp.xml', '_inter_block', 1), ('triangle.cpp.xml', 'decl_stmt', 1)) | ReturnInsertion(('triangle.cpp.xml', '_inter_block', 13), ('triangle.cpp.xml', 'return', 3)) | IfInsertion(('triangle.cpp.xml', '_inter_block', 13), ('triangle.cpp.xml', 'if', 5)) | IfInsertion(('triangle.cpp.xml', '_inter_block', 4), ('triangle.cpp.xml', 'if', 3)) | IfInsertion(('triangle.cpp.xml', '_inter_block', 17), ('triangle.cpp.xml', 'if', 3))
2023-12-15 03:24:18,381	[INFO]	39      SUCCESS              *1204110 (99.99%) [5 edit(s)] 
2023-12-15 03:24:18,384	[DEBUG]	--- before: triangle.cpp
+++ after: triangle.cpp
@@ -1,11 +1,20 @@
 #include "triangle.hpp"
 
 void delay() {
-  const struct timespec ms = {0, (long int) (0.001*1e9)}; //tv_sec=0, tv_nsec (0.001 seconds)
+  const struct timespec ms = {0, (long int) (0.001*1e9)};
+  double tmp; //tv_sec=0, tv_nsec (0.001 seconds)
   nanosleep(&ms,NULL); /*ignores possible errors*/
 }
 
 int classify_triangle(double a, double b, double c) {
+  if(a + b <= c)
+    /*auto*/{
+      return INVALID;
+      if(a + b <= c)
+        /*auto*/{
+          return INVALID;
+        }/*auto*/
+    }/*auto*/
   double tmp;
 
   delay();
@@ -42,4 +51,9 @@
       return ISOSCELES;
     }/*auto*/
   return SCALENE;
+  return SCALENE;
+  if(a == b || b == c)
+    /*auto*/{
+      return ISOSCELES;
+    }/*auto*/
 }

2023-12-15 03:24:19,327	[DEBUG]	EXEC>  SUCCESS 1204471
2023-12-15 03:24:19,328	[DEBUG]	DeclStmtInsertion(('triangle.cpp.xml', '_inter_block', 1), ('triangle.cpp.xml', 'decl_stmt', 1)) | ReturnInsertion(('triangle.cpp.xml', '_inter_block', 13), ('triangle.cpp.xml', 'return', 3)) | IfInsertion(('triangle.cpp.xml', '_inter_block', 13), ('triangle.cpp.xml', 'if', 5)) | IfInsertion(('triangle.cpp.xml', '_inter_block', 4), ('triangle.cpp.xml', 'if', 3)) | IfInsertion(('triangle.cpp.xml', '_inter_block', 17), ('triangle.cpp.xml', 'if', 3)) | IfInsertion(('triangle.cpp.xml', '_inter_block', 26), ('triangle.cpp.xml', 'if', 5))
2023-12-15 03:24:19,328	[INFO]	40      SUCCESS               1204471 (100.02%) [6 edit(s)] 
2023-12-15 03:24:19,481	[DEBUG]	DeclStmtInsertion(('triangle.cpp.xml', '_inter_block', 1), ('triangle.cpp.xml', 'decl_stmt', 1)) | ReturnInsertion(('triangle.cpp.xml', '_inter_block', 13), ('triangle.cpp.xml', 'return', 3)) | IfInsertion(('triangle.cpp.xml', '_inter_block', 13), ('triangle.cpp.xml', 'if', 5)) | IfInsertion(('triangle.cpp.xml', '_inter_block', 4), ('triangle.cpp.xml', 'if', 3)) | IfInsertion(('triangle.cpp.xml', '_inter_block', 17), ('triangle.cpp.xml', 'if', 3)) | IfInsertion(('triangle.cpp.xml', '_inter_block', 0), ('triangle.cpp.xml', 'if', 1))
2023-12-15 03:24:19,481	[INFO]	41      COMPILE_CODE_ERROR    None  [6 edit(s)]       
2023-12-15 03:24:20,279	[DEBUG]	DeclStmtInsertion(('triangle.cpp.xml', '_inter_block', 1), ('triangle.cpp.xml', 'decl_stmt', 1)) | ReturnInsertion(('triangle.cpp.xml', '_inter_block', 13), ('triangle.cpp.xml', 'return', 3)) | IfInsertion(('triangle.cpp.xml', '_inter_block', 13), ('triangle.cpp.xml', 'if', 5)) | IfInsertion(('triangle.cpp.xml', '_inter_block', 4), ('triangle.cpp.xml', 'if', 3)) | IfInsertion(('triangle.cpp.xml', '_inter_block', 17), ('triangle.cpp.xml', 'if', 3)) | IfInsertion(('triangle.cpp.xml', '_inter_block', 27), ('triangle.cpp.xml', 'if', 2))
2023-12-15 03:24:20,279	[INFO]	42      TEST_CODE_ERROR       None  [6 edit(s)]       
2023-12-15 03:24:21,227	[DEBUG]	EXEC>  SUCCESS 1668657
2023-12-15 03:24:21,228	[DEBUG]	DeclStmtInsertion(('triangle.cpp.xml', '_inter_block', 1), ('triangle.cpp.xml', 'decl_stmt', 1)) | ReturnInsertion(('triangle.cpp.xml', '_inter_block', 13), ('triangle.cpp.xml', 'return', 3)) | IfInsertion(('triangle.cpp.xml', '_inter_block', 13), ('triangle.cpp.xml', 'if', 5)) | IfInsertion(('triangle.cpp.xml', '_inter_block', 4), ('triangle.cpp.xml', 'if', 3)) | IfInsertion(('triangle.cpp.xml', '_inter_block', 17), ('triangle.cpp.xml', 'if', 3)) | IfInsertion(('triangle.cpp.xml', '_inter_block', 27), ('triangle.cpp.xml', 'if', 5))
2023-12-15 03:24:21,229	[INFO]	43      SUCCESS               1668657 (138.57%) [6 edit(s)] 
2023-12-15 03:24:21,232	[DEBUG]	DeclStmtInsertion(('triangle.cpp.xml', '_inter_block', 1), ('triangle.cpp.xml', 'decl_stmt', 1)) | ReturnInsertion(('triangle.cpp.xml', '_inter_block', 13), ('triangle.cpp.xml', 'return', 3)) | IfInsertion(('triangle.cpp.xml', '_inter_block', 13), ('triangle.cpp.xml', 'if', 5)) | IfInsertion(('triangle.cpp.xml', '_inter_block', 4), ('triangle.cpp.xml', 'if', 3)) | IfInsertion(('triangle.cpp.xml', '_inter_block', 17), ('triangle.cpp.xml', 'if', 3)) | ExprStmtDeletion(('triangle.cpp.xml', 'expr_stmt', 2))
2023-12-15 03:24:21,232	[INFO]	44      SUCCESS              +1204110 (99.99%) [6 edit(s)] 
2023-12-15 03:24:21,234	[DEBUG]	--- before: triangle.cpp
+++ after: triangle.cpp
@@ -1,11 +1,20 @@
 #include "triangle.hpp"
 
 void delay() {
-  const struct timespec ms = {0, (long int) (0.001*1e9)}; //tv_sec=0, tv_nsec (0.001 seconds)
+  const struct timespec ms = {0, (long int) (0.001*1e9)};
+  double tmp; //tv_sec=0, tv_nsec (0.001 seconds)
   nanosleep(&ms,NULL); /*ignores possible errors*/
 }
 
 int classify_triangle(double a, double b, double c) {
+  if(a + b <= c)
+    /*auto*/{
+      return INVALID;
+      if(a + b <= c)
+        /*auto*/{
+          return INVALID;
+        }/*auto*/
+    }/*auto*/
   double tmp;
 
   delay();
@@ -42,4 +51,9 @@
       return ISOSCELES;
     }/*auto*/
   return SCALENE;
+  return SCALENE;
+  if(a == b || b == c)
+    /*auto*/{
+      return ISOSCELES;
+    }/*auto*/
 }

2023-12-15 03:24:22,154	[DEBUG]	EXEC>  SUCCESS 1204110
2023-12-15 03:24:22,155	[DEBUG]	DeclStmtInsertion(('triangle.cpp.xml', '_inter_block', 1), ('triangle.cpp.xml', 'decl_stmt', 1)) | ReturnInsertion(('triangle.cpp.xml', '_inter_block', 13), ('triangle.cpp.xml', 'return', 3)) | IfInsertion(('triangle.cpp.xml', '_inter_block', 13), ('triangle.cpp.xml', 'if', 5)) | IfInsertion(('triangle.cpp.xml', '_inter_block', 4), ('triangle.cpp.xml', 'if', 3)) | IfInsertion(('triangle.cpp.xml', '_inter_block', 17), ('triangle.cpp.xml', 'if', 3)) | ExprStmtDeletion(('triangle.cpp.xml', 'expr_stmt', 2)) | IfInsertion(('triangle.cpp.xml', '_inter_block', 15), ('triangle.cpp.xml', 'if', 3))
2023-12-15 03:24:22,156	[INFO]	45      SUCCESS              +1204110 (99.99%) [7 edit(s)] 
2023-12-15 03:24:22,160	[DEBUG]	--- before: triangle.cpp
+++ after: triangle.cpp
@@ -1,11 +1,24 @@
 #include "triangle.hpp"
 
 void delay() {
-  const struct timespec ms = {0, (long int) (0.001*1e9)}; //tv_sec=0, tv_nsec (0.001 seconds)
+  const struct timespec ms = {0, (long int) (0.001*1e9)};
+  double tmp; //tv_sec=0, tv_nsec (0.001 seconds)
   nanosleep(&ms,NULL); /*ignores possible errors*/
 }
 
 int classify_triangle(double a, double b, double c) {
+  if(a + b <= c)
+    /*auto*/{
+      return INVALID;
+      if(a + b <= c)
+        /*auto*/{
+          return INVALID;
+        }/*auto*/
+      if(a + b <= c)
+        /*auto*/{
+          return INVALID;
+        }/*auto*/
+    }/*auto*/
   double tmp;
 
   delay();
@@ -42,4 +55,9 @@
       return ISOSCELES;
     }/*auto*/
   return SCALENE;
+  return SCALENE;
+  if(a == b || b == c)
+    /*auto*/{
+      return ISOSCELES;
+    }/*auto*/
 }

2023-12-15 03:24:22,325	[DEBUG]	DeclStmtInsertion(('triangle.cpp.xml', '_inter_block', 1), ('triangle.cpp.xml', 'decl_stmt', 1)) | ReturnInsertion(('triangle.cpp.xml', '_inter_block', 13), ('triangle.cpp.xml', 'return', 3)) | IfInsertion(('triangle.cpp.xml', '_inter_block', 13), ('triangle.cpp.xml', 'if', 5)) | IfInsertion(('triangle.cpp.xml', '_inter_block', 4), ('triangle.cpp.xml', 'if', 3)) | IfInsertion(('triangle.cpp.xml', '_inter_block', 17), ('triangle.cpp.xml', 'if', 3)) | ExprStmtDeletion(('triangle.cpp.xml', 'expr_stmt', 2)) | IfInsertion(('triangle.cpp.xml', '_inter_block', 15), ('triangle.cpp.xml', 'if', 3)) | IfInsertion(('triangle.cpp.xml', '_inter_block', 0), ('triangle.cpp.xml', 'if', 1))
2023-12-15 03:24:22,325	[INFO]	46      COMPILE_CODE_ERROR    None  [8 edit(s)]       
2023-12-15 03:24:23,312	[DEBUG]	EXEC>  SUCCESS 1204157
2023-12-15 03:24:23,312	[DEBUG]	DeclStmtInsertion(('triangle.cpp.xml', '_inter_block', 1), ('triangle.cpp.xml', 'decl_stmt', 1)) | ReturnInsertion(('triangle.cpp.xml', '_inter_block', 13), ('triangle.cpp.xml', 'return', 3)) | IfInsertion(('triangle.cpp.xml', '_inter_block', 13), ('triangle.cpp.xml', 'if', 5)) | IfInsertion(('triangle.cpp.xml', '_inter_block', 4), ('triangle.cpp.xml', 'if', 3)) | IfInsertion(('triangle.cpp.xml', '_inter_block', 17), ('triangle.cpp.xml', 'if', 3)) | ExprStmtDeletion(('triangle.cpp.xml', 'expr_stmt', 2)) | IfInsertion(('triangle.cpp.xml', '_inter_block', 15), ('triangle.cpp.xml', 'if', 3)) | IfInsertion(('triangle.cpp.xml', '_inter_block', 24), ('triangle.cpp.xml', 'if', 1))
2023-12-15 03:24:23,313	[INFO]	47      SUCCESS               1204157 (99.99%) [8 edit(s)] 
2023-12-15 03:24:24,259	[DEBUG]	EXEC>  SUCCESS 1204129
2023-12-15 03:24:24,259	[DEBUG]	DeclStmtInsertion(('triangle.cpp.xml', '_inter_block', 1), ('triangle.cpp.xml', 'decl_stmt', 1)) | ReturnInsertion(('triangle.cpp.xml', '_inter_block', 13), ('triangle.cpp.xml', 'return', 3)) | IfInsertion(('triangle.cpp.xml', '_inter_block', 13), ('triangle.cpp.xml', 'if', 5)) | IfInsertion(('triangle.cpp.xml', '_inter_block', 4), ('triangle.cpp.xml', 'if', 3)) | IfInsertion(('triangle.cpp.xml', '_inter_block', 17), ('triangle.cpp.xml', 'if', 3)) | ExprStmtDeletion(('triangle.cpp.xml', 'expr_stmt', 2)) | IfInsertion(('triangle.cpp.xml', '_inter_block', 15), ('triangle.cpp.xml', 'if', 3)) | ExprStmtInsertion(('triangle.cpp.xml', '_inter_block', 30), ('triangle.cpp.xml', 'expr_stmt', 9))
2023-12-15 03:24:24,260	[INFO]	48      SUCCESS               1204129 (99.99%) [8 edit(s)] 
2023-12-15 03:24:25,031	[DEBUG]	DeclStmtInsertion(('triangle.cpp.xml', '_inter_block', 1), ('triangle.cpp.xml', 'decl_stmt', 1)) | ReturnInsertion(('triangle.cpp.xml', '_inter_block', 13), ('triangle.cpp.xml', 'return', 3)) | IfInsertion(('triangle.cpp.xml', '_inter_block', 13), ('triangle.cpp.xml', 'if', 5)) | IfInsertion(('triangle.cpp.xml', '_inter_block', 4), ('triangle.cpp.xml', 'if', 3)) | IfInsertion(('triangle.cpp.xml', '_inter_block', 17), ('triangle.cpp.xml', 'if', 3)) | ExprStmtDeletion(('triangle.cpp.xml', 'expr_stmt', 2)) | IfInsertion(('triangle.cpp.xml', '_inter_block', 15), ('triangle.cpp.xml', 'if', 3)) | IfInsertion(('triangle.cpp.xml', '_inter_block', 30), ('triangle.cpp.xml', 'if', 5))
2023-12-15 03:24:25,032	[INFO]	49      TEST_CODE_ERROR       None  [8 edit(s)]       
2023-12-15 03:24:25,990	[DEBUG]	EXEC>  SUCCESS 1204282
2023-12-15 03:24:25,990	[DEBUG]	DeclStmtInsertion(('triangle.cpp.xml', '_inter_block', 1), ('triangle.cpp.xml', 'decl_stmt', 1)) | ReturnInsertion(('triangle.cpp.xml', '_inter_block', 13), ('triangle.cpp.xml', 'return', 3)) | IfInsertion(('triangle.cpp.xml', '_inter_block', 13), ('triangle.cpp.xml', 'if', 5)) | IfInsertion(('triangle.cpp.xml', '_inter_block', 4), ('triangle.cpp.xml', 'if', 3)) | IfInsertion(('triangle.cpp.xml', '_inter_block', 17), ('triangle.cpp.xml', 'if', 3)) | ExprStmtDeletion(('triangle.cpp.xml', 'expr_stmt', 2)) | IfInsertion(('triangle.cpp.xml', '_inter_block', 15), ('triangle.cpp.xml', 'if', 3)) | IfInsertion(('triangle.cpp.xml', '_inter_block', 5), ('triangle.cpp.xml', 'if', 2))
2023-12-15 03:24:25,991	[INFO]	50      SUCCESS               1204282 (100.0%) [8 edit(s)] 
2023-12-15 03:24:26,993	[DEBUG]	EXEC>  SUCCESS 1204164
2023-12-15 03:24:26,993	[DEBUG]	DeclStmtInsertion(('triangle.cpp.xml', '_inter_block', 1), ('triangle.cpp.xml', 'decl_stmt', 1)) | ReturnInsertion(('triangle.cpp.xml', '_inter_block', 13), ('triangle.cpp.xml', 'return', 3)) | IfInsertion(('triangle.cpp.xml', '_inter_block', 13), ('triangle.cpp.xml', 'if', 5)) | IfInsertion(('triangle.cpp.xml', '_inter_block', 4), ('triangle.cpp.xml', 'if', 3)) | IfInsertion(('triangle.cpp.xml', '_inter_block', 17), ('triangle.cpp.xml', 'if', 3)) | ExprStmtDeletion(('triangle.cpp.xml', 'expr_stmt', 2)) | IfInsertion(('triangle.cpp.xml', '_inter_block', 15), ('triangle.cpp.xml', 'if', 3)) | IfInsertion(('triangle.cpp.xml', '_inter_block', 21), ('triangle.cpp.xml', 'if', 1))
2023-12-15 03:24:26,994	[INFO]	51      SUCCESS               1204164 (99.99%) [8 edit(s)] 
2023-12-15 03:24:27,786	[DEBUG]	DeclStmtInsertion(('triangle.cpp.xml', '_inter_block', 1), ('triangle.cpp.xml', 'decl_stmt', 1)) | ReturnInsertion(('triangle.cpp.xml', '_inter_block', 13), ('triangle.cpp.xml', 'return', 3)) | IfInsertion(('triangle.cpp.xml', '_inter_block', 13), ('triangle.cpp.xml', 'if', 5)) | IfInsertion(('triangle.cpp.xml', '_inter_block', 4), ('triangle.cpp.xml', 'if', 3)) | IfInsertion(('triangle.cpp.xml', '_inter_block', 17), ('triangle.cpp.xml', 'if', 3)) | ExprStmtDeletion(('triangle.cpp.xml', 'expr_stmt', 2)) | IfInsertion(('triangle.cpp.xml', '_inter_block', 15), ('triangle.cpp.xml', 'if', 3)) | ReturnInsertion(('triangle.cpp.xml', '_inter_block', 8), ('triangle.cpp.xml', 'return', 0))
2023-12-15 03:24:27,787	[INFO]	52      TEST_CODE_ERROR       None  [8 edit(s)]       
2023-12-15 03:24:28,751	[DEBUG]	EXEC>  SUCCESS 1204201
2023-12-15 03:24:28,752	[DEBUG]	DeclStmtInsertion(('triangle.cpp.xml', '_inter_block', 1), ('triangle.cpp.xml', 'decl_stmt', 1)) | ReturnInsertion(('triangle.cpp.xml', '_inter_block', 13), ('triangle.cpp.xml', 'return', 3)) | IfInsertion(('triangle.cpp.xml', '_inter_block', 13), ('triangle.cpp.xml', 'if', 5)) | IfInsertion(('triangle.cpp.xml', '_inter_block', 4), ('triangle.cpp.xml', 'if', 3)) | IfInsertion(('triangle.cpp.xml', '_inter_block', 17), ('triangle.cpp.xml', 'if', 3)) | ExprStmtDeletion(('triangle.cpp.xml', 'expr_stmt', 2)) | IfInsertion(('triangle.cpp.xml', '_inter_block', 15), ('triangle.cpp.xml', 'if', 3)) | IfInsertion(('triangle.cpp.xml', '_inter_block', 26), ('triangle.cpp.xml', 'if', 1))
2023-12-15 03:24:28,753	[INFO]	53      SUCCESS               1204201 (100.0%) [8 edit(s)] 
2023-12-15 03:24:29,706	[DEBUG]	EXEC>  SUCCESS 1204110
2023-12-15 03:24:29,706	[DEBUG]	DeclStmtInsertion(('triangle.cpp.xml', '_inter_block', 1), ('triangle.cpp.xml', 'decl_stmt', 1)) | ReturnInsertion(('triangle.cpp.xml', '_inter_block', 13), ('triangle.cpp.xml', 'return', 3)) | IfInsertion(('triangle.cpp.xml', '_inter_block', 13), ('triangle.cpp.xml', 'if', 5)) | IfInsertion(('triangle.cpp.xml', '_inter_block', 4), ('triangle.cpp.xml', 'if', 3)) | IfInsertion(('triangle.cpp.xml', '_inter_block', 17), ('triangle.cpp.xml', 'if', 3)) | ExprStmtDeletion(('triangle.cpp.xml', 'expr_stmt', 2)) | IfInsertion(('triangle.cpp.xml', '_inter_block', 15), ('triangle.cpp.xml', 'if', 3)) | IfInsertion(('triangle.cpp.xml', '_inter_block', 31), ('triangle.cpp.xml', 'if', 5))
2023-12-15 03:24:29,707	[INFO]	54      SUCCESS              +1204110 (99.99%) [8 edit(s)] 
2023-12-15 03:24:29,710	[DEBUG]	--- before: triangle.cpp
+++ after: triangle.cpp
@@ -1,11 +1,24 @@
 #include "triangle.hpp"
 
 void delay() {
-  const struct timespec ms = {0, (long int) (0.001*1e9)}; //tv_sec=0, tv_nsec (0.001 seconds)
+  const struct timespec ms = {0, (long int) (0.001*1e9)};
+  double tmp; //tv_sec=0, tv_nsec (0.001 seconds)
   nanosleep(&ms,NULL); /*ignores possible errors*/
 }
 
 int classify_triangle(double a, double b, double c) {
+  if(a + b <= c)
+    /*auto*/{
+      return INVALID;
+      if(a + b <= c)
+        /*auto*/{
+          return INVALID;
+        }/*auto*/
+      if(a + b <= c)
+        /*auto*/{
+          return INVALID;
+        }/*auto*/
+    }/*auto*/
   double tmp;
 
   delay();
@@ -36,10 +49,19 @@
   if(a == b && b == c)
     /*auto*/{
       return EQUILATERAL;
+      if(a == b || b == c)
+        /*auto*/{
+          return ISOSCELES;
+        }/*auto*/
     }/*auto*/
   if(a == b || b == c)
     /*auto*/{
       return ISOSCELES;
     }/*auto*/
   return SCALENE;
+  return SCALENE;
+  if(a == b || b == c)
+    /*auto*/{
+      return ISOSCELES;
+    }/*auto*/
 }

2023-12-15 03:24:29,867	[DEBUG]	DeclStmtInsertion(('triangle.cpp.xml', '_inter_block', 1), ('triangle.cpp.xml', 'decl_stmt', 1)) | ReturnInsertion(('triangle.cpp.xml', '_inter_block', 13), ('triangle.cpp.xml', 'return', 3)) | IfInsertion(('triangle.cpp.xml', '_inter_block', 13), ('triangle.cpp.xml', 'if', 5)) | IfInsertion(('triangle.cpp.xml', '_inter_block', 4), ('triangle.cpp.xml', 'if', 3)) | IfInsertion(('triangle.cpp.xml', '_inter_block', 17), ('triangle.cpp.xml', 'if', 3)) | ExprStmtDeletion(('triangle.cpp.xml', 'expr_stmt', 2)) | IfInsertion(('triangle.cpp.xml', '_inter_block', 15), ('triangle.cpp.xml', 'if', 3)) | IfInsertion(('triangle.cpp.xml', '_inter_block', 31), ('triangle.cpp.xml', 'if', 5)) | IfInsertion(('triangle.cpp.xml', '_inter_block', 1), ('triangle.cpp.xml', 'if', 1))
2023-12-15 03:24:29,867	[INFO]	55      COMPILE_CODE_ERROR    None  [9 edit(s)]       
2023-12-15 03:24:30,812	[DEBUG]	EXEC>  SUCCESS 1204111
2023-12-15 03:24:30,812	[DEBUG]	DeclStmtInsertion(('triangle.cpp.xml', '_inter_block', 1), ('triangle.cpp.xml', 'decl_stmt', 1)) | ReturnInsertion(('triangle.cpp.xml', '_inter_block', 13), ('triangle.cpp.xml', 'return', 3)) | IfInsertion(('triangle.cpp.xml', '_inter_block', 13), ('triangle.cpp.xml', 'if', 5)) | IfInsertion(('triangle.cpp.xml', '_inter_block', 4), ('triangle.cpp.xml', 'if', 3)) | IfInsertion(('triangle.cpp.xml', '_inter_block', 17), ('triangle.cpp.xml', 'if', 3)) | ExprStmtDeletion(('triangle.cpp.xml', 'expr_stmt', 2)) | IfInsertion(('triangle.cpp.xml', '_inter_block', 15), ('triangle.cpp.xml', 'if', 3)) | IfInsertion(('triangle.cpp.xml', '_inter_block', 31), ('triangle.cpp.xml', 'if', 5)) | IfInsertion(('triangle.cpp.xml', '_inter_block', 16), ('triangle.cpp.xml', 'if', 4))
2023-12-15 03:24:30,813	[INFO]	56      SUCCESS               1204111 (99.99%) [9 edit(s)] 
2023-12-15 03:24:31,786	[DEBUG]	EXEC>  SUCCESS 1204155
2023-12-15 03:24:31,787	[DEBUG]	DeclStmtInsertion(('triangle.cpp.xml', '_inter_block', 1), ('triangle.cpp.xml', 'decl_stmt', 1)) | ReturnInsertion(('triangle.cpp.xml', '_inter_block', 13), ('triangle.cpp.xml', 'return', 3)) | IfInsertion(('triangle.cpp.xml', '_inter_block', 13), ('triangle.cpp.xml', 'if', 5)) | IfInsertion(('triangle.cpp.xml', '_inter_block', 4), ('triangle.cpp.xml', 'if', 3)) | IfInsertion(('triangle.cpp.xml', '_inter_block', 17), ('triangle.cpp.xml', 'if', 3)) | ExprStmtDeletion(('triangle.cpp.xml', 'expr_stmt', 2)) | IfInsertion(('triangle.cpp.xml', '_inter_block', 15), ('triangle.cpp.xml', 'if', 3)) | IfInsertion(('triangle.cpp.xml', '_inter_block', 31), ('triangle.cpp.xml', 'if', 5)) | IfInsertion(('triangle.cpp.xml', '_inter_block', 28), ('triangle.cpp.xml', 'if', 2))
2023-12-15 03:24:31,787	[INFO]	57      SUCCESS               1204155 (99.99%) [9 edit(s)] 
2023-12-15 03:24:32,775	[DEBUG]	EXEC>  SUCCESS 1204192
2023-12-15 03:24:32,776	[DEBUG]	DeclStmtInsertion(('triangle.cpp.xml', '_inter_block', 1), ('triangle.cpp.xml', 'decl_stmt', 1)) | ReturnInsertion(('triangle.cpp.xml', '_inter_block', 13), ('triangle.cpp.xml', 'return', 3)) | IfInsertion(('triangle.cpp.xml', '_inter_block', 13), ('triangle.cpp.xml', 'if', 5)) | IfInsertion(('triangle.cpp.xml', '_inter_block', 4), ('triangle.cpp.xml', 'if', 3)) | IfInsertion(('triangle.cpp.xml', '_inter_block', 17), ('triangle.cpp.xml', 'if', 3)) | ExprStmtDeletion(('triangle.cpp.xml', 'expr_stmt', 2)) | IfInsertion(('triangle.cpp.xml', '_inter_block', 15), ('triangle.cpp.xml', 'if', 3)) | IfInsertion(('triangle.cpp.xml', '_inter_block', 31), ('triangle.cpp.xml', 'if', 5)) | IfInsertion(('triangle.cpp.xml', '_inter_block', 11), ('triangle.cpp.xml', 'if', 0))
2023-12-15 03:24:32,776	[INFO]	58      SUCCESS               1204192 (100.0%) [9 edit(s)] 
2023-12-15 03:24:33,766	[DEBUG]	EXEC>  SUCCESS 1204112
2023-12-15 03:24:33,766	[DEBUG]	DeclStmtInsertion(('triangle.cpp.xml', '_inter_block', 1), ('triangle.cpp.xml', 'decl_stmt', 1)) | ReturnInsertion(('triangle.cpp.xml', '_inter_block', 13), ('triangle.cpp.xml', 'return', 3)) | IfInsertion(('triangle.cpp.xml', '_inter_block', 13), ('triangle.cpp.xml', 'if', 5)) | IfInsertion(('triangle.cpp.xml', '_inter_block', 4), ('triangle.cpp.xml', 'if', 3)) | IfInsertion(('triangle.cpp.xml', '_inter_block', 17), ('triangle.cpp.xml', 'if', 3)) | ExprStmtDeletion(('triangle.cpp.xml', 'expr_stmt', 2)) | IfInsertion(('triangle.cpp.xml', '_inter_block', 15), ('triangle.cpp.xml', 'if', 3)) | IfInsertion(('triangle.cpp.xml', '_inter_block', 31), ('triangle.cpp.xml', 'if', 5)) | DeclStmtDeletion(('triangle.cpp.xml', 'decl_stmt', 0))
2023-12-15 03:24:33,767	[INFO]	59      SUCCESS               1204112 (99.99%) [9 edit(s)] 
2023-12-15 03:24:34,565	[DEBUG]	DeclStmtInsertion(('triangle.cpp.xml', '_inter_block', 1), ('triangle.cpp.xml', 'decl_stmt', 1)) | ReturnInsertion(('triangle.cpp.xml', '_inter_block', 13), ('triangle.cpp.xml', 'return', 3)) | IfInsertion(('triangle.cpp.xml', '_inter_block', 13), ('triangle.cpp.xml', 'if', 5)) | IfInsertion(('triangle.cpp.xml', '_inter_block', 4), ('triangle.cpp.xml', 'if', 3)) | IfInsertion(('triangle.cpp.xml', '_inter_block', 17), ('triangle.cpp.xml', 'if', 3)) | ExprStmtDeletion(('triangle.cpp.xml', 'expr_stmt', 2)) | IfInsertion(('triangle.cpp.xml', '_inter_block', 15), ('triangle.cpp.xml', 'if', 3)) | IfInsertion(('triangle.cpp.xml', '_inter_block', 31), ('triangle.cpp.xml', 'if', 5)) | IfInsertion(('triangle.cpp.xml', '_inter_block', 24), ('triangle.cpp.xml', 'if', 2))
2023-12-15 03:24:34,566	[INFO]	60      TEST_CODE_ERROR       None  [9 edit(s)]       
2023-12-15 03:24:35,754	[DEBUG]	EXEC>  SUCCESS 1204237
2023-12-15 03:24:35,755	[DEBUG]	DeclStmtInsertion(('triangle.cpp.xml', '_inter_block', 1), ('triangle.cpp.xml', 'decl_stmt', 1)) | ReturnInsertion(('triangle.cpp.xml', '_inter_block', 13), ('triangle.cpp.xml', 'return', 3)) | IfInsertion(('triangle.cpp.xml', '_inter_block', 13), ('triangle.cpp.xml', 'if', 5)) | IfInsertion(('triangle.cpp.xml', '_inter_block', 4), ('triangle.cpp.xml', 'if', 3)) | IfInsertion(('triangle.cpp.xml', '_inter_block', 17), ('triangle.cpp.xml', 'if', 3)) | ExprStmtDeletion(('triangle.cpp.xml', 'expr_stmt', 2)) | IfInsertion(('triangle.cpp.xml', '_inter_block', 15), ('triangle.cpp.xml', 'if', 3)) | IfInsertion(('triangle.cpp.xml', '_inter_block', 31), ('triangle.cpp.xml', 'if', 5)) | IfInsertion(('triangle.cpp.xml', '_inter_block', 18), ('triangle.cpp.xml', 'if', 0))
2023-12-15 03:24:35,756	[INFO]	61      SUCCESS               1204237 (100.0%) [9 edit(s)] 
2023-12-15 03:24:36,749	[DEBUG]	EXEC>  SUCCESS 1204110
2023-12-15 03:24:36,749	[DEBUG]	DeclStmtInsertion(('triangle.cpp.xml', '_inter_block', 1), ('triangle.cpp.xml', 'decl_stmt', 1)) | ReturnInsertion(('triangle.cpp.xml', '_inter_block', 13), ('triangle.cpp.xml', 'return', 3)) | IfInsertion(('triangle.cpp.xml', '_inter_block', 13), ('triangle.cpp.xml', 'if', 5)) | IfInsertion(('triangle.cpp.xml', '_inter_block', 4), ('triangle.cpp.xml', 'if', 3)) | IfInsertion(('triangle.cpp.xml', '_inter_block', 17), ('triangle.cpp.xml', 'if', 3)) | ExprStmtDeletion(('triangle.cpp.xml', 'expr_stmt', 2)) | IfInsertion(('triangle.cpp.xml', '_inter_block', 15), ('triangle.cpp.xml', 'if', 3)) | IfInsertion(('triangle.cpp.xml', '_inter_block', 31), ('triangle.cpp.xml', 'if', 5)) | IfInsertion(('triangle.cpp.xml', '_inter_block', 31), ('triangle.cpp.xml', 'if', 1))
2023-12-15 03:24:36,750	[INFO]	62      SUCCESS              +1204110 (99.99%) [9 edit(s)] 
2023-12-15 03:24:36,754	[DEBUG]	--- before: triangle.cpp
+++ after: triangle.cpp
@@ -1,11 +1,24 @@
 #include "triangle.hpp"
 
 void delay() {
-  const struct timespec ms = {0, (long int) (0.001*1e9)}; //tv_sec=0, tv_nsec (0.001 seconds)
+  const struct timespec ms = {0, (long int) (0.001*1e9)};
+  double tmp; //tv_sec=0, tv_nsec (0.001 seconds)
   nanosleep(&ms,NULL); /*ignores possible errors*/
 }
 
 int classify_triangle(double a, double b, double c) {
+  if(a + b <= c)
+    /*auto*/{
+      return INVALID;
+      if(a + b <= c)
+        /*auto*/{
+          return INVALID;
+        }/*auto*/
+      if(a + b <= c)
+        /*auto*/{
+          return INVALID;
+        }/*auto*/
+    }/*auto*/
   double tmp;
 
   delay();
@@ -36,10 +49,24 @@
   if(a == b && b == c)
     /*auto*/{
       return EQUILATERAL;
+      if(a == b || b == c)
+        /*auto*/{
+          return ISOSCELES;
+        }/*auto*/
+      if(a > c) {
+        tmp = a;
+        a = c;
+        c = tmp;
+      }
     }/*auto*/
   if(a == b || b == c)
     /*auto*/{
       return ISOSCELES;
     }/*auto*/
   return SCALENE;
+  return SCALENE;
+  if(a == b || b == c)
+    /*auto*/{
+      return ISOSCELES;
+    }/*auto*/
 }

2023-12-15 03:24:37,754	[DEBUG]	EXEC>  SUCCESS 1204157
2023-12-15 03:24:37,754	[DEBUG]	DeclStmtInsertion(('triangle.cpp.xml', '_inter_block', 1), ('triangle.cpp.xml', 'decl_stmt', 1)) | ReturnInsertion(('triangle.cpp.xml', '_inter_block', 13), ('triangle.cpp.xml', 'return', 3)) | IfInsertion(('triangle.cpp.xml', '_inter_block', 13), ('triangle.cpp.xml', 'if', 5)) | IfInsertion(('triangle.cpp.xml', '_inter_block', 4), ('triangle.cpp.xml', 'if', 3)) | IfInsertion(('triangle.cpp.xml', '_inter_block', 17), ('triangle.cpp.xml', 'if', 3)) | ExprStmtDeletion(('triangle.cpp.xml', 'expr_stmt', 2)) | IfInsertion(('triangle.cpp.xml', '_inter_block', 15), ('triangle.cpp.xml', 'if', 3)) | IfInsertion(('triangle.cpp.xml', '_inter_block', 31), ('triangle.cpp.xml', 'if', 5)) | IfInsertion(('triangle.cpp.xml', '_inter_block', 31), ('triangle.cpp.xml', 'if', 1)) | IfInsertion(('triangle.cpp.xml', '_inter_block', 12), ('triangle.cpp.xml', 'if', 0))
2023-12-15 03:24:37,755	[INFO]	63      SUCCESS               1204157 (99.99%) [10 edit(s)] 
2023-12-15 03:24:37,893	[DEBUG]	DeclStmtInsertion(('triangle.cpp.xml', '_inter_block', 1), ('triangle.cpp.xml', 'decl_stmt', 1)) | ReturnInsertion(('triangle.cpp.xml', '_inter_block', 13), ('triangle.cpp.xml', 'return', 3)) | IfInsertion(('triangle.cpp.xml', '_inter_block', 13), ('triangle.cpp.xml', 'if', 5)) | IfInsertion(('triangle.cpp.xml', '_inter_block', 4), ('triangle.cpp.xml', 'if', 3)) | IfInsertion(('triangle.cpp.xml', '_inter_block', 17), ('triangle.cpp.xml', 'if', 3)) | ExprStmtDeletion(('triangle.cpp.xml', 'expr_stmt', 2)) | IfInsertion(('triangle.cpp.xml', '_inter_block', 15), ('triangle.cpp.xml', 'if', 3)) | IfInsertion(('triangle.cpp.xml', '_inter_block', 31), ('triangle.cpp.xml', 'if', 5)) | IfInsertion(('triangle.cpp.xml', '_inter_block', 31), ('triangle.cpp.xml', 'if', 1)) | IfInsertion(('triangle.cpp.xml', '_inter_block', 17), ('triangle.cpp.xml', 'if', 1))
2023-12-15 03:24:37,894	[INFO]	64      COMPILE_CODE_ERROR    None  [10 edit(s)]      
2023-12-15 03:24:38,905	[DEBUG]	EXEC>  SUCCESS 1204262
2023-12-15 03:24:38,906	[DEBUG]	DeclStmtInsertion(('triangle.cpp.xml', '_inter_block', 1), ('triangle.cpp.xml', 'decl_stmt', 1)) | ReturnInsertion(('triangle.cpp.xml', '_inter_block', 13), ('triangle.cpp.xml', 'return', 3)) | IfInsertion(('triangle.cpp.xml', '_inter_block', 13), ('triangle.cpp.xml', 'if', 5)) | IfInsertion(('triangle.cpp.xml', '_inter_block', 4), ('triangle.cpp.xml', 'if', 3)) | IfInsertion(('triangle.cpp.xml', '_inter_block', 17), ('triangle.cpp.xml', 'if', 3)) | ExprStmtDeletion(('triangle.cpp.xml', 'expr_stmt', 2)) | IfInsertion(('triangle.cpp.xml', '_inter_block', 15), ('triangle.cpp.xml', 'if', 3)) | IfInsertion(('triangle.cpp.xml', '_inter_block', 31), ('triangle.cpp.xml', 'if', 5)) | IfInsertion(('triangle.cpp.xml', '_inter_block', 31), ('triangle.cpp.xml', 'if', 1)) | IfInsertion(('triangle.cpp.xml', '_inter_block', 22), ('triangle.cpp.xml', 'if', 1))
2023-12-15 03:24:38,907	[INFO]	65      SUCCESS               1204262 (100.0%) [10 edit(s)] 
2023-12-15 03:24:39,901	[DEBUG]	EXEC>  SUCCESS 1204110
2023-12-15 03:24:39,902	[DEBUG]	DeclStmtInsertion(('triangle.cpp.xml', '_inter_block', 1), ('triangle.cpp.xml', 'decl_stmt', 1)) | ReturnInsertion(('triangle.cpp.xml', '_inter_block', 13), ('triangle.cpp.xml', 'return', 3)) | IfInsertion(('triangle.cpp.xml', '_inter_block', 13), ('triangle.cpp.xml', 'if', 5)) | IfInsertion(('triangle.cpp.xml', '_inter_block', 4), ('triangle.cpp.xml', 'if', 3)) | IfInsertion(('triangle.cpp.xml', '_inter_block', 17), ('triangle.cpp.xml', 'if', 3)) | ExprStmtDeletion(('triangle.cpp.xml', 'expr_stmt', 2)) | IfInsertion(('triangle.cpp.xml', '_inter_block', 15), ('triangle.cpp.xml', 'if', 3)) | IfInsertion(('triangle.cpp.xml', '_inter_block', 31), ('triangle.cpp.xml', 'if', 5)) | IfInsertion(('triangle.cpp.xml', '_inter_block', 31), ('triangle.cpp.xml', 'if', 1)) | IfInsertion(('triangle.cpp.xml', '_inter_block', 31), ('triangle.cpp.xml', 'if', 3))
2023-12-15 03:24:39,903	[INFO]	66      SUCCESS              +1204110 (99.99%) [10 edit(s)] 
2023-12-15 03:24:39,906	[DEBUG]	--- before: triangle.cpp
+++ after: triangle.cpp
@@ -1,11 +1,24 @@
 #include "triangle.hpp"
 
 void delay() {
-  const struct timespec ms = {0, (long int) (0.001*1e9)}; //tv_sec=0, tv_nsec (0.001 seconds)
+  const struct timespec ms = {0, (long int) (0.001*1e9)};
+  double tmp; //tv_sec=0, tv_nsec (0.001 seconds)
   nanosleep(&ms,NULL); /*ignores possible errors*/
 }
 
 int classify_triangle(double a, double b, double c) {
+  if(a + b <= c)
+    /*auto*/{
+      return INVALID;
+      if(a + b <= c)
+        /*auto*/{
+          return INVALID;
+        }/*auto*/
+      if(a + b <= c)
+        /*auto*/{
+          return INVALID;
+        }/*auto*/
+    }/*auto*/
   double tmp;
 
   delay();
@@ -36,10 +49,28 @@
   if(a == b && b == c)
     /*auto*/{
       return EQUILATERAL;
+      if(a == b || b == c)
+        /*auto*/{
+          return ISOSCELES;
+        }/*auto*/
+      if(a > c) {
+        tmp = a;
+        a = c;
+        c = tmp;
+      }
+      if(a + b <= c)
+        /*auto*/{
+          return INVALID;
+        }/*auto*/
     }/*auto*/
   if(a == b || b == c)
     /*auto*/{
       return ISOSCELES;
     }/*auto*/
   return SCALENE;
+  return SCALENE;
+  if(a == b || b == c)
+    /*auto*/{
+      return ISOSCELES;
+    }/*auto*/
 }

2023-12-15 03:24:40,856	[DEBUG]	EXEC>  SUCCESS 1204111
2023-12-15 03:24:40,857	[DEBUG]	DeclStmtInsertion(('triangle.cpp.xml', '_inter_block', 1), ('triangle.cpp.xml', 'decl_stmt', 1)) | ReturnInsertion(('triangle.cpp.xml', '_inter_block', 13), ('triangle.cpp.xml', 'return', 3)) | IfInsertion(('triangle.cpp.xml', '_inter_block', 13), ('triangle.cpp.xml', 'if', 5)) | IfInsertion(('triangle.cpp.xml', '_inter_block', 4), ('triangle.cpp.xml', 'if', 3)) | IfInsertion(('triangle.cpp.xml', '_inter_block', 17), ('triangle.cpp.xml', 'if', 3)) | ExprStmtDeletion(('triangle.cpp.xml', 'expr_stmt', 2)) | IfInsertion(('triangle.cpp.xml', '_inter_block', 15), ('triangle.cpp.xml', 'if', 3)) | IfInsertion(('triangle.cpp.xml', '_inter_block', 31), ('triangle.cpp.xml', 'if', 5)) | IfInsertion(('triangle.cpp.xml', '_inter_block', 31), ('triangle.cpp.xml', 'if', 1)) | IfInsertion(('triangle.cpp.xml', '_inter_block', 31), ('triangle.cpp.xml', 'if', 3)) | IfInsertion(('triangle.cpp.xml', '_inter_block', 31), ('triangle.cpp.xml', 'if', 1))
2023-12-15 03:24:40,858	[INFO]	67      SUCCESS               1204111 (99.99%) [11 edit(s)] 
2023-12-15 03:24:40,862	[DEBUG]	DeclStmtInsertion(('triangle.cpp.xml', '_inter_block', 1), ('triangle.cpp.xml', 'decl_stmt', 1)) | ReturnInsertion(('triangle.cpp.xml', '_inter_block', 13), ('triangle.cpp.xml', 'return', 3)) | IfInsertion(('triangle.cpp.xml', '_inter_block', 13), ('triangle.cpp.xml', 'if', 5)) | IfInsertion(('triangle.cpp.xml', '_inter_block', 4), ('triangle.cpp.xml', 'if', 3)) | IfInsertion(('triangle.cpp.xml', '_inter_block', 17), ('triangle.cpp.xml', 'if', 3)) | ExprStmtDeletion(('triangle.cpp.xml', 'expr_stmt', 2)) | IfInsertion(('triangle.cpp.xml', '_inter_block', 15), ('triangle.cpp.xml', 'if', 3)) | IfInsertion(('triangle.cpp.xml', '_inter_block', 31), ('triangle.cpp.xml', 'if', 5)) | IfInsertion(('triangle.cpp.xml', '_inter_block', 31), ('triangle.cpp.xml', 'if', 1)) | IfInsertion(('triangle.cpp.xml', '_inter_block', 31), ('triangle.cpp.xml', 'if', 3)) | ReturnReplacement(('triangle.cpp.xml', 'return', 0), ('triangle.cpp.xml', 'stmt', 0))
2023-12-15 03:24:40,862	[INFO]	68      SUCCESS              +1204110 (99.99%) [11 edit(s)] 
2023-12-15 03:24:40,866	[DEBUG]	--- before: triangle.cpp
+++ after: triangle.cpp
@@ -1,11 +1,24 @@
 #include "triangle.hpp"
 
 void delay() {
-  const struct timespec ms = {0, (long int) (0.001*1e9)}; //tv_sec=0, tv_nsec (0.001 seconds)
+  const struct timespec ms = {0, (long int) (0.001*1e9)};
+  double tmp; //tv_sec=0, tv_nsec (0.001 seconds)
   nanosleep(&ms,NULL); /*ignores possible errors*/
 }
 
 int classify_triangle(double a, double b, double c) {
+  if(a + b <= c)
+    /*auto*/{
+      return INVALID;
+      if(a + b <= c)
+        /*auto*/{
+          return INVALID;
+        }/*auto*/
+      if(a + b <= c)
+        /*auto*/{
+          return INVALID;
+        }/*auto*/
+    }/*auto*/
   double tmp;
 
   delay();
@@ -36,10 +49,28 @@
   if(a == b && b == c)
     /*auto*/{
       return EQUILATERAL;
+      if(a == b || b == c)
+        /*auto*/{
+          return ISOSCELES;
+        }/*auto*/
+      if(a > c) {
+        tmp = a;
+        a = c;
+        c = tmp;
+      }
+      if(a + b <= c)
+        /*auto*/{
+          return INVALID;
+        }/*auto*/
     }/*auto*/
   if(a == b || b == c)
     /*auto*/{
       return ISOSCELES;
     }/*auto*/
   return SCALENE;
+  return SCALENE;
+  if(a == b || b == c)
+    /*auto*/{
+      return ISOSCELES;
+    }/*auto*/
 }

2023-12-15 03:24:41,016	[DEBUG]	DeclStmtInsertion(('triangle.cpp.xml', '_inter_block', 1), ('triangle.cpp.xml', 'decl_stmt', 1)) | ReturnInsertion(('triangle.cpp.xml', '_inter_block', 13), ('triangle.cpp.xml', 'return', 3)) | IfInsertion(('triangle.cpp.xml', '_inter_block', 13), ('triangle.cpp.xml', 'if', 5)) | IfInsertion(('triangle.cpp.xml', '_inter_block', 4), ('triangle.cpp.xml', 'if', 3)) | IfInsertion(('triangle.cpp.xml', '_inter_block', 17), ('triangle.cpp.xml', 'if', 3)) | ExprStmtDeletion(('triangle.cpp.xml', 'expr_stmt', 2)) | IfInsertion(('triangle.cpp.xml', '_inter_block', 15), ('triangle.cpp.xml', 'if', 3)) | IfInsertion(('triangle.cpp.xml', '_inter_block', 31), ('triangle.cpp.xml', 'if', 5)) | IfInsertion(('triangle.cpp.xml', '_inter_block', 31), ('triangle.cpp.xml', 'if', 1)) | IfInsertion(('triangle.cpp.xml', '_inter_block', 31), ('triangle.cpp.xml', 'if', 3)) | ReturnReplacement(('triangle.cpp.xml', 'return', 0), ('triangle.cpp.xml', 'stmt', 0)) | IfInsertion(('triangle.cpp.xml', '_inter_block', 0), ('triangle.cpp.xml', 'if', 2))
2023-12-15 03:24:41,016	[INFO]	69      COMPILE_CODE_ERROR    None  [12 edit(s)]      
2023-12-15 03:24:42,036	[DEBUG]	EXEC>  SUCCESS 1204155
2023-12-15 03:24:42,036	[DEBUG]	DeclStmtInsertion(('triangle.cpp.xml', '_inter_block', 1), ('triangle.cpp.xml', 'decl_stmt', 1)) | ReturnInsertion(('triangle.cpp.xml', '_inter_block', 13), ('triangle.cpp.xml', 'return', 3)) | IfInsertion(('triangle.cpp.xml', '_inter_block', 13), ('triangle.cpp.xml', 'if', 5)) | IfInsertion(('triangle.cpp.xml', '_inter_block', 4), ('triangle.cpp.xml', 'if', 3)) | IfInsertion(('triangle.cpp.xml', '_inter_block', 17), ('triangle.cpp.xml', 'if', 3)) | ExprStmtDeletion(('triangle.cpp.xml', 'expr_stmt', 2)) | IfInsertion(('triangle.cpp.xml', '_inter_block', 15), ('triangle.cpp.xml', 'if', 3)) | IfInsertion(('triangle.cpp.xml', '_inter_block', 31), ('triangle.cpp.xml', 'if', 5)) | IfInsertion(('triangle.cpp.xml', '_inter_block', 31), ('triangle.cpp.xml', 'if', 1)) | IfInsertion(('triangle.cpp.xml', '_inter_block', 31), ('triangle.cpp.xml', 'if', 3)) | ReturnReplacement(('triangle.cpp.xml', 'return', 0), ('triangle.cpp.xml', 'stmt', 0)) | IfInsertion(('triangle.cpp.xml', '_inter_block', 28), ('triangle.cpp.xml', 'if', 2))
2023-12-15 03:24:42,037	[INFO]	70      SUCCESS               1204155 (99.99%) [12 edit(s)] 
2023-12-15 03:24:43,025	[DEBUG]	EXEC>  SUCCESS 1204154
2023-12-15 03:24:43,025	[DEBUG]	DeclStmtInsertion(('triangle.cpp.xml', '_inter_block', 1), ('triangle.cpp.xml', 'decl_stmt', 1)) | ReturnInsertion(('triangle.cpp.xml', '_inter_block', 13), ('triangle.cpp.xml', 'return', 3)) | IfInsertion(('triangle.cpp.xml', '_inter_block', 13), ('triangle.cpp.xml', 'if', 5)) | IfInsertion(('triangle.cpp.xml', '_inter_block', 4), ('triangle.cpp.xml', 'if', 3)) | IfInsertion(('triangle.cpp.xml', '_inter_block', 17), ('triangle.cpp.xml', 'if', 3)) | ExprStmtDeletion(('triangle.cpp.xml', 'expr_stmt', 2)) | IfInsertion(('triangle.cpp.xml', '_inter_block', 15), ('triangle.cpp.xml', 'if', 3)) | IfInsertion(('triangle.cpp.xml', '_inter_block', 31), ('triangle.cpp.xml', 'if', 5)) | IfInsertion(('triangle.cpp.xml', '_inter_block', 31), ('triangle.cpp.xml', 'if', 1)) | IfInsertion(('triangle.cpp.xml', '_inter_block', 31), ('triangle.cpp.xml', 'if', 3)) | ReturnReplacement(('triangle.cpp.xml', 'return', 0), ('triangle.cpp.xml', 'stmt', 0)) | IfInsertion(('triangle.cpp.xml', '_inter_block', 25), ('triangle.cpp.xml', 'if', 1))
2023-12-15 03:24:43,026	[INFO]	71      SUCCESS               1204154 (99.99%) [12 edit(s)] 
2023-12-15 03:24:43,192	[DEBUG]	DeclStmtInsertion(('triangle.cpp.xml', '_inter_block', 1), ('triangle.cpp.xml', 'decl_stmt', 1)) | ReturnInsertion(('triangle.cpp.xml', '_inter_block', 13), ('triangle.cpp.xml', 'return', 3)) | IfInsertion(('triangle.cpp.xml', '_inter_block', 13), ('triangle.cpp.xml', 'if', 5)) | IfInsertion(('triangle.cpp.xml', '_inter_block', 4), ('triangle.cpp.xml', 'if', 3)) | IfInsertion(('triangle.cpp.xml', '_inter_block', 17), ('triangle.cpp.xml', 'if', 3)) | ExprStmtDeletion(('triangle.cpp.xml', 'expr_stmt', 2)) | IfInsertion(('triangle.cpp.xml', '_inter_block', 15), ('triangle.cpp.xml', 'if', 3)) | IfInsertion(('triangle.cpp.xml', '_inter_block', 31), ('triangle.cpp.xml', 'if', 5)) | IfInsertion(('triangle.cpp.xml', '_inter_block', 31), ('triangle.cpp.xml', 'if', 1)) | IfInsertion(('triangle.cpp.xml', '_inter_block', 31), ('triangle.cpp.xml', 'if', 3)) | ReturnReplacement(('triangle.cpp.xml', 'return', 0), ('triangle.cpp.xml', 'stmt', 0)) | IfInsertion(('triangle.cpp.xml', '_inter_block', 3), ('triangle.cpp.xml', 'if', 5))
2023-12-15 03:24:43,193	[INFO]	72      COMPILE_CODE_ERROR    None  [12 edit(s)]      
2023-12-15 03:24:43,993	[DEBUG]	DeclStmtInsertion(('triangle.cpp.xml', '_inter_block', 1), ('triangle.cpp.xml', 'decl_stmt', 1)) | ReturnInsertion(('triangle.cpp.xml', '_inter_block', 13), ('triangle.cpp.xml', 'return', 3)) | IfInsertion(('triangle.cpp.xml', '_inter_block', 13), ('triangle.cpp.xml', 'if', 5)) | IfInsertion(('triangle.cpp.xml', '_inter_block', 4), ('triangle.cpp.xml', 'if', 3)) | IfInsertion(('triangle.cpp.xml', '_inter_block', 17), ('triangle.cpp.xml', 'if', 3)) | ExprStmtDeletion(('triangle.cpp.xml', 'expr_stmt', 2)) | IfInsertion(('triangle.cpp.xml', '_inter_block', 15), ('triangle.cpp.xml', 'if', 3)) | IfInsertion(('triangle.cpp.xml', '_inter_block', 31), ('triangle.cpp.xml', 'if', 5)) | IfInsertion(('triangle.cpp.xml', '_inter_block', 31), ('triangle.cpp.xml', 'if', 1)) | IfInsertion(('triangle.cpp.xml', '_inter_block', 31), ('triangle.cpp.xml', 'if', 3)) | ReturnReplacement(('triangle.cpp.xml', 'return', 0), ('triangle.cpp.xml', 'stmt', 0)) | IfInsertion(('triangle.cpp.xml', '_inter_block', 20), ('triangle.cpp.xml', 'if', 1))
2023-12-15 03:24:43,994	[INFO]	73      TEST_CODE_ERROR       None  [12 edit(s)]      
2023-12-15 03:24:44,976	[DEBUG]	EXEC>  SUCCESS 1204200
2023-12-15 03:24:44,976	[DEBUG]	DeclStmtInsertion(('triangle.cpp.xml', '_inter_block', 1), ('triangle.cpp.xml', 'decl_stmt', 1)) | ReturnInsertion(('triangle.cpp.xml', '_inter_block', 13), ('triangle.cpp.xml', 'return', 3)) | IfInsertion(('triangle.cpp.xml', '_inter_block', 13), ('triangle.cpp.xml', 'if', 5)) | IfInsertion(('triangle.cpp.xml', '_inter_block', 4), ('triangle.cpp.xml', 'if', 3)) | IfInsertion(('triangle.cpp.xml', '_inter_block', 17), ('triangle.cpp.xml', 'if', 3)) | ExprStmtDeletion(('triangle.cpp.xml', 'expr_stmt', 2)) | IfInsertion(('triangle.cpp.xml', '_inter_block', 15), ('triangle.cpp.xml', 'if', 3)) | IfInsertion(('triangle.cpp.xml', '_inter_block', 31), ('triangle.cpp.xml', 'if', 5)) | IfInsertion(('triangle.cpp.xml', '_inter_block', 31), ('triangle.cpp.xml', 'if', 1)) | IfInsertion(('triangle.cpp.xml', '_inter_block', 31), ('triangle.cpp.xml', 'if', 3)) | ReturnReplacement(('triangle.cpp.xml', 'return', 0), ('triangle.cpp.xml', 'stmt', 0)) | IfInsertion(('triangle.cpp.xml', '_inter_block', 26), ('triangle.cpp.xml', 'if', 0))
2023-12-15 03:24:44,977	[INFO]	74      SUCCESS               1204200 (100.0%) [12 edit(s)] 
2023-12-15 03:24:45,950	[DEBUG]	EXEC>  SUCCESS 1204210
2023-12-15 03:24:45,950	[DEBUG]	DeclStmtInsertion(('triangle.cpp.xml', '_inter_block', 1), ('triangle.cpp.xml', 'decl_stmt', 1)) | ReturnInsertion(('triangle.cpp.xml', '_inter_block', 13), ('triangle.cpp.xml', 'return', 3)) | IfInsertion(('triangle.cpp.xml', '_inter_block', 13), ('triangle.cpp.xml', 'if', 5)) | IfInsertion(('triangle.cpp.xml', '_inter_block', 4), ('triangle.cpp.xml', 'if', 3)) | IfInsertion(('triangle.cpp.xml', '_inter_block', 17), ('triangle.cpp.xml', 'if', 3)) | ExprStmtDeletion(('triangle.cpp.xml', 'expr_stmt', 2)) | IfInsertion(('triangle.cpp.xml', '_inter_block', 15), ('triangle.cpp.xml', 'if', 3)) | IfInsertion(('triangle.cpp.xml', '_inter_block', 31), ('triangle.cpp.xml', 'if', 5)) | IfInsertion(('triangle.cpp.xml', '_inter_block', 31), ('triangle.cpp.xml', 'if', 1)) | IfInsertion(('triangle.cpp.xml', '_inter_block', 31), ('triangle.cpp.xml', 'if', 3)) | ReturnReplacement(('triangle.cpp.xml', 'return', 0), ('triangle.cpp.xml', 'stmt', 0)) | IfInsertion(('triangle.cpp.xml', '_inter_block', 19), ('triangle.cpp.xml', 'if', 5))
2023-12-15 03:24:45,951	[INFO]	75      SUCCESS               1204210 (100.0%) [12 edit(s)] 
2023-12-15 03:24:46,732	[DEBUG]	DeclStmtInsertion(('triangle.cpp.xml', '_inter_block', 1), ('triangle.cpp.xml', 'decl_stmt', 1)) | ReturnInsertion(('triangle.cpp.xml', '_inter_block', 13), ('triangle.cpp.xml', 'return', 3)) | IfInsertion(('triangle.cpp.xml', '_inter_block', 13), ('triangle.cpp.xml', 'if', 5)) | IfInsertion(('triangle.cpp.xml', '_inter_block', 4), ('triangle.cpp.xml', 'if', 3)) | IfInsertion(('triangle.cpp.xml', '_inter_block', 17), ('triangle.cpp.xml', 'if', 3)) | ExprStmtDeletion(('triangle.cpp.xml', 'expr_stmt', 2)) | IfInsertion(('triangle.cpp.xml', '_inter_block', 15), ('triangle.cpp.xml', 'if', 3)) | IfInsertion(('triangle.cpp.xml', '_inter_block', 31), ('triangle.cpp.xml', 'if', 5)) | IfInsertion(('triangle.cpp.xml', '_inter_block', 31), ('triangle.cpp.xml', 'if', 1)) | IfInsertion(('triangle.cpp.xml', '_inter_block', 31), ('triangle.cpp.xml', 'if', 3)) | ReturnReplacement(('triangle.cpp.xml', 'return', 0), ('triangle.cpp.xml', 'stmt', 0)) | ReturnDeletion(('triangle.cpp.xml', 'return', 1))
2023-12-15 03:24:46,732	[INFO]	76      TEST_CODE_ERROR       None  [12 edit(s)]      
2023-12-15 03:24:47,720	[DEBUG]	EXEC>  SUCCESS 1204111
2023-12-15 03:24:47,720	[DEBUG]	DeclStmtInsertion(('triangle.cpp.xml', '_inter_block', 1), ('triangle.cpp.xml', 'decl_stmt', 1)) | ReturnInsertion(('triangle.cpp.xml', '_inter_block', 13), ('triangle.cpp.xml', 'return', 3)) | IfInsertion(('triangle.cpp.xml', '_inter_block', 13), ('triangle.cpp.xml', 'if', 5)) | IfInsertion(('triangle.cpp.xml', '_inter_block', 4), ('triangle.cpp.xml', 'if', 3)) | IfInsertion(('triangle.cpp.xml', '_inter_block', 17), ('triangle.cpp.xml', 'if', 3)) | ExprStmtDeletion(('triangle.cpp.xml', 'expr_stmt', 2)) | IfInsertion(('triangle.cpp.xml', '_inter_block', 15), ('triangle.cpp.xml', 'if', 3)) | IfInsertion(('triangle.cpp.xml', '_inter_block', 31), ('triangle.cpp.xml', 'if', 5)) | IfInsertion(('triangle.cpp.xml', '_inter_block', 31), ('triangle.cpp.xml', 'if', 1)) | IfInsertion(('triangle.cpp.xml', '_inter_block', 31), ('triangle.cpp.xml', 'if', 3)) | ReturnReplacement(('triangle.cpp.xml', 'return', 0), ('triangle.cpp.xml', 'stmt', 0)) | IfInsertion(('triangle.cpp.xml', '_inter_block', 13), ('triangle.cpp.xml', 'if', 4))
2023-12-15 03:24:47,721	[INFO]	77      SUCCESS               1204111 (99.99%) [12 edit(s)] 
2023-12-15 03:24:48,679	[DEBUG]	EXEC>  SUCCESS 1204192
2023-12-15 03:24:48,680	[DEBUG]	DeclStmtInsertion(('triangle.cpp.xml', '_inter_block', 1), ('triangle.cpp.xml', 'decl_stmt', 1)) | ReturnInsertion(('triangle.cpp.xml', '_inter_block', 13), ('triangle.cpp.xml', 'return', 3)) | IfInsertion(('triangle.cpp.xml', '_inter_block', 13), ('triangle.cpp.xml', 'if', 5)) | IfInsertion(('triangle.cpp.xml', '_inter_block', 4), ('triangle.cpp.xml', 'if', 3)) | IfInsertion(('triangle.cpp.xml', '_inter_block', 17), ('triangle.cpp.xml', 'if', 3)) | ExprStmtDeletion(('triangle.cpp.xml', 'expr_stmt', 2)) | IfInsertion(('triangle.cpp.xml', '_inter_block', 15), ('triangle.cpp.xml', 'if', 3)) | IfInsertion(('triangle.cpp.xml', '_inter_block', 31), ('triangle.cpp.xml', 'if', 5)) | IfInsertion(('triangle.cpp.xml', '_inter_block', 31), ('triangle.cpp.xml', 'if', 1)) | IfInsertion(('triangle.cpp.xml', '_inter_block', 31), ('triangle.cpp.xml', 'if', 3)) | ReturnReplacement(('triangle.cpp.xml', 'return', 0), ('triangle.cpp.xml', 'stmt', 0)) | IfInsertion(('triangle.cpp.xml', '_inter_block', 11), ('triangle.cpp.xml', 'if', 1))
2023-12-15 03:24:48,680	[INFO]	78      SUCCESS               1204192 (100.0%) [12 edit(s)] 
2023-12-15 03:24:49,459	[DEBUG]	DeclStmtInsertion(('triangle.cpp.xml', '_inter_block', 1), ('triangle.cpp.xml', 'decl_stmt', 1)) | ReturnInsertion(('triangle.cpp.xml', '_inter_block', 13), ('triangle.cpp.xml', 'return', 3)) | IfInsertion(('triangle.cpp.xml', '_inter_block', 13), ('triangle.cpp.xml', 'if', 5)) | IfInsertion(('triangle.cpp.xml', '_inter_block', 4), ('triangle.cpp.xml', 'if', 3)) | IfInsertion(('triangle.cpp.xml', '_inter_block', 17), ('triangle.cpp.xml', 'if', 3)) | ExprStmtDeletion(('triangle.cpp.xml', 'expr_stmt', 2)) | IfInsertion(('triangle.cpp.xml', '_inter_block', 15), ('triangle.cpp.xml', 'if', 3)) | IfInsertion(('triangle.cpp.xml', '_inter_block', 31), ('triangle.cpp.xml', 'if', 5)) | IfInsertion(('triangle.cpp.xml', '_inter_block', 31), ('triangle.cpp.xml', 'if', 1)) | IfInsertion(('triangle.cpp.xml', '_inter_block', 31), ('triangle.cpp.xml', 'if', 3)) | ReturnReplacement(('triangle.cpp.xml', 'return', 0), ('triangle.cpp.xml', 'stmt', 0)) | IfInsertion(('triangle.cpp.xml', '_inter_block', 20), ('triangle.cpp.xml', 'if', 5))
2023-12-15 03:24:49,459	[INFO]	79      TEST_CODE_ERROR       None  [12 edit(s)]      
2023-12-15 03:24:50,442	[DEBUG]	EXEC>  SUCCESS 1204165
2023-12-15 03:24:50,442	[DEBUG]	DeclStmtInsertion(('triangle.cpp.xml', '_inter_block', 1), ('triangle.cpp.xml', 'decl_stmt', 1)) | ReturnInsertion(('triangle.cpp.xml', '_inter_block', 13), ('triangle.cpp.xml', 'return', 3)) | IfInsertion(('triangle.cpp.xml', '_inter_block', 13), ('triangle.cpp.xml', 'if', 5)) | IfInsertion(('triangle.cpp.xml', '_inter_block', 4), ('triangle.cpp.xml', 'if', 3)) | IfInsertion(('triangle.cpp.xml', '_inter_block', 17), ('triangle.cpp.xml', 'if', 3)) | ExprStmtDeletion(('triangle.cpp.xml', 'expr_stmt', 2)) | IfInsertion(('triangle.cpp.xml', '_inter_block', 15), ('triangle.cpp.xml', 'if', 3)) | IfInsertion(('triangle.cpp.xml', '_inter_block', 31), ('triangle.cpp.xml', 'if', 5)) | IfInsertion(('triangle.cpp.xml', '_inter_block', 31), ('triangle.cpp.xml', 'if', 1)) | IfInsertion(('triangle.cpp.xml', '_inter_block', 31), ('triangle.cpp.xml', 'if', 3)) | ReturnReplacement(('triangle.cpp.xml', 'return', 0), ('triangle.cpp.xml', 'stmt', 0)) | IfInsertion(('triangle.cpp.xml', '_inter_block', 20), ('triangle.cpp.xml', 'if', 0))
2023-12-15 03:24:50,443	[INFO]	80      SUCCESS               1204165 (99.99%) [12 edit(s)] 
2023-12-15 03:24:50,446	[INFO]	==== END ====
2023-12-15 03:24:50,447	[INFO]	
2023-12-15 03:24:50,447	[INFO]	==== REPORT ====
2023-12-15 03:24:50,448	[INFO]	Termination: time budget
2023-12-15 03:24:50,449	[INFO]	Log file: /cs/student/ug/2020/damibose/projects/magpie/_magpie_logs/triangle-cpp_slow_1702610623.log
2023-12-15 03:24:50,452	[INFO]	Patch file: _magpie_logs/triangle-cpp_slow_1702610623.patch
2023-12-15 03:24:50,452	[INFO]	Diff file: _magpie_logs/triangle-cpp_slow_1702610623.diff
2023-12-15 03:24:50,452	[INFO]	Best fitness: 1204110
2023-12-15 03:24:50,453	[INFO]	Best patch: DeclStmtInsertion(('triangle.cpp.xml', '_inter_block', 1), ('triangle.cpp.xml', 'decl_stmt', 1)) | ReturnInsertion(('triangle.cpp.xml', '_inter_block', 13), ('triangle.cpp.xml', 'return', 3)) | IfInsertion(('triangle.cpp.xml', '_inter_block', 13), ('triangle.cpp.xml', 'if', 5)) | IfInsertion(('triangle.cpp.xml', '_inter_block', 4), ('triangle.cpp.xml', 'if', 3)) | IfInsertion(('triangle.cpp.xml', '_inter_block', 17), ('triangle.cpp.xml', 'if', 3))
2023-12-15 03:24:50,454	[INFO]	Diff:
--- before: triangle.cpp
+++ after: triangle.cpp
@@ -1,11 +1,20 @@
 #include "triangle.hpp"
 
 void delay() {
-  const struct timespec ms = {0, (long int) (0.001*1e9)}; //tv_sec=0, tv_nsec (0.001 seconds)
+  const struct timespec ms = {0, (long int) (0.001*1e9)};
+  double tmp; //tv_sec=0, tv_nsec (0.001 seconds)
   nanosleep(&ms,NULL); /*ignores possible errors*/
 }
 
 int classify_triangle(double a, double b, double c) {
+  if(a + b <= c)
+    /*auto*/{
+      return INVALID;
+      if(a + b <= c)
+        /*auto*/{
+          return INVALID;
+        }/*auto*/
+    }/*auto*/
   double tmp;
 
   delay();
@@ -42,4 +51,9 @@
       return ISOSCELES;
     }/*auto*/
   return SCALENE;
+  return SCALENE;
+  if(a == b || b == c)
+    /*auto*/{
+      return ISOSCELES;
+    }/*auto*/
 }

