2023-12-14 14:39:53,998	[DEBUG]	==== CONFIG ====
[magpie]
import = 
seed = 5147924087723286
log_dir = _magpie_logs
work_dir = _magpie_work
local_original_copy = True
local_original_name = __original__
output_encoding = ascii
edit_retries = 10
default_timeout = 30
default_lengthout = 10000.0
diff_method = unified
trust_local_filesystem = True

[software]
path = examples/code/triangle-cpp_slow
target_files = 
	triangle.cpp.xml
program = BasicProgram
engine_rules = 
	*.params : ConfigFileParamsEngine
	*.xml : SrcmlEngine
	* : LineEngine
engine_config = 
	*.params : [params]
	*.xml : [srcml]
init_cmd = 
init_timeout = 60
init_lengthout = -1
setup_cmd = ./setup.sh
setup_timeout = 
setup_lengthout = 
compile_cmd = ./compile.sh
compile_timeout = 
compile_lengthout = 
test_cmd = ./build/test_triangle
test_timeout = 
test_lengthout = 
run_cmd = ./build/run_triangle
run_timeout = 1
run_lengthout = 
batch_timeout = 
batch_lengthout = 
batch_bin_fitness_strategy = aggregate
batch_fitness_strategy = sum
fitness = time

[srcml]
rename = 
	stmt: break continue decl_stmt do expr_stmt for goto if return switch while
	number: literal_number
focus = block stmt operator_comp operator_arith number
internodes = block
process_pseudo_blocks = True
process_literals = True
process_operators = True

[params]
timing = test run
cli_prefix = --
cli_glue = =
cli_boolean = show
cli_boolean_prefix_true = 
cli_boolean_prefix_false = no-
silent_prefix = @
silent_suffix = $

[search]
protocol = BasicProtocol
algorithm = FirstImprovement
possible_edits = 
	StmtReplacement
	StmtInsertion
	StmtDeletion
warmup = 1
warmup_strategy = last
max_steps = 100
max_time = 60
target_fitness = 
cache_maxsize = 40
cache_keep = 0.2
batch_instances = 
batch_shuffle = True
batch_bin_shuffle = False
batch_sample_size = 1
operator_selector = UniformSelector

[search.ls]
delete_prob = 0.5
max_neighbours = 
when_trapped = continue
accept_fail = False
tabu_length = 10

[search.gp]
pop_size = 10
delete_prob = 0.5
offspring_elitism = 0.1
offspring_crossover = 0.5
offspring_mutation = 0.4
uniform_rate = 0.5
batch_reset = True

[search.minify]
do_cleanup = True
do_rebuild = True
do_simplify = True
round_robin_limit = 3


2023-12-14 14:39:54,005	[INFO]	==== WARMUP ====
2023-12-14 14:39:56,574	[DEBUG]	EXEC>  SUCCESS 0.1052
2023-12-14 14:39:56,575	[INFO]	WARM    SUCCESS               0.1052                  
2023-12-14 14:39:56,576	[INFO]	INITIAL SUCCESS               0.1052                  
2023-12-14 14:39:56,576	[INFO]	==== START: FirstImprovement ====
2023-12-14 14:39:57,412	[DEBUG]	StmtReplacement(('triangle.cpp.xml', 'stmt', 11), ('triangle.cpp.xml', 'stmt', 10))
2023-12-14 14:39:57,412	[INFO]	1       TEST_CODE_ERROR       None  [1 edit(s)]       
2023-12-14 14:39:57,554	[DEBUG]	StmtReplacement(('triangle.cpp.xml', 'stmt', 2), ('triangle.cpp.xml', 'stmt', 4))
2023-12-14 14:39:57,555	[INFO]	2       COMPILE_CODE_ERROR    None  [1 edit(s)]       
2023-12-14 14:39:58,386	[DEBUG]	StmtDeletion(('triangle.cpp.xml', 'stmt', 20))
2023-12-14 14:39:58,387	[INFO]	3       TEST_CODE_ERROR       None  [1 edit(s)]       
2023-12-14 14:39:59,435	[DEBUG]	EXEC>  SUCCESS 0.1788
2023-12-14 14:39:59,435	[DEBUG]	StmtInsertion(('triangle.cpp.xml', '_inter_block', 12), ('triangle.cpp.xml', 'stmt', 3))
2023-12-14 14:39:59,436	[INFO]	4       SUCCESS               0.1788 (169.96%) [1 edit(s)] 
2023-12-14 14:40:00,296	[DEBUG]	StmtReplacement(('triangle.cpp.xml', 'stmt', 16), ('triangle.cpp.xml', 'stmt', 14))
2023-12-14 14:40:00,296	[INFO]	5       TEST_CODE_ERROR       None  [1 edit(s)]       
2023-12-14 14:40:01,176	[DEBUG]	StmtReplacement(('triangle.cpp.xml', 'stmt', 19), ('triangle.cpp.xml', 'stmt', 20))
2023-12-14 14:40:01,176	[INFO]	6       TEST_CODE_ERROR       None  [1 edit(s)]       
2023-12-14 14:40:01,321	[DEBUG]	StmtReplacement(('triangle.cpp.xml', 'stmt', 1), ('triangle.cpp.xml', 'stmt', 4))
2023-12-14 14:40:01,321	[INFO]	7       COMPILE_CODE_ERROR    None  [1 edit(s)]       
2023-12-14 14:40:01,457	[DEBUG]	StmtInsertion(('triangle.cpp.xml', '_inter_block', 14), ('triangle.cpp.xml', 'stmt', 2))
2023-12-14 14:40:01,457	[INFO]	8       COMPILE_CODE_ERROR    None  [1 edit(s)]       
2023-12-14 14:40:02,321	[DEBUG]	StmtReplacement(('triangle.cpp.xml', 'stmt', 22), ('triangle.cpp.xml', 'stmt', 3))
2023-12-14 14:40:02,321	[INFO]	9       TEST_CODE_ERROR       None  [1 edit(s)]       
2023-12-14 14:40:03,140	[DEBUG]	EXEC>  SUCCESS 0.0321
2023-12-14 14:40:03,141	[DEBUG]	StmtReplacement(('triangle.cpp.xml', 'stmt', 3), ('triangle.cpp.xml', 'stmt', 16))
2023-12-14 14:40:03,141	[INFO]	10      SUCCESS              *0.0321 (30.51%) [1 edit(s)] 
2023-12-14 14:40:03,144	[DEBUG]	--- before: triangle.cpp
+++ after: triangle.cpp
@@ -8,7 +8,10 @@
 int classify_triangle(double a, double b, double c) {
   double tmp;
 
-  delay();
+  if(a + b <= c)
+    /*auto*/{
+      return INVALID;
+    }/*auto*/
 
   // Sort the sides so that a <= b <= c
   if(a > b) {

2023-12-14 14:40:03,297	[DEBUG]	StmtReplacement(('triangle.cpp.xml', 'stmt', 3), ('triangle.cpp.xml', 'stmt', 16)) | StmtInsertion(('triangle.cpp.xml', '_inter_block', 13), ('triangle.cpp.xml', 'stmt', 2))
2023-12-14 14:40:03,298	[INFO]	11      COMPILE_CODE_ERROR    None  [2 edit(s)]       
2023-12-14 14:40:04,242	[DEBUG]	EXEC>  SUCCESS 0.1103
2023-12-14 14:40:04,243	[DEBUG]	
2023-12-14 14:40:04,243	[INFO]	12      SUCCESS               0.1103 (104.85%) [0 edit(s)] 
2023-12-14 14:40:05,096	[DEBUG]	EXEC>  SUCCESS 0.0323
2023-12-14 14:40:05,097	[DEBUG]	StmtReplacement(('triangle.cpp.xml', 'stmt', 3), ('triangle.cpp.xml', 'stmt', 16)) | StmtInsertion(('triangle.cpp.xml', '_inter_block', 30), ('triangle.cpp.xml', 'stmt', 2))
2023-12-14 14:40:05,098	[INFO]	13      SUCCESS               0.0323 (30.7%) [2 edit(s)] 
2023-12-14 14:40:05,920	[DEBUG]	StmtReplacement(('triangle.cpp.xml', 'stmt', 3), ('triangle.cpp.xml', 'stmt', 16)) | StmtReplacement(('triangle.cpp.xml', 'stmt', 11), ('triangle.cpp.xml', 'stmt', 6))
2023-12-14 14:40:05,920	[INFO]	14      TEST_CODE_ERROR       None  [2 edit(s)]       
2023-12-14 14:40:06,708	[DEBUG]	StmtReplacement(('triangle.cpp.xml', 'stmt', 3), ('triangle.cpp.xml', 'stmt', 16)) | StmtDeletion(('triangle.cpp.xml', 'stmt', 6))
2023-12-14 14:40:06,709	[INFO]	15      TEST_CODE_ERROR       None  [2 edit(s)]       
2023-12-14 14:40:07,565	[DEBUG]	EXEC>  SUCCESS 0.0324
2023-12-14 14:40:07,565	[DEBUG]	StmtReplacement(('triangle.cpp.xml', 'stmt', 3), ('triangle.cpp.xml', 'stmt', 16)) | StmtInsertion(('triangle.cpp.xml', '_inter_block', 31), ('triangle.cpp.xml', 'stmt', 11))
2023-12-14 14:40:07,566	[INFO]	16      SUCCESS               0.0324 (30.8%) [2 edit(s)] 
2023-12-14 14:40:08,378	[DEBUG]	StmtReplacement(('triangle.cpp.xml', 'stmt', 3), ('triangle.cpp.xml', 'stmt', 16)) | StmtDeletion(('triangle.cpp.xml', 'stmt', 13))
2023-12-14 14:40:08,379	[INFO]	17      TEST_CODE_ERROR       None  [2 edit(s)]       
2023-12-14 14:40:09,187	[DEBUG]	EXEC>  SUCCESS 0.0229
2023-12-14 14:40:09,188	[DEBUG]	StmtReplacement(('triangle.cpp.xml', 'stmt', 3), ('triangle.cpp.xml', 'stmt', 16)) | StmtInsertion(('triangle.cpp.xml', '_inter_block', 34), ('triangle.cpp.xml', 'stmt', 10))
2023-12-14 14:40:09,188	[INFO]	18      SUCCESS              *0.0229 (21.77%) [2 edit(s)] 
2023-12-14 14:40:09,190	[DEBUG]	--- before: triangle.cpp
+++ after: triangle.cpp
@@ -8,7 +8,10 @@
 int classify_triangle(double a, double b, double c) {
   double tmp;
 
-  delay();
+  if(a + b <= c)
+    /*auto*/{
+      return INVALID;
+    }/*auto*/
 
   // Sort the sides so that a <= b <= c
   if(a > b) {
@@ -39,6 +42,7 @@
     }/*auto*/
   if(a == b || b == c)
     /*auto*/{
+      a = c;
       return ISOSCELES;
     }/*auto*/
   return SCALENE;

2023-12-14 14:40:10,010	[DEBUG]	EXEC>  SUCCESS 0.0321
2023-12-14 14:40:10,011	[DEBUG]	StmtReplacement(('triangle.cpp.xml', 'stmt', 3), ('triangle.cpp.xml', 'stmt', 16)) | StmtInsertion(('triangle.cpp.xml', '_inter_block', 34), ('triangle.cpp.xml', 'stmt', 10)) | StmtDeletion(('triangle.cpp.xml', 'stmt', 4))
2023-12-14 14:40:10,011	[INFO]	19      SUCCESS               0.0321 (30.51%) [3 edit(s)] 
2023-12-14 14:40:10,987	[DEBUG]	EXEC>  SUCCESS 0.106
2023-12-14 14:40:10,988	[DEBUG]	StmtInsertion(('triangle.cpp.xml', '_inter_block', 34), ('triangle.cpp.xml', 'stmt', 10))
2023-12-14 14:40:10,989	[INFO]	20      SUCCESS               0.106 (100.76%) [1 edit(s)] 
2023-12-14 14:40:11,815	[DEBUG]	EXEC>  SUCCESS 0.0323
2023-12-14 14:40:11,816	[DEBUG]	StmtReplacement(('triangle.cpp.xml', 'stmt', 3), ('triangle.cpp.xml', 'stmt', 16)) | StmtInsertion(('triangle.cpp.xml', '_inter_block', 34), ('triangle.cpp.xml', 'stmt', 10)) | StmtInsertion(('triangle.cpp.xml', '_inter_block', 27), ('triangle.cpp.xml', 'stmt', 7))
2023-12-14 14:40:11,816	[INFO]	21      SUCCESS               0.0323 (30.7%) [3 edit(s)] 
2023-12-14 14:40:11,978	[DEBUG]	StmtReplacement(('triangle.cpp.xml', 'stmt', 3), ('triangle.cpp.xml', 'stmt', 16)) | StmtInsertion(('triangle.cpp.xml', '_inter_block', 34), ('triangle.cpp.xml', 'stmt', 10)) | StmtInsertion(('triangle.cpp.xml', '_inter_block', 4), ('triangle.cpp.xml', 'stmt', 16))
2023-12-14 14:40:11,978	[INFO]	22      COMPILE_CODE_ERROR    None  [3 edit(s)]       
2023-12-14 14:40:11,981	[DEBUG]	StmtReplacement(('triangle.cpp.xml', 'stmt', 3), ('triangle.cpp.xml', 'stmt', 16)) | StmtInsertion(('triangle.cpp.xml', '_inter_block', 34), ('triangle.cpp.xml', 'stmt', 10)) | StmtReplacement(('triangle.cpp.xml', 'stmt', 13), ('triangle.cpp.xml', 'stmt', 13))
2023-12-14 14:40:11,982	[INFO]	23      SUCCESS              +0.0229 (21.77%) [3 edit(s)] 
2023-12-14 14:40:11,984	[DEBUG]	--- before: triangle.cpp
+++ after: triangle.cpp
@@ -8,7 +8,10 @@
 int classify_triangle(double a, double b, double c) {
   double tmp;
 
-  delay();
+  if(a + b <= c)
+    /*auto*/{
+      return INVALID;
+    }/*auto*/
 
   // Sort the sides so that a <= b <= c
   if(a > b) {
@@ -39,6 +42,7 @@
     }/*auto*/
   if(a == b || b == c)
     /*auto*/{
+      a = c;
       return ISOSCELES;
     }/*auto*/
   return SCALENE;

2023-12-14 14:40:11,985	[DEBUG]	StmtInsertion(('triangle.cpp.xml', '_inter_block', 34), ('triangle.cpp.xml', 'stmt', 10)) | StmtReplacement(('triangle.cpp.xml', 'stmt', 13), ('triangle.cpp.xml', 'stmt', 13))
2023-12-14 14:40:11,986	[INFO]	24      SUCCESS               0.106 (100.76%) [2 edit(s)] 
2023-12-14 14:40:12,776	[DEBUG]	StmtReplacement(('triangle.cpp.xml', 'stmt', 3), ('triangle.cpp.xml', 'stmt', 16)) | StmtInsertion(('triangle.cpp.xml', '_inter_block', 34), ('triangle.cpp.xml', 'stmt', 10)) | StmtReplacement(('triangle.cpp.xml', 'stmt', 13), ('triangle.cpp.xml', 'stmt', 13)) | StmtInsertion(('triangle.cpp.xml', '_inter_block', 9), ('triangle.cpp.xml', 'stmt', 22))
2023-12-14 14:40:12,776	[INFO]	25      TEST_CODE_ERROR       None  [4 edit(s)]       
2023-12-14 14:40:13,597	[DEBUG]	StmtReplacement(('triangle.cpp.xml', 'stmt', 3), ('triangle.cpp.xml', 'stmt', 16)) | StmtInsertion(('triangle.cpp.xml', '_inter_block', 34), ('triangle.cpp.xml', 'stmt', 10)) | StmtReplacement(('triangle.cpp.xml', 'stmt', 13), ('triangle.cpp.xml', 'stmt', 13)) | StmtReplacement(('triangle.cpp.xml', 'stmt', 10), ('triangle.cpp.xml', 'stmt', 17))
2023-12-14 14:40:13,597	[INFO]	26      TEST_CODE_ERROR       None  [4 edit(s)]       
2023-12-14 14:40:14,413	[DEBUG]	StmtReplacement(('triangle.cpp.xml', 'stmt', 3), ('triangle.cpp.xml', 'stmt', 16)) | StmtInsertion(('triangle.cpp.xml', '_inter_block', 34), ('triangle.cpp.xml', 'stmt', 10)) | StmtReplacement(('triangle.cpp.xml', 'stmt', 13), ('triangle.cpp.xml', 'stmt', 13)) | StmtDeletion(('triangle.cpp.xml', 'stmt', 22))
2023-12-14 14:40:14,413	[INFO]	27      TEST_CODE_ERROR       None  [4 edit(s)]       
2023-12-14 14:40:14,416	[DEBUG]	StmtReplacement(('triangle.cpp.xml', 'stmt', 3), ('triangle.cpp.xml', 'stmt', 16)) | StmtInsertion(('triangle.cpp.xml', '_inter_block', 34), ('triangle.cpp.xml', 'stmt', 10))
2023-12-14 14:40:14,416	[INFO]	28      SUCCESS              +0.0229 (21.77%) [2 edit(s)] 
2023-12-14 14:40:14,418	[DEBUG]	--- before: triangle.cpp
+++ after: triangle.cpp
@@ -8,7 +8,10 @@
 int classify_triangle(double a, double b, double c) {
   double tmp;
 
-  delay();
+  if(a + b <= c)
+    /*auto*/{
+      return INVALID;
+    }/*auto*/
 
   // Sort the sides so that a <= b <= c
   if(a > b) {
@@ -39,6 +42,7 @@
     }/*auto*/
   if(a == b || b == c)
     /*auto*/{
+      a = c;
       return ISOSCELES;
     }/*auto*/
   return SCALENE;

2023-12-14 14:40:14,419	[DEBUG]	StmtInsertion(('triangle.cpp.xml', '_inter_block', 34), ('triangle.cpp.xml', 'stmt', 10))
2023-12-14 14:40:14,419	[INFO]	29      SUCCESS               0.106 (100.76%) [1 edit(s)] 
2023-12-14 14:40:15,256	[DEBUG]	EXEC>  SUCCESS 0.0298
2023-12-14 14:40:15,257	[DEBUG]	StmtReplacement(('triangle.cpp.xml', 'stmt', 3), ('triangle.cpp.xml', 'stmt', 16)) | StmtInsertion(('triangle.cpp.xml', '_inter_block', 34), ('triangle.cpp.xml', 'stmt', 10)) | StmtInsertion(('triangle.cpp.xml', '_inter_block', 13), ('triangle.cpp.xml', 'stmt', 13))
2023-12-14 14:40:15,257	[INFO]	30      SUCCESS               0.0298 (28.33%) [3 edit(s)] 
2023-12-14 14:40:16,070	[DEBUG]	StmtReplacement(('triangle.cpp.xml', 'stmt', 3), ('triangle.cpp.xml', 'stmt', 16)) | StmtInsertion(('triangle.cpp.xml', '_inter_block', 34), ('triangle.cpp.xml', 'stmt', 10)) | StmtDeletion(('triangle.cpp.xml', 'stmt', 11))
2023-12-14 14:40:16,070	[INFO]	31      TEST_CODE_ERROR       None  [3 edit(s)]       
2023-12-14 14:40:16,072	[DEBUG]	StmtReplacement(('triangle.cpp.xml', 'stmt', 3), ('triangle.cpp.xml', 'stmt', 16))
2023-12-14 14:40:16,072	[INFO]	32      SUCCESS               0.0321 (30.51%) [1 edit(s)] 
2023-12-14 14:40:16,889	[DEBUG]	StmtReplacement(('triangle.cpp.xml', 'stmt', 3), ('triangle.cpp.xml', 'stmt', 16)) | StmtInsertion(('triangle.cpp.xml', '_inter_block', 34), ('triangle.cpp.xml', 'stmt', 10)) | StmtInsertion(('triangle.cpp.xml', '_inter_block', 13), ('triangle.cpp.xml', 'stmt', 10))
2023-12-14 14:40:16,889	[INFO]	33      TEST_CODE_ERROR       None  [3 edit(s)]       
2023-12-14 14:40:17,752	[DEBUG]	EXEC>  SUCCESS 0.028
2023-12-14 14:40:17,752	[DEBUG]	StmtReplacement(('triangle.cpp.xml', 'stmt', 3), ('triangle.cpp.xml', 'stmt', 16)) | StmtInsertion(('triangle.cpp.xml', '_inter_block', 34), ('triangle.cpp.xml', 'stmt', 10)) | StmtInsertion(('triangle.cpp.xml', '_inter_block', 33), ('triangle.cpp.xml', 'stmt', 17))
2023-12-14 14:40:17,753	[INFO]	34      SUCCESS               0.028 (26.62%) [3 edit(s)] 
2023-12-14 14:40:18,579	[DEBUG]	StmtReplacement(('triangle.cpp.xml', 'stmt', 3), ('triangle.cpp.xml', 'stmt', 16)) | StmtInsertion(('triangle.cpp.xml', '_inter_block', 34), ('triangle.cpp.xml', 'stmt', 10)) | StmtReplacement(('triangle.cpp.xml', 'stmt', 14), ('triangle.cpp.xml', 'stmt', 8))
2023-12-14 14:40:18,580	[INFO]	35      TEST_CODE_ERROR       None  [3 edit(s)]       
2023-12-14 14:40:18,727	[DEBUG]	StmtReplacement(('triangle.cpp.xml', 'stmt', 3), ('triangle.cpp.xml', 'stmt', 16)) | StmtInsertion(('triangle.cpp.xml', '_inter_block', 34), ('triangle.cpp.xml', 'stmt', 10)) | StmtReplacement(('triangle.cpp.xml', 'stmt', 2), ('triangle.cpp.xml', 'stmt', 6))
2023-12-14 14:40:18,727	[INFO]	36      COMPILE_CODE_ERROR    None  [3 edit(s)]       
2023-12-14 14:40:18,868	[DEBUG]	StmtReplacement(('triangle.cpp.xml', 'stmt', 3), ('triangle.cpp.xml', 'stmt', 16)) | StmtInsertion(('triangle.cpp.xml', '_inter_block', 34), ('triangle.cpp.xml', 'stmt', 10)) | StmtReplacement(('triangle.cpp.xml', 'stmt', 12), ('triangle.cpp.xml', 'stmt', 1))
2023-12-14 14:40:18,868	[INFO]	37      COMPILE_CODE_ERROR    None  [3 edit(s)]       
2023-12-14 14:40:19,009	[DEBUG]	StmtReplacement(('triangle.cpp.xml', 'stmt', 3), ('triangle.cpp.xml', 'stmt', 16)) | StmtInsertion(('triangle.cpp.xml', '_inter_block', 34), ('triangle.cpp.xml', 'stmt', 10)) | StmtDeletion(('triangle.cpp.xml', 'stmt', 0))
2023-12-14 14:40:19,009	[INFO]	38      COMPILE_CODE_ERROR    None  [3 edit(s)]       
2023-12-14 14:40:19,819	[DEBUG]	StmtReplacement(('triangle.cpp.xml', 'stmt', 3), ('triangle.cpp.xml', 'stmt', 16)) | StmtInsertion(('triangle.cpp.xml', '_inter_block', 34), ('triangle.cpp.xml', 'stmt', 10)) | StmtDeletion(('triangle.cpp.xml', 'stmt', 9))
2023-12-14 14:40:19,819	[INFO]	39      TEST_CODE_ERROR       None  [3 edit(s)]       
2023-12-14 14:40:20,650	[DEBUG]	StmtReplacement(('triangle.cpp.xml', 'stmt', 3), ('triangle.cpp.xml', 'stmt', 16)) | StmtInsertion(('triangle.cpp.xml', '_inter_block', 34), ('triangle.cpp.xml', 'stmt', 10)) | StmtDeletion(('triangle.cpp.xml', 'stmt', 10))
2023-12-14 14:40:20,651	[INFO]	40      TEST_CODE_ERROR       None  [3 edit(s)]       
2023-12-14 14:40:21,470	[DEBUG]	StmtReplacement(('triangle.cpp.xml', 'stmt', 3), ('triangle.cpp.xml', 'stmt', 16)) | StmtInsertion(('triangle.cpp.xml', '_inter_block', 34), ('triangle.cpp.xml', 'stmt', 10)) | StmtDeletion(('triangle.cpp.xml', 'stmt', 11))
2023-12-14 14:40:21,471	[INFO]	41      TEST_CODE_ERROR       None  [3 edit(s)]       
2023-12-14 14:40:21,622	[DEBUG]	StmtReplacement(('triangle.cpp.xml', 'stmt', 3), ('triangle.cpp.xml', 'stmt', 16)) | StmtInsertion(('triangle.cpp.xml', '_inter_block', 34), ('triangle.cpp.xml', 'stmt', 10)) | StmtInsertion(('triangle.cpp.xml', '_inter_block', 35), ('triangle.cpp.xml', 'stmt', 1))
2023-12-14 14:40:21,623	[INFO]	42      COMPILE_CODE_ERROR    None  [3 edit(s)]       
2023-12-14 14:40:22,458	[DEBUG]	StmtReplacement(('triangle.cpp.xml', 'stmt', 3), ('triangle.cpp.xml', 'stmt', 16)) | StmtInsertion(('triangle.cpp.xml', '_inter_block', 34), ('triangle.cpp.xml', 'stmt', 10)) | StmtInsertion(('triangle.cpp.xml', '_inter_block', 19), ('triangle.cpp.xml', 'stmt', 19))
2023-12-14 14:40:22,459	[INFO]	43      TEST_CODE_ERROR       None  [3 edit(s)]       
2023-12-14 14:40:23,289	[DEBUG]	EXEC>  SUCCESS 0.03
2023-12-14 14:40:23,289	[DEBUG]	StmtReplacement(('triangle.cpp.xml', 'stmt', 3), ('triangle.cpp.xml', 'stmt', 16)) | StmtInsertion(('triangle.cpp.xml', '_inter_block', 34), ('triangle.cpp.xml', 'stmt', 10)) | StmtDeletion(('triangle.cpp.xml', 'stmt', 1))
2023-12-14 14:40:23,290	[INFO]	44      SUCCESS               0.03 (28.52%) [3 edit(s)] 
2023-12-14 14:40:24,078	[DEBUG]	StmtReplacement(('triangle.cpp.xml', 'stmt', 3), ('triangle.cpp.xml', 'stmt', 16)) | StmtInsertion(('triangle.cpp.xml', '_inter_block', 34), ('triangle.cpp.xml', 'stmt', 10)) | StmtDeletion(('triangle.cpp.xml', 'stmt', 12))
2023-12-14 14:40:24,079	[INFO]	45      TEST_CODE_ERROR       None  [3 edit(s)]       
2023-12-14 14:40:24,913	[DEBUG]	EXEC>  SUCCESS 0.0237
2023-12-14 14:40:24,914	[DEBUG]	StmtReplacement(('triangle.cpp.xml', 'stmt', 3), ('triangle.cpp.xml', 'stmt', 16)) | StmtInsertion(('triangle.cpp.xml', '_inter_block', 34), ('triangle.cpp.xml', 'stmt', 10)) | StmtDeletion(('triangle.cpp.xml', 'stmt', 8))
2023-12-14 14:40:24,914	[INFO]	46      SUCCESS               0.0237 (22.53%) [3 edit(s)] 
2023-12-14 14:40:25,082	[DEBUG]	StmtReplacement(('triangle.cpp.xml', 'stmt', 3), ('triangle.cpp.xml', 'stmt', 16)) | StmtInsertion(('triangle.cpp.xml', '_inter_block', 34), ('triangle.cpp.xml', 'stmt', 10)) | StmtInsertion(('triangle.cpp.xml', '_inter_block', 2), ('triangle.cpp.xml', 'stmt', 14))
2023-12-14 14:40:25,082	[INFO]	47      COMPILE_CODE_ERROR    None  [3 edit(s)]       
2023-12-14 14:40:25,219	[DEBUG]	StmtReplacement(('triangle.cpp.xml', 'stmt', 3), ('triangle.cpp.xml', 'stmt', 16)) | StmtInsertion(('triangle.cpp.xml', '_inter_block', 34), ('triangle.cpp.xml', 'stmt', 10)) | StmtInsertion(('triangle.cpp.xml', '_inter_block', 12), ('triangle.cpp.xml', 'stmt', 2))
2023-12-14 14:40:25,220	[INFO]	48      COMPILE_CODE_ERROR    None  [3 edit(s)]       
2023-12-14 14:40:25,346	[DEBUG]	StmtReplacement(('triangle.cpp.xml', 'stmt', 3), ('triangle.cpp.xml', 'stmt', 16)) | StmtInsertion(('triangle.cpp.xml', '_inter_block', 34), ('triangle.cpp.xml', 'stmt', 10)) | StmtInsertion(('triangle.cpp.xml', '_inter_block', 1), ('triangle.cpp.xml', 'stmt', 5))
2023-12-14 14:40:25,346	[INFO]	49      COMPILE_CODE_ERROR    None  [3 edit(s)]       
2023-12-14 14:40:26,185	[DEBUG]	EXEC>  SUCCESS 0.0287
2023-12-14 14:40:26,186	[DEBUG]	StmtReplacement(('triangle.cpp.xml', 'stmt', 3), ('triangle.cpp.xml', 'stmt', 16)) | StmtInsertion(('triangle.cpp.xml', '_inter_block', 34), ('triangle.cpp.xml', 'stmt', 10)) | StmtReplacement(('triangle.cpp.xml', 'stmt', 3), ('triangle.cpp.xml', 'stmt', 5))
2023-12-14 14:40:26,186	[INFO]	50      SUCCESS               0.0287 (27.28%) [3 edit(s)] 
2023-12-14 14:40:27,047	[DEBUG]	StmtReplacement(('triangle.cpp.xml', 'stmt', 3), ('triangle.cpp.xml', 'stmt', 16)) | StmtInsertion(('triangle.cpp.xml', '_inter_block', 34), ('triangle.cpp.xml', 'stmt', 10)) | StmtReplacement(('triangle.cpp.xml', 'stmt', 13), ('triangle.cpp.xml', 'stmt', 21))
2023-12-14 14:40:27,048	[INFO]	51      TEST_CODE_ERROR       None  [3 edit(s)]       
2023-12-14 14:40:27,863	[DEBUG]	StmtReplacement(('triangle.cpp.xml', 'stmt', 3), ('triangle.cpp.xml', 'stmt', 16)) | StmtInsertion(('triangle.cpp.xml', '_inter_block', 34), ('triangle.cpp.xml', 'stmt', 10)) | StmtReplacement(('triangle.cpp.xml', 'stmt', 15), ('triangle.cpp.xml', 'stmt', 3))
2023-12-14 14:40:27,863	[INFO]	52      TEST_CODE_ERROR       None  [3 edit(s)]       
2023-12-14 14:40:28,694	[DEBUG]	StmtReplacement(('triangle.cpp.xml', 'stmt', 3), ('triangle.cpp.xml', 'stmt', 16)) | StmtInsertion(('triangle.cpp.xml', '_inter_block', 34), ('triangle.cpp.xml', 'stmt', 10)) | StmtReplacement(('triangle.cpp.xml', 'stmt', 19), ('triangle.cpp.xml', 'stmt', 12))
2023-12-14 14:40:28,695	[INFO]	53      TEST_CODE_ERROR       None  [3 edit(s)]       
2023-12-14 14:40:28,847	[DEBUG]	StmtReplacement(('triangle.cpp.xml', 'stmt', 3), ('triangle.cpp.xml', 'stmt', 16)) | StmtInsertion(('triangle.cpp.xml', '_inter_block', 34), ('triangle.cpp.xml', 'stmt', 10)) | StmtInsertion(('triangle.cpp.xml', '_inter_block', 2), ('triangle.cpp.xml', 'stmt', 6))
2023-12-14 14:40:28,848	[INFO]	54      COMPILE_CODE_ERROR    None  [3 edit(s)]       
2023-12-14 14:40:29,658	[DEBUG]	StmtReplacement(('triangle.cpp.xml', 'stmt', 3), ('triangle.cpp.xml', 'stmt', 16)) | StmtInsertion(('triangle.cpp.xml', '_inter_block', 34), ('triangle.cpp.xml', 'stmt', 10)) | StmtReplacement(('triangle.cpp.xml', 'stmt', 21), ('triangle.cpp.xml', 'stmt', 5))
2023-12-14 14:40:29,658	[INFO]	55      TEST_CODE_ERROR       None  [3 edit(s)]       
2023-12-14 14:40:30,577	[DEBUG]	StmtReplacement(('triangle.cpp.xml', 'stmt', 3), ('triangle.cpp.xml', 'stmt', 16)) | StmtInsertion(('triangle.cpp.xml', '_inter_block', 34), ('triangle.cpp.xml', 'stmt', 10)) | StmtDeletion(('triangle.cpp.xml', 'stmt', 5))
2023-12-14 14:40:30,577	[INFO]	56      TEST_CODE_ERROR       None  [3 edit(s)]       
2023-12-14 14:40:31,389	[DEBUG]	StmtReplacement(('triangle.cpp.xml', 'stmt', 3), ('triangle.cpp.xml', 'stmt', 16)) | StmtInsertion(('triangle.cpp.xml', '_inter_block', 34), ('triangle.cpp.xml', 'stmt', 10)) | StmtDeletion(('triangle.cpp.xml', 'stmt', 11))
2023-12-14 14:40:31,390	[INFO]	57      TEST_CODE_ERROR       None  [3 edit(s)]       
2023-12-14 14:40:32,217	[DEBUG]	StmtReplacement(('triangle.cpp.xml', 'stmt', 3), ('triangle.cpp.xml', 'stmt', 16)) | StmtInsertion(('triangle.cpp.xml', '_inter_block', 34), ('triangle.cpp.xml', 'stmt', 10)) | StmtReplacement(('triangle.cpp.xml', 'stmt', 12), ('triangle.cpp.xml', 'stmt', 16))
2023-12-14 14:40:32,217	[INFO]	58      TEST_CODE_ERROR       None  [3 edit(s)]       
2023-12-14 14:40:33,057	[DEBUG]	EXEC>  SUCCESS 0.0313
2023-12-14 14:40:33,058	[DEBUG]	StmtReplacement(('triangle.cpp.xml', 'stmt', 3), ('triangle.cpp.xml', 'stmt', 16)) | StmtInsertion(('triangle.cpp.xml', '_inter_block', 34), ('triangle.cpp.xml', 'stmt', 10)) | StmtDeletion(('triangle.cpp.xml', 'stmt', 4))
2023-12-14 14:40:33,058	[INFO]	59      SUCCESS               0.0313 (29.75%) [3 edit(s)] 
2023-12-14 14:40:33,211	[DEBUG]	StmtReplacement(('triangle.cpp.xml', 'stmt', 3), ('triangle.cpp.xml', 'stmt', 16)) | StmtInsertion(('triangle.cpp.xml', '_inter_block', 34), ('triangle.cpp.xml', 'stmt', 10)) | StmtInsertion(('triangle.cpp.xml', '_inter_block', 1), ('triangle.cpp.xml', 'stmt', 21))
2023-12-14 14:40:33,212	[INFO]	60      COMPILE_CODE_ERROR    None  [3 edit(s)]       
2023-12-14 14:40:34,037	[DEBUG]	StmtReplacement(('triangle.cpp.xml', 'stmt', 3), ('triangle.cpp.xml', 'stmt', 16)) | StmtInsertion(('triangle.cpp.xml', '_inter_block', 34), ('triangle.cpp.xml', 'stmt', 10)) | StmtInsertion(('triangle.cpp.xml', '_inter_block', 10), ('triangle.cpp.xml', 'stmt', 11))
2023-12-14 14:40:34,038	[INFO]	61      TEST_CODE_ERROR       None  [3 edit(s)]       
2023-12-14 14:40:34,822	[DEBUG]	StmtReplacement(('triangle.cpp.xml', 'stmt', 3), ('triangle.cpp.xml', 'stmt', 16)) | StmtInsertion(('triangle.cpp.xml', '_inter_block', 34), ('triangle.cpp.xml', 'stmt', 10)) | StmtReplacement(('triangle.cpp.xml', 'stmt', 14), ('triangle.cpp.xml', 'stmt', 2))
2023-12-14 14:40:34,823	[INFO]	62      TEST_CODE_ERROR       None  [3 edit(s)]       
2023-12-14 14:40:34,978	[DEBUG]	StmtReplacement(('triangle.cpp.xml', 'stmt', 3), ('triangle.cpp.xml', 'stmt', 16)) | StmtInsertion(('triangle.cpp.xml', '_inter_block', 34), ('triangle.cpp.xml', 'stmt', 10)) | StmtInsertion(('triangle.cpp.xml', '_inter_block', 6), ('triangle.cpp.xml', 'stmt', 4))
2023-12-14 14:40:34,978	[INFO]	63      COMPILE_CODE_ERROR    None  [3 edit(s)]       
2023-12-14 14:40:35,804	[DEBUG]	EXEC>  SUCCESS 0.0288
2023-12-14 14:40:35,804	[DEBUG]	StmtReplacement(('triangle.cpp.xml', 'stmt', 3), ('triangle.cpp.xml', 'stmt', 16)) | StmtInsertion(('triangle.cpp.xml', '_inter_block', 34), ('triangle.cpp.xml', 'stmt', 10)) | StmtInsertion(('triangle.cpp.xml', '_inter_block', 32), ('triangle.cpp.xml', 'stmt', 0))
2023-12-14 14:40:35,805	[INFO]	64      SUCCESS               0.0288 (27.38%) [3 edit(s)] 
2023-12-14 14:40:36,608	[DEBUG]	StmtReplacement(('triangle.cpp.xml', 'stmt', 3), ('triangle.cpp.xml', 'stmt', 16)) | StmtInsertion(('triangle.cpp.xml', '_inter_block', 34), ('triangle.cpp.xml', 'stmt', 10)) | StmtReplacement(('triangle.cpp.xml', 'stmt', 22), ('triangle.cpp.xml', 'stmt', 18))
2023-12-14 14:40:36,609	[INFO]	65      TEST_CODE_ERROR       None  [3 edit(s)]       
2023-12-14 14:40:37,419	[DEBUG]	StmtReplacement(('triangle.cpp.xml', 'stmt', 3), ('triangle.cpp.xml', 'stmt', 16)) | StmtInsertion(('triangle.cpp.xml', '_inter_block', 34), ('triangle.cpp.xml', 'stmt', 10)) | StmtDeletion(('triangle.cpp.xml', 'stmt', 5))
2023-12-14 14:40:37,420	[INFO]	66      TEST_CODE_ERROR       None  [3 edit(s)]       
2023-12-14 14:40:38,219	[DEBUG]	StmtReplacement(('triangle.cpp.xml', 'stmt', 3), ('triangle.cpp.xml', 'stmt', 16)) | StmtInsertion(('triangle.cpp.xml', '_inter_block', 34), ('triangle.cpp.xml', 'stmt', 10)) | StmtDeletion(('triangle.cpp.xml', 'stmt', 18))
2023-12-14 14:40:38,219	[INFO]	67      TEST_CODE_ERROR       None  [3 edit(s)]       
2023-12-14 14:40:39,018	[DEBUG]	StmtReplacement(('triangle.cpp.xml', 'stmt', 3), ('triangle.cpp.xml', 'stmt', 16)) | StmtInsertion(('triangle.cpp.xml', '_inter_block', 34), ('triangle.cpp.xml', 'stmt', 10)) | StmtDeletion(('triangle.cpp.xml', 'stmt', 15))
2023-12-14 14:40:39,018	[INFO]	68      TEST_CODE_ERROR       None  [3 edit(s)]       
2023-12-14 14:40:39,790	[DEBUG]	StmtReplacement(('triangle.cpp.xml', 'stmt', 3), ('triangle.cpp.xml', 'stmt', 16)) | StmtInsertion(('triangle.cpp.xml', '_inter_block', 34), ('triangle.cpp.xml', 'stmt', 10)) | StmtReplacement(('triangle.cpp.xml', 'stmt', 19), ('triangle.cpp.xml', 'stmt', 7))
2023-12-14 14:40:39,790	[INFO]	69      TEST_CODE_ERROR       None  [3 edit(s)]       
2023-12-14 14:40:40,629	[DEBUG]	StmtReplacement(('triangle.cpp.xml', 'stmt', 3), ('triangle.cpp.xml', 'stmt', 16)) | StmtInsertion(('triangle.cpp.xml', '_inter_block', 34), ('triangle.cpp.xml', 'stmt', 10)) | StmtDeletion(('triangle.cpp.xml', 'stmt', 10))
2023-12-14 14:40:40,630	[INFO]	70      TEST_CODE_ERROR       None  [3 edit(s)]       
2023-12-14 14:40:41,430	[DEBUG]	StmtReplacement(('triangle.cpp.xml', 'stmt', 3), ('triangle.cpp.xml', 'stmt', 16)) | StmtInsertion(('triangle.cpp.xml', '_inter_block', 34), ('triangle.cpp.xml', 'stmt', 10)) | StmtReplacement(('triangle.cpp.xml', 'stmt', 17), ('triangle.cpp.xml', 'stmt', 0))
2023-12-14 14:40:41,430	[INFO]	71      TEST_CODE_ERROR       None  [3 edit(s)]       
2023-12-14 14:40:42,246	[DEBUG]	StmtReplacement(('triangle.cpp.xml', 'stmt', 3), ('triangle.cpp.xml', 'stmt', 16)) | StmtInsertion(('triangle.cpp.xml', '_inter_block', 34), ('triangle.cpp.xml', 'stmt', 10)) | StmtDeletion(('triangle.cpp.xml', 'stmt', 19))
2023-12-14 14:40:42,247	[INFO]	72      TEST_CODE_ERROR       None  [3 edit(s)]       
2023-12-14 14:40:43,041	[DEBUG]	StmtReplacement(('triangle.cpp.xml', 'stmt', 3), ('triangle.cpp.xml', 'stmt', 16)) | StmtInsertion(('triangle.cpp.xml', '_inter_block', 34), ('triangle.cpp.xml', 'stmt', 10)) | StmtReplacement(('triangle.cpp.xml', 'stmt', 18), ('triangle.cpp.xml', 'stmt', 0))
2023-12-14 14:40:43,042	[INFO]	73      TEST_CODE_ERROR       None  [3 edit(s)]       
2023-12-14 14:40:43,897	[DEBUG]	StmtReplacement(('triangle.cpp.xml', 'stmt', 3), ('triangle.cpp.xml', 'stmt', 16)) | StmtInsertion(('triangle.cpp.xml', '_inter_block', 34), ('triangle.cpp.xml', 'stmt', 10)) | StmtDeletion(('triangle.cpp.xml', 'stmt', 5))
2023-12-14 14:40:43,897	[INFO]	74      TEST_CODE_ERROR       None  [3 edit(s)]       
2023-12-14 14:40:44,724	[DEBUG]	StmtReplacement(('triangle.cpp.xml', 'stmt', 3), ('triangle.cpp.xml', 'stmt', 16)) | StmtInsertion(('triangle.cpp.xml', '_inter_block', 34), ('triangle.cpp.xml', 'stmt', 10)) | StmtDeletion(('triangle.cpp.xml', 'stmt', 11))
2023-12-14 14:40:44,724	[INFO]	75      TEST_CODE_ERROR       None  [3 edit(s)]       
2023-12-14 14:40:45,551	[DEBUG]	StmtReplacement(('triangle.cpp.xml', 'stmt', 3), ('triangle.cpp.xml', 'stmt', 16)) | StmtInsertion(('triangle.cpp.xml', '_inter_block', 34), ('triangle.cpp.xml', 'stmt', 10)) | StmtDeletion(('triangle.cpp.xml', 'stmt', 17))
2023-12-14 14:40:45,552	[INFO]	76      TEST_CODE_ERROR       None  [3 edit(s)]       
2023-12-14 14:40:46,404	[DEBUG]	EXEC>  SUCCESS 0.0245
2023-12-14 14:40:46,404	[DEBUG]	StmtReplacement(('triangle.cpp.xml', 'stmt', 3), ('triangle.cpp.xml', 'stmt', 16)) | StmtInsertion(('triangle.cpp.xml', '_inter_block', 34), ('triangle.cpp.xml', 'stmt', 10)) | StmtInsertion(('triangle.cpp.xml', '_inter_block', 32), ('triangle.cpp.xml', 'stmt', 14))
2023-12-14 14:40:46,405	[INFO]	77      SUCCESS               0.0245 (23.29%) [3 edit(s)] 
2023-12-14 14:40:47,220	[DEBUG]	StmtReplacement(('triangle.cpp.xml', 'stmt', 3), ('triangle.cpp.xml', 'stmt', 16)) | StmtInsertion(('triangle.cpp.xml', '_inter_block', 34), ('triangle.cpp.xml', 'stmt', 10)) | StmtReplacement(('triangle.cpp.xml', 'stmt', 9), ('triangle.cpp.xml', 'stmt', 6))
2023-12-14 14:40:47,220	[INFO]	78      TEST_CODE_ERROR       None  [3 edit(s)]       
2023-12-14 14:40:48,034	[DEBUG]	StmtReplacement(('triangle.cpp.xml', 'stmt', 3), ('triangle.cpp.xml', 'stmt', 16)) | StmtInsertion(('triangle.cpp.xml', '_inter_block', 34), ('triangle.cpp.xml', 'stmt', 10)) | StmtReplacement(('triangle.cpp.xml', 'stmt', 9), ('triangle.cpp.xml', 'stmt', 17))
2023-12-14 14:40:48,035	[INFO]	79      TEST_CODE_ERROR       None  [3 edit(s)]       
2023-12-14 14:40:48,186	[DEBUG]	StmtReplacement(('triangle.cpp.xml', 'stmt', 3), ('triangle.cpp.xml', 'stmt', 16)) | StmtInsertion(('triangle.cpp.xml', '_inter_block', 34), ('triangle.cpp.xml', 'stmt', 10)) | StmtInsertion(('triangle.cpp.xml', '_inter_block', 28), ('triangle.cpp.xml', 'stmt', 1))
2023-12-14 14:40:48,186	[INFO]	80      COMPILE_CODE_ERROR    None  [3 edit(s)]       
2023-12-14 14:40:49,022	[DEBUG]	StmtReplacement(('triangle.cpp.xml', 'stmt', 3), ('triangle.cpp.xml', 'stmt', 16)) | StmtInsertion(('triangle.cpp.xml', '_inter_block', 34), ('triangle.cpp.xml', 'stmt', 10)) | StmtDeletion(('triangle.cpp.xml', 'stmt', 7))
2023-12-14 14:40:49,022	[INFO]	81      TEST_CODE_ERROR       None  [3 edit(s)]       
2023-12-14 14:40:49,786	[DEBUG]	StmtReplacement(('triangle.cpp.xml', 'stmt', 3), ('triangle.cpp.xml', 'stmt', 16)) | StmtInsertion(('triangle.cpp.xml', '_inter_block', 34), ('triangle.cpp.xml', 'stmt', 10)) | StmtReplacement(('triangle.cpp.xml', 'stmt', 12), ('triangle.cpp.xml', 'stmt', 18))
2023-12-14 14:40:49,787	[INFO]	82      TEST_CODE_ERROR       None  [3 edit(s)]       
2023-12-14 14:40:49,789	[DEBUG]	StmtReplacement(('triangle.cpp.xml', 'stmt', 3), ('triangle.cpp.xml', 'stmt', 16)) | StmtInsertion(('triangle.cpp.xml', '_inter_block', 34), ('triangle.cpp.xml', 'stmt', 10)) | StmtDeletion(('triangle.cpp.xml', 'stmt', 8))
2023-12-14 14:40:49,789	[INFO]	83      SUCCESS               0.0237 (22.53%) [3 edit(s)] 
2023-12-14 14:40:49,917	[DEBUG]	StmtReplacement(('triangle.cpp.xml', 'stmt', 3), ('triangle.cpp.xml', 'stmt', 16)) | StmtInsertion(('triangle.cpp.xml', '_inter_block', 34), ('triangle.cpp.xml', 'stmt', 10)) | StmtDeletion(('triangle.cpp.xml', 'stmt', 2))
2023-12-14 14:40:49,918	[INFO]	84      COMPILE_CODE_ERROR    None  [3 edit(s)]       
2023-12-14 14:40:50,641	[DEBUG]	StmtReplacement(('triangle.cpp.xml', 'stmt', 3), ('triangle.cpp.xml', 'stmt', 16)) | StmtInsertion(('triangle.cpp.xml', '_inter_block', 34), ('triangle.cpp.xml', 'stmt', 10)) | StmtReplacement(('triangle.cpp.xml', 'stmt', 21), ('triangle.cpp.xml', 'stmt', 12))
2023-12-14 14:40:50,642	[INFO]	85      TEST_CODE_ERROR       None  [3 edit(s)]       
2023-12-14 14:40:51,385	[DEBUG]	StmtReplacement(('triangle.cpp.xml', 'stmt', 3), ('triangle.cpp.xml', 'stmt', 16)) | StmtInsertion(('triangle.cpp.xml', '_inter_block', 34), ('triangle.cpp.xml', 'stmt', 10)) | StmtInsertion(('triangle.cpp.xml', '_inter_block', 23), ('triangle.cpp.xml', 'stmt', 7))
2023-12-14 14:40:51,385	[INFO]	86      TEST_CODE_ERROR       None  [3 edit(s)]       
2023-12-14 14:40:52,168	[DEBUG]	StmtReplacement(('triangle.cpp.xml', 'stmt', 3), ('triangle.cpp.xml', 'stmt', 16)) | StmtInsertion(('triangle.cpp.xml', '_inter_block', 34), ('triangle.cpp.xml', 'stmt', 10)) | StmtReplacement(('triangle.cpp.xml', 'stmt', 10), ('triangle.cpp.xml', 'stmt', 16))
2023-12-14 14:40:52,168	[INFO]	87      TEST_CODE_ERROR       None  [3 edit(s)]       
2023-12-14 14:40:52,950	[DEBUG]	StmtReplacement(('triangle.cpp.xml', 'stmt', 3), ('triangle.cpp.xml', 'stmt', 16)) | StmtInsertion(('triangle.cpp.xml', '_inter_block', 34), ('triangle.cpp.xml', 'stmt', 10)) | StmtReplacement(('triangle.cpp.xml', 'stmt', 17), ('triangle.cpp.xml', 'stmt', 13))
2023-12-14 14:40:52,950	[INFO]	88      TEST_CODE_ERROR       None  [3 edit(s)]       
2023-12-14 14:40:53,718	[DEBUG]	EXEC>  SUCCESS 0.0235
2023-12-14 14:40:53,718	[DEBUG]	StmtReplacement(('triangle.cpp.xml', 'stmt', 3), ('triangle.cpp.xml', 'stmt', 16)) | StmtInsertion(('triangle.cpp.xml', '_inter_block', 34), ('triangle.cpp.xml', 'stmt', 10)) | StmtInsertion(('triangle.cpp.xml', '_inter_block', 22), ('triangle.cpp.xml', 'stmt', 16))
2023-12-14 14:40:53,719	[INFO]	89      SUCCESS               0.0235 (22.34%) [3 edit(s)] 
2023-12-14 14:40:54,514	[DEBUG]	EXEC>  SUCCESS 0.0234
2023-12-14 14:40:54,514	[DEBUG]	StmtReplacement(('triangle.cpp.xml', 'stmt', 3), ('triangle.cpp.xml', 'stmt', 16)) | StmtInsertion(('triangle.cpp.xml', '_inter_block', 34), ('triangle.cpp.xml', 'stmt', 10)) | StmtReplacement(('triangle.cpp.xml', 'stmt', 8), ('triangle.cpp.xml', 'stmt', 13))
2023-12-14 14:40:54,515	[INFO]	90      SUCCESS               0.0234 (22.24%) [3 edit(s)] 
2023-12-14 14:40:54,517	[DEBUG]	StmtReplacement(('triangle.cpp.xml', 'stmt', 3), ('triangle.cpp.xml', 'stmt', 16)) | StmtInsertion(('triangle.cpp.xml', '_inter_block', 34), ('triangle.cpp.xml', 'stmt', 10)) | StmtDeletion(('triangle.cpp.xml', 'stmt', 8))
2023-12-14 14:40:54,518	[INFO]	91      SUCCESS               0.0237 (22.53%) [3 edit(s)] 
2023-12-14 14:40:55,287	[DEBUG]	StmtReplacement(('triangle.cpp.xml', 'stmt', 3), ('triangle.cpp.xml', 'stmt', 16)) | StmtInsertion(('triangle.cpp.xml', '_inter_block', 34), ('triangle.cpp.xml', 'stmt', 10)) | StmtDeletion(('triangle.cpp.xml', 'stmt', 14))
2023-12-14 14:40:55,287	[INFO]	92      TEST_CODE_ERROR       None  [3 edit(s)]       
2023-12-14 14:40:56,033	[DEBUG]	StmtReplacement(('triangle.cpp.xml', 'stmt', 3), ('triangle.cpp.xml', 'stmt', 16)) | StmtInsertion(('triangle.cpp.xml', '_inter_block', 34), ('triangle.cpp.xml', 'stmt', 10)) | StmtInsertion(('triangle.cpp.xml', '_inter_block', 29), ('triangle.cpp.xml', 'stmt', 22))
2023-12-14 14:40:56,034	[INFO]	93      TEST_CODE_ERROR       None  [3 edit(s)]       
2023-12-14 14:40:56,931	[DEBUG]	EXEC>  SUCCESS 0.0234
2023-12-14 14:40:56,932	[DEBUG]	StmtReplacement(('triangle.cpp.xml', 'stmt', 3), ('triangle.cpp.xml', 'stmt', 16)) | StmtInsertion(('triangle.cpp.xml', '_inter_block', 34), ('triangle.cpp.xml', 'stmt', 10)) | StmtInsertion(('triangle.cpp.xml', '_inter_block', 34), ('triangle.cpp.xml', 'stmt', 21))
2023-12-14 14:40:56,932	[INFO]	94      SUCCESS               0.0234 (22.24%) [3 edit(s)] 
2023-12-14 14:40:56,934	[INFO]	==== END ====
2023-12-14 14:40:56,934	[INFO]	
2023-12-14 14:40:56,935	[INFO]	==== REPORT ====
2023-12-14 14:40:56,935	[INFO]	Termination: time budget
2023-12-14 14:40:56,935	[INFO]	Log file: /cs/student/ug/2020/damibose/projects/magpie/_magpie_logs/triangle-cpp_slow_1702564793.log
2023-12-14 14:40:56,937	[INFO]	Patch file: _magpie_logs/triangle-cpp_slow_1702564793.patch
2023-12-14 14:40:56,937	[INFO]	Diff file: _magpie_logs/triangle-cpp_slow_1702564793.diff
2023-12-14 14:40:56,937	[INFO]	Best fitness: 0.0229
2023-12-14 14:40:56,937	[INFO]	Best patch: StmtReplacement(('triangle.cpp.xml', 'stmt', 3), ('triangle.cpp.xml', 'stmt', 16)) | StmtInsertion(('triangle.cpp.xml', '_inter_block', 34), ('triangle.cpp.xml', 'stmt', 10))
2023-12-14 14:40:56,938	[INFO]	Diff:
--- before: triangle.cpp
+++ after: triangle.cpp
@@ -8,7 +8,10 @@
 int classify_triangle(double a, double b, double c) {
   double tmp;
 
-  delay();
+  if(a + b <= c)
+    /*auto*/{
+      return INVALID;
+    }/*auto*/
 
   // Sort the sides so that a <= b <= c
   if(a > b) {
@@ -39,6 +42,7 @@
     }/*auto*/
   if(a == b || b == c)
     /*auto*/{
+      a = c;
       return ISOSCELES;
     }/*auto*/
   return SCALENE;

