2023-12-15 13:17:46,920	[DEBUG]	==== CONFIG ====
[magpie]
import = 
seed = 9
log_dir = _magpie_logs
work_dir = _magpie_work
final_out_dir = experiments/results_e_greedy_proof_of_concept/baseline/FirstImprovementNoTabu/trial_9
local_original_copy = True
local_original_name = __original__
output_encoding = ascii
edit_retries = 10
default_timeout = 30
default_lengthout = 10000.0
diff_method = unified
trust_local_filesystem = True

[software]
path = examples/code/triangle-cpp_slow
target_files = 
	triangle.cpp.xml
program = BasicProgram
engine_rules = 
	*.params : ConfigFileParamsEngine
	*.xml : SrcmlEngine
	* : LineEngine
engine_config = 
	*.params : [params]
	*.xml : [srcml]
init_cmd = 
init_timeout = 60
init_lengthout = -1
setup_cmd = ./setup.sh
setup_timeout = 
setup_lengthout = 
compile_cmd = ./compile.sh
compile_timeout = 
compile_lengthout = 
test_cmd = ./build/test_triangle
test_timeout = 
test_lengthout = 
run_cmd = perf stat ./build/run_triangle
run_timeout = 1
run_lengthout = 
batch_timeout = 
batch_lengthout = 
batch_bin_fitness_strategy = aggregate
batch_fitness_strategy = sum
fitness = perf_instructions

[srcml]
rename = 
focus = block break continue decl_stmt do expr_stmt for goto if return switch while
internodes = block
process_pseudo_blocks = True
process_literals = False
process_operators = False

[params]
timing = test run
cli_prefix = --
cli_glue = =
cli_boolean = show
cli_boolean_prefix_true = 
cli_boolean_prefix_false = no-
silent_prefix = @
silent_suffix = $

[search]
protocol = BasicProtocol
algorithm = FirstImprovementNoTabu
possible_edits = 
	DeclStmtReplacement
	ExprStmtReplacement
	IfReplacement
	ReturnReplacement
	DeclStmtInsertion
	ExprStmtInsertion
	IfInsertion
	ReturnInsertion
	DeclStmtDeletion
	ExprStmtDeletion
	IfDeletion
	ReturnDeletion
warmup = 5
warmup_strategy = last
max_steps = 100
max_time = 60
target_fitness = 
cache_maxsize = 40
cache_keep = 0.2
batch_instances = 
batch_shuffle = True
batch_bin_shuffle = False
batch_sample_size = 1
operator_selector = UniformSelector

[search.ls]
delete_prob = 0
max_neighbours = 20
when_trapped = continue
accept_fail = False
tabu_length = 10

[search.gp]
pop_size = 10
delete_prob = 0.5
offspring_elitism = 0.1
offspring_crossover = 0.5
offspring_mutation = 0.4
uniform_rate = 0.5
batch_reset = True

[search.minify]
do_cleanup = True
do_rebuild = True
do_simplify = True
round_robin_limit = 3


2023-12-15 13:17:46,925	[INFO]	==== WARMUP ====
2023-12-15 13:17:49,440	[DEBUG]	EXEC>  SUCCESS 1205550
2023-12-15 13:17:49,440	[INFO]	WARM    SUCCESS               1205550                 
2023-12-15 13:17:50,475	[DEBUG]	EXEC>  SUCCESS 1205549
2023-12-15 13:17:50,476	[INFO]	WARM    SUCCESS               1205549                 
2023-12-15 13:17:51,405	[DEBUG]	EXEC>  SUCCESS 1250474
2023-12-15 13:17:51,405	[INFO]	WARM    SUCCESS               1250474                 
2023-12-15 13:17:52,370	[DEBUG]	EXEC>  SUCCESS 1205550
2023-12-15 13:17:52,370	[INFO]	WARM    SUCCESS               1205550                 
2023-12-15 13:17:53,359	[DEBUG]	EXEC>  SUCCESS 1205551
2023-12-15 13:17:53,359	[INFO]	WARM    SUCCESS               1205551                 
2023-12-15 13:17:53,360	[INFO]	INITIAL SUCCESS               1205551                 
2023-12-15 13:17:53,360	[INFO]	==== START: FirstImprovementNoTabu ====
2023-12-15 13:17:54,322	[DEBUG]	EXEC>  SUCCESS 1205624
2023-12-15 13:17:54,322	[DEBUG]	IfInsertion(('triangle.cpp.xml', '_inter_block', 12), ('triangle.cpp.xml', 'if', 3))
2023-12-15 13:17:54,323	[INFO]	1       SUCCESS               1205624 (100.01%) [1 edit(s)] 
2023-12-15 13:17:55,287	[DEBUG]	EXEC>  SUCCESS 1205677
2023-12-15 13:17:55,288	[DEBUG]	ExprStmtInsertion(('triangle.cpp.xml', '_inter_block', 6), ('triangle.cpp.xml', 'expr_stmt', 2))
2023-12-15 13:17:55,289	[INFO]	2       SUCCESS               1205677 (100.01%) [1 edit(s)] 
2023-12-15 13:17:56,077	[DEBUG]	ReturnDeletion(('triangle.cpp.xml', 'return', 0))
2023-12-15 13:17:56,078	[INFO]	3       TEST_CODE_ERROR       None  [1 edit(s)]       
2023-12-15 13:17:57,049	[DEBUG]	EXEC>  SUCCESS 1205685
2023-12-15 13:17:57,049	[DEBUG]	ReturnReplacement(('triangle.cpp.xml', 'return', 0), ('triangle.cpp.xml', 'stmt', 16))
2023-12-15 13:17:57,050	[INFO]	4       SUCCESS               1205685 (100.01%) [1 edit(s)] 
2023-12-15 13:17:57,839	[DEBUG]	ExprStmtDeletion(('triangle.cpp.xml', 'expr_stmt', 8))
2023-12-15 13:17:57,839	[INFO]	5       TEST_CODE_ERROR       None  [1 edit(s)]       
2023-12-15 13:17:58,634	[DEBUG]	IfReplacement(('triangle.cpp.xml', 'if', 1), ('triangle.cpp.xml', 'stmt', 12))
2023-12-15 13:17:58,634	[INFO]	6       TEST_CODE_ERROR       None  [1 edit(s)]       
2023-12-15 13:17:58,765	[DEBUG]	ExprStmtReplacement(('triangle.cpp.xml', 'expr_stmt', 0), ('triangle.cpp.xml', 'stmt', 13))
2023-12-15 13:17:58,766	[INFO]	7       COMPILE_CODE_ERROR    None  [1 edit(s)]       
2023-12-15 13:17:59,538	[DEBUG]	ReturnReplacement(('triangle.cpp.xml', 'return', 1), ('triangle.cpp.xml', 'stmt', 21))
2023-12-15 13:17:59,538	[INFO]	8       TEST_CODE_ERROR       None  [1 edit(s)]       
2023-12-15 13:17:59,705	[DEBUG]	DeclStmtReplacement(('triangle.cpp.xml', 'decl_stmt', 1), ('triangle.cpp.xml', 'stmt', 8))
2023-12-15 13:17:59,705	[INFO]	9       COMPILE_CODE_ERROR    None  [1 edit(s)]       
2023-12-15 13:18:00,486	[DEBUG]	IfDeletion(('triangle.cpp.xml', 'if', 5))
2023-12-15 13:18:00,487	[INFO]	10      TEST_CODE_ERROR       None  [1 edit(s)]       
2023-12-15 13:18:00,660	[DEBUG]	DeclStmtReplacement(('triangle.cpp.xml', 'decl_stmt', 0), ('triangle.cpp.xml', 'stmt', 11))
2023-12-15 13:18:00,661	[INFO]	11      COMPILE_CODE_ERROR    None  [1 edit(s)]       
2023-12-15 13:18:00,784	[DEBUG]	DeclStmtDeletion(('triangle.cpp.xml', 'decl_stmt', 0))
2023-12-15 13:18:00,784	[INFO]	12      COMPILE_CODE_ERROR    None  [1 edit(s)]       
2023-12-15 13:18:01,532	[DEBUG]	ExprStmtDeletion(('triangle.cpp.xml', 'expr_stmt', 7))
2023-12-15 13:18:01,533	[INFO]	13      TEST_CODE_ERROR       None  [1 edit(s)]       
2023-12-15 13:18:02,322	[DEBUG]	IfDeletion(('triangle.cpp.xml', 'if', 5))
2023-12-15 13:18:02,323	[INFO]	14      TEST_CODE_ERROR       None  [1 edit(s)]       
2023-12-15 13:18:03,123	[DEBUG]	IfDeletion(('triangle.cpp.xml', 'if', 5))
2023-12-15 13:18:03,124	[INFO]	15      TEST_CODE_ERROR       None  [1 edit(s)]       
2023-12-15 13:18:03,908	[DEBUG]	ExprStmtReplacement(('triangle.cpp.xml', 'expr_stmt', 7), ('triangle.cpp.xml', 'stmt', 4))
2023-12-15 13:18:03,908	[INFO]	16      TEST_CODE_ERROR       None  [1 edit(s)]       
2023-12-15 13:18:04,865	[DEBUG]	EXEC>  SUCCESS 1205552
2023-12-15 13:18:04,866	[DEBUG]	DeclStmtReplacement(('triangle.cpp.xml', 'decl_stmt', 0), ('triangle.cpp.xml', 'stmt', 0))
2023-12-15 13:18:04,867	[INFO]	17      SUCCESS               1205552 (100.0%) [1 edit(s)] 
2023-12-15 13:18:05,637	[DEBUG]	IfReplacement(('triangle.cpp.xml', 'if', 4), ('triangle.cpp.xml', 'stmt', 13))
2023-12-15 13:18:05,637	[INFO]	18      TEST_CODE_ERROR       None  [1 edit(s)]       
2023-12-15 13:18:06,620	[DEBUG]	EXEC>  SUCCESS 1205581
2023-12-15 13:18:06,620	[DEBUG]	DeclStmtInsertion(('triangle.cpp.xml', '_inter_block', 20), ('triangle.cpp.xml', 'decl_stmt', 0))
2023-12-15 13:18:06,621	[INFO]	19      SUCCESS               1205581 (100.0%) [1 edit(s)] 
2023-12-15 13:18:06,754	[DEBUG]	DeclStmtDeletion(('triangle.cpp.xml', 'decl_stmt', 0))
2023-12-15 13:18:06,754	[INFO]	20      COMPILE_CODE_ERROR    None  [1 edit(s)]       
2023-12-15 13:18:06,878	[DEBUG]	ExprStmtInsertion(('triangle.cpp.xml', '_inter_block', 4), ('triangle.cpp.xml', 'expr_stmt', 4))
2023-12-15 13:18:06,878	[INFO]	21      COMPILE_CODE_ERROR    None  [1 edit(s)]       
2023-12-15 13:18:07,003	[DEBUG]	DeclStmtReplacement(('triangle.cpp.xml', 'decl_stmt', 0), ('triangle.cpp.xml', 'stmt', 11))
2023-12-15 13:18:07,003	[INFO]	22      COMPILE_CODE_ERROR    None  [1 edit(s)]       
2023-12-15 13:18:07,772	[DEBUG]	IfDeletion(('triangle.cpp.xml', 'if', 5))
2023-12-15 13:18:07,772	[INFO]	23      TEST_CODE_ERROR       None  [1 edit(s)]       
2023-12-15 13:18:08,738	[DEBUG]	EXEC>  SUCCESS 1317840
2023-12-15 13:18:08,738	[DEBUG]	DeclStmtInsertion(('triangle.cpp.xml', '_inter_block', 12), ('triangle.cpp.xml', 'decl_stmt', 0))
2023-12-15 13:18:08,739	[INFO]	24      SUCCESS               1317840 (109.31%) [1 edit(s)] 
2023-12-15 13:18:09,553	[DEBUG]	IfDeletion(('triangle.cpp.xml', 'if', 2))
2023-12-15 13:18:09,553	[INFO]	25      TEST_CODE_ERROR       None  [1 edit(s)]       
2023-12-15 13:18:10,323	[DEBUG]	ReturnDeletion(('triangle.cpp.xml', 'return', 1))
2023-12-15 13:18:10,324	[INFO]	26      TEST_CODE_ERROR       None  [1 edit(s)]       
2023-12-15 13:18:10,461	[DEBUG]	DeclStmtDeletion(('triangle.cpp.xml', 'decl_stmt', 1))
2023-12-15 13:18:10,461	[INFO]	27      COMPILE_CODE_ERROR    None  [1 edit(s)]       
2023-12-15 13:18:11,385	[DEBUG]	EXEC>  SUCCESS 1205600
2023-12-15 13:18:11,386	[DEBUG]	IfInsertion(('triangle.cpp.xml', '_inter_block', 21), ('triangle.cpp.xml', 'if', 3))
2023-12-15 13:18:11,387	[INFO]	28      SUCCESS               1205600 (100.0%) [1 edit(s)] 
2023-12-15 13:18:11,532	[DEBUG]	DeclStmtDeletion(('triangle.cpp.xml', 'decl_stmt', 1))
2023-12-15 13:18:11,533	[INFO]	29      COMPILE_CODE_ERROR    None  [1 edit(s)]       
2023-12-15 13:18:12,330	[DEBUG]	ReturnDeletion(('triangle.cpp.xml', 'return', 2))
2023-12-15 13:18:12,330	[INFO]	30      TEST_CODE_ERROR       None  [1 edit(s)]       
2023-12-15 13:18:13,124	[DEBUG]	ExprStmtDeletion(('triangle.cpp.xml', 'expr_stmt', 2))
2023-12-15 13:18:13,125	[INFO]	31      TEST_CODE_ERROR       None  [1 edit(s)]       
2023-12-15 13:18:13,920	[DEBUG]	IfDeletion(('triangle.cpp.xml', 'if', 4))
2023-12-15 13:18:13,920	[INFO]	32      TEST_CODE_ERROR       None  [1 edit(s)]       
2023-12-15 13:18:14,695	[DEBUG]	ExprStmtDeletion(('triangle.cpp.xml', 'expr_stmt', 9))
2023-12-15 13:18:14,695	[INFO]	33      TEST_CODE_ERROR       None  [1 edit(s)]       
2023-12-15 13:18:15,452	[DEBUG]	ReturnInsertion(('triangle.cpp.xml', '_inter_block', 22), ('triangle.cpp.xml', 'return', 3))
2023-12-15 13:18:15,452	[INFO]	34      TEST_CODE_ERROR       None  [1 edit(s)]       
2023-12-15 13:18:16,440	[DEBUG]	EXEC>  SUCCESS 1205575
2023-12-15 13:18:16,441	[DEBUG]	DeclStmtInsertion(('triangle.cpp.xml', '_inter_block', 30), ('triangle.cpp.xml', 'decl_stmt', 0))
2023-12-15 13:18:16,441	[INFO]	35      SUCCESS               1205575 (100.0%) [1 edit(s)] 
2023-12-15 13:18:16,591	[DEBUG]	ReturnReplacement(('triangle.cpp.xml', 'return', 3), ('triangle.cpp.xml', 'stmt', 2))
2023-12-15 13:18:16,592	[INFO]	36      COMPILE_CODE_ERROR    None  [1 edit(s)]       
2023-12-15 13:18:16,735	[DEBUG]	DeclStmtReplacement(('triangle.cpp.xml', 'decl_stmt', 0), ('triangle.cpp.xml', 'stmt', 22))
2023-12-15 13:18:16,736	[INFO]	37      COMPILE_CODE_ERROR    None  [1 edit(s)]       
2023-12-15 13:18:17,479	[DEBUG]	ExprStmtReplacement(('triangle.cpp.xml', 'expr_stmt', 9), ('triangle.cpp.xml', 'stmt', 7))
2023-12-15 13:18:17,479	[INFO]	38      TEST_CODE_ERROR       None  [1 edit(s)]       
2023-12-15 13:18:18,275	[DEBUG]	ExprStmtDeletion(('triangle.cpp.xml', 'expr_stmt', 6))
2023-12-15 13:18:18,276	[INFO]	39      TEST_CODE_ERROR       None  [1 edit(s)]       
2023-12-15 13:18:19,033	[DEBUG]	ReturnDeletion(('triangle.cpp.xml', 'return', 3))
2023-12-15 13:18:19,033	[INFO]	40      TEST_CODE_ERROR       None  [1 edit(s)]       
2023-12-15 13:18:19,801	[DEBUG]	ReturnReplacement(('triangle.cpp.xml', 'return', 2), ('triangle.cpp.xml', 'stmt', 15))
2023-12-15 13:18:19,801	[INFO]	41      TEST_CODE_ERROR       None  [1 edit(s)]       
2023-12-15 13:18:20,780	[DEBUG]	EXEC>  SUCCESS 1205508
2023-12-15 13:18:20,780	[DEBUG]	IfReplacement(('triangle.cpp.xml', 'if', 1), ('triangle.cpp.xml', 'stmt', 16))
2023-12-15 13:18:20,781	[INFO]	42      SUCCESS              *1205508 (100.0%) [1 edit(s)] 
2023-12-15 13:18:20,782	[DEBUG]	--- before: triangle.cpp
+++ after: triangle.cpp
@@ -17,11 +17,10 @@
     b = tmp;
   }
 
-  if(a > c) {
-    tmp = a;
-    a = c;
-    c = tmp;
-  }
+  if(a + b <= c)
+    /*auto*/{
+      return INVALID;
+    }/*auto*/
 
   if(b > c) {
     tmp = b;

2023-12-15 13:18:21,560	[DEBUG]	IfReplacement(('triangle.cpp.xml', 'if', 1), ('triangle.cpp.xml', 'stmt', 16)) | IfReplacement(('triangle.cpp.xml', 'if', 1), ('triangle.cpp.xml', 'stmt', 19))
2023-12-15 13:18:21,560	[INFO]	43      TEST_CODE_ERROR       None  [2 edit(s)]       
2023-12-15 13:18:22,408	[DEBUG]	EXEC>  SUCCESS 1203114
2023-12-15 13:18:22,408	[DEBUG]	IfReplacement(('triangle.cpp.xml', 'if', 1), ('triangle.cpp.xml', 'stmt', 16)) | ExprStmtDeletion(('triangle.cpp.xml', 'expr_stmt', 1))
2023-12-15 13:18:22,409	[INFO]	44      SUCCESS              *1203114 (99.8%) [2 edit(s)] 
2023-12-15 13:18:22,410	[DEBUG]	--- before: triangle.cpp
+++ after: triangle.cpp
@@ -8,7 +8,7 @@
 int classify_triangle(double a, double b, double c) {
   double tmp;
 
-  delay();
+  
 
   // Sort the sides so that a <= b <= c
   if(a > b) {
@@ -17,11 +17,10 @@
     b = tmp;
   }
 
-  if(a > c) {
-    tmp = a;
-    a = c;
-    c = tmp;
-  }
+  if(a + b <= c)
+    /*auto*/{
+      return INVALID;
+    }/*auto*/
 
   if(b > c) {
     tmp = b;

2023-12-15 13:18:22,556	[DEBUG]	IfReplacement(('triangle.cpp.xml', 'if', 1), ('triangle.cpp.xml', 'stmt', 16)) | ExprStmtDeletion(('triangle.cpp.xml', 'expr_stmt', 1)) | DeclStmtDeletion(('triangle.cpp.xml', 'decl_stmt', 1))
2023-12-15 13:18:22,556	[INFO]	45      COMPILE_CODE_ERROR    None  [3 edit(s)]       
2023-12-15 13:18:23,265	[DEBUG]	IfReplacement(('triangle.cpp.xml', 'if', 1), ('triangle.cpp.xml', 'stmt', 16)) | ExprStmtDeletion(('triangle.cpp.xml', 'expr_stmt', 1)) | ExprStmtDeletion(('triangle.cpp.xml', 'expr_stmt', 3))
2023-12-15 13:18:23,266	[INFO]	46      TEST_CODE_ERROR       None  [3 edit(s)]       
2023-12-15 13:18:23,401	[DEBUG]	IfReplacement(('triangle.cpp.xml', 'if', 1), ('triangle.cpp.xml', 'stmt', 16)) | ExprStmtDeletion(('triangle.cpp.xml', 'expr_stmt', 1)) | DeclStmtInsertion(('triangle.cpp.xml', '_inter_block', 13), ('triangle.cpp.xml', 'decl_stmt', 1))
2023-12-15 13:18:23,401	[INFO]	47      COMPILE_CODE_ERROR    None  [3 edit(s)]       
2023-12-15 13:18:24,308	[DEBUG]	EXEC>  SUCCESS 1204789
2023-12-15 13:18:24,309	[DEBUG]	IfReplacement(('triangle.cpp.xml', 'if', 1), ('triangle.cpp.xml', 'stmt', 16)) | ExprStmtDeletion(('triangle.cpp.xml', 'expr_stmt', 1)) | ExprStmtInsertion(('triangle.cpp.xml', '_inter_block', 11), ('triangle.cpp.xml', 'expr_stmt', 1))
2023-12-15 13:18:24,310	[INFO]	48      SUCCESS               1204789 (99.94%) [3 edit(s)] 
2023-12-15 13:18:25,086	[DEBUG]	IfReplacement(('triangle.cpp.xml', 'if', 1), ('triangle.cpp.xml', 'stmt', 16)) | ExprStmtDeletion(('triangle.cpp.xml', 'expr_stmt', 1)) | ReturnReplacement(('triangle.cpp.xml', 'return', 2), ('triangle.cpp.xml', 'stmt', 7))
2023-12-15 13:18:25,086	[INFO]	49      TEST_CODE_ERROR       None  [3 edit(s)]       
2023-12-15 13:18:25,236	[DEBUG]	IfReplacement(('triangle.cpp.xml', 'if', 1), ('triangle.cpp.xml', 'stmt', 16)) | ExprStmtDeletion(('triangle.cpp.xml', 'expr_stmt', 1)) | ExprStmtInsertion(('triangle.cpp.xml', '_inter_block', 2), ('triangle.cpp.xml', 'expr_stmt', 6))
2023-12-15 13:18:25,236	[INFO]	50      COMPILE_CODE_ERROR    None  [3 edit(s)]       
2023-12-15 13:18:25,371	[DEBUG]	IfReplacement(('triangle.cpp.xml', 'if', 1), ('triangle.cpp.xml', 'stmt', 16)) | ExprStmtDeletion(('triangle.cpp.xml', 'expr_stmt', 1)) | DeclStmtDeletion(('triangle.cpp.xml', 'decl_stmt', 0))
2023-12-15 13:18:25,371	[INFO]	51      COMPILE_CODE_ERROR    None  [3 edit(s)]       
2023-12-15 13:18:26,122	[DEBUG]	IfReplacement(('triangle.cpp.xml', 'if', 1), ('triangle.cpp.xml', 'stmt', 16)) | ExprStmtDeletion(('triangle.cpp.xml', 'expr_stmt', 1)) | IfDeletion(('triangle.cpp.xml', 'if', 2))
2023-12-15 13:18:26,122	[INFO]	52      TEST_CODE_ERROR       None  [3 edit(s)]       
2023-12-15 13:18:26,874	[DEBUG]	IfReplacement(('triangle.cpp.xml', 'if', 1), ('triangle.cpp.xml', 'stmt', 16)) | ExprStmtDeletion(('triangle.cpp.xml', 'expr_stmt', 1)) | ReturnDeletion(('triangle.cpp.xml', 'return', 0))
2023-12-15 13:18:26,875	[INFO]	53      TEST_CODE_ERROR       None  [3 edit(s)]       
2023-12-15 13:18:27,718	[DEBUG]	EXEC>  SUCCESS 1203113
2023-12-15 13:18:27,719	[DEBUG]	IfReplacement(('triangle.cpp.xml', 'if', 1), ('triangle.cpp.xml', 'stmt', 16)) | ExprStmtDeletion(('triangle.cpp.xml', 'expr_stmt', 1)) | ExprStmtInsertion(('triangle.cpp.xml', '_inter_block', 21), ('triangle.cpp.xml', 'expr_stmt', 10))
2023-12-15 13:18:27,719	[INFO]	54      SUCCESS              *1203113 (99.8%) [3 edit(s)] 
2023-12-15 13:18:27,721	[DEBUG]	--- before: triangle.cpp
+++ after: triangle.cpp
@@ -8,7 +8,7 @@
 int classify_triangle(double a, double b, double c) {
   double tmp;
 
-  delay();
+  
 
   // Sort the sides so that a <= b <= c
   if(a > b) {
@@ -17,11 +17,11 @@
     b = tmp;
   }
 
-  if(a > c) {
-    tmp = a;
-    a = c;
-    c = tmp;
-  }
+  if(a + b <= c)
+    /*auto*/{
+      return INVALID;
+      c = tmp;
+    }/*auto*/
 
   if(b > c) {
     tmp = b;

2023-12-15 13:18:27,723	[DEBUG]	IfReplacement(('triangle.cpp.xml', 'if', 1), ('triangle.cpp.xml', 'stmt', 16)) | ExprStmtDeletion(('triangle.cpp.xml', 'expr_stmt', 1)) | ExprStmtInsertion(('triangle.cpp.xml', '_inter_block', 21), ('triangle.cpp.xml', 'expr_stmt', 10)) | ExprStmtDeletion(('triangle.cpp.xml', 'expr_stmt', 7))
2023-12-15 13:18:27,723	[INFO]	55      SUCCESS              +1203113 (99.8%) [4 edit(s)] 
2023-12-15 13:18:27,724	[DEBUG]	--- before: triangle.cpp
+++ after: triangle.cpp
@@ -8,7 +8,7 @@
 int classify_triangle(double a, double b, double c) {
   double tmp;
 
-  delay();
+  
 
   // Sort the sides so that a <= b <= c
   if(a > b) {
@@ -17,11 +17,11 @@
     b = tmp;
   }
 
-  if(a > c) {
-    tmp = a;
-    a = c;
-    c = tmp;
-  }
+  if(a + b <= c)
+    /*auto*/{
+      return INVALID;
+      c = tmp;
+    }/*auto*/
 
   if(b > c) {
     tmp = b;

2023-12-15 13:18:28,493	[DEBUG]	IfReplacement(('triangle.cpp.xml', 'if', 1), ('triangle.cpp.xml', 'stmt', 16)) | ExprStmtDeletion(('triangle.cpp.xml', 'expr_stmt', 1)) | ExprStmtInsertion(('triangle.cpp.xml', '_inter_block', 21), ('triangle.cpp.xml', 'expr_stmt', 10)) | ExprStmtDeletion(('triangle.cpp.xml', 'expr_stmt', 7)) | ExprStmtReplacement(('triangle.cpp.xml', 'expr_stmt', 4), ('triangle.cpp.xml', 'stmt', 18))
2023-12-15 13:18:28,493	[INFO]	56      TEST_CODE_ERROR       None  [5 edit(s)]       
2023-12-15 13:18:29,252	[DEBUG]	IfReplacement(('triangle.cpp.xml', 'if', 1), ('triangle.cpp.xml', 'stmt', 16)) | ExprStmtDeletion(('triangle.cpp.xml', 'expr_stmt', 1)) | ExprStmtInsertion(('triangle.cpp.xml', '_inter_block', 21), ('triangle.cpp.xml', 'expr_stmt', 10)) | ExprStmtDeletion(('triangle.cpp.xml', 'expr_stmt', 7)) | IfDeletion(('triangle.cpp.xml', 'if', 2))
2023-12-15 13:18:29,252	[INFO]	57      TEST_CODE_ERROR       None  [5 edit(s)]       
2023-12-15 13:18:30,049	[DEBUG]	IfReplacement(('triangle.cpp.xml', 'if', 1), ('triangle.cpp.xml', 'stmt', 16)) | ExprStmtDeletion(('triangle.cpp.xml', 'expr_stmt', 1)) | ExprStmtInsertion(('triangle.cpp.xml', '_inter_block', 21), ('triangle.cpp.xml', 'expr_stmt', 10)) | ExprStmtDeletion(('triangle.cpp.xml', 'expr_stmt', 7)) | IfReplacement(('triangle.cpp.xml', 'if', 4), ('triangle.cpp.xml', 'stmt', 7))
2023-12-15 13:18:30,049	[INFO]	58      TEST_CODE_ERROR       None  [5 edit(s)]       
2023-12-15 13:18:30,783	[DEBUG]	IfReplacement(('triangle.cpp.xml', 'if', 1), ('triangle.cpp.xml', 'stmt', 16)) | ExprStmtDeletion(('triangle.cpp.xml', 'expr_stmt', 1)) | ExprStmtInsertion(('triangle.cpp.xml', '_inter_block', 21), ('triangle.cpp.xml', 'expr_stmt', 10)) | ExprStmtDeletion(('triangle.cpp.xml', 'expr_stmt', 7)) | ReturnInsertion(('triangle.cpp.xml', '_inter_block', 23), ('triangle.cpp.xml', 'return', 0))
2023-12-15 13:18:30,784	[INFO]	59      TEST_CODE_ERROR       None  [5 edit(s)]       
2023-12-15 13:18:31,549	[DEBUG]	IfReplacement(('triangle.cpp.xml', 'if', 1), ('triangle.cpp.xml', 'stmt', 16)) | ExprStmtDeletion(('triangle.cpp.xml', 'expr_stmt', 1)) | ExprStmtInsertion(('triangle.cpp.xml', '_inter_block', 21), ('triangle.cpp.xml', 'expr_stmt', 10)) | ExprStmtDeletion(('triangle.cpp.xml', 'expr_stmt', 7)) | ExprStmtDeletion(('triangle.cpp.xml', 'expr_stmt', 3))
2023-12-15 13:18:31,549	[INFO]	60      TEST_CODE_ERROR       None  [5 edit(s)]       
2023-12-15 13:18:32,350	[DEBUG]	IfReplacement(('triangle.cpp.xml', 'if', 1), ('triangle.cpp.xml', 'stmt', 16)) | ExprStmtDeletion(('triangle.cpp.xml', 'expr_stmt', 1)) | ExprStmtInsertion(('triangle.cpp.xml', '_inter_block', 21), ('triangle.cpp.xml', 'expr_stmt', 10)) | ExprStmtDeletion(('triangle.cpp.xml', 'expr_stmt', 7)) | ExprStmtReplacement(('triangle.cpp.xml', 'expr_stmt', 8), ('triangle.cpp.xml', 'stmt', 4))
2023-12-15 13:18:32,351	[INFO]	61      TEST_CODE_ERROR       None  [5 edit(s)]       
2023-12-15 13:18:33,155	[DEBUG]	IfReplacement(('triangle.cpp.xml', 'if', 1), ('triangle.cpp.xml', 'stmt', 16)) | ExprStmtDeletion(('triangle.cpp.xml', 'expr_stmt', 1)) | ExprStmtInsertion(('triangle.cpp.xml', '_inter_block', 21), ('triangle.cpp.xml', 'expr_stmt', 10)) | ExprStmtDeletion(('triangle.cpp.xml', 'expr_stmt', 7)) | IfReplacement(('triangle.cpp.xml', 'if', 5), ('triangle.cpp.xml', 'stmt', 8))
2023-12-15 13:18:33,155	[INFO]	62      TEST_CODE_ERROR       None  [5 edit(s)]       
2023-12-15 13:18:33,878	[DEBUG]	IfReplacement(('triangle.cpp.xml', 'if', 1), ('triangle.cpp.xml', 'stmt', 16)) | ExprStmtDeletion(('triangle.cpp.xml', 'expr_stmt', 1)) | ExprStmtInsertion(('triangle.cpp.xml', '_inter_block', 21), ('triangle.cpp.xml', 'expr_stmt', 10)) | ExprStmtDeletion(('triangle.cpp.xml', 'expr_stmt', 7)) | ReturnReplacement(('triangle.cpp.xml', 'return', 0), ('triangle.cpp.xml', 'stmt', 11))
2023-12-15 13:18:33,879	[INFO]	63      TEST_CODE_ERROR       None  [5 edit(s)]       
2023-12-15 13:18:34,021	[DEBUG]	IfReplacement(('triangle.cpp.xml', 'if', 1), ('triangle.cpp.xml', 'stmt', 16)) | ExprStmtDeletion(('triangle.cpp.xml', 'expr_stmt', 1)) | ExprStmtInsertion(('triangle.cpp.xml', '_inter_block', 21), ('triangle.cpp.xml', 'expr_stmt', 10)) | ExprStmtDeletion(('triangle.cpp.xml', 'expr_stmt', 7)) | DeclStmtReplacement(('triangle.cpp.xml', 'decl_stmt', 0), ('triangle.cpp.xml', 'stmt', 18))
2023-12-15 13:18:34,021	[INFO]	64      COMPILE_CODE_ERROR    None  [5 edit(s)]       
2023-12-15 13:18:34,803	[DEBUG]	IfReplacement(('triangle.cpp.xml', 'if', 1), ('triangle.cpp.xml', 'stmt', 16)) | ExprStmtDeletion(('triangle.cpp.xml', 'expr_stmt', 1)) | ExprStmtInsertion(('triangle.cpp.xml', '_inter_block', 21), ('triangle.cpp.xml', 'expr_stmt', 10)) | ExprStmtDeletion(('triangle.cpp.xml', 'expr_stmt', 7)) | ExprStmtReplacement(('triangle.cpp.xml', 'expr_stmt', 10), ('triangle.cpp.xml', 'stmt', 8))
2023-12-15 13:18:34,803	[INFO]	65      TEST_CODE_ERROR       None  [5 edit(s)]       
2023-12-15 13:18:34,951	[DEBUG]	IfReplacement(('triangle.cpp.xml', 'if', 1), ('triangle.cpp.xml', 'stmt', 16)) | ExprStmtDeletion(('triangle.cpp.xml', 'expr_stmt', 1)) | ExprStmtInsertion(('triangle.cpp.xml', '_inter_block', 21), ('triangle.cpp.xml', 'expr_stmt', 10)) | ExprStmtDeletion(('triangle.cpp.xml', 'expr_stmt', 7)) | DeclStmtDeletion(('triangle.cpp.xml', 'decl_stmt', 1))
2023-12-15 13:18:34,952	[INFO]	66      COMPILE_CODE_ERROR    None  [5 edit(s)]       
2023-12-15 13:18:35,783	[DEBUG]	EXEC>  SUCCESS 1203240
2023-12-15 13:18:35,783	[DEBUG]	IfReplacement(('triangle.cpp.xml', 'if', 1), ('triangle.cpp.xml', 'stmt', 16)) | ExprStmtDeletion(('triangle.cpp.xml', 'expr_stmt', 1)) | ExprStmtInsertion(('triangle.cpp.xml', '_inter_block', 21), ('triangle.cpp.xml', 'expr_stmt', 10)) | ExprStmtDeletion(('triangle.cpp.xml', 'expr_stmt', 7)) | DeclStmtInsertion(('triangle.cpp.xml', '_inter_block', 5), ('triangle.cpp.xml', 'decl_stmt', 0))
2023-12-15 13:18:35,784	[INFO]	67      SUCCESS               1203240 (99.81%) [5 edit(s)] 
2023-12-15 13:18:36,651	[DEBUG]	EXEC>  SUCCESS 1203115
2023-12-15 13:18:36,651	[DEBUG]	IfReplacement(('triangle.cpp.xml', 'if', 1), ('triangle.cpp.xml', 'stmt', 16)) | ExprStmtDeletion(('triangle.cpp.xml', 'expr_stmt', 1)) | ExprStmtInsertion(('triangle.cpp.xml', '_inter_block', 21), ('triangle.cpp.xml', 'expr_stmt', 10)) | ExprStmtDeletion(('triangle.cpp.xml', 'expr_stmt', 7)) | ReturnInsertion(('triangle.cpp.xml', '_inter_block', 20), ('triangle.cpp.xml', 'return', 2))
2023-12-15 13:18:36,652	[INFO]	68      SUCCESS               1203115 (99.8%) [5 edit(s)] 
2023-12-15 13:18:36,818	[DEBUG]	IfReplacement(('triangle.cpp.xml', 'if', 1), ('triangle.cpp.xml', 'stmt', 16)) | ExprStmtDeletion(('triangle.cpp.xml', 'expr_stmt', 1)) | ExprStmtInsertion(('triangle.cpp.xml', '_inter_block', 21), ('triangle.cpp.xml', 'expr_stmt', 10)) | ExprStmtDeletion(('triangle.cpp.xml', 'expr_stmt', 7)) | ReturnInsertion(('triangle.cpp.xml', '_inter_block', 1), ('triangle.cpp.xml', 'return', 0))
2023-12-15 13:18:36,819	[INFO]	69      COMPILE_CODE_ERROR    None  [5 edit(s)]       
2023-12-15 13:18:36,822	[DEBUG]	IfReplacement(('triangle.cpp.xml', 'if', 1), ('triangle.cpp.xml', 'stmt', 16)) | ExprStmtDeletion(('triangle.cpp.xml', 'expr_stmt', 1)) | ExprStmtInsertion(('triangle.cpp.xml', '_inter_block', 21), ('triangle.cpp.xml', 'expr_stmt', 10)) | ExprStmtDeletion(('triangle.cpp.xml', 'expr_stmt', 7)) | ExprStmtDeletion(('triangle.cpp.xml', 'expr_stmt', 6))
2023-12-15 13:18:36,822	[INFO]	70      SUCCESS              +1203113 (99.8%) [5 edit(s)] 
2023-12-15 13:18:36,824	[DEBUG]	--- before: triangle.cpp
+++ after: triangle.cpp
@@ -8,7 +8,7 @@
 int classify_triangle(double a, double b, double c) {
   double tmp;
 
-  delay();
+  
 
   // Sort the sides so that a <= b <= c
   if(a > b) {
@@ -17,11 +17,11 @@
     b = tmp;
   }
 
-  if(a > c) {
-    tmp = a;
-    a = c;
-    c = tmp;
-  }
+  if(a + b <= c)
+    /*auto*/{
+      return INVALID;
+      c = tmp;
+    }/*auto*/
 
   if(b > c) {
     tmp = b;

2023-12-15 13:18:36,828	[DEBUG]	IfReplacement(('triangle.cpp.xml', 'if', 1), ('triangle.cpp.xml', 'stmt', 16)) | ExprStmtDeletion(('triangle.cpp.xml', 'expr_stmt', 1)) | ExprStmtInsertion(('triangle.cpp.xml', '_inter_block', 21), ('triangle.cpp.xml', 'expr_stmt', 10)) | ExprStmtDeletion(('triangle.cpp.xml', 'expr_stmt', 7)) | ExprStmtDeletion(('triangle.cpp.xml', 'expr_stmt', 6)) | ExprStmtReplacement(('triangle.cpp.xml', 'expr_stmt', 7), ('triangle.cpp.xml', 'stmt', 4))
2023-12-15 13:18:36,828	[INFO]	71      SUCCESS              +1203113 (99.8%) [6 edit(s)] 
2023-12-15 13:18:36,830	[DEBUG]	--- before: triangle.cpp
+++ after: triangle.cpp
@@ -8,7 +8,7 @@
 int classify_triangle(double a, double b, double c) {
   double tmp;
 
-  delay();
+  
 
   // Sort the sides so that a <= b <= c
   if(a > b) {
@@ -17,11 +17,11 @@
     b = tmp;
   }
 
-  if(a > c) {
-    tmp = a;
-    a = c;
-    c = tmp;
-  }
+  if(a + b <= c)
+    /*auto*/{
+      return INVALID;
+      c = tmp;
+    }/*auto*/
 
   if(b > c) {
     tmp = b;

2023-12-15 13:18:36,971	[DEBUG]	IfReplacement(('triangle.cpp.xml', 'if', 1), ('triangle.cpp.xml', 'stmt', 16)) | ExprStmtDeletion(('triangle.cpp.xml', 'expr_stmt', 1)) | ExprStmtInsertion(('triangle.cpp.xml', '_inter_block', 21), ('triangle.cpp.xml', 'expr_stmt', 10)) | ExprStmtDeletion(('triangle.cpp.xml', 'expr_stmt', 7)) | ExprStmtDeletion(('triangle.cpp.xml', 'expr_stmt', 6)) | ExprStmtReplacement(('triangle.cpp.xml', 'expr_stmt', 7), ('triangle.cpp.xml', 'stmt', 4)) | DeclStmtReplacement(('triangle.cpp.xml', 'decl_stmt', 0), ('triangle.cpp.xml', 'stmt', 18))
2023-12-15 13:18:36,971	[INFO]	72      COMPILE_CODE_ERROR    None  [7 edit(s)]       
2023-12-15 13:18:37,811	[DEBUG]	EXEC>  SUCCESS 1203113
2023-12-15 13:18:37,812	[DEBUG]	IfReplacement(('triangle.cpp.xml', 'if', 1), ('triangle.cpp.xml', 'stmt', 16)) | ExprStmtDeletion(('triangle.cpp.xml', 'expr_stmt', 1)) | ExprStmtInsertion(('triangle.cpp.xml', '_inter_block', 21), ('triangle.cpp.xml', 'expr_stmt', 10)) | ExprStmtDeletion(('triangle.cpp.xml', 'expr_stmt', 7)) | ExprStmtDeletion(('triangle.cpp.xml', 'expr_stmt', 6)) | ExprStmtReplacement(('triangle.cpp.xml', 'expr_stmt', 7), ('triangle.cpp.xml', 'stmt', 4)) | ReturnInsertion(('triangle.cpp.xml', '_inter_block', 19), ('triangle.cpp.xml', 'return', 2))
2023-12-15 13:18:37,812	[INFO]	73      SUCCESS              +1203113 (99.8%) [7 edit(s)] 
2023-12-15 13:18:37,815	[DEBUG]	--- before: triangle.cpp
+++ after: triangle.cpp
@@ -8,7 +8,7 @@
 int classify_triangle(double a, double b, double c) {
   double tmp;
 
-  delay();
+  
 
   // Sort the sides so that a <= b <= c
   if(a > b) {
@@ -17,11 +17,12 @@
     b = tmp;
   }
 
-  if(a > c) {
-    tmp = a;
-    a = c;
-    c = tmp;
-  }
+  if(a + b <= c)
+    /*auto*/{
+      return INVALID;
+      return ISOSCELES;
+      c = tmp;
+    }/*auto*/
 
   if(b > c) {
     tmp = b;

2023-12-15 13:18:38,568	[DEBUG]	IfReplacement(('triangle.cpp.xml', 'if', 1), ('triangle.cpp.xml', 'stmt', 16)) | ExprStmtDeletion(('triangle.cpp.xml', 'expr_stmt', 1)) | ExprStmtInsertion(('triangle.cpp.xml', '_inter_block', 21), ('triangle.cpp.xml', 'expr_stmt', 10)) | ExprStmtDeletion(('triangle.cpp.xml', 'expr_stmt', 7)) | ExprStmtDeletion(('triangle.cpp.xml', 'expr_stmt', 6)) | ExprStmtReplacement(('triangle.cpp.xml', 'expr_stmt', 7), ('triangle.cpp.xml', 'stmt', 4)) | ReturnInsertion(('triangle.cpp.xml', '_inter_block', 19), ('triangle.cpp.xml', 'return', 2)) | ExprStmtDeletion(('triangle.cpp.xml', 'expr_stmt', 8))
2023-12-15 13:18:38,569	[INFO]	74      TEST_CODE_ERROR       None  [8 edit(s)]       
2023-12-15 13:18:38,572	[DEBUG]	IfReplacement(('triangle.cpp.xml', 'if', 1), ('triangle.cpp.xml', 'stmt', 16)) | ExprStmtDeletion(('triangle.cpp.xml', 'expr_stmt', 1)) | ExprStmtInsertion(('triangle.cpp.xml', '_inter_block', 21), ('triangle.cpp.xml', 'expr_stmt', 10)) | ExprStmtDeletion(('triangle.cpp.xml', 'expr_stmt', 7)) | ExprStmtDeletion(('triangle.cpp.xml', 'expr_stmt', 6)) | ExprStmtReplacement(('triangle.cpp.xml', 'expr_stmt', 7), ('triangle.cpp.xml', 'stmt', 4)) | ReturnInsertion(('triangle.cpp.xml', '_inter_block', 19), ('triangle.cpp.xml', 'return', 2)) | ExprStmtDeletion(('triangle.cpp.xml', 'expr_stmt', 1))
2023-12-15 13:18:38,572	[INFO]	75      SUCCESS              +1203113 (99.8%) [8 edit(s)] 
2023-12-15 13:18:38,574	[DEBUG]	--- before: triangle.cpp
+++ after: triangle.cpp
@@ -8,7 +8,7 @@
 int classify_triangle(double a, double b, double c) {
   double tmp;
 
-  delay();
+  
 
   // Sort the sides so that a <= b <= c
   if(a > b) {
@@ -17,11 +17,12 @@
     b = tmp;
   }
 
-  if(a > c) {
-    tmp = a;
-    a = c;
-    c = tmp;
-  }
+  if(a + b <= c)
+    /*auto*/{
+      return INVALID;
+      return ISOSCELES;
+      c = tmp;
+    }/*auto*/
 
   if(b > c) {
     tmp = b;

2023-12-15 13:18:39,331	[DEBUG]	IfReplacement(('triangle.cpp.xml', 'if', 1), ('triangle.cpp.xml', 'stmt', 16)) | ExprStmtDeletion(('triangle.cpp.xml', 'expr_stmt', 1)) | ExprStmtInsertion(('triangle.cpp.xml', '_inter_block', 21), ('triangle.cpp.xml', 'expr_stmt', 10)) | ExprStmtDeletion(('triangle.cpp.xml', 'expr_stmt', 7)) | ExprStmtDeletion(('triangle.cpp.xml', 'expr_stmt', 6)) | ExprStmtReplacement(('triangle.cpp.xml', 'expr_stmt', 7), ('triangle.cpp.xml', 'stmt', 4)) | ReturnInsertion(('triangle.cpp.xml', '_inter_block', 19), ('triangle.cpp.xml', 'return', 2)) | ExprStmtDeletion(('triangle.cpp.xml', 'expr_stmt', 1)) | IfDeletion(('triangle.cpp.xml', 'if', 4))
2023-12-15 13:18:39,331	[INFO]	76      TEST_CODE_ERROR       None  [9 edit(s)]       
2023-12-15 13:18:39,334	[DEBUG]	IfReplacement(('triangle.cpp.xml', 'if', 1), ('triangle.cpp.xml', 'stmt', 16)) | ExprStmtDeletion(('triangle.cpp.xml', 'expr_stmt', 1)) | ExprStmtInsertion(('triangle.cpp.xml', '_inter_block', 21), ('triangle.cpp.xml', 'expr_stmt', 10)) | ExprStmtDeletion(('triangle.cpp.xml', 'expr_stmt', 7)) | ExprStmtDeletion(('triangle.cpp.xml', 'expr_stmt', 6)) | ExprStmtReplacement(('triangle.cpp.xml', 'expr_stmt', 7), ('triangle.cpp.xml', 'stmt', 4)) | ReturnInsertion(('triangle.cpp.xml', '_inter_block', 19), ('triangle.cpp.xml', 'return', 2)) | ExprStmtDeletion(('triangle.cpp.xml', 'expr_stmt', 1)) | ExprStmtDeletion(('triangle.cpp.xml', 'expr_stmt', 1))
2023-12-15 13:18:39,334	[INFO]	77      SUCCESS              +1203113 (99.8%) [9 edit(s)] 
2023-12-15 13:18:39,336	[DEBUG]	--- before: triangle.cpp
+++ after: triangle.cpp
@@ -8,7 +8,7 @@
 int classify_triangle(double a, double b, double c) {
   double tmp;
 
-  delay();
+  
 
   // Sort the sides so that a <= b <= c
   if(a > b) {
@@ -17,11 +17,12 @@
     b = tmp;
   }
 
-  if(a > c) {
-    tmp = a;
-    a = c;
-    c = tmp;
-  }
+  if(a + b <= c)
+    /*auto*/{
+      return INVALID;
+      return ISOSCELES;
+      c = tmp;
+    }/*auto*/
 
   if(b > c) {
     tmp = b;

2023-12-15 13:18:40,206	[DEBUG]	EXEC>  SUCCESS 1203113
2023-12-15 13:18:40,206	[DEBUG]	IfReplacement(('triangle.cpp.xml', 'if', 1), ('triangle.cpp.xml', 'stmt', 16)) | ExprStmtDeletion(('triangle.cpp.xml', 'expr_stmt', 1)) | ExprStmtInsertion(('triangle.cpp.xml', '_inter_block', 21), ('triangle.cpp.xml', 'expr_stmt', 10)) | ExprStmtDeletion(('triangle.cpp.xml', 'expr_stmt', 7)) | ExprStmtDeletion(('triangle.cpp.xml', 'expr_stmt', 6)) | ExprStmtReplacement(('triangle.cpp.xml', 'expr_stmt', 7), ('triangle.cpp.xml', 'stmt', 4)) | ReturnInsertion(('triangle.cpp.xml', '_inter_block', 19), ('triangle.cpp.xml', 'return', 2)) | ExprStmtDeletion(('triangle.cpp.xml', 'expr_stmt', 1)) | ExprStmtDeletion(('triangle.cpp.xml', 'expr_stmt', 1)) | ExprStmtDeletion(('triangle.cpp.xml', 'expr_stmt', 5))
2023-12-15 13:18:40,207	[INFO]	78      SUCCESS              +1203113 (99.8%) [10 edit(s)] 
2023-12-15 13:19:30,607	[DEBUG]	--- before: triangle.cpp
+++ after: triangle.cpp
@@ -8,7 +8,7 @@
 int classify_triangle(double a, double b, double c) {
   double tmp;
 
-  delay();
+  
 
   // Sort the sides so that a <= b <= c
   if(a > b) {
@@ -17,11 +17,12 @@
     b = tmp;
   }
 
-  if(a > c) {
-    tmp = a;
-    a = c;
-    c = tmp;
-  }
+  if(a + b <= c)
+    /*auto*/{
+      return INVALID;
+      return ISOSCELES;
+      
+    }/*auto*/
 
   if(b > c) {
     tmp = b;

2023-12-15 13:19:30,609	[INFO]	==== END ====
2023-12-15 13:19:30,609	[INFO]	
2023-12-15 13:19:30,610	[INFO]	==== REPORT ====
2023-12-15 13:19:30,610	[INFO]	Termination: time budget
2023-12-15 13:19:30,611	[INFO]	Log file: /cs/student/ug/2020/damibose/projects/magpie/_magpie_logs/triangle-cpp_slow_1702646266.log
2023-12-15 13:19:30,613	[INFO]	Patch file: _magpie_logs/triangle-cpp_slow_1702646266.patch
2023-12-15 13:19:30,613	[INFO]	Diff file: _magpie_logs/triangle-cpp_slow_1702646266.diff
2023-12-15 13:19:30,613	[INFO]	Best fitness: 1203113
2023-12-15 13:19:30,614	[INFO]	Best patch: IfReplacement(('triangle.cpp.xml', 'if', 1), ('triangle.cpp.xml', 'stmt', 16)) | ExprStmtDeletion(('triangle.cpp.xml', 'expr_stmt', 1)) | ExprStmtInsertion(('triangle.cpp.xml', '_inter_block', 21), ('triangle.cpp.xml', 'expr_stmt', 10))
2023-12-15 13:19:30,614	[INFO]	Diff:
--- before: triangle.cpp
+++ after: triangle.cpp
@@ -8,7 +8,7 @@
 int classify_triangle(double a, double b, double c) {
   double tmp;
 
-  delay();
+  
 
   // Sort the sides so that a <= b <= c
   if(a > b) {
@@ -17,11 +17,11 @@
     b = tmp;
   }
 
-  if(a > c) {
-    tmp = a;
-    a = c;
-    c = tmp;
-  }
+  if(a + b <= c)
+    /*auto*/{
+      return INVALID;
+      c = tmp;
+    }/*auto*/
 
   if(b > c) {
     tmp = b;

