2023-12-15 03:46:06,341	[DEBUG]	==== CONFIG ====
[magpie]
import = 
seed = 10
log_dir = _magpie_logs
work_dir = _magpie_work
final_out_dir = experiments/results_e_greedy_proof_of_concept/epsilon_greedy/FirstImprovementNoTabu/trial_10
local_original_copy = True
local_original_name = __original__
output_encoding = ascii
edit_retries = 10
default_timeout = 30
default_lengthout = 10000.0
diff_method = unified
trust_local_filesystem = True

[software]
path = examples/code/triangle-cpp_slow
target_files = 
	triangle.cpp.xml
program = BasicProgram
engine_rules = 
	*.params : ConfigFileParamsEngine
	*.xml : SrcmlEngine
	* : LineEngine
engine_config = 
	*.params : [params]
	*.xml : [srcml]
init_cmd = 
init_timeout = 60
init_lengthout = -1
setup_cmd = ./setup.sh
setup_timeout = 
setup_lengthout = 
compile_cmd = ./compile.sh
compile_timeout = 
compile_lengthout = 
test_cmd = ./build/test_triangle
test_timeout = 
test_lengthout = 
run_cmd = perf stat ./build/run_triangle
run_timeout = 1
run_lengthout = 
batch_timeout = 
batch_lengthout = 
batch_bin_fitness_strategy = aggregate
batch_fitness_strategy = sum
fitness = perf_instructions

[srcml]
rename = 
focus = block break continue decl_stmt do expr_stmt for goto if return switch while
internodes = block
process_pseudo_blocks = True
process_literals = False
process_operators = False

[params]
timing = test run
cli_prefix = --
cli_glue = =
cli_boolean = show
cli_boolean_prefix_true = 
cli_boolean_prefix_false = no-
silent_prefix = @
silent_suffix = $

[search]
protocol = BasicProtocol
algorithm = FirstImprovementNoTabu
possible_edits = 
	DeclStmtReplacement
	ExprStmtReplacement
	IfReplacement
	ReturnReplacement
	DeclStmtInsertion
	ExprStmtInsertion
	IfInsertion
	ReturnInsertion
	DeclStmtDeletion
	ExprStmtDeletion
	IfDeletion
	ReturnDeletion
warmup = 5
warmup_strategy = last
max_steps = 100
max_time = 60
target_fitness = 
cache_maxsize = 40
cache_keep = 0.2
batch_instances = 
batch_shuffle = True
batch_bin_shuffle = False
batch_sample_size = 1
operator_selector = EpsilonGreedy
epsilon = 0.2

[search.ls]
delete_prob = 0
max_neighbours = 20
when_trapped = continue
accept_fail = False
tabu_length = 10

[search.gp]
pop_size = 10
delete_prob = 0.5
offspring_elitism = 0.1
offspring_crossover = 0.5
offspring_mutation = 0.4
uniform_rate = 0.5
batch_reset = True

[search.minify]
do_cleanup = True
do_rebuild = True
do_simplify = True
round_robin_limit = 3


2023-12-15 03:46:06,346	[INFO]	==== WARMUP ====
2023-12-15 03:46:08,941	[DEBUG]	EXEC>  SUCCESS 1204238
2023-12-15 03:46:08,942	[INFO]	WARM    SUCCESS               1204238                 
2023-12-15 03:46:09,881	[DEBUG]	EXEC>  SUCCESS 1204240
2023-12-15 03:46:09,882	[INFO]	WARM    SUCCESS               1204240                 
2023-12-15 03:46:10,850	[DEBUG]	EXEC>  SUCCESS 1204239
2023-12-15 03:46:10,851	[INFO]	WARM    SUCCESS               1204239                 
2023-12-15 03:46:11,795	[DEBUG]	EXEC>  SUCCESS 1204239
2023-12-15 03:46:11,796	[INFO]	WARM    SUCCESS               1204239                 
2023-12-15 03:46:12,752	[DEBUG]	EXEC>  SUCCESS 1204239
2023-12-15 03:46:12,752	[INFO]	WARM    SUCCESS               1204239                 
2023-12-15 03:46:12,752	[INFO]	INITIAL SUCCESS               1204239                 
2023-12-15 03:46:12,753	[INFO]	==== START: FirstImprovementNoTabu ====
2023-12-15 03:46:12,924	[DEBUG]	DeclStmtReplacement(('triangle.cpp.xml', 'decl_stmt', 1), ('triangle.cpp.xml', 'stmt', 8))
2023-12-15 03:46:12,924	[INFO]	1       COMPILE_CODE_ERROR    None  [1 edit(s)]       
2023-12-15 03:46:13,715	[DEBUG]	ExprStmtReplacement(('triangle.cpp.xml', 'expr_stmt', 8), ('triangle.cpp.xml', 'stmt', 4))
2023-12-15 03:46:13,715	[INFO]	2       TEST_CODE_ERROR       None  [1 edit(s)]       
2023-12-15 03:46:14,505	[DEBUG]	ExprStmtReplacement(('triangle.cpp.xml', 'expr_stmt', 5), ('triangle.cpp.xml', 'stmt', 22))
2023-12-15 03:46:14,505	[INFO]	3       TEST_CODE_ERROR       None  [1 edit(s)]       
2023-12-15 03:46:15,312	[DEBUG]	IfReplacement(('triangle.cpp.xml', 'if', 5), ('triangle.cpp.xml', 'stmt', 20))
2023-12-15 03:46:15,312	[INFO]	4       TEST_CODE_ERROR       None  [1 edit(s)]       
2023-12-15 03:46:16,292	[DEBUG]	EXEC>  SUCCESS 1203995
2023-12-15 03:46:16,293	[DEBUG]	IfReplacement(('triangle.cpp.xml', 'if', 0), ('triangle.cpp.xml', 'stmt', 0))
2023-12-15 03:46:16,293	[INFO]	5       SUCCESS              *1203995 (99.98%) [1 edit(s)] 
2023-12-15 03:46:16,294	[DEBUG]	--- before: triangle.cpp
+++ after: triangle.cpp
@@ -11,11 +11,7 @@
   delay();
 
   // Sort the sides so that a <= b <= c
-  if(a > b) {
-    tmp = a;
-    a = b;
-    b = tmp;
-  }
+  const struct timespec ms = {0, (long int) (0.001*1e9)};
 
   if(a > c) {
     tmp = a;

2023-12-15 03:46:17,109	[DEBUG]	IfReplacement(('triangle.cpp.xml', 'if', 0), ('triangle.cpp.xml', 'stmt', 0)) | ReturnReplacement(('triangle.cpp.xml', 'return', 3), ('triangle.cpp.xml', 'stmt', 15))
2023-12-15 03:46:17,110	[INFO]	6       TEST_CODE_ERROR       None  [2 edit(s)]       
2023-12-15 03:46:18,094	[DEBUG]	EXEC>  SUCCESS 1203996
2023-12-15 03:46:18,094	[DEBUG]	IfReplacement(('triangle.cpp.xml', 'if', 0), ('triangle.cpp.xml', 'stmt', 0)) | DeclStmtInsertion(('triangle.cpp.xml', '_inter_block', 18), ('triangle.cpp.xml', 'decl_stmt', 1))
2023-12-15 03:46:18,095	[INFO]	7       SUCCESS               1203996 (99.98%) [2 edit(s)] 
2023-12-15 03:46:18,097	[DEBUG]	IfReplacement(('triangle.cpp.xml', 'if', 0), ('triangle.cpp.xml', 'stmt', 0)) | ExprStmtInsertion(('triangle.cpp.xml', '_inter_block', 31), ('triangle.cpp.xml', 'expr_stmt', 5))
2023-12-15 03:46:18,097	[INFO]	8       SUCCESS              +1203995 (99.98%) [2 edit(s)] 
2023-12-15 03:46:18,099	[DEBUG]	--- before: triangle.cpp
+++ after: triangle.cpp
@@ -11,11 +11,7 @@
   delay();
 
   // Sort the sides so that a <= b <= c
-  if(a > b) {
-    tmp = a;
-    a = b;
-    b = tmp;
-  }
+  const struct timespec ms = {0, (long int) (0.001*1e9)};
 
   if(a > c) {
     tmp = a;

2023-12-15 03:46:18,256	[DEBUG]	IfReplacement(('triangle.cpp.xml', 'if', 0), ('triangle.cpp.xml', 'stmt', 0)) | ExprStmtInsertion(('triangle.cpp.xml', '_inter_block', 31), ('triangle.cpp.xml', 'expr_stmt', 5)) | IfInsertion(('triangle.cpp.xml', '_inter_block', 2), ('triangle.cpp.xml', 'if', 3))
2023-12-15 03:46:18,256	[INFO]	9       COMPILE_CODE_ERROR    None  [3 edit(s)]       
2023-12-15 03:46:19,027	[DEBUG]	IfReplacement(('triangle.cpp.xml', 'if', 0), ('triangle.cpp.xml', 'stmt', 0)) | ExprStmtInsertion(('triangle.cpp.xml', '_inter_block', 31), ('triangle.cpp.xml', 'expr_stmt', 5)) | ReturnInsertion(('triangle.cpp.xml', '_inter_block', 26), ('triangle.cpp.xml', 'return', 0))
2023-12-15 03:46:19,028	[INFO]	10      TEST_CODE_ERROR       None  [3 edit(s)]       
2023-12-15 03:46:19,197	[DEBUG]	IfReplacement(('triangle.cpp.xml', 'if', 0), ('triangle.cpp.xml', 'stmt', 0)) | ExprStmtInsertion(('triangle.cpp.xml', '_inter_block', 31), ('triangle.cpp.xml', 'expr_stmt', 5)) | DeclStmtDeletion(('triangle.cpp.xml', 'decl_stmt', 1))
2023-12-15 03:46:19,197	[INFO]	11      COMPILE_CODE_ERROR    None  [3 edit(s)]       
2023-12-15 03:46:20,010	[DEBUG]	IfReplacement(('triangle.cpp.xml', 'if', 0), ('triangle.cpp.xml', 'stmt', 0)) | ExprStmtInsertion(('triangle.cpp.xml', '_inter_block', 31), ('triangle.cpp.xml', 'expr_stmt', 5)) | ExprStmtDeletion(('triangle.cpp.xml', 'expr_stmt', 5))
2023-12-15 03:46:20,010	[INFO]	12      TEST_CODE_ERROR       None  [3 edit(s)]       
2023-12-15 03:46:20,796	[DEBUG]	IfReplacement(('triangle.cpp.xml', 'if', 0), ('triangle.cpp.xml', 'stmt', 0)) | ExprStmtInsertion(('triangle.cpp.xml', '_inter_block', 31), ('triangle.cpp.xml', 'expr_stmt', 5)) | IfReplacement(('triangle.cpp.xml', 'if', 3), ('triangle.cpp.xml', 'stmt', 12))
2023-12-15 03:46:20,797	[INFO]	13      TEST_CODE_ERROR       None  [3 edit(s)]       
2023-12-15 03:46:21,617	[DEBUG]	IfReplacement(('triangle.cpp.xml', 'if', 0), ('triangle.cpp.xml', 'stmt', 0)) | ExprStmtInsertion(('triangle.cpp.xml', '_inter_block', 31), ('triangle.cpp.xml', 'expr_stmt', 5)) | IfDeletion(('triangle.cpp.xml', 'if', 3))
2023-12-15 03:46:21,618	[INFO]	14      TEST_CODE_ERROR       None  [3 edit(s)]       
2023-12-15 03:46:22,496	[DEBUG]	IfReplacement(('triangle.cpp.xml', 'if', 0), ('triangle.cpp.xml', 'stmt', 0)) | ExprStmtInsertion(('triangle.cpp.xml', '_inter_block', 31), ('triangle.cpp.xml', 'expr_stmt', 5)) | ReturnDeletion(('triangle.cpp.xml', 'return', 1))
2023-12-15 03:46:22,496	[INFO]	15      TEST_CODE_ERROR       None  [3 edit(s)]       
2023-12-15 03:46:23,363	[DEBUG]	IfReplacement(('triangle.cpp.xml', 'if', 0), ('triangle.cpp.xml', 'stmt', 0)) | ExprStmtInsertion(('triangle.cpp.xml', '_inter_block', 31), ('triangle.cpp.xml', 'expr_stmt', 5)) | ReturnReplacement(('triangle.cpp.xml', 'return', 3), ('triangle.cpp.xml', 'stmt', 7))
2023-12-15 03:46:23,364	[INFO]	16      TEST_CODE_ERROR       None  [3 edit(s)]       
2023-12-15 03:46:23,515	[DEBUG]	IfReplacement(('triangle.cpp.xml', 'if', 0), ('triangle.cpp.xml', 'stmt', 0)) | ExprStmtInsertion(('triangle.cpp.xml', '_inter_block', 31), ('triangle.cpp.xml', 'expr_stmt', 5)) | ExprStmtInsertion(('triangle.cpp.xml', '_inter_block', 0), ('triangle.cpp.xml', 'expr_stmt', 3))
2023-12-15 03:46:23,516	[INFO]	17      COMPILE_CODE_ERROR    None  [3 edit(s)]       
2023-12-15 03:46:24,456	[DEBUG]	EXEC>  SUCCESS 1203996
2023-12-15 03:46:24,457	[DEBUG]	IfReplacement(('triangle.cpp.xml', 'if', 0), ('triangle.cpp.xml', 'stmt', 0)) | ExprStmtInsertion(('triangle.cpp.xml', '_inter_block', 31), ('triangle.cpp.xml', 'expr_stmt', 5)) | DeclStmtInsertion(('triangle.cpp.xml', '_inter_block', 21), ('triangle.cpp.xml', 'decl_stmt', 1))
2023-12-15 03:46:24,457	[INFO]	18      SUCCESS               1203996 (99.98%) [3 edit(s)] 
2023-12-15 03:46:24,598	[DEBUG]	IfReplacement(('triangle.cpp.xml', 'if', 0), ('triangle.cpp.xml', 'stmt', 0)) | ExprStmtInsertion(('triangle.cpp.xml', '_inter_block', 31), ('triangle.cpp.xml', 'expr_stmt', 5)) | DeclStmtInsertion(('triangle.cpp.xml', '_inter_block', 3), ('triangle.cpp.xml', 'decl_stmt', 0))
2023-12-15 03:46:24,599	[INFO]	19      COMPILE_CODE_ERROR    None  [3 edit(s)]       
2023-12-15 03:46:24,600	[DEBUG]	IfReplacement(('triangle.cpp.xml', 'if', 0), ('triangle.cpp.xml', 'stmt', 0)) | ExprStmtInsertion(('triangle.cpp.xml', '_inter_block', 31), ('triangle.cpp.xml', 'expr_stmt', 5)) | DeclStmtInsertion(('triangle.cpp.xml', '_inter_block', 30), ('triangle.cpp.xml', 'decl_stmt', 0))
2023-12-15 03:46:24,601	[INFO]	20      SUCCESS              +1203995 (99.98%) [3 edit(s)] 
2023-12-15 03:46:24,602	[DEBUG]	--- before: triangle.cpp
+++ after: triangle.cpp
@@ -11,11 +11,7 @@
   delay();
 
   // Sort the sides so that a <= b <= c
-  if(a > b) {
-    tmp = a;
-    a = b;
-    b = tmp;
-  }
+  const struct timespec ms = {0, (long int) (0.001*1e9)};
 
   if(a > c) {
     tmp = a;

2023-12-15 03:46:24,725	[DEBUG]	IfReplacement(('triangle.cpp.xml', 'if', 0), ('triangle.cpp.xml', 'stmt', 0)) | ExprStmtInsertion(('triangle.cpp.xml', '_inter_block', 31), ('triangle.cpp.xml', 'expr_stmt', 5)) | DeclStmtInsertion(('triangle.cpp.xml', '_inter_block', 30), ('triangle.cpp.xml', 'decl_stmt', 0)) | DeclStmtDeletion(('triangle.cpp.xml', 'decl_stmt', 1))
2023-12-15 03:46:24,726	[INFO]	21      COMPILE_CODE_ERROR    None  [4 edit(s)]       
2023-12-15 03:46:25,690	[DEBUG]	EXEC>  SUCCESS 1203995
2023-12-15 03:46:25,691	[DEBUG]	IfReplacement(('triangle.cpp.xml', 'if', 0), ('triangle.cpp.xml', 'stmt', 0)) | ExprStmtInsertion(('triangle.cpp.xml', '_inter_block', 31), ('triangle.cpp.xml', 'expr_stmt', 5)) | DeclStmtInsertion(('triangle.cpp.xml', '_inter_block', 30), ('triangle.cpp.xml', 'decl_stmt', 0)) | DeclStmtInsertion(('triangle.cpp.xml', '_inter_block', 27), ('triangle.cpp.xml', 'decl_stmt', 0))
2023-12-15 03:46:25,691	[INFO]	22      SUCCESS              +1203995 (99.98%) [4 edit(s)] 
2023-12-15 03:46:25,693	[DEBUG]	--- before: triangle.cpp
+++ after: triangle.cpp
@@ -11,11 +11,7 @@
   delay();
 
   // Sort the sides so that a <= b <= c
-  if(a > b) {
-    tmp = a;
-    a = b;
-    b = tmp;
-  }
+  const struct timespec ms = {0, (long int) (0.001*1e9)};
 
   if(a > c) {
     tmp = a;
@@ -36,6 +32,7 @@
   if(a == b && b == c)
     /*auto*/{
       return EQUILATERAL;
+      const struct timespec ms = {0, (long int) (0.001*1e9)};
     }/*auto*/
   if(a == b || b == c)
     /*auto*/{

2023-12-15 03:46:25,869	[DEBUG]	IfReplacement(('triangle.cpp.xml', 'if', 0), ('triangle.cpp.xml', 'stmt', 0)) | ExprStmtInsertion(('triangle.cpp.xml', '_inter_block', 31), ('triangle.cpp.xml', 'expr_stmt', 5)) | DeclStmtInsertion(('triangle.cpp.xml', '_inter_block', 30), ('triangle.cpp.xml', 'decl_stmt', 0)) | DeclStmtInsertion(('triangle.cpp.xml', '_inter_block', 27), ('triangle.cpp.xml', 'decl_stmt', 0)) | DeclStmtReplacement(('triangle.cpp.xml', 'decl_stmt', 1), ('triangle.cpp.xml', 'stmt', 5))
2023-12-15 03:46:25,869	[INFO]	23      COMPILE_CODE_ERROR    None  [5 edit(s)]       
2023-12-15 03:46:26,843	[DEBUG]	EXEC>  SUCCESS 1203997
2023-12-15 03:46:26,843	[DEBUG]	IfReplacement(('triangle.cpp.xml', 'if', 0), ('triangle.cpp.xml', 'stmt', 0)) | ExprStmtInsertion(('triangle.cpp.xml', '_inter_block', 31), ('triangle.cpp.xml', 'expr_stmt', 5)) | DeclStmtInsertion(('triangle.cpp.xml', '_inter_block', 30), ('triangle.cpp.xml', 'decl_stmt', 0)) | DeclStmtInsertion(('triangle.cpp.xml', '_inter_block', 27), ('triangle.cpp.xml', 'decl_stmt', 0)) | DeclStmtInsertion(('triangle.cpp.xml', '_inter_block', 24), ('triangle.cpp.xml', 'decl_stmt', 1))
2023-12-15 03:46:26,843	[INFO]	24      SUCCESS               1203997 (99.98%) [5 edit(s)] 
2023-12-15 03:46:27,817	[DEBUG]	EXEC>  SUCCESS 1204045
2023-12-15 03:46:27,817	[DEBUG]	IfReplacement(('triangle.cpp.xml', 'if', 0), ('triangle.cpp.xml', 'stmt', 0)) | ExprStmtInsertion(('triangle.cpp.xml', '_inter_block', 31), ('triangle.cpp.xml', 'expr_stmt', 5)) | DeclStmtInsertion(('triangle.cpp.xml', '_inter_block', 30), ('triangle.cpp.xml', 'decl_stmt', 0)) | DeclStmtInsertion(('triangle.cpp.xml', '_inter_block', 27), ('triangle.cpp.xml', 'decl_stmt', 0)) | DeclStmtInsertion(('triangle.cpp.xml', '_inter_block', 14), ('triangle.cpp.xml', 'decl_stmt', 0))
2023-12-15 03:46:27,818	[INFO]	25      SUCCESS               1204045 (99.98%) [5 edit(s)] 
2023-12-15 03:46:28,626	[DEBUG]	IfReplacement(('triangle.cpp.xml', 'if', 0), ('triangle.cpp.xml', 'stmt', 0)) | ExprStmtInsertion(('triangle.cpp.xml', '_inter_block', 31), ('triangle.cpp.xml', 'expr_stmt', 5)) | DeclStmtInsertion(('triangle.cpp.xml', '_inter_block', 30), ('triangle.cpp.xml', 'decl_stmt', 0)) | DeclStmtInsertion(('triangle.cpp.xml', '_inter_block', 27), ('triangle.cpp.xml', 'decl_stmt', 0)) | DeclStmtInsertion(('triangle.cpp.xml', '_inter_block', 15), ('triangle.cpp.xml', 'decl_stmt', 1))
2023-12-15 03:46:28,626	[INFO]	26      TEST_CODE_ERROR       None  [5 edit(s)]       
2023-12-15 03:46:28,630	[DEBUG]	IfReplacement(('triangle.cpp.xml', 'if', 0), ('triangle.cpp.xml', 'stmt', 0)) | ExprStmtInsertion(('triangle.cpp.xml', '_inter_block', 31), ('triangle.cpp.xml', 'expr_stmt', 5)) | DeclStmtInsertion(('triangle.cpp.xml', '_inter_block', 30), ('triangle.cpp.xml', 'decl_stmt', 0)) | DeclStmtInsertion(('triangle.cpp.xml', '_inter_block', 27), ('triangle.cpp.xml', 'decl_stmt', 0)) | DeclStmtInsertion(('triangle.cpp.xml', '_inter_block', 23), ('triangle.cpp.xml', 'decl_stmt', 1))
2023-12-15 03:46:28,630	[INFO]	27      SUCCESS               1203997 (99.98%) [5 edit(s)] 
2023-12-15 03:46:28,773	[DEBUG]	IfReplacement(('triangle.cpp.xml', 'if', 0), ('triangle.cpp.xml', 'stmt', 0)) | ExprStmtInsertion(('triangle.cpp.xml', '_inter_block', 31), ('triangle.cpp.xml', 'expr_stmt', 5)) | DeclStmtInsertion(('triangle.cpp.xml', '_inter_block', 30), ('triangle.cpp.xml', 'decl_stmt', 0)) | DeclStmtInsertion(('triangle.cpp.xml', '_inter_block', 27), ('triangle.cpp.xml', 'decl_stmt', 0)) | DeclStmtInsertion(('triangle.cpp.xml', '_inter_block', 7), ('triangle.cpp.xml', 'decl_stmt', 1))
2023-12-15 03:46:28,773	[INFO]	28      COMPILE_CODE_ERROR    None  [5 edit(s)]       
2023-12-15 03:46:28,776	[DEBUG]	IfReplacement(('triangle.cpp.xml', 'if', 0), ('triangle.cpp.xml', 'stmt', 0)) | ExprStmtInsertion(('triangle.cpp.xml', '_inter_block', 31), ('triangle.cpp.xml', 'expr_stmt', 5)) | DeclStmtInsertion(('triangle.cpp.xml', '_inter_block', 30), ('triangle.cpp.xml', 'decl_stmt', 0)) | DeclStmtInsertion(('triangle.cpp.xml', '_inter_block', 27), ('triangle.cpp.xml', 'decl_stmt', 0)) | DeclStmtInsertion(('triangle.cpp.xml', '_inter_block', 30), ('triangle.cpp.xml', 'decl_stmt', 0))
2023-12-15 03:46:28,776	[INFO]	29      SUCCESS              +1203995 (99.98%) [5 edit(s)] 
2023-12-15 03:46:28,778	[DEBUG]	--- before: triangle.cpp
+++ after: triangle.cpp
@@ -11,11 +11,7 @@
   delay();
 
   // Sort the sides so that a <= b <= c
-  if(a > b) {
-    tmp = a;
-    a = b;
-    b = tmp;
-  }
+  const struct timespec ms = {0, (long int) (0.001*1e9)};
 
   if(a > c) {
     tmp = a;
@@ -36,6 +32,7 @@
   if(a == b && b == c)
     /*auto*/{
       return EQUILATERAL;
+      const struct timespec ms = {0, (long int) (0.001*1e9)};
     }/*auto*/
   if(a == b || b == c)
     /*auto*/{

2023-12-15 03:46:29,724	[DEBUG]	EXEC>  SUCCESS 1203996
2023-12-15 03:46:29,724	[DEBUG]	IfReplacement(('triangle.cpp.xml', 'if', 0), ('triangle.cpp.xml', 'stmt', 0)) | ExprStmtInsertion(('triangle.cpp.xml', '_inter_block', 31), ('triangle.cpp.xml', 'expr_stmt', 5)) | DeclStmtInsertion(('triangle.cpp.xml', '_inter_block', 30), ('triangle.cpp.xml', 'decl_stmt', 0)) | DeclStmtInsertion(('triangle.cpp.xml', '_inter_block', 27), ('triangle.cpp.xml', 'decl_stmt', 0)) | DeclStmtInsertion(('triangle.cpp.xml', '_inter_block', 30), ('triangle.cpp.xml', 'decl_stmt', 0)) | DeclStmtInsertion(('triangle.cpp.xml', '_inter_block', 25), ('triangle.cpp.xml', 'decl_stmt', 0))
2023-12-15 03:46:29,725	[INFO]	30      SUCCESS               1203996 (99.98%) [6 edit(s)] 
2023-12-15 03:46:29,727	[DEBUG]	IfReplacement(('triangle.cpp.xml', 'if', 0), ('triangle.cpp.xml', 'stmt', 0)) | ExprStmtInsertion(('triangle.cpp.xml', '_inter_block', 31), ('triangle.cpp.xml', 'expr_stmt', 5)) | DeclStmtInsertion(('triangle.cpp.xml', '_inter_block', 30), ('triangle.cpp.xml', 'decl_stmt', 0)) | DeclStmtInsertion(('triangle.cpp.xml', '_inter_block', 27), ('triangle.cpp.xml', 'decl_stmt', 0)) | DeclStmtInsertion(('triangle.cpp.xml', '_inter_block', 30), ('triangle.cpp.xml', 'decl_stmt', 0)) | ReturnDeletion(('triangle.cpp.xml', 'return', 2))
2023-12-15 03:46:29,727	[INFO]	31      SUCCESS              +1203995 (99.98%) [6 edit(s)] 
2023-12-15 03:46:29,729	[DEBUG]	--- before: triangle.cpp
+++ after: triangle.cpp
@@ -11,11 +11,7 @@
   delay();
 
   // Sort the sides so that a <= b <= c
-  if(a > b) {
-    tmp = a;
-    a = b;
-    b = tmp;
-  }
+  const struct timespec ms = {0, (long int) (0.001*1e9)};
 
   if(a > c) {
     tmp = a;
@@ -36,6 +32,7 @@
   if(a == b && b == c)
     /*auto*/{
       return EQUILATERAL;
+      const struct timespec ms = {0, (long int) (0.001*1e9)};
     }/*auto*/
   if(a == b || b == c)
     /*auto*/{

2023-12-15 03:46:29,730	[DEBUG]	IfReplacement(('triangle.cpp.xml', 'if', 0), ('triangle.cpp.xml', 'stmt', 0)) | ExprStmtInsertion(('triangle.cpp.xml', '_inter_block', 31), ('triangle.cpp.xml', 'expr_stmt', 5)) | DeclStmtInsertion(('triangle.cpp.xml', '_inter_block', 30), ('triangle.cpp.xml', 'decl_stmt', 0)) | DeclStmtInsertion(('triangle.cpp.xml', '_inter_block', 27), ('triangle.cpp.xml', 'decl_stmt', 0)) | DeclStmtInsertion(('triangle.cpp.xml', '_inter_block', 30), ('triangle.cpp.xml', 'decl_stmt', 0)) | ReturnDeletion(('triangle.cpp.xml', 'return', 2)) | ExprStmtDeletion(('triangle.cpp.xml', 'expr_stmt', 10))
2023-12-15 03:46:29,730	[INFO]	32      SUCCESS              +1203995 (99.98%) [7 edit(s)] 
2023-12-15 03:46:29,732	[DEBUG]	--- before: triangle.cpp
+++ after: triangle.cpp
@@ -11,11 +11,7 @@
   delay();
 
   // Sort the sides so that a <= b <= c
-  if(a > b) {
-    tmp = a;
-    a = b;
-    b = tmp;
-  }
+  const struct timespec ms = {0, (long int) (0.001*1e9)};
 
   if(a > c) {
     tmp = a;
@@ -36,6 +32,7 @@
   if(a == b && b == c)
     /*auto*/{
       return EQUILATERAL;
+      const struct timespec ms = {0, (long int) (0.001*1e9)};
     }/*auto*/
   if(a == b || b == c)
     /*auto*/{

2023-12-15 03:46:30,820	[DEBUG]	EXEC>  SUCCESS 1203997
2023-12-15 03:46:30,821	[DEBUG]	IfReplacement(('triangle.cpp.xml', 'if', 0), ('triangle.cpp.xml', 'stmt', 0)) | ExprStmtInsertion(('triangle.cpp.xml', '_inter_block', 31), ('triangle.cpp.xml', 'expr_stmt', 5)) | DeclStmtInsertion(('triangle.cpp.xml', '_inter_block', 30), ('triangle.cpp.xml', 'decl_stmt', 0)) | DeclStmtInsertion(('triangle.cpp.xml', '_inter_block', 27), ('triangle.cpp.xml', 'decl_stmt', 0)) | DeclStmtInsertion(('triangle.cpp.xml', '_inter_block', 30), ('triangle.cpp.xml', 'decl_stmt', 0)) | ReturnDeletion(('triangle.cpp.xml', 'return', 2)) | ExprStmtDeletion(('triangle.cpp.xml', 'expr_stmt', 10)) | DeclStmtInsertion(('triangle.cpp.xml', '_inter_block', 14), ('triangle.cpp.xml', 'decl_stmt', 1))
2023-12-15 03:46:30,821	[INFO]	33      SUCCESS               1203997 (99.98%) [8 edit(s)] 
2023-12-15 03:46:31,802	[DEBUG]	EXEC>  SUCCESS 1322221
2023-12-15 03:46:31,803	[DEBUG]	IfReplacement(('triangle.cpp.xml', 'if', 0), ('triangle.cpp.xml', 'stmt', 0)) | ExprStmtInsertion(('triangle.cpp.xml', '_inter_block', 31), ('triangle.cpp.xml', 'expr_stmt', 5)) | DeclStmtInsertion(('triangle.cpp.xml', '_inter_block', 30), ('triangle.cpp.xml', 'decl_stmt', 0)) | DeclStmtInsertion(('triangle.cpp.xml', '_inter_block', 27), ('triangle.cpp.xml', 'decl_stmt', 0)) | DeclStmtInsertion(('triangle.cpp.xml', '_inter_block', 30), ('triangle.cpp.xml', 'decl_stmt', 0)) | ReturnDeletion(('triangle.cpp.xml', 'return', 2)) | ExprStmtDeletion(('triangle.cpp.xml', 'expr_stmt', 10)) | DeclStmtInsertion(('triangle.cpp.xml', '_inter_block', 16), ('triangle.cpp.xml', 'decl_stmt', 0))
2023-12-15 03:46:31,803	[INFO]	34      SUCCESS               1322221 (109.8%) [8 edit(s)] 
2023-12-15 03:46:31,970	[DEBUG]	IfReplacement(('triangle.cpp.xml', 'if', 0), ('triangle.cpp.xml', 'stmt', 0)) | ExprStmtInsertion(('triangle.cpp.xml', '_inter_block', 31), ('triangle.cpp.xml', 'expr_stmt', 5)) | DeclStmtInsertion(('triangle.cpp.xml', '_inter_block', 30), ('triangle.cpp.xml', 'decl_stmt', 0)) | DeclStmtInsertion(('triangle.cpp.xml', '_inter_block', 27), ('triangle.cpp.xml', 'decl_stmt', 0)) | DeclStmtInsertion(('triangle.cpp.xml', '_inter_block', 30), ('triangle.cpp.xml', 'decl_stmt', 0)) | ReturnDeletion(('triangle.cpp.xml', 'return', 2)) | ExprStmtDeletion(('triangle.cpp.xml', 'expr_stmt', 10)) | DeclStmtInsertion(('triangle.cpp.xml', '_inter_block', 10), ('triangle.cpp.xml', 'decl_stmt', 1))
2023-12-15 03:46:31,970	[INFO]	35      COMPILE_CODE_ERROR    None  [8 edit(s)]       
2023-12-15 03:46:32,128	[DEBUG]	IfReplacement(('triangle.cpp.xml', 'if', 0), ('triangle.cpp.xml', 'stmt', 0)) | ExprStmtInsertion(('triangle.cpp.xml', '_inter_block', 31), ('triangle.cpp.xml', 'expr_stmt', 5)) | DeclStmtInsertion(('triangle.cpp.xml', '_inter_block', 30), ('triangle.cpp.xml', 'decl_stmt', 0)) | DeclStmtInsertion(('triangle.cpp.xml', '_inter_block', 27), ('triangle.cpp.xml', 'decl_stmt', 0)) | DeclStmtInsertion(('triangle.cpp.xml', '_inter_block', 30), ('triangle.cpp.xml', 'decl_stmt', 0)) | ReturnDeletion(('triangle.cpp.xml', 'return', 2)) | ExprStmtDeletion(('triangle.cpp.xml', 'expr_stmt', 10)) | DeclStmtInsertion(('triangle.cpp.xml', '_inter_block', 7), ('triangle.cpp.xml', 'decl_stmt', 0))
2023-12-15 03:46:32,128	[INFO]	36      COMPILE_CODE_ERROR    None  [8 edit(s)]       
2023-12-15 03:46:33,055	[DEBUG]	EXEC>  SUCCESS 1204027
2023-12-15 03:46:33,056	[DEBUG]	IfReplacement(('triangle.cpp.xml', 'if', 0), ('triangle.cpp.xml', 'stmt', 0)) | ExprStmtInsertion(('triangle.cpp.xml', '_inter_block', 31), ('triangle.cpp.xml', 'expr_stmt', 5)) | DeclStmtInsertion(('triangle.cpp.xml', '_inter_block', 30), ('triangle.cpp.xml', 'decl_stmt', 0)) | DeclStmtInsertion(('triangle.cpp.xml', '_inter_block', 27), ('triangle.cpp.xml', 'decl_stmt', 0)) | DeclStmtInsertion(('triangle.cpp.xml', '_inter_block', 30), ('triangle.cpp.xml', 'decl_stmt', 0)) | ReturnDeletion(('triangle.cpp.xml', 'return', 2)) | ExprStmtDeletion(('triangle.cpp.xml', 'expr_stmt', 10)) | DeclStmtInsertion(('triangle.cpp.xml', '_inter_block', 19), ('triangle.cpp.xml', 'decl_stmt', 0))
2023-12-15 03:46:33,056	[INFO]	37      SUCCESS               1204027 (99.98%) [8 edit(s)] 
2023-12-15 03:46:33,866	[DEBUG]	IfReplacement(('triangle.cpp.xml', 'if', 0), ('triangle.cpp.xml', 'stmt', 0)) | ExprStmtInsertion(('triangle.cpp.xml', '_inter_block', 31), ('triangle.cpp.xml', 'expr_stmt', 5)) | DeclStmtInsertion(('triangle.cpp.xml', '_inter_block', 30), ('triangle.cpp.xml', 'decl_stmt', 0)) | DeclStmtInsertion(('triangle.cpp.xml', '_inter_block', 27), ('triangle.cpp.xml', 'decl_stmt', 0)) | DeclStmtInsertion(('triangle.cpp.xml', '_inter_block', 30), ('triangle.cpp.xml', 'decl_stmt', 0)) | ReturnDeletion(('triangle.cpp.xml', 'return', 2)) | ExprStmtDeletion(('triangle.cpp.xml', 'expr_stmt', 10)) | ReturnReplacement(('triangle.cpp.xml', 'return', 0), ('triangle.cpp.xml', 'stmt', 7))
2023-12-15 03:46:33,866	[INFO]	38      TEST_CODE_ERROR       None  [8 edit(s)]       
2023-12-15 03:46:33,869	[DEBUG]	IfReplacement(('triangle.cpp.xml', 'if', 0), ('triangle.cpp.xml', 'stmt', 0)) | ExprStmtInsertion(('triangle.cpp.xml', '_inter_block', 31), ('triangle.cpp.xml', 'expr_stmt', 5)) | DeclStmtInsertion(('triangle.cpp.xml', '_inter_block', 30), ('triangle.cpp.xml', 'decl_stmt', 0)) | DeclStmtInsertion(('triangle.cpp.xml', '_inter_block', 27), ('triangle.cpp.xml', 'decl_stmt', 0)) | DeclStmtInsertion(('triangle.cpp.xml', '_inter_block', 30), ('triangle.cpp.xml', 'decl_stmt', 0)) | ReturnDeletion(('triangle.cpp.xml', 'return', 2)) | ExprStmtDeletion(('triangle.cpp.xml', 'expr_stmt', 10)) | DeclStmtInsertion(('triangle.cpp.xml', '_inter_block', 23), ('triangle.cpp.xml', 'decl_stmt', 1))
2023-12-15 03:46:33,869	[INFO]	39      SUCCESS               1203997 (99.98%) [8 edit(s)] 
2023-12-15 03:46:33,871	[DEBUG]	IfReplacement(('triangle.cpp.xml', 'if', 0), ('triangle.cpp.xml', 'stmt', 0)) | ExprStmtInsertion(('triangle.cpp.xml', '_inter_block', 31), ('triangle.cpp.xml', 'expr_stmt', 5)) | DeclStmtInsertion(('triangle.cpp.xml', '_inter_block', 30), ('triangle.cpp.xml', 'decl_stmt', 0)) | DeclStmtInsertion(('triangle.cpp.xml', '_inter_block', 27), ('triangle.cpp.xml', 'decl_stmt', 0)) | DeclStmtInsertion(('triangle.cpp.xml', '_inter_block', 30), ('triangle.cpp.xml', 'decl_stmt', 0)) | ReturnDeletion(('triangle.cpp.xml', 'return', 2)) | ExprStmtDeletion(('triangle.cpp.xml', 'expr_stmt', 10)) | DeclStmtInsertion(('triangle.cpp.xml', '_inter_block', 30), ('triangle.cpp.xml', 'decl_stmt', 0))
2023-12-15 03:46:33,871	[INFO]	40      SUCCESS              +1203995 (99.98%) [8 edit(s)] 
2023-12-15 03:46:33,873	[DEBUG]	--- before: triangle.cpp
+++ after: triangle.cpp
@@ -11,11 +11,7 @@
   delay();
 
   // Sort the sides so that a <= b <= c
-  if(a > b) {
-    tmp = a;
-    a = b;
-    b = tmp;
-  }
+  const struct timespec ms = {0, (long int) (0.001*1e9)};
 
   if(a > c) {
     tmp = a;
@@ -36,6 +32,7 @@
   if(a == b && b == c)
     /*auto*/{
       return EQUILATERAL;
+      const struct timespec ms = {0, (long int) (0.001*1e9)};
     }/*auto*/
   if(a == b || b == c)
     /*auto*/{

2023-12-15 03:46:34,008	[DEBUG]	IfReplacement(('triangle.cpp.xml', 'if', 0), ('triangle.cpp.xml', 'stmt', 0)) | ExprStmtInsertion(('triangle.cpp.xml', '_inter_block', 31), ('triangle.cpp.xml', 'expr_stmt', 5)) | DeclStmtInsertion(('triangle.cpp.xml', '_inter_block', 30), ('triangle.cpp.xml', 'decl_stmt', 0)) | DeclStmtInsertion(('triangle.cpp.xml', '_inter_block', 27), ('triangle.cpp.xml', 'decl_stmt', 0)) | DeclStmtInsertion(('triangle.cpp.xml', '_inter_block', 30), ('triangle.cpp.xml', 'decl_stmt', 0)) | ReturnDeletion(('triangle.cpp.xml', 'return', 2)) | ExprStmtDeletion(('triangle.cpp.xml', 'expr_stmt', 10)) | DeclStmtInsertion(('triangle.cpp.xml', '_inter_block', 30), ('triangle.cpp.xml', 'decl_stmt', 0)) | DeclStmtDeletion(('triangle.cpp.xml', 'decl_stmt', 1))
2023-12-15 03:46:34,009	[INFO]	41      COMPILE_CODE_ERROR    None  [9 edit(s)]       
2023-12-15 03:46:34,150	[DEBUG]	IfReplacement(('triangle.cpp.xml', 'if', 0), ('triangle.cpp.xml', 'stmt', 0)) | ExprStmtInsertion(('triangle.cpp.xml', '_inter_block', 31), ('triangle.cpp.xml', 'expr_stmt', 5)) | DeclStmtInsertion(('triangle.cpp.xml', '_inter_block', 30), ('triangle.cpp.xml', 'decl_stmt', 0)) | DeclStmtInsertion(('triangle.cpp.xml', '_inter_block', 27), ('triangle.cpp.xml', 'decl_stmt', 0)) | DeclStmtInsertion(('triangle.cpp.xml', '_inter_block', 30), ('triangle.cpp.xml', 'decl_stmt', 0)) | ReturnDeletion(('triangle.cpp.xml', 'return', 2)) | ExprStmtDeletion(('triangle.cpp.xml', 'expr_stmt', 10)) | DeclStmtInsertion(('triangle.cpp.xml', '_inter_block', 30), ('triangle.cpp.xml', 'decl_stmt', 0)) | DeclStmtInsertion(('triangle.cpp.xml', '_inter_block', 10), ('triangle.cpp.xml', 'decl_stmt', 0))
2023-12-15 03:46:34,151	[INFO]	42      COMPILE_CODE_ERROR    None  [9 edit(s)]       
2023-12-15 03:46:35,165	[DEBUG]	EXEC>  SUCCESS 1203996
2023-12-15 03:46:35,166	[DEBUG]	IfReplacement(('triangle.cpp.xml', 'if', 0), ('triangle.cpp.xml', 'stmt', 0)) | ExprStmtInsertion(('triangle.cpp.xml', '_inter_block', 31), ('triangle.cpp.xml', 'expr_stmt', 5)) | DeclStmtInsertion(('triangle.cpp.xml', '_inter_block', 30), ('triangle.cpp.xml', 'decl_stmt', 0)) | DeclStmtInsertion(('triangle.cpp.xml', '_inter_block', 27), ('triangle.cpp.xml', 'decl_stmt', 0)) | DeclStmtInsertion(('triangle.cpp.xml', '_inter_block', 30), ('triangle.cpp.xml', 'decl_stmt', 0)) | ReturnDeletion(('triangle.cpp.xml', 'return', 2)) | ExprStmtDeletion(('triangle.cpp.xml', 'expr_stmt', 10)) | DeclStmtInsertion(('triangle.cpp.xml', '_inter_block', 30), ('triangle.cpp.xml', 'decl_stmt', 0)) | DeclStmtInsertion(('triangle.cpp.xml', '_inter_block', 29), ('triangle.cpp.xml', 'decl_stmt', 0))
2023-12-15 03:46:35,166	[INFO]	43      SUCCESS               1203996 (99.98%) [9 edit(s)] 
2023-12-15 03:46:35,318	[DEBUG]	IfReplacement(('triangle.cpp.xml', 'if', 0), ('triangle.cpp.xml', 'stmt', 0)) | ExprStmtInsertion(('triangle.cpp.xml', '_inter_block', 31), ('triangle.cpp.xml', 'expr_stmt', 5)) | DeclStmtInsertion(('triangle.cpp.xml', '_inter_block', 30), ('triangle.cpp.xml', 'decl_stmt', 0)) | DeclStmtInsertion(('triangle.cpp.xml', '_inter_block', 27), ('triangle.cpp.xml', 'decl_stmt', 0)) | DeclStmtInsertion(('triangle.cpp.xml', '_inter_block', 30), ('triangle.cpp.xml', 'decl_stmt', 0)) | ReturnDeletion(('triangle.cpp.xml', 'return', 2)) | ExprStmtDeletion(('triangle.cpp.xml', 'expr_stmt', 10)) | DeclStmtInsertion(('triangle.cpp.xml', '_inter_block', 30), ('triangle.cpp.xml', 'decl_stmt', 0)) | DeclStmtInsertion(('triangle.cpp.xml', '_inter_block', 10), ('triangle.cpp.xml', 'decl_stmt', 0))
2023-12-15 03:46:35,318	[INFO]	44      COMPILE_CODE_ERROR    None  [9 edit(s)]       
2023-12-15 03:46:35,452	[DEBUG]	IfReplacement(('triangle.cpp.xml', 'if', 0), ('triangle.cpp.xml', 'stmt', 0)) | ExprStmtInsertion(('triangle.cpp.xml', '_inter_block', 31), ('triangle.cpp.xml', 'expr_stmt', 5)) | DeclStmtInsertion(('triangle.cpp.xml', '_inter_block', 30), ('triangle.cpp.xml', 'decl_stmt', 0)) | DeclStmtInsertion(('triangle.cpp.xml', '_inter_block', 27), ('triangle.cpp.xml', 'decl_stmt', 0)) | DeclStmtInsertion(('triangle.cpp.xml', '_inter_block', 30), ('triangle.cpp.xml', 'decl_stmt', 0)) | ReturnDeletion(('triangle.cpp.xml', 'return', 2)) | ExprStmtDeletion(('triangle.cpp.xml', 'expr_stmt', 10)) | DeclStmtInsertion(('triangle.cpp.xml', '_inter_block', 30), ('triangle.cpp.xml', 'decl_stmt', 0)) | DeclStmtInsertion(('triangle.cpp.xml', '_inter_block', 7), ('triangle.cpp.xml', 'decl_stmt', 0))
2023-12-15 03:46:35,452	[INFO]	45      COMPILE_CODE_ERROR    None  [9 edit(s)]       
2023-12-15 03:46:35,456	[DEBUG]	IfReplacement(('triangle.cpp.xml', 'if', 0), ('triangle.cpp.xml', 'stmt', 0)) | ExprStmtInsertion(('triangle.cpp.xml', '_inter_block', 31), ('triangle.cpp.xml', 'expr_stmt', 5)) | DeclStmtInsertion(('triangle.cpp.xml', '_inter_block', 30), ('triangle.cpp.xml', 'decl_stmt', 0)) | DeclStmtInsertion(('triangle.cpp.xml', '_inter_block', 27), ('triangle.cpp.xml', 'decl_stmt', 0)) | DeclStmtInsertion(('triangle.cpp.xml', '_inter_block', 30), ('triangle.cpp.xml', 'decl_stmt', 0)) | ReturnDeletion(('triangle.cpp.xml', 'return', 2)) | ExprStmtDeletion(('triangle.cpp.xml', 'expr_stmt', 10)) | DeclStmtInsertion(('triangle.cpp.xml', '_inter_block', 30), ('triangle.cpp.xml', 'decl_stmt', 0)) | ReturnInsertion(('triangle.cpp.xml', '_inter_block', 31), ('triangle.cpp.xml', 'return', 3))
2023-12-15 03:46:35,456	[INFO]	46      SUCCESS              +1203995 (99.98%) [9 edit(s)] 
2023-12-15 03:46:35,458	[DEBUG]	--- before: triangle.cpp
+++ after: triangle.cpp
@@ -11,11 +11,7 @@
   delay();
 
   // Sort the sides so that a <= b <= c
-  if(a > b) {
-    tmp = a;
-    a = b;
-    b = tmp;
-  }
+  const struct timespec ms = {0, (long int) (0.001*1e9)};
 
   if(a > c) {
     tmp = a;
@@ -36,6 +32,7 @@
   if(a == b && b == c)
     /*auto*/{
       return EQUILATERAL;
+      const struct timespec ms = {0, (long int) (0.001*1e9)};
     }/*auto*/
   if(a == b || b == c)
     /*auto*/{

2023-12-15 03:46:35,606	[DEBUG]	IfReplacement(('triangle.cpp.xml', 'if', 0), ('triangle.cpp.xml', 'stmt', 0)) | ExprStmtInsertion(('triangle.cpp.xml', '_inter_block', 31), ('triangle.cpp.xml', 'expr_stmt', 5)) | DeclStmtInsertion(('triangle.cpp.xml', '_inter_block', 30), ('triangle.cpp.xml', 'decl_stmt', 0)) | DeclStmtInsertion(('triangle.cpp.xml', '_inter_block', 27), ('triangle.cpp.xml', 'decl_stmt', 0)) | DeclStmtInsertion(('triangle.cpp.xml', '_inter_block', 30), ('triangle.cpp.xml', 'decl_stmt', 0)) | ReturnDeletion(('triangle.cpp.xml', 'return', 2)) | ExprStmtDeletion(('triangle.cpp.xml', 'expr_stmt', 10)) | DeclStmtInsertion(('triangle.cpp.xml', '_inter_block', 30), ('triangle.cpp.xml', 'decl_stmt', 0)) | ReturnInsertion(('triangle.cpp.xml', '_inter_block', 31), ('triangle.cpp.xml', 'return', 3)) | DeclStmtInsertion(('triangle.cpp.xml', '_inter_block', 0), ('triangle.cpp.xml', 'decl_stmt', 0))
2023-12-15 03:46:35,607	[INFO]	47      COMPILE_CODE_ERROR    None  [10 edit(s)]      
2023-12-15 03:46:36,334	[DEBUG]	IfReplacement(('triangle.cpp.xml', 'if', 0), ('triangle.cpp.xml', 'stmt', 0)) | ExprStmtInsertion(('triangle.cpp.xml', '_inter_block', 31), ('triangle.cpp.xml', 'expr_stmt', 5)) | DeclStmtInsertion(('triangle.cpp.xml', '_inter_block', 30), ('triangle.cpp.xml', 'decl_stmt', 0)) | DeclStmtInsertion(('triangle.cpp.xml', '_inter_block', 27), ('triangle.cpp.xml', 'decl_stmt', 0)) | DeclStmtInsertion(('triangle.cpp.xml', '_inter_block', 30), ('triangle.cpp.xml', 'decl_stmt', 0)) | ReturnDeletion(('triangle.cpp.xml', 'return', 2)) | ExprStmtDeletion(('triangle.cpp.xml', 'expr_stmt', 10)) | DeclStmtInsertion(('triangle.cpp.xml', '_inter_block', 30), ('triangle.cpp.xml', 'decl_stmt', 0)) | ReturnInsertion(('triangle.cpp.xml', '_inter_block', 31), ('triangle.cpp.xml', 'return', 3)) | DeclStmtInsertion(('triangle.cpp.xml', '_inter_block', 19), ('triangle.cpp.xml', 'decl_stmt', 1))
2023-12-15 03:46:36,334	[INFO]	48      TEST_CODE_ERROR       None  [10 edit(s)]      
2023-12-15 03:46:36,495	[DEBUG]	IfReplacement(('triangle.cpp.xml', 'if', 0), ('triangle.cpp.xml', 'stmt', 0)) | ExprStmtInsertion(('triangle.cpp.xml', '_inter_block', 31), ('triangle.cpp.xml', 'expr_stmt', 5)) | DeclStmtInsertion(('triangle.cpp.xml', '_inter_block', 30), ('triangle.cpp.xml', 'decl_stmt', 0)) | DeclStmtInsertion(('triangle.cpp.xml', '_inter_block', 27), ('triangle.cpp.xml', 'decl_stmt', 0)) | DeclStmtInsertion(('triangle.cpp.xml', '_inter_block', 30), ('triangle.cpp.xml', 'decl_stmt', 0)) | ReturnDeletion(('triangle.cpp.xml', 'return', 2)) | ExprStmtDeletion(('triangle.cpp.xml', 'expr_stmt', 10)) | DeclStmtInsertion(('triangle.cpp.xml', '_inter_block', 30), ('triangle.cpp.xml', 'decl_stmt', 0)) | ReturnInsertion(('triangle.cpp.xml', '_inter_block', 31), ('triangle.cpp.xml', 'return', 3)) | DeclStmtInsertion(('triangle.cpp.xml', '_inter_block', 12), ('triangle.cpp.xml', 'decl_stmt', 0))
2023-12-15 03:46:36,496	[INFO]	49      COMPILE_CODE_ERROR    None  [10 edit(s)]      
2023-12-15 03:46:37,482	[DEBUG]	EXEC>  SUCCESS 1203996
2023-12-15 03:46:37,483	[DEBUG]	IfReplacement(('triangle.cpp.xml', 'if', 0), ('triangle.cpp.xml', 'stmt', 0)) | ExprStmtInsertion(('triangle.cpp.xml', '_inter_block', 31), ('triangle.cpp.xml', 'expr_stmt', 5)) | DeclStmtInsertion(('triangle.cpp.xml', '_inter_block', 30), ('triangle.cpp.xml', 'decl_stmt', 0)) | DeclStmtInsertion(('triangle.cpp.xml', '_inter_block', 27), ('triangle.cpp.xml', 'decl_stmt', 0)) | DeclStmtInsertion(('triangle.cpp.xml', '_inter_block', 30), ('triangle.cpp.xml', 'decl_stmt', 0)) | ReturnDeletion(('triangle.cpp.xml', 'return', 2)) | ExprStmtDeletion(('triangle.cpp.xml', 'expr_stmt', 10)) | DeclStmtInsertion(('triangle.cpp.xml', '_inter_block', 30), ('triangle.cpp.xml', 'decl_stmt', 0)) | ReturnInsertion(('triangle.cpp.xml', '_inter_block', 31), ('triangle.cpp.xml', 'return', 3)) | DeclStmtInsertion(('triangle.cpp.xml', '_inter_block', 22), ('triangle.cpp.xml', 'decl_stmt', 1))
2023-12-15 03:46:37,483	[INFO]	50      SUCCESS               1203996 (99.98%) [10 edit(s)] 
2023-12-15 03:46:37,639	[DEBUG]	IfReplacement(('triangle.cpp.xml', 'if', 0), ('triangle.cpp.xml', 'stmt', 0)) | ExprStmtInsertion(('triangle.cpp.xml', '_inter_block', 31), ('triangle.cpp.xml', 'expr_stmt', 5)) | DeclStmtInsertion(('triangle.cpp.xml', '_inter_block', 30), ('triangle.cpp.xml', 'decl_stmt', 0)) | DeclStmtInsertion(('triangle.cpp.xml', '_inter_block', 27), ('triangle.cpp.xml', 'decl_stmt', 0)) | DeclStmtInsertion(('triangle.cpp.xml', '_inter_block', 30), ('triangle.cpp.xml', 'decl_stmt', 0)) | ReturnDeletion(('triangle.cpp.xml', 'return', 2)) | ExprStmtDeletion(('triangle.cpp.xml', 'expr_stmt', 10)) | DeclStmtInsertion(('triangle.cpp.xml', '_inter_block', 30), ('triangle.cpp.xml', 'decl_stmt', 0)) | ReturnInsertion(('triangle.cpp.xml', '_inter_block', 31), ('triangle.cpp.xml', 'return', 3)) | DeclStmtInsertion(('triangle.cpp.xml', '_inter_block', 7), ('triangle.cpp.xml', 'decl_stmt', 1))
2023-12-15 03:46:37,640	[INFO]	51      COMPILE_CODE_ERROR    None  [10 edit(s)]      
2023-12-15 03:46:37,767	[DEBUG]	IfReplacement(('triangle.cpp.xml', 'if', 0), ('triangle.cpp.xml', 'stmt', 0)) | ExprStmtInsertion(('triangle.cpp.xml', '_inter_block', 31), ('triangle.cpp.xml', 'expr_stmt', 5)) | DeclStmtInsertion(('triangle.cpp.xml', '_inter_block', 30), ('triangle.cpp.xml', 'decl_stmt', 0)) | DeclStmtInsertion(('triangle.cpp.xml', '_inter_block', 27), ('triangle.cpp.xml', 'decl_stmt', 0)) | DeclStmtInsertion(('triangle.cpp.xml', '_inter_block', 30), ('triangle.cpp.xml', 'decl_stmt', 0)) | ReturnDeletion(('triangle.cpp.xml', 'return', 2)) | ExprStmtDeletion(('triangle.cpp.xml', 'expr_stmt', 10)) | DeclStmtInsertion(('triangle.cpp.xml', '_inter_block', 30), ('triangle.cpp.xml', 'decl_stmt', 0)) | ReturnInsertion(('triangle.cpp.xml', '_inter_block', 31), ('triangle.cpp.xml', 'return', 3)) | IfDeletion(('triangle.cpp.xml', 'if', 0))
2023-12-15 03:46:37,768	[INFO]	52      COMPILE_CODE_ERROR    None  [10 edit(s)]      
2023-12-15 03:46:37,898	[DEBUG]	IfReplacement(('triangle.cpp.xml', 'if', 0), ('triangle.cpp.xml', 'stmt', 0)) | ExprStmtInsertion(('triangle.cpp.xml', '_inter_block', 31), ('triangle.cpp.xml', 'expr_stmt', 5)) | DeclStmtInsertion(('triangle.cpp.xml', '_inter_block', 30), ('triangle.cpp.xml', 'decl_stmt', 0)) | DeclStmtInsertion(('triangle.cpp.xml', '_inter_block', 27), ('triangle.cpp.xml', 'decl_stmt', 0)) | DeclStmtInsertion(('triangle.cpp.xml', '_inter_block', 30), ('triangle.cpp.xml', 'decl_stmt', 0)) | ReturnDeletion(('triangle.cpp.xml', 'return', 2)) | ExprStmtDeletion(('triangle.cpp.xml', 'expr_stmt', 10)) | DeclStmtInsertion(('triangle.cpp.xml', '_inter_block', 30), ('triangle.cpp.xml', 'decl_stmt', 0)) | ReturnInsertion(('triangle.cpp.xml', '_inter_block', 31), ('triangle.cpp.xml', 'return', 3)) | DeclStmtInsertion(('triangle.cpp.xml', '_inter_block', 11), ('triangle.cpp.xml', 'decl_stmt', 0))
2023-12-15 03:46:37,898	[INFO]	53      COMPILE_CODE_ERROR    None  [10 edit(s)]      
2023-12-15 03:46:38,063	[DEBUG]	IfReplacement(('triangle.cpp.xml', 'if', 0), ('triangle.cpp.xml', 'stmt', 0)) | ExprStmtInsertion(('triangle.cpp.xml', '_inter_block', 31), ('triangle.cpp.xml', 'expr_stmt', 5)) | DeclStmtInsertion(('triangle.cpp.xml', '_inter_block', 30), ('triangle.cpp.xml', 'decl_stmt', 0)) | DeclStmtInsertion(('triangle.cpp.xml', '_inter_block', 27), ('triangle.cpp.xml', 'decl_stmt', 0)) | DeclStmtInsertion(('triangle.cpp.xml', '_inter_block', 30), ('triangle.cpp.xml', 'decl_stmt', 0)) | ReturnDeletion(('triangle.cpp.xml', 'return', 2)) | ExprStmtDeletion(('triangle.cpp.xml', 'expr_stmt', 10)) | DeclStmtInsertion(('triangle.cpp.xml', '_inter_block', 30), ('triangle.cpp.xml', 'decl_stmt', 0)) | ReturnInsertion(('triangle.cpp.xml', '_inter_block', 31), ('triangle.cpp.xml', 'return', 3)) | DeclStmtInsertion(('triangle.cpp.xml', '_inter_block', 2), ('triangle.cpp.xml', 'decl_stmt', 0))
2023-12-15 03:46:38,063	[INFO]	54      COMPILE_CODE_ERROR    None  [10 edit(s)]      
2023-12-15 03:46:38,197	[DEBUG]	IfReplacement(('triangle.cpp.xml', 'if', 0), ('triangle.cpp.xml', 'stmt', 0)) | ExprStmtInsertion(('triangle.cpp.xml', '_inter_block', 31), ('triangle.cpp.xml', 'expr_stmt', 5)) | DeclStmtInsertion(('triangle.cpp.xml', '_inter_block', 30), ('triangle.cpp.xml', 'decl_stmt', 0)) | DeclStmtInsertion(('triangle.cpp.xml', '_inter_block', 27), ('triangle.cpp.xml', 'decl_stmt', 0)) | DeclStmtInsertion(('triangle.cpp.xml', '_inter_block', 30), ('triangle.cpp.xml', 'decl_stmt', 0)) | ReturnDeletion(('triangle.cpp.xml', 'return', 2)) | ExprStmtDeletion(('triangle.cpp.xml', 'expr_stmt', 10)) | DeclStmtInsertion(('triangle.cpp.xml', '_inter_block', 30), ('triangle.cpp.xml', 'decl_stmt', 0)) | ReturnInsertion(('triangle.cpp.xml', '_inter_block', 31), ('triangle.cpp.xml', 'return', 3)) | DeclStmtInsertion(('triangle.cpp.xml', '_inter_block', 10), ('triangle.cpp.xml', 'decl_stmt', 1))
2023-12-15 03:46:38,198	[INFO]	55      COMPILE_CODE_ERROR    None  [10 edit(s)]      
2023-12-15 03:46:39,201	[DEBUG]	EXEC>  SUCCESS 1309909
2023-12-15 03:46:39,202	[DEBUG]	IfReplacement(('triangle.cpp.xml', 'if', 0), ('triangle.cpp.xml', 'stmt', 0)) | ExprStmtInsertion(('triangle.cpp.xml', '_inter_block', 31), ('triangle.cpp.xml', 'expr_stmt', 5)) | DeclStmtInsertion(('triangle.cpp.xml', '_inter_block', 30), ('triangle.cpp.xml', 'decl_stmt', 0)) | DeclStmtInsertion(('triangle.cpp.xml', '_inter_block', 27), ('triangle.cpp.xml', 'decl_stmt', 0)) | DeclStmtInsertion(('triangle.cpp.xml', '_inter_block', 30), ('triangle.cpp.xml', 'decl_stmt', 0)) | ReturnDeletion(('triangle.cpp.xml', 'return', 2)) | ExprStmtDeletion(('triangle.cpp.xml', 'expr_stmt', 10)) | DeclStmtInsertion(('triangle.cpp.xml', '_inter_block', 30), ('triangle.cpp.xml', 'decl_stmt', 0)) | ReturnInsertion(('triangle.cpp.xml', '_inter_block', 31), ('triangle.cpp.xml', 'return', 3)) | DeclStmtInsertion(('triangle.cpp.xml', '_inter_block', 29), ('triangle.cpp.xml', 'decl_stmt', 1))
2023-12-15 03:46:39,202	[INFO]	56      SUCCESS               1309909 (108.77%) [10 edit(s)] 
2023-12-15 03:46:39,350	[DEBUG]	IfReplacement(('triangle.cpp.xml', 'if', 0), ('triangle.cpp.xml', 'stmt', 0)) | ExprStmtInsertion(('triangle.cpp.xml', '_inter_block', 31), ('triangle.cpp.xml', 'expr_stmt', 5)) | DeclStmtInsertion(('triangle.cpp.xml', '_inter_block', 30), ('triangle.cpp.xml', 'decl_stmt', 0)) | DeclStmtInsertion(('triangle.cpp.xml', '_inter_block', 27), ('triangle.cpp.xml', 'decl_stmt', 0)) | DeclStmtInsertion(('triangle.cpp.xml', '_inter_block', 30), ('triangle.cpp.xml', 'decl_stmt', 0)) | ReturnDeletion(('triangle.cpp.xml', 'return', 2)) | ExprStmtDeletion(('triangle.cpp.xml', 'expr_stmt', 10)) | DeclStmtInsertion(('triangle.cpp.xml', '_inter_block', 30), ('triangle.cpp.xml', 'decl_stmt', 0)) | ReturnInsertion(('triangle.cpp.xml', '_inter_block', 31), ('triangle.cpp.xml', 'return', 3)) | DeclStmtInsertion(('triangle.cpp.xml', '_inter_block', 11), ('triangle.cpp.xml', 'decl_stmt', 1))
2023-12-15 03:46:39,351	[INFO]	57      COMPILE_CODE_ERROR    None  [10 edit(s)]      
2023-12-15 03:46:39,355	[DEBUG]	IfReplacement(('triangle.cpp.xml', 'if', 0), ('triangle.cpp.xml', 'stmt', 0)) | ExprStmtInsertion(('triangle.cpp.xml', '_inter_block', 31), ('triangle.cpp.xml', 'expr_stmt', 5)) | DeclStmtInsertion(('triangle.cpp.xml', '_inter_block', 30), ('triangle.cpp.xml', 'decl_stmt', 0)) | DeclStmtInsertion(('triangle.cpp.xml', '_inter_block', 27), ('triangle.cpp.xml', 'decl_stmt', 0)) | DeclStmtInsertion(('triangle.cpp.xml', '_inter_block', 30), ('triangle.cpp.xml', 'decl_stmt', 0)) | ReturnDeletion(('triangle.cpp.xml', 'return', 2)) | ExprStmtDeletion(('triangle.cpp.xml', 'expr_stmt', 10)) | DeclStmtInsertion(('triangle.cpp.xml', '_inter_block', 30), ('triangle.cpp.xml', 'decl_stmt', 0)) | ReturnInsertion(('triangle.cpp.xml', '_inter_block', 31), ('triangle.cpp.xml', 'return', 3)) | DeclStmtInsertion(('triangle.cpp.xml', '_inter_block', 31), ('triangle.cpp.xml', 'decl_stmt', 0))
2023-12-15 03:46:39,355	[INFO]	58      SUCCESS              +1203995 (99.98%) [10 edit(s)] 
2023-12-15 03:46:39,357	[DEBUG]	--- before: triangle.cpp
+++ after: triangle.cpp
@@ -11,11 +11,7 @@
   delay();
 
   // Sort the sides so that a <= b <= c
-  if(a > b) {
-    tmp = a;
-    a = b;
-    b = tmp;
-  }
+  const struct timespec ms = {0, (long int) (0.001*1e9)};
 
   if(a > c) {
     tmp = a;
@@ -36,6 +32,7 @@
   if(a == b && b == c)
     /*auto*/{
       return EQUILATERAL;
+      const struct timespec ms = {0, (long int) (0.001*1e9)};
     }/*auto*/
   if(a == b || b == c)
     /*auto*/{

2023-12-15 03:46:39,504	[DEBUG]	IfReplacement(('triangle.cpp.xml', 'if', 0), ('triangle.cpp.xml', 'stmt', 0)) | ExprStmtInsertion(('triangle.cpp.xml', '_inter_block', 31), ('triangle.cpp.xml', 'expr_stmt', 5)) | DeclStmtInsertion(('triangle.cpp.xml', '_inter_block', 30), ('triangle.cpp.xml', 'decl_stmt', 0)) | DeclStmtInsertion(('triangle.cpp.xml', '_inter_block', 27), ('triangle.cpp.xml', 'decl_stmt', 0)) | DeclStmtInsertion(('triangle.cpp.xml', '_inter_block', 30), ('triangle.cpp.xml', 'decl_stmt', 0)) | ReturnDeletion(('triangle.cpp.xml', 'return', 2)) | ExprStmtDeletion(('triangle.cpp.xml', 'expr_stmt', 10)) | DeclStmtInsertion(('triangle.cpp.xml', '_inter_block', 30), ('triangle.cpp.xml', 'decl_stmt', 0)) | ReturnInsertion(('triangle.cpp.xml', '_inter_block', 31), ('triangle.cpp.xml', 'return', 3)) | DeclStmtInsertion(('triangle.cpp.xml', '_inter_block', 31), ('triangle.cpp.xml', 'decl_stmt', 0)) | DeclStmtInsertion(('triangle.cpp.xml', '_inter_block', 9), ('triangle.cpp.xml', 'decl_stmt', 0))
2023-12-15 03:46:39,505	[INFO]	59      COMPILE_CODE_ERROR    None  [11 edit(s)]      
2023-12-15 03:46:40,509	[DEBUG]	EXEC>  SUCCESS 1203997
2023-12-15 03:46:40,510	[DEBUG]	IfReplacement(('triangle.cpp.xml', 'if', 0), ('triangle.cpp.xml', 'stmt', 0)) | ExprStmtInsertion(('triangle.cpp.xml', '_inter_block', 31), ('triangle.cpp.xml', 'expr_stmt', 5)) | DeclStmtInsertion(('triangle.cpp.xml', '_inter_block', 30), ('triangle.cpp.xml', 'decl_stmt', 0)) | DeclStmtInsertion(('triangle.cpp.xml', '_inter_block', 27), ('triangle.cpp.xml', 'decl_stmt', 0)) | DeclStmtInsertion(('triangle.cpp.xml', '_inter_block', 30), ('triangle.cpp.xml', 'decl_stmt', 0)) | ReturnDeletion(('triangle.cpp.xml', 'return', 2)) | ExprStmtDeletion(('triangle.cpp.xml', 'expr_stmt', 10)) | DeclStmtInsertion(('triangle.cpp.xml', '_inter_block', 30), ('triangle.cpp.xml', 'decl_stmt', 0)) | ReturnInsertion(('triangle.cpp.xml', '_inter_block', 31), ('triangle.cpp.xml', 'return', 3)) | DeclStmtInsertion(('triangle.cpp.xml', '_inter_block', 31), ('triangle.cpp.xml', 'decl_stmt', 0)) | DeclStmtInsertion(('triangle.cpp.xml', '_inter_block', 28), ('triangle.cpp.xml', 'decl_stmt', 1))
2023-12-15 03:46:40,510	[INFO]	60      SUCCESS               1203997 (99.98%) [11 edit(s)] 
2023-12-15 03:46:40,676	[DEBUG]	IfReplacement(('triangle.cpp.xml', 'if', 0), ('triangle.cpp.xml', 'stmt', 0)) | ExprStmtInsertion(('triangle.cpp.xml', '_inter_block', 31), ('triangle.cpp.xml', 'expr_stmt', 5)) | DeclStmtInsertion(('triangle.cpp.xml', '_inter_block', 30), ('triangle.cpp.xml', 'decl_stmt', 0)) | DeclStmtInsertion(('triangle.cpp.xml', '_inter_block', 27), ('triangle.cpp.xml', 'decl_stmt', 0)) | DeclStmtInsertion(('triangle.cpp.xml', '_inter_block', 30), ('triangle.cpp.xml', 'decl_stmt', 0)) | ReturnDeletion(('triangle.cpp.xml', 'return', 2)) | ExprStmtDeletion(('triangle.cpp.xml', 'expr_stmt', 10)) | DeclStmtInsertion(('triangle.cpp.xml', '_inter_block', 30), ('triangle.cpp.xml', 'decl_stmt', 0)) | ReturnInsertion(('triangle.cpp.xml', '_inter_block', 31), ('triangle.cpp.xml', 'return', 3)) | DeclStmtInsertion(('triangle.cpp.xml', '_inter_block', 31), ('triangle.cpp.xml', 'decl_stmt', 0)) | DeclStmtInsertion(('triangle.cpp.xml', '_inter_block', 11), ('triangle.cpp.xml', 'decl_stmt', 0))
2023-12-15 03:46:40,677	[INFO]	61      COMPILE_CODE_ERROR    None  [11 edit(s)]      
2023-12-15 03:46:40,681	[DEBUG]	IfReplacement(('triangle.cpp.xml', 'if', 0), ('triangle.cpp.xml', 'stmt', 0)) | ExprStmtInsertion(('triangle.cpp.xml', '_inter_block', 31), ('triangle.cpp.xml', 'expr_stmt', 5)) | DeclStmtInsertion(('triangle.cpp.xml', '_inter_block', 30), ('triangle.cpp.xml', 'decl_stmt', 0)) | DeclStmtInsertion(('triangle.cpp.xml', '_inter_block', 27), ('triangle.cpp.xml', 'decl_stmt', 0)) | DeclStmtInsertion(('triangle.cpp.xml', '_inter_block', 30), ('triangle.cpp.xml', 'decl_stmt', 0)) | ReturnDeletion(('triangle.cpp.xml', 'return', 2)) | ExprStmtDeletion(('triangle.cpp.xml', 'expr_stmt', 10)) | DeclStmtInsertion(('triangle.cpp.xml', '_inter_block', 30), ('triangle.cpp.xml', 'decl_stmt', 0)) | ReturnInsertion(('triangle.cpp.xml', '_inter_block', 31), ('triangle.cpp.xml', 'return', 3)) | DeclStmtInsertion(('triangle.cpp.xml', '_inter_block', 31), ('triangle.cpp.xml', 'decl_stmt', 0)) | DeclStmtInsertion(('triangle.cpp.xml', '_inter_block', 24), ('triangle.cpp.xml', 'decl_stmt', 1))
2023-12-15 03:46:40,681	[INFO]	62      SUCCESS               1203997 (99.98%) [11 edit(s)] 
2023-12-15 03:46:41,682	[DEBUG]	EXEC>  SUCCESS 1204045
2023-12-15 03:46:41,683	[DEBUG]	IfReplacement(('triangle.cpp.xml', 'if', 0), ('triangle.cpp.xml', 'stmt', 0)) | ExprStmtInsertion(('triangle.cpp.xml', '_inter_block', 31), ('triangle.cpp.xml', 'expr_stmt', 5)) | DeclStmtInsertion(('triangle.cpp.xml', '_inter_block', 30), ('triangle.cpp.xml', 'decl_stmt', 0)) | DeclStmtInsertion(('triangle.cpp.xml', '_inter_block', 27), ('triangle.cpp.xml', 'decl_stmt', 0)) | DeclStmtInsertion(('triangle.cpp.xml', '_inter_block', 30), ('triangle.cpp.xml', 'decl_stmt', 0)) | ReturnDeletion(('triangle.cpp.xml', 'return', 2)) | ExprStmtDeletion(('triangle.cpp.xml', 'expr_stmt', 10)) | DeclStmtInsertion(('triangle.cpp.xml', '_inter_block', 30), ('triangle.cpp.xml', 'decl_stmt', 0)) | ReturnInsertion(('triangle.cpp.xml', '_inter_block', 31), ('triangle.cpp.xml', 'return', 3)) | DeclStmtInsertion(('triangle.cpp.xml', '_inter_block', 31), ('triangle.cpp.xml', 'decl_stmt', 0)) | DeclStmtInsertion(('triangle.cpp.xml', '_inter_block', 14), ('triangle.cpp.xml', 'decl_stmt', 0))
2023-12-15 03:46:41,683	[INFO]	63      SUCCESS               1204045 (99.98%) [11 edit(s)] 
2023-12-15 03:46:42,728	[DEBUG]	EXEC>  SUCCESS 1203998
2023-12-15 03:46:42,728	[DEBUG]	IfReplacement(('triangle.cpp.xml', 'if', 0), ('triangle.cpp.xml', 'stmt', 0)) | ExprStmtInsertion(('triangle.cpp.xml', '_inter_block', 31), ('triangle.cpp.xml', 'expr_stmt', 5)) | DeclStmtInsertion(('triangle.cpp.xml', '_inter_block', 30), ('triangle.cpp.xml', 'decl_stmt', 0)) | DeclStmtInsertion(('triangle.cpp.xml', '_inter_block', 27), ('triangle.cpp.xml', 'decl_stmt', 0)) | DeclStmtInsertion(('triangle.cpp.xml', '_inter_block', 30), ('triangle.cpp.xml', 'decl_stmt', 0)) | ReturnDeletion(('triangle.cpp.xml', 'return', 2)) | ExprStmtDeletion(('triangle.cpp.xml', 'expr_stmt', 10)) | DeclStmtInsertion(('triangle.cpp.xml', '_inter_block', 30), ('triangle.cpp.xml', 'decl_stmt', 0)) | ReturnInsertion(('triangle.cpp.xml', '_inter_block', 31), ('triangle.cpp.xml', 'return', 3)) | DeclStmtInsertion(('triangle.cpp.xml', '_inter_block', 31), ('triangle.cpp.xml', 'decl_stmt', 0)) | DeclStmtInsertion(('triangle.cpp.xml', '_inter_block', 23), ('triangle.cpp.xml', 'decl_stmt', 0))
2023-12-15 03:46:42,729	[INFO]	64      SUCCESS               1203998 (99.98%) [11 edit(s)] 
2023-12-15 03:46:42,873	[DEBUG]	IfReplacement(('triangle.cpp.xml', 'if', 0), ('triangle.cpp.xml', 'stmt', 0)) | ExprStmtInsertion(('triangle.cpp.xml', '_inter_block', 31), ('triangle.cpp.xml', 'expr_stmt', 5)) | DeclStmtInsertion(('triangle.cpp.xml', '_inter_block', 30), ('triangle.cpp.xml', 'decl_stmt', 0)) | DeclStmtInsertion(('triangle.cpp.xml', '_inter_block', 27), ('triangle.cpp.xml', 'decl_stmt', 0)) | DeclStmtInsertion(('triangle.cpp.xml', '_inter_block', 30), ('triangle.cpp.xml', 'decl_stmt', 0)) | ReturnDeletion(('triangle.cpp.xml', 'return', 2)) | ExprStmtDeletion(('triangle.cpp.xml', 'expr_stmt', 10)) | DeclStmtInsertion(('triangle.cpp.xml', '_inter_block', 30), ('triangle.cpp.xml', 'decl_stmt', 0)) | ReturnInsertion(('triangle.cpp.xml', '_inter_block', 31), ('triangle.cpp.xml', 'return', 3)) | DeclStmtInsertion(('triangle.cpp.xml', '_inter_block', 31), ('triangle.cpp.xml', 'decl_stmt', 0)) | DeclStmtInsertion(('triangle.cpp.xml', '_inter_block', 8), ('triangle.cpp.xml', 'decl_stmt', 0))
2023-12-15 03:46:42,874	[INFO]	65      COMPILE_CODE_ERROR    None  [11 edit(s)]      
2023-12-15 03:46:43,875	[DEBUG]	EXEC>  SUCCESS 1204026
2023-12-15 03:46:43,876	[DEBUG]	IfReplacement(('triangle.cpp.xml', 'if', 0), ('triangle.cpp.xml', 'stmt', 0)) | ExprStmtInsertion(('triangle.cpp.xml', '_inter_block', 31), ('triangle.cpp.xml', 'expr_stmt', 5)) | DeclStmtInsertion(('triangle.cpp.xml', '_inter_block', 30), ('triangle.cpp.xml', 'decl_stmt', 0)) | DeclStmtInsertion(('triangle.cpp.xml', '_inter_block', 27), ('triangle.cpp.xml', 'decl_stmt', 0)) | DeclStmtInsertion(('triangle.cpp.xml', '_inter_block', 30), ('triangle.cpp.xml', 'decl_stmt', 0)) | ReturnDeletion(('triangle.cpp.xml', 'return', 2)) | ExprStmtDeletion(('triangle.cpp.xml', 'expr_stmt', 10)) | DeclStmtInsertion(('triangle.cpp.xml', '_inter_block', 30), ('triangle.cpp.xml', 'decl_stmt', 0)) | ReturnInsertion(('triangle.cpp.xml', '_inter_block', 31), ('triangle.cpp.xml', 'return', 3)) | DeclStmtInsertion(('triangle.cpp.xml', '_inter_block', 31), ('triangle.cpp.xml', 'decl_stmt', 0)) | DeclStmtInsertion(('triangle.cpp.xml', '_inter_block', 20), ('triangle.cpp.xml', 'decl_stmt', 0))
2023-12-15 03:46:43,876	[INFO]	66      SUCCESS               1204026 (99.98%) [11 edit(s)] 
2023-12-15 03:46:44,834	[DEBUG]	EXEC>  SUCCESS 1203996
2023-12-15 03:46:44,835	[DEBUG]	IfReplacement(('triangle.cpp.xml', 'if', 0), ('triangle.cpp.xml', 'stmt', 0)) | ExprStmtInsertion(('triangle.cpp.xml', '_inter_block', 31), ('triangle.cpp.xml', 'expr_stmt', 5)) | DeclStmtInsertion(('triangle.cpp.xml', '_inter_block', 30), ('triangle.cpp.xml', 'decl_stmt', 0)) | DeclStmtInsertion(('triangle.cpp.xml', '_inter_block', 27), ('triangle.cpp.xml', 'decl_stmt', 0)) | DeclStmtInsertion(('triangle.cpp.xml', '_inter_block', 30), ('triangle.cpp.xml', 'decl_stmt', 0)) | ReturnDeletion(('triangle.cpp.xml', 'return', 2)) | ExprStmtDeletion(('triangle.cpp.xml', 'expr_stmt', 10)) | DeclStmtInsertion(('triangle.cpp.xml', '_inter_block', 30), ('triangle.cpp.xml', 'decl_stmt', 0)) | ReturnInsertion(('triangle.cpp.xml', '_inter_block', 31), ('triangle.cpp.xml', 'return', 3)) | DeclStmtInsertion(('triangle.cpp.xml', '_inter_block', 31), ('triangle.cpp.xml', 'decl_stmt', 0)) | DeclStmtInsertion(('triangle.cpp.xml', '_inter_block', 29), ('triangle.cpp.xml', 'decl_stmt', 0))
2023-12-15 03:46:44,835	[INFO]	67      SUCCESS               1203996 (99.98%) [11 edit(s)] 
2023-12-15 03:46:45,003	[DEBUG]	IfReplacement(('triangle.cpp.xml', 'if', 0), ('triangle.cpp.xml', 'stmt', 0)) | ExprStmtInsertion(('triangle.cpp.xml', '_inter_block', 31), ('triangle.cpp.xml', 'expr_stmt', 5)) | DeclStmtInsertion(('triangle.cpp.xml', '_inter_block', 30), ('triangle.cpp.xml', 'decl_stmt', 0)) | DeclStmtInsertion(('triangle.cpp.xml', '_inter_block', 27), ('triangle.cpp.xml', 'decl_stmt', 0)) | DeclStmtInsertion(('triangle.cpp.xml', '_inter_block', 30), ('triangle.cpp.xml', 'decl_stmt', 0)) | ReturnDeletion(('triangle.cpp.xml', 'return', 2)) | ExprStmtDeletion(('triangle.cpp.xml', 'expr_stmt', 10)) | DeclStmtInsertion(('triangle.cpp.xml', '_inter_block', 30), ('triangle.cpp.xml', 'decl_stmt', 0)) | ReturnInsertion(('triangle.cpp.xml', '_inter_block', 31), ('triangle.cpp.xml', 'return', 3)) | DeclStmtInsertion(('triangle.cpp.xml', '_inter_block', 31), ('triangle.cpp.xml', 'decl_stmt', 0)) | DeclStmtDeletion(('triangle.cpp.xml', 'decl_stmt', 0))
2023-12-15 03:46:45,003	[INFO]	68      COMPILE_CODE_ERROR    None  [11 edit(s)]      
2023-12-15 03:46:45,957	[DEBUG]	EXEC>  SUCCESS 1203997
2023-12-15 03:46:45,957	[DEBUG]	IfReplacement(('triangle.cpp.xml', 'if', 0), ('triangle.cpp.xml', 'stmt', 0)) | ExprStmtInsertion(('triangle.cpp.xml', '_inter_block', 31), ('triangle.cpp.xml', 'expr_stmt', 5)) | DeclStmtInsertion(('triangle.cpp.xml', '_inter_block', 30), ('triangle.cpp.xml', 'decl_stmt', 0)) | DeclStmtInsertion(('triangle.cpp.xml', '_inter_block', 27), ('triangle.cpp.xml', 'decl_stmt', 0)) | DeclStmtInsertion(('triangle.cpp.xml', '_inter_block', 30), ('triangle.cpp.xml', 'decl_stmt', 0)) | ReturnDeletion(('triangle.cpp.xml', 'return', 2)) | ExprStmtDeletion(('triangle.cpp.xml', 'expr_stmt', 10)) | DeclStmtInsertion(('triangle.cpp.xml', '_inter_block', 30), ('triangle.cpp.xml', 'decl_stmt', 0)) | ReturnInsertion(('triangle.cpp.xml', '_inter_block', 31), ('triangle.cpp.xml', 'return', 3)) | DeclStmtInsertion(('triangle.cpp.xml', '_inter_block', 31), ('triangle.cpp.xml', 'decl_stmt', 0)) | DeclStmtInsertion(('triangle.cpp.xml', '_inter_block', 1), ('triangle.cpp.xml', 'decl_stmt', 1))
2023-12-15 03:46:45,957	[INFO]	69      SUCCESS               1203997 (99.98%) [11 edit(s)] 
2023-12-15 03:46:46,095	[DEBUG]	IfReplacement(('triangle.cpp.xml', 'if', 0), ('triangle.cpp.xml', 'stmt', 0)) | ExprStmtInsertion(('triangle.cpp.xml', '_inter_block', 31), ('triangle.cpp.xml', 'expr_stmt', 5)) | DeclStmtInsertion(('triangle.cpp.xml', '_inter_block', 30), ('triangle.cpp.xml', 'decl_stmt', 0)) | DeclStmtInsertion(('triangle.cpp.xml', '_inter_block', 27), ('triangle.cpp.xml', 'decl_stmt', 0)) | DeclStmtInsertion(('triangle.cpp.xml', '_inter_block', 30), ('triangle.cpp.xml', 'decl_stmt', 0)) | ReturnDeletion(('triangle.cpp.xml', 'return', 2)) | ExprStmtDeletion(('triangle.cpp.xml', 'expr_stmt', 10)) | DeclStmtInsertion(('triangle.cpp.xml', '_inter_block', 30), ('triangle.cpp.xml', 'decl_stmt', 0)) | ReturnInsertion(('triangle.cpp.xml', '_inter_block', 31), ('triangle.cpp.xml', 'return', 3)) | DeclStmtInsertion(('triangle.cpp.xml', '_inter_block', 31), ('triangle.cpp.xml', 'decl_stmt', 0)) | DeclStmtInsertion(('triangle.cpp.xml', '_inter_block', 10), ('triangle.cpp.xml', 'decl_stmt', 1))
2023-12-15 03:46:46,095	[INFO]	70      COMPILE_CODE_ERROR    None  [11 edit(s)]      
2023-12-15 03:46:46,881	[DEBUG]	IfReplacement(('triangle.cpp.xml', 'if', 0), ('triangle.cpp.xml', 'stmt', 0)) | ExprStmtInsertion(('triangle.cpp.xml', '_inter_block', 31), ('triangle.cpp.xml', 'expr_stmt', 5)) | DeclStmtInsertion(('triangle.cpp.xml', '_inter_block', 30), ('triangle.cpp.xml', 'decl_stmt', 0)) | DeclStmtInsertion(('triangle.cpp.xml', '_inter_block', 27), ('triangle.cpp.xml', 'decl_stmt', 0)) | DeclStmtInsertion(('triangle.cpp.xml', '_inter_block', 30), ('triangle.cpp.xml', 'decl_stmt', 0)) | ReturnDeletion(('triangle.cpp.xml', 'return', 2)) | ExprStmtDeletion(('triangle.cpp.xml', 'expr_stmt', 10)) | DeclStmtInsertion(('triangle.cpp.xml', '_inter_block', 30), ('triangle.cpp.xml', 'decl_stmt', 0)) | ReturnInsertion(('triangle.cpp.xml', '_inter_block', 31), ('triangle.cpp.xml', 'return', 3)) | DeclStmtInsertion(('triangle.cpp.xml', '_inter_block', 31), ('triangle.cpp.xml', 'decl_stmt', 0)) | ReturnReplacement(('triangle.cpp.xml', 'return', 1), ('triangle.cpp.xml', 'stmt', 22))
2023-12-15 03:46:46,882	[INFO]	71      TEST_CODE_ERROR       None  [11 edit(s)]      
2023-12-15 03:46:47,025	[DEBUG]	IfReplacement(('triangle.cpp.xml', 'if', 0), ('triangle.cpp.xml', 'stmt', 0)) | ExprStmtInsertion(('triangle.cpp.xml', '_inter_block', 31), ('triangle.cpp.xml', 'expr_stmt', 5)) | DeclStmtInsertion(('triangle.cpp.xml', '_inter_block', 30), ('triangle.cpp.xml', 'decl_stmt', 0)) | DeclStmtInsertion(('triangle.cpp.xml', '_inter_block', 27), ('triangle.cpp.xml', 'decl_stmt', 0)) | DeclStmtInsertion(('triangle.cpp.xml', '_inter_block', 30), ('triangle.cpp.xml', 'decl_stmt', 0)) | ReturnDeletion(('triangle.cpp.xml', 'return', 2)) | ExprStmtDeletion(('triangle.cpp.xml', 'expr_stmt', 10)) | DeclStmtInsertion(('triangle.cpp.xml', '_inter_block', 30), ('triangle.cpp.xml', 'decl_stmt', 0)) | ReturnInsertion(('triangle.cpp.xml', '_inter_block', 31), ('triangle.cpp.xml', 'return', 3)) | DeclStmtInsertion(('triangle.cpp.xml', '_inter_block', 31), ('triangle.cpp.xml', 'decl_stmt', 0)) | DeclStmtInsertion(('triangle.cpp.xml', '_inter_block', 11), ('triangle.cpp.xml', 'decl_stmt', 1))
2023-12-15 03:46:47,026	[INFO]	72      COMPILE_CODE_ERROR    None  [11 edit(s)]      
2023-12-15 03:46:47,168	[DEBUG]	IfReplacement(('triangle.cpp.xml', 'if', 0), ('triangle.cpp.xml', 'stmt', 0)) | ExprStmtInsertion(('triangle.cpp.xml', '_inter_block', 31), ('triangle.cpp.xml', 'expr_stmt', 5)) | DeclStmtInsertion(('triangle.cpp.xml', '_inter_block', 30), ('triangle.cpp.xml', 'decl_stmt', 0)) | DeclStmtInsertion(('triangle.cpp.xml', '_inter_block', 27), ('triangle.cpp.xml', 'decl_stmt', 0)) | DeclStmtInsertion(('triangle.cpp.xml', '_inter_block', 30), ('triangle.cpp.xml', 'decl_stmt', 0)) | ReturnDeletion(('triangle.cpp.xml', 'return', 2)) | ExprStmtDeletion(('triangle.cpp.xml', 'expr_stmt', 10)) | DeclStmtInsertion(('triangle.cpp.xml', '_inter_block', 30), ('triangle.cpp.xml', 'decl_stmt', 0)) | ReturnInsertion(('triangle.cpp.xml', '_inter_block', 31), ('triangle.cpp.xml', 'return', 3)) | DeclStmtInsertion(('triangle.cpp.xml', '_inter_block', 31), ('triangle.cpp.xml', 'decl_stmt', 0)) | DeclStmtInsertion(('triangle.cpp.xml', '_inter_block', 6), ('triangle.cpp.xml', 'decl_stmt', 1))
2023-12-15 03:46:47,168	[INFO]	73      COMPILE_CODE_ERROR    None  [11 edit(s)]      
2023-12-15 03:46:47,171	[DEBUG]	IfReplacement(('triangle.cpp.xml', 'if', 0), ('triangle.cpp.xml', 'stmt', 0)) | ExprStmtInsertion(('triangle.cpp.xml', '_inter_block', 31), ('triangle.cpp.xml', 'expr_stmt', 5)) | DeclStmtInsertion(('triangle.cpp.xml', '_inter_block', 30), ('triangle.cpp.xml', 'decl_stmt', 0)) | DeclStmtInsertion(('triangle.cpp.xml', '_inter_block', 27), ('triangle.cpp.xml', 'decl_stmt', 0)) | DeclStmtInsertion(('triangle.cpp.xml', '_inter_block', 30), ('triangle.cpp.xml', 'decl_stmt', 0)) | ReturnDeletion(('triangle.cpp.xml', 'return', 2)) | ExprStmtDeletion(('triangle.cpp.xml', 'expr_stmt', 10)) | DeclStmtInsertion(('triangle.cpp.xml', '_inter_block', 30), ('triangle.cpp.xml', 'decl_stmt', 0)) | ReturnInsertion(('triangle.cpp.xml', '_inter_block', 31), ('triangle.cpp.xml', 'return', 3)) | DeclStmtInsertion(('triangle.cpp.xml', '_inter_block', 31), ('triangle.cpp.xml', 'decl_stmt', 0)) | DeclStmtInsertion(('triangle.cpp.xml', '_inter_block', 29), ('triangle.cpp.xml', 'decl_stmt', 0))
2023-12-15 03:46:47,171	[INFO]	74      SUCCESS               1203996 (99.98%) [11 edit(s)] 
2023-12-15 03:46:48,118	[DEBUG]	EXEC>  SUCCESS 1203996
2023-12-15 03:46:48,118	[DEBUG]	IfReplacement(('triangle.cpp.xml', 'if', 0), ('triangle.cpp.xml', 'stmt', 0)) | ExprStmtInsertion(('triangle.cpp.xml', '_inter_block', 31), ('triangle.cpp.xml', 'expr_stmt', 5)) | DeclStmtInsertion(('triangle.cpp.xml', '_inter_block', 30), ('triangle.cpp.xml', 'decl_stmt', 0)) | DeclStmtInsertion(('triangle.cpp.xml', '_inter_block', 27), ('triangle.cpp.xml', 'decl_stmt', 0)) | DeclStmtInsertion(('triangle.cpp.xml', '_inter_block', 30), ('triangle.cpp.xml', 'decl_stmt', 0)) | ReturnDeletion(('triangle.cpp.xml', 'return', 2)) | ExprStmtDeletion(('triangle.cpp.xml', 'expr_stmt', 10)) | DeclStmtInsertion(('triangle.cpp.xml', '_inter_block', 30), ('triangle.cpp.xml', 'decl_stmt', 0)) | ReturnInsertion(('triangle.cpp.xml', '_inter_block', 31), ('triangle.cpp.xml', 'return', 3)) | DeclStmtInsertion(('triangle.cpp.xml', '_inter_block', 31), ('triangle.cpp.xml', 'decl_stmt', 0)) | DeclStmtInsertion(('triangle.cpp.xml', '_inter_block', 27), ('triangle.cpp.xml', 'decl_stmt', 1))
2023-12-15 03:46:48,119	[INFO]	75      SUCCESS               1203996 (99.98%) [11 edit(s)] 
2023-12-15 03:46:49,134	[DEBUG]	EXEC>  SUCCESS 1204044
2023-12-15 03:46:49,134	[DEBUG]	IfReplacement(('triangle.cpp.xml', 'if', 0), ('triangle.cpp.xml', 'stmt', 0)) | ExprStmtInsertion(('triangle.cpp.xml', '_inter_block', 31), ('triangle.cpp.xml', 'expr_stmt', 5)) | DeclStmtInsertion(('triangle.cpp.xml', '_inter_block', 30), ('triangle.cpp.xml', 'decl_stmt', 0)) | DeclStmtInsertion(('triangle.cpp.xml', '_inter_block', 27), ('triangle.cpp.xml', 'decl_stmt', 0)) | DeclStmtInsertion(('triangle.cpp.xml', '_inter_block', 30), ('triangle.cpp.xml', 'decl_stmt', 0)) | ReturnDeletion(('triangle.cpp.xml', 'return', 2)) | ExprStmtDeletion(('triangle.cpp.xml', 'expr_stmt', 10)) | DeclStmtInsertion(('triangle.cpp.xml', '_inter_block', 30), ('triangle.cpp.xml', 'decl_stmt', 0)) | ReturnInsertion(('triangle.cpp.xml', '_inter_block', 31), ('triangle.cpp.xml', 'return', 3)) | DeclStmtInsertion(('triangle.cpp.xml', '_inter_block', 31), ('triangle.cpp.xml', 'decl_stmt', 0)) | DeclStmtInsertion(('triangle.cpp.xml', '_inter_block', 15), ('triangle.cpp.xml', 'decl_stmt', 0))
2023-12-15 03:46:49,135	[INFO]	76      SUCCESS               1204044 (99.98%) [11 edit(s)] 
2023-12-15 03:46:49,138	[DEBUG]	IfReplacement(('triangle.cpp.xml', 'if', 0), ('triangle.cpp.xml', 'stmt', 0)) | ExprStmtInsertion(('triangle.cpp.xml', '_inter_block', 31), ('triangle.cpp.xml', 'expr_stmt', 5)) | DeclStmtInsertion(('triangle.cpp.xml', '_inter_block', 30), ('triangle.cpp.xml', 'decl_stmt', 0)) | DeclStmtInsertion(('triangle.cpp.xml', '_inter_block', 27), ('triangle.cpp.xml', 'decl_stmt', 0)) | DeclStmtInsertion(('triangle.cpp.xml', '_inter_block', 30), ('triangle.cpp.xml', 'decl_stmt', 0)) | ReturnDeletion(('triangle.cpp.xml', 'return', 2)) | ExprStmtDeletion(('triangle.cpp.xml', 'expr_stmt', 10)) | DeclStmtInsertion(('triangle.cpp.xml', '_inter_block', 30), ('triangle.cpp.xml', 'decl_stmt', 0)) | ReturnInsertion(('triangle.cpp.xml', '_inter_block', 31), ('triangle.cpp.xml', 'return', 3)) | DeclStmtInsertion(('triangle.cpp.xml', '_inter_block', 31), ('triangle.cpp.xml', 'decl_stmt', 0)) | DeclStmtInsertion(('triangle.cpp.xml', '_inter_block', 24), ('triangle.cpp.xml', 'decl_stmt', 0))
2023-12-15 03:46:49,138	[INFO]	77      SUCCESS               1203998 (99.98%) [11 edit(s)] 
2023-12-15 03:46:50,137	[DEBUG]	EXEC>  SUCCESS 1203996
2023-12-15 03:46:50,138	[DEBUG]	IfReplacement(('triangle.cpp.xml', 'if', 0), ('triangle.cpp.xml', 'stmt', 0)) | ExprStmtInsertion(('triangle.cpp.xml', '_inter_block', 31), ('triangle.cpp.xml', 'expr_stmt', 5)) | DeclStmtInsertion(('triangle.cpp.xml', '_inter_block', 30), ('triangle.cpp.xml', 'decl_stmt', 0)) | DeclStmtInsertion(('triangle.cpp.xml', '_inter_block', 27), ('triangle.cpp.xml', 'decl_stmt', 0)) | DeclStmtInsertion(('triangle.cpp.xml', '_inter_block', 30), ('triangle.cpp.xml', 'decl_stmt', 0)) | ReturnDeletion(('triangle.cpp.xml', 'return', 2)) | ExprStmtDeletion(('triangle.cpp.xml', 'expr_stmt', 10)) | DeclStmtInsertion(('triangle.cpp.xml', '_inter_block', 30), ('triangle.cpp.xml', 'decl_stmt', 0)) | ReturnInsertion(('triangle.cpp.xml', '_inter_block', 31), ('triangle.cpp.xml', 'return', 3)) | DeclStmtInsertion(('triangle.cpp.xml', '_inter_block', 31), ('triangle.cpp.xml', 'decl_stmt', 0)) | DeclStmtInsertion(('triangle.cpp.xml', '_inter_block', 17), ('triangle.cpp.xml', 'decl_stmt', 1))
2023-12-15 03:46:50,138	[INFO]	78      SUCCESS               1203996 (99.98%) [11 edit(s)] 
2023-12-15 03:46:50,953	[DEBUG]	IfReplacement(('triangle.cpp.xml', 'if', 0), ('triangle.cpp.xml', 'stmt', 0)) | ExprStmtInsertion(('triangle.cpp.xml', '_inter_block', 31), ('triangle.cpp.xml', 'expr_stmt', 5)) | DeclStmtInsertion(('triangle.cpp.xml', '_inter_block', 30), ('triangle.cpp.xml', 'decl_stmt', 0)) | DeclStmtInsertion(('triangle.cpp.xml', '_inter_block', 27), ('triangle.cpp.xml', 'decl_stmt', 0)) | DeclStmtInsertion(('triangle.cpp.xml', '_inter_block', 30), ('triangle.cpp.xml', 'decl_stmt', 0)) | ReturnDeletion(('triangle.cpp.xml', 'return', 2)) | ExprStmtDeletion(('triangle.cpp.xml', 'expr_stmt', 10)) | DeclStmtInsertion(('triangle.cpp.xml', '_inter_block', 30), ('triangle.cpp.xml', 'decl_stmt', 0)) | ReturnInsertion(('triangle.cpp.xml', '_inter_block', 31), ('triangle.cpp.xml', 'return', 3)) | DeclStmtInsertion(('triangle.cpp.xml', '_inter_block', 31), ('triangle.cpp.xml', 'decl_stmt', 0)) | DeclStmtInsertion(('triangle.cpp.xml', '_inter_block', 19), ('triangle.cpp.xml', 'decl_stmt', 1))
2023-12-15 03:46:50,953	[INFO]	79      TEST_CODE_ERROR       None  [11 edit(s)]      
2023-12-15 03:46:50,957	[DEBUG]	IfReplacement(('triangle.cpp.xml', 'if', 0), ('triangle.cpp.xml', 'stmt', 0)) | ExprStmtInsertion(('triangle.cpp.xml', '_inter_block', 31), ('triangle.cpp.xml', 'expr_stmt', 5)) | DeclStmtInsertion(('triangle.cpp.xml', '_inter_block', 30), ('triangle.cpp.xml', 'decl_stmt', 0)) | DeclStmtInsertion(('triangle.cpp.xml', '_inter_block', 27), ('triangle.cpp.xml', 'decl_stmt', 0)) | DeclStmtInsertion(('triangle.cpp.xml', '_inter_block', 30), ('triangle.cpp.xml', 'decl_stmt', 0)) | ReturnDeletion(('triangle.cpp.xml', 'return', 2)) | ExprStmtDeletion(('triangle.cpp.xml', 'expr_stmt', 10)) | DeclStmtInsertion(('triangle.cpp.xml', '_inter_block', 30), ('triangle.cpp.xml', 'decl_stmt', 0)) | ReturnInsertion(('triangle.cpp.xml', '_inter_block', 31), ('triangle.cpp.xml', 'return', 3)) | DeclStmtInsertion(('triangle.cpp.xml', '_inter_block', 31), ('triangle.cpp.xml', 'decl_stmt', 0)) | DeclStmtInsertion(('triangle.cpp.xml', '_inter_block', 23), ('triangle.cpp.xml', 'decl_stmt', 1))
2023-12-15 03:46:50,957	[INFO]	80      SUCCESS               1203997 (99.98%) [11 edit(s)] 
2023-12-15 03:46:51,103	[DEBUG]	IfReplacement(('triangle.cpp.xml', 'if', 0), ('triangle.cpp.xml', 'stmt', 0)) | ExprStmtInsertion(('triangle.cpp.xml', '_inter_block', 31), ('triangle.cpp.xml', 'expr_stmt', 5)) | DeclStmtInsertion(('triangle.cpp.xml', '_inter_block', 30), ('triangle.cpp.xml', 'decl_stmt', 0)) | DeclStmtInsertion(('triangle.cpp.xml', '_inter_block', 27), ('triangle.cpp.xml', 'decl_stmt', 0)) | DeclStmtInsertion(('triangle.cpp.xml', '_inter_block', 30), ('triangle.cpp.xml', 'decl_stmt', 0)) | ReturnDeletion(('triangle.cpp.xml', 'return', 2)) | ExprStmtDeletion(('triangle.cpp.xml', 'expr_stmt', 10)) | DeclStmtInsertion(('triangle.cpp.xml', '_inter_block', 30), ('triangle.cpp.xml', 'decl_stmt', 0)) | ReturnInsertion(('triangle.cpp.xml', '_inter_block', 31), ('triangle.cpp.xml', 'return', 3)) | DeclStmtInsertion(('triangle.cpp.xml', '_inter_block', 31), ('triangle.cpp.xml', 'decl_stmt', 0)) | DeclStmtInsertion(('triangle.cpp.xml', '_inter_block', 3), ('triangle.cpp.xml', 'decl_stmt', 0))
2023-12-15 03:46:51,103	[INFO]	81      COMPILE_CODE_ERROR    None  [11 edit(s)]      
2023-12-15 03:46:51,107	[DEBUG]	IfReplacement(('triangle.cpp.xml', 'if', 0), ('triangle.cpp.xml', 'stmt', 0)) | ExprStmtInsertion(('triangle.cpp.xml', '_inter_block', 31), ('triangle.cpp.xml', 'expr_stmt', 5)) | DeclStmtInsertion(('triangle.cpp.xml', '_inter_block', 30), ('triangle.cpp.xml', 'decl_stmt', 0)) | DeclStmtInsertion(('triangle.cpp.xml', '_inter_block', 27), ('triangle.cpp.xml', 'decl_stmt', 0)) | DeclStmtInsertion(('triangle.cpp.xml', '_inter_block', 30), ('triangle.cpp.xml', 'decl_stmt', 0)) | ReturnDeletion(('triangle.cpp.xml', 'return', 2)) | ExprStmtDeletion(('triangle.cpp.xml', 'expr_stmt', 10)) | DeclStmtInsertion(('triangle.cpp.xml', '_inter_block', 30), ('triangle.cpp.xml', 'decl_stmt', 0)) | ReturnInsertion(('triangle.cpp.xml', '_inter_block', 31), ('triangle.cpp.xml', 'return', 3)) | DeclStmtInsertion(('triangle.cpp.xml', '_inter_block', 31), ('triangle.cpp.xml', 'decl_stmt', 0)) | DeclStmtInsertion(('triangle.cpp.xml', '_inter_block', 1), ('triangle.cpp.xml', 'decl_stmt', 1))
2023-12-15 03:46:51,107	[INFO]	82      SUCCESS               1203997 (99.98%) [11 edit(s)] 
2023-12-15 03:46:51,248	[DEBUG]	IfReplacement(('triangle.cpp.xml', 'if', 0), ('triangle.cpp.xml', 'stmt', 0)) | ExprStmtInsertion(('triangle.cpp.xml', '_inter_block', 31), ('triangle.cpp.xml', 'expr_stmt', 5)) | DeclStmtInsertion(('triangle.cpp.xml', '_inter_block', 30), ('triangle.cpp.xml', 'decl_stmt', 0)) | DeclStmtInsertion(('triangle.cpp.xml', '_inter_block', 27), ('triangle.cpp.xml', 'decl_stmt', 0)) | DeclStmtInsertion(('triangle.cpp.xml', '_inter_block', 30), ('triangle.cpp.xml', 'decl_stmt', 0)) | ReturnDeletion(('triangle.cpp.xml', 'return', 2)) | ExprStmtDeletion(('triangle.cpp.xml', 'expr_stmt', 10)) | DeclStmtInsertion(('triangle.cpp.xml', '_inter_block', 30), ('triangle.cpp.xml', 'decl_stmt', 0)) | ReturnInsertion(('triangle.cpp.xml', '_inter_block', 31), ('triangle.cpp.xml', 'return', 3)) | DeclStmtInsertion(('triangle.cpp.xml', '_inter_block', 31), ('triangle.cpp.xml', 'decl_stmt', 0)) | DeclStmtInsertion(('triangle.cpp.xml', '_inter_block', 7), ('triangle.cpp.xml', 'decl_stmt', 1))
2023-12-15 03:46:51,249	[INFO]	83      COMPILE_CODE_ERROR    None  [11 edit(s)]      
2023-12-15 03:46:52,062	[DEBUG]	IfReplacement(('triangle.cpp.xml', 'if', 0), ('triangle.cpp.xml', 'stmt', 0)) | ExprStmtInsertion(('triangle.cpp.xml', '_inter_block', 31), ('triangle.cpp.xml', 'expr_stmt', 5)) | DeclStmtInsertion(('triangle.cpp.xml', '_inter_block', 30), ('triangle.cpp.xml', 'decl_stmt', 0)) | DeclStmtInsertion(('triangle.cpp.xml', '_inter_block', 27), ('triangle.cpp.xml', 'decl_stmt', 0)) | DeclStmtInsertion(('triangle.cpp.xml', '_inter_block', 30), ('triangle.cpp.xml', 'decl_stmt', 0)) | ReturnDeletion(('triangle.cpp.xml', 'return', 2)) | ExprStmtDeletion(('triangle.cpp.xml', 'expr_stmt', 10)) | DeclStmtInsertion(('triangle.cpp.xml', '_inter_block', 30), ('triangle.cpp.xml', 'decl_stmt', 0)) | ReturnInsertion(('triangle.cpp.xml', '_inter_block', 31), ('triangle.cpp.xml', 'return', 3)) | DeclStmtInsertion(('triangle.cpp.xml', '_inter_block', 31), ('triangle.cpp.xml', 'decl_stmt', 0)) | ExprStmtDeletion(('triangle.cpp.xml', 'expr_stmt', 7))
2023-12-15 03:46:52,063	[INFO]	84      TEST_CODE_ERROR       None  [11 edit(s)]      
2023-12-15 03:46:52,868	[DEBUG]	IfReplacement(('triangle.cpp.xml', 'if', 0), ('triangle.cpp.xml', 'stmt', 0)) | ExprStmtInsertion(('triangle.cpp.xml', '_inter_block', 31), ('triangle.cpp.xml', 'expr_stmt', 5)) | DeclStmtInsertion(('triangle.cpp.xml', '_inter_block', 30), ('triangle.cpp.xml', 'decl_stmt', 0)) | DeclStmtInsertion(('triangle.cpp.xml', '_inter_block', 27), ('triangle.cpp.xml', 'decl_stmt', 0)) | DeclStmtInsertion(('triangle.cpp.xml', '_inter_block', 30), ('triangle.cpp.xml', 'decl_stmt', 0)) | ReturnDeletion(('triangle.cpp.xml', 'return', 2)) | ExprStmtDeletion(('triangle.cpp.xml', 'expr_stmt', 10)) | DeclStmtInsertion(('triangle.cpp.xml', '_inter_block', 30), ('triangle.cpp.xml', 'decl_stmt', 0)) | ReturnInsertion(('triangle.cpp.xml', '_inter_block', 31), ('triangle.cpp.xml', 'return', 3)) | DeclStmtInsertion(('triangle.cpp.xml', '_inter_block', 31), ('triangle.cpp.xml', 'decl_stmt', 0)) | IfDeletion(('triangle.cpp.xml', 'if', 4))
2023-12-15 03:46:52,868	[INFO]	85      TEST_CODE_ERROR       None  [11 edit(s)]      
2023-12-15 03:46:53,870	[DEBUG]	EXEC>  SUCCESS 1255255
2023-12-15 03:46:53,870	[DEBUG]	IfReplacement(('triangle.cpp.xml', 'if', 0), ('triangle.cpp.xml', 'stmt', 0)) | ExprStmtInsertion(('triangle.cpp.xml', '_inter_block', 31), ('triangle.cpp.xml', 'expr_stmt', 5)) | DeclStmtInsertion(('triangle.cpp.xml', '_inter_block', 30), ('triangle.cpp.xml', 'decl_stmt', 0)) | DeclStmtInsertion(('triangle.cpp.xml', '_inter_block', 27), ('triangle.cpp.xml', 'decl_stmt', 0)) | DeclStmtInsertion(('triangle.cpp.xml', '_inter_block', 30), ('triangle.cpp.xml', 'decl_stmt', 0)) | ReturnDeletion(('triangle.cpp.xml', 'return', 2)) | ExprStmtDeletion(('triangle.cpp.xml', 'expr_stmt', 10)) | DeclStmtInsertion(('triangle.cpp.xml', '_inter_block', 30), ('triangle.cpp.xml', 'decl_stmt', 0)) | ReturnInsertion(('triangle.cpp.xml', '_inter_block', 31), ('triangle.cpp.xml', 'return', 3)) | DeclStmtInsertion(('triangle.cpp.xml', '_inter_block', 31), ('triangle.cpp.xml', 'decl_stmt', 0)) | DeclStmtInsertion(('triangle.cpp.xml', '_inter_block', 29), ('triangle.cpp.xml', 'decl_stmt', 1))
2023-12-15 03:46:53,871	[INFO]	86      SUCCESS               1255255 (104.24%) [11 edit(s)] 
2023-12-15 03:46:54,924	[DEBUG]	EXEC>  SUCCESS 1294651
2023-12-15 03:46:54,924	[DEBUG]	IfReplacement(('triangle.cpp.xml', 'if', 0), ('triangle.cpp.xml', 'stmt', 0)) | ExprStmtInsertion(('triangle.cpp.xml', '_inter_block', 31), ('triangle.cpp.xml', 'expr_stmt', 5)) | DeclStmtInsertion(('triangle.cpp.xml', '_inter_block', 30), ('triangle.cpp.xml', 'decl_stmt', 0)) | DeclStmtInsertion(('triangle.cpp.xml', '_inter_block', 27), ('triangle.cpp.xml', 'decl_stmt', 0)) | DeclStmtInsertion(('triangle.cpp.xml', '_inter_block', 30), ('triangle.cpp.xml', 'decl_stmt', 0)) | ReturnDeletion(('triangle.cpp.xml', 'return', 2)) | ExprStmtDeletion(('triangle.cpp.xml', 'expr_stmt', 10)) | DeclStmtInsertion(('triangle.cpp.xml', '_inter_block', 30), ('triangle.cpp.xml', 'decl_stmt', 0)) | ReturnInsertion(('triangle.cpp.xml', '_inter_block', 31), ('triangle.cpp.xml', 'return', 3)) | DeclStmtInsertion(('triangle.cpp.xml', '_inter_block', 31), ('triangle.cpp.xml', 'decl_stmt', 0)) | DeclStmtInsertion(('triangle.cpp.xml', '_inter_block', 0), ('triangle.cpp.xml', 'decl_stmt', 1))
2023-12-15 03:46:54,924	[INFO]	87      SUCCESS               1294651 (107.51%) [11 edit(s)] 
2023-12-15 03:46:55,894	[DEBUG]	EXEC>  SUCCESS 1204026
2023-12-15 03:46:55,895	[DEBUG]	IfReplacement(('triangle.cpp.xml', 'if', 0), ('triangle.cpp.xml', 'stmt', 0)) | ExprStmtInsertion(('triangle.cpp.xml', '_inter_block', 31), ('triangle.cpp.xml', 'expr_stmt', 5)) | DeclStmtInsertion(('triangle.cpp.xml', '_inter_block', 30), ('triangle.cpp.xml', 'decl_stmt', 0)) | DeclStmtInsertion(('triangle.cpp.xml', '_inter_block', 27), ('triangle.cpp.xml', 'decl_stmt', 0)) | DeclStmtInsertion(('triangle.cpp.xml', '_inter_block', 30), ('triangle.cpp.xml', 'decl_stmt', 0)) | ReturnDeletion(('triangle.cpp.xml', 'return', 2)) | ExprStmtDeletion(('triangle.cpp.xml', 'expr_stmt', 10)) | DeclStmtInsertion(('triangle.cpp.xml', '_inter_block', 30), ('triangle.cpp.xml', 'decl_stmt', 0)) | ReturnInsertion(('triangle.cpp.xml', '_inter_block', 31), ('triangle.cpp.xml', 'return', 3)) | DeclStmtInsertion(('triangle.cpp.xml', '_inter_block', 31), ('triangle.cpp.xml', 'decl_stmt', 0)) | DeclStmtInsertion(('triangle.cpp.xml', '_inter_block', 21), ('triangle.cpp.xml', 'decl_stmt', 0))
2023-12-15 03:46:55,895	[INFO]	88      SUCCESS               1204026 (99.98%) [11 edit(s)] 
2023-12-15 03:46:55,899	[DEBUG]	IfReplacement(('triangle.cpp.xml', 'if', 0), ('triangle.cpp.xml', 'stmt', 0)) | ExprStmtInsertion(('triangle.cpp.xml', '_inter_block', 31), ('triangle.cpp.xml', 'expr_stmt', 5)) | DeclStmtInsertion(('triangle.cpp.xml', '_inter_block', 30), ('triangle.cpp.xml', 'decl_stmt', 0)) | DeclStmtInsertion(('triangle.cpp.xml', '_inter_block', 27), ('triangle.cpp.xml', 'decl_stmt', 0)) | DeclStmtInsertion(('triangle.cpp.xml', '_inter_block', 30), ('triangle.cpp.xml', 'decl_stmt', 0)) | ReturnDeletion(('triangle.cpp.xml', 'return', 2)) | ExprStmtDeletion(('triangle.cpp.xml', 'expr_stmt', 10)) | DeclStmtInsertion(('triangle.cpp.xml', '_inter_block', 30), ('triangle.cpp.xml', 'decl_stmt', 0)) | ReturnInsertion(('triangle.cpp.xml', '_inter_block', 31), ('triangle.cpp.xml', 'return', 3)) | DeclStmtInsertion(('triangle.cpp.xml', '_inter_block', 31), ('triangle.cpp.xml', 'decl_stmt', 0)) | DeclStmtInsertion(('triangle.cpp.xml', '_inter_block', 23), ('triangle.cpp.xml', 'decl_stmt', 1))
2023-12-15 03:46:55,899	[INFO]	89      SUCCESS               1203997 (99.98%) [11 edit(s)] 
2023-12-15 03:46:56,085	[DEBUG]	IfReplacement(('triangle.cpp.xml', 'if', 0), ('triangle.cpp.xml', 'stmt', 0)) | ExprStmtInsertion(('triangle.cpp.xml', '_inter_block', 31), ('triangle.cpp.xml', 'expr_stmt', 5)) | DeclStmtInsertion(('triangle.cpp.xml', '_inter_block', 30), ('triangle.cpp.xml', 'decl_stmt', 0)) | DeclStmtInsertion(('triangle.cpp.xml', '_inter_block', 27), ('triangle.cpp.xml', 'decl_stmt', 0)) | DeclStmtInsertion(('triangle.cpp.xml', '_inter_block', 30), ('triangle.cpp.xml', 'decl_stmt', 0)) | ReturnDeletion(('triangle.cpp.xml', 'return', 2)) | ExprStmtDeletion(('triangle.cpp.xml', 'expr_stmt', 10)) | DeclStmtInsertion(('triangle.cpp.xml', '_inter_block', 30), ('triangle.cpp.xml', 'decl_stmt', 0)) | ReturnInsertion(('triangle.cpp.xml', '_inter_block', 31), ('triangle.cpp.xml', 'return', 3)) | DeclStmtInsertion(('triangle.cpp.xml', '_inter_block', 31), ('triangle.cpp.xml', 'decl_stmt', 0)) | DeclStmtInsertion(('triangle.cpp.xml', '_inter_block', 6), ('triangle.cpp.xml', 'decl_stmt', 0))
2023-12-15 03:46:56,085	[INFO]	90      COMPILE_CODE_ERROR    None  [11 edit(s)]      
2023-12-15 03:46:56,853	[DEBUG]	IfReplacement(('triangle.cpp.xml', 'if', 0), ('triangle.cpp.xml', 'stmt', 0)) | ExprStmtInsertion(('triangle.cpp.xml', '_inter_block', 31), ('triangle.cpp.xml', 'expr_stmt', 5)) | DeclStmtInsertion(('triangle.cpp.xml', '_inter_block', 30), ('triangle.cpp.xml', 'decl_stmt', 0)) | DeclStmtInsertion(('triangle.cpp.xml', '_inter_block', 27), ('triangle.cpp.xml', 'decl_stmt', 0)) | DeclStmtInsertion(('triangle.cpp.xml', '_inter_block', 30), ('triangle.cpp.xml', 'decl_stmt', 0)) | ReturnDeletion(('triangle.cpp.xml', 'return', 2)) | ExprStmtDeletion(('triangle.cpp.xml', 'expr_stmt', 10)) | DeclStmtInsertion(('triangle.cpp.xml', '_inter_block', 30), ('triangle.cpp.xml', 'decl_stmt', 0)) | ReturnInsertion(('triangle.cpp.xml', '_inter_block', 31), ('triangle.cpp.xml', 'return', 3)) | DeclStmtInsertion(('triangle.cpp.xml', '_inter_block', 31), ('triangle.cpp.xml', 'decl_stmt', 0)) | ReturnInsertion(('triangle.cpp.xml', '_inter_block', 15), ('triangle.cpp.xml', 'return', 2))
2023-12-15 03:46:56,854	[INFO]	91      TEST_CODE_ERROR       None  [11 edit(s)]      
2023-12-15 03:46:56,857	[DEBUG]	IfReplacement(('triangle.cpp.xml', 'if', 0), ('triangle.cpp.xml', 'stmt', 0)) | ExprStmtInsertion(('triangle.cpp.xml', '_inter_block', 31), ('triangle.cpp.xml', 'expr_stmt', 5)) | DeclStmtInsertion(('triangle.cpp.xml', '_inter_block', 30), ('triangle.cpp.xml', 'decl_stmt', 0)) | DeclStmtInsertion(('triangle.cpp.xml', '_inter_block', 27), ('triangle.cpp.xml', 'decl_stmt', 0)) | DeclStmtInsertion(('triangle.cpp.xml', '_inter_block', 30), ('triangle.cpp.xml', 'decl_stmt', 0)) | ReturnDeletion(('triangle.cpp.xml', 'return', 2)) | ExprStmtDeletion(('triangle.cpp.xml', 'expr_stmt', 10)) | DeclStmtInsertion(('triangle.cpp.xml', '_inter_block', 30), ('triangle.cpp.xml', 'decl_stmt', 0)) | ReturnInsertion(('triangle.cpp.xml', '_inter_block', 31), ('triangle.cpp.xml', 'return', 3)) | DeclStmtInsertion(('triangle.cpp.xml', '_inter_block', 31), ('triangle.cpp.xml', 'decl_stmt', 0)) | DeclStmtInsertion(('triangle.cpp.xml', '_inter_block', 23), ('triangle.cpp.xml', 'decl_stmt', 0))
2023-12-15 03:46:56,858	[INFO]	92      SUCCESS               1203998 (99.98%) [11 edit(s)] 
2023-12-15 03:46:57,004	[DEBUG]	IfReplacement(('triangle.cpp.xml', 'if', 0), ('triangle.cpp.xml', 'stmt', 0)) | ExprStmtInsertion(('triangle.cpp.xml', '_inter_block', 31), ('triangle.cpp.xml', 'expr_stmt', 5)) | DeclStmtInsertion(('triangle.cpp.xml', '_inter_block', 30), ('triangle.cpp.xml', 'decl_stmt', 0)) | DeclStmtInsertion(('triangle.cpp.xml', '_inter_block', 27), ('triangle.cpp.xml', 'decl_stmt', 0)) | DeclStmtInsertion(('triangle.cpp.xml', '_inter_block', 30), ('triangle.cpp.xml', 'decl_stmt', 0)) | ReturnDeletion(('triangle.cpp.xml', 'return', 2)) | ExprStmtDeletion(('triangle.cpp.xml', 'expr_stmt', 10)) | DeclStmtInsertion(('triangle.cpp.xml', '_inter_block', 30), ('triangle.cpp.xml', 'decl_stmt', 0)) | ReturnInsertion(('triangle.cpp.xml', '_inter_block', 31), ('triangle.cpp.xml', 'return', 3)) | DeclStmtInsertion(('triangle.cpp.xml', '_inter_block', 31), ('triangle.cpp.xml', 'decl_stmt', 0)) | DeclStmtInsertion(('triangle.cpp.xml', '_inter_block', 27), ('triangle.cpp.xml', 'decl_stmt', 0))
2023-12-15 03:46:57,004	[INFO]	93      COMPILE_CODE_ERROR    None  [11 edit(s)]      
2023-12-15 03:46:57,952	[DEBUG]	EXEC>  SUCCESS 1204050
2023-12-15 03:46:57,953	[DEBUG]	IfReplacement(('triangle.cpp.xml', 'if', 0), ('triangle.cpp.xml', 'stmt', 0)) | ExprStmtInsertion(('triangle.cpp.xml', '_inter_block', 31), ('triangle.cpp.xml', 'expr_stmt', 5)) | DeclStmtInsertion(('triangle.cpp.xml', '_inter_block', 30), ('triangle.cpp.xml', 'decl_stmt', 0)) | DeclStmtInsertion(('triangle.cpp.xml', '_inter_block', 27), ('triangle.cpp.xml', 'decl_stmt', 0)) | DeclStmtInsertion(('triangle.cpp.xml', '_inter_block', 30), ('triangle.cpp.xml', 'decl_stmt', 0)) | ReturnDeletion(('triangle.cpp.xml', 'return', 2)) | ExprStmtDeletion(('triangle.cpp.xml', 'expr_stmt', 10)) | DeclStmtInsertion(('triangle.cpp.xml', '_inter_block', 30), ('triangle.cpp.xml', 'decl_stmt', 0)) | ReturnInsertion(('triangle.cpp.xml', '_inter_block', 31), ('triangle.cpp.xml', 'return', 3)) | DeclStmtInsertion(('triangle.cpp.xml', '_inter_block', 31), ('triangle.cpp.xml', 'decl_stmt', 0)) | DeclStmtInsertion(('triangle.cpp.xml', '_inter_block', 22), ('triangle.cpp.xml', 'decl_stmt', 0))
2023-12-15 03:46:57,953	[INFO]	94      SUCCESS               1204050 (99.98%) [11 edit(s)] 
2023-12-15 03:46:58,776	[DEBUG]	IfReplacement(('triangle.cpp.xml', 'if', 0), ('triangle.cpp.xml', 'stmt', 0)) | ExprStmtInsertion(('triangle.cpp.xml', '_inter_block', 31), ('triangle.cpp.xml', 'expr_stmt', 5)) | DeclStmtInsertion(('triangle.cpp.xml', '_inter_block', 30), ('triangle.cpp.xml', 'decl_stmt', 0)) | DeclStmtInsertion(('triangle.cpp.xml', '_inter_block', 27), ('triangle.cpp.xml', 'decl_stmt', 0)) | DeclStmtInsertion(('triangle.cpp.xml', '_inter_block', 30), ('triangle.cpp.xml', 'decl_stmt', 0)) | ReturnDeletion(('triangle.cpp.xml', 'return', 2)) | ExprStmtDeletion(('triangle.cpp.xml', 'expr_stmt', 10)) | DeclStmtInsertion(('triangle.cpp.xml', '_inter_block', 30), ('triangle.cpp.xml', 'decl_stmt', 0)) | ReturnInsertion(('triangle.cpp.xml', '_inter_block', 31), ('triangle.cpp.xml', 'return', 3)) | DeclStmtInsertion(('triangle.cpp.xml', '_inter_block', 31), ('triangle.cpp.xml', 'decl_stmt', 0)) | IfDeletion(('triangle.cpp.xml', 'if', 4))
2023-12-15 03:46:58,777	[INFO]	95      TEST_CODE_ERROR       None  [11 edit(s)]      
2023-12-15 03:46:59,610	[DEBUG]	IfReplacement(('triangle.cpp.xml', 'if', 0), ('triangle.cpp.xml', 'stmt', 0)) | ExprStmtInsertion(('triangle.cpp.xml', '_inter_block', 31), ('triangle.cpp.xml', 'expr_stmt', 5)) | DeclStmtInsertion(('triangle.cpp.xml', '_inter_block', 30), ('triangle.cpp.xml', 'decl_stmt', 0)) | DeclStmtInsertion(('triangle.cpp.xml', '_inter_block', 27), ('triangle.cpp.xml', 'decl_stmt', 0)) | DeclStmtInsertion(('triangle.cpp.xml', '_inter_block', 30), ('triangle.cpp.xml', 'decl_stmt', 0)) | ReturnDeletion(('triangle.cpp.xml', 'return', 2)) | ExprStmtDeletion(('triangle.cpp.xml', 'expr_stmt', 10)) | DeclStmtInsertion(('triangle.cpp.xml', '_inter_block', 30), ('triangle.cpp.xml', 'decl_stmt', 0)) | ReturnInsertion(('triangle.cpp.xml', '_inter_block', 31), ('triangle.cpp.xml', 'return', 3)) | DeclStmtInsertion(('triangle.cpp.xml', '_inter_block', 31), ('triangle.cpp.xml', 'decl_stmt', 0)) | DeclStmtInsertion(('triangle.cpp.xml', '_inter_block', 15), ('triangle.cpp.xml', 'decl_stmt', 1))
2023-12-15 03:46:59,611	[INFO]	96      TEST_CODE_ERROR       None  [11 edit(s)]      
2023-12-15 03:46:59,789	[DEBUG]	IfReplacement(('triangle.cpp.xml', 'if', 0), ('triangle.cpp.xml', 'stmt', 0)) | ExprStmtInsertion(('triangle.cpp.xml', '_inter_block', 31), ('triangle.cpp.xml', 'expr_stmt', 5)) | DeclStmtInsertion(('triangle.cpp.xml', '_inter_block', 30), ('triangle.cpp.xml', 'decl_stmt', 0)) | DeclStmtInsertion(('triangle.cpp.xml', '_inter_block', 27), ('triangle.cpp.xml', 'decl_stmt', 0)) | DeclStmtInsertion(('triangle.cpp.xml', '_inter_block', 30), ('triangle.cpp.xml', 'decl_stmt', 0)) | ReturnDeletion(('triangle.cpp.xml', 'return', 2)) | ExprStmtDeletion(('triangle.cpp.xml', 'expr_stmt', 10)) | DeclStmtInsertion(('triangle.cpp.xml', '_inter_block', 30), ('triangle.cpp.xml', 'decl_stmt', 0)) | ReturnInsertion(('triangle.cpp.xml', '_inter_block', 31), ('triangle.cpp.xml', 'return', 3)) | DeclStmtInsertion(('triangle.cpp.xml', '_inter_block', 31), ('triangle.cpp.xml', 'decl_stmt', 0)) | DeclStmtInsertion(('triangle.cpp.xml', '_inter_block', 10), ('triangle.cpp.xml', 'decl_stmt', 1))
2023-12-15 03:46:59,789	[INFO]	97      COMPILE_CODE_ERROR    None  [11 edit(s)]      
2023-12-15 03:47:00,744	[DEBUG]	EXEC>  SUCCESS 1204026
2023-12-15 03:47:00,744	[DEBUG]	IfReplacement(('triangle.cpp.xml', 'if', 0), ('triangle.cpp.xml', 'stmt', 0)) | ExprStmtInsertion(('triangle.cpp.xml', '_inter_block', 31), ('triangle.cpp.xml', 'expr_stmt', 5)) | DeclStmtInsertion(('triangle.cpp.xml', '_inter_block', 30), ('triangle.cpp.xml', 'decl_stmt', 0)) | DeclStmtInsertion(('triangle.cpp.xml', '_inter_block', 27), ('triangle.cpp.xml', 'decl_stmt', 0)) | DeclStmtInsertion(('triangle.cpp.xml', '_inter_block', 30), ('triangle.cpp.xml', 'decl_stmt', 0)) | ReturnDeletion(('triangle.cpp.xml', 'return', 2)) | ExprStmtDeletion(('triangle.cpp.xml', 'expr_stmt', 10)) | DeclStmtInsertion(('triangle.cpp.xml', '_inter_block', 30), ('triangle.cpp.xml', 'decl_stmt', 0)) | ReturnInsertion(('triangle.cpp.xml', '_inter_block', 31), ('triangle.cpp.xml', 'return', 3)) | DeclStmtInsertion(('triangle.cpp.xml', '_inter_block', 31), ('triangle.cpp.xml', 'decl_stmt', 0)) | DeclStmtInsertion(('triangle.cpp.xml', '_inter_block', 19), ('triangle.cpp.xml', 'decl_stmt', 0))
2023-12-15 03:47:00,744	[INFO]	98      SUCCESS               1204026 (99.98%) [11 edit(s)] 
2023-12-15 03:47:00,747	[DEBUG]	IfReplacement(('triangle.cpp.xml', 'if', 0), ('triangle.cpp.xml', 'stmt', 0)) | ExprStmtInsertion(('triangle.cpp.xml', '_inter_block', 31), ('triangle.cpp.xml', 'expr_stmt', 5)) | DeclStmtInsertion(('triangle.cpp.xml', '_inter_block', 30), ('triangle.cpp.xml', 'decl_stmt', 0)) | DeclStmtInsertion(('triangle.cpp.xml', '_inter_block', 27), ('triangle.cpp.xml', 'decl_stmt', 0)) | DeclStmtInsertion(('triangle.cpp.xml', '_inter_block', 30), ('triangle.cpp.xml', 'decl_stmt', 0)) | ReturnDeletion(('triangle.cpp.xml', 'return', 2)) | ExprStmtDeletion(('triangle.cpp.xml', 'expr_stmt', 10)) | DeclStmtInsertion(('triangle.cpp.xml', '_inter_block', 30), ('triangle.cpp.xml', 'decl_stmt', 0)) | ReturnInsertion(('triangle.cpp.xml', '_inter_block', 31), ('triangle.cpp.xml', 'return', 3)) | DeclStmtInsertion(('triangle.cpp.xml', '_inter_block', 31), ('triangle.cpp.xml', 'decl_stmt', 0)) | DeclStmtInsertion(('triangle.cpp.xml', '_inter_block', 23), ('triangle.cpp.xml', 'decl_stmt', 1))
2023-12-15 03:47:00,748	[INFO]	99      SUCCESS               1203997 (99.98%) [11 edit(s)] 
2023-12-15 03:47:00,750	[DEBUG]	IfReplacement(('triangle.cpp.xml', 'if', 0), ('triangle.cpp.xml', 'stmt', 0)) | ExprStmtInsertion(('triangle.cpp.xml', '_inter_block', 31), ('triangle.cpp.xml', 'expr_stmt', 5)) | DeclStmtInsertion(('triangle.cpp.xml', '_inter_block', 30), ('triangle.cpp.xml', 'decl_stmt', 0)) | DeclStmtInsertion(('triangle.cpp.xml', '_inter_block', 27), ('triangle.cpp.xml', 'decl_stmt', 0)) | DeclStmtInsertion(('triangle.cpp.xml', '_inter_block', 30), ('triangle.cpp.xml', 'decl_stmt', 0)) | ReturnDeletion(('triangle.cpp.xml', 'return', 2)) | ExprStmtDeletion(('triangle.cpp.xml', 'expr_stmt', 10)) | DeclStmtInsertion(('triangle.cpp.xml', '_inter_block', 30), ('triangle.cpp.xml', 'decl_stmt', 0)) | ReturnInsertion(('triangle.cpp.xml', '_inter_block', 31), ('triangle.cpp.xml', 'return', 3)) | DeclStmtInsertion(('triangle.cpp.xml', '_inter_block', 31), ('triangle.cpp.xml', 'decl_stmt', 0)) | DeclStmtInsertion(('triangle.cpp.xml', '_inter_block', 28), ('triangle.cpp.xml', 'decl_stmt', 1))
2023-12-15 03:47:00,750	[INFO]	100     SUCCESS               1203997 (99.98%) [11 edit(s)] 
2023-12-15 03:47:00,751	[INFO]	==== END ====
2023-12-15 03:47:00,751	[INFO]	
2023-12-15 03:47:00,751	[INFO]	==== REPORT ====
2023-12-15 03:47:00,751	[INFO]	Termination: step budget
2023-12-15 03:47:00,752	[INFO]	Log file: /cs/student/ug/2020/damibose/projects/magpie/_magpie_logs/triangle-cpp_slow_1702611966.log
2023-12-15 03:47:00,753	[INFO]	Patch file: _magpie_logs/triangle-cpp_slow_1702611966.patch
2023-12-15 03:47:00,753	[INFO]	Diff file: _magpie_logs/triangle-cpp_slow_1702611966.diff
2023-12-15 03:47:00,753	[INFO]	Best fitness: 1203995
2023-12-15 03:47:00,753	[INFO]	Best patch: IfReplacement(('triangle.cpp.xml', 'if', 0), ('triangle.cpp.xml', 'stmt', 0))
2023-12-15 03:47:00,753	[INFO]	Diff:
--- before: triangle.cpp
+++ after: triangle.cpp
@@ -11,11 +11,7 @@
   delay();
 
   // Sort the sides so that a <= b <= c
-  if(a > b) {
-    tmp = a;
-    a = b;
-    b = tmp;
-  }
+  const struct timespec ms = {0, (long int) (0.001*1e9)};
 
   if(a > c) {
     tmp = a;

