2023-12-15 13:07:18,888	[DEBUG]	==== CONFIG ====
[magpie]
import = 
seed = 7
log_dir = _magpie_logs
work_dir = _magpie_work
final_out_dir = experiments/results_e_greedy_proof_of_concept/baseline/BestImprovementNoTabu/trial_7
local_original_copy = True
local_original_name = __original__
output_encoding = ascii
edit_retries = 10
default_timeout = 30
default_lengthout = 10000.0
diff_method = unified
trust_local_filesystem = True

[software]
path = examples/code/triangle-cpp_slow
target_files = 
	triangle.cpp.xml
program = BasicProgram
engine_rules = 
	*.params : ConfigFileParamsEngine
	*.xml : SrcmlEngine
	* : LineEngine
engine_config = 
	*.params : [params]
	*.xml : [srcml]
init_cmd = 
init_timeout = 60
init_lengthout = -1
setup_cmd = ./setup.sh
setup_timeout = 
setup_lengthout = 
compile_cmd = ./compile.sh
compile_timeout = 
compile_lengthout = 
test_cmd = ./build/test_triangle
test_timeout = 
test_lengthout = 
run_cmd = perf stat ./build/run_triangle
run_timeout = 1
run_lengthout = 
batch_timeout = 
batch_lengthout = 
batch_bin_fitness_strategy = aggregate
batch_fitness_strategy = sum
fitness = perf_instructions

[srcml]
rename = 
focus = block break continue decl_stmt do expr_stmt for goto if return switch while
internodes = block
process_pseudo_blocks = True
process_literals = False
process_operators = False

[params]
timing = test run
cli_prefix = --
cli_glue = =
cli_boolean = show
cli_boolean_prefix_true = 
cli_boolean_prefix_false = no-
silent_prefix = @
silent_suffix = $

[search]
protocol = BasicProtocol
algorithm = BestImprovementNoTabu
possible_edits = 
	DeclStmtReplacement
	ExprStmtReplacement
	IfReplacement
	ReturnReplacement
	DeclStmtInsertion
	ExprStmtInsertion
	IfInsertion
	ReturnInsertion
	DeclStmtDeletion
	ExprStmtDeletion
	IfDeletion
	ReturnDeletion
warmup = 5
warmup_strategy = last
max_steps = 100
max_time = 60
target_fitness = 
cache_maxsize = 40
cache_keep = 0.2
batch_instances = 
batch_shuffle = True
batch_bin_shuffle = False
batch_sample_size = 1
operator_selector = UniformSelector

[search.ls]
delete_prob = 0
max_neighbours = 20
when_trapped = continue
accept_fail = False
tabu_length = 10

[search.gp]
pop_size = 10
delete_prob = 0.5
offspring_elitism = 0.1
offspring_crossover = 0.5
offspring_mutation = 0.4
uniform_rate = 0.5
batch_reset = True

[search.minify]
do_cleanup = True
do_rebuild = True
do_simplify = True
round_robin_limit = 3


2023-12-15 13:07:18,893	[INFO]	==== WARMUP ====
2023-12-15 13:07:21,378	[DEBUG]	EXEC>  SUCCESS 1205551
2023-12-15 13:07:21,378	[INFO]	WARM    SUCCESS               1205551                 
2023-12-15 13:07:22,340	[DEBUG]	EXEC>  SUCCESS 1236383
2023-12-15 13:07:22,341	[INFO]	WARM    SUCCESS               1236383                 
2023-12-15 13:07:23,357	[DEBUG]	EXEC>  SUCCESS 1205550
2023-12-15 13:07:23,357	[INFO]	WARM    SUCCESS               1205550                 
2023-12-15 13:07:24,331	[DEBUG]	EXEC>  SUCCESS 1205550
2023-12-15 13:07:24,331	[INFO]	WARM    SUCCESS               1205550                 
2023-12-15 13:07:25,343	[DEBUG]	EXEC>  SUCCESS 1205551
2023-12-15 13:07:25,344	[INFO]	WARM    SUCCESS               1205551                 
2023-12-15 13:07:25,345	[INFO]	INITIAL SUCCESS               1205551                 
2023-12-15 13:07:25,345	[INFO]	==== START: BestImprovementNoTabu ====
2023-12-15 13:07:26,278	[DEBUG]	EXEC>  SUCCESS 1205623
2023-12-15 13:07:26,279	[DEBUG]	IfInsertion(('triangle.cpp.xml', '_inter_block', 4), ('triangle.cpp.xml', 'if', 4))
2023-12-15 13:07:26,280	[INFO]	1       SUCCESS               1205623 (100.01%) [1 edit(s)] 
2023-12-15 13:07:27,287	[DEBUG]	EXEC>  SUCCESS 1205550
2023-12-15 13:07:27,287	[DEBUG]	DeclStmtInsertion(('triangle.cpp.xml', '_inter_block', 21), ('triangle.cpp.xml', 'decl_stmt', 1))
2023-12-15 13:07:27,288	[INFO]	2       SUCCESS              *1205550 (100.0%) [1 edit(s)] 
2023-12-15 13:07:27,289	[DEBUG]	--- before: triangle.cpp
+++ after: triangle.cpp
@@ -21,6 +21,7 @@
     tmp = a;
     a = c;
     c = tmp;
+    double tmp;
   }
 
   if(b > c) {

2023-12-15 13:07:28,082	[DEBUG]	ExprStmtReplacement(('triangle.cpp.xml', 'expr_stmt', 10), ('triangle.cpp.xml', 'stmt', 21))
2023-12-15 13:07:28,082	[INFO]	3       TEST_CODE_ERROR       None  [1 edit(s)]       
2023-12-15 13:07:28,872	[DEBUG]	ExprStmtReplacement(('triangle.cpp.xml', 'expr_stmt', 7), ('triangle.cpp.xml', 'stmt', 4))
2023-12-15 13:07:28,872	[INFO]	4       TEST_CODE_ERROR       None  [1 edit(s)]       
2023-12-15 13:07:29,006	[DEBUG]	DeclStmtDeletion(('triangle.cpp.xml', 'decl_stmt', 0))
2023-12-15 13:07:29,006	[INFO]	5       COMPILE_CODE_ERROR    None  [1 edit(s)]       
2023-12-15 13:07:29,755	[DEBUG]	ReturnDeletion(('triangle.cpp.xml', 'return', 3))
2023-12-15 13:07:29,756	[INFO]	6       TEST_CODE_ERROR       None  [1 edit(s)]       
2023-12-15 13:07:30,554	[DEBUG]	ReturnReplacement(('triangle.cpp.xml', 'return', 0), ('triangle.cpp.xml', 'stmt', 7))
2023-12-15 13:07:30,554	[INFO]	7       TEST_CODE_ERROR       None  [1 edit(s)]       
2023-12-15 13:07:31,522	[DEBUG]	EXEC>  SUCCESS 1205575
2023-12-15 13:07:31,523	[DEBUG]	DeclStmtInsertion(('triangle.cpp.xml', '_inter_block', 30), ('triangle.cpp.xml', 'decl_stmt', 0))
2023-12-15 13:07:31,524	[INFO]	8       SUCCESS               1205575 (100.0%) [1 edit(s)] 
2023-12-15 13:07:32,315	[DEBUG]	ReturnInsertion(('triangle.cpp.xml', '_inter_block', 6), ('triangle.cpp.xml', 'return', 2))
2023-12-15 13:07:32,315	[INFO]	9       TEST_CODE_ERROR       None  [1 edit(s)]       
2023-12-15 13:07:33,085	[DEBUG]	ExprStmtDeletion(('triangle.cpp.xml', 'expr_stmt', 2))
2023-12-15 13:07:33,085	[INFO]	10      TEST_CODE_ERROR       None  [1 edit(s)]       
2023-12-15 13:07:33,242	[DEBUG]	DeclStmtDeletion(('triangle.cpp.xml', 'decl_stmt', 1))
2023-12-15 13:07:33,243	[INFO]	11      COMPILE_CODE_ERROR    None  [1 edit(s)]       
2023-12-15 13:07:33,368	[DEBUG]	DeclStmtDeletion(('triangle.cpp.xml', 'decl_stmt', 1))
2023-12-15 13:07:33,369	[INFO]	12      COMPILE_CODE_ERROR    None  [1 edit(s)]       
2023-12-15 13:07:34,083	[DEBUG]	ExprStmtInsertion(('triangle.cpp.xml', '_inter_block', 24), ('triangle.cpp.xml', 'expr_stmt', 3))
2023-12-15 13:07:34,084	[INFO]	13      TEST_CODE_ERROR       None  [1 edit(s)]       
2023-12-15 13:07:34,870	[DEBUG]	ExprStmtReplacement(('triangle.cpp.xml', 'expr_stmt', 5), ('triangle.cpp.xml', 'stmt', 10))
2023-12-15 13:07:34,870	[INFO]	14      TEST_CODE_ERROR       None  [1 edit(s)]       
2023-12-15 13:07:35,855	[DEBUG]	EXEC>  SUCCESS 1205550
2023-12-15 13:07:35,855	[DEBUG]	ReturnInsertion(('triangle.cpp.xml', '_inter_block', 13), ('triangle.cpp.xml', 'return', 2))
2023-12-15 13:07:35,856	[INFO]	15      SUCCESS               1205550 (100.0%) [1 edit(s)] 
2023-12-15 13:07:36,004	[DEBUG]	DeclStmtDeletion(('triangle.cpp.xml', 'decl_stmt', 1))
2023-12-15 13:07:36,004	[INFO]	16      COMPILE_CODE_ERROR    None  [1 edit(s)]       
2023-12-15 13:07:36,966	[DEBUG]	EXEC>  SUCCESS 1205700
2023-12-15 13:07:36,967	[DEBUG]	IfInsertion(('triangle.cpp.xml', '_inter_block', 24), ('triangle.cpp.xml', 'if', 3))
2023-12-15 13:07:36,968	[INFO]	17      SUCCESS               1205700 (100.01%) [1 edit(s)] 
2023-12-15 13:07:37,805	[DEBUG]	ExprStmtReplacement(('triangle.cpp.xml', 'expr_stmt', 10), ('triangle.cpp.xml', 'stmt', 3))
2023-12-15 13:07:37,805	[INFO]	18      TEST_CODE_ERROR       None  [1 edit(s)]       
2023-12-15 13:07:38,612	[DEBUG]	ExprStmtReplacement(('triangle.cpp.xml', 'expr_stmt', 3), ('triangle.cpp.xml', 'stmt', 21))
2023-12-15 13:07:38,612	[INFO]	19      TEST_CODE_ERROR       None  [1 edit(s)]       
2023-12-15 13:07:39,408	[DEBUG]	ReturnDeletion(('triangle.cpp.xml', 'return', 3))
2023-12-15 13:07:39,408	[INFO]	20      TEST_CODE_ERROR       None  [1 edit(s)]       
2023-12-15 13:07:40,452	[DEBUG]	EXEC>  SUCCESS 1205180
2023-12-15 13:07:40,452	[DEBUG]	IfDeletion(('triangle.cpp.xml', 'if', 0))
2023-12-15 13:07:40,453	[INFO]	21      SUCCESS              *1205180 (99.97%) [1 edit(s)] 
2023-12-15 13:07:40,454	[DEBUG]	--- before: triangle.cpp
+++ after: triangle.cpp
@@ -11,11 +11,7 @@
   delay();
 
   // Sort the sides so that a <= b <= c
-  if(a > b) {
-    tmp = a;
-    a = b;
-    b = tmp;
-  }
+  
 
   if(a > c) {
     tmp = a;

2023-12-15 13:07:41,239	[DEBUG]	IfDeletion(('triangle.cpp.xml', 'if', 0)) | IfInsertion(('triangle.cpp.xml', '_inter_block', 19), ('triangle.cpp.xml', 'if', 2))
2023-12-15 13:07:41,240	[INFO]	22      TEST_CODE_ERROR       None  [2 edit(s)]       
2023-12-15 13:07:41,241	[DEBUG]	IfDeletion(('triangle.cpp.xml', 'if', 0)) | ExprStmtDeletion(('triangle.cpp.xml', 'expr_stmt', 2))
2023-12-15 13:07:41,241	[INFO]	23      SUCCESS               1205180 (99.97%) [2 edit(s)] 
2023-12-15 13:07:41,242	[DEBUG]	IfDeletion(('triangle.cpp.xml', 'if', 0)) | DeclStmtInsertion(('triangle.cpp.xml', '_inter_block', 14), ('triangle.cpp.xml', 'decl_stmt', 1))
2023-12-15 13:07:41,242	[INFO]	24      SUCCESS               1205180 (99.97%) [2 edit(s)] 
2023-12-15 13:07:42,037	[DEBUG]	IfDeletion(('triangle.cpp.xml', 'if', 0)) | IfReplacement(('triangle.cpp.xml', 'if', 0), ('triangle.cpp.xml', 'stmt', 9))
2023-12-15 13:07:42,037	[INFO]	25      TEST_CODE_ERROR       None  [2 edit(s)]       
2023-12-15 13:07:42,774	[DEBUG]	IfDeletion(('triangle.cpp.xml', 'if', 0)) | ExprStmtInsertion(('triangle.cpp.xml', '_inter_block', 22), ('triangle.cpp.xml', 'expr_stmt', 9))
2023-12-15 13:07:42,774	[INFO]	26      TEST_CODE_ERROR       None  [2 edit(s)]       
2023-12-15 13:07:42,927	[DEBUG]	IfDeletion(('triangle.cpp.xml', 'if', 0)) | DeclStmtReplacement(('triangle.cpp.xml', 'decl_stmt', 1), ('triangle.cpp.xml', 'stmt', 20))
2023-12-15 13:07:42,927	[INFO]	27      COMPILE_CODE_ERROR    None  [2 edit(s)]       
2023-12-15 13:07:43,854	[DEBUG]	EXEC>  SUCCESS 1205181
2023-12-15 13:07:43,855	[DEBUG]	IfDeletion(('triangle.cpp.xml', 'if', 0)) | DeclStmtInsertion(('triangle.cpp.xml', '_inter_block', 31), ('triangle.cpp.xml', 'decl_stmt', 1))
2023-12-15 13:07:43,855	[INFO]	28      SUCCESS               1205181 (99.97%) [2 edit(s)] 
2023-12-15 13:07:44,809	[DEBUG]	EXEC>  SUCCESS 1205289
2023-12-15 13:07:44,810	[DEBUG]	IfDeletion(('triangle.cpp.xml', 'if', 0)) | IfReplacement(('triangle.cpp.xml', 'if', 1), ('triangle.cpp.xml', 'stmt', 13))
2023-12-15 13:07:44,810	[INFO]	29      SUCCESS               1205289 (99.98%) [2 edit(s)] 
2023-12-15 13:07:44,947	[DEBUG]	IfDeletion(('triangle.cpp.xml', 'if', 0)) | DeclStmtDeletion(('triangle.cpp.xml', 'decl_stmt', 0))
2023-12-15 13:07:44,947	[INFO]	30      COMPILE_CODE_ERROR    None  [2 edit(s)]       
2023-12-15 13:07:45,713	[DEBUG]	IfDeletion(('triangle.cpp.xml', 'if', 0)) | IfReplacement(('triangle.cpp.xml', 'if', 4), ('triangle.cpp.xml', 'stmt', 9))
2023-12-15 13:07:45,713	[INFO]	31      TEST_CODE_ERROR       None  [2 edit(s)]       
2023-12-15 13:07:46,463	[DEBUG]	IfDeletion(('triangle.cpp.xml', 'if', 0)) | IfReplacement(('triangle.cpp.xml', 'if', 2), ('triangle.cpp.xml', 'stmt', 8))
2023-12-15 13:07:46,463	[INFO]	32      TEST_CODE_ERROR       None  [2 edit(s)]       
2023-12-15 13:07:46,465	[DEBUG]	IfDeletion(('triangle.cpp.xml', 'if', 0)) | IfDeletion(('triangle.cpp.xml', 'if', 0))
2023-12-15 13:07:46,465	[INFO]	33      SUCCESS               1205180 (99.97%) [2 edit(s)] 
2023-12-15 13:07:46,615	[DEBUG]	IfDeletion(('triangle.cpp.xml', 'if', 0)) | IfReplacement(('triangle.cpp.xml', 'if', 0), ('triangle.cpp.xml', 'stmt', 1))
2023-12-15 13:07:46,615	[INFO]	34      COMPILE_CODE_ERROR    None  [2 edit(s)]       
2023-12-15 13:07:46,617	[DEBUG]	IfDeletion(('triangle.cpp.xml', 'if', 0)) | ExprStmtReplacement(('triangle.cpp.xml', 'expr_stmt', 4), ('triangle.cpp.xml', 'stmt', 4))
2023-12-15 13:07:46,617	[INFO]	35      SUCCESS               1205180 (99.97%) [2 edit(s)] 
2023-12-15 13:07:47,358	[DEBUG]	IfDeletion(('triangle.cpp.xml', 'if', 0)) | IfReplacement(('triangle.cpp.xml', 'if', 3), ('triangle.cpp.xml', 'stmt', 20))
2023-12-15 13:07:47,358	[INFO]	36      TEST_CODE_ERROR       None  [2 edit(s)]       
2023-12-15 13:07:47,360	[DEBUG]	IfDeletion(('triangle.cpp.xml', 'if', 0)) | ExprStmtReplacement(('triangle.cpp.xml', 'expr_stmt', 4), ('triangle.cpp.xml', 'stmt', 18))
2023-12-15 13:07:47,360	[INFO]	37      SUCCESS               1205180 (99.97%) [2 edit(s)] 
2023-12-15 13:07:48,181	[DEBUG]	IfDeletion(('triangle.cpp.xml', 'if', 0)) | ExprStmtReplacement(('triangle.cpp.xml', 'expr_stmt', 6), ('triangle.cpp.xml', 'stmt', 0))
2023-12-15 13:07:48,182	[INFO]	38      TEST_CODE_ERROR       None  [2 edit(s)]       
2023-12-15 13:07:48,183	[DEBUG]	IfDeletion(('triangle.cpp.xml', 'if', 0)) | ExprStmtDeletion(('triangle.cpp.xml', 'expr_stmt', 2))
2023-12-15 13:07:48,183	[INFO]	39      SUCCESS               1205180 (99.97%) [2 edit(s)] 
2023-12-15 13:07:49,002	[DEBUG]	IfDeletion(('triangle.cpp.xml', 'if', 0)) | IfReplacement(('triangle.cpp.xml', 'if', 2), ('triangle.cpp.xml', 'stmt', 6))
2023-12-15 13:07:49,002	[INFO]	40      TEST_CODE_ERROR       None  [2 edit(s)]       
2023-12-15 13:07:50,058	[DEBUG]	EXEC>  SUCCESS 1205212
2023-12-15 13:07:50,059	[DEBUG]	IfDeletion(('triangle.cpp.xml', 'if', 0)) | ExprStmtInsertion(('triangle.cpp.xml', '_inter_block', 22), ('triangle.cpp.xml', 'expr_stmt', 5))
2023-12-15 13:07:50,059	[INFO]	41      SUCCESS               1205212 (99.97%) [2 edit(s)] 
2023-12-15 13:07:50,995	[DEBUG]	EXEC>  SUCCESS 1275600
2023-12-15 13:07:50,996	[DEBUG]	IfDeletion(('triangle.cpp.xml', 'if', 0)) | IfInsertion(('triangle.cpp.xml', '_inter_block', 31), ('triangle.cpp.xml', 'if', 0))
2023-12-15 13:07:50,996	[INFO]	42      SUCCESS              +1275600 (105.81%) [2 edit(s)] 
2023-12-15 13:07:50,998	[DEBUG]	--- before: triangle.cpp
+++ after: triangle.cpp
@@ -11,11 +11,7 @@
   delay();
 
   // Sort the sides so that a <= b <= c
-  if(a > b) {
-    tmp = a;
-    a = b;
-    b = tmp;
-  }
+  
 
   if(a > c) {
     tmp = a;
@@ -40,6 +36,11 @@
   if(a == b || b == c)
     /*auto*/{
       return ISOSCELES;
+      if(a > b) {
+        tmp = a;
+        a = b;
+        b = tmp;
+      }
     }/*auto*/
   return SCALENE;
 }

2023-12-15 13:07:51,000	[DEBUG]	IfDeletion(('triangle.cpp.xml', 'if', 0)) | ExprStmtDeletion(('triangle.cpp.xml', 'expr_stmt', 2)) | ReturnReplacement(('triangle.cpp.xml', 'return', 0), ('triangle.cpp.xml', 'stmt', 19))
2023-12-15 13:07:51,000	[INFO]	43      SUCCESS               1205180 (99.97%) [3 edit(s)] 
2023-12-15 13:07:51,001	[DEBUG]	IfDeletion(('triangle.cpp.xml', 'if', 0)) | ExprStmtDeletion(('triangle.cpp.xml', 'expr_stmt', 2)) | ExprStmtDeletion(('triangle.cpp.xml', 'expr_stmt', 3))
2023-12-15 13:07:51,001	[INFO]	44      SUCCESS               1205180 (99.97%) [3 edit(s)] 
2023-12-15 13:07:51,964	[DEBUG]	EXEC>  SUCCESS 1205307
2023-12-15 13:07:51,964	[DEBUG]	IfDeletion(('triangle.cpp.xml', 'if', 0)) | ExprStmtDeletion(('triangle.cpp.xml', 'expr_stmt', 2)) | DeclStmtInsertion(('triangle.cpp.xml', '_inter_block', 5), ('triangle.cpp.xml', 'decl_stmt', 0))
2023-12-15 13:07:51,964	[INFO]	45      SUCCESS               1205307 (99.98%) [3 edit(s)] 
2023-12-15 13:07:52,944	[DEBUG]	EXEC>  SUCCESS 1320425
2023-12-15 13:07:52,945	[DEBUG]	IfDeletion(('triangle.cpp.xml', 'if', 0)) | ExprStmtDeletion(('triangle.cpp.xml', 'expr_stmt', 2)) | IfInsertion(('triangle.cpp.xml', '_inter_block', 25), ('triangle.cpp.xml', 'if', 2))
2023-12-15 13:07:52,945	[INFO]	46      SUCCESS               1320425 (109.53%) [3 edit(s)] 
2023-12-15 13:07:53,073	[DEBUG]	IfDeletion(('triangle.cpp.xml', 'if', 0)) | ExprStmtDeletion(('triangle.cpp.xml', 'expr_stmt', 2)) | DeclStmtInsertion(('triangle.cpp.xml', '_inter_block', 13), ('triangle.cpp.xml', 'decl_stmt', 1))
2023-12-15 13:07:53,073	[INFO]	47      COMPILE_CODE_ERROR    None  [3 edit(s)]       
2023-12-15 13:07:53,842	[DEBUG]	IfDeletion(('triangle.cpp.xml', 'if', 0)) | ExprStmtDeletion(('triangle.cpp.xml', 'expr_stmt', 2)) | ExprStmtDeletion(('triangle.cpp.xml', 'expr_stmt', 6))
2023-12-15 13:07:53,842	[INFO]	48      TEST_CODE_ERROR       None  [3 edit(s)]       
2023-12-15 13:07:54,656	[DEBUG]	IfDeletion(('triangle.cpp.xml', 'if', 0)) | ExprStmtDeletion(('triangle.cpp.xml', 'expr_stmt', 2)) | IfDeletion(('triangle.cpp.xml', 'if', 4))
2023-12-15 13:07:54,656	[INFO]	49      TEST_CODE_ERROR       None  [3 edit(s)]       
2023-12-15 13:07:54,815	[DEBUG]	IfDeletion(('triangle.cpp.xml', 'if', 0)) | ExprStmtDeletion(('triangle.cpp.xml', 'expr_stmt', 2)) | DeclStmtReplacement(('triangle.cpp.xml', 'decl_stmt', 0), ('triangle.cpp.xml', 'stmt', 4))
2023-12-15 13:07:54,816	[INFO]	50      COMPILE_CODE_ERROR    None  [3 edit(s)]       
2023-12-15 13:07:55,560	[DEBUG]	IfDeletion(('triangle.cpp.xml', 'if', 0)) | ExprStmtDeletion(('triangle.cpp.xml', 'expr_stmt', 2)) | ExprStmtReplacement(('triangle.cpp.xml', 'expr_stmt', 9), ('triangle.cpp.xml', 'stmt', 21))
2023-12-15 13:07:55,561	[INFO]	51      TEST_CODE_ERROR       None  [3 edit(s)]       
2023-12-15 13:07:56,332	[DEBUG]	IfDeletion(('triangle.cpp.xml', 'if', 0)) | ExprStmtDeletion(('triangle.cpp.xml', 'expr_stmt', 2)) | ReturnDeletion(('triangle.cpp.xml', 'return', 1))
2023-12-15 13:07:56,333	[INFO]	52      TEST_CODE_ERROR       None  [3 edit(s)]       
2023-12-15 13:07:57,102	[DEBUG]	IfDeletion(('triangle.cpp.xml', 'if', 0)) | ExprStmtDeletion(('triangle.cpp.xml', 'expr_stmt', 2)) | ReturnDeletion(('triangle.cpp.xml', 'return', 3))
2023-12-15 13:07:57,102	[INFO]	53      TEST_CODE_ERROR       None  [3 edit(s)]       
2023-12-15 13:07:57,931	[DEBUG]	EXEC>  SUCCESS 1203276
2023-12-15 13:07:57,931	[DEBUG]	IfDeletion(('triangle.cpp.xml', 'if', 0)) | ExprStmtDeletion(('triangle.cpp.xml', 'expr_stmt', 2)) | ExprStmtDeletion(('triangle.cpp.xml', 'expr_stmt', 0))
2023-12-15 13:07:57,932	[INFO]	54      SUCCESS              *1203276 (99.81%) [3 edit(s)] 
2023-12-15 13:07:57,933	[DEBUG]	--- before: triangle.cpp
+++ after: triangle.cpp
@@ -2,7 +2,7 @@
 
 void delay() {
   const struct timespec ms = {0, (long int) (0.001*1e9)}; //tv_sec=0, tv_nsec (0.001 seconds)
-  nanosleep(&ms,NULL); /*ignores possible errors*/
+   /*ignores possible errors*/
 }
 
 int classify_triangle(double a, double b, double c) {
@@ -11,11 +11,7 @@
   delay();
 
   // Sort the sides so that a <= b <= c
-  if(a > b) {
-    tmp = a;
-    a = b;
-    b = tmp;
-  }
+  
 
   if(a > c) {
     tmp = a;

2023-12-15 13:07:58,921	[DEBUG]	EXEC>  SUCCESS 1205290
2023-12-15 13:07:58,921	[DEBUG]	IfDeletion(('triangle.cpp.xml', 'if', 0)) | ExprStmtDeletion(('triangle.cpp.xml', 'expr_stmt', 2)) | IfInsertion(('triangle.cpp.xml', '_inter_block', 25), ('triangle.cpp.xml', 'if', 4))
2023-12-15 13:07:58,922	[INFO]	55      SUCCESS               1205290 (99.98%) [3 edit(s)] 
2023-12-15 13:07:59,056	[DEBUG]	IfDeletion(('triangle.cpp.xml', 'if', 0)) | ExprStmtDeletion(('triangle.cpp.xml', 'expr_stmt', 2)) | ReturnReplacement(('triangle.cpp.xml', 'return', 3), ('triangle.cpp.xml', 'stmt', 2))
2023-12-15 13:07:59,057	[INFO]	56      COMPILE_CODE_ERROR    None  [3 edit(s)]       
2023-12-15 13:07:59,778	[DEBUG]	IfDeletion(('triangle.cpp.xml', 'if', 0)) | ExprStmtDeletion(('triangle.cpp.xml', 'expr_stmt', 2)) | ReturnDeletion(('triangle.cpp.xml', 'return', 2))
2023-12-15 13:07:59,778	[INFO]	57      TEST_CODE_ERROR       None  [3 edit(s)]       
2023-12-15 13:07:59,780	[DEBUG]	IfDeletion(('triangle.cpp.xml', 'if', 0)) | ExprStmtDeletion(('triangle.cpp.xml', 'expr_stmt', 2)) | IfReplacement(('triangle.cpp.xml', 'if', 3), ('triangle.cpp.xml', 'stmt', 16))
2023-12-15 13:07:59,780	[INFO]	58      SUCCESS               1205180 (99.97%) [3 edit(s)] 
2023-12-15 13:08:00,585	[DEBUG]	IfDeletion(('triangle.cpp.xml', 'if', 0)) | ExprStmtDeletion(('triangle.cpp.xml', 'expr_stmt', 2)) | ReturnDeletion(('triangle.cpp.xml', 'return', 2))
2023-12-15 13:08:00,585	[INFO]	59      TEST_CODE_ERROR       None  [3 edit(s)]       
2023-12-15 13:08:01,550	[DEBUG]	EXEC>  SUCCESS 1606994
2023-12-15 13:08:01,550	[DEBUG]	IfDeletion(('triangle.cpp.xml', 'if', 0)) | ExprStmtDeletion(('triangle.cpp.xml', 'expr_stmt', 2)) | IfInsertion(('triangle.cpp.xml', '_inter_block', 9), ('triangle.cpp.xml', 'if', 2))
2023-12-15 13:08:01,551	[INFO]	60      SUCCESS               1606994 (133.3%) [3 edit(s)] 
2023-12-15 13:08:01,714	[DEBUG]	IfDeletion(('triangle.cpp.xml', 'if', 0)) | ExprStmtDeletion(('triangle.cpp.xml', 'expr_stmt', 2)) | DeclStmtDeletion(('triangle.cpp.xml', 'decl_stmt', 1))
2023-12-15 13:08:01,714	[INFO]	61      COMPILE_CODE_ERROR    None  [3 edit(s)]       
2023-12-15 13:08:01,852	[DEBUG]	IfDeletion(('triangle.cpp.xml', 'if', 0)) | ExprStmtDeletion(('triangle.cpp.xml', 'expr_stmt', 2)) | ReturnReplacement(('triangle.cpp.xml', 'return', 1), ('triangle.cpp.xml', 'stmt', 2))
2023-12-15 13:08:01,853	[INFO]	62      COMPILE_CODE_ERROR    None  [3 edit(s)]       
2023-12-15 13:08:01,855	[DEBUG]	IfDeletion(('triangle.cpp.xml', 'if', 0)) | ExprStmtDeletion(('triangle.cpp.xml', 'expr_stmt', 2)) | ReturnReplacement(('triangle.cpp.xml', 'return', 3), ('triangle.cpp.xml', 'stmt', 22))
2023-12-15 13:08:01,855	[INFO]	63      SUCCESS              +1205180 (99.97%) [3 edit(s)] 
2023-12-15 13:08:01,856	[DEBUG]	--- before: triangle.cpp
+++ after: triangle.cpp
@@ -11,11 +11,7 @@
   delay();
 
   // Sort the sides so that a <= b <= c
-  if(a > b) {
-    tmp = a;
-    a = b;
-    b = tmp;
-  }
+  
 
   if(a > c) {
     tmp = a;

2023-12-15 13:08:02,688	[DEBUG]	EXEC>  SUCCESS 1203330
2023-12-15 13:08:02,689	[DEBUG]	IfDeletion(('triangle.cpp.xml', 'if', 0)) | ExprStmtDeletion(('triangle.cpp.xml', 'expr_stmt', 2)) | ExprStmtDeletion(('triangle.cpp.xml', 'expr_stmt', 0)) | ExprStmtInsertion(('triangle.cpp.xml', '_inter_block', 26), ('triangle.cpp.xml', 'expr_stmt', 7))
2023-12-15 13:08:02,689	[INFO]	64      SUCCESS               1203330 (99.82%) [4 edit(s)] 
2023-12-15 13:08:03,458	[DEBUG]	IfDeletion(('triangle.cpp.xml', 'if', 0)) | ExprStmtDeletion(('triangle.cpp.xml', 'expr_stmt', 2)) | ExprStmtDeletion(('triangle.cpp.xml', 'expr_stmt', 0)) | ReturnReplacement(('triangle.cpp.xml', 'return', 0), ('triangle.cpp.xml', 'stmt', 10))
2023-12-15 13:08:03,458	[INFO]	65      TEST_CODE_ERROR       None  [4 edit(s)]       
2023-12-15 13:08:03,592	[DEBUG]	IfDeletion(('triangle.cpp.xml', 'if', 0)) | ExprStmtDeletion(('triangle.cpp.xml', 'expr_stmt', 2)) | ExprStmtDeletion(('triangle.cpp.xml', 'expr_stmt', 0)) | DeclStmtReplacement(('triangle.cpp.xml', 'decl_stmt', 0), ('triangle.cpp.xml', 'stmt', 17))
2023-12-15 13:08:03,593	[INFO]	66      COMPILE_CODE_ERROR    None  [4 edit(s)]       
2023-12-15 13:08:04,326	[DEBUG]	IfDeletion(('triangle.cpp.xml', 'if', 0)) | ExprStmtDeletion(('triangle.cpp.xml', 'expr_stmt', 2)) | ExprStmtDeletion(('triangle.cpp.xml', 'expr_stmt', 0)) | ExprStmtDeletion(('triangle.cpp.xml', 'expr_stmt', 7))
2023-12-15 13:08:04,326	[INFO]	67      TEST_CODE_ERROR       None  [4 edit(s)]       
2023-12-15 13:08:04,328	[DEBUG]	IfDeletion(('triangle.cpp.xml', 'if', 0)) | ExprStmtDeletion(('triangle.cpp.xml', 'expr_stmt', 2)) | ExprStmtDeletion(('triangle.cpp.xml', 'expr_stmt', 0)) | DeclStmtInsertion(('triangle.cpp.xml', '_inter_block', 14), ('triangle.cpp.xml', 'decl_stmt', 1))
2023-12-15 13:08:04,328	[INFO]	68      SUCCESS               1203276 (99.81%) [4 edit(s)] 
2023-12-15 13:08:05,214	[DEBUG]	EXEC>  SUCCESS 1203411
2023-12-15 13:08:05,214	[DEBUG]	IfDeletion(('triangle.cpp.xml', 'if', 0)) | ExprStmtDeletion(('triangle.cpp.xml', 'expr_stmt', 2)) | ExprStmtDeletion(('triangle.cpp.xml', 'expr_stmt', 0)) | IfInsertion(('triangle.cpp.xml', '_inter_block', 26), ('triangle.cpp.xml', 'if', 0))
2023-12-15 13:08:05,215	[INFO]	69      SUCCESS               1203411 (99.82%) [4 edit(s)] 
2023-12-15 13:08:05,364	[DEBUG]	IfDeletion(('triangle.cpp.xml', 'if', 0)) | ExprStmtDeletion(('triangle.cpp.xml', 'expr_stmt', 2)) | ExprStmtDeletion(('triangle.cpp.xml', 'expr_stmt', 0)) | DeclStmtReplacement(('triangle.cpp.xml', 'decl_stmt', 1), ('triangle.cpp.xml', 'stmt', 2))
2023-12-15 13:08:05,365	[INFO]	70      COMPILE_CODE_ERROR    None  [4 edit(s)]       
2023-12-15 13:08:06,116	[DEBUG]	IfDeletion(('triangle.cpp.xml', 'if', 0)) | ExprStmtDeletion(('triangle.cpp.xml', 'expr_stmt', 2)) | ExprStmtDeletion(('triangle.cpp.xml', 'expr_stmt', 0)) | DeclStmtReplacement(('triangle.cpp.xml', 'decl_stmt', 0), ('triangle.cpp.xml', 'stmt', 3))
2023-12-15 13:08:06,116	[INFO]	71      TEST_CODE_ERROR       None  [4 edit(s)]       
2023-12-15 13:08:06,257	[DEBUG]	IfDeletion(('triangle.cpp.xml', 'if', 0)) | ExprStmtDeletion(('triangle.cpp.xml', 'expr_stmt', 2)) | ExprStmtDeletion(('triangle.cpp.xml', 'expr_stmt', 0)) | IfReplacement(('triangle.cpp.xml', 'if', 4), ('triangle.cpp.xml', 'stmt', 1))
2023-12-15 13:08:06,257	[INFO]	72      COMPILE_CODE_ERROR    None  [4 edit(s)]       
2023-12-15 13:08:06,375	[DEBUG]	IfDeletion(('triangle.cpp.xml', 'if', 0)) | ExprStmtDeletion(('triangle.cpp.xml', 'expr_stmt', 2)) | ExprStmtDeletion(('triangle.cpp.xml', 'expr_stmt', 0)) | DeclStmtReplacement(('triangle.cpp.xml', 'decl_stmt', 1), ('triangle.cpp.xml', 'stmt', 10))
2023-12-15 13:08:06,376	[INFO]	73      COMPILE_CODE_ERROR    None  [4 edit(s)]       
2023-12-15 13:08:07,124	[DEBUG]	IfDeletion(('triangle.cpp.xml', 'if', 0)) | ExprStmtDeletion(('triangle.cpp.xml', 'expr_stmt', 2)) | ExprStmtDeletion(('triangle.cpp.xml', 'expr_stmt', 0)) | IfDeletion(('triangle.cpp.xml', 'if', 5))
2023-12-15 13:08:07,125	[INFO]	74      TEST_CODE_ERROR       None  [4 edit(s)]       
2023-12-15 13:08:07,268	[DEBUG]	IfDeletion(('triangle.cpp.xml', 'if', 0)) | ExprStmtDeletion(('triangle.cpp.xml', 'expr_stmt', 2)) | ExprStmtDeletion(('triangle.cpp.xml', 'expr_stmt', 0)) | DeclStmtReplacement(('triangle.cpp.xml', 'decl_stmt', 0), ('triangle.cpp.xml', 'stmt', 12))
2023-12-15 13:08:07,268	[INFO]	75      COMPILE_CODE_ERROR    None  [4 edit(s)]       
2023-12-15 13:08:07,989	[DEBUG]	IfDeletion(('triangle.cpp.xml', 'if', 0)) | ExprStmtDeletion(('triangle.cpp.xml', 'expr_stmt', 2)) | ExprStmtDeletion(('triangle.cpp.xml', 'expr_stmt', 0)) | ReturnDeletion(('triangle.cpp.xml', 'return', 3))
2023-12-15 13:08:07,989	[INFO]	76      TEST_CODE_ERROR       None  [4 edit(s)]       
2023-12-15 13:08:08,725	[DEBUG]	IfDeletion(('triangle.cpp.xml', 'if', 0)) | ExprStmtDeletion(('triangle.cpp.xml', 'expr_stmt', 2)) | ExprStmtDeletion(('triangle.cpp.xml', 'expr_stmt', 0)) | ExprStmtReplacement(('triangle.cpp.xml', 'expr_stmt', 10), ('triangle.cpp.xml', 'stmt', 13))
2023-12-15 13:08:08,726	[INFO]	77      TEST_CODE_ERROR       None  [4 edit(s)]       
2023-12-15 13:08:08,866	[DEBUG]	IfDeletion(('triangle.cpp.xml', 'if', 0)) | ExprStmtDeletion(('triangle.cpp.xml', 'expr_stmt', 2)) | ExprStmtDeletion(('triangle.cpp.xml', 'expr_stmt', 0)) | DeclStmtInsertion(('triangle.cpp.xml', '_inter_block', 3), ('triangle.cpp.xml', 'decl_stmt', 0))
2023-12-15 13:08:08,867	[INFO]	78      COMPILE_CODE_ERROR    None  [4 edit(s)]       
2023-12-15 13:08:09,601	[DEBUG]	IfDeletion(('triangle.cpp.xml', 'if', 0)) | ExprStmtDeletion(('triangle.cpp.xml', 'expr_stmt', 2)) | ExprStmtDeletion(('triangle.cpp.xml', 'expr_stmt', 0)) | IfDeletion(('triangle.cpp.xml', 'if', 3))
2023-12-15 13:08:09,601	[INFO]	79      TEST_CODE_ERROR       None  [4 edit(s)]       
2023-12-15 13:08:10,364	[DEBUG]	IfDeletion(('triangle.cpp.xml', 'if', 0)) | ExprStmtDeletion(('triangle.cpp.xml', 'expr_stmt', 2)) | ExprStmtDeletion(('triangle.cpp.xml', 'expr_stmt', 0)) | ReturnDeletion(('triangle.cpp.xml', 'return', 3))
2023-12-15 13:08:10,364	[INFO]	80      TEST_CODE_ERROR       None  [4 edit(s)]       
2023-12-15 13:08:10,366	[DEBUG]	IfDeletion(('triangle.cpp.xml', 'if', 0)) | ExprStmtDeletion(('triangle.cpp.xml', 'expr_stmt', 2)) | ExprStmtDeletion(('triangle.cpp.xml', 'expr_stmt', 0)) | ReturnInsertion(('triangle.cpp.xml', '_inter_block', 15), ('triangle.cpp.xml', 'return', 2))
2023-12-15 13:08:10,366	[INFO]	81      SUCCESS               1203276 (99.81%) [4 edit(s)] 
2023-12-15 13:08:10,501	[DEBUG]	IfDeletion(('triangle.cpp.xml', 'if', 0)) | ExprStmtDeletion(('triangle.cpp.xml', 'expr_stmt', 2)) | ExprStmtDeletion(('triangle.cpp.xml', 'expr_stmt', 0)) | DeclStmtReplacement(('triangle.cpp.xml', 'decl_stmt', 0), ('triangle.cpp.xml', 'stmt', 22))
2023-12-15 13:08:10,502	[INFO]	82      COMPILE_CODE_ERROR    None  [4 edit(s)]       
2023-12-15 13:08:11,213	[DEBUG]	IfDeletion(('triangle.cpp.xml', 'if', 0)) | ExprStmtDeletion(('triangle.cpp.xml', 'expr_stmt', 2)) | ExprStmtDeletion(('triangle.cpp.xml', 'expr_stmt', 0)) | ExprStmtDeletion(('triangle.cpp.xml', 'expr_stmt', 5))
2023-12-15 13:08:11,213	[INFO]	83      TEST_CODE_ERROR       None  [4 edit(s)]       
2023-12-15 13:08:12,057	[DEBUG]	EXEC>  SUCCESS 1203277
2023-12-15 13:08:12,058	[DEBUG]	IfDeletion(('triangle.cpp.xml', 'if', 0)) | ExprStmtDeletion(('triangle.cpp.xml', 'expr_stmt', 2)) | ExprStmtDeletion(('triangle.cpp.xml', 'expr_stmt', 0)) | ExprStmtInsertion(('triangle.cpp.xml', '_inter_block', 31), ('triangle.cpp.xml', 'expr_stmt', 10))
2023-12-15 13:08:12,059	[INFO]	84      SUCCESS              +1203277 (99.81%) [4 edit(s)] 
2023-12-15 13:08:12,060	[DEBUG]	--- before: triangle.cpp
+++ after: triangle.cpp
@@ -2,7 +2,7 @@
 
 void delay() {
   const struct timespec ms = {0, (long int) (0.001*1e9)}; //tv_sec=0, tv_nsec (0.001 seconds)
-  nanosleep(&ms,NULL); /*ignores possible errors*/
+   /*ignores possible errors*/
 }
 
 int classify_triangle(double a, double b, double c) {
@@ -11,11 +11,7 @@
   delay();
 
   // Sort the sides so that a <= b <= c
-  if(a > b) {
-    tmp = a;
-    a = b;
-    b = tmp;
-  }
+  
 
   if(a > c) {
     tmp = a;
@@ -40,6 +36,7 @@
   if(a == b || b == c)
     /*auto*/{
       return ISOSCELES;
+      c = tmp;
     }/*auto*/
   return SCALENE;
 }

2023-12-15 13:08:12,215	[DEBUG]	IfDeletion(('triangle.cpp.xml', 'if', 0)) | ExprStmtDeletion(('triangle.cpp.xml', 'expr_stmt', 2)) | ExprStmtDeletion(('triangle.cpp.xml', 'expr_stmt', 0)) | ReturnInsertion(('triangle.cpp.xml', '_inter_block', 15), ('triangle.cpp.xml', 'return', 2)) | DeclStmtDeletion(('triangle.cpp.xml', 'decl_stmt', 1))
2023-12-15 13:08:12,216	[INFO]	85      COMPILE_CODE_ERROR    None  [5 edit(s)]       
2023-12-15 13:08:12,340	[DEBUG]	IfDeletion(('triangle.cpp.xml', 'if', 0)) | ExprStmtDeletion(('triangle.cpp.xml', 'expr_stmt', 2)) | ExprStmtDeletion(('triangle.cpp.xml', 'expr_stmt', 0)) | ReturnInsertion(('triangle.cpp.xml', '_inter_block', 15), ('triangle.cpp.xml', 'return', 2)) | ExprStmtInsertion(('triangle.cpp.xml', '_inter_block', 13), ('triangle.cpp.xml', 'expr_stmt', 0))
2023-12-15 13:08:12,341	[INFO]	86      COMPILE_CODE_ERROR    None  [5 edit(s)]       
2023-12-15 13:08:13,081	[DEBUG]	IfDeletion(('triangle.cpp.xml', 'if', 0)) | ExprStmtDeletion(('triangle.cpp.xml', 'expr_stmt', 2)) | ExprStmtDeletion(('triangle.cpp.xml', 'expr_stmt', 0)) | ReturnInsertion(('triangle.cpp.xml', '_inter_block', 15), ('triangle.cpp.xml', 'return', 2)) | ReturnReplacement(('triangle.cpp.xml', 'return', 2), ('triangle.cpp.xml', 'stmt', 19))
2023-12-15 13:08:13,081	[INFO]	87      TEST_CODE_ERROR       None  [5 edit(s)]       
2023-12-15 13:08:13,083	[DEBUG]	IfDeletion(('triangle.cpp.xml', 'if', 0)) | ExprStmtDeletion(('triangle.cpp.xml', 'expr_stmt', 2)) | ExprStmtDeletion(('triangle.cpp.xml', 'expr_stmt', 0)) | ReturnInsertion(('triangle.cpp.xml', '_inter_block', 15), ('triangle.cpp.xml', 'return', 2)) | ExprStmtDeletion(('triangle.cpp.xml', 'expr_stmt', 4))
2023-12-15 13:08:13,083	[INFO]	88      SUCCESS               1203276 (99.81%) [5 edit(s)] 
2023-12-15 13:08:13,974	[DEBUG]	EXEC>  SUCCESS 1203149
2023-12-15 13:08:13,974	[DEBUG]	IfDeletion(('triangle.cpp.xml', 'if', 0)) | ExprStmtDeletion(('triangle.cpp.xml', 'expr_stmt', 2)) | ExprStmtDeletion(('triangle.cpp.xml', 'expr_stmt', 0)) | ReturnInsertion(('triangle.cpp.xml', '_inter_block', 15), ('triangle.cpp.xml', 'return', 2)) | DeclStmtDeletion(('triangle.cpp.xml', 'decl_stmt', 0))
2023-12-15 13:08:13,975	[INFO]	89      SUCCESS              *1203149 (99.8%) [5 edit(s)] 
2023-12-15 13:08:13,976	[DEBUG]	--- before: triangle.cpp
+++ after: triangle.cpp
@@ -1,8 +1,8 @@
 #include "triangle.hpp"
 
 void delay() {
-  const struct timespec ms = {0, (long int) (0.001*1e9)}; //tv_sec=0, tv_nsec (0.001 seconds)
-  nanosleep(&ms,NULL); /*ignores possible errors*/
+   //tv_sec=0, tv_nsec (0.001 seconds)
+   /*ignores possible errors*/
 }
 
 int classify_triangle(double a, double b, double c) {
@@ -11,11 +11,7 @@
   delay();
 
   // Sort the sides so that a <= b <= c
-  if(a > b) {
-    tmp = a;
-    a = b;
-    b = tmp;
-  }
+  
 
   if(a > c) {
     tmp = a;

2023-12-15 13:08:14,731	[DEBUG]	IfDeletion(('triangle.cpp.xml', 'if', 0)) | ExprStmtDeletion(('triangle.cpp.xml', 'expr_stmt', 2)) | ExprStmtDeletion(('triangle.cpp.xml', 'expr_stmt', 0)) | ReturnInsertion(('triangle.cpp.xml', '_inter_block', 15), ('triangle.cpp.xml', 'return', 2)) | ReturnDeletion(('triangle.cpp.xml', 'return', 0))
2023-12-15 13:08:14,731	[INFO]	90      TEST_CODE_ERROR       None  [5 edit(s)]       
2023-12-15 13:08:14,733	[DEBUG]	IfDeletion(('triangle.cpp.xml', 'if', 0)) | ExprStmtDeletion(('triangle.cpp.xml', 'expr_stmt', 2)) | ExprStmtDeletion(('triangle.cpp.xml', 'expr_stmt', 0)) | ReturnInsertion(('triangle.cpp.xml', '_inter_block', 15), ('triangle.cpp.xml', 'return', 2)) | DeclStmtDeletion(('triangle.cpp.xml', 'decl_stmt', 0))
2023-12-15 13:08:14,733	[INFO]	91      SUCCESS               1203149 (99.8%) [5 edit(s)] 
2023-12-15 13:08:14,734	[DEBUG]	IfDeletion(('triangle.cpp.xml', 'if', 0)) | ExprStmtDeletion(('triangle.cpp.xml', 'expr_stmt', 2)) | ExprStmtDeletion(('triangle.cpp.xml', 'expr_stmt', 0)) | ReturnInsertion(('triangle.cpp.xml', '_inter_block', 15), ('triangle.cpp.xml', 'return', 2)) | DeclStmtDeletion(('triangle.cpp.xml', 'decl_stmt', 0))
2023-12-15 13:08:14,734	[INFO]	92      SUCCESS               1203149 (99.8%) [5 edit(s)] 
2023-12-15 13:08:15,493	[DEBUG]	IfDeletion(('triangle.cpp.xml', 'if', 0)) | ExprStmtDeletion(('triangle.cpp.xml', 'expr_stmt', 2)) | ExprStmtDeletion(('triangle.cpp.xml', 'expr_stmt', 0)) | ReturnInsertion(('triangle.cpp.xml', '_inter_block', 15), ('triangle.cpp.xml', 'return', 2)) | ExprStmtReplacement(('triangle.cpp.xml', 'expr_stmt', 8), ('triangle.cpp.xml', 'stmt', 22))
2023-12-15 13:08:15,493	[INFO]	93      TEST_CODE_ERROR       None  [5 edit(s)]       
2023-12-15 13:08:16,265	[DEBUG]	IfDeletion(('triangle.cpp.xml', 'if', 0)) | ExprStmtDeletion(('triangle.cpp.xml', 'expr_stmt', 2)) | ExprStmtDeletion(('triangle.cpp.xml', 'expr_stmt', 0)) | ReturnInsertion(('triangle.cpp.xml', '_inter_block', 15), ('triangle.cpp.xml', 'return', 2)) | ExprStmtDeletion(('triangle.cpp.xml', 'expr_stmt', 5))
2023-12-15 13:08:16,265	[INFO]	94      TEST_CODE_ERROR       None  [5 edit(s)]       
2023-12-15 13:08:16,267	[DEBUG]	IfDeletion(('triangle.cpp.xml', 'if', 0)) | ExprStmtDeletion(('triangle.cpp.xml', 'expr_stmt', 2)) | ExprStmtDeletion(('triangle.cpp.xml', 'expr_stmt', 0)) | ReturnInsertion(('triangle.cpp.xml', '_inter_block', 15), ('triangle.cpp.xml', 'return', 2)) | ExprStmtInsertion(('triangle.cpp.xml', '_inter_block', 17), ('triangle.cpp.xml', 'expr_stmt', 0))
2023-12-15 13:08:16,267	[INFO]	95      SUCCESS               1203276 (99.81%) [5 edit(s)] 
2023-12-15 13:08:17,162	[DEBUG]	EXEC>  SUCCESS 1203276
2023-12-15 13:08:17,162	[DEBUG]	IfDeletion(('triangle.cpp.xml', 'if', 0)) | ExprStmtDeletion(('triangle.cpp.xml', 'expr_stmt', 2)) | ExprStmtDeletion(('triangle.cpp.xml', 'expr_stmt', 0)) | ReturnInsertion(('triangle.cpp.xml', '_inter_block', 15), ('triangle.cpp.xml', 'return', 2)) | DeclStmtInsertion(('triangle.cpp.xml', '_inter_block', 18), ('triangle.cpp.xml', 'decl_stmt', 1))
2023-12-15 13:08:17,163	[INFO]	96      SUCCESS               1203276 (99.81%) [5 edit(s)] 
2023-12-15 13:08:17,303	[DEBUG]	IfDeletion(('triangle.cpp.xml', 'if', 0)) | ExprStmtDeletion(('triangle.cpp.xml', 'expr_stmt', 2)) | ExprStmtDeletion(('triangle.cpp.xml', 'expr_stmt', 0)) | ReturnInsertion(('triangle.cpp.xml', '_inter_block', 15), ('triangle.cpp.xml', 'return', 2)) | DeclStmtInsertion(('triangle.cpp.xml', '_inter_block', 12), ('triangle.cpp.xml', 'decl_stmt', 1))
2023-12-15 13:08:17,304	[INFO]	97      COMPILE_CODE_ERROR    None  [5 edit(s)]       
2023-12-15 13:08:18,028	[DEBUG]	IfDeletion(('triangle.cpp.xml', 'if', 0)) | ExprStmtDeletion(('triangle.cpp.xml', 'expr_stmt', 2)) | ExprStmtDeletion(('triangle.cpp.xml', 'expr_stmt', 0)) | ReturnInsertion(('triangle.cpp.xml', '_inter_block', 15), ('triangle.cpp.xml', 'return', 2)) | IfReplacement(('triangle.cpp.xml', 'if', 4), ('triangle.cpp.xml', 'stmt', 3))
2023-12-15 13:08:18,028	[INFO]	98      TEST_CODE_ERROR       None  [5 edit(s)]       
2023-12-15 13:08:18,761	[DEBUG]	IfDeletion(('triangle.cpp.xml', 'if', 0)) | ExprStmtDeletion(('triangle.cpp.xml', 'expr_stmt', 2)) | ExprStmtDeletion(('triangle.cpp.xml', 'expr_stmt', 0)) | ReturnInsertion(('triangle.cpp.xml', '_inter_block', 15), ('triangle.cpp.xml', 'return', 2)) | ReturnReplacement(('triangle.cpp.xml', 'return', 0), ('triangle.cpp.xml', 'stmt', 14))
2023-12-15 13:08:18,762	[INFO]	99      TEST_CODE_ERROR       None  [5 edit(s)]       
2023-12-15 13:08:19,574	[DEBUG]	EXEC>  SUCCESS 1203385
2023-12-15 13:08:19,574	[DEBUG]	IfDeletion(('triangle.cpp.xml', 'if', 0)) | ExprStmtDeletion(('triangle.cpp.xml', 'expr_stmt', 2)) | ExprStmtDeletion(('triangle.cpp.xml', 'expr_stmt', 0)) | ReturnInsertion(('triangle.cpp.xml', '_inter_block', 15), ('triangle.cpp.xml', 'return', 2)) | IfInsertion(('triangle.cpp.xml', '_inter_block', 10), ('triangle.cpp.xml', 'if', 1))
2023-12-15 13:08:19,575	[INFO]	100     SUCCESS               1203385 (99.82%) [5 edit(s)] 
2023-12-15 13:08:19,576	[INFO]	==== END ====
2023-12-15 13:08:19,576	[INFO]	
2023-12-15 13:08:19,576	[INFO]	==== REPORT ====
2023-12-15 13:08:19,577	[INFO]	Termination: step budget
2023-12-15 13:08:19,577	[INFO]	Log file: /cs/student/ug/2020/damibose/projects/magpie/_magpie_logs/triangle-cpp_slow_1702645638.log
2023-12-15 13:08:19,578	[INFO]	Patch file: _magpie_logs/triangle-cpp_slow_1702645638.patch
2023-12-15 13:08:19,578	[INFO]	Diff file: _magpie_logs/triangle-cpp_slow_1702645638.diff
2023-12-15 13:08:19,578	[INFO]	Best fitness: 1203149
2023-12-15 13:08:19,579	[INFO]	Best patch: IfDeletion(('triangle.cpp.xml', 'if', 0)) | ExprStmtDeletion(('triangle.cpp.xml', 'expr_stmt', 2)) | ExprStmtDeletion(('triangle.cpp.xml', 'expr_stmt', 0)) | ReturnInsertion(('triangle.cpp.xml', '_inter_block', 15), ('triangle.cpp.xml', 'return', 2)) | DeclStmtDeletion(('triangle.cpp.xml', 'decl_stmt', 0))
2023-12-15 13:08:19,579	[INFO]	Diff:
--- before: triangle.cpp
+++ after: triangle.cpp
@@ -1,8 +1,8 @@
 #include "triangle.hpp"
 
 void delay() {
-  const struct timespec ms = {0, (long int) (0.001*1e9)}; //tv_sec=0, tv_nsec (0.001 seconds)
-  nanosleep(&ms,NULL); /*ignores possible errors*/
+   //tv_sec=0, tv_nsec (0.001 seconds)
+   /*ignores possible errors*/
 }
 
 int classify_triangle(double a, double b, double c) {
@@ -11,11 +11,7 @@
   delay();
 
   // Sort the sides so that a <= b <= c
-  if(a > b) {
-    tmp = a;
-    a = b;
-    b = tmp;
-  }
+  
 
   if(a > c) {
     tmp = a;

