2023-12-15 13:05:13,618	[DEBUG]	==== CONFIG ====
[magpie]
import = 
seed = 7
log_dir = _magpie_logs
work_dir = _magpie_work
final_out_dir = experiments/results_e_greedy_proof_of_concept/baseline/RandomSearch/trial_7
local_original_copy = True
local_original_name = __original__
output_encoding = ascii
edit_retries = 10
default_timeout = 30
default_lengthout = 10000.0
diff_method = unified
trust_local_filesystem = True

[software]
path = examples/code/triangle-cpp_slow
target_files = 
	triangle.cpp.xml
program = BasicProgram
engine_rules = 
	*.params : ConfigFileParamsEngine
	*.xml : SrcmlEngine
	* : LineEngine
engine_config = 
	*.params : [params]
	*.xml : [srcml]
init_cmd = 
init_timeout = 60
init_lengthout = -1
setup_cmd = ./setup.sh
setup_timeout = 
setup_lengthout = 
compile_cmd = ./compile.sh
compile_timeout = 
compile_lengthout = 
test_cmd = ./build/test_triangle
test_timeout = 
test_lengthout = 
run_cmd = perf stat ./build/run_triangle
run_timeout = 1
run_lengthout = 
batch_timeout = 
batch_lengthout = 
batch_bin_fitness_strategy = aggregate
batch_fitness_strategy = sum
fitness = perf_instructions

[srcml]
rename = 
focus = block break continue decl_stmt do expr_stmt for goto if return switch while
internodes = block
process_pseudo_blocks = True
process_literals = False
process_operators = False

[params]
timing = test run
cli_prefix = --
cli_glue = =
cli_boolean = show
cli_boolean_prefix_true = 
cli_boolean_prefix_false = no-
silent_prefix = @
silent_suffix = $

[search]
protocol = BasicProtocol
algorithm = RandomSearch
possible_edits = 
	DeclStmtReplacement
	ExprStmtReplacement
	IfReplacement
	ReturnReplacement
	DeclStmtInsertion
	ExprStmtInsertion
	IfInsertion
	ReturnInsertion
	DeclStmtDeletion
	ExprStmtDeletion
	IfDeletion
	ReturnDeletion
warmup = 5
warmup_strategy = last
max_steps = 100
max_time = 60
target_fitness = 
cache_maxsize = 40
cache_keep = 0.2
batch_instances = 
batch_shuffle = True
batch_bin_shuffle = False
batch_sample_size = 1
operator_selector = UniformSelector

[search.ls]
delete_prob = 0
max_neighbours = 20
when_trapped = continue
accept_fail = False
tabu_length = 10

[search.gp]
pop_size = 10
delete_prob = 0.5
offspring_elitism = 0.1
offspring_crossover = 0.5
offspring_mutation = 0.4
uniform_rate = 0.5
batch_reset = True

[search.minify]
do_cleanup = True
do_rebuild = True
do_simplify = True
round_robin_limit = 3


2023-12-15 13:05:13,623	[INFO]	==== WARMUP ====
2023-12-15 13:05:16,136	[DEBUG]	EXEC>  SUCCESS 1205551
2023-12-15 13:05:16,136	[INFO]	WARM    SUCCESS               1205551                 
2023-12-15 13:05:17,105	[DEBUG]	EXEC>  SUCCESS 1205551
2023-12-15 13:05:17,106	[INFO]	WARM    SUCCESS               1205551                 
2023-12-15 13:05:18,054	[DEBUG]	EXEC>  SUCCESS 1205549
2023-12-15 13:05:18,055	[INFO]	WARM    SUCCESS               1205549                 
2023-12-15 13:05:19,027	[DEBUG]	EXEC>  SUCCESS 1205551
2023-12-15 13:05:19,028	[INFO]	WARM    SUCCESS               1205551                 
2023-12-15 13:05:19,982	[DEBUG]	EXEC>  SUCCESS 1205549
2023-12-15 13:05:19,982	[INFO]	WARM    SUCCESS               1205549                 
2023-12-15 13:05:19,983	[INFO]	INITIAL SUCCESS               1205549                 
2023-12-15 13:05:19,983	[INFO]	==== START: RandomSearch ====
2023-12-15 13:05:20,791	[DEBUG]	ExprStmtDeletion(('triangle.cpp.xml', 'expr_stmt', 6))
2023-12-15 13:05:20,792	[INFO]	1       TEST_CODE_ERROR       None  [1 edit(s)]       
2023-12-15 13:05:21,567	[DEBUG]	ReturnReplacement(('triangle.cpp.xml', 'return', 2), ('triangle.cpp.xml', 'stmt', 9))
2023-12-15 13:05:21,568	[INFO]	2       TEST_CODE_ERROR       None  [1 edit(s)]       
2023-12-15 13:05:22,309	[DEBUG]	ReturnDeletion(('triangle.cpp.xml', 'return', 2))
2023-12-15 13:05:22,310	[INFO]	3       TEST_CODE_ERROR       None  [1 edit(s)]       
2023-12-15 13:05:22,440	[DEBUG]	DeclStmtDeletion(('triangle.cpp.xml', 'decl_stmt', 0))
2023-12-15 13:05:22,440	[INFO]	4       COMPILE_CODE_ERROR    None  [1 edit(s)]       
2023-12-15 13:05:22,562	[DEBUG]	ReturnInsertion(('triangle.cpp.xml', '_inter_block', 0), ('triangle.cpp.xml', 'return', 2))
2023-12-15 13:05:22,562	[INFO]	5       COMPILE_CODE_ERROR    None  [1 edit(s)]       
2023-12-15 13:05:23,306	[DEBUG]	ExprStmtDeletion(('triangle.cpp.xml', 'expr_stmt', 10))
2023-12-15 13:05:23,306	[INFO]	6       TEST_CODE_ERROR       None  [1 edit(s)]       
2023-12-15 13:05:24,099	[DEBUG]	IfReplacement(('triangle.cpp.xml', 'if', 4), ('triangle.cpp.xml', 'stmt', 15))
2023-12-15 13:05:24,100	[INFO]	7       TEST_CODE_ERROR       None  [1 edit(s)]       
2023-12-15 13:05:24,891	[DEBUG]	ExprStmtDeletion(('triangle.cpp.xml', 'expr_stmt', 8))
2023-12-15 13:05:24,891	[INFO]	8       TEST_CODE_ERROR       None  [1 edit(s)]       
2023-12-15 13:05:25,715	[DEBUG]	ReturnDeletion(('triangle.cpp.xml', 'return', 2))
2023-12-15 13:05:25,715	[INFO]	9       TEST_CODE_ERROR       None  [1 edit(s)]       
2023-12-15 13:05:26,721	[DEBUG]	EXEC>  SUCCESS 1481753
2023-12-15 13:05:26,721	[DEBUG]	ExprStmtInsertion(('triangle.cpp.xml', '_inter_block', 26), ('triangle.cpp.xml', 'expr_stmt', 5))
2023-12-15 13:05:26,722	[INFO]	10      SUCCESS               1481753 (122.91%) [1 edit(s)] 
2023-12-15 13:05:26,885	[DEBUG]	DeclStmtDeletion(('triangle.cpp.xml', 'decl_stmt', 1))
2023-12-15 13:05:26,886	[INFO]	11      COMPILE_CODE_ERROR    None  [1 edit(s)]       
2023-12-15 13:05:27,795	[DEBUG]	EXEC>  SUCCESS 1239370
2023-12-15 13:05:27,795	[DEBUG]	IfDeletion(('triangle.cpp.xml', 'if', 1))
2023-12-15 13:05:27,796	[INFO]	12      SUCCESS               1239370 (102.81%) [1 edit(s)] 
2023-12-15 13:05:28,569	[DEBUG]	IfReplacement(('triangle.cpp.xml', 'if', 0), ('triangle.cpp.xml', 'stmt', 6))
2023-12-15 13:05:28,569	[INFO]	13      TEST_CODE_ERROR       None  [1 edit(s)]       
2023-12-15 13:05:29,326	[DEBUG]	ExprStmtInsertion(('triangle.cpp.xml', '_inter_block', 19), ('triangle.cpp.xml', 'expr_stmt', 8))
2023-12-15 13:05:29,326	[INFO]	14      TEST_CODE_ERROR       None  [1 edit(s)]       
2023-12-15 13:05:30,283	[DEBUG]	EXEC>  SUCCESS 1205598
2023-12-15 13:05:30,284	[DEBUG]	DeclStmtInsertion(('triangle.cpp.xml', '_inter_block', 14), ('triangle.cpp.xml', 'decl_stmt', 0))
2023-12-15 13:05:30,284	[INFO]	15      SUCCESS               1205598 (100.0%) [1 edit(s)] 
2023-12-15 13:05:31,091	[DEBUG]	ReturnDeletion(('triangle.cpp.xml', 'return', 0))
2023-12-15 13:05:31,091	[INFO]	16      TEST_CODE_ERROR       None  [1 edit(s)]       
2023-12-15 13:05:31,858	[DEBUG]	ReturnInsertion(('triangle.cpp.xml', '_inter_block', 22), ('triangle.cpp.xml', 'return', 2))
2023-12-15 13:05:31,858	[INFO]	17      TEST_CODE_ERROR       None  [1 edit(s)]       
2023-12-15 13:05:32,656	[DEBUG]	IfDeletion(('triangle.cpp.xml', 'if', 5))
2023-12-15 13:05:32,657	[INFO]	18      TEST_CODE_ERROR       None  [1 edit(s)]       
2023-12-15 13:05:33,473	[DEBUG]	IfReplacement(('triangle.cpp.xml', 'if', 3), ('triangle.cpp.xml', 'stmt', 13))
2023-12-15 13:05:33,473	[INFO]	19      TEST_CODE_ERROR       None  [1 edit(s)]       
2023-12-15 13:05:34,239	[DEBUG]	IfReplacement(('triangle.cpp.xml', 'if', 0), ('triangle.cpp.xml', 'stmt', 21))
2023-12-15 13:05:34,239	[INFO]	20      TEST_CODE_ERROR       None  [1 edit(s)]       
2023-12-15 13:05:34,389	[DEBUG]	DeclStmtDeletion(('triangle.cpp.xml', 'decl_stmt', 0))
2023-12-15 13:05:34,389	[INFO]	21      COMPILE_CODE_ERROR    None  [1 edit(s)]       
2023-12-15 13:05:35,122	[DEBUG]	ReturnInsertion(('triangle.cpp.xml', '_inter_block', 16), ('triangle.cpp.xml', 'return', 3))
2023-12-15 13:05:35,122	[INFO]	22      TEST_CODE_ERROR       None  [1 edit(s)]       
2023-12-15 13:05:36,092	[DEBUG]	EXEC>  SUCCESS 1537368
2023-12-15 13:05:36,092	[DEBUG]	IfInsertion(('triangle.cpp.xml', '_inter_block', 10), ('triangle.cpp.xml', 'if', 0))
2023-12-15 13:05:36,093	[INFO]	23      SUCCESS               1537368 (127.52%) [1 edit(s)] 
2023-12-15 13:05:37,112	[DEBUG]	EXEC>  SUCCESS 1205181
2023-12-15 13:05:37,113	[DEBUG]	IfDeletion(('triangle.cpp.xml', 'if', 0))
2023-12-15 13:05:37,113	[INFO]	24      SUCCESS              *1205181 (99.97%) [1 edit(s)] 
2023-12-15 13:05:37,114	[DEBUG]	--- before: triangle.cpp
+++ after: triangle.cpp
@@ -11,11 +11,7 @@
   delay();
 
   // Sort the sides so that a <= b <= c
-  if(a > b) {
-    tmp = a;
-    a = b;
-    b = tmp;
-  }
+  
 
   if(a > c) {
     tmp = a;

2023-12-15 13:05:38,054	[DEBUG]	EXEC>  SUCCESS 1205739
2023-12-15 13:05:38,054	[DEBUG]	IfInsertion(('triangle.cpp.xml', '_inter_block', 6), ('triangle.cpp.xml', 'if', 0))
2023-12-15 13:05:38,055	[INFO]	25      SUCCESS               1205739 (100.02%) [1 edit(s)] 
2023-12-15 13:05:38,883	[DEBUG]	ReturnDeletion(('triangle.cpp.xml', 'return', 0))
2023-12-15 13:05:38,883	[INFO]	26      TEST_CODE_ERROR       None  [1 edit(s)]       
2023-12-15 13:05:39,049	[DEBUG]	IfReplacement(('triangle.cpp.xml', 'if', 3), ('triangle.cpp.xml', 'stmt', 2))
2023-12-15 13:05:39,050	[INFO]	27      COMPILE_CODE_ERROR    None  [1 edit(s)]       
2023-12-15 13:05:39,882	[DEBUG]	IfReplacement(('triangle.cpp.xml', 'if', 2), ('triangle.cpp.xml', 'stmt', 22))
2023-12-15 13:05:39,883	[INFO]	28      TEST_CODE_ERROR       None  [1 edit(s)]       
2023-12-15 13:05:40,711	[DEBUG]	IfInsertion(('triangle.cpp.xml', '_inter_block', 28), ('triangle.cpp.xml', 'if', 5))
2023-12-15 13:05:40,711	[INFO]	29      TEST_CODE_ERROR       None  [1 edit(s)]       
2023-12-15 13:05:40,854	[DEBUG]	DeclStmtDeletion(('triangle.cpp.xml', 'decl_stmt', 1))
2023-12-15 13:05:40,854	[INFO]	30      COMPILE_CODE_ERROR    None  [1 edit(s)]       
2023-12-15 13:05:40,989	[DEBUG]	DeclStmtDeletion(('triangle.cpp.xml', 'decl_stmt', 0))
2023-12-15 13:05:40,989	[INFO]	31      COMPILE_CODE_ERROR    None  [1 edit(s)]       
2023-12-15 13:05:41,722	[DEBUG]	ExprStmtDeletion(('triangle.cpp.xml', 'expr_stmt', 9))
2023-12-15 13:05:41,723	[INFO]	32      TEST_CODE_ERROR       None  [1 edit(s)]       
2023-12-15 13:05:41,875	[DEBUG]	IfReplacement(('triangle.cpp.xml', 'if', 4), ('triangle.cpp.xml', 'stmt', 2))
2023-12-15 13:05:41,875	[INFO]	33      COMPILE_CODE_ERROR    None  [1 edit(s)]       
2023-12-15 13:05:42,624	[DEBUG]	ReturnInsertion(('triangle.cpp.xml', '_inter_block', 14), ('triangle.cpp.xml', 'return', 3))
2023-12-15 13:05:42,625	[INFO]	34      TEST_CODE_ERROR       None  [1 edit(s)]       
2023-12-15 13:05:43,397	[DEBUG]	ReturnDeletion(('triangle.cpp.xml', 'return', 0))
2023-12-15 13:05:43,397	[INFO]	35      TEST_CODE_ERROR       None  [1 edit(s)]       
2023-12-15 13:05:44,174	[DEBUG]	ReturnReplacement(('triangle.cpp.xml', 'return', 1), ('triangle.cpp.xml', 'stmt', 19))
2023-12-15 13:05:44,174	[INFO]	36      TEST_CODE_ERROR       None  [1 edit(s)]       
2023-12-15 13:05:44,312	[DEBUG]	DeclStmtDeletion(('triangle.cpp.xml', 'decl_stmt', 0))
2023-12-15 13:05:44,312	[INFO]	37      COMPILE_CODE_ERROR    None  [1 edit(s)]       
2023-12-15 13:05:45,237	[DEBUG]	EXEC>  SUCCESS 1205639
2023-12-15 13:05:45,238	[DEBUG]	IfInsertion(('triangle.cpp.xml', '_inter_block', 22), ('triangle.cpp.xml', 'if', 1))
2023-12-15 13:05:45,239	[INFO]	38      SUCCESS               1205639 (100.01%) [1 edit(s)] 
2023-12-15 13:05:45,987	[DEBUG]	ReturnDeletion(('triangle.cpp.xml', 'return', 1))
2023-12-15 13:05:45,987	[INFO]	39      TEST_CODE_ERROR       None  [1 edit(s)]       
2023-12-15 13:05:46,777	[DEBUG]	ExprStmtDeletion(('triangle.cpp.xml', 'expr_stmt', 9))
2023-12-15 13:05:46,777	[INFO]	40      TEST_CODE_ERROR       None  [1 edit(s)]       
2023-12-15 13:05:47,546	[DEBUG]	ReturnInsertion(('triangle.cpp.xml', '_inter_block', 17), ('triangle.cpp.xml', 'return', 1))
2023-12-15 13:05:47,546	[INFO]	41      TEST_CODE_ERROR       None  [1 edit(s)]       
2023-12-15 13:05:47,547	[DEBUG]	IfDeletion(('triangle.cpp.xml', 'if', 1))
2023-12-15 13:05:47,547	[INFO]	42      SUCCESS               1239370 (102.81%) [1 edit(s)] 
2023-12-15 13:05:48,313	[DEBUG]	IfInsertion(('triangle.cpp.xml', '_inter_block', 10), ('triangle.cpp.xml', 'if', 5))
2023-12-15 13:05:48,313	[INFO]	43      TEST_CODE_ERROR       None  [1 edit(s)]       
2023-12-15 13:05:49,069	[DEBUG]	ExprStmtDeletion(('triangle.cpp.xml', 'expr_stmt', 8))
2023-12-15 13:05:49,069	[INFO]	44      TEST_CODE_ERROR       None  [1 edit(s)]       
2023-12-15 13:05:49,837	[DEBUG]	ExprStmtReplacement(('triangle.cpp.xml', 'expr_stmt', 4), ('triangle.cpp.xml', 'stmt', 19))
2023-12-15 13:05:49,837	[INFO]	45      TEST_CODE_ERROR       None  [1 edit(s)]       
2023-12-15 13:05:50,637	[DEBUG]	ReturnInsertion(('triangle.cpp.xml', '_inter_block', 19), ('triangle.cpp.xml', 'return', 2))
2023-12-15 13:05:50,637	[INFO]	46      TEST_CODE_ERROR       None  [1 edit(s)]       
2023-12-15 13:05:51,600	[DEBUG]	EXEC>  SUCCESS 1314543
2023-12-15 13:05:51,601	[DEBUG]	DeclStmtReplacement(('triangle.cpp.xml', 'decl_stmt', 0), ('triangle.cpp.xml', 'stmt', 0))
2023-12-15 13:05:51,601	[INFO]	47      SUCCESS               1314543 (109.04%) [1 edit(s)] 
2023-12-15 13:05:51,602	[DEBUG]	IfDeletion(('triangle.cpp.xml', 'if', 0))
2023-12-15 13:05:51,602	[INFO]	48      SUCCESS               1205181 (99.97%) [1 edit(s)] 
2023-12-15 13:05:52,362	[DEBUG]	IfDeletion(('triangle.cpp.xml', 'if', 5))
2023-12-15 13:05:52,362	[INFO]	49      TEST_CODE_ERROR       None  [1 edit(s)]       
2023-12-15 13:05:53,306	[DEBUG]	EXEC>  SUCCESS 1205551
2023-12-15 13:05:53,307	[DEBUG]	ExprStmtInsertion(('triangle.cpp.xml', '_inter_block', 13), ('triangle.cpp.xml', 'expr_stmt', 9))
2023-12-15 13:05:53,308	[INFO]	50      SUCCESS               1205551 (100.0%) [1 edit(s)] 
2023-12-15 13:05:53,481	[DEBUG]	IfReplacement(('triangle.cpp.xml', 'if', 4), ('triangle.cpp.xml', 'stmt', 1))
2023-12-15 13:05:53,481	[INFO]	51      COMPILE_CODE_ERROR    None  [1 edit(s)]       
2023-12-15 13:05:53,607	[DEBUG]	ExprStmtInsertion(('triangle.cpp.xml', '_inter_block', 1), ('triangle.cpp.xml', 'expr_stmt', 7))
2023-12-15 13:05:53,607	[INFO]	52      COMPILE_CODE_ERROR    None  [1 edit(s)]       
2023-12-15 13:05:54,607	[DEBUG]	EXEC>  SUCCESS 1205550
2023-12-15 13:05:54,608	[DEBUG]	DeclStmtInsertion(('triangle.cpp.xml', '_inter_block', 27), ('triangle.cpp.xml', 'decl_stmt', 1))
2023-12-15 13:05:54,608	[INFO]	53      SUCCESS               1205550 (100.0%) [1 edit(s)] 
2023-12-15 13:05:55,555	[DEBUG]	EXEC>  SUCCESS 1205625
2023-12-15 13:05:55,556	[DEBUG]	IfInsertion(('triangle.cpp.xml', '_inter_block', 12), ('triangle.cpp.xml', 'if', 3))
2023-12-15 13:05:55,557	[INFO]	54      SUCCESS               1205625 (100.01%) [1 edit(s)] 
2023-12-15 13:05:55,702	[DEBUG]	DeclStmtReplacement(('triangle.cpp.xml', 'decl_stmt', 1), ('triangle.cpp.xml', 'stmt', 9))
2023-12-15 13:05:55,703	[INFO]	55      COMPILE_CODE_ERROR    None  [1 edit(s)]       
2023-12-15 13:05:56,686	[DEBUG]	EXEC>  SUCCESS 1205574
2023-12-15 13:05:56,687	[DEBUG]	DeclStmtInsertion(('triangle.cpp.xml', '_inter_block', 30), ('triangle.cpp.xml', 'decl_stmt', 0))
2023-12-15 13:05:56,687	[INFO]	56      SUCCESS               1205574 (100.0%) [1 edit(s)] 
2023-12-15 13:05:57,563	[DEBUG]	EXEC>  SUCCESS 1203646
2023-12-15 13:05:57,564	[DEBUG]	ExprStmtDeletion(('triangle.cpp.xml', 'expr_stmt', 0))
2023-12-15 13:05:57,565	[INFO]	57      SUCCESS              *1203646 (99.84%) [1 edit(s)] 
2023-12-15 13:05:57,566	[DEBUG]	--- before: triangle.cpp
+++ after: triangle.cpp
@@ -2,7 +2,7 @@
 
 void delay() {
   const struct timespec ms = {0, (long int) (0.001*1e9)}; //tv_sec=0, tv_nsec (0.001 seconds)
-  nanosleep(&ms,NULL); /*ignores possible errors*/
+   /*ignores possible errors*/
 }
 
 int classify_triangle(double a, double b, double c) {

2023-12-15 13:05:58,342	[DEBUG]	ExprStmtDeletion(('triangle.cpp.xml', 'expr_stmt', 10))
2023-12-15 13:05:58,343	[INFO]	58      TEST_CODE_ERROR       None  [1 edit(s)]       
2023-12-15 13:05:59,106	[DEBUG]	ExprStmtDeletion(('triangle.cpp.xml', 'expr_stmt', 5))
2023-12-15 13:05:59,107	[INFO]	59      TEST_CODE_ERROR       None  [1 edit(s)]       
2023-12-15 13:05:59,900	[DEBUG]	ReturnInsertion(('triangle.cpp.xml', '_inter_block', 10), ('triangle.cpp.xml', 'return', 3))
2023-12-15 13:05:59,901	[INFO]	60      TEST_CODE_ERROR       None  [1 edit(s)]       
2023-12-15 13:06:00,881	[DEBUG]	EXEC>  SUCCESS 1205609
2023-12-15 13:06:00,881	[DEBUG]	DeclStmtInsertion(('triangle.cpp.xml', '_inter_block', 23), ('triangle.cpp.xml', 'decl_stmt', 0))
2023-12-15 13:06:00,882	[INFO]	61      SUCCESS               1205609 (100.0%) [1 edit(s)] 
2023-12-15 13:06:01,767	[DEBUG]	EXEC>  SUCCESS 1203155
2023-12-15 13:06:01,767	[DEBUG]	ExprStmtDeletion(('triangle.cpp.xml', 'expr_stmt', 1))
2023-12-15 13:06:01,768	[INFO]	62      SUCCESS              *1203155 (99.8%) [1 edit(s)] 
2023-12-15 13:06:01,769	[DEBUG]	--- before: triangle.cpp
+++ after: triangle.cpp
@@ -8,7 +8,7 @@
 int classify_triangle(double a, double b, double c) {
   double tmp;
 
-  delay();
+  
 
   // Sort the sides so that a <= b <= c
   if(a > b) {

2023-12-15 13:06:01,898	[DEBUG]	ExprStmtReplacement(('triangle.cpp.xml', 'expr_stmt', 0), ('triangle.cpp.xml', 'stmt', 7))
2023-12-15 13:06:01,898	[INFO]	63      COMPILE_CODE_ERROR    None  [1 edit(s)]       
2023-12-15 13:06:02,664	[DEBUG]	IfReplacement(('triangle.cpp.xml', 'if', 4), ('triangle.cpp.xml', 'stmt', 9))
2023-12-15 13:06:02,665	[INFO]	64      TEST_CODE_ERROR       None  [1 edit(s)]       
2023-12-15 13:06:03,457	[DEBUG]	ReturnDeletion(('triangle.cpp.xml', 'return', 1))
2023-12-15 13:06:03,458	[INFO]	65      TEST_CODE_ERROR       None  [1 edit(s)]       
2023-12-15 13:06:03,612	[DEBUG]	DeclStmtInsertion(('triangle.cpp.xml', '_inter_block', 3), ('triangle.cpp.xml', 'decl_stmt', 1))
2023-12-15 13:06:03,612	[INFO]	66      COMPILE_CODE_ERROR    None  [1 edit(s)]       
2023-12-15 13:06:04,394	[DEBUG]	IfReplacement(('triangle.cpp.xml', 'if', 5), ('triangle.cpp.xml', 'stmt', 12))
2023-12-15 13:06:04,394	[INFO]	67      TEST_CODE_ERROR       None  [1 edit(s)]       
2023-12-15 13:06:05,201	[DEBUG]	ReturnDeletion(('triangle.cpp.xml', 'return', 3))
2023-12-15 13:06:05,201	[INFO]	68      TEST_CODE_ERROR       None  [1 edit(s)]       
2023-12-15 13:06:06,184	[DEBUG]	EXEC>  SUCCESS 1205580
2023-12-15 13:06:06,184	[DEBUG]	ExprStmtInsertion(('triangle.cpp.xml', '_inter_block', 12), ('triangle.cpp.xml', 'expr_stmt', 7))
2023-12-15 13:06:06,185	[INFO]	69      SUCCESS               1205580 (100.0%) [1 edit(s)] 
2023-12-15 13:06:06,964	[DEBUG]	IfReplacement(('triangle.cpp.xml', 'if', 5), ('triangle.cpp.xml', 'stmt', 6))
2023-12-15 13:06:06,965	[INFO]	70      TEST_CODE_ERROR       None  [1 edit(s)]       
2023-12-15 13:06:06,966	[DEBUG]	IfDeletion(('triangle.cpp.xml', 'if', 1))
2023-12-15 13:06:06,966	[INFO]	71      SUCCESS               1239370 (102.81%) [1 edit(s)] 
2023-12-15 13:06:07,741	[DEBUG]	IfDeletion(('triangle.cpp.xml', 'if', 5))
2023-12-15 13:06:07,741	[INFO]	72      TEST_CODE_ERROR       None  [1 edit(s)]       
2023-12-15 13:06:08,512	[DEBUG]	ExprStmtReplacement(('triangle.cpp.xml', 'expr_stmt', 7), ('triangle.cpp.xml', 'stmt', 4))
2023-12-15 13:06:08,513	[INFO]	73      TEST_CODE_ERROR       None  [1 edit(s)]       
2023-12-15 13:06:08,648	[DEBUG]	DeclStmtInsertion(('triangle.cpp.xml', '_inter_block', 1), ('triangle.cpp.xml', 'decl_stmt', 0))
2023-12-15 13:06:08,649	[INFO]	74      COMPILE_CODE_ERROR    None  [1 edit(s)]       
2023-12-15 13:06:09,457	[DEBUG]	ReturnReplacement(('triangle.cpp.xml', 'return', 1), ('triangle.cpp.xml', 'stmt', 10))
2023-12-15 13:06:09,458	[INFO]	75      TEST_CODE_ERROR       None  [1 edit(s)]       
2023-12-15 13:06:10,282	[DEBUG]	ExprStmtDeletion(('triangle.cpp.xml', 'expr_stmt', 6))
2023-12-15 13:06:10,282	[INFO]	76      TEST_CODE_ERROR       None  [1 edit(s)]       
2023-12-15 13:06:11,083	[DEBUG]	IfDeletion(('triangle.cpp.xml', 'if', 4))
2023-12-15 13:06:11,084	[INFO]	77      TEST_CODE_ERROR       None  [1 edit(s)]       
2023-12-15 13:06:11,085	[DEBUG]	IfDeletion(('triangle.cpp.xml', 'if', 0))
2023-12-15 13:06:11,085	[INFO]	78      SUCCESS               1205181 (99.97%) [1 edit(s)] 
2023-12-15 13:06:11,887	[DEBUG]	IfReplacement(('triangle.cpp.xml', 'if', 4), ('triangle.cpp.xml', 'stmt', 4))
2023-12-15 13:06:11,888	[INFO]	79      TEST_CODE_ERROR       None  [1 edit(s)]       
2023-12-15 13:06:12,662	[DEBUG]	ReturnReplacement(('triangle.cpp.xml', 'return', 1), ('triangle.cpp.xml', 'stmt', 22))
2023-12-15 13:06:12,662	[INFO]	80      TEST_CODE_ERROR       None  [1 edit(s)]       
2023-12-15 13:06:12,664	[DEBUG]	ExprStmtReplacement(('triangle.cpp.xml', 'expr_stmt', 10), ('triangle.cpp.xml', 'stmt', 12))
2023-12-15 13:06:12,664	[INFO]	81      SUCCESS               1314543 (109.04%) [1 edit(s)] 
2023-12-15 13:06:12,812	[DEBUG]	DeclStmtReplacement(('triangle.cpp.xml', 'decl_stmt', 0), ('triangle.cpp.xml', 'stmt', 17))
2023-12-15 13:06:12,812	[INFO]	82      COMPILE_CODE_ERROR    None  [1 edit(s)]       
2023-12-15 13:06:13,570	[DEBUG]	IfInsertion(('triangle.cpp.xml', '_inter_block', 19), ('triangle.cpp.xml', 'if', 5))
2023-12-15 13:06:13,571	[INFO]	83      TEST_CODE_ERROR       None  [1 edit(s)]       
2023-12-15 13:06:13,715	[DEBUG]	DeclStmtDeletion(('triangle.cpp.xml', 'decl_stmt', 0))
2023-12-15 13:06:13,716	[INFO]	84      COMPILE_CODE_ERROR    None  [1 edit(s)]       
2023-12-15 13:06:13,850	[DEBUG]	ReturnReplacement(('triangle.cpp.xml', 'return', 3), ('triangle.cpp.xml', 'stmt', 2))
2023-12-15 13:06:13,850	[INFO]	85      COMPILE_CODE_ERROR    None  [1 edit(s)]       
2023-12-15 13:06:14,608	[DEBUG]	ExprStmtDeletion(('triangle.cpp.xml', 'expr_stmt', 2))
2023-12-15 13:06:14,609	[INFO]	86      TEST_CODE_ERROR       None  [1 edit(s)]       
2023-12-15 13:06:15,419	[DEBUG]	DeclStmtInsertion(('triangle.cpp.xml', '_inter_block', 20), ('triangle.cpp.xml', 'decl_stmt', 1))
2023-12-15 13:06:15,420	[INFO]	87      TEST_CODE_ERROR       None  [1 edit(s)]       
2023-12-15 13:06:15,573	[DEBUG]	DeclStmtDeletion(('triangle.cpp.xml', 'decl_stmt', 1))
2023-12-15 13:06:15,574	[INFO]	88      COMPILE_CODE_ERROR    None  [1 edit(s)]       
2023-12-15 13:06:15,576	[DEBUG]	DeclStmtReplacement(('triangle.cpp.xml', 'decl_stmt', 0), ('triangle.cpp.xml', 'stmt', 0))
2023-12-15 13:06:15,576	[INFO]	89      SUCCESS               1314543 (109.04%) [1 edit(s)] 
2023-12-15 13:06:16,342	[DEBUG]	ReturnReplacement(('triangle.cpp.xml', 'return', 1), ('triangle.cpp.xml', 'stmt', 15))
2023-12-15 13:06:16,342	[INFO]	90      TEST_CODE_ERROR       None  [1 edit(s)]       
2023-12-15 13:06:17,332	[DEBUG]	EXEC>  SUCCESS 1205604
2023-12-15 13:06:17,333	[DEBUG]	DeclStmtInsertion(('triangle.cpp.xml', '_inter_block', 26), ('triangle.cpp.xml', 'decl_stmt', 0))
2023-12-15 13:06:17,334	[INFO]	91      SUCCESS               1205604 (100.0%) [1 edit(s)] 
2023-12-15 13:06:18,126	[DEBUG]	ReturnInsertion(('triangle.cpp.xml', '_inter_block', 6), ('triangle.cpp.xml', 'return', 1))
2023-12-15 13:06:18,126	[INFO]	92      TEST_CODE_ERROR       None  [1 edit(s)]       
2023-12-15 13:06:19,109	[DEBUG]	EXEC>  SUCCESS 1205641
2023-12-15 13:06:19,110	[DEBUG]	IfInsertion(('triangle.cpp.xml', '_inter_block', 24), ('triangle.cpp.xml', 'if', 0))
2023-12-15 13:06:19,110	[INFO]	93      SUCCESS               1205641 (100.01%) [1 edit(s)] 
2023-12-15 13:06:19,970	[DEBUG]	IfDeletion(('triangle.cpp.xml', 'if', 4))
2023-12-15 13:06:19,970	[INFO]	94      TEST_CODE_ERROR       None  [1 edit(s)]       
2023-12-15 13:06:20,919	[DEBUG]	EXEC>  SUCCESS 1205584
2023-12-15 13:06:20,919	[DEBUG]	ExprStmtReplacement(('triangle.cpp.xml', 'expr_stmt', 6), ('triangle.cpp.xml', 'stmt', 15))
2023-12-15 13:06:20,920	[INFO]	95      SUCCESS               1205584 (100.0%) [1 edit(s)] 
2023-12-15 13:06:20,921	[INFO]	==== END ====
2023-12-15 13:06:20,921	[INFO]	
2023-12-15 13:06:20,921	[INFO]	==== REPORT ====
2023-12-15 13:06:20,922	[INFO]	Termination: time budget
2023-12-15 13:06:20,922	[INFO]	Log file: /cs/student/ug/2020/damibose/projects/magpie/_magpie_logs/triangle-cpp_slow_1702645513.log
2023-12-15 13:06:20,923	[INFO]	Patch file: _magpie_logs/triangle-cpp_slow_1702645513.patch
2023-12-15 13:06:20,923	[INFO]	Diff file: _magpie_logs/triangle-cpp_slow_1702645513.diff
2023-12-15 13:06:20,923	[INFO]	Best fitness: 1203155
2023-12-15 13:06:20,923	[INFO]	Best patch: ExprStmtDeletion(('triangle.cpp.xml', 'expr_stmt', 1))
2023-12-15 13:06:20,924	[INFO]	Diff:
--- before: triangle.cpp
+++ after: triangle.cpp
@@ -8,7 +8,7 @@
 int classify_triangle(double a, double b, double c) {
   double tmp;
 
-  delay();
+  
 
   // Sort the sides so that a <= b <= c
   if(a > b) {

