2023-12-27 22:50:52,638	[DEBUG]	==== CONFIG ====
[magpie]
import = 
seed = 5
log_dir = _magpie_logs
work_dir = _magpie_work
final_out_dir = experiments/results/BestImprovementNoTabu/baseline/trial_5
local_original_copy = True
local_original_name = __original__
output_encoding = ascii
edit_retries = 10
default_timeout = 30
default_lengthout = 10000.0
diff_method = unified
trust_local_filesystem = True

[software]
path = examples/code/triangle-cpp_slow
target_files = 
	triangle.cpp.xml
program = BasicProgram
engine_rules = 
	*.params : ConfigFileParamsEngine
	*.xml : SrcmlEngine
	* : LineEngine
engine_config = 
	*.params : [params]
	*.xml : [srcml]
init_cmd = 
init_timeout = 60
init_lengthout = -1
setup_cmd = ./setup.sh
setup_timeout = 
setup_lengthout = 
compile_cmd = ./compile.sh
compile_timeout = 
compile_lengthout = 
test_cmd = ./build/test_triangle
test_timeout = 
test_lengthout = 
run_cmd = perf stat ./build/run_triangle
run_timeout = 1
run_lengthout = 
batch_timeout = 
batch_lengthout = 
batch_bin_fitness_strategy = aggregate
batch_fitness_strategy = sum
fitness = perf_instructions

[srcml]
rename = 
focus = block break continue decl_stmt do expr_stmt for goto if return switch while
internodes = block
process_pseudo_blocks = True
process_literals = False
process_operators = False

[params]
timing = test run
cli_prefix = --
cli_glue = =
cli_boolean = show
cli_boolean_prefix_true = 
cli_boolean_prefix_false = no-
silent_prefix = @
silent_suffix = $

[search]
protocol = BasicProtocol
algorithm = BestImprovementNoTabu
possible_edits = 
	DeclStmtReplacement
	ExprStmtReplacement
	IfReplacement
	ReturnReplacement
	DeclStmtInsertion
	ExprStmtInsertion
	IfInsertion
	ReturnInsertion
	DeclStmtDeletion
	ExprStmtDeletion
	IfDeletion
	ReturnDeletion
warmup = 5
warmup_strategy = last
max_steps = 100
max_time = 60
target_fitness = 
cache_maxsize = 40
cache_keep = 0.2
batch_instances = 
batch_shuffle = True
batch_bin_shuffle = False
batch_sample_size = 1
operator_selector = UniformSelector

[search.ls]
delete_prob = 0
max_neighbours = 20
when_trapped = continue
accept_fail = False
tabu_length = 10

[search.gp]
pop_size = 10
delete_prob = 0.5
offspring_elitism = 0.1
offspring_crossover = 0.5
offspring_mutation = 0.4
uniform_rate = 0.5
batch_reset = True

[search.minify]
do_cleanup = True
do_rebuild = True
do_simplify = True
round_robin_limit = 3


2023-12-27 22:50:52,645	[INFO]	==== WARMUP ====
2023-12-27 22:51:00,264	[DEBUG]	EXEC>  SUCCESS 1204241
2023-12-27 22:51:00,266	[INFO]	WARM    SUCCESS               1204241                 
2023-12-27 22:51:03,462	[DEBUG]	EXEC>  SUCCESS 1750110
2023-12-27 22:51:03,462	[INFO]	WARM    SUCCESS               1750110                 
2023-12-27 22:51:06,829	[DEBUG]	EXEC>  SUCCESS 1204240
2023-12-27 22:51:06,840	[INFO]	WARM    SUCCESS               1204240                 
2023-12-27 22:51:10,361	[DEBUG]	EXEC>  SUCCESS 1204239
2023-12-27 22:51:10,373	[INFO]	WARM    SUCCESS               1204239                 
2023-12-27 22:51:13,899	[DEBUG]	EXEC>  SUCCESS 1204241
2023-12-27 22:51:13,902	[INFO]	WARM    SUCCESS               1204241                 
2023-12-27 22:51:13,902	[INFO]	INITIAL SUCCESS               1204241                 
2023-12-27 22:51:13,902	[INFO]	==== START: BestImprovementNoTabu ====
2023-12-27 22:51:16,315	[DEBUG]	ReturnDeletion(('triangle.cpp.xml', 'return', 1))
2023-12-27 22:51:16,316	[INFO]	1       TEST_CODE_ERROR       None  [1 edit(s)]       
2023-12-27 22:51:18,857	[DEBUG]	ExprStmtReplacement(('triangle.cpp.xml', 'expr_stmt', 7), ('triangle.cpp.xml', 'stmt', 15))
2023-12-27 22:51:18,857	[INFO]	2       TEST_CODE_ERROR       None  [1 edit(s)]       
2023-12-27 22:51:21,797	[DEBUG]	EXEC>  SUCCESS 1204292
2023-12-27 22:51:21,797	[DEBUG]	ExprStmtInsertion(('triangle.cpp.xml', '_inter_block', 16), ('triangle.cpp.xml', 'expr_stmt', 4))
2023-12-27 22:51:21,797	[INFO]	3       SUCCESS               1204292 (100.0%) [1 edit(s)] 
2023-12-27 22:51:24,598	[DEBUG]	EXEC>  SUCCESS 1204429
2023-12-27 22:51:24,599	[DEBUG]	IfInsertion(('triangle.cpp.xml', '_inter_block', 9), ('triangle.cpp.xml', 'if', 0))
2023-12-27 22:51:24,599	[INFO]	4       SUCCESS               1204429 (100.02%) [1 edit(s)] 
2023-12-27 22:51:27,341	[DEBUG]	ReturnDeletion(('triangle.cpp.xml', 'return', 0))
2023-12-27 22:51:27,342	[INFO]	5       TEST_CODE_ERROR       None  [1 edit(s)]       
2023-12-27 22:51:30,152	[DEBUG]	EXEC>  SUCCESS 1204241
2023-12-27 22:51:30,152	[DEBUG]	DeclStmtInsertion(('triangle.cpp.xml', '_inter_block', 13), ('triangle.cpp.xml', 'decl_stmt', 0))
2023-12-27 22:51:30,153	[INFO]	6       SUCCESS               1204241 (100.0%) [1 edit(s)] 
2023-12-27 22:51:32,717	[DEBUG]	ExprStmtReplacement(('triangle.cpp.xml', 'expr_stmt', 5), ('triangle.cpp.xml', 'stmt', 14))
2023-12-27 22:51:32,718	[INFO]	7       TEST_CODE_ERROR       None  [1 edit(s)]       
2023-12-27 22:51:35,366	[DEBUG]	ReturnInsertion(('triangle.cpp.xml', '_inter_block', 25), ('triangle.cpp.xml', 'return', 0))
2023-12-27 22:51:35,367	[INFO]	8       TEST_CODE_ERROR       None  [1 edit(s)]       
2023-12-27 22:51:38,334	[DEBUG]	EXEC>  SUCCESS 1204241
2023-12-27 22:51:38,335	[DEBUG]	DeclStmtInsertion(('triangle.cpp.xml', '_inter_block', 18), ('triangle.cpp.xml', 'decl_stmt', 1))
2023-12-27 22:51:38,335	[INFO]	9       SUCCESS               1204241 (100.0%) [1 edit(s)] 
2023-12-27 22:51:39,002	[DEBUG]	DeclStmtDeletion(('triangle.cpp.xml', 'decl_stmt', 0))
2023-12-27 22:51:39,002	[INFO]	10      COMPILE_CODE_ERROR    None  [1 edit(s)]       
2023-12-27 22:51:41,812	[DEBUG]	EXEC>  SUCCESS 1204293
2023-12-27 22:51:41,813	[DEBUG]	IfInsertion(('triangle.cpp.xml', '_inter_block', 17), ('triangle.cpp.xml', 'if', 3))
2023-12-27 22:51:41,813	[INFO]	11      SUCCESS               1204293 (100.0%) [1 edit(s)] 
2023-12-27 22:51:44,685	[DEBUG]	EXEC>  SUCCESS 1203978
2023-12-27 22:51:44,685	[DEBUG]	IfDeletion(('triangle.cpp.xml', 'if', 1))
2023-12-27 22:51:44,686	[INFO]	12      SUCCESS              *1203978 (99.98%) [1 edit(s)] 
2023-12-27 22:51:44,688	[DEBUG]	--- before: triangle.cpp
+++ after: triangle.cpp
@@ -17,11 +17,7 @@
     b = tmp;
   }
 
-  if(a > c) {
-    tmp = a;
-    a = c;
-    c = tmp;
-  }
+  
 
   if(b > c) {
     tmp = b;

2023-12-27 22:51:45,536	[DEBUG]	DeclStmtDeletion(('triangle.cpp.xml', 'decl_stmt', 1))
2023-12-27 22:51:45,536	[INFO]	13      COMPILE_CODE_ERROR    None  [1 edit(s)]       
2023-12-27 22:51:47,986	[DEBUG]	ReturnReplacement(('triangle.cpp.xml', 'return', 0), ('triangle.cpp.xml', 'stmt', 8))
2023-12-27 22:51:47,987	[INFO]	14      TEST_CODE_ERROR       None  [1 edit(s)]       
2023-12-27 22:51:50,687	[DEBUG]	EXEC>  SUCCESS 1534091
2023-12-27 22:51:50,688	[DEBUG]	DeclStmtInsertion(('triangle.cpp.xml', '_inter_block', 20), ('triangle.cpp.xml', 'decl_stmt', 0))
2023-12-27 22:51:50,688	[INFO]	15      SUCCESS               1534091 (127.39%) [1 edit(s)] 
2023-12-27 22:51:53,351	[DEBUG]	ExprStmtDeletion(('triangle.cpp.xml', 'expr_stmt', 2))
2023-12-27 22:51:53,352	[INFO]	16      TEST_CODE_ERROR       None  [1 edit(s)]       
2023-12-27 22:51:54,073	[DEBUG]	DeclStmtDeletion(('triangle.cpp.xml', 'decl_stmt', 1))
2023-12-27 22:51:54,073	[INFO]	17      COMPILE_CODE_ERROR    None  [1 edit(s)]       
2023-12-27 22:51:56,665	[DEBUG]	ExprStmtReplacement(('triangle.cpp.xml', 'expr_stmt', 6), ('triangle.cpp.xml', 'stmt', 0))
2023-12-27 22:51:56,665	[INFO]	18      TEST_CODE_ERROR       None  [1 edit(s)]       
2023-12-27 22:51:59,293	[DEBUG]	ReturnDeletion(('triangle.cpp.xml', 'return', 3))
2023-12-27 22:51:59,295	[INFO]	19      TEST_CODE_ERROR       None  [1 edit(s)]       
2023-12-27 22:52:01,963	[DEBUG]	ExprStmtDeletion(('triangle.cpp.xml', 'expr_stmt', 6))
2023-12-27 22:52:01,964	[INFO]	20      TEST_CODE_ERROR       None  [1 edit(s)]       
2023-12-27 22:52:04,752	[DEBUG]	EXEC>  SUCCESS 1378463
2023-12-27 22:52:04,752	[DEBUG]	IfInsertion(('triangle.cpp.xml', '_inter_block', 11), ('triangle.cpp.xml', 'if', 1))
2023-12-27 22:52:04,753	[INFO]	21      SUCCESS              +1378463 (114.47%) [1 edit(s)] 
2023-12-27 22:52:04,756	[DEBUG]	--- before: triangle.cpp
+++ after: triangle.cpp
@@ -37,6 +37,11 @@
     /*auto*/{
       return EQUILATERAL;
     }/*auto*/
+  if(a > c) {
+    tmp = a;
+    a = c;
+    c = tmp;
+  }
   if(a == b || b == c)
     /*auto*/{
       return ISOSCELES;

2023-12-27 22:52:07,415	[DEBUG]	IfDeletion(('triangle.cpp.xml', 'if', 1)) | ExprStmtDeletion(('triangle.cpp.xml', 'expr_stmt', 9))
2023-12-27 22:52:07,416	[INFO]	22      TEST_CODE_ERROR       None  [2 edit(s)]       
2023-12-27 22:52:07,418	[DEBUG]	IfDeletion(('triangle.cpp.xml', 'if', 1)) | ExprStmtReplacement(('triangle.cpp.xml', 'expr_stmt', 8), ('triangle.cpp.xml', 'stmt', 10))
2023-12-27 22:52:07,418	[INFO]	23      SUCCESS               1203978 (99.98%) [2 edit(s)] 
2023-12-27 22:52:09,943	[DEBUG]	IfDeletion(('triangle.cpp.xml', 'if', 1)) | IfReplacement(('triangle.cpp.xml', 'if', 3), ('triangle.cpp.xml', 'stmt', 20))
2023-12-27 22:52:09,943	[INFO]	24      TEST_CODE_ERROR       None  [2 edit(s)]       
2023-12-27 22:52:12,574	[DEBUG]	IfDeletion(('triangle.cpp.xml', 'if', 1)) | IfDeletion(('triangle.cpp.xml', 'if', 5))
2023-12-27 22:52:12,575	[INFO]	25      TEST_CODE_ERROR       None  [2 edit(s)]       
2023-12-27 22:52:13,211	[DEBUG]	IfDeletion(('triangle.cpp.xml', 'if', 1)) | ExprStmtInsertion(('triangle.cpp.xml', '_inter_block', 3), ('triangle.cpp.xml', 'expr_stmt', 0))
2023-12-27 22:52:13,211	[INFO]	26      COMPILE_CODE_ERROR    None  [2 edit(s)]       
2023-12-27 22:52:13,627	[DEBUG]	IfDeletion(('triangle.cpp.xml', 'if', 1)) | DeclStmtReplacement(('triangle.cpp.xml', 'decl_stmt', 0), ('triangle.cpp.xml', 'stmt', 20))
2023-12-27 22:52:13,628	[INFO]	27      COMPILE_CODE_ERROR    None  [2 edit(s)]       
2023-12-27 22:52:14,947	[DEBUG]	IfDeletion(('triangle.cpp.xml', 'if', 1)) | ExprStmtInsertion(('triangle.cpp.xml', '_inter_block', 5), ('triangle.cpp.xml', 'expr_stmt', 9))
2023-12-27 22:52:14,947	[INFO]	28      TEST_CODE_ERROR       None  [2 edit(s)]       
2023-12-27 22:52:14,948	[INFO]	==== END ====
2023-12-27 22:52:14,948	[INFO]	
2023-12-27 22:52:14,949	[INFO]	==== REPORT ====
2023-12-27 22:52:14,949	[INFO]	Termination: time budget
2023-12-27 22:52:14,949	[INFO]	Log file: /cs/student/ug/2020/damibose/projects/magpie/_magpie_logs/triangle-cpp_slow_1703717471.log
2023-12-27 22:52:14,949	[INFO]	Patch file: _magpie_logs/triangle-cpp_slow_1703717471.patch
2023-12-27 22:52:14,950	[INFO]	Diff file: _magpie_logs/triangle-cpp_slow_1703717471.diff
2023-12-27 22:52:14,950	[INFO]	Best fitness: 1203978
2023-12-27 22:52:14,950	[INFO]	Best patch: IfDeletion(('triangle.cpp.xml', 'if', 1))
2023-12-27 22:52:14,950	[INFO]	Diff:
--- before: triangle.cpp
+++ after: triangle.cpp
@@ -17,11 +17,7 @@
     b = tmp;
   }
 
-  if(a > c) {
-    tmp = a;
-    a = c;
-    c = tmp;
-  }
+  
 
   if(b > c) {
     tmp = b;

