2023-12-14 14:40:57,231	[DEBUG]	==== CONFIG ====
[magpie]
import = 
seed = 484747686473551
log_dir = _magpie_logs
work_dir = _magpie_work
local_original_copy = True
local_original_name = __original__
output_encoding = ascii
edit_retries = 10
default_timeout = 30
default_lengthout = 10000.0
diff_method = unified
trust_local_filesystem = True

[software]
path = examples/code/triangle-cpp_slow
target_files = 
	triangle.cpp.xml
program = BasicProgram
engine_rules = 
	*.params : ConfigFileParamsEngine
	*.xml : SrcmlEngine
	* : LineEngine
engine_config = 
	*.params : [params]
	*.xml : [srcml]
init_cmd = 
init_timeout = 60
init_lengthout = -1
setup_cmd = ./setup.sh
setup_timeout = 
setup_lengthout = 
compile_cmd = ./compile.sh
compile_timeout = 
compile_lengthout = 
test_cmd = ./build/test_triangle
test_timeout = 
test_lengthout = 
run_cmd = ./build/run_triangle
run_timeout = 1
run_lengthout = 
batch_timeout = 
batch_lengthout = 
batch_bin_fitness_strategy = aggregate
batch_fitness_strategy = sum
fitness = time

[srcml]
rename = 
focus = block break continue decl_stmt do expr_stmt for goto if return switch while
internodes = block
process_pseudo_blocks = True
process_literals = False
process_operators = False

[params]
timing = test run
cli_prefix = --
cli_glue = =
cli_boolean = show
cli_boolean_prefix_true = 
cli_boolean_prefix_false = no-
silent_prefix = @
silent_suffix = $

[search]
protocol = BasicProtocol
algorithm = FirstImprovement
possible_edits = 
	DeclStmtReplacement
	ExprStmtReplacement
	IfReplacement
	ReturnReplacement
	DeclStmtInsertion
	ExprStmtInsertion
	IfInsertion
	ReturnInsertion
	DeclStmtDeletion
	ExprStmtDeletion
	IfDeletion
	ReturnDeletion
warmup = 1
warmup_strategy = last
max_steps = 100
max_time = 60
target_fitness = 
cache_maxsize = 40
cache_keep = 0.2
batch_instances = 
batch_shuffle = True
batch_bin_shuffle = False
batch_sample_size = 1
operator_selector = WeightedSelector
initial_weights = 
	0
	0
	0
	0
	0
	0
	0
	0
	0
	1
	0
	0

[search.ls]
delete_prob = 0.5
max_neighbours = 
when_trapped = continue
accept_fail = False
tabu_length = 10

[search.gp]
pop_size = 10
delete_prob = 0.5
offspring_elitism = 0.1
offspring_crossover = 0.5
offspring_mutation = 0.4
uniform_rate = 0.5
batch_reset = True

[search.minify]
do_cleanup = True
do_rebuild = True
do_simplify = True
round_robin_limit = 3


2023-12-14 14:40:57,236	[INFO]	==== WARMUP ====
2023-12-14 14:40:59,744	[DEBUG]	EXEC>  SUCCESS 0.1041
2023-12-14 14:40:59,745	[INFO]	WARM    SUCCESS               0.1041                  
2023-12-14 14:40:59,746	[INFO]	INITIAL SUCCESS               0.1041                  
2023-12-14 14:40:59,746	[INFO]	==== START: FirstImprovement ====
2023-12-14 14:41:00,560	[DEBUG]	ExprStmtDeletion(('triangle.cpp.xml', 'expr_stmt', 4))
2023-12-14 14:41:00,560	[INFO]	1       TEST_CODE_ERROR       None  [1 edit(s)]       
2023-12-14 14:41:01,367	[DEBUG]	EXEC>  SUCCESS 0.0275
2023-12-14 14:41:01,368	[DEBUG]	ExprStmtDeletion(('triangle.cpp.xml', 'expr_stmt', 1))
2023-12-14 14:41:01,369	[INFO]	2       SUCCESS              *0.0275 (26.42%) [1 edit(s)] 
2023-12-14 14:41:01,370	[DEBUG]	--- before: triangle.cpp
+++ after: triangle.cpp
@@ -8,7 +8,7 @@
 int classify_triangle(double a, double b, double c) {
   double tmp;
 
-  delay();
+  
 
   // Sort the sides so that a <= b <= c
   if(a > b) {

2023-12-14 14:41:01,371	[DEBUG]	ExprStmtDeletion(('triangle.cpp.xml', 'expr_stmt', 1)) | ExprStmtDeletion(('triangle.cpp.xml', 'expr_stmt', 1))
2023-12-14 14:41:01,371	[INFO]	3       SUCCESS              +0.0275 (26.42%) [2 edit(s)] 
2023-12-14 14:41:01,372	[DEBUG]	--- before: triangle.cpp
+++ after: triangle.cpp
@@ -8,7 +8,7 @@
 int classify_triangle(double a, double b, double c) {
   double tmp;
 
-  delay();
+  
 
   // Sort the sides so that a <= b <= c
   if(a > b) {

2023-12-14 14:41:02,143	[DEBUG]	ExprStmtDeletion(('triangle.cpp.xml', 'expr_stmt', 1)) | ExprStmtDeletion(('triangle.cpp.xml', 'expr_stmt', 1)) | ExprStmtDeletion(('triangle.cpp.xml', 'expr_stmt', 10))
2023-12-14 14:41:02,144	[INFO]	4       TEST_CODE_ERROR       None  [3 edit(s)]       
2023-12-14 14:41:02,966	[DEBUG]	ExprStmtDeletion(('triangle.cpp.xml', 'expr_stmt', 1)) | ExprStmtDeletion(('triangle.cpp.xml', 'expr_stmt', 1)) | ExprStmtDeletion(('triangle.cpp.xml', 'expr_stmt', 3))
2023-12-14 14:41:02,966	[INFO]	5       TEST_CODE_ERROR       None  [3 edit(s)]       
2023-12-14 14:41:02,967	[DEBUG]	ExprStmtDeletion(('triangle.cpp.xml', 'expr_stmt', 1))
2023-12-14 14:41:02,968	[INFO]	6       SUCCESS              +0.0275 (26.42%) [1 edit(s)] 
2023-12-14 14:41:02,968	[DEBUG]	--- before: triangle.cpp
+++ after: triangle.cpp
@@ -8,7 +8,7 @@
 int classify_triangle(double a, double b, double c) {
   double tmp;
 
-  delay();
+  
 
   // Sort the sides so that a <= b <= c
   if(a > b) {

2023-12-14 14:41:03,746	[DEBUG]	ExprStmtDeletion(('triangle.cpp.xml', 'expr_stmt', 1)) | ExprStmtDeletion(('triangle.cpp.xml', 'expr_stmt', 2))
2023-12-14 14:41:03,746	[INFO]	7       TEST_CODE_ERROR       None  [2 edit(s)]       
2023-12-14 14:41:04,620	[DEBUG]	EXEC>  SUCCESS 0.096
2023-12-14 14:41:04,621	[DEBUG]	
2023-12-14 14:41:04,621	[INFO]	8       SUCCESS               0.096 (92.22%) [0 edit(s)] 
2023-12-14 14:41:05,386	[DEBUG]	ExprStmtDeletion(('triangle.cpp.xml', 'expr_stmt', 1)) | ExprStmtDeletion(('triangle.cpp.xml', 'expr_stmt', 9))
2023-12-14 14:41:05,386	[INFO]	9       TEST_CODE_ERROR       None  [2 edit(s)]       
2023-12-14 14:41:06,182	[DEBUG]	ExprStmtDeletion(('triangle.cpp.xml', 'expr_stmt', 1)) | ExprStmtDeletion(('triangle.cpp.xml', 'expr_stmt', 6))
2023-12-14 14:41:06,183	[INFO]	10      TEST_CODE_ERROR       None  [2 edit(s)]       
2023-12-14 14:41:06,966	[DEBUG]	ExprStmtDeletion(('triangle.cpp.xml', 'expr_stmt', 1)) | ExprStmtDeletion(('triangle.cpp.xml', 'expr_stmt', 9))
2023-12-14 14:41:06,966	[INFO]	11      TEST_CODE_ERROR       None  [2 edit(s)]       
2023-12-14 14:41:07,750	[DEBUG]	ExprStmtDeletion(('triangle.cpp.xml', 'expr_stmt', 1)) | ExprStmtDeletion(('triangle.cpp.xml', 'expr_stmt', 8))
2023-12-14 14:41:07,751	[INFO]	12      TEST_CODE_ERROR       None  [2 edit(s)]       
2023-12-14 14:41:08,536	[DEBUG]	ExprStmtDeletion(('triangle.cpp.xml', 'expr_stmt', 1)) | ExprStmtDeletion(('triangle.cpp.xml', 'expr_stmt', 3))
2023-12-14 14:41:08,536	[INFO]	13      TEST_CODE_ERROR       None  [2 edit(s)]       
2023-12-14 14:41:08,538	[DEBUG]	ExprStmtDeletion(('triangle.cpp.xml', 'expr_stmt', 1)) | ExprStmtDeletion(('triangle.cpp.xml', 'expr_stmt', 1))
2023-12-14 14:41:08,538	[INFO]	14      SUCCESS              +0.0275 (26.42%) [2 edit(s)] 
2023-12-14 14:41:08,539	[DEBUG]	--- before: triangle.cpp
+++ after: triangle.cpp
@@ -8,7 +8,7 @@
 int classify_triangle(double a, double b, double c) {
   double tmp;
 
-  delay();
+  
 
   // Sort the sides so that a <= b <= c
   if(a > b) {

2023-12-14 14:41:09,286	[DEBUG]	ExprStmtDeletion(('triangle.cpp.xml', 'expr_stmt', 1)) | ExprStmtDeletion(('triangle.cpp.xml', 'expr_stmt', 1)) | ExprStmtDeletion(('triangle.cpp.xml', 'expr_stmt', 4))
2023-12-14 14:41:09,286	[INFO]	15      TEST_CODE_ERROR       None  [3 edit(s)]       
2023-12-14 14:41:09,288	[DEBUG]	ExprStmtDeletion(('triangle.cpp.xml', 'expr_stmt', 1))
2023-12-14 14:41:09,288	[INFO]	16      SUCCESS              +0.0275 (26.42%) [1 edit(s)] 
2023-12-14 14:41:09,288	[DEBUG]	--- before: triangle.cpp
+++ after: triangle.cpp
@@ -8,7 +8,7 @@
 int classify_triangle(double a, double b, double c) {
   double tmp;
 
-  delay();
+  
 
   // Sort the sides so that a <= b <= c
   if(a > b) {

2023-12-14 14:41:10,066	[DEBUG]	ExprStmtDeletion(('triangle.cpp.xml', 'expr_stmt', 1)) | ExprStmtDeletion(('triangle.cpp.xml', 'expr_stmt', 2))
2023-12-14 14:41:10,067	[INFO]	17      TEST_CODE_ERROR       None  [2 edit(s)]       
2023-12-14 14:41:10,068	[DEBUG]	
2023-12-14 14:41:10,068	[INFO]	18      SUCCESS               0.096 (92.22%) [0 edit(s)] 
2023-12-14 14:41:10,784	[DEBUG]	ExprStmtDeletion(('triangle.cpp.xml', 'expr_stmt', 1)) | ExprStmtDeletion(('triangle.cpp.xml', 'expr_stmt', 4))
2023-12-14 14:41:10,785	[INFO]	19      TEST_CODE_ERROR       None  [2 edit(s)]       
2023-12-14 14:41:11,563	[DEBUG]	ExprStmtDeletion(('triangle.cpp.xml', 'expr_stmt', 1)) | ExprStmtDeletion(('triangle.cpp.xml', 'expr_stmt', 4))
2023-12-14 14:41:11,564	[INFO]	20      TEST_CODE_ERROR       None  [2 edit(s)]       
2023-12-14 14:41:12,320	[DEBUG]	ExprStmtDeletion(('triangle.cpp.xml', 'expr_stmt', 1)) | ExprStmtDeletion(('triangle.cpp.xml', 'expr_stmt', 9))
2023-12-14 14:41:12,320	[INFO]	21      TEST_CODE_ERROR       None  [2 edit(s)]       
2023-12-14 14:41:13,089	[DEBUG]	ExprStmtDeletion(('triangle.cpp.xml', 'expr_stmt', 1)) | ExprStmtDeletion(('triangle.cpp.xml', 'expr_stmt', 5))
2023-12-14 14:41:13,090	[INFO]	22      TEST_CODE_ERROR       None  [2 edit(s)]       
2023-12-14 14:41:13,867	[DEBUG]	ExprStmtDeletion(('triangle.cpp.xml', 'expr_stmt', 1)) | ExprStmtDeletion(('triangle.cpp.xml', 'expr_stmt', 7))
2023-12-14 14:41:13,867	[INFO]	23      TEST_CODE_ERROR       None  [2 edit(s)]       
2023-12-14 14:41:14,608	[DEBUG]	ExprStmtDeletion(('triangle.cpp.xml', 'expr_stmt', 1)) | ExprStmtDeletion(('triangle.cpp.xml', 'expr_stmt', 2))
2023-12-14 14:41:14,608	[INFO]	24      TEST_CODE_ERROR       None  [2 edit(s)]       
2023-12-14 14:41:15,358	[DEBUG]	ExprStmtDeletion(('triangle.cpp.xml', 'expr_stmt', 1)) | ExprStmtDeletion(('triangle.cpp.xml', 'expr_stmt', 7))
2023-12-14 14:41:15,358	[INFO]	25      TEST_CODE_ERROR       None  [2 edit(s)]       
2023-12-14 14:41:16,124	[DEBUG]	ExprStmtDeletion(('triangle.cpp.xml', 'expr_stmt', 1)) | ExprStmtDeletion(('triangle.cpp.xml', 'expr_stmt', 2))
2023-12-14 14:41:16,124	[INFO]	26      TEST_CODE_ERROR       None  [2 edit(s)]       
2023-12-14 14:41:16,891	[DEBUG]	ExprStmtDeletion(('triangle.cpp.xml', 'expr_stmt', 1)) | ExprStmtDeletion(('triangle.cpp.xml', 'expr_stmt', 7))
2023-12-14 14:41:16,891	[INFO]	27      TEST_CODE_ERROR       None  [2 edit(s)]       
2023-12-14 14:41:17,654	[DEBUG]	ExprStmtDeletion(('triangle.cpp.xml', 'expr_stmt', 1)) | ExprStmtDeletion(('triangle.cpp.xml', 'expr_stmt', 5))
2023-12-14 14:41:17,654	[INFO]	28      TEST_CODE_ERROR       None  [2 edit(s)]       
2023-12-14 14:41:18,414	[DEBUG]	ExprStmtDeletion(('triangle.cpp.xml', 'expr_stmt', 1)) | ExprStmtDeletion(('triangle.cpp.xml', 'expr_stmt', 10))
2023-12-14 14:41:18,415	[INFO]	29      TEST_CODE_ERROR       None  [2 edit(s)]       
2023-12-14 14:41:19,171	[DEBUG]	ExprStmtDeletion(('triangle.cpp.xml', 'expr_stmt', 1)) | ExprStmtDeletion(('triangle.cpp.xml', 'expr_stmt', 3))
2023-12-14 14:41:19,171	[INFO]	30      TEST_CODE_ERROR       None  [2 edit(s)]       
2023-12-14 14:41:19,904	[DEBUG]	ExprStmtDeletion(('triangle.cpp.xml', 'expr_stmt', 1)) | ExprStmtDeletion(('triangle.cpp.xml', 'expr_stmt', 5))
2023-12-14 14:41:19,905	[INFO]	31      TEST_CODE_ERROR       None  [2 edit(s)]       
2023-12-14 14:41:20,694	[DEBUG]	ExprStmtDeletion(('triangle.cpp.xml', 'expr_stmt', 1)) | ExprStmtDeletion(('triangle.cpp.xml', 'expr_stmt', 8))
2023-12-14 14:41:20,695	[INFO]	32      TEST_CODE_ERROR       None  [2 edit(s)]       
2023-12-14 14:41:20,696	[DEBUG]	ExprStmtDeletion(('triangle.cpp.xml', 'expr_stmt', 1)) | ExprStmtDeletion(('triangle.cpp.xml', 'expr_stmt', 1))
2023-12-14 14:41:20,696	[INFO]	33      SUCCESS              +0.0275 (26.42%) [2 edit(s)] 
2023-12-14 14:41:20,697	[DEBUG]	--- before: triangle.cpp
+++ after: triangle.cpp
@@ -8,7 +8,7 @@
 int classify_triangle(double a, double b, double c) {
   double tmp;
 
-  delay();
+  
 
   // Sort the sides so that a <= b <= c
   if(a > b) {

2023-12-14 14:41:20,698	[DEBUG]	ExprStmtDeletion(('triangle.cpp.xml', 'expr_stmt', 1))
2023-12-14 14:41:20,698	[INFO]	34      SUCCESS              +0.0275 (26.42%) [1 edit(s)] 
2023-12-14 14:41:20,698	[DEBUG]	--- before: triangle.cpp
+++ after: triangle.cpp
@@ -8,7 +8,7 @@
 int classify_triangle(double a, double b, double c) {
   double tmp;
 
-  delay();
+  
 
   // Sort the sides so that a <= b <= c
   if(a > b) {

2023-12-14 14:41:20,699	[DEBUG]	
2023-12-14 14:41:20,699	[INFO]	35      SUCCESS               0.096 (92.22%) [0 edit(s)] 
2023-12-14 14:41:21,481	[DEBUG]	EXEC>  SUCCESS 0.0228
2023-12-14 14:41:21,481	[DEBUG]	ExprStmtDeletion(('triangle.cpp.xml', 'expr_stmt', 1)) | ExprStmtDeletion(('triangle.cpp.xml', 'expr_stmt', 0))
2023-12-14 14:41:21,482	[INFO]	36      SUCCESS              *0.0228 (21.9%) [2 edit(s)] 
2023-12-14 14:41:21,483	[DEBUG]	--- before: triangle.cpp
+++ after: triangle.cpp
@@ -2,13 +2,13 @@
 
 void delay() {
   const struct timespec ms = {0, (long int) (0.001*1e9)}; //tv_sec=0, tv_nsec (0.001 seconds)
-  nanosleep(&ms,NULL); /*ignores possible errors*/
+   /*ignores possible errors*/
 }
 
 int classify_triangle(double a, double b, double c) {
   double tmp;
 
-  delay();
+  
 
   // Sort the sides so that a <= b <= c
   if(a > b) {

2023-12-14 14:41:22,244	[DEBUG]	ExprStmtDeletion(('triangle.cpp.xml', 'expr_stmt', 1)) | ExprStmtDeletion(('triangle.cpp.xml', 'expr_stmt', 0)) | ExprStmtDeletion(('triangle.cpp.xml', 'expr_stmt', 5))
2023-12-14 14:41:22,245	[INFO]	37      TEST_CODE_ERROR       None  [3 edit(s)]       
2023-12-14 14:41:22,246	[DEBUG]	ExprStmtDeletion(('triangle.cpp.xml', 'expr_stmt', 1)) | ExprStmtDeletion(('triangle.cpp.xml', 'expr_stmt', 0)) | ExprStmtDeletion(('triangle.cpp.xml', 'expr_stmt', 0))
2023-12-14 14:41:22,246	[INFO]	38      SUCCESS              +0.0228 (21.9%) [3 edit(s)] 
2023-12-14 14:41:22,247	[DEBUG]	--- before: triangle.cpp
+++ after: triangle.cpp
@@ -2,13 +2,13 @@
 
 void delay() {
   const struct timespec ms = {0, (long int) (0.001*1e9)}; //tv_sec=0, tv_nsec (0.001 seconds)
-  nanosleep(&ms,NULL); /*ignores possible errors*/
+   /*ignores possible errors*/
 }
 
 int classify_triangle(double a, double b, double c) {
   double tmp;
 
-  delay();
+  
 
   // Sort the sides so that a <= b <= c
   if(a > b) {

2023-12-14 14:41:23,031	[DEBUG]	EXEC>  SUCCESS 0.0229
2023-12-14 14:41:23,032	[DEBUG]	ExprStmtDeletion(('triangle.cpp.xml', 'expr_stmt', 0)) | ExprStmtDeletion(('triangle.cpp.xml', 'expr_stmt', 0))
2023-12-14 14:41:23,032	[INFO]	39      SUCCESS               0.0229 (22.0%) [2 edit(s)] 
2023-12-14 14:41:23,033	[DEBUG]	ExprStmtDeletion(('triangle.cpp.xml', 'expr_stmt', 1)) | ExprStmtDeletion(('triangle.cpp.xml', 'expr_stmt', 0))
2023-12-14 14:41:23,033	[INFO]	40      SUCCESS              +0.0228 (21.9%) [2 edit(s)] 
2023-12-14 14:41:23,034	[DEBUG]	--- before: triangle.cpp
+++ after: triangle.cpp
@@ -2,13 +2,13 @@
 
 void delay() {
   const struct timespec ms = {0, (long int) (0.001*1e9)}; //tv_sec=0, tv_nsec (0.001 seconds)
-  nanosleep(&ms,NULL); /*ignores possible errors*/
+   /*ignores possible errors*/
 }
 
 int classify_triangle(double a, double b, double c) {
   double tmp;
 
-  delay();
+  
 
   // Sort the sides so that a <= b <= c
   if(a > b) {

2023-12-14 14:41:23,786	[DEBUG]	ExprStmtDeletion(('triangle.cpp.xml', 'expr_stmt', 1)) | ExprStmtDeletion(('triangle.cpp.xml', 'expr_stmt', 0)) | ExprStmtDeletion(('triangle.cpp.xml', 'expr_stmt', 10))
2023-12-14 14:41:23,786	[INFO]	41      TEST_CODE_ERROR       None  [3 edit(s)]       
2023-12-14 14:41:23,787	[DEBUG]	ExprStmtDeletion(('triangle.cpp.xml', 'expr_stmt', 0))
2023-12-14 14:41:23,787	[INFO]	42      SUCCESS               0.0229 (22.0%) [1 edit(s)] 
2023-12-14 14:41:24,552	[DEBUG]	ExprStmtDeletion(('triangle.cpp.xml', 'expr_stmt', 1)) | ExprStmtDeletion(('triangle.cpp.xml', 'expr_stmt', 0)) | ExprStmtDeletion(('triangle.cpp.xml', 'expr_stmt', 5))
2023-12-14 14:41:24,553	[INFO]	43      TEST_CODE_ERROR       None  [3 edit(s)]       
2023-12-14 14:41:24,554	[DEBUG]	ExprStmtDeletion(('triangle.cpp.xml', 'expr_stmt', 1)) | ExprStmtDeletion(('triangle.cpp.xml', 'expr_stmt', 0)) | ExprStmtDeletion(('triangle.cpp.xml', 'expr_stmt', 0))
2023-12-14 14:41:24,554	[INFO]	44      SUCCESS              +0.0228 (21.9%) [3 edit(s)] 
2023-12-14 14:41:24,555	[DEBUG]	--- before: triangle.cpp
+++ after: triangle.cpp
@@ -2,13 +2,13 @@
 
 void delay() {
   const struct timespec ms = {0, (long int) (0.001*1e9)}; //tv_sec=0, tv_nsec (0.001 seconds)
-  nanosleep(&ms,NULL); /*ignores possible errors*/
+   /*ignores possible errors*/
 }
 
 int classify_triangle(double a, double b, double c) {
   double tmp;
 
-  delay();
+  
 
   // Sort the sides so that a <= b <= c
   if(a > b) {

2023-12-14 14:41:25,329	[DEBUG]	ExprStmtDeletion(('triangle.cpp.xml', 'expr_stmt', 1)) | ExprStmtDeletion(('triangle.cpp.xml', 'expr_stmt', 0)) | ExprStmtDeletion(('triangle.cpp.xml', 'expr_stmt', 0)) | ExprStmtDeletion(('triangle.cpp.xml', 'expr_stmt', 4))
2023-12-14 14:41:25,330	[INFO]	45      TEST_CODE_ERROR       None  [4 edit(s)]       
2023-12-14 14:41:26,130	[DEBUG]	ExprStmtDeletion(('triangle.cpp.xml', 'expr_stmt', 1)) | ExprStmtDeletion(('triangle.cpp.xml', 'expr_stmt', 0)) | ExprStmtDeletion(('triangle.cpp.xml', 'expr_stmt', 0)) | ExprStmtDeletion(('triangle.cpp.xml', 'expr_stmt', 7))
2023-12-14 14:41:26,130	[INFO]	46      TEST_CODE_ERROR       None  [4 edit(s)]       
2023-12-14 14:41:26,908	[DEBUG]	ExprStmtDeletion(('triangle.cpp.xml', 'expr_stmt', 1)) | ExprStmtDeletion(('triangle.cpp.xml', 'expr_stmt', 0)) | ExprStmtDeletion(('triangle.cpp.xml', 'expr_stmt', 0)) | ExprStmtDeletion(('triangle.cpp.xml', 'expr_stmt', 9))
2023-12-14 14:41:26,909	[INFO]	47      TEST_CODE_ERROR       None  [4 edit(s)]       
2023-12-14 14:41:27,665	[DEBUG]	ExprStmtDeletion(('triangle.cpp.xml', 'expr_stmt', 1)) | ExprStmtDeletion(('triangle.cpp.xml', 'expr_stmt', 0)) | ExprStmtDeletion(('triangle.cpp.xml', 'expr_stmt', 0)) | ExprStmtDeletion(('triangle.cpp.xml', 'expr_stmt', 10))
2023-12-14 14:41:27,665	[INFO]	48      TEST_CODE_ERROR       None  [4 edit(s)]       
2023-12-14 14:41:28,424	[DEBUG]	ExprStmtDeletion(('triangle.cpp.xml', 'expr_stmt', 1)) | ExprStmtDeletion(('triangle.cpp.xml', 'expr_stmt', 0)) | ExprStmtDeletion(('triangle.cpp.xml', 'expr_stmt', 0)) | ExprStmtDeletion(('triangle.cpp.xml', 'expr_stmt', 2))
2023-12-14 14:41:28,424	[INFO]	49      TEST_CODE_ERROR       None  [4 edit(s)]       
2023-12-14 14:41:28,425	[DEBUG]	ExprStmtDeletion(('triangle.cpp.xml', 'expr_stmt', 1)) | ExprStmtDeletion(('triangle.cpp.xml', 'expr_stmt', 0))
2023-12-14 14:41:28,425	[INFO]	50      SUCCESS              +0.0228 (21.9%) [2 edit(s)] 
2023-12-14 14:41:28,426	[DEBUG]	--- before: triangle.cpp
+++ after: triangle.cpp
@@ -2,13 +2,13 @@
 
 void delay() {
   const struct timespec ms = {0, (long int) (0.001*1e9)}; //tv_sec=0, tv_nsec (0.001 seconds)
-  nanosleep(&ms,NULL); /*ignores possible errors*/
+   /*ignores possible errors*/
 }
 
 int classify_triangle(double a, double b, double c) {
   double tmp;
 
-  delay();
+  
 
   // Sort the sides so that a <= b <= c
   if(a > b) {

2023-12-14 14:41:28,427	[DEBUG]	ExprStmtDeletion(('triangle.cpp.xml', 'expr_stmt', 1)) | ExprStmtDeletion(('triangle.cpp.xml', 'expr_stmt', 0)) | ExprStmtDeletion(('triangle.cpp.xml', 'expr_stmt', 0))
2023-12-14 14:41:28,427	[INFO]	51      SUCCESS              +0.0228 (21.9%) [3 edit(s)] 
2023-12-14 14:41:28,428	[DEBUG]	--- before: triangle.cpp
+++ after: triangle.cpp
@@ -2,13 +2,13 @@
 
 void delay() {
   const struct timespec ms = {0, (long int) (0.001*1e9)}; //tv_sec=0, tv_nsec (0.001 seconds)
-  nanosleep(&ms,NULL); /*ignores possible errors*/
+   /*ignores possible errors*/
 }
 
 int classify_triangle(double a, double b, double c) {
   double tmp;
 
-  delay();
+  
 
   // Sort the sides so that a <= b <= c
   if(a > b) {

2023-12-14 14:41:29,205	[DEBUG]	ExprStmtDeletion(('triangle.cpp.xml', 'expr_stmt', 1)) | ExprStmtDeletion(('triangle.cpp.xml', 'expr_stmt', 0)) | ExprStmtDeletion(('triangle.cpp.xml', 'expr_stmt', 0)) | ExprStmtDeletion(('triangle.cpp.xml', 'expr_stmt', 7))
2023-12-14 14:41:29,205	[INFO]	52      TEST_CODE_ERROR       None  [4 edit(s)]       
2023-12-14 14:41:29,956	[DEBUG]	ExprStmtDeletion(('triangle.cpp.xml', 'expr_stmt', 1)) | ExprStmtDeletion(('triangle.cpp.xml', 'expr_stmt', 0)) | ExprStmtDeletion(('triangle.cpp.xml', 'expr_stmt', 0)) | ExprStmtDeletion(('triangle.cpp.xml', 'expr_stmt', 7))
2023-12-14 14:41:29,956	[INFO]	53      TEST_CODE_ERROR       None  [4 edit(s)]       
2023-12-14 14:41:30,721	[DEBUG]	ExprStmtDeletion(('triangle.cpp.xml', 'expr_stmt', 1)) | ExprStmtDeletion(('triangle.cpp.xml', 'expr_stmt', 0)) | ExprStmtDeletion(('triangle.cpp.xml', 'expr_stmt', 0)) | ExprStmtDeletion(('triangle.cpp.xml', 'expr_stmt', 8))
2023-12-14 14:41:30,722	[INFO]	54      TEST_CODE_ERROR       None  [4 edit(s)]       
2023-12-14 14:41:31,485	[DEBUG]	ExprStmtDeletion(('triangle.cpp.xml', 'expr_stmt', 1)) | ExprStmtDeletion(('triangle.cpp.xml', 'expr_stmt', 0)) | ExprStmtDeletion(('triangle.cpp.xml', 'expr_stmt', 0)) | ExprStmtDeletion(('triangle.cpp.xml', 'expr_stmt', 5))
2023-12-14 14:41:31,486	[INFO]	55      TEST_CODE_ERROR       None  [4 edit(s)]       
2023-12-14 14:41:31,487	[DEBUG]	ExprStmtDeletion(('triangle.cpp.xml', 'expr_stmt', 1)) | ExprStmtDeletion(('triangle.cpp.xml', 'expr_stmt', 0))
2023-12-14 14:41:31,487	[INFO]	56      SUCCESS              +0.0228 (21.9%) [2 edit(s)] 
2023-12-14 14:41:31,488	[DEBUG]	--- before: triangle.cpp
+++ after: triangle.cpp
@@ -2,13 +2,13 @@
 
 void delay() {
   const struct timespec ms = {0, (long int) (0.001*1e9)}; //tv_sec=0, tv_nsec (0.001 seconds)
-  nanosleep(&ms,NULL); /*ignores possible errors*/
+   /*ignores possible errors*/
 }
 
 int classify_triangle(double a, double b, double c) {
   double tmp;
 
-  delay();
+  
 
   // Sort the sides so that a <= b <= c
   if(a > b) {

2023-12-14 14:41:31,488	[DEBUG]	ExprStmtDeletion(('triangle.cpp.xml', 'expr_stmt', 0))
2023-12-14 14:41:31,489	[INFO]	57      SUCCESS               0.0229 (22.0%) [1 edit(s)] 
2023-12-14 14:41:32,400	[DEBUG]	ExprStmtDeletion(('triangle.cpp.xml', 'expr_stmt', 1)) | ExprStmtDeletion(('triangle.cpp.xml', 'expr_stmt', 0)) | ExprStmtDeletion(('triangle.cpp.xml', 'expr_stmt', 7))
2023-12-14 14:41:32,400	[INFO]	58      TEST_CODE_ERROR       None  [3 edit(s)]       
2023-12-14 14:41:32,402	[DEBUG]	ExprStmtDeletion(('triangle.cpp.xml', 'expr_stmt', 1))
2023-12-14 14:41:32,402	[INFO]	59      SUCCESS               0.0275 (26.42%) [1 edit(s)] 
2023-12-14 14:41:32,403	[DEBUG]	ExprStmtDeletion(('triangle.cpp.xml', 'expr_stmt', 1)) | ExprStmtDeletion(('triangle.cpp.xml', 'expr_stmt', 0)) | ExprStmtDeletion(('triangle.cpp.xml', 'expr_stmt', 1))
2023-12-14 14:41:32,403	[INFO]	60      SUCCESS              +0.0228 (21.9%) [3 edit(s)] 
2023-12-14 14:41:32,404	[DEBUG]	--- before: triangle.cpp
+++ after: triangle.cpp
@@ -2,13 +2,13 @@
 
 void delay() {
   const struct timespec ms = {0, (long int) (0.001*1e9)}; //tv_sec=0, tv_nsec (0.001 seconds)
-  nanosleep(&ms,NULL); /*ignores possible errors*/
+   /*ignores possible errors*/
 }
 
 int classify_triangle(double a, double b, double c) {
   double tmp;
 
-  delay();
+  
 
   // Sort the sides so that a <= b <= c
   if(a > b) {

2023-12-14 14:41:32,405	[DEBUG]	ExprStmtDeletion(('triangle.cpp.xml', 'expr_stmt', 0)) | ExprStmtDeletion(('triangle.cpp.xml', 'expr_stmt', 1))
2023-12-14 14:41:32,405	[INFO]	61      SUCCESS              +0.0228 (21.9%) [2 edit(s)] 
2023-12-14 14:41:32,406	[DEBUG]	--- before: triangle.cpp
+++ after: triangle.cpp
@@ -2,13 +2,13 @@
 
 void delay() {
   const struct timespec ms = {0, (long int) (0.001*1e9)}; //tv_sec=0, tv_nsec (0.001 seconds)
-  nanosleep(&ms,NULL); /*ignores possible errors*/
+   /*ignores possible errors*/
 }
 
 int classify_triangle(double a, double b, double c) {
   double tmp;
 
-  delay();
+  
 
   // Sort the sides so that a <= b <= c
   if(a > b) {

2023-12-14 14:41:32,408	[DEBUG]	ExprStmtDeletion(('triangle.cpp.xml', 'expr_stmt', 1))
2023-12-14 14:41:32,408	[INFO]	62      SUCCESS               0.0275 (26.42%) [1 edit(s)] 
2023-12-14 14:41:33,188	[DEBUG]	ExprStmtDeletion(('triangle.cpp.xml', 'expr_stmt', 0)) | ExprStmtDeletion(('triangle.cpp.xml', 'expr_stmt', 1)) | ExprStmtDeletion(('triangle.cpp.xml', 'expr_stmt', 6))
2023-12-14 14:41:33,188	[INFO]	63      TEST_CODE_ERROR       None  [3 edit(s)]       
2023-12-14 14:41:33,190	[DEBUG]	ExprStmtDeletion(('triangle.cpp.xml', 'expr_stmt', 0)) | ExprStmtDeletion(('triangle.cpp.xml', 'expr_stmt', 1)) | ExprStmtDeletion(('triangle.cpp.xml', 'expr_stmt', 0))
2023-12-14 14:41:33,190	[INFO]	64      SUCCESS              +0.0228 (21.9%) [3 edit(s)] 
2023-12-14 14:41:33,191	[DEBUG]	--- before: triangle.cpp
+++ after: triangle.cpp
@@ -2,13 +2,13 @@
 
 void delay() {
   const struct timespec ms = {0, (long int) (0.001*1e9)}; //tv_sec=0, tv_nsec (0.001 seconds)
-  nanosleep(&ms,NULL); /*ignores possible errors*/
+   /*ignores possible errors*/
 }
 
 int classify_triangle(double a, double b, double c) {
   double tmp;
 
-  delay();
+  
 
   // Sort the sides so that a <= b <= c
   if(a > b) {

2023-12-14 14:41:33,192	[DEBUG]	ExprStmtDeletion(('triangle.cpp.xml', 'expr_stmt', 1)) | ExprStmtDeletion(('triangle.cpp.xml', 'expr_stmt', 0))
2023-12-14 14:41:33,193	[INFO]	65      SUCCESS              +0.0228 (21.9%) [2 edit(s)] 
2023-12-14 14:41:33,194	[DEBUG]	--- before: triangle.cpp
+++ after: triangle.cpp
@@ -2,13 +2,13 @@
 
 void delay() {
   const struct timespec ms = {0, (long int) (0.001*1e9)}; //tv_sec=0, tv_nsec (0.001 seconds)
-  nanosleep(&ms,NULL); /*ignores possible errors*/
+   /*ignores possible errors*/
 }
 
 int classify_triangle(double a, double b, double c) {
   double tmp;
 
-  delay();
+  
 
   // Sort the sides so that a <= b <= c
   if(a > b) {

2023-12-14 14:41:33,194	[DEBUG]	ExprStmtDeletion(('triangle.cpp.xml', 'expr_stmt', 1))
2023-12-14 14:41:33,195	[INFO]	66      SUCCESS               0.0275 (26.42%) [1 edit(s)] 
2023-12-14 14:41:33,983	[DEBUG]	ExprStmtDeletion(('triangle.cpp.xml', 'expr_stmt', 1)) | ExprStmtDeletion(('triangle.cpp.xml', 'expr_stmt', 0)) | ExprStmtDeletion(('triangle.cpp.xml', 'expr_stmt', 5))
2023-12-14 14:41:33,984	[INFO]	67      TEST_CODE_ERROR       None  [3 edit(s)]       
2023-12-14 14:41:34,749	[DEBUG]	ExprStmtDeletion(('triangle.cpp.xml', 'expr_stmt', 1)) | ExprStmtDeletion(('triangle.cpp.xml', 'expr_stmt', 0)) | ExprStmtDeletion(('triangle.cpp.xml', 'expr_stmt', 5))
2023-12-14 14:41:34,749	[INFO]	68      TEST_CODE_ERROR       None  [3 edit(s)]       
2023-12-14 14:41:34,751	[DEBUG]	ExprStmtDeletion(('triangle.cpp.xml', 'expr_stmt', 0))
2023-12-14 14:41:34,751	[INFO]	69      SUCCESS               0.0229 (22.0%) [1 edit(s)] 
2023-12-14 14:41:34,752	[DEBUG]	ExprStmtDeletion(('triangle.cpp.xml', 'expr_stmt', 1)) | ExprStmtDeletion(('triangle.cpp.xml', 'expr_stmt', 0)) | ExprStmtDeletion(('triangle.cpp.xml', 'expr_stmt', 0))
2023-12-14 14:41:34,752	[INFO]	70      SUCCESS              +0.0228 (21.9%) [3 edit(s)] 
2023-12-14 14:41:34,753	[DEBUG]	--- before: triangle.cpp
+++ after: triangle.cpp
@@ -2,13 +2,13 @@
 
 void delay() {
   const struct timespec ms = {0, (long int) (0.001*1e9)}; //tv_sec=0, tv_nsec (0.001 seconds)
-  nanosleep(&ms,NULL); /*ignores possible errors*/
+   /*ignores possible errors*/
 }
 
 int classify_triangle(double a, double b, double c) {
   double tmp;
 
-  delay();
+  
 
   // Sort the sides so that a <= b <= c
   if(a > b) {

2023-12-14 14:41:35,490	[DEBUG]	ExprStmtDeletion(('triangle.cpp.xml', 'expr_stmt', 1)) | ExprStmtDeletion(('triangle.cpp.xml', 'expr_stmt', 0)) | ExprStmtDeletion(('triangle.cpp.xml', 'expr_stmt', 0)) | ExprStmtDeletion(('triangle.cpp.xml', 'expr_stmt', 4))
2023-12-14 14:41:35,491	[INFO]	71      TEST_CODE_ERROR       None  [4 edit(s)]       
2023-12-14 14:41:36,258	[DEBUG]	ExprStmtDeletion(('triangle.cpp.xml', 'expr_stmt', 1)) | ExprStmtDeletion(('triangle.cpp.xml', 'expr_stmt', 0)) | ExprStmtDeletion(('triangle.cpp.xml', 'expr_stmt', 0)) | ExprStmtDeletion(('triangle.cpp.xml', 'expr_stmt', 4))
2023-12-14 14:41:36,258	[INFO]	72      TEST_CODE_ERROR       None  [4 edit(s)]       
2023-12-14 14:41:36,259	[DEBUG]	ExprStmtDeletion(('triangle.cpp.xml', 'expr_stmt', 0)) | ExprStmtDeletion(('triangle.cpp.xml', 'expr_stmt', 0))
2023-12-14 14:41:36,260	[INFO]	73      SUCCESS               0.0229 (22.0%) [2 edit(s)] 
2023-12-14 14:41:36,261	[DEBUG]	ExprStmtDeletion(('triangle.cpp.xml', 'expr_stmt', 1)) | ExprStmtDeletion(('triangle.cpp.xml', 'expr_stmt', 0))
2023-12-14 14:41:36,261	[INFO]	74      SUCCESS              +0.0228 (21.9%) [2 edit(s)] 
2023-12-14 14:41:36,261	[DEBUG]	--- before: triangle.cpp
+++ after: triangle.cpp
@@ -2,13 +2,13 @@
 
 void delay() {
   const struct timespec ms = {0, (long int) (0.001*1e9)}; //tv_sec=0, tv_nsec (0.001 seconds)
-  nanosleep(&ms,NULL); /*ignores possible errors*/
+   /*ignores possible errors*/
 }
 
 int classify_triangle(double a, double b, double c) {
   double tmp;
 
-  delay();
+  
 
   // Sort the sides so that a <= b <= c
   if(a > b) {

2023-12-14 14:41:37,028	[DEBUG]	ExprStmtDeletion(('triangle.cpp.xml', 'expr_stmt', 1)) | ExprStmtDeletion(('triangle.cpp.xml', 'expr_stmt', 0)) | ExprStmtDeletion(('triangle.cpp.xml', 'expr_stmt', 3))
2023-12-14 14:41:37,028	[INFO]	75      TEST_CODE_ERROR       None  [3 edit(s)]       
2023-12-14 14:41:37,801	[DEBUG]	ExprStmtDeletion(('triangle.cpp.xml', 'expr_stmt', 1)) | ExprStmtDeletion(('triangle.cpp.xml', 'expr_stmt', 0)) | ExprStmtDeletion(('triangle.cpp.xml', 'expr_stmt', 4))
2023-12-14 14:41:37,802	[INFO]	76      TEST_CODE_ERROR       None  [3 edit(s)]       
2023-12-14 14:41:38,555	[DEBUG]	ExprStmtDeletion(('triangle.cpp.xml', 'expr_stmt', 1)) | ExprStmtDeletion(('triangle.cpp.xml', 'expr_stmt', 0)) | ExprStmtDeletion(('triangle.cpp.xml', 'expr_stmt', 5))
2023-12-14 14:41:38,556	[INFO]	77      TEST_CODE_ERROR       None  [3 edit(s)]       
2023-12-14 14:41:39,345	[DEBUG]	ExprStmtDeletion(('triangle.cpp.xml', 'expr_stmt', 1)) | ExprStmtDeletion(('triangle.cpp.xml', 'expr_stmt', 0)) | ExprStmtDeletion(('triangle.cpp.xml', 'expr_stmt', 9))
2023-12-14 14:41:39,346	[INFO]	78      TEST_CODE_ERROR       None  [3 edit(s)]       
2023-12-14 14:41:40,147	[DEBUG]	ExprStmtDeletion(('triangle.cpp.xml', 'expr_stmt', 1)) | ExprStmtDeletion(('triangle.cpp.xml', 'expr_stmt', 0)) | ExprStmtDeletion(('triangle.cpp.xml', 'expr_stmt', 5))
2023-12-14 14:41:40,148	[INFO]	79      TEST_CODE_ERROR       None  [3 edit(s)]       
2023-12-14 14:41:40,951	[DEBUG]	ExprStmtDeletion(('triangle.cpp.xml', 'expr_stmt', 1)) | ExprStmtDeletion(('triangle.cpp.xml', 'expr_stmt', 0)) | ExprStmtDeletion(('triangle.cpp.xml', 'expr_stmt', 4))
2023-12-14 14:41:40,952	[INFO]	80      TEST_CODE_ERROR       None  [3 edit(s)]       
2023-12-14 14:41:40,953	[DEBUG]	ExprStmtDeletion(('triangle.cpp.xml', 'expr_stmt', 1)) | ExprStmtDeletion(('triangle.cpp.xml', 'expr_stmt', 0)) | ExprStmtDeletion(('triangle.cpp.xml', 'expr_stmt', 1))
2023-12-14 14:41:40,954	[INFO]	81      SUCCESS              +0.0228 (21.9%) [3 edit(s)] 
2023-12-14 14:41:40,954	[DEBUG]	--- before: triangle.cpp
+++ after: triangle.cpp
@@ -2,13 +2,13 @@
 
 void delay() {
   const struct timespec ms = {0, (long int) (0.001*1e9)}; //tv_sec=0, tv_nsec (0.001 seconds)
-  nanosleep(&ms,NULL); /*ignores possible errors*/
+   /*ignores possible errors*/
 }
 
 int classify_triangle(double a, double b, double c) {
   double tmp;
 
-  delay();
+  
 
   // Sort the sides so that a <= b <= c
   if(a > b) {

2023-12-14 14:41:40,955	[DEBUG]	ExprStmtDeletion(('triangle.cpp.xml', 'expr_stmt', 1)) | ExprStmtDeletion(('triangle.cpp.xml', 'expr_stmt', 0))
2023-12-14 14:41:40,956	[INFO]	82      SUCCESS              +0.0228 (21.9%) [2 edit(s)] 
2023-12-14 14:41:40,956	[DEBUG]	--- before: triangle.cpp
+++ after: triangle.cpp
@@ -2,13 +2,13 @@
 
 void delay() {
   const struct timespec ms = {0, (long int) (0.001*1e9)}; //tv_sec=0, tv_nsec (0.001 seconds)
-  nanosleep(&ms,NULL); /*ignores possible errors*/
+   /*ignores possible errors*/
 }
 
 int classify_triangle(double a, double b, double c) {
   double tmp;
 
-  delay();
+  
 
   // Sort the sides so that a <= b <= c
   if(a > b) {

2023-12-14 14:41:41,748	[DEBUG]	ExprStmtDeletion(('triangle.cpp.xml', 'expr_stmt', 1)) | ExprStmtDeletion(('triangle.cpp.xml', 'expr_stmt', 0)) | ExprStmtDeletion(('triangle.cpp.xml', 'expr_stmt', 8))
2023-12-14 14:41:41,749	[INFO]	83      TEST_CODE_ERROR       None  [3 edit(s)]       
2023-12-14 14:41:42,498	[DEBUG]	ExprStmtDeletion(('triangle.cpp.xml', 'expr_stmt', 1)) | ExprStmtDeletion(('triangle.cpp.xml', 'expr_stmt', 0)) | ExprStmtDeletion(('triangle.cpp.xml', 'expr_stmt', 2))
2023-12-14 14:41:42,499	[INFO]	84      TEST_CODE_ERROR       None  [3 edit(s)]       
2023-12-14 14:41:43,275	[DEBUG]	ExprStmtDeletion(('triangle.cpp.xml', 'expr_stmt', 1)) | ExprStmtDeletion(('triangle.cpp.xml', 'expr_stmt', 0)) | ExprStmtDeletion(('triangle.cpp.xml', 'expr_stmt', 7))
2023-12-14 14:41:43,276	[INFO]	85      TEST_CODE_ERROR       None  [3 edit(s)]       
2023-12-14 14:41:43,277	[DEBUG]	ExprStmtDeletion(('triangle.cpp.xml', 'expr_stmt', 0))
2023-12-14 14:41:43,277	[INFO]	86      SUCCESS               0.0229 (22.0%) [1 edit(s)] 
2023-12-14 14:41:43,278	[DEBUG]	ExprStmtDeletion(('triangle.cpp.xml', 'expr_stmt', 1))
2023-12-14 14:41:43,278	[INFO]	87      SUCCESS               0.0275 (26.42%) [1 edit(s)] 
2023-12-14 14:41:43,279	[DEBUG]	ExprStmtDeletion(('triangle.cpp.xml', 'expr_stmt', 1)) | ExprStmtDeletion(('triangle.cpp.xml', 'expr_stmt', 0)) | ExprStmtDeletion(('triangle.cpp.xml', 'expr_stmt', 1))
2023-12-14 14:41:43,279	[INFO]	88      SUCCESS              +0.0228 (21.9%) [3 edit(s)] 
2023-12-14 14:41:43,280	[DEBUG]	--- before: triangle.cpp
+++ after: triangle.cpp
@@ -2,13 +2,13 @@
 
 void delay() {
   const struct timespec ms = {0, (long int) (0.001*1e9)}; //tv_sec=0, tv_nsec (0.001 seconds)
-  nanosleep(&ms,NULL); /*ignores possible errors*/
+   /*ignores possible errors*/
 }
 
 int classify_triangle(double a, double b, double c) {
   double tmp;
 
-  delay();
+  
 
   // Sort the sides so that a <= b <= c
   if(a > b) {

2023-12-14 14:41:43,281	[DEBUG]	ExprStmtDeletion(('triangle.cpp.xml', 'expr_stmt', 1)) | ExprStmtDeletion(('triangle.cpp.xml', 'expr_stmt', 0)) | ExprStmtDeletion(('triangle.cpp.xml', 'expr_stmt', 1)) | ExprStmtDeletion(('triangle.cpp.xml', 'expr_stmt', 0))
2023-12-14 14:41:43,281	[INFO]	89      SUCCESS              +0.0228 (21.9%) [4 edit(s)] 
2023-12-14 14:41:43,282	[DEBUG]	--- before: triangle.cpp
+++ after: triangle.cpp
@@ -2,13 +2,13 @@
 
 void delay() {
   const struct timespec ms = {0, (long int) (0.001*1e9)}; //tv_sec=0, tv_nsec (0.001 seconds)
-  nanosleep(&ms,NULL); /*ignores possible errors*/
+   /*ignores possible errors*/
 }
 
 int classify_triangle(double a, double b, double c) {
   double tmp;
 
-  delay();
+  
 
   // Sort the sides so that a <= b <= c
   if(a > b) {

2023-12-14 14:41:43,283	[DEBUG]	ExprStmtDeletion(('triangle.cpp.xml', 'expr_stmt', 1)) | ExprStmtDeletion(('triangle.cpp.xml', 'expr_stmt', 1)) | ExprStmtDeletion(('triangle.cpp.xml', 'expr_stmt', 0))
2023-12-14 14:41:43,283	[INFO]	90      SUCCESS              +0.0228 (21.9%) [3 edit(s)] 
2023-12-14 14:41:43,283	[DEBUG]	--- before: triangle.cpp
+++ after: triangle.cpp
@@ -2,13 +2,13 @@
 
 void delay() {
   const struct timespec ms = {0, (long int) (0.001*1e9)}; //tv_sec=0, tv_nsec (0.001 seconds)
-  nanosleep(&ms,NULL); /*ignores possible errors*/
+   /*ignores possible errors*/
 }
 
 int classify_triangle(double a, double b, double c) {
   double tmp;
 
-  delay();
+  
 
   // Sort the sides so that a <= b <= c
   if(a > b) {

2023-12-14 14:41:44,024	[DEBUG]	ExprStmtDeletion(('triangle.cpp.xml', 'expr_stmt', 1)) | ExprStmtDeletion(('triangle.cpp.xml', 'expr_stmt', 1)) | ExprStmtDeletion(('triangle.cpp.xml', 'expr_stmt', 0)) | ExprStmtDeletion(('triangle.cpp.xml', 'expr_stmt', 6))
2023-12-14 14:41:44,025	[INFO]	91      TEST_CODE_ERROR       None  [4 edit(s)]       
2023-12-14 14:41:44,027	[DEBUG]	ExprStmtDeletion(('triangle.cpp.xml', 'expr_stmt', 1)) | ExprStmtDeletion(('triangle.cpp.xml', 'expr_stmt', 1))
2023-12-14 14:41:44,027	[INFO]	92      SUCCESS               0.0275 (26.42%) [2 edit(s)] 
2023-12-14 14:41:44,028	[DEBUG]	ExprStmtDeletion(('triangle.cpp.xml', 'expr_stmt', 1)) | ExprStmtDeletion(('triangle.cpp.xml', 'expr_stmt', 0))
2023-12-14 14:41:44,028	[INFO]	93      SUCCESS              +0.0228 (21.9%) [2 edit(s)] 
2023-12-14 14:41:44,029	[DEBUG]	--- before: triangle.cpp
+++ after: triangle.cpp
@@ -2,13 +2,13 @@
 
 void delay() {
   const struct timespec ms = {0, (long int) (0.001*1e9)}; //tv_sec=0, tv_nsec (0.001 seconds)
-  nanosleep(&ms,NULL); /*ignores possible errors*/
+   /*ignores possible errors*/
 }
 
 int classify_triangle(double a, double b, double c) {
   double tmp;
 
-  delay();
+  
 
   // Sort the sides so that a <= b <= c
   if(a > b) {

2023-12-14 14:41:44,749	[DEBUG]	ExprStmtDeletion(('triangle.cpp.xml', 'expr_stmt', 1)) | ExprStmtDeletion(('triangle.cpp.xml', 'expr_stmt', 0)) | ExprStmtDeletion(('triangle.cpp.xml', 'expr_stmt', 10))
2023-12-14 14:41:44,749	[INFO]	94      TEST_CODE_ERROR       None  [3 edit(s)]       
2023-12-14 14:41:44,750	[DEBUG]	ExprStmtDeletion(('triangle.cpp.xml', 'expr_stmt', 0))
2023-12-14 14:41:44,750	[INFO]	95      SUCCESS               0.0229 (22.0%) [1 edit(s)] 
2023-12-14 14:41:44,751	[DEBUG]	ExprStmtDeletion(('triangle.cpp.xml', 'expr_stmt', 1))
2023-12-14 14:41:44,751	[INFO]	96      SUCCESS               0.0275 (26.42%) [1 edit(s)] 
2023-12-14 14:41:45,506	[DEBUG]	ExprStmtDeletion(('triangle.cpp.xml', 'expr_stmt', 1)) | ExprStmtDeletion(('triangle.cpp.xml', 'expr_stmt', 0)) | ExprStmtDeletion(('triangle.cpp.xml', 'expr_stmt', 10))
2023-12-14 14:41:45,507	[INFO]	97      TEST_CODE_ERROR       None  [3 edit(s)]       
2023-12-14 14:41:45,508	[DEBUG]	ExprStmtDeletion(('triangle.cpp.xml', 'expr_stmt', 1)) | ExprStmtDeletion(('triangle.cpp.xml', 'expr_stmt', 0)) | ExprStmtDeletion(('triangle.cpp.xml', 'expr_stmt', 0))
2023-12-14 14:41:45,509	[INFO]	98      SUCCESS              +0.0228 (21.9%) [3 edit(s)] 
2023-12-14 14:41:45,509	[DEBUG]	--- before: triangle.cpp
+++ after: triangle.cpp
@@ -2,13 +2,13 @@
 
 void delay() {
   const struct timespec ms = {0, (long int) (0.001*1e9)}; //tv_sec=0, tv_nsec (0.001 seconds)
-  nanosleep(&ms,NULL); /*ignores possible errors*/
+   /*ignores possible errors*/
 }
 
 int classify_triangle(double a, double b, double c) {
   double tmp;
 
-  delay();
+  
 
   // Sort the sides so that a <= b <= c
   if(a > b) {

2023-12-14 14:41:45,510	[DEBUG]	ExprStmtDeletion(('triangle.cpp.xml', 'expr_stmt', 0)) | ExprStmtDeletion(('triangle.cpp.xml', 'expr_stmt', 0))
2023-12-14 14:41:45,510	[INFO]	99      SUCCESS               0.0229 (22.0%) [2 edit(s)] 
2023-12-14 14:41:45,511	[DEBUG]	ExprStmtDeletion(('triangle.cpp.xml', 'expr_stmt', 1)) | ExprStmtDeletion(('triangle.cpp.xml', 'expr_stmt', 0))
2023-12-14 14:41:45,511	[INFO]	100     SUCCESS              +0.0228 (21.9%) [2 edit(s)] 
2023-12-14 14:41:45,512	[DEBUG]	--- before: triangle.cpp
+++ after: triangle.cpp
@@ -2,13 +2,13 @@
 
 void delay() {
   const struct timespec ms = {0, (long int) (0.001*1e9)}; //tv_sec=0, tv_nsec (0.001 seconds)
-  nanosleep(&ms,NULL); /*ignores possible errors*/
+   /*ignores possible errors*/
 }
 
 int classify_triangle(double a, double b, double c) {
   double tmp;
 
-  delay();
+  
 
   // Sort the sides so that a <= b <= c
   if(a > b) {

2023-12-14 14:41:45,513	[INFO]	==== END ====
2023-12-14 14:41:45,513	[INFO]	
2023-12-14 14:41:45,513	[INFO]	==== REPORT ====
2023-12-14 14:41:45,514	[INFO]	Termination: step budget
2023-12-14 14:41:45,515	[INFO]	Log file: /cs/student/ug/2020/damibose/projects/magpie/_magpie_logs/triangle-cpp_slow_1702564857.log
2023-12-14 14:41:45,516	[INFO]	Patch file: _magpie_logs/triangle-cpp_slow_1702564857.patch
2023-12-14 14:41:45,516	[INFO]	Diff file: _magpie_logs/triangle-cpp_slow_1702564857.diff
2023-12-14 14:41:45,517	[INFO]	Best fitness: 0.0228
2023-12-14 14:41:45,517	[INFO]	Best patch: ExprStmtDeletion(('triangle.cpp.xml', 'expr_stmt', 1)) | ExprStmtDeletion(('triangle.cpp.xml', 'expr_stmt', 0))
2023-12-14 14:41:45,518	[INFO]	Diff:
--- before: triangle.cpp
+++ after: triangle.cpp
@@ -2,13 +2,13 @@
 
 void delay() {
   const struct timespec ms = {0, (long int) (0.001*1e9)}; //tv_sec=0, tv_nsec (0.001 seconds)
-  nanosleep(&ms,NULL); /*ignores possible errors*/
+   /*ignores possible errors*/
 }
 
 int classify_triangle(double a, double b, double c) {
   double tmp;
 
-  delay();
+  
 
   // Sort the sides so that a <= b <= c
   if(a > b) {

