2023-12-15 03:36:27,819	[DEBUG]	==== CONFIG ====
[magpie]
import = 
seed = 9
log_dir = _magpie_logs
work_dir = _magpie_work
final_out_dir = experiments/results_e_greedy_proof_of_concept/epsilon_greedy/BestImprovementNoTabu/trial_9
local_original_copy = True
local_original_name = __original__
output_encoding = ascii
edit_retries = 10
default_timeout = 30
default_lengthout = 10000.0
diff_method = unified
trust_local_filesystem = True

[software]
path = examples/code/triangle-cpp_slow
target_files = 
	triangle.cpp.xml
program = BasicProgram
engine_rules = 
	*.params : ConfigFileParamsEngine
	*.xml : SrcmlEngine
	* : LineEngine
engine_config = 
	*.params : [params]
	*.xml : [srcml]
init_cmd = 
init_timeout = 60
init_lengthout = -1
setup_cmd = ./setup.sh
setup_timeout = 
setup_lengthout = 
compile_cmd = ./compile.sh
compile_timeout = 
compile_lengthout = 
test_cmd = ./build/test_triangle
test_timeout = 
test_lengthout = 
run_cmd = perf stat ./build/run_triangle
run_timeout = 1
run_lengthout = 
batch_timeout = 
batch_lengthout = 
batch_bin_fitness_strategy = aggregate
batch_fitness_strategy = sum
fitness = perf_instructions

[srcml]
rename = 
focus = block break continue decl_stmt do expr_stmt for goto if return switch while
internodes = block
process_pseudo_blocks = True
process_literals = False
process_operators = False

[params]
timing = test run
cli_prefix = --
cli_glue = =
cli_boolean = show
cli_boolean_prefix_true = 
cli_boolean_prefix_false = no-
silent_prefix = @
silent_suffix = $

[search]
protocol = BasicProtocol
algorithm = BestImprovementNoTabu
possible_edits = 
	DeclStmtReplacement
	ExprStmtReplacement
	IfReplacement
	ReturnReplacement
	DeclStmtInsertion
	ExprStmtInsertion
	IfInsertion
	ReturnInsertion
	DeclStmtDeletion
	ExprStmtDeletion
	IfDeletion
	ReturnDeletion
warmup = 5
warmup_strategy = last
max_steps = 100
max_time = 60
target_fitness = 
cache_maxsize = 40
cache_keep = 0.2
batch_instances = 
batch_shuffle = True
batch_bin_shuffle = False
batch_sample_size = 1
operator_selector = EpsilonGreedy
epsilon = 0.2

[search.ls]
delete_prob = 0
max_neighbours = 20
when_trapped = continue
accept_fail = False
tabu_length = 10

[search.gp]
pop_size = 10
delete_prob = 0.5
offspring_elitism = 0.1
offspring_crossover = 0.5
offspring_mutation = 0.4
uniform_rate = 0.5
batch_reset = True

[search.minify]
do_cleanup = True
do_rebuild = True
do_simplify = True
round_robin_limit = 3


2023-12-15 03:36:27,824	[INFO]	==== WARMUP ====
2023-12-15 03:36:30,522	[DEBUG]	EXEC>  SUCCESS 1506977
2023-12-15 03:36:30,523	[INFO]	WARM    SUCCESS               1506977                 
2023-12-15 03:36:31,495	[DEBUG]	EXEC>  SUCCESS 1204238
2023-12-15 03:36:31,496	[INFO]	WARM    SUCCESS               1204238                 
2023-12-15 03:36:32,464	[DEBUG]	EXEC>  SUCCESS 1204241
2023-12-15 03:36:32,465	[INFO]	WARM    SUCCESS               1204241                 
2023-12-15 03:36:33,535	[DEBUG]	EXEC>  SUCCESS 1253911
2023-12-15 03:36:33,535	[INFO]	WARM    SUCCESS               1253911                 
2023-12-15 03:36:34,529	[DEBUG]	EXEC>  SUCCESS 1204241
2023-12-15 03:36:34,529	[INFO]	WARM    SUCCESS               1204241                 
2023-12-15 03:36:34,530	[INFO]	INITIAL SUCCESS               1204241                 
2023-12-15 03:36:34,530	[INFO]	==== START: BestImprovementNoTabu ====
2023-12-15 03:36:34,681	[DEBUG]	ExprStmtInsertion(('triangle.cpp.xml', '_inter_block', 24), ('triangle.cpp.xml', 'expr_stmt', 0))
2023-12-15 03:36:34,681	[INFO]	1       COMPILE_CODE_ERROR    None  [1 edit(s)]       
2023-12-15 03:36:34,810	[DEBUG]	DeclStmtReplacement(('triangle.cpp.xml', 'decl_stmt', 0), ('triangle.cpp.xml', 'stmt', 15))
2023-12-15 03:36:34,810	[INFO]	2       COMPILE_CODE_ERROR    None  [1 edit(s)]       
2023-12-15 03:36:34,938	[DEBUG]	ExprStmtReplacement(('triangle.cpp.xml', 'expr_stmt', 0), ('triangle.cpp.xml', 'stmt', 22))
2023-12-15 03:36:34,939	[INFO]	3       COMPILE_CODE_ERROR    None  [1 edit(s)]       
2023-12-15 03:36:35,692	[DEBUG]	ExprStmtReplacement(('triangle.cpp.xml', 'expr_stmt', 10), ('triangle.cpp.xml', 'stmt', 4))
2023-12-15 03:36:35,692	[INFO]	4       TEST_CODE_ERROR       None  [1 edit(s)]       
2023-12-15 03:36:36,490	[DEBUG]	ReturnReplacement(('triangle.cpp.xml', 'return', 1), ('triangle.cpp.xml', 'stmt', 9))
2023-12-15 03:36:36,491	[INFO]	5       TEST_CODE_ERROR       None  [1 edit(s)]       
2023-12-15 03:36:37,299	[DEBUG]	IfReplacement(('triangle.cpp.xml', 'if', 5), ('triangle.cpp.xml', 'stmt', 17))
2023-12-15 03:36:37,299	[INFO]	6       TEST_CODE_ERROR       None  [1 edit(s)]       
2023-12-15 03:36:38,081	[DEBUG]	DeclStmtInsertion(('triangle.cpp.xml', '_inter_block', 16), ('triangle.cpp.xml', 'decl_stmt', 1))
2023-12-15 03:36:38,081	[INFO]	7       TEST_CODE_ERROR       None  [1 edit(s)]       
2023-12-15 03:36:39,048	[DEBUG]	EXEC>  SUCCESS 1204239
2023-12-15 03:36:39,049	[DEBUG]	IfInsertion(('triangle.cpp.xml', '_inter_block', 31), ('triangle.cpp.xml', 'if', 3))
2023-12-15 03:36:39,049	[INFO]	8       SUCCESS              *1204239 (100.0%) [1 edit(s)] 
2023-12-15 03:36:39,050	[DEBUG]	--- before: triangle.cpp
+++ after: triangle.cpp
@@ -40,6 +40,10 @@
   if(a == b || b == c)
     /*auto*/{
       return ISOSCELES;
+      if(a + b <= c)
+        /*auto*/{
+          return INVALID;
+        }/*auto*/
     }/*auto*/
   return SCALENE;
 }

2023-12-15 03:36:39,915	[DEBUG]	ReturnInsertion(('triangle.cpp.xml', '_inter_block', 26), ('triangle.cpp.xml', 'return', 2))
2023-12-15 03:36:39,915	[INFO]	9       TEST_CODE_ERROR       None  [1 edit(s)]       
2023-12-15 03:36:40,086	[DEBUG]	DeclStmtDeletion(('triangle.cpp.xml', 'decl_stmt', 0))
2023-12-15 03:36:40,086	[INFO]	10      COMPILE_CODE_ERROR    None  [1 edit(s)]       
2023-12-15 03:36:40,870	[DEBUG]	ExprStmtReplacement(('triangle.cpp.xml', 'expr_stmt', 10), ('triangle.cpp.xml', 'stmt', 3))
2023-12-15 03:36:40,870	[INFO]	11      TEST_CODE_ERROR       None  [1 edit(s)]       
2023-12-15 03:36:41,794	[DEBUG]	EXEC>  SUCCESS 1201844
2023-12-15 03:36:41,795	[DEBUG]	ExprStmtDeletion(('triangle.cpp.xml', 'expr_stmt', 1))
2023-12-15 03:36:41,795	[INFO]	12      SUCCESS              *1201844 (99.8%) [1 edit(s)] 
2023-12-15 03:36:41,796	[DEBUG]	--- before: triangle.cpp
+++ after: triangle.cpp
@@ -8,7 +8,7 @@
 int classify_triangle(double a, double b, double c) {
   double tmp;
 
-  delay();
+  
 
   // Sort the sides so that a <= b <= c
   if(a > b) {

2023-12-15 03:36:41,932	[DEBUG]	DeclStmtDeletion(('triangle.cpp.xml', 'decl_stmt', 0))
2023-12-15 03:36:41,932	[INFO]	13      COMPILE_CODE_ERROR    None  [1 edit(s)]       
2023-12-15 03:36:42,733	[DEBUG]	IfDeletion(('triangle.cpp.xml', 'if', 3))
2023-12-15 03:36:42,733	[INFO]	14      TEST_CODE_ERROR       None  [1 edit(s)]       
2023-12-15 03:36:43,524	[DEBUG]	ReturnDeletion(('triangle.cpp.xml', 'return', 0))
2023-12-15 03:36:43,524	[INFO]	15      TEST_CODE_ERROR       None  [1 edit(s)]       
2023-12-15 03:36:44,343	[DEBUG]	ReturnInsertion(('triangle.cpp.xml', '_inter_block', 15), ('triangle.cpp.xml', 'return', 3))
2023-12-15 03:36:44,343	[INFO]	16      TEST_CODE_ERROR       None  [1 edit(s)]       
2023-12-15 03:36:45,107	[DEBUG]	ExprStmtDeletion(('triangle.cpp.xml', 'expr_stmt', 6))
2023-12-15 03:36:45,107	[INFO]	17      TEST_CODE_ERROR       None  [1 edit(s)]       
2023-12-15 03:36:46,097	[DEBUG]	EXEC>  SUCCESS 1204419
2023-12-15 03:36:46,097	[DEBUG]	IfInsertion(('triangle.cpp.xml', '_inter_block', 20), ('triangle.cpp.xml', 'if', 5))
2023-12-15 03:36:46,098	[INFO]	18      SUCCESS               1204419 (100.01%) [1 edit(s)] 
2023-12-15 03:36:46,906	[DEBUG]	IfInsertion(('triangle.cpp.xml', '_inter_block', 19), ('triangle.cpp.xml', 'if', 5))
2023-12-15 03:36:46,906	[INFO]	19      TEST_CODE_ERROR       None  [1 edit(s)]       
2023-12-15 03:36:47,883	[DEBUG]	EXEC>  SUCCESS 1204410
2023-12-15 03:36:47,883	[DEBUG]	IfInsertion(('triangle.cpp.xml', '_inter_block', 15), ('triangle.cpp.xml', 'if', 5))
2023-12-15 03:36:47,883	[INFO]	20      SUCCESS               1204410 (100.01%) [1 edit(s)] 
2023-12-15 03:36:48,719	[DEBUG]	IfInsertion(('triangle.cpp.xml', '_inter_block', 6), ('triangle.cpp.xml', 'if', 5))
2023-12-15 03:36:48,720	[INFO]	21      TEST_CODE_ERROR      +None  [1 edit(s)]       
2023-12-15 03:36:48,721	[DEBUG]	--- before: triangle.cpp
+++ after: triangle.cpp
@@ -9,6 +9,10 @@
   double tmp;
 
   delay();
+  if(a == b || b == c)
+    /*auto*/{
+      return ISOSCELES;
+    }/*auto*/
 
   // Sort the sides so that a <= b <= c
   if(a > b) {

2023-12-15 03:36:49,554	[DEBUG]	EXEC>  SUCCESS 1201934
2023-12-15 03:36:49,555	[DEBUG]	ExprStmtDeletion(('triangle.cpp.xml', 'expr_stmt', 1)) | IfInsertion(('triangle.cpp.xml', '_inter_block', 24), ('triangle.cpp.xml', 'if', 1))
2023-12-15 03:36:49,555	[INFO]	22      SUCCESS               1201934 (99.81%) [2 edit(s)] 
2023-12-15 03:36:50,461	[DEBUG]	EXEC>  SUCCESS 1202205
2023-12-15 03:36:50,462	[DEBUG]	ExprStmtDeletion(('triangle.cpp.xml', 'expr_stmt', 1)) | IfInsertion(('triangle.cpp.xml', '_inter_block', 23), ('triangle.cpp.xml', 'if', 5))
2023-12-15 03:36:50,462	[INFO]	23      SUCCESS               1202205 (99.83%) [2 edit(s)] 
2023-12-15 03:36:51,337	[DEBUG]	EXEC>  SUCCESS 1201844
2023-12-15 03:36:51,338	[DEBUG]	ExprStmtDeletion(('triangle.cpp.xml', 'expr_stmt', 1)) | IfInsertion(('triangle.cpp.xml', '_inter_block', 27), ('triangle.cpp.xml', 'if', 2))
2023-12-15 03:36:51,338	[INFO]	24      SUCCESS               1201844 (99.8%) [2 edit(s)] 
2023-12-15 03:36:52,228	[DEBUG]	EXEC>  SUCCESS 1202028
2023-12-15 03:36:52,228	[DEBUG]	ExprStmtDeletion(('triangle.cpp.xml', 'expr_stmt', 1)) | IfInsertion(('triangle.cpp.xml', '_inter_block', 7), ('triangle.cpp.xml', 'if', 3))
2023-12-15 03:36:52,229	[INFO]	25      SUCCESS               1202028 (99.82%) [2 edit(s)] 
2023-12-15 03:36:53,123	[DEBUG]	EXEC>  SUCCESS 1201890
2023-12-15 03:36:53,124	[DEBUG]	ExprStmtDeletion(('triangle.cpp.xml', 'expr_stmt', 1)) | IfInsertion(('triangle.cpp.xml', '_inter_block', 19), ('triangle.cpp.xml', 'if', 0))
2023-12-15 03:36:53,124	[INFO]	26      SUCCESS               1201890 (99.8%) [2 edit(s)] 
2023-12-15 03:36:54,006	[DEBUG]	EXEC>  SUCCESS 1202024
2023-12-15 03:36:54,007	[DEBUG]	ExprStmtDeletion(('triangle.cpp.xml', 'expr_stmt', 1)) | IfInsertion(('triangle.cpp.xml', '_inter_block', 20), ('triangle.cpp.xml', 'if', 5))
2023-12-15 03:36:54,007	[INFO]	27      SUCCESS               1202024 (99.82%) [2 edit(s)] 
2023-12-15 03:36:54,917	[DEBUG]	EXEC>  SUCCESS 1202052
2023-12-15 03:36:54,918	[DEBUG]	ExprStmtDeletion(('triangle.cpp.xml', 'expr_stmt', 1)) | IfInsertion(('triangle.cpp.xml', '_inter_block', 5), ('triangle.cpp.xml', 'if', 2))
2023-12-15 03:36:54,918	[INFO]	28      SUCCESS               1202052 (99.82%) [2 edit(s)] 
2023-12-15 03:36:55,782	[DEBUG]	EXEC>  SUCCESS 1201935
2023-12-15 03:36:55,783	[DEBUG]	ExprStmtDeletion(('triangle.cpp.xml', 'expr_stmt', 1)) | IfInsertion(('triangle.cpp.xml', '_inter_block', 21), ('triangle.cpp.xml', 'if', 4))
2023-12-15 03:36:55,783	[INFO]	29      SUCCESS               1201935 (99.81%) [2 edit(s)] 
2023-12-15 03:36:56,674	[DEBUG]	EXEC>  SUCCESS 1201845
2023-12-15 03:36:56,675	[DEBUG]	ExprStmtDeletion(('triangle.cpp.xml', 'expr_stmt', 1)) | IfInsertion(('triangle.cpp.xml', '_inter_block', 13), ('triangle.cpp.xml', 'if', 0))
2023-12-15 03:36:56,675	[INFO]	30      SUCCESS               1201845 (99.8%) [2 edit(s)] 
2023-12-15 03:36:56,676	[DEBUG]	ExprStmtDeletion(('triangle.cpp.xml', 'expr_stmt', 1)) | IfInsertion(('triangle.cpp.xml', '_inter_block', 27), ('triangle.cpp.xml', 'if', 2))
2023-12-15 03:36:56,677	[INFO]	31      SUCCESS               1201844 (99.8%) [2 edit(s)] 
2023-12-15 03:36:57,516	[DEBUG]	EXEC>  SUCCESS 1201953
2023-12-15 03:36:57,517	[DEBUG]	ExprStmtDeletion(('triangle.cpp.xml', 'expr_stmt', 1)) | IfInsertion(('triangle.cpp.xml', '_inter_block', 10), ('triangle.cpp.xml', 'if', 2))
2023-12-15 03:36:57,517	[INFO]	32      SUCCESS               1201953 (99.81%) [2 edit(s)] 
2023-12-15 03:36:58,369	[DEBUG]	EXEC>  SUCCESS 1201955
2023-12-15 03:36:58,369	[DEBUG]	ExprStmtDeletion(('triangle.cpp.xml', 'expr_stmt', 1)) | IfInsertion(('triangle.cpp.xml', '_inter_block', 5), ('triangle.cpp.xml', 'if', 3))
2023-12-15 03:36:58,369	[INFO]	33      SUCCESS               1201955 (99.81%) [2 edit(s)] 
2023-12-15 03:36:59,235	[DEBUG]	EXEC>  SUCCESS 1201873
2023-12-15 03:36:59,235	[DEBUG]	ExprStmtDeletion(('triangle.cpp.xml', 'expr_stmt', 1)) | IfInsertion(('triangle.cpp.xml', '_inter_block', 28), ('triangle.cpp.xml', 'if', 2))
2023-12-15 03:36:59,235	[INFO]	34      SUCCESS               1201873 (99.8%) [2 edit(s)] 
2023-12-15 03:37:00,173	[DEBUG]	EXEC>  SUCCESS 1201845
2023-12-15 03:37:00,173	[DEBUG]	ExprStmtDeletion(('triangle.cpp.xml', 'expr_stmt', 1)) | IfInsertion(('triangle.cpp.xml', '_inter_block', 13), ('triangle.cpp.xml', 'if', 5))
2023-12-15 03:37:00,173	[INFO]	35      SUCCESS               1201845 (99.8%) [2 edit(s)] 
2023-12-15 03:37:01,076	[DEBUG]	EXEC>  SUCCESS 1201988
2023-12-15 03:37:01,076	[DEBUG]	ExprStmtDeletion(('triangle.cpp.xml', 'expr_stmt', 1)) | IfInsertion(('triangle.cpp.xml', '_inter_block', 15), ('triangle.cpp.xml', 'if', 4))
2023-12-15 03:37:01,076	[INFO]	36      SUCCESS               1201988 (99.81%) [2 edit(s)] 
2023-12-15 03:37:01,982	[DEBUG]	EXEC>  SUCCESS 1201919
2023-12-15 03:37:01,983	[DEBUG]	ExprStmtDeletion(('triangle.cpp.xml', 'expr_stmt', 1)) | IfInsertion(('triangle.cpp.xml', '_inter_block', 20), ('triangle.cpp.xml', 'if', 3))
2023-12-15 03:37:01,983	[INFO]	37      SUCCESS               1201919 (99.81%) [2 edit(s)] 
2023-12-15 03:37:02,135	[DEBUG]	ExprStmtDeletion(('triangle.cpp.xml', 'expr_stmt', 1)) | IfReplacement(('triangle.cpp.xml', 'if', 4), ('triangle.cpp.xml', 'stmt', 1))
2023-12-15 03:37:02,135	[INFO]	38      COMPILE_CODE_ERROR    None  [2 edit(s)]       
2023-12-15 03:37:03,043	[DEBUG]	EXEC>  SUCCESS 1202124
2023-12-15 03:37:03,044	[DEBUG]	ExprStmtDeletion(('triangle.cpp.xml', 'expr_stmt', 1)) | IfInsertion(('triangle.cpp.xml', '_inter_block', 7), ('triangle.cpp.xml', 'if', 4))
2023-12-15 03:37:03,044	[INFO]	39      SUCCESS               1202124 (99.82%) [2 edit(s)] 
2023-12-15 03:37:03,921	[DEBUG]	EXEC>  SUCCESS 1201978
2023-12-15 03:37:03,922	[DEBUG]	ExprStmtDeletion(('triangle.cpp.xml', 'expr_stmt', 1)) | IfInsertion(('triangle.cpp.xml', '_inter_block', 11), ('triangle.cpp.xml', 'if', 3))
2023-12-15 03:37:03,922	[INFO]	40      SUCCESS               1201978 (99.81%) [2 edit(s)] 
2023-12-15 03:37:04,792	[DEBUG]	EXEC>  SUCCESS 1202095
2023-12-15 03:37:04,792	[DEBUG]	ExprStmtDeletion(('triangle.cpp.xml', 'expr_stmt', 1)) | IfInsertion(('triangle.cpp.xml', '_inter_block', 4), ('triangle.cpp.xml', 'if', 4))
2023-12-15 03:37:04,792	[INFO]	41      SUCCESS               1202095 (99.82%) [2 edit(s)] 
2023-12-15 03:37:05,556	[DEBUG]	ExprStmtDeletion(('triangle.cpp.xml', 'expr_stmt', 1)) | IfInsertion(('triangle.cpp.xml', '_inter_block', 15), ('triangle.cpp.xml', 'if', 1))
2023-12-15 03:37:05,557	[INFO]	42      TEST_CODE_ERROR      +None  [2 edit(s)]       
2023-12-15 03:37:05,558	[DEBUG]	--- before: triangle.cpp
+++ after: triangle.cpp
@@ -8,11 +8,16 @@
 int classify_triangle(double a, double b, double c) {
   double tmp;
 
-  delay();
+  
 
   // Sort the sides so that a <= b <= c
   if(a > b) {
     tmp = a;
+    if(a > c) {
+      tmp = a;
+      a = c;
+      c = tmp;
+    }
     a = b;
     b = tmp;
   }

2023-12-15 03:37:06,417	[DEBUG]	EXEC>  SUCCESS 1201889
2023-12-15 03:37:06,418	[DEBUG]	ExprStmtDeletion(('triangle.cpp.xml', 'expr_stmt', 1)) | IfInsertion(('triangle.cpp.xml', '_inter_block', 27), ('triangle.cpp.xml', 'if', 2)) | IfInsertion(('triangle.cpp.xml', '_inter_block', 12), ('triangle.cpp.xml', 'if', 1))
2023-12-15 03:37:06,418	[INFO]	43      SUCCESS               1201889 (99.8%) [3 edit(s)] 
2023-12-15 03:37:07,277	[DEBUG]	EXEC>  SUCCESS 1201881
2023-12-15 03:37:07,278	[DEBUG]	ExprStmtDeletion(('triangle.cpp.xml', 'expr_stmt', 1)) | IfInsertion(('triangle.cpp.xml', '_inter_block', 27), ('triangle.cpp.xml', 'if', 2)) | IfInsertion(('triangle.cpp.xml', '_inter_block', 30), ('triangle.cpp.xml', 'if', 2))
2023-12-15 03:37:07,278	[INFO]	44      SUCCESS               1201881 (99.8%) [3 edit(s)] 
2023-12-15 03:37:08,226	[DEBUG]	EXEC>  SUCCESS 1202060
2023-12-15 03:37:08,226	[DEBUG]	ExprStmtDeletion(('triangle.cpp.xml', 'expr_stmt', 1)) | IfInsertion(('triangle.cpp.xml', '_inter_block', 27), ('triangle.cpp.xml', 'if', 2)) | IfInsertion(('triangle.cpp.xml', '_inter_block', 25), ('triangle.cpp.xml', 'if', 4))
2023-12-15 03:37:08,226	[INFO]	45      SUCCESS               1202060 (99.82%) [3 edit(s)] 
2023-12-15 03:37:09,093	[DEBUG]	EXEC>  SUCCESS 1201988
2023-12-15 03:37:09,094	[DEBUG]	ExprStmtDeletion(('triangle.cpp.xml', 'expr_stmt', 1)) | IfInsertion(('triangle.cpp.xml', '_inter_block', 27), ('triangle.cpp.xml', 'if', 2)) | IfInsertion(('triangle.cpp.xml', '_inter_block', 17), ('triangle.cpp.xml', 'if', 4))
2023-12-15 03:37:09,094	[INFO]	46      SUCCESS               1201988 (99.81%) [3 edit(s)] 
2023-12-15 03:37:10,013	[DEBUG]	EXEC>  SUCCESS 1201978
2023-12-15 03:37:10,013	[DEBUG]	ExprStmtDeletion(('triangle.cpp.xml', 'expr_stmt', 1)) | IfInsertion(('triangle.cpp.xml', '_inter_block', 27), ('triangle.cpp.xml', 'if', 2)) | IfInsertion(('triangle.cpp.xml', '_inter_block', 11), ('triangle.cpp.xml', 'if', 3))
2023-12-15 03:37:10,013	[INFO]	47      SUCCESS               1201978 (99.81%) [3 edit(s)] 
2023-12-15 03:37:10,889	[DEBUG]	EXEC>  SUCCESS 1201920
2023-12-15 03:37:10,890	[DEBUG]	ExprStmtDeletion(('triangle.cpp.xml', 'expr_stmt', 1)) | IfInsertion(('triangle.cpp.xml', '_inter_block', 27), ('triangle.cpp.xml', 'if', 2)) | IfInsertion(('triangle.cpp.xml', '_inter_block', 19), ('triangle.cpp.xml', 'if', 3))
2023-12-15 03:37:10,890	[INFO]	48      SUCCESS               1201920 (99.81%) [3 edit(s)] 
2023-12-15 03:37:11,816	[DEBUG]	EXEC>  SUCCESS 1202025
2023-12-15 03:37:11,816	[DEBUG]	ExprStmtDeletion(('triangle.cpp.xml', 'expr_stmt', 1)) | IfInsertion(('triangle.cpp.xml', '_inter_block', 27), ('triangle.cpp.xml', 'if', 2)) | IfInsertion(('triangle.cpp.xml', '_inter_block', 12), ('triangle.cpp.xml', 'if', 5))
2023-12-15 03:37:11,817	[INFO]	49      SUCCESS               1202025 (99.82%) [3 edit(s)] 
2023-12-15 03:37:11,819	[DEBUG]	ExprStmtDeletion(('triangle.cpp.xml', 'expr_stmt', 1)) | IfInsertion(('triangle.cpp.xml', '_inter_block', 27), ('triangle.cpp.xml', 'if', 2)) | IfInsertion(('triangle.cpp.xml', '_inter_block', 19), ('triangle.cpp.xml', 'if', 3))
2023-12-15 03:37:11,819	[INFO]	50      SUCCESS               1201920 (99.81%) [3 edit(s)] 
2023-12-15 03:37:12,691	[DEBUG]	EXEC>  SUCCESS 1201845
2023-12-15 03:37:12,692	[DEBUG]	ExprStmtDeletion(('triangle.cpp.xml', 'expr_stmt', 1)) | IfInsertion(('triangle.cpp.xml', '_inter_block', 27), ('triangle.cpp.xml', 'if', 2)) | IfInsertion(('triangle.cpp.xml', '_inter_block', 29), ('triangle.cpp.xml', 'if', 3))
2023-12-15 03:37:12,692	[INFO]	51      SUCCESS               1201845 (99.8%) [3 edit(s)] 
2023-12-15 03:37:13,491	[DEBUG]	ExprStmtDeletion(('triangle.cpp.xml', 'expr_stmt', 1)) | IfInsertion(('triangle.cpp.xml', '_inter_block', 27), ('triangle.cpp.xml', 'if', 2)) | IfInsertion(('triangle.cpp.xml', '_inter_block', 20), ('triangle.cpp.xml', 'if', 2))
2023-12-15 03:37:13,492	[INFO]	52      TEST_CODE_ERROR       None  [3 edit(s)]       
2023-12-15 03:37:13,652	[DEBUG]	ExprStmtDeletion(('triangle.cpp.xml', 'expr_stmt', 1)) | IfInsertion(('triangle.cpp.xml', '_inter_block', 27), ('triangle.cpp.xml', 'if', 2)) | DeclStmtReplacement(('triangle.cpp.xml', 'decl_stmt', 0), ('triangle.cpp.xml', 'stmt', 1))
2023-12-15 03:37:13,652	[INFO]	53      COMPILE_CODE_ERROR    None  [3 edit(s)]       
2023-12-15 03:37:13,795	[DEBUG]	ExprStmtDeletion(('triangle.cpp.xml', 'expr_stmt', 1)) | IfInsertion(('triangle.cpp.xml', '_inter_block', 27), ('triangle.cpp.xml', 'if', 2)) | IfInsertion(('triangle.cpp.xml', '_inter_block', 0), ('triangle.cpp.xml', 'if', 1))
2023-12-15 03:37:13,796	[INFO]	54      COMPILE_CODE_ERROR    None  [3 edit(s)]       
2023-12-15 03:37:14,546	[DEBUG]	ExprStmtDeletion(('triangle.cpp.xml', 'expr_stmt', 1)) | IfInsertion(('triangle.cpp.xml', '_inter_block', 27), ('triangle.cpp.xml', 'if', 2)) | ReturnInsertion(('triangle.cpp.xml', '_inter_block', 12), ('triangle.cpp.xml', 'return', 0))
2023-12-15 03:37:14,546	[INFO]	55      TEST_CODE_ERROR       None  [3 edit(s)]       
2023-12-15 03:37:15,433	[DEBUG]	EXEC>  SUCCESS 1202024
2023-12-15 03:37:15,434	[DEBUG]	ExprStmtDeletion(('triangle.cpp.xml', 'expr_stmt', 1)) | IfInsertion(('triangle.cpp.xml', '_inter_block', 27), ('triangle.cpp.xml', 'if', 2)) | IfInsertion(('triangle.cpp.xml', '_inter_block', 20), ('triangle.cpp.xml', 'if', 5))
2023-12-15 03:37:15,434	[INFO]	56      SUCCESS               1202024 (99.82%) [3 edit(s)] 
2023-12-15 03:37:16,301	[DEBUG]	EXEC>  SUCCESS 1201952
2023-12-15 03:37:16,302	[DEBUG]	ExprStmtDeletion(('triangle.cpp.xml', 'expr_stmt', 1)) | IfInsertion(('triangle.cpp.xml', '_inter_block', 27), ('triangle.cpp.xml', 'if', 2)) | IfInsertion(('triangle.cpp.xml', '_inter_block', 28), ('triangle.cpp.xml', 'if', 4))
2023-12-15 03:37:16,302	[INFO]	57      SUCCESS               1201952 (99.81%) [3 edit(s)] 
2023-12-15 03:37:17,194	[DEBUG]	EXEC>  SUCCESS 1202052
2023-12-15 03:37:17,195	[DEBUG]	ExprStmtDeletion(('triangle.cpp.xml', 'expr_stmt', 1)) | IfInsertion(('triangle.cpp.xml', '_inter_block', 27), ('triangle.cpp.xml', 'if', 2)) | IfInsertion(('triangle.cpp.xml', '_inter_block', 5), ('triangle.cpp.xml', 'if', 2))
2023-12-15 03:37:17,195	[INFO]	58      SUCCESS               1202052 (99.82%) [3 edit(s)] 
2023-12-15 03:37:17,358	[DEBUG]	ExprStmtDeletion(('triangle.cpp.xml', 'expr_stmt', 1)) | IfInsertion(('triangle.cpp.xml', '_inter_block', 27), ('triangle.cpp.xml', 'if', 2)) | IfInsertion(('triangle.cpp.xml', '_inter_block', 2), ('triangle.cpp.xml', 'if', 5))
2023-12-15 03:37:17,358	[INFO]	59      COMPILE_CODE_ERROR    None  [3 edit(s)]       
2023-12-15 03:37:18,252	[DEBUG]	EXEC>  SUCCESS 1201890
2023-12-15 03:37:18,252	[DEBUG]	ExprStmtDeletion(('triangle.cpp.xml', 'expr_stmt', 1)) | IfInsertion(('triangle.cpp.xml', '_inter_block', 27), ('triangle.cpp.xml', 'if', 2)) | IfInsertion(('triangle.cpp.xml', '_inter_block', 28), ('triangle.cpp.xml', 'if', 3))
2023-12-15 03:37:18,252	[INFO]	60      SUCCESS               1201890 (99.8%) [3 edit(s)] 
2023-12-15 03:37:19,134	[DEBUG]	EXEC>  SUCCESS 1202033
2023-12-15 03:37:19,135	[DEBUG]	ExprStmtDeletion(('triangle.cpp.xml', 'expr_stmt', 1)) | IfInsertion(('triangle.cpp.xml', '_inter_block', 27), ('triangle.cpp.xml', 'if', 2)) | IfInsertion(('triangle.cpp.xml', '_inter_block', 5), ('triangle.cpp.xml', 'if', 0))
2023-12-15 03:37:19,135	[INFO]	61      SUCCESS               1202033 (99.82%) [3 edit(s)] 
2023-12-15 03:37:19,921	[DEBUG]	ExprStmtDeletion(('triangle.cpp.xml', 'expr_stmt', 1)) | IfInsertion(('triangle.cpp.xml', '_inter_block', 27), ('triangle.cpp.xml', 'if', 2)) | IfInsertion(('triangle.cpp.xml', '_inter_block', 20), ('triangle.cpp.xml', 'if', 2))
2023-12-15 03:37:19,921	[INFO]	62      TEST_CODE_ERROR       None  [3 edit(s)]       
2023-12-15 03:37:19,924	[DEBUG]	ExprStmtDeletion(('triangle.cpp.xml', 'expr_stmt', 1)) | IfInsertion(('triangle.cpp.xml', '_inter_block', 27), ('triangle.cpp.xml', 'if', 2)) | IfInsertion(('triangle.cpp.xml', '_inter_block', 5), ('triangle.cpp.xml', 'if', 0))
2023-12-15 03:37:19,924	[INFO]	63      SUCCESS              +1202033 (99.82%) [3 edit(s)] 
2023-12-15 03:37:19,925	[DEBUG]	--- before: triangle.cpp
+++ after: triangle.cpp
@@ -7,8 +7,13 @@
 
 int classify_triangle(double a, double b, double c) {
   double tmp;
+  if(a > b) {
+    tmp = a;
+    a = b;
+    b = tmp;
+  }
 
-  delay();
+  
 
   // Sort the sides so that a <= b <= c
   if(a > b) {
@@ -32,6 +37,11 @@
   if(a + b <= c)
     /*auto*/{
       return INVALID;
+      if(b > c) {
+        tmp = b;
+        b = c;
+        c = tmp;
+      }
     }/*auto*/
   if(a == b && b == c)
     /*auto*/{

2023-12-15 03:37:20,075	[DEBUG]	ExprStmtDeletion(('triangle.cpp.xml', 'expr_stmt', 1)) | IfInsertion(('triangle.cpp.xml', '_inter_block', 27), ('triangle.cpp.xml', 'if', 2)) | IfInsertion(('triangle.cpp.xml', '_inter_block', 3), ('triangle.cpp.xml', 'if', 2))
2023-12-15 03:37:20,075	[INFO]	64      COMPILE_CODE_ERROR   +None  [3 edit(s)]       
2023-12-15 03:37:20,077	[DEBUG]	--- before: triangle.cpp
+++ after: triangle.cpp
@@ -1,14 +1,19 @@
 #include "triangle.hpp"
 
 void delay() {
-  const struct timespec ms = {0, (long int) (0.001*1e9)}; //tv_sec=0, tv_nsec (0.001 seconds)
+  const struct timespec ms = {0, (long int) (0.001*1e9)}if(b > c) {
+    tmp = b;
+    b = c;
+    c = tmp;
+  }
+  ; //tv_sec=0, tv_nsec (0.001 seconds)
   nanosleep(&ms,NULL); /*ignores possible errors*/
 }
 
 int classify_triangle(double a, double b, double c) {
   double tmp;
 
-  delay();
+  
 
   // Sort the sides so that a <= b <= c
   if(a > b) {
@@ -32,6 +37,11 @@
   if(a + b <= c)
     /*auto*/{
       return INVALID;
+      if(b > c) {
+        tmp = b;
+        b = c;
+        c = tmp;
+      }
     }/*auto*/
   if(a == b && b == c)
     /*auto*/{

2023-12-15 03:37:20,936	[DEBUG]	EXEC>  SUCCESS 1201961
2023-12-15 03:37:20,937	[DEBUG]	ExprStmtDeletion(('triangle.cpp.xml', 'expr_stmt', 1)) | IfInsertion(('triangle.cpp.xml', '_inter_block', 27), ('triangle.cpp.xml', 'if', 2)) | IfInsertion(('triangle.cpp.xml', '_inter_block', 7), ('triangle.cpp.xml', 'if', 2))
2023-12-15 03:37:20,937	[INFO]	65      SUCCESS              +1201961 (99.81%) [3 edit(s)] 
2023-12-15 03:37:20,939	[DEBUG]	--- before: triangle.cpp
+++ after: triangle.cpp
@@ -8,13 +8,18 @@
 int classify_triangle(double a, double b, double c) {
   double tmp;
 
-  delay();
+  
 
   // Sort the sides so that a <= b <= c
   if(a > b) {
     tmp = a;
     a = b;
     b = tmp;
+  }
+  if(b > c) {
+    tmp = b;
+    b = c;
+    c = tmp;
   }
 
   if(a > c) {
@@ -32,6 +37,11 @@
   if(a + b <= c)
     /*auto*/{
       return INVALID;
+      if(b > c) {
+        tmp = b;
+        b = c;
+        c = tmp;
+      }
     }/*auto*/
   if(a == b && b == c)
     /*auto*/{

2023-12-15 03:37:21,829	[DEBUG]	EXEC>  SUCCESS 1201844
2023-12-15 03:37:21,830	[DEBUG]	ExprStmtDeletion(('triangle.cpp.xml', 'expr_stmt', 1)) | IfInsertion(('triangle.cpp.xml', '_inter_block', 27), ('triangle.cpp.xml', 'if', 2)) | IfInsertion(('triangle.cpp.xml', '_inter_block', 31), ('triangle.cpp.xml', 'if', 1))
2023-12-15 03:37:21,830	[INFO]	66      SUCCESS              +1201844 (99.8%) [3 edit(s)] 
2023-12-15 03:37:21,832	[DEBUG]	--- before: triangle.cpp
+++ after: triangle.cpp
@@ -8,7 +8,7 @@
 int classify_triangle(double a, double b, double c) {
   double tmp;
 
-  delay();
+  
 
   // Sort the sides so that a <= b <= c
   if(a > b) {
@@ -32,6 +32,11 @@
   if(a + b <= c)
     /*auto*/{
       return INVALID;
+      if(b > c) {
+        tmp = b;
+        b = c;
+        c = tmp;
+      }
     }/*auto*/
   if(a == b && b == c)
     /*auto*/{
@@ -40,6 +45,11 @@
   if(a == b || b == c)
     /*auto*/{
       return ISOSCELES;
+      if(a > c) {
+        tmp = a;
+        a = c;
+        c = tmp;
+      }
     }/*auto*/
   return SCALENE;
 }

2023-12-15 03:37:22,733	[DEBUG]	EXEC>  SUCCESS 1201844
2023-12-15 03:37:22,734	[DEBUG]	ExprStmtDeletion(('triangle.cpp.xml', 'expr_stmt', 1)) | IfInsertion(('triangle.cpp.xml', '_inter_block', 27), ('triangle.cpp.xml', 'if', 2)) | IfInsertion(('triangle.cpp.xml', '_inter_block', 31), ('triangle.cpp.xml', 'if', 1)) | IfInsertion(('triangle.cpp.xml', '_inter_block', 31), ('triangle.cpp.xml', 'if', 0))
2023-12-15 03:37:22,734	[INFO]	67      SUCCESS               1201844 (99.8%) [4 edit(s)] 
2023-12-15 03:37:23,578	[DEBUG]	EXEC>  SUCCESS 1202024
2023-12-15 03:37:23,578	[DEBUG]	ExprStmtDeletion(('triangle.cpp.xml', 'expr_stmt', 1)) | IfInsertion(('triangle.cpp.xml', '_inter_block', 27), ('triangle.cpp.xml', 'if', 2)) | IfInsertion(('triangle.cpp.xml', '_inter_block', 31), ('triangle.cpp.xml', 'if', 1)) | IfInsertion(('triangle.cpp.xml', '_inter_block', 22), ('triangle.cpp.xml', 'if', 4))
2023-12-15 03:37:23,578	[INFO]	68      SUCCESS               1202024 (99.82%) [4 edit(s)] 
2023-12-15 03:37:24,461	[DEBUG]	EXEC>  SUCCESS 1201934
2023-12-15 03:37:24,461	[DEBUG]	ExprStmtDeletion(('triangle.cpp.xml', 'expr_stmt', 1)) | IfInsertion(('triangle.cpp.xml', '_inter_block', 27), ('triangle.cpp.xml', 'if', 2)) | IfInsertion(('triangle.cpp.xml', '_inter_block', 31), ('triangle.cpp.xml', 'if', 1)) | IfInsertion(('triangle.cpp.xml', '_inter_block', 20), ('triangle.cpp.xml', 'if', 4))
2023-12-15 03:37:24,462	[INFO]	69      SUCCESS               1201934 (99.81%) [4 edit(s)] 
2023-12-15 03:37:25,206	[DEBUG]	ExprStmtDeletion(('triangle.cpp.xml', 'expr_stmt', 1)) | IfInsertion(('triangle.cpp.xml', '_inter_block', 27), ('triangle.cpp.xml', 'if', 2)) | IfInsertion(('triangle.cpp.xml', '_inter_block', 31), ('triangle.cpp.xml', 'if', 1)) | IfInsertion(('triangle.cpp.xml', '_inter_block', 16), ('triangle.cpp.xml', 'if', 1))
2023-12-15 03:37:25,207	[INFO]	70      TEST_CODE_ERROR       None  [4 edit(s)]       
2023-12-15 03:37:26,082	[DEBUG]	EXEC>  SUCCESS 1201934
2023-12-15 03:37:26,083	[DEBUG]	ExprStmtDeletion(('triangle.cpp.xml', 'expr_stmt', 1)) | IfInsertion(('triangle.cpp.xml', '_inter_block', 27), ('triangle.cpp.xml', 'if', 2)) | IfInsertion(('triangle.cpp.xml', '_inter_block', 31), ('triangle.cpp.xml', 'if', 1)) | IfInsertion(('triangle.cpp.xml', '_inter_block', 24), ('triangle.cpp.xml', 'if', 0))
2023-12-15 03:37:26,083	[INFO]	71      SUCCESS               1201934 (99.81%) [4 edit(s)] 
2023-12-15 03:37:26,939	[DEBUG]	EXEC>  SUCCESS 1201952
2023-12-15 03:37:26,940	[DEBUG]	ExprStmtDeletion(('triangle.cpp.xml', 'expr_stmt', 1)) | IfInsertion(('triangle.cpp.xml', '_inter_block', 27), ('triangle.cpp.xml', 'if', 2)) | IfInsertion(('triangle.cpp.xml', '_inter_block', 31), ('triangle.cpp.xml', 'if', 1)) | IfInsertion(('triangle.cpp.xml', '_inter_block', 18), ('triangle.cpp.xml', 'if', 4))
2023-12-15 03:37:26,940	[INFO]	72      SUCCESS               1201952 (99.81%) [4 edit(s)] 
2023-12-15 03:37:27,076	[DEBUG]	ExprStmtDeletion(('triangle.cpp.xml', 'expr_stmt', 1)) | IfInsertion(('triangle.cpp.xml', '_inter_block', 27), ('triangle.cpp.xml', 'if', 2)) | IfInsertion(('triangle.cpp.xml', '_inter_block', 31), ('triangle.cpp.xml', 'if', 1)) | IfInsertion(('triangle.cpp.xml', '_inter_block', 0), ('triangle.cpp.xml', 'if', 4))
2023-12-15 03:37:27,076	[INFO]	73      COMPILE_CODE_ERROR    None  [4 edit(s)]       
2023-12-15 03:37:27,945	[DEBUG]	EXEC>  SUCCESS 1202033
2023-12-15 03:37:27,945	[DEBUG]	ExprStmtDeletion(('triangle.cpp.xml', 'expr_stmt', 1)) | IfInsertion(('triangle.cpp.xml', '_inter_block', 27), ('triangle.cpp.xml', 'if', 2)) | IfInsertion(('triangle.cpp.xml', '_inter_block', 31), ('triangle.cpp.xml', 'if', 1)) | IfInsertion(('triangle.cpp.xml', '_inter_block', 9), ('triangle.cpp.xml', 'if', 1))
2023-12-15 03:37:27,946	[INFO]	74      SUCCESS               1202033 (99.82%) [4 edit(s)] 
2023-12-15 03:37:28,826	[DEBUG]	EXEC>  SUCCESS 1201919
2023-12-15 03:37:28,826	[DEBUG]	ExprStmtDeletion(('triangle.cpp.xml', 'expr_stmt', 1)) | IfInsertion(('triangle.cpp.xml', '_inter_block', 27), ('triangle.cpp.xml', 'if', 2)) | IfInsertion(('triangle.cpp.xml', '_inter_block', 31), ('triangle.cpp.xml', 'if', 1)) | IfInsertion(('triangle.cpp.xml', '_inter_block', 12), ('triangle.cpp.xml', 'if', 3))
2023-12-15 03:37:28,827	[INFO]	75      SUCCESS               1201919 (99.81%) [4 edit(s)] 
2023-12-15 03:37:28,973	[DEBUG]	ExprStmtDeletion(('triangle.cpp.xml', 'expr_stmt', 1)) | IfInsertion(('triangle.cpp.xml', '_inter_block', 27), ('triangle.cpp.xml', 'if', 2)) | IfInsertion(('triangle.cpp.xml', '_inter_block', 31), ('triangle.cpp.xml', 'if', 1)) | IfInsertion(('triangle.cpp.xml', '_inter_block', 2), ('triangle.cpp.xml', 'if', 4))
2023-12-15 03:37:28,973	[INFO]	76      COMPILE_CODE_ERROR    None  [4 edit(s)]       
2023-12-15 03:37:29,808	[DEBUG]	EXEC>  SUCCESS 1201845
2023-12-15 03:37:29,808	[DEBUG]	ExprStmtDeletion(('triangle.cpp.xml', 'expr_stmt', 1)) | IfInsertion(('triangle.cpp.xml', '_inter_block', 27), ('triangle.cpp.xml', 'if', 2)) | IfInsertion(('triangle.cpp.xml', '_inter_block', 31), ('triangle.cpp.xml', 'if', 1)) | IfInsertion(('triangle.cpp.xml', '_inter_block', 13), ('triangle.cpp.xml', 'if', 1))
2023-12-15 03:37:29,808	[INFO]	77      SUCCESS               1201845 (99.8%) [4 edit(s)] 
2023-12-15 03:37:30,681	[DEBUG]	EXEC>  SUCCESS 1201995
2023-12-15 03:37:30,682	[DEBUG]	ExprStmtDeletion(('triangle.cpp.xml', 'expr_stmt', 1)) | IfInsertion(('triangle.cpp.xml', '_inter_block', 27), ('triangle.cpp.xml', 'if', 2)) | IfInsertion(('triangle.cpp.xml', '_inter_block', 31), ('triangle.cpp.xml', 'if', 1)) | IfInsertion(('triangle.cpp.xml', '_inter_block', 24), ('triangle.cpp.xml', 'if', 3))
2023-12-15 03:37:30,682	[INFO]	78      SUCCESS               1201995 (99.81%) [4 edit(s)] 
2023-12-15 03:37:31,527	[DEBUG]	EXEC>  SUCCESS 1201845
2023-12-15 03:37:31,527	[DEBUG]	ExprStmtDeletion(('triangle.cpp.xml', 'expr_stmt', 1)) | IfInsertion(('triangle.cpp.xml', '_inter_block', 27), ('triangle.cpp.xml', 'if', 2)) | IfInsertion(('triangle.cpp.xml', '_inter_block', 31), ('triangle.cpp.xml', 'if', 1)) | DeclStmtInsertion(('triangle.cpp.xml', '_inter_block', 29), ('triangle.cpp.xml', 'decl_stmt', 0))
2023-12-15 03:37:31,528	[INFO]	79      SUCCESS               1201845 (99.8%) [4 edit(s)] 
2023-12-15 03:37:32,289	[DEBUG]	ExprStmtDeletion(('triangle.cpp.xml', 'expr_stmt', 1)) | IfInsertion(('triangle.cpp.xml', '_inter_block', 27), ('triangle.cpp.xml', 'if', 2)) | IfInsertion(('triangle.cpp.xml', '_inter_block', 31), ('triangle.cpp.xml', 'if', 1)) | ReturnInsertion(('triangle.cpp.xml', '_inter_block', 23), ('triangle.cpp.xml', 'return', 0))
2023-12-15 03:37:32,290	[INFO]	80      TEST_CODE_ERROR       None  [4 edit(s)]       
2023-12-15 03:37:33,158	[DEBUG]	EXEC>  SUCCESS 1202205
2023-12-15 03:37:33,158	[DEBUG]	ExprStmtDeletion(('triangle.cpp.xml', 'expr_stmt', 1)) | IfInsertion(('triangle.cpp.xml', '_inter_block', 27), ('triangle.cpp.xml', 'if', 2)) | IfInsertion(('triangle.cpp.xml', '_inter_block', 31), ('triangle.cpp.xml', 'if', 1)) | IfInsertion(('triangle.cpp.xml', '_inter_block', 22), ('triangle.cpp.xml', 'if', 5))
2023-12-15 03:37:33,158	[INFO]	81      SUCCESS               1202205 (99.83%) [4 edit(s)] 
2023-12-15 03:37:33,966	[DEBUG]	ExprStmtDeletion(('triangle.cpp.xml', 'expr_stmt', 1)) | IfInsertion(('triangle.cpp.xml', '_inter_block', 27), ('triangle.cpp.xml', 'if', 2)) | IfInsertion(('triangle.cpp.xml', '_inter_block', 31), ('triangle.cpp.xml', 'if', 1)) | ExprStmtInsertion(('triangle.cpp.xml', '_inter_block', 5), ('triangle.cpp.xml', 'expr_stmt', 4))
2023-12-15 03:37:33,966	[INFO]	82      TEST_CODE_ERROR       None  [4 edit(s)]       
2023-12-15 03:37:34,834	[DEBUG]	EXEC>  SUCCESS 1201989
2023-12-15 03:37:34,834	[DEBUG]	ExprStmtDeletion(('triangle.cpp.xml', 'expr_stmt', 1)) | IfInsertion(('triangle.cpp.xml', '_inter_block', 27), ('triangle.cpp.xml', 'if', 2)) | IfInsertion(('triangle.cpp.xml', '_inter_block', 31), ('triangle.cpp.xml', 'if', 1)) | IfInsertion(('triangle.cpp.xml', '_inter_block', 30), ('triangle.cpp.xml', 'if', 4))
2023-12-15 03:37:34,834	[INFO]	83      SUCCESS               1201989 (99.81%) [4 edit(s)] 
2023-12-15 03:37:34,835	[INFO]	==== END ====
2023-12-15 03:37:34,835	[INFO]	
2023-12-15 03:37:34,835	[INFO]	==== REPORT ====
2023-12-15 03:37:34,835	[INFO]	Termination: time budget
2023-12-15 03:37:34,836	[INFO]	Log file: /cs/student/ug/2020/damibose/projects/magpie/_magpie_logs/triangle-cpp_slow_1702611387.log
2023-12-15 03:37:34,836	[INFO]	Patch file: _magpie_logs/triangle-cpp_slow_1702611387.patch
2023-12-15 03:37:34,836	[INFO]	Diff file: _magpie_logs/triangle-cpp_slow_1702611387.diff
2023-12-15 03:37:34,836	[INFO]	Best fitness: 1201844
2023-12-15 03:37:34,836	[INFO]	Best patch: ExprStmtDeletion(('triangle.cpp.xml', 'expr_stmt', 1))
2023-12-15 03:37:34,837	[INFO]	Diff:
--- before: triangle.cpp
+++ after: triangle.cpp
@@ -8,7 +8,7 @@
 int classify_triangle(double a, double b, double c) {
   double tmp;
 
-  delay();
+  
 
   // Sort the sides so that a <= b <= c
   if(a > b) {

