2023-12-15 02:45:58,918	[DEBUG]	==== CONFIG ====
[magpie]
import = 
seed = 2
log_dir = _magpie_logs
work_dir = _magpie_work
final_out_dir = experiments/results_e_greedy_proof_of_concept/epsilon_greedy/FirstImprovementNoTabu/trial_2
local_original_copy = True
local_original_name = __original__
output_encoding = ascii
edit_retries = 10
default_timeout = 30
default_lengthout = 10000.0
diff_method = unified
trust_local_filesystem = True

[software]
path = examples/code/triangle-cpp_slow
target_files = 
	triangle.cpp.xml
program = BasicProgram
engine_rules = 
	*.params : ConfigFileParamsEngine
	*.xml : SrcmlEngine
	* : LineEngine
engine_config = 
	*.params : [params]
	*.xml : [srcml]
init_cmd = 
init_timeout = 60
init_lengthout = -1
setup_cmd = ./setup.sh
setup_timeout = 
setup_lengthout = 
compile_cmd = ./compile.sh
compile_timeout = 
compile_lengthout = 
test_cmd = ./build/test_triangle
test_timeout = 
test_lengthout = 
run_cmd = perf stat ./build/run_triangle
run_timeout = 1
run_lengthout = 
batch_timeout = 
batch_lengthout = 
batch_bin_fitness_strategy = aggregate
batch_fitness_strategy = sum
fitness = perf_instructions

[srcml]
rename = 
focus = block break continue decl_stmt do expr_stmt for goto if return switch while
internodes = block
process_pseudo_blocks = True
process_literals = False
process_operators = False

[params]
timing = test run
cli_prefix = --
cli_glue = =
cli_boolean = show
cli_boolean_prefix_true = 
cli_boolean_prefix_false = no-
silent_prefix = @
silent_suffix = $

[search]
protocol = BasicProtocol
algorithm = FirstImprovementNoTabu
possible_edits = 
	DeclStmtReplacement
	ExprStmtReplacement
	IfReplacement
	ReturnReplacement
	DeclStmtInsertion
	ExprStmtInsertion
	IfInsertion
	ReturnInsertion
	DeclStmtDeletion
	ExprStmtDeletion
	IfDeletion
	ReturnDeletion
warmup = 5
warmup_strategy = last
max_steps = 100
max_time = 60
target_fitness = 
cache_maxsize = 40
cache_keep = 0.2
batch_instances = 
batch_shuffle = True
batch_bin_shuffle = False
batch_sample_size = 1
operator_selector = EpsilonGreedy
epsilon = 0.2

[search.ls]
delete_prob = 0
max_neighbours = 20
when_trapped = continue
accept_fail = False
tabu_length = 10

[search.gp]
pop_size = 10
delete_prob = 0.5
offspring_elitism = 0.1
offspring_crossover = 0.5
offspring_mutation = 0.4
uniform_rate = 0.5
batch_reset = True

[search.minify]
do_cleanup = True
do_rebuild = True
do_simplify = True
round_robin_limit = 3


2023-12-15 02:45:58,923	[INFO]	==== WARMUP ====
2023-12-15 02:46:01,569	[DEBUG]	EXEC>  SUCCESS 1204240
2023-12-15 02:46:01,570	[INFO]	WARM    SUCCESS               1204240                 
2023-12-15 02:46:02,582	[DEBUG]	EXEC>  SUCCESS 1204240
2023-12-15 02:46:02,582	[INFO]	WARM    SUCCESS               1204240                 
2023-12-15 02:46:03,528	[DEBUG]	EXEC>  SUCCESS 1204239
2023-12-15 02:46:03,529	[INFO]	WARM    SUCCESS               1204239                 
2023-12-15 02:46:04,545	[DEBUG]	EXEC>  SUCCESS 1204239
2023-12-15 02:46:04,545	[INFO]	WARM    SUCCESS               1204239                 
2023-12-15 02:46:05,537	[DEBUG]	EXEC>  SUCCESS 1204239
2023-12-15 02:46:05,538	[INFO]	WARM    SUCCESS               1204239                 
2023-12-15 02:46:05,538	[INFO]	INITIAL SUCCESS               1204239                 
2023-12-15 02:46:05,538	[INFO]	==== START: FirstImprovementNoTabu ====
2023-12-15 02:46:05,675	[DEBUG]	DeclStmtReplacement(('triangle.cpp.xml', 'decl_stmt', 1), ('triangle.cpp.xml', 'stmt', 7))
2023-12-15 02:46:05,675	[INFO]	1       COMPILE_CODE_ERROR    None  [1 edit(s)]       
2023-12-15 02:46:06,442	[DEBUG]	ExprStmtReplacement(('triangle.cpp.xml', 'expr_stmt', 4), ('triangle.cpp.xml', 'stmt', 20))
2023-12-15 02:46:06,443	[INFO]	2       TEST_CODE_ERROR       None  [1 edit(s)]       
2023-12-15 02:46:07,227	[DEBUG]	IfReplacement(('triangle.cpp.xml', 'if', 1), ('triangle.cpp.xml', 'stmt', 20))
2023-12-15 02:46:07,227	[INFO]	3       TEST_CODE_ERROR       None  [1 edit(s)]       
2023-12-15 02:46:08,004	[DEBUG]	ReturnReplacement(('triangle.cpp.xml', 'return', 2), ('triangle.cpp.xml', 'stmt', 0))
2023-12-15 02:46:08,004	[INFO]	4       TEST_CODE_ERROR       None  [1 edit(s)]       
2023-12-15 02:46:08,783	[DEBUG]	ExprStmtDeletion(('triangle.cpp.xml', 'expr_stmt', 2))
2023-12-15 02:46:08,783	[INFO]	5       TEST_CODE_ERROR       None  [1 edit(s)]       
2023-12-15 02:46:09,762	[DEBUG]	EXEC>  SUCCESS 1204300
2023-12-15 02:46:09,763	[DEBUG]	DeclStmtInsertion(('triangle.cpp.xml', '_inter_block', 25), ('triangle.cpp.xml', 'decl_stmt', 0))
2023-12-15 02:46:09,764	[INFO]	6       SUCCESS               1204300 (100.01%) [1 edit(s)] 
2023-12-15 02:46:10,613	[DEBUG]	ExprStmtDeletion(('triangle.cpp.xml', 'expr_stmt', 3))
2023-12-15 02:46:10,613	[INFO]	7       TEST_CODE_ERROR       None  [1 edit(s)]       
2023-12-15 02:46:11,607	[DEBUG]	EXEC>  SUCCESS 1314178
2023-12-15 02:46:11,607	[DEBUG]	ExprStmtInsertion(('triangle.cpp.xml', '_inter_block', 31), ('triangle.cpp.xml', 'expr_stmt', 3))
2023-12-15 02:46:11,608	[INFO]	8       SUCCESS               1314178 (109.13%) [1 edit(s)] 
2023-12-15 02:46:12,616	[DEBUG]	EXEC>  SUCCESS 1204390
2023-12-15 02:46:12,616	[DEBUG]	IfInsertion(('triangle.cpp.xml', '_inter_block', 23), ('triangle.cpp.xml', 'if', 3))
2023-12-15 02:46:12,617	[INFO]	9       SUCCESS               1204390 (100.01%) [1 edit(s)] 
2023-12-15 02:46:13,590	[DEBUG]	EXEC>  SUCCESS 1204240
2023-12-15 02:46:13,591	[DEBUG]	ReturnInsertion(('triangle.cpp.xml', '_inter_block', 31), ('triangle.cpp.xml', 'return', 0))
2023-12-15 02:46:13,591	[INFO]	10      SUCCESS               1204240 (100.0%) [1 edit(s)] 
2023-12-15 02:46:13,747	[DEBUG]	DeclStmtDeletion(('triangle.cpp.xml', 'decl_stmt', 1))
2023-12-15 02:46:13,748	[INFO]	11      COMPILE_CODE_ERROR    None  [1 edit(s)]       
2023-12-15 02:46:14,495	[DEBUG]	IfDeletion(('triangle.cpp.xml', 'if', 2))
2023-12-15 02:46:14,495	[INFO]	12      TEST_CODE_ERROR       None  [1 edit(s)]       
2023-12-15 02:46:15,287	[DEBUG]	ReturnDeletion(('triangle.cpp.xml', 'return', 2))
2023-12-15 02:46:15,287	[INFO]	13      TEST_CODE_ERROR       None  [1 edit(s)]       
2023-12-15 02:46:16,282	[DEBUG]	EXEC>  SUCCESS 1204240
2023-12-15 02:46:16,283	[DEBUG]	ReturnInsertion(('triangle.cpp.xml', '_inter_block', 30), ('triangle.cpp.xml', 'return', 2))
2023-12-15 02:46:16,283	[INFO]	14      SUCCESS               1204240 (100.0%) [1 edit(s)] 
2023-12-15 02:46:16,435	[DEBUG]	ReturnInsertion(('triangle.cpp.xml', '_inter_block', 2), ('triangle.cpp.xml', 'return', 1))
2023-12-15 02:46:16,435	[INFO]	15      COMPILE_CODE_ERROR    None  [1 edit(s)]       
2023-12-15 02:46:17,396	[DEBUG]	EXEC>  SUCCESS 1204287
2023-12-15 02:46:17,397	[DEBUG]	DeclStmtInsertion(('triangle.cpp.xml', '_inter_block', 15), ('triangle.cpp.xml', 'decl_stmt', 0))
2023-12-15 02:46:17,398	[INFO]	16      SUCCESS               1204287 (100.0%) [1 edit(s)] 
2023-12-15 02:46:17,545	[DEBUG]	DeclStmtInsertion(('triangle.cpp.xml', '_inter_block', 3), ('triangle.cpp.xml', 'decl_stmt', 1))
2023-12-15 02:46:17,545	[INFO]	17      COMPILE_CODE_ERROR    None  [1 edit(s)]       
2023-12-15 02:46:18,500	[DEBUG]	EXEC>  SUCCESS 1204240
2023-12-15 02:46:18,500	[DEBUG]	IfInsertion(('triangle.cpp.xml', '_inter_block', 29), ('triangle.cpp.xml', 'if', 5))
2023-12-15 02:46:18,501	[INFO]	18      SUCCESS               1204240 (100.0%) [1 edit(s)] 
2023-12-15 02:46:19,498	[DEBUG]	EXEC>  SUCCESS 1204428
2023-12-15 02:46:19,498	[DEBUG]	IfInsertion(('triangle.cpp.xml', '_inter_block', 9), ('triangle.cpp.xml', 'if', 2))
2023-12-15 02:46:19,499	[INFO]	19      SUCCESS               1204428 (100.02%) [1 edit(s)] 
2023-12-15 02:46:20,278	[DEBUG]	IfInsertion(('triangle.cpp.xml', '_inter_block', 28), ('triangle.cpp.xml', 'if', 5))
2023-12-15 02:46:20,279	[INFO]	20      TEST_CODE_ERROR       None  [1 edit(s)]       
2023-12-15 02:46:21,078	[DEBUG]	ExprStmtInsertion(('triangle.cpp.xml', '_inter_block', 14), ('triangle.cpp.xml', 'expr_stmt', 6))
2023-12-15 02:46:21,078	[INFO]	21      TEST_CODE_ERROR       None  [1 edit(s)]       
2023-12-15 02:46:22,048	[DEBUG]	EXEC>  SUCCESS 1204427
2023-12-15 02:46:22,049	[DEBUG]	IfInsertion(('triangle.cpp.xml', '_inter_block', 6), ('triangle.cpp.xml', 'if', 0))
2023-12-15 02:46:22,049	[INFO]	22      SUCCESS               1204427 (100.02%) [1 edit(s)] 
2023-12-15 02:46:23,004	[DEBUG]	EXEC>  SUCCESS 1400674
2023-12-15 02:46:23,005	[DEBUG]	IfInsertion(('triangle.cpp.xml', '_inter_block', 31), ('triangle.cpp.xml', 'if', 4))
2023-12-15 02:46:23,006	[INFO]	23      SUCCESS               1400674 (116.31%) [1 edit(s)] 
2023-12-15 02:46:24,015	[DEBUG]	EXEC>  SUCCESS 1204239
2023-12-15 02:46:24,016	[DEBUG]	IfInsertion(('triangle.cpp.xml', '_inter_block', 29), ('triangle.cpp.xml', 'if', 2))
2023-12-15 02:46:24,016	[INFO]	24      SUCCESS              +1204239 (100.0%) [1 edit(s)] 
2023-12-15 02:46:24,017	[DEBUG]	--- before: triangle.cpp
+++ after: triangle.cpp
@@ -36,6 +36,11 @@
   if(a == b && b == c)
     /*auto*/{
       return EQUILATERAL;
+      if(b > c) {
+        tmp = b;
+        b = c;
+        c = tmp;
+      }
     }/*auto*/
   if(a == b || b == c)
     /*auto*/{

2023-12-15 02:46:24,163	[DEBUG]	IfInsertion(('triangle.cpp.xml', '_inter_block', 29), ('triangle.cpp.xml', 'if', 2)) | IfInsertion(('triangle.cpp.xml', '_inter_block', 2), ('triangle.cpp.xml', 'if', 0))
2023-12-15 02:46:24,164	[INFO]	25      COMPILE_CODE_ERROR    None  [2 edit(s)]       
2023-12-15 02:46:25,111	[DEBUG]	EXEC>  SUCCESS 1204275
2023-12-15 02:46:25,112	[DEBUG]	IfInsertion(('triangle.cpp.xml', '_inter_block', 29), ('triangle.cpp.xml', 'if', 2)) | IfInsertion(('triangle.cpp.xml', '_inter_block', 30), ('triangle.cpp.xml', 'if', 1))
2023-12-15 02:46:25,113	[INFO]	26      SUCCESS               1204275 (100.0%) [2 edit(s)] 
2023-12-15 02:46:25,913	[DEBUG]	IfInsertion(('triangle.cpp.xml', '_inter_block', 29), ('triangle.cpp.xml', 'if', 2)) | IfInsertion(('triangle.cpp.xml', '_inter_block', 24), ('triangle.cpp.xml', 'if', 4))
2023-12-15 02:46:25,913	[INFO]	27      TEST_CODE_ERROR       None  [2 edit(s)]       
2023-12-15 02:46:26,904	[DEBUG]	EXEC>  SUCCESS 1204314
2023-12-15 02:46:26,905	[DEBUG]	IfInsertion(('triangle.cpp.xml', '_inter_block', 29), ('triangle.cpp.xml', 'if', 2)) | IfInsertion(('triangle.cpp.xml', '_inter_block', 19), ('triangle.cpp.xml', 'if', 3))
2023-12-15 02:46:26,905	[INFO]	28      SUCCESS               1204314 (100.01%) [2 edit(s)] 
2023-12-15 02:46:27,045	[DEBUG]	IfInsertion(('triangle.cpp.xml', '_inter_block', 29), ('triangle.cpp.xml', 'if', 2)) | IfInsertion(('triangle.cpp.xml', '_inter_block', 2), ('triangle.cpp.xml', 'if', 5))
2023-12-15 02:46:27,046	[INFO]	29      COMPILE_CODE_ERROR    None  [2 edit(s)]       
2023-12-15 02:46:28,029	[DEBUG]	EXEC>  SUCCESS 1204241
2023-12-15 02:46:28,029	[DEBUG]	IfInsertion(('triangle.cpp.xml', '_inter_block', 29), ('triangle.cpp.xml', 'if', 2)) | ReturnInsertion(('triangle.cpp.xml', '_inter_block', 30), ('triangle.cpp.xml', 'return', 2))
2023-12-15 02:46:28,030	[INFO]	30      SUCCESS               1204241 (100.0%) [2 edit(s)] 
2023-12-15 02:46:28,801	[DEBUG]	IfInsertion(('triangle.cpp.xml', '_inter_block', 29), ('triangle.cpp.xml', 'if', 2)) | ReturnInsertion(('triangle.cpp.xml', '_inter_block', 14), ('triangle.cpp.xml', 'return', 1))
2023-12-15 02:46:28,801	[INFO]	31      TEST_CODE_ERROR       None  [2 edit(s)]       
2023-12-15 02:46:29,752	[DEBUG]	EXEC>  SUCCESS 1204295
2023-12-15 02:46:29,752	[DEBUG]	IfInsertion(('triangle.cpp.xml', '_inter_block', 29), ('triangle.cpp.xml', 'if', 2)) | DeclStmtInsertion(('triangle.cpp.xml', '_inter_block', 26), ('triangle.cpp.xml', 'decl_stmt', 0))
2023-12-15 02:46:29,753	[INFO]	32      SUCCESS               1204295 (100.0%) [2 edit(s)] 
2023-12-15 02:46:30,846	[DEBUG]	EXEC>  SUCCESS 1204239
2023-12-15 02:46:30,847	[DEBUG]	IfInsertion(('triangle.cpp.xml', '_inter_block', 29), ('triangle.cpp.xml', 'if', 2)) | ExprStmtInsertion(('triangle.cpp.xml', '_inter_block', 13), ('triangle.cpp.xml', 'expr_stmt', 7))
2023-12-15 02:46:30,847	[INFO]	33      SUCCESS              +1204239 (100.0%) [2 edit(s)] 
2023-12-15 02:46:30,849	[DEBUG]	--- before: triangle.cpp
+++ after: triangle.cpp
@@ -36,10 +36,16 @@
   if(a == b && b == c)
     /*auto*/{
       return EQUILATERAL;
+      if(b > c) {
+        tmp = b;
+        b = c;
+        c = tmp;
+      }
     }/*auto*/
   if(a == b || b == c)
     /*auto*/{
       return ISOSCELES;
     }/*auto*/
   return SCALENE;
+  c = tmp;
 }

2023-12-15 02:46:31,819	[DEBUG]	EXEC>  SUCCESS 1204239
2023-12-15 02:46:31,819	[DEBUG]	IfInsertion(('triangle.cpp.xml', '_inter_block', 29), ('triangle.cpp.xml', 'if', 2)) | ExprStmtInsertion(('triangle.cpp.xml', '_inter_block', 13), ('triangle.cpp.xml', 'expr_stmt', 7)) | DeclStmtInsertion(('triangle.cpp.xml', '_inter_block', 18), ('triangle.cpp.xml', 'decl_stmt', 1))
2023-12-15 02:46:31,820	[INFO]	34      SUCCESS              +1204239 (100.0%) [3 edit(s)] 
2023-12-15 02:46:31,823	[DEBUG]	--- before: triangle.cpp
+++ after: triangle.cpp
@@ -18,6 +18,7 @@
   }
 
   if(a > c) {
+    double tmp;
     tmp = a;
     a = c;
     c = tmp;
@@ -36,10 +37,16 @@
   if(a == b && b == c)
     /*auto*/{
       return EQUILATERAL;
+      if(b > c) {
+        tmp = b;
+        b = c;
+        c = tmp;
+      }
     }/*auto*/
   if(a == b || b == c)
     /*auto*/{
       return ISOSCELES;
     }/*auto*/
   return SCALENE;
+  c = tmp;
 }

2023-12-15 02:46:32,636	[DEBUG]	IfInsertion(('triangle.cpp.xml', '_inter_block', 29), ('triangle.cpp.xml', 'if', 2)) | ExprStmtInsertion(('triangle.cpp.xml', '_inter_block', 13), ('triangle.cpp.xml', 'expr_stmt', 7)) | DeclStmtInsertion(('triangle.cpp.xml', '_inter_block', 18), ('triangle.cpp.xml', 'decl_stmt', 1)) | ReturnDeletion(('triangle.cpp.xml', 'return', 1))
2023-12-15 02:46:32,636	[INFO]	35      TEST_CODE_ERROR       None  [4 edit(s)]       
2023-12-15 02:46:33,388	[DEBUG]	IfInsertion(('triangle.cpp.xml', '_inter_block', 29), ('triangle.cpp.xml', 'if', 2)) | ExprStmtInsertion(('triangle.cpp.xml', '_inter_block', 13), ('triangle.cpp.xml', 'expr_stmt', 7)) | DeclStmtInsertion(('triangle.cpp.xml', '_inter_block', 18), ('triangle.cpp.xml', 'decl_stmt', 1)) | IfReplacement(('triangle.cpp.xml', 'if', 5), ('triangle.cpp.xml', 'stmt', 19))
2023-12-15 02:46:33,389	[INFO]	36      TEST_CODE_ERROR       None  [4 edit(s)]       
2023-12-15 02:46:34,385	[DEBUG]	EXEC>  SUCCESS 1204365
2023-12-15 02:46:34,386	[DEBUG]	IfInsertion(('triangle.cpp.xml', '_inter_block', 29), ('triangle.cpp.xml', 'if', 2)) | ExprStmtInsertion(('triangle.cpp.xml', '_inter_block', 13), ('triangle.cpp.xml', 'expr_stmt', 7)) | DeclStmtInsertion(('triangle.cpp.xml', '_inter_block', 18), ('triangle.cpp.xml', 'decl_stmt', 1)) | DeclStmtInsertion(('triangle.cpp.xml', '_inter_block', 4), ('triangle.cpp.xml', 'decl_stmt', 0))
2023-12-15 02:46:34,386	[INFO]	37      SUCCESS               1204365 (100.01%) [4 edit(s)] 
2023-12-15 02:46:35,360	[DEBUG]	EXEC>  SUCCESS 1204239
2023-12-15 02:46:35,361	[DEBUG]	IfInsertion(('triangle.cpp.xml', '_inter_block', 29), ('triangle.cpp.xml', 'if', 2)) | ExprStmtInsertion(('triangle.cpp.xml', '_inter_block', 13), ('triangle.cpp.xml', 'expr_stmt', 7)) | DeclStmtInsertion(('triangle.cpp.xml', '_inter_block', 18), ('triangle.cpp.xml', 'decl_stmt', 1)) | DeclStmtInsertion(('triangle.cpp.xml', '_inter_block', 14), ('triangle.cpp.xml', 'decl_stmt', 1))
2023-12-15 02:46:35,361	[INFO]	38      SUCCESS              +1204239 (100.0%) [4 edit(s)] 
2023-12-15 02:46:35,365	[DEBUG]	--- before: triangle.cpp
+++ after: triangle.cpp
@@ -12,12 +12,14 @@
 
   // Sort the sides so that a <= b <= c
   if(a > b) {
+    double tmp;
     tmp = a;
     a = b;
     b = tmp;
   }
 
   if(a > c) {
+    double tmp;
     tmp = a;
     a = c;
     c = tmp;
@@ -36,10 +38,16 @@
   if(a == b && b == c)
     /*auto*/{
       return EQUILATERAL;
+      if(b > c) {
+        tmp = b;
+        b = c;
+        c = tmp;
+      }
     }/*auto*/
   if(a == b || b == c)
     /*auto*/{
       return ISOSCELES;
     }/*auto*/
   return SCALENE;
+  c = tmp;
 }

2023-12-15 02:46:35,538	[DEBUG]	IfInsertion(('triangle.cpp.xml', '_inter_block', 29), ('triangle.cpp.xml', 'if', 2)) | ExprStmtInsertion(('triangle.cpp.xml', '_inter_block', 13), ('triangle.cpp.xml', 'expr_stmt', 7)) | DeclStmtInsertion(('triangle.cpp.xml', '_inter_block', 18), ('triangle.cpp.xml', 'decl_stmt', 1)) | DeclStmtInsertion(('triangle.cpp.xml', '_inter_block', 14), ('triangle.cpp.xml', 'decl_stmt', 1)) | DeclStmtInsertion(('triangle.cpp.xml', '_inter_block', 13), ('triangle.cpp.xml', 'decl_stmt', 1))
2023-12-15 02:46:35,538	[INFO]	39      COMPILE_CODE_ERROR    None  [5 edit(s)]       
2023-12-15 02:46:36,500	[DEBUG]	EXEC>  SUCCESS 1204238
2023-12-15 02:46:36,500	[DEBUG]	IfInsertion(('triangle.cpp.xml', '_inter_block', 29), ('triangle.cpp.xml', 'if', 2)) | ExprStmtInsertion(('triangle.cpp.xml', '_inter_block', 13), ('triangle.cpp.xml', 'expr_stmt', 7)) | DeclStmtInsertion(('triangle.cpp.xml', '_inter_block', 18), ('triangle.cpp.xml', 'decl_stmt', 1)) | DeclStmtInsertion(('triangle.cpp.xml', '_inter_block', 14), ('triangle.cpp.xml', 'decl_stmt', 1)) | DeclStmtInsertion(('triangle.cpp.xml', '_inter_block', 27), ('triangle.cpp.xml', 'decl_stmt', 0))
2023-12-15 02:46:36,501	[INFO]	40      SUCCESS              *1204238 (100.0%) [5 edit(s)] 
2023-12-15 02:46:36,503	[DEBUG]	--- before: triangle.cpp
+++ after: triangle.cpp
@@ -12,12 +12,14 @@
 
   // Sort the sides so that a <= b <= c
   if(a > b) {
+    double tmp;
     tmp = a;
     a = b;
     b = tmp;
   }
 
   if(a > c) {
+    double tmp;
     tmp = a;
     a = c;
     c = tmp;
@@ -32,14 +34,21 @@
   if(a + b <= c)
     /*auto*/{
       return INVALID;
+      const struct timespec ms = {0, (long int) (0.001*1e9)};
     }/*auto*/
   if(a == b && b == c)
     /*auto*/{
       return EQUILATERAL;
+      if(b > c) {
+        tmp = b;
+        b = c;
+        c = tmp;
+      }
     }/*auto*/
   if(a == b || b == c)
     /*auto*/{
       return ISOSCELES;
     }/*auto*/
   return SCALENE;
+  c = tmp;
 }

2023-12-15 02:46:37,445	[DEBUG]	EXEC>  SUCCESS 1204299
2023-12-15 02:46:37,446	[DEBUG]	IfInsertion(('triangle.cpp.xml', '_inter_block', 29), ('triangle.cpp.xml', 'if', 2)) | ExprStmtInsertion(('triangle.cpp.xml', '_inter_block', 13), ('triangle.cpp.xml', 'expr_stmt', 7)) | DeclStmtInsertion(('triangle.cpp.xml', '_inter_block', 18), ('triangle.cpp.xml', 'decl_stmt', 1)) | DeclStmtInsertion(('triangle.cpp.xml', '_inter_block', 14), ('triangle.cpp.xml', 'decl_stmt', 1)) | DeclStmtInsertion(('triangle.cpp.xml', '_inter_block', 27), ('triangle.cpp.xml', 'decl_stmt', 0)) | DeclStmtInsertion(('triangle.cpp.xml', '_inter_block', 23), ('triangle.cpp.xml', 'decl_stmt', 0))
2023-12-15 02:46:37,447	[INFO]	41      SUCCESS               1204299 (100.0%) [6 edit(s)] 
2023-12-15 02:46:38,435	[DEBUG]	EXEC>  SUCCESS 1204366
2023-12-15 02:46:38,436	[DEBUG]	IfInsertion(('triangle.cpp.xml', '_inter_block', 29), ('triangle.cpp.xml', 'if', 2)) | ExprStmtInsertion(('triangle.cpp.xml', '_inter_block', 13), ('triangle.cpp.xml', 'expr_stmt', 7)) | DeclStmtInsertion(('triangle.cpp.xml', '_inter_block', 18), ('triangle.cpp.xml', 'decl_stmt', 1)) | DeclStmtInsertion(('triangle.cpp.xml', '_inter_block', 14), ('triangle.cpp.xml', 'decl_stmt', 1)) | DeclStmtInsertion(('triangle.cpp.xml', '_inter_block', 27), ('triangle.cpp.xml', 'decl_stmt', 0)) | DeclStmtInsertion(('triangle.cpp.xml', '_inter_block', 9), ('triangle.cpp.xml', 'decl_stmt', 0))
2023-12-15 02:46:38,436	[INFO]	42      SUCCESS               1204366 (100.01%) [6 edit(s)] 
2023-12-15 02:46:39,398	[DEBUG]	EXEC>  SUCCESS 1204287
2023-12-15 02:46:39,399	[DEBUG]	IfInsertion(('triangle.cpp.xml', '_inter_block', 29), ('triangle.cpp.xml', 'if', 2)) | ExprStmtInsertion(('triangle.cpp.xml', '_inter_block', 13), ('triangle.cpp.xml', 'expr_stmt', 7)) | DeclStmtInsertion(('triangle.cpp.xml', '_inter_block', 18), ('triangle.cpp.xml', 'decl_stmt', 1)) | DeclStmtInsertion(('triangle.cpp.xml', '_inter_block', 14), ('triangle.cpp.xml', 'decl_stmt', 1)) | DeclStmtInsertion(('triangle.cpp.xml', '_inter_block', 27), ('triangle.cpp.xml', 'decl_stmt', 0)) | DeclStmtInsertion(('triangle.cpp.xml', '_inter_block', 14), ('triangle.cpp.xml', 'decl_stmt', 0))
2023-12-15 02:46:39,399	[INFO]	43      SUCCESS               1204287 (100.0%) [6 edit(s)] 
2023-12-15 02:46:40,440	[DEBUG]	EXEC>  SUCCESS 1204287
2023-12-15 02:46:40,441	[DEBUG]	IfInsertion(('triangle.cpp.xml', '_inter_block', 29), ('triangle.cpp.xml', 'if', 2)) | ExprStmtInsertion(('triangle.cpp.xml', '_inter_block', 13), ('triangle.cpp.xml', 'expr_stmt', 7)) | DeclStmtInsertion(('triangle.cpp.xml', '_inter_block', 18), ('triangle.cpp.xml', 'decl_stmt', 1)) | DeclStmtInsertion(('triangle.cpp.xml', '_inter_block', 14), ('triangle.cpp.xml', 'decl_stmt', 1)) | DeclStmtInsertion(('triangle.cpp.xml', '_inter_block', 27), ('triangle.cpp.xml', 'decl_stmt', 0)) | DeclStmtInsertion(('triangle.cpp.xml', '_inter_block', 15), ('triangle.cpp.xml', 'decl_stmt', 0))
2023-12-15 02:46:40,442	[INFO]	44      SUCCESS               1204287 (100.0%) [6 edit(s)] 
2023-12-15 02:46:41,384	[DEBUG]	EXEC>  SUCCESS 1204366
2023-12-15 02:46:41,385	[DEBUG]	IfInsertion(('triangle.cpp.xml', '_inter_block', 29), ('triangle.cpp.xml', 'if', 2)) | ExprStmtInsertion(('triangle.cpp.xml', '_inter_block', 13), ('triangle.cpp.xml', 'expr_stmt', 7)) | DeclStmtInsertion(('triangle.cpp.xml', '_inter_block', 18), ('triangle.cpp.xml', 'decl_stmt', 1)) | DeclStmtInsertion(('triangle.cpp.xml', '_inter_block', 14), ('triangle.cpp.xml', 'decl_stmt', 1)) | DeclStmtInsertion(('triangle.cpp.xml', '_inter_block', 27), ('triangle.cpp.xml', 'decl_stmt', 0)) | DeclStmtInsertion(('triangle.cpp.xml', '_inter_block', 8), ('triangle.cpp.xml', 'decl_stmt', 0))
2023-12-15 02:46:41,385	[INFO]	45      SUCCESS               1204366 (100.01%) [6 edit(s)] 
2023-12-15 02:46:41,555	[DEBUG]	IfInsertion(('triangle.cpp.xml', '_inter_block', 29), ('triangle.cpp.xml', 'if', 2)) | ExprStmtInsertion(('triangle.cpp.xml', '_inter_block', 13), ('triangle.cpp.xml', 'expr_stmt', 7)) | DeclStmtInsertion(('triangle.cpp.xml', '_inter_block', 18), ('triangle.cpp.xml', 'decl_stmt', 1)) | DeclStmtInsertion(('triangle.cpp.xml', '_inter_block', 14), ('triangle.cpp.xml', 'decl_stmt', 1)) | DeclStmtInsertion(('triangle.cpp.xml', '_inter_block', 27), ('triangle.cpp.xml', 'decl_stmt', 0)) | DeclStmtInsertion(('triangle.cpp.xml', '_inter_block', 0), ('triangle.cpp.xml', 'decl_stmt', 0))
2023-12-15 02:46:41,556	[INFO]	46      COMPILE_CODE_ERROR    None  [6 edit(s)]       
2023-12-15 02:46:41,700	[DEBUG]	IfInsertion(('triangle.cpp.xml', '_inter_block', 29), ('triangle.cpp.xml', 'if', 2)) | ExprStmtInsertion(('triangle.cpp.xml', '_inter_block', 13), ('triangle.cpp.xml', 'expr_stmt', 7)) | DeclStmtInsertion(('triangle.cpp.xml', '_inter_block', 18), ('triangle.cpp.xml', 'decl_stmt', 1)) | DeclStmtInsertion(('triangle.cpp.xml', '_inter_block', 14), ('triangle.cpp.xml', 'decl_stmt', 1)) | DeclStmtInsertion(('triangle.cpp.xml', '_inter_block', 27), ('triangle.cpp.xml', 'decl_stmt', 0)) | DeclStmtInsertion(('triangle.cpp.xml', '_inter_block', 7), ('triangle.cpp.xml', 'decl_stmt', 1))
2023-12-15 02:46:41,701	[INFO]	47      COMPILE_CODE_ERROR    None  [6 edit(s)]       
2023-12-15 02:46:41,858	[DEBUG]	IfInsertion(('triangle.cpp.xml', '_inter_block', 29), ('triangle.cpp.xml', 'if', 2)) | ExprStmtInsertion(('triangle.cpp.xml', '_inter_block', 13), ('triangle.cpp.xml', 'expr_stmt', 7)) | DeclStmtInsertion(('triangle.cpp.xml', '_inter_block', 18), ('triangle.cpp.xml', 'decl_stmt', 1)) | DeclStmtInsertion(('triangle.cpp.xml', '_inter_block', 14), ('triangle.cpp.xml', 'decl_stmt', 1)) | DeclStmtInsertion(('triangle.cpp.xml', '_inter_block', 27), ('triangle.cpp.xml', 'decl_stmt', 0)) | DeclStmtInsertion(('triangle.cpp.xml', '_inter_block', 19), ('triangle.cpp.xml', 'decl_stmt', 1))
2023-12-15 02:46:41,859	[INFO]	48      COMPILE_CODE_ERROR    None  [6 edit(s)]       
2023-12-15 02:46:41,989	[DEBUG]	IfInsertion(('triangle.cpp.xml', '_inter_block', 29), ('triangle.cpp.xml', 'if', 2)) | ExprStmtInsertion(('triangle.cpp.xml', '_inter_block', 13), ('triangle.cpp.xml', 'expr_stmt', 7)) | DeclStmtInsertion(('triangle.cpp.xml', '_inter_block', 18), ('triangle.cpp.xml', 'decl_stmt', 1)) | DeclStmtInsertion(('triangle.cpp.xml', '_inter_block', 14), ('triangle.cpp.xml', 'decl_stmt', 1)) | DeclStmtInsertion(('triangle.cpp.xml', '_inter_block', 27), ('triangle.cpp.xml', 'decl_stmt', 0)) | DeclStmtInsertion(('triangle.cpp.xml', '_inter_block', 3), ('triangle.cpp.xml', 'decl_stmt', 0))
2023-12-15 02:46:41,989	[INFO]	49      COMPILE_CODE_ERROR    None  [6 edit(s)]       
2023-12-15 02:46:42,995	[DEBUG]	EXEC>  SUCCESS 1205499
2023-12-15 02:46:42,996	[DEBUG]	IfInsertion(('triangle.cpp.xml', '_inter_block', 29), ('triangle.cpp.xml', 'if', 2)) | ExprStmtInsertion(('triangle.cpp.xml', '_inter_block', 13), ('triangle.cpp.xml', 'expr_stmt', 7)) | DeclStmtInsertion(('triangle.cpp.xml', '_inter_block', 18), ('triangle.cpp.xml', 'decl_stmt', 1)) | DeclStmtInsertion(('triangle.cpp.xml', '_inter_block', 14), ('triangle.cpp.xml', 'decl_stmt', 1)) | DeclStmtInsertion(('triangle.cpp.xml', '_inter_block', 27), ('triangle.cpp.xml', 'decl_stmt', 0)) | ExprStmtInsertion(('triangle.cpp.xml', '_inter_block', 5), ('triangle.cpp.xml', 'expr_stmt', 1))
2023-12-15 02:46:42,997	[INFO]	50      SUCCESS               1205499 (100.1%) [6 edit(s)] 
2023-12-15 02:46:43,135	[DEBUG]	IfInsertion(('triangle.cpp.xml', '_inter_block', 29), ('triangle.cpp.xml', 'if', 2)) | ExprStmtInsertion(('triangle.cpp.xml', '_inter_block', 13), ('triangle.cpp.xml', 'expr_stmt', 7)) | DeclStmtInsertion(('triangle.cpp.xml', '_inter_block', 18), ('triangle.cpp.xml', 'decl_stmt', 1)) | DeclStmtInsertion(('triangle.cpp.xml', '_inter_block', 14), ('triangle.cpp.xml', 'decl_stmt', 1)) | DeclStmtInsertion(('triangle.cpp.xml', '_inter_block', 27), ('triangle.cpp.xml', 'decl_stmt', 0)) | ExprStmtInsertion(('triangle.cpp.xml', '_inter_block', 0), ('triangle.cpp.xml', 'expr_stmt', 6))
2023-12-15 02:46:43,135	[INFO]	51      COMPILE_CODE_ERROR    None  [6 edit(s)]       
2023-12-15 02:46:43,922	[DEBUG]	IfInsertion(('triangle.cpp.xml', '_inter_block', 29), ('triangle.cpp.xml', 'if', 2)) | ExprStmtInsertion(('triangle.cpp.xml', '_inter_block', 13), ('triangle.cpp.xml', 'expr_stmt', 7)) | DeclStmtInsertion(('triangle.cpp.xml', '_inter_block', 18), ('triangle.cpp.xml', 'decl_stmt', 1)) | DeclStmtInsertion(('triangle.cpp.xml', '_inter_block', 14), ('triangle.cpp.xml', 'decl_stmt', 1)) | DeclStmtInsertion(('triangle.cpp.xml', '_inter_block', 27), ('triangle.cpp.xml', 'decl_stmt', 0)) | IfReplacement(('triangle.cpp.xml', 'if', 5), ('triangle.cpp.xml', 'stmt', 6))
2023-12-15 02:46:43,923	[INFO]	52      TEST_CODE_ERROR       None  [6 edit(s)]       
2023-12-15 02:46:44,075	[DEBUG]	IfInsertion(('triangle.cpp.xml', '_inter_block', 29), ('triangle.cpp.xml', 'if', 2)) | ExprStmtInsertion(('triangle.cpp.xml', '_inter_block', 13), ('triangle.cpp.xml', 'expr_stmt', 7)) | DeclStmtInsertion(('triangle.cpp.xml', '_inter_block', 18), ('triangle.cpp.xml', 'decl_stmt', 1)) | DeclStmtInsertion(('triangle.cpp.xml', '_inter_block', 14), ('triangle.cpp.xml', 'decl_stmt', 1)) | DeclStmtInsertion(('triangle.cpp.xml', '_inter_block', 27), ('triangle.cpp.xml', 'decl_stmt', 0)) | DeclStmtInsertion(('triangle.cpp.xml', '_inter_block', 20), ('triangle.cpp.xml', 'decl_stmt', 1))
2023-12-15 02:46:44,076	[INFO]	53      COMPILE_CODE_ERROR    None  [6 edit(s)]       
2023-12-15 02:46:45,037	[DEBUG]	EXEC>  SUCCESS 1204389
2023-12-15 02:46:45,038	[DEBUG]	IfInsertion(('triangle.cpp.xml', '_inter_block', 29), ('triangle.cpp.xml', 'if', 2)) | ExprStmtInsertion(('triangle.cpp.xml', '_inter_block', 13), ('triangle.cpp.xml', 'expr_stmt', 7)) | DeclStmtInsertion(('triangle.cpp.xml', '_inter_block', 18), ('triangle.cpp.xml', 'decl_stmt', 1)) | DeclStmtInsertion(('triangle.cpp.xml', '_inter_block', 14), ('triangle.cpp.xml', 'decl_stmt', 1)) | DeclStmtInsertion(('triangle.cpp.xml', '_inter_block', 27), ('triangle.cpp.xml', 'decl_stmt', 0)) | IfInsertion(('triangle.cpp.xml', '_inter_block', 24), ('triangle.cpp.xml', 'if', 3))
2023-12-15 02:46:45,039	[INFO]	54      SUCCESS               1204389 (100.01%) [6 edit(s)] 
2023-12-15 02:46:46,025	[DEBUG]	EXEC>  SUCCESS 1204299
2023-12-15 02:46:46,026	[DEBUG]	IfInsertion(('triangle.cpp.xml', '_inter_block', 29), ('triangle.cpp.xml', 'if', 2)) | ExprStmtInsertion(('triangle.cpp.xml', '_inter_block', 13), ('triangle.cpp.xml', 'expr_stmt', 7)) | DeclStmtInsertion(('triangle.cpp.xml', '_inter_block', 18), ('triangle.cpp.xml', 'decl_stmt', 1)) | DeclStmtInsertion(('triangle.cpp.xml', '_inter_block', 14), ('triangle.cpp.xml', 'decl_stmt', 1)) | DeclStmtInsertion(('triangle.cpp.xml', '_inter_block', 27), ('triangle.cpp.xml', 'decl_stmt', 0)) | IfInsertion(('triangle.cpp.xml', '_inter_block', 21), ('triangle.cpp.xml', 'if', 0))
2023-12-15 02:46:46,027	[INFO]	55      SUCCESS               1204299 (100.0%) [6 edit(s)] 
2023-12-15 02:46:47,005	[DEBUG]	EXEC>  SUCCESS 1204435
2023-12-15 02:46:47,006	[DEBUG]	IfInsertion(('triangle.cpp.xml', '_inter_block', 29), ('triangle.cpp.xml', 'if', 2)) | ExprStmtInsertion(('triangle.cpp.xml', '_inter_block', 13), ('triangle.cpp.xml', 'expr_stmt', 7)) | DeclStmtInsertion(('triangle.cpp.xml', '_inter_block', 18), ('triangle.cpp.xml', 'decl_stmt', 1)) | DeclStmtInsertion(('triangle.cpp.xml', '_inter_block', 14), ('triangle.cpp.xml', 'decl_stmt', 1)) | DeclStmtInsertion(('triangle.cpp.xml', '_inter_block', 27), ('triangle.cpp.xml', 'decl_stmt', 0)) | IfInsertion(('triangle.cpp.xml', '_inter_block', 8), ('triangle.cpp.xml', 'if', 3))
2023-12-15 02:46:47,006	[INFO]	56      SUCCESS               1204435 (100.02%) [6 edit(s)] 
2023-12-15 02:46:48,019	[DEBUG]	EXEC>  SUCCESS 1204268
2023-12-15 02:46:48,020	[DEBUG]	IfInsertion(('triangle.cpp.xml', '_inter_block', 29), ('triangle.cpp.xml', 'if', 2)) | ExprStmtInsertion(('triangle.cpp.xml', '_inter_block', 13), ('triangle.cpp.xml', 'expr_stmt', 7)) | DeclStmtInsertion(('triangle.cpp.xml', '_inter_block', 18), ('triangle.cpp.xml', 'decl_stmt', 1)) | DeclStmtInsertion(('triangle.cpp.xml', '_inter_block', 14), ('triangle.cpp.xml', 'decl_stmt', 1)) | DeclStmtInsertion(('triangle.cpp.xml', '_inter_block', 27), ('triangle.cpp.xml', 'decl_stmt', 0)) | ExprStmtInsertion(('triangle.cpp.xml', '_inter_block', 18), ('triangle.cpp.xml', 'expr_stmt', 2))
2023-12-15 02:46:48,020	[INFO]	57      SUCCESS               1204268 (100.0%) [6 edit(s)] 
2023-12-15 02:46:48,164	[DEBUG]	IfInsertion(('triangle.cpp.xml', '_inter_block', 29), ('triangle.cpp.xml', 'if', 2)) | ExprStmtInsertion(('triangle.cpp.xml', '_inter_block', 13), ('triangle.cpp.xml', 'expr_stmt', 7)) | DeclStmtInsertion(('triangle.cpp.xml', '_inter_block', 18), ('triangle.cpp.xml', 'decl_stmt', 1)) | DeclStmtInsertion(('triangle.cpp.xml', '_inter_block', 14), ('triangle.cpp.xml', 'decl_stmt', 1)) | DeclStmtInsertion(('triangle.cpp.xml', '_inter_block', 27), ('triangle.cpp.xml', 'decl_stmt', 0)) | IfInsertion(('triangle.cpp.xml', '_inter_block', 3), ('triangle.cpp.xml', 'if', 2))
2023-12-15 02:46:48,165	[INFO]	58      COMPILE_CODE_ERROR    None  [6 edit(s)]       
2023-12-15 02:46:49,103	[DEBUG]	EXEC>  SUCCESS 1204518
2023-12-15 02:46:49,104	[DEBUG]	IfInsertion(('triangle.cpp.xml', '_inter_block', 29), ('triangle.cpp.xml', 'if', 2)) | ExprStmtInsertion(('triangle.cpp.xml', '_inter_block', 13), ('triangle.cpp.xml', 'expr_stmt', 7)) | DeclStmtInsertion(('triangle.cpp.xml', '_inter_block', 18), ('triangle.cpp.xml', 'decl_stmt', 1)) | DeclStmtInsertion(('triangle.cpp.xml', '_inter_block', 14), ('triangle.cpp.xml', 'decl_stmt', 1)) | DeclStmtInsertion(('triangle.cpp.xml', '_inter_block', 27), ('triangle.cpp.xml', 'decl_stmt', 0)) | IfInsertion(('triangle.cpp.xml', '_inter_block', 7), ('triangle.cpp.xml', 'if', 4))
2023-12-15 02:46:49,104	[INFO]	59      SUCCESS               1204518 (100.02%) [6 edit(s)] 
2023-12-15 02:46:50,092	[DEBUG]	EXEC>  SUCCESS 1204474
2023-12-15 02:46:50,092	[DEBUG]	IfInsertion(('triangle.cpp.xml', '_inter_block', 29), ('triangle.cpp.xml', 'if', 2)) | ExprStmtInsertion(('triangle.cpp.xml', '_inter_block', 13), ('triangle.cpp.xml', 'expr_stmt', 7)) | DeclStmtInsertion(('triangle.cpp.xml', '_inter_block', 18), ('triangle.cpp.xml', 'decl_stmt', 1)) | DeclStmtInsertion(('triangle.cpp.xml', '_inter_block', 14), ('triangle.cpp.xml', 'decl_stmt', 1)) | DeclStmtInsertion(('triangle.cpp.xml', '_inter_block', 27), ('triangle.cpp.xml', 'decl_stmt', 0)) | IfInsertion(('triangle.cpp.xml', '_inter_block', 10), ('triangle.cpp.xml', 'if', 4))
2023-12-15 02:46:50,093	[INFO]	60      SUCCESS               1204474 (100.02%) [6 edit(s)] 
2023-12-15 02:46:50,228	[DEBUG]	IfInsertion(('triangle.cpp.xml', '_inter_block', 29), ('triangle.cpp.xml', 'if', 2)) | ExprStmtInsertion(('triangle.cpp.xml', '_inter_block', 13), ('triangle.cpp.xml', 'expr_stmt', 7)) | DeclStmtInsertion(('triangle.cpp.xml', '_inter_block', 18), ('triangle.cpp.xml', 'decl_stmt', 1)) | DeclStmtInsertion(('triangle.cpp.xml', '_inter_block', 14), ('triangle.cpp.xml', 'decl_stmt', 1)) | DeclStmtInsertion(('triangle.cpp.xml', '_inter_block', 27), ('triangle.cpp.xml', 'decl_stmt', 0)) | DeclStmtDeletion(('triangle.cpp.xml', 'decl_stmt', 0))
2023-12-15 02:46:50,228	[INFO]	61      COMPILE_CODE_ERROR    None  [6 edit(s)]       
2023-12-15 02:46:51,003	[DEBUG]	IfInsertion(('triangle.cpp.xml', '_inter_block', 29), ('triangle.cpp.xml', 'if', 2)) | ExprStmtInsertion(('triangle.cpp.xml', '_inter_block', 13), ('triangle.cpp.xml', 'expr_stmt', 7)) | DeclStmtInsertion(('triangle.cpp.xml', '_inter_block', 18), ('triangle.cpp.xml', 'decl_stmt', 1)) | DeclStmtInsertion(('triangle.cpp.xml', '_inter_block', 14), ('triangle.cpp.xml', 'decl_stmt', 1)) | DeclStmtInsertion(('triangle.cpp.xml', '_inter_block', 27), ('triangle.cpp.xml', 'decl_stmt', 0)) | IfDeletion(('triangle.cpp.xml', 'if', 4))
2023-12-15 02:46:51,003	[INFO]	62      TEST_CODE_ERROR       None  [6 edit(s)]       
2023-12-15 02:46:51,949	[DEBUG]	EXEC>  SUCCESS 1204239
2023-12-15 02:46:51,950	[DEBUG]	IfInsertion(('triangle.cpp.xml', '_inter_block', 29), ('triangle.cpp.xml', 'if', 2)) | ExprStmtInsertion(('triangle.cpp.xml', '_inter_block', 13), ('triangle.cpp.xml', 'expr_stmt', 7)) | DeclStmtInsertion(('triangle.cpp.xml', '_inter_block', 18), ('triangle.cpp.xml', 'decl_stmt', 1)) | DeclStmtInsertion(('triangle.cpp.xml', '_inter_block', 14), ('triangle.cpp.xml', 'decl_stmt', 1)) | DeclStmtInsertion(('triangle.cpp.xml', '_inter_block', 27), ('triangle.cpp.xml', 'decl_stmt', 0)) | IfInsertion(('triangle.cpp.xml', '_inter_block', 13), ('triangle.cpp.xml', 'if', 3))
2023-12-15 02:46:51,950	[INFO]	63      SUCCESS               1204239 (100.0%) [6 edit(s)] 
2023-12-15 02:46:52,924	[DEBUG]	EXEC>  SUCCESS 1204238
2023-12-15 02:46:52,924	[DEBUG]	IfInsertion(('triangle.cpp.xml', '_inter_block', 29), ('triangle.cpp.xml', 'if', 2)) | ExprStmtInsertion(('triangle.cpp.xml', '_inter_block', 13), ('triangle.cpp.xml', 'expr_stmt', 7)) | DeclStmtInsertion(('triangle.cpp.xml', '_inter_block', 18), ('triangle.cpp.xml', 'decl_stmt', 1)) | DeclStmtInsertion(('triangle.cpp.xml', '_inter_block', 14), ('triangle.cpp.xml', 'decl_stmt', 1)) | DeclStmtInsertion(('triangle.cpp.xml', '_inter_block', 27), ('triangle.cpp.xml', 'decl_stmt', 0)) | IfInsertion(('triangle.cpp.xml', '_inter_block', 13), ('triangle.cpp.xml', 'if', 5))
2023-12-15 02:46:52,925	[INFO]	64      SUCCESS              +1204238 (100.0%) [6 edit(s)] 
2023-12-15 02:46:52,928	[DEBUG]	--- before: triangle.cpp
+++ after: triangle.cpp
@@ -12,12 +12,14 @@
 
   // Sort the sides so that a <= b <= c
   if(a > b) {
+    double tmp;
     tmp = a;
     a = b;
     b = tmp;
   }
 
   if(a > c) {
+    double tmp;
     tmp = a;
     a = c;
     c = tmp;
@@ -32,14 +34,25 @@
   if(a + b <= c)
     /*auto*/{
       return INVALID;
+      const struct timespec ms = {0, (long int) (0.001*1e9)};
     }/*auto*/
   if(a == b && b == c)
     /*auto*/{
       return EQUILATERAL;
+      if(b > c) {
+        tmp = b;
+        b = c;
+        c = tmp;
+      }
     }/*auto*/
   if(a == b || b == c)
     /*auto*/{
       return ISOSCELES;
     }/*auto*/
   return SCALENE;
+  c = tmp;
+  if(a == b || b == c)
+    /*auto*/{
+      return ISOSCELES;
+    }/*auto*/
 }

2023-12-15 02:46:53,887	[DEBUG]	EXEC>  SUCCESS 1204267
2023-12-15 02:46:53,888	[DEBUG]	IfInsertion(('triangle.cpp.xml', '_inter_block', 29), ('triangle.cpp.xml', 'if', 2)) | ExprStmtInsertion(('triangle.cpp.xml', '_inter_block', 13), ('triangle.cpp.xml', 'expr_stmt', 7)) | DeclStmtInsertion(('triangle.cpp.xml', '_inter_block', 18), ('triangle.cpp.xml', 'decl_stmt', 1)) | DeclStmtInsertion(('triangle.cpp.xml', '_inter_block', 14), ('triangle.cpp.xml', 'decl_stmt', 1)) | DeclStmtInsertion(('triangle.cpp.xml', '_inter_block', 27), ('triangle.cpp.xml', 'decl_stmt', 0)) | IfInsertion(('triangle.cpp.xml', '_inter_block', 13), ('triangle.cpp.xml', 'if', 5)) | IfInsertion(('triangle.cpp.xml', '_inter_block', 28), ('triangle.cpp.xml', 'if', 0))
2023-12-15 02:46:53,889	[INFO]	65      SUCCESS               1204267 (100.0%) [7 edit(s)] 
2023-12-15 02:46:54,881	[DEBUG]	EXEC>  SUCCESS 1204284
2023-12-15 02:46:54,881	[DEBUG]	IfInsertion(('triangle.cpp.xml', '_inter_block', 29), ('triangle.cpp.xml', 'if', 2)) | ExprStmtInsertion(('triangle.cpp.xml', '_inter_block', 13), ('triangle.cpp.xml', 'expr_stmt', 7)) | DeclStmtInsertion(('triangle.cpp.xml', '_inter_block', 18), ('triangle.cpp.xml', 'decl_stmt', 1)) | DeclStmtInsertion(('triangle.cpp.xml', '_inter_block', 14), ('triangle.cpp.xml', 'decl_stmt', 1)) | DeclStmtInsertion(('triangle.cpp.xml', '_inter_block', 27), ('triangle.cpp.xml', 'decl_stmt', 0)) | IfInsertion(('triangle.cpp.xml', '_inter_block', 13), ('triangle.cpp.xml', 'if', 5)) | IfInsertion(('triangle.cpp.xml', '_inter_block', 12), ('triangle.cpp.xml', 'if', 2))
2023-12-15 02:46:54,882	[INFO]	66      SUCCESS               1204284 (100.0%) [7 edit(s)] 
2023-12-15 02:46:55,663	[DEBUG]	IfInsertion(('triangle.cpp.xml', '_inter_block', 29), ('triangle.cpp.xml', 'if', 2)) | ExprStmtInsertion(('triangle.cpp.xml', '_inter_block', 13), ('triangle.cpp.xml', 'expr_stmt', 7)) | DeclStmtInsertion(('triangle.cpp.xml', '_inter_block', 18), ('triangle.cpp.xml', 'decl_stmt', 1)) | DeclStmtInsertion(('triangle.cpp.xml', '_inter_block', 14), ('triangle.cpp.xml', 'decl_stmt', 1)) | DeclStmtInsertion(('triangle.cpp.xml', '_inter_block', 27), ('triangle.cpp.xml', 'decl_stmt', 0)) | IfInsertion(('triangle.cpp.xml', '_inter_block', 13), ('triangle.cpp.xml', 'if', 5)) | IfInsertion(('triangle.cpp.xml', '_inter_block', 16), ('triangle.cpp.xml', 'if', 2))
2023-12-15 02:46:55,664	[INFO]	67      TEST_CODE_ERROR       None  [7 edit(s)]       
2023-12-15 02:46:56,622	[DEBUG]	EXEC>  SUCCESS 1431841
2023-12-15 02:46:56,623	[DEBUG]	IfInsertion(('triangle.cpp.xml', '_inter_block', 29), ('triangle.cpp.xml', 'if', 2)) | ExprStmtInsertion(('triangle.cpp.xml', '_inter_block', 13), ('triangle.cpp.xml', 'expr_stmt', 7)) | DeclStmtInsertion(('triangle.cpp.xml', '_inter_block', 18), ('triangle.cpp.xml', 'decl_stmt', 1)) | DeclStmtInsertion(('triangle.cpp.xml', '_inter_block', 14), ('triangle.cpp.xml', 'decl_stmt', 1)) | DeclStmtInsertion(('triangle.cpp.xml', '_inter_block', 27), ('triangle.cpp.xml', 'decl_stmt', 0)) | IfInsertion(('triangle.cpp.xml', '_inter_block', 13), ('triangle.cpp.xml', 'if', 5)) | IfInsertion(('triangle.cpp.xml', '_inter_block', 29), ('triangle.cpp.xml', 'if', 2))
2023-12-15 02:46:56,623	[INFO]	68      SUCCESS               1431841 (118.9%) [7 edit(s)] 
2023-12-15 02:46:57,400	[DEBUG]	IfInsertion(('triangle.cpp.xml', '_inter_block', 29), ('triangle.cpp.xml', 'if', 2)) | ExprStmtInsertion(('triangle.cpp.xml', '_inter_block', 13), ('triangle.cpp.xml', 'expr_stmt', 7)) | DeclStmtInsertion(('triangle.cpp.xml', '_inter_block', 18), ('triangle.cpp.xml', 'decl_stmt', 1)) | DeclStmtInsertion(('triangle.cpp.xml', '_inter_block', 14), ('triangle.cpp.xml', 'decl_stmt', 1)) | DeclStmtInsertion(('triangle.cpp.xml', '_inter_block', 27), ('triangle.cpp.xml', 'decl_stmt', 0)) | IfInsertion(('triangle.cpp.xml', '_inter_block', 13), ('triangle.cpp.xml', 'if', 5)) | IfInsertion(('triangle.cpp.xml', '_inter_block', 16), ('triangle.cpp.xml', 'if', 2))
2023-12-15 02:46:57,400	[INFO]	69      TEST_CODE_ERROR       None  [7 edit(s)]       
2023-12-15 02:46:58,194	[DEBUG]	IfInsertion(('triangle.cpp.xml', '_inter_block', 29), ('triangle.cpp.xml', 'if', 2)) | ExprStmtInsertion(('triangle.cpp.xml', '_inter_block', 13), ('triangle.cpp.xml', 'expr_stmt', 7)) | DeclStmtInsertion(('triangle.cpp.xml', '_inter_block', 18), ('triangle.cpp.xml', 'decl_stmt', 1)) | DeclStmtInsertion(('triangle.cpp.xml', '_inter_block', 14), ('triangle.cpp.xml', 'decl_stmt', 1)) | DeclStmtInsertion(('triangle.cpp.xml', '_inter_block', 27), ('triangle.cpp.xml', 'decl_stmt', 0)) | IfInsertion(('triangle.cpp.xml', '_inter_block', 13), ('triangle.cpp.xml', 'if', 5)) | ExprStmtInsertion(('triangle.cpp.xml', '_inter_block', 20), ('triangle.cpp.xml', 'expr_stmt', 5))
2023-12-15 02:46:58,195	[INFO]	70      TEST_CODE_ERROR       None  [7 edit(s)]       
2023-12-15 02:46:58,973	[DEBUG]	IfInsertion(('triangle.cpp.xml', '_inter_block', 29), ('triangle.cpp.xml', 'if', 2)) | ExprStmtInsertion(('triangle.cpp.xml', '_inter_block', 13), ('triangle.cpp.xml', 'expr_stmt', 7)) | DeclStmtInsertion(('triangle.cpp.xml', '_inter_block', 18), ('triangle.cpp.xml', 'decl_stmt', 1)) | DeclStmtInsertion(('triangle.cpp.xml', '_inter_block', 14), ('triangle.cpp.xml', 'decl_stmt', 1)) | DeclStmtInsertion(('triangle.cpp.xml', '_inter_block', 27), ('triangle.cpp.xml', 'decl_stmt', 0)) | IfInsertion(('triangle.cpp.xml', '_inter_block', 13), ('triangle.cpp.xml', 'if', 5)) | ReturnReplacement(('triangle.cpp.xml', 'return', 0), ('triangle.cpp.xml', 'stmt', 13))
2023-12-15 02:46:58,973	[INFO]	71      TEST_CODE_ERROR       None  [7 edit(s)]       
2023-12-15 02:46:59,760	[DEBUG]	IfInsertion(('triangle.cpp.xml', '_inter_block', 29), ('triangle.cpp.xml', 'if', 2)) | ExprStmtInsertion(('triangle.cpp.xml', '_inter_block', 13), ('triangle.cpp.xml', 'expr_stmt', 7)) | DeclStmtInsertion(('triangle.cpp.xml', '_inter_block', 18), ('triangle.cpp.xml', 'decl_stmt', 1)) | DeclStmtInsertion(('triangle.cpp.xml', '_inter_block', 14), ('triangle.cpp.xml', 'decl_stmt', 1)) | DeclStmtInsertion(('triangle.cpp.xml', '_inter_block', 27), ('triangle.cpp.xml', 'decl_stmt', 0)) | IfInsertion(('triangle.cpp.xml', '_inter_block', 13), ('triangle.cpp.xml', 'if', 5)) | IfDeletion(('triangle.cpp.xml', 'if', 3))
2023-12-15 02:46:59,761	[INFO]	72      TEST_CODE_ERROR       None  [7 edit(s)]       
2023-12-15 02:47:00,747	[DEBUG]	EXEC>  SUCCESS 1204241
2023-12-15 02:47:00,748	[DEBUG]	IfInsertion(('triangle.cpp.xml', '_inter_block', 29), ('triangle.cpp.xml', 'if', 2)) | ExprStmtInsertion(('triangle.cpp.xml', '_inter_block', 13), ('triangle.cpp.xml', 'expr_stmt', 7)) | DeclStmtInsertion(('triangle.cpp.xml', '_inter_block', 18), ('triangle.cpp.xml', 'decl_stmt', 1)) | DeclStmtInsertion(('triangle.cpp.xml', '_inter_block', 14), ('triangle.cpp.xml', 'decl_stmt', 1)) | DeclStmtInsertion(('triangle.cpp.xml', '_inter_block', 27), ('triangle.cpp.xml', 'decl_stmt', 0)) | IfInsertion(('triangle.cpp.xml', '_inter_block', 13), ('triangle.cpp.xml', 'if', 5)) | IfInsertion(('triangle.cpp.xml', '_inter_block', 13), ('triangle.cpp.xml', 'if', 4))
2023-12-15 02:47:00,748	[INFO]	73      SUCCESS               1204241 (100.0%) [7 edit(s)] 
2023-12-15 02:47:00,880	[DEBUG]	IfInsertion(('triangle.cpp.xml', '_inter_block', 29), ('triangle.cpp.xml', 'if', 2)) | ExprStmtInsertion(('triangle.cpp.xml', '_inter_block', 13), ('triangle.cpp.xml', 'expr_stmt', 7)) | DeclStmtInsertion(('triangle.cpp.xml', '_inter_block', 18), ('triangle.cpp.xml', 'decl_stmt', 1)) | DeclStmtInsertion(('triangle.cpp.xml', '_inter_block', 14), ('triangle.cpp.xml', 'decl_stmt', 1)) | DeclStmtInsertion(('triangle.cpp.xml', '_inter_block', 27), ('triangle.cpp.xml', 'decl_stmt', 0)) | IfInsertion(('triangle.cpp.xml', '_inter_block', 13), ('triangle.cpp.xml', 'if', 5)) | DeclStmtDeletion(('triangle.cpp.xml', 'decl_stmt', 1))
2023-12-15 02:47:00,881	[INFO]	74      COMPILE_CODE_ERROR    None  [7 edit(s)]       
2023-12-15 02:47:01,825	[DEBUG]	EXEC>  SUCCESS 1204420
2023-12-15 02:47:01,826	[DEBUG]	IfInsertion(('triangle.cpp.xml', '_inter_block', 29), ('triangle.cpp.xml', 'if', 2)) | ExprStmtInsertion(('triangle.cpp.xml', '_inter_block', 13), ('triangle.cpp.xml', 'expr_stmt', 7)) | DeclStmtInsertion(('triangle.cpp.xml', '_inter_block', 18), ('triangle.cpp.xml', 'decl_stmt', 1)) | DeclStmtInsertion(('triangle.cpp.xml', '_inter_block', 14), ('triangle.cpp.xml', 'decl_stmt', 1)) | DeclStmtInsertion(('triangle.cpp.xml', '_inter_block', 27), ('triangle.cpp.xml', 'decl_stmt', 0)) | IfInsertion(('triangle.cpp.xml', '_inter_block', 13), ('triangle.cpp.xml', 'if', 5)) | IfInsertion(('triangle.cpp.xml', '_inter_block', 14), ('triangle.cpp.xml', 'if', 0))
2023-12-15 02:47:01,826	[INFO]	75      SUCCESS               1204420 (100.02%) [7 edit(s)] 
2023-12-15 02:47:01,990	[DEBUG]	IfInsertion(('triangle.cpp.xml', '_inter_block', 29), ('triangle.cpp.xml', 'if', 2)) | ExprStmtInsertion(('triangle.cpp.xml', '_inter_block', 13), ('triangle.cpp.xml', 'expr_stmt', 7)) | DeclStmtInsertion(('triangle.cpp.xml', '_inter_block', 18), ('triangle.cpp.xml', 'decl_stmt', 1)) | DeclStmtInsertion(('triangle.cpp.xml', '_inter_block', 14), ('triangle.cpp.xml', 'decl_stmt', 1)) | DeclStmtInsertion(('triangle.cpp.xml', '_inter_block', 27), ('triangle.cpp.xml', 'decl_stmt', 0)) | IfInsertion(('triangle.cpp.xml', '_inter_block', 13), ('triangle.cpp.xml', 'if', 5)) | DeclStmtInsertion(('triangle.cpp.xml', '_inter_block', 27), ('triangle.cpp.xml', 'decl_stmt', 0))
2023-12-15 02:47:01,990	[INFO]	76      COMPILE_CODE_ERROR    None  [7 edit(s)]       
2023-12-15 02:47:02,135	[DEBUG]	IfInsertion(('triangle.cpp.xml', '_inter_block', 29), ('triangle.cpp.xml', 'if', 2)) | ExprStmtInsertion(('triangle.cpp.xml', '_inter_block', 13), ('triangle.cpp.xml', 'expr_stmt', 7)) | DeclStmtInsertion(('triangle.cpp.xml', '_inter_block', 18), ('triangle.cpp.xml', 'decl_stmt', 1)) | DeclStmtInsertion(('triangle.cpp.xml', '_inter_block', 14), ('triangle.cpp.xml', 'decl_stmt', 1)) | DeclStmtInsertion(('triangle.cpp.xml', '_inter_block', 27), ('triangle.cpp.xml', 'decl_stmt', 0)) | IfInsertion(('triangle.cpp.xml', '_inter_block', 13), ('triangle.cpp.xml', 'if', 5)) | IfInsertion(('triangle.cpp.xml', '_inter_block', 3), ('triangle.cpp.xml', 'if', 0))
2023-12-15 02:47:02,135	[INFO]	77      COMPILE_CODE_ERROR    None  [7 edit(s)]       
2023-12-15 02:47:02,277	[DEBUG]	IfInsertion(('triangle.cpp.xml', '_inter_block', 29), ('triangle.cpp.xml', 'if', 2)) | ExprStmtInsertion(('triangle.cpp.xml', '_inter_block', 13), ('triangle.cpp.xml', 'expr_stmt', 7)) | DeclStmtInsertion(('triangle.cpp.xml', '_inter_block', 18), ('triangle.cpp.xml', 'decl_stmt', 1)) | DeclStmtInsertion(('triangle.cpp.xml', '_inter_block', 14), ('triangle.cpp.xml', 'decl_stmt', 1)) | DeclStmtInsertion(('triangle.cpp.xml', '_inter_block', 27), ('triangle.cpp.xml', 'decl_stmt', 0)) | IfInsertion(('triangle.cpp.xml', '_inter_block', 13), ('triangle.cpp.xml', 'if', 5)) | DeclStmtInsertion(('triangle.cpp.xml', '_inter_block', 6), ('triangle.cpp.xml', 'decl_stmt', 1))
2023-12-15 02:47:02,277	[INFO]	78      COMPILE_CODE_ERROR    None  [7 edit(s)]       
2023-12-15 02:47:03,282	[DEBUG]	EXEC>  SUCCESS 1337365
2023-12-15 02:47:03,283	[DEBUG]	IfInsertion(('triangle.cpp.xml', '_inter_block', 29), ('triangle.cpp.xml', 'if', 2)) | ExprStmtInsertion(('triangle.cpp.xml', '_inter_block', 13), ('triangle.cpp.xml', 'expr_stmt', 7)) | DeclStmtInsertion(('triangle.cpp.xml', '_inter_block', 18), ('triangle.cpp.xml', 'decl_stmt', 1)) | DeclStmtInsertion(('triangle.cpp.xml', '_inter_block', 14), ('triangle.cpp.xml', 'decl_stmt', 1)) | DeclStmtInsertion(('triangle.cpp.xml', '_inter_block', 27), ('triangle.cpp.xml', 'decl_stmt', 0)) | IfInsertion(('triangle.cpp.xml', '_inter_block', 13), ('triangle.cpp.xml', 'if', 5)) | IfInsertion(('triangle.cpp.xml', '_inter_block', 12), ('triangle.cpp.xml', 'if', 3))
2023-12-15 02:47:03,283	[INFO]	79      SUCCESS               1337365 (111.05%) [7 edit(s)] 
2023-12-15 02:47:04,212	[DEBUG]	EXEC>  SUCCESS 1204240
2023-12-15 02:47:04,213	[DEBUG]	IfInsertion(('triangle.cpp.xml', '_inter_block', 29), ('triangle.cpp.xml', 'if', 2)) | ExprStmtInsertion(('triangle.cpp.xml', '_inter_block', 13), ('triangle.cpp.xml', 'expr_stmt', 7)) | DeclStmtInsertion(('triangle.cpp.xml', '_inter_block', 18), ('triangle.cpp.xml', 'decl_stmt', 1)) | DeclStmtInsertion(('triangle.cpp.xml', '_inter_block', 14), ('triangle.cpp.xml', 'decl_stmt', 1)) | DeclStmtInsertion(('triangle.cpp.xml', '_inter_block', 27), ('triangle.cpp.xml', 'decl_stmt', 0)) | IfInsertion(('triangle.cpp.xml', '_inter_block', 13), ('triangle.cpp.xml', 'if', 5)) | IfInsertion(('triangle.cpp.xml', '_inter_block', 31), ('triangle.cpp.xml', 'if', 2))
2023-12-15 02:47:04,213	[INFO]	80      SUCCESS               1204240 (100.0%) [7 edit(s)] 
2023-12-15 02:47:05,177	[DEBUG]	EXEC>  SUCCESS 1204275
2023-12-15 02:47:05,178	[DEBUG]	IfInsertion(('triangle.cpp.xml', '_inter_block', 29), ('triangle.cpp.xml', 'if', 2)) | ExprStmtInsertion(('triangle.cpp.xml', '_inter_block', 13), ('triangle.cpp.xml', 'expr_stmt', 7)) | DeclStmtInsertion(('triangle.cpp.xml', '_inter_block', 18), ('triangle.cpp.xml', 'decl_stmt', 1)) | DeclStmtInsertion(('triangle.cpp.xml', '_inter_block', 14), ('triangle.cpp.xml', 'decl_stmt', 1)) | DeclStmtInsertion(('triangle.cpp.xml', '_inter_block', 27), ('triangle.cpp.xml', 'decl_stmt', 0)) | IfInsertion(('triangle.cpp.xml', '_inter_block', 13), ('triangle.cpp.xml', 'if', 5)) | IfInsertion(('triangle.cpp.xml', '_inter_block', 30), ('triangle.cpp.xml', 'if', 2))
2023-12-15 02:47:05,179	[INFO]	81      SUCCESS               1204275 (100.0%) [7 edit(s)] 
2023-12-15 02:47:05,325	[DEBUG]	IfInsertion(('triangle.cpp.xml', '_inter_block', 29), ('triangle.cpp.xml', 'if', 2)) | ExprStmtInsertion(('triangle.cpp.xml', '_inter_block', 13), ('triangle.cpp.xml', 'expr_stmt', 7)) | DeclStmtInsertion(('triangle.cpp.xml', '_inter_block', 18), ('triangle.cpp.xml', 'decl_stmt', 1)) | DeclStmtInsertion(('triangle.cpp.xml', '_inter_block', 14), ('triangle.cpp.xml', 'decl_stmt', 1)) | DeclStmtInsertion(('triangle.cpp.xml', '_inter_block', 27), ('triangle.cpp.xml', 'decl_stmt', 0)) | IfInsertion(('triangle.cpp.xml', '_inter_block', 13), ('triangle.cpp.xml', 'if', 5)) | IfInsertion(('triangle.cpp.xml', '_inter_block', 3), ('triangle.cpp.xml', 'if', 4))
2023-12-15 02:47:05,325	[INFO]	82      COMPILE_CODE_ERROR    None  [7 edit(s)]       
2023-12-15 02:47:05,456	[DEBUG]	IfInsertion(('triangle.cpp.xml', '_inter_block', 29), ('triangle.cpp.xml', 'if', 2)) | ExprStmtInsertion(('triangle.cpp.xml', '_inter_block', 13), ('triangle.cpp.xml', 'expr_stmt', 7)) | DeclStmtInsertion(('triangle.cpp.xml', '_inter_block', 18), ('triangle.cpp.xml', 'decl_stmt', 1)) | DeclStmtInsertion(('triangle.cpp.xml', '_inter_block', 14), ('triangle.cpp.xml', 'decl_stmt', 1)) | DeclStmtInsertion(('triangle.cpp.xml', '_inter_block', 27), ('triangle.cpp.xml', 'decl_stmt', 0)) | IfInsertion(('triangle.cpp.xml', '_inter_block', 13), ('triangle.cpp.xml', 'if', 5)) | IfInsertion(('triangle.cpp.xml', '_inter_block', 1), ('triangle.cpp.xml', 'if', 2))
2023-12-15 02:47:05,456	[INFO]	83      COMPILE_CODE_ERROR    None  [7 edit(s)]       
2023-12-15 02:47:06,413	[DEBUG]	EXEC>  SUCCESS 1204390
2023-12-15 02:47:06,413	[DEBUG]	IfInsertion(('triangle.cpp.xml', '_inter_block', 29), ('triangle.cpp.xml', 'if', 2)) | ExprStmtInsertion(('triangle.cpp.xml', '_inter_block', 13), ('triangle.cpp.xml', 'expr_stmt', 7)) | DeclStmtInsertion(('triangle.cpp.xml', '_inter_block', 18), ('triangle.cpp.xml', 'decl_stmt', 1)) | DeclStmtInsertion(('triangle.cpp.xml', '_inter_block', 14), ('triangle.cpp.xml', 'decl_stmt', 1)) | DeclStmtInsertion(('triangle.cpp.xml', '_inter_block', 27), ('triangle.cpp.xml', 'decl_stmt', 0)) | IfInsertion(('triangle.cpp.xml', '_inter_block', 13), ('triangle.cpp.xml', 'if', 5)) | IfInsertion(('triangle.cpp.xml', '_inter_block', 22), ('triangle.cpp.xml', 'if', 3))
2023-12-15 02:47:06,414	[INFO]	84      SUCCESS               1204390 (100.01%) [7 edit(s)] 
2023-12-15 02:47:06,417	[INFO]	==== END ====
2023-12-15 02:47:06,417	[INFO]	
2023-12-15 02:47:06,417	[INFO]	==== REPORT ====
2023-12-15 02:47:06,417	[INFO]	Termination: time budget
2023-12-15 02:47:06,418	[INFO]	Log file: /cs/student/ug/2020/damibose/projects/magpie/_magpie_logs/triangle-cpp_slow_1702608358.log
2023-12-15 02:47:06,421	[INFO]	Patch file: _magpie_logs/triangle-cpp_slow_1702608358.patch
2023-12-15 02:47:06,421	[INFO]	Diff file: _magpie_logs/triangle-cpp_slow_1702608358.diff
2023-12-15 02:47:06,421	[INFO]	Best fitness: 1204238
2023-12-15 02:47:06,422	[INFO]	Best patch: IfInsertion(('triangle.cpp.xml', '_inter_block', 29), ('triangle.cpp.xml', 'if', 2)) | ExprStmtInsertion(('triangle.cpp.xml', '_inter_block', 13), ('triangle.cpp.xml', 'expr_stmt', 7)) | DeclStmtInsertion(('triangle.cpp.xml', '_inter_block', 18), ('triangle.cpp.xml', 'decl_stmt', 1)) | DeclStmtInsertion(('triangle.cpp.xml', '_inter_block', 14), ('triangle.cpp.xml', 'decl_stmt', 1)) | DeclStmtInsertion(('triangle.cpp.xml', '_inter_block', 27), ('triangle.cpp.xml', 'decl_stmt', 0))
2023-12-15 02:47:06,422	[INFO]	Diff:
--- before: triangle.cpp
+++ after: triangle.cpp
@@ -12,12 +12,14 @@
 
   // Sort the sides so that a <= b <= c
   if(a > b) {
+    double tmp;
     tmp = a;
     a = b;
     b = tmp;
   }
 
   if(a > c) {
+    double tmp;
     tmp = a;
     a = c;
     c = tmp;
@@ -32,14 +34,21 @@
   if(a + b <= c)
     /*auto*/{
       return INVALID;
+      const struct timespec ms = {0, (long int) (0.001*1e9)};
     }/*auto*/
   if(a == b && b == c)
     /*auto*/{
       return EQUILATERAL;
+      if(b > c) {
+        tmp = b;
+        b = c;
+        c = tmp;
+      }
     }/*auto*/
   if(a == b || b == c)
     /*auto*/{
       return ISOSCELES;
     }/*auto*/
   return SCALENE;
+  c = tmp;
 }

