2023-12-15 03:28:59,127	[DEBUG]	==== CONFIG ====
[magpie]
import = 
seed = 8
log_dir = _magpie_logs
work_dir = _magpie_work
final_out_dir = experiments/results_e_greedy_proof_of_concept/epsilon_greedy/BestImprovementNoTabu/trial_8
local_original_copy = True
local_original_name = __original__
output_encoding = ascii
edit_retries = 10
default_timeout = 30
default_lengthout = 10000.0
diff_method = unified
trust_local_filesystem = True

[software]
path = examples/code/triangle-cpp_slow
target_files = 
	triangle.cpp.xml
program = BasicProgram
engine_rules = 
	*.params : ConfigFileParamsEngine
	*.xml : SrcmlEngine
	* : LineEngine
engine_config = 
	*.params : [params]
	*.xml : [srcml]
init_cmd = 
init_timeout = 60
init_lengthout = -1
setup_cmd = ./setup.sh
setup_timeout = 
setup_lengthout = 
compile_cmd = ./compile.sh
compile_timeout = 
compile_lengthout = 
test_cmd = ./build/test_triangle
test_timeout = 
test_lengthout = 
run_cmd = perf stat ./build/run_triangle
run_timeout = 1
run_lengthout = 
batch_timeout = 
batch_lengthout = 
batch_bin_fitness_strategy = aggregate
batch_fitness_strategy = sum
fitness = perf_instructions

[srcml]
rename = 
focus = block break continue decl_stmt do expr_stmt for goto if return switch while
internodes = block
process_pseudo_blocks = True
process_literals = False
process_operators = False

[params]
timing = test run
cli_prefix = --
cli_glue = =
cli_boolean = show
cli_boolean_prefix_true = 
cli_boolean_prefix_false = no-
silent_prefix = @
silent_suffix = $

[search]
protocol = BasicProtocol
algorithm = BestImprovementNoTabu
possible_edits = 
	DeclStmtReplacement
	ExprStmtReplacement
	IfReplacement
	ReturnReplacement
	DeclStmtInsertion
	ExprStmtInsertion
	IfInsertion
	ReturnInsertion
	DeclStmtDeletion
	ExprStmtDeletion
	IfDeletion
	ReturnDeletion
warmup = 5
warmup_strategy = last
max_steps = 100
max_time = 60
target_fitness = 
cache_maxsize = 40
cache_keep = 0.2
batch_instances = 
batch_shuffle = True
batch_bin_shuffle = False
batch_sample_size = 1
operator_selector = EpsilonGreedy
epsilon = 0.2

[search.ls]
delete_prob = 0
max_neighbours = 20
when_trapped = continue
accept_fail = False
tabu_length = 10

[search.gp]
pop_size = 10
delete_prob = 0.5
offspring_elitism = 0.1
offspring_crossover = 0.5
offspring_mutation = 0.4
uniform_rate = 0.5
batch_reset = True

[search.minify]
do_cleanup = True
do_rebuild = True
do_simplify = True
round_robin_limit = 3


2023-12-15 03:28:59,132	[INFO]	==== WARMUP ====
2023-12-15 03:29:01,981	[DEBUG]	EXEC>  SUCCESS 1269247
2023-12-15 03:29:01,982	[INFO]	WARM    SUCCESS               1269247                 
2023-12-15 03:29:02,953	[DEBUG]	EXEC>  SUCCESS 1204239
2023-12-15 03:29:02,954	[INFO]	WARM    SUCCESS               1204239                 
2023-12-15 03:29:03,925	[DEBUG]	EXEC>  SUCCESS 1204239
2023-12-15 03:29:03,925	[INFO]	WARM    SUCCESS               1204239                 
2023-12-15 03:29:04,900	[DEBUG]	EXEC>  SUCCESS 1204238
2023-12-15 03:29:04,900	[INFO]	WARM    SUCCESS               1204238                 
2023-12-15 03:29:05,899	[DEBUG]	EXEC>  SUCCESS 1204239
2023-12-15 03:29:05,899	[INFO]	WARM    SUCCESS               1204239                 
2023-12-15 03:29:05,899	[INFO]	INITIAL SUCCESS               1204239                 
2023-12-15 03:29:05,900	[INFO]	==== START: BestImprovementNoTabu ====
2023-12-15 03:29:06,063	[DEBUG]	IfInsertion(('triangle.cpp.xml', '_inter_block', 0), ('triangle.cpp.xml', 'if', 3))
2023-12-15 03:29:06,064	[INFO]	1       COMPILE_CODE_ERROR    None  [1 edit(s)]       
2023-12-15 03:29:06,212	[DEBUG]	DeclStmtReplacement(('triangle.cpp.xml', 'decl_stmt', 1), ('triangle.cpp.xml', 'stmt', 22))
2023-12-15 03:29:06,212	[INFO]	2       COMPILE_CODE_ERROR    None  [1 edit(s)]       
2023-12-15 03:29:07,176	[DEBUG]	EXEC>  SUCCESS 1204240
2023-12-15 03:29:07,177	[DEBUG]	ExprStmtReplacement(('triangle.cpp.xml', 'expr_stmt', 1), ('triangle.cpp.xml', 'stmt', 3))
2023-12-15 03:29:07,177	[INFO]	3       SUCCESS               1204240 (100.0%) [1 edit(s)] 
2023-12-15 03:29:08,022	[DEBUG]	ReturnDeletion(('triangle.cpp.xml', 'return', 2))
2023-12-15 03:29:08,022	[INFO]	4       TEST_CODE_ERROR       None  [1 edit(s)]       
2023-12-15 03:29:08,837	[DEBUG]	IfReplacement(('triangle.cpp.xml', 'if', 0), ('triangle.cpp.xml', 'stmt', 20))
2023-12-15 03:29:08,838	[INFO]	5       TEST_CODE_ERROR       None  [1 edit(s)]       
2023-12-15 03:29:09,593	[DEBUG]	ReturnReplacement(('triangle.cpp.xml', 'return', 1), ('triangle.cpp.xml', 'stmt', 18))
2023-12-15 03:29:09,594	[INFO]	6       TEST_CODE_ERROR       None  [1 edit(s)]       
2023-12-15 03:29:10,428	[DEBUG]	ExprStmtDeletion(('triangle.cpp.xml', 'expr_stmt', 2))
2023-12-15 03:29:10,428	[INFO]	7       TEST_CODE_ERROR       None  [1 edit(s)]       
2023-12-15 03:29:10,589	[DEBUG]	DeclStmtDeletion(('triangle.cpp.xml', 'decl_stmt', 1))
2023-12-15 03:29:10,589	[INFO]	8       COMPILE_CODE_ERROR    None  [1 edit(s)]       
2023-12-15 03:29:11,573	[DEBUG]	EXEC>  SUCCESS 1204366
2023-12-15 03:29:11,573	[DEBUG]	DeclStmtInsertion(('triangle.cpp.xml', '_inter_block', 8), ('triangle.cpp.xml', 'decl_stmt', 0))
2023-12-15 03:29:11,574	[INFO]	9       SUCCESS               1204366 (100.01%) [1 edit(s)] 
2023-12-15 03:29:12,603	[DEBUG]	EXEC>  SUCCESS 1204240
2023-12-15 03:29:12,603	[DEBUG]	ExprStmtInsertion(('triangle.cpp.xml', '_inter_block', 29), ('triangle.cpp.xml', 'expr_stmt', 8))
2023-12-15 03:29:12,604	[INFO]	10      SUCCESS               1204240 (100.0%) [1 edit(s)] 
2023-12-15 03:29:13,427	[DEBUG]	ReturnInsertion(('triangle.cpp.xml', '_inter_block', 22), ('triangle.cpp.xml', 'return', 1))
2023-12-15 03:29:13,427	[INFO]	11      TEST_CODE_ERROR       None  [1 edit(s)]       
2023-12-15 03:29:14,434	[DEBUG]	EXEC>  SUCCESS 1203870
2023-12-15 03:29:14,434	[DEBUG]	IfDeletion(('triangle.cpp.xml', 'if', 0))
2023-12-15 03:29:14,435	[INFO]	12      SUCCESS              *1203870 (99.97%) [1 edit(s)] 
2023-12-15 03:29:14,436	[DEBUG]	--- before: triangle.cpp
+++ after: triangle.cpp
@@ -11,11 +11,7 @@
   delay();
 
   // Sort the sides so that a <= b <= c
-  if(a > b) {
-    tmp = a;
-    a = b;
-    b = tmp;
-  }
+  
 
   if(a > c) {
     tmp = a;

2023-12-15 03:29:15,274	[DEBUG]	ExprStmtDeletion(('triangle.cpp.xml', 'expr_stmt', 9))
2023-12-15 03:29:15,275	[INFO]	13      TEST_CODE_ERROR       None  [1 edit(s)]       
2023-12-15 03:29:16,108	[DEBUG]	IfDeletion(('triangle.cpp.xml', 'if', 2))
2023-12-15 03:29:16,109	[INFO]	14      TEST_CODE_ERROR       None  [1 edit(s)]       
2023-12-15 03:29:16,922	[DEBUG]	ExprStmtReplacement(('triangle.cpp.xml', 'expr_stmt', 2), ('triangle.cpp.xml', 'stmt', 14))
2023-12-15 03:29:16,922	[INFO]	15      TEST_CODE_ERROR       None  [1 edit(s)]       
2023-12-15 03:29:17,079	[DEBUG]	DeclStmtReplacement(('triangle.cpp.xml', 'decl_stmt', 1), ('triangle.cpp.xml', 'stmt', 16))
2023-12-15 03:29:17,080	[INFO]	16      COMPILE_CODE_ERROR    None  [1 edit(s)]       
2023-12-15 03:29:17,220	[DEBUG]	ExprStmtInsertion(('triangle.cpp.xml', '_inter_block', 1), ('triangle.cpp.xml', 'expr_stmt', 5))
2023-12-15 03:29:17,220	[INFO]	17      COMPILE_CODE_ERROR    None  [1 edit(s)]       
2023-12-15 03:29:17,363	[DEBUG]	DeclStmtInsertion(('triangle.cpp.xml', '_inter_block', 3), ('triangle.cpp.xml', 'decl_stmt', 0))
2023-12-15 03:29:17,363	[INFO]	18      COMPILE_CODE_ERROR    None  [1 edit(s)]       
2023-12-15 03:29:18,343	[DEBUG]	EXEC>  SUCCESS 1203978
2023-12-15 03:29:18,344	[DEBUG]	IfDeletion(('triangle.cpp.xml', 'if', 1))
2023-12-15 03:29:18,344	[INFO]	19      SUCCESS               1203978 (99.98%) [1 edit(s)] 
2023-12-15 03:29:19,178	[DEBUG]	ReturnReplacement(('triangle.cpp.xml', 'return', 0), ('triangle.cpp.xml', 'stmt', 6))
2023-12-15 03:29:19,178	[INFO]	20      TEST_CODE_ERROR       None  [1 edit(s)]       
2023-12-15 03:29:19,996	[DEBUG]	IfDeletion(('triangle.cpp.xml', 'if', 2))
2023-12-15 03:29:19,996	[INFO]	21      TEST_CODE_ERROR      +None  [1 edit(s)]       
2023-12-15 03:29:19,997	[DEBUG]	--- before: triangle.cpp
+++ after: triangle.cpp
@@ -23,11 +23,7 @@
     c = tmp;
   }
 
-  if(b > c) {
-    tmp = b;
-    b = c;
-    c = tmp;
-  }
+  
 
   if(a + b <= c)
     /*auto*/{

2023-12-15 03:29:20,824	[DEBUG]	IfDeletion(('triangle.cpp.xml', 'if', 0)) | IfDeletion(('triangle.cpp.xml', 'if', 3))
2023-12-15 03:29:20,824	[INFO]	22      TEST_CODE_ERROR       None  [2 edit(s)]       
2023-12-15 03:29:21,594	[DEBUG]	IfDeletion(('triangle.cpp.xml', 'if', 0)) | ExprStmtReplacement(('triangle.cpp.xml', 'expr_stmt', 7), ('triangle.cpp.xml', 'stmt', 3))
2023-12-15 03:29:21,594	[INFO]	23      TEST_CODE_ERROR       None  [2 edit(s)]       
2023-12-15 03:29:22,640	[DEBUG]	EXEC>  SUCCESS 1203925
2023-12-15 03:29:22,641	[DEBUG]	IfDeletion(('triangle.cpp.xml', 'if', 0)) | DeclStmtInsertion(('triangle.cpp.xml', '_inter_block', 11), ('triangle.cpp.xml', 'decl_stmt', 0))
2023-12-15 03:29:22,642	[INFO]	24      SUCCESS               1203925 (99.97%) [2 edit(s)] 
2023-12-15 03:29:23,698	[DEBUG]	EXEC>  SUCCESS 1203871
2023-12-15 03:29:23,698	[DEBUG]	IfDeletion(('triangle.cpp.xml', 'if', 0)) | DeclStmtInsertion(('triangle.cpp.xml', '_inter_block', 22), ('triangle.cpp.xml', 'decl_stmt', 1))
2023-12-15 03:29:23,699	[INFO]	25      SUCCESS               1203871 (99.97%) [2 edit(s)] 
2023-12-15 03:29:23,700	[DEBUG]	IfDeletion(('triangle.cpp.xml', 'if', 0)) | DeclStmtInsertion(('triangle.cpp.xml', '_inter_block', 14), ('triangle.cpp.xml', 'decl_stmt', 0))
2023-12-15 03:29:23,700	[INFO]	26      SUCCESS               1203870 (99.97%) [2 edit(s)] 
2023-12-15 03:29:23,847	[DEBUG]	IfDeletion(('triangle.cpp.xml', 'if', 0)) | DeclStmtInsertion(('triangle.cpp.xml', '_inter_block', 13), ('triangle.cpp.xml', 'decl_stmt', 1))
2023-12-15 03:29:23,848	[INFO]	27      COMPILE_CODE_ERROR    None  [2 edit(s)]       
2023-12-15 03:29:23,988	[DEBUG]	IfDeletion(('triangle.cpp.xml', 'if', 0)) | DeclStmtInsertion(('triangle.cpp.xml', '_inter_block', 10), ('triangle.cpp.xml', 'decl_stmt', 1))
2023-12-15 03:29:23,988	[INFO]	28      COMPILE_CODE_ERROR    None  [2 edit(s)]       
2023-12-15 03:29:24,136	[DEBUG]	IfDeletion(('triangle.cpp.xml', 'if', 0)) | DeclStmtInsertion(('triangle.cpp.xml', '_inter_block', 2), ('triangle.cpp.xml', 'decl_stmt', 0))
2023-12-15 03:29:24,136	[INFO]	29      COMPILE_CODE_ERROR    None  [2 edit(s)]       
2023-12-15 03:29:24,138	[DEBUG]	IfDeletion(('triangle.cpp.xml', 'if', 0)) | DeclStmtInsertion(('triangle.cpp.xml', '_inter_block', 17), ('triangle.cpp.xml', 'decl_stmt', 1))
2023-12-15 03:29:24,138	[INFO]	30      SUCCESS               1203870 (99.97%) [2 edit(s)] 
2023-12-15 03:29:25,088	[DEBUG]	EXEC>  SUCCESS 1203900
2023-12-15 03:29:25,088	[DEBUG]	IfDeletion(('triangle.cpp.xml', 'if', 0)) | DeclStmtInsertion(('triangle.cpp.xml', '_inter_block', 23), ('triangle.cpp.xml', 'decl_stmt', 0))
2023-12-15 03:29:25,089	[INFO]	31      SUCCESS               1203900 (99.97%) [2 edit(s)] 
2023-12-15 03:29:26,104	[DEBUG]	EXEC>  SUCCESS 1203869
2023-12-15 03:29:26,104	[DEBUG]	IfDeletion(('triangle.cpp.xml', 'if', 0)) | DeclStmtInsertion(('triangle.cpp.xml', '_inter_block', 31), ('triangle.cpp.xml', 'decl_stmt', 0))
2023-12-15 03:29:26,105	[INFO]	32      SUCCESS              *1203869 (99.97%) [2 edit(s)] 
2023-12-15 03:29:26,107	[DEBUG]	--- before: triangle.cpp
+++ after: triangle.cpp
@@ -11,11 +11,7 @@
   delay();
 
   // Sort the sides so that a <= b <= c
-  if(a > b) {
-    tmp = a;
-    a = b;
-    b = tmp;
-  }
+  
 
   if(a > c) {
     tmp = a;
@@ -40,6 +36,7 @@
   if(a == b || b == c)
     /*auto*/{
       return ISOSCELES;
+      const struct timespec ms = {0, (long int) (0.001*1e9)};
     }/*auto*/
   return SCALENE;
 }

2023-12-15 03:29:26,936	[DEBUG]	IfDeletion(('triangle.cpp.xml', 'if', 0)) | ReturnInsertion(('triangle.cpp.xml', '_inter_block', 24), ('triangle.cpp.xml', 'return', 2))
2023-12-15 03:29:26,937	[INFO]	33      TEST_CODE_ERROR       None  [2 edit(s)]       
2023-12-15 03:29:27,103	[DEBUG]	IfDeletion(('triangle.cpp.xml', 'if', 0)) | DeclStmtInsertion(('triangle.cpp.xml', '_inter_block', 13), ('triangle.cpp.xml', 'decl_stmt', 1))
2023-12-15 03:29:27,104	[INFO]	34      COMPILE_CODE_ERROR    None  [2 edit(s)]       
2023-12-15 03:29:28,100	[DEBUG]	EXEC>  SUCCESS 1203889
2023-12-15 03:29:28,100	[DEBUG]	IfDeletion(('triangle.cpp.xml', 'if', 0)) | DeclStmtInsertion(('triangle.cpp.xml', '_inter_block', 28), ('triangle.cpp.xml', 'decl_stmt', 0))
2023-12-15 03:29:28,101	[INFO]	35      SUCCESS               1203889 (99.97%) [2 edit(s)] 
2023-12-15 03:29:28,103	[DEBUG]	IfDeletion(('triangle.cpp.xml', 'if', 0)) | DeclStmtInsertion(('triangle.cpp.xml', '_inter_block', 15), ('triangle.cpp.xml', 'decl_stmt', 1))
2023-12-15 03:29:28,103	[INFO]	36      SUCCESS               1203870 (99.97%) [2 edit(s)] 
2023-12-15 03:29:29,141	[DEBUG]	EXEC>  SUCCESS 1203871
2023-12-15 03:29:29,141	[DEBUG]	IfDeletion(('triangle.cpp.xml', 'if', 0)) | DeclStmtInsertion(('triangle.cpp.xml', '_inter_block', 18), ('triangle.cpp.xml', 'decl_stmt', 1))
2023-12-15 03:29:29,141	[INFO]	37      SUCCESS               1203871 (99.97%) [2 edit(s)] 
2023-12-15 03:29:30,324	[DEBUG]	EXEC>  SUCCESS 1203871
2023-12-15 03:29:30,324	[DEBUG]	IfDeletion(('triangle.cpp.xml', 'if', 0)) | DeclStmtInsertion(('triangle.cpp.xml', '_inter_block', 2), ('triangle.cpp.xml', 'decl_stmt', 1))
2023-12-15 03:29:30,326	[INFO]	38      SUCCESS               1203871 (99.97%) [2 edit(s)] 
2023-12-15 03:29:31,342	[DEBUG]	EXEC>  SUCCESS 1203919
2023-12-15 03:29:31,343	[DEBUG]	IfDeletion(('triangle.cpp.xml', 'if', 0)) | DeclStmtInsertion(('triangle.cpp.xml', '_inter_block', 19), ('triangle.cpp.xml', 'decl_stmt', 0))
2023-12-15 03:29:31,343	[INFO]	39      SUCCESS               1203919 (99.97%) [2 edit(s)] 
2023-12-15 03:29:32,243	[DEBUG]	EXEC>  SUCCESS 1201476
2023-12-15 03:29:32,244	[DEBUG]	IfDeletion(('triangle.cpp.xml', 'if', 0)) | ExprStmtDeletion(('triangle.cpp.xml', 'expr_stmt', 1))
2023-12-15 03:29:32,245	[INFO]	40      SUCCESS              *1201476 (99.77%) [2 edit(s)] 
2023-12-15 03:29:32,246	[DEBUG]	--- before: triangle.cpp
+++ after: triangle.cpp
@@ -8,14 +8,10 @@
 int classify_triangle(double a, double b, double c) {
   double tmp;
 
-  delay();
+  
 
   // Sort the sides so that a <= b <= c
-  if(a > b) {
-    tmp = a;
-    a = b;
-    b = tmp;
-  }
+  
 
   if(a > c) {
     tmp = a;

2023-12-15 03:29:32,395	[DEBUG]	IfDeletion(('triangle.cpp.xml', 'if', 0)) | DeclStmtReplacement(('triangle.cpp.xml', 'decl_stmt', 0), ('triangle.cpp.xml', 'stmt', 16))
2023-12-15 03:29:32,395	[INFO]	41      COMPILE_CODE_ERROR    None  [2 edit(s)]       
2023-12-15 03:29:32,531	[DEBUG]	IfDeletion(('triangle.cpp.xml', 'if', 0)) | ReturnReplacement(('triangle.cpp.xml', 'return', 2), ('triangle.cpp.xml', 'stmt', 2))
2023-12-15 03:29:32,532	[INFO]	42      COMPILE_CODE_ERROR   +None  [2 edit(s)]       
2023-12-15 03:29:32,534	[DEBUG]	--- before: triangle.cpp
+++ after: triangle.cpp
@@ -11,11 +11,7 @@
   delay();
 
   // Sort the sides so that a <= b <= c
-  if(a > b) {
-    tmp = a;
-    a = b;
-    b = tmp;
-  }
+  
 
   if(a > c) {
     tmp = a;
@@ -39,7 +35,7 @@
     }/*auto*/
   if(a == b || b == c)
     /*auto*/{
-      return ISOSCELES;
+      nanosleep(&ms,NULL);
     }/*auto*/
   return SCALENE;
 }

2023-12-15 03:29:32,682	[DEBUG]	IfDeletion(('triangle.cpp.xml', 'if', 0)) | ExprStmtDeletion(('triangle.cpp.xml', 'expr_stmt', 1)) | DeclStmtInsertion(('triangle.cpp.xml', '_inter_block', 6), ('triangle.cpp.xml', 'decl_stmt', 1))
2023-12-15 03:29:32,683	[INFO]	43      COMPILE_CODE_ERROR    None  [3 edit(s)]       
2023-12-15 03:29:33,504	[DEBUG]	EXEC>  SUCCESS 1201475
2023-12-15 03:29:33,504	[DEBUG]	IfDeletion(('triangle.cpp.xml', 'if', 0)) | ExprStmtDeletion(('triangle.cpp.xml', 'expr_stmt', 1)) | DeclStmtInsertion(('triangle.cpp.xml', '_inter_block', 29), ('triangle.cpp.xml', 'decl_stmt', 1))
2023-12-15 03:29:33,505	[INFO]	44      SUCCESS              *1201475 (99.77%) [3 edit(s)] 
2023-12-15 03:29:33,507	[DEBUG]	--- before: triangle.cpp
+++ after: triangle.cpp
@@ -8,14 +8,10 @@
 int classify_triangle(double a, double b, double c) {
   double tmp;
 
-  delay();
+  
 
   // Sort the sides so that a <= b <= c
-  if(a > b) {
-    tmp = a;
-    a = b;
-    b = tmp;
-  }
+  
 
   if(a > c) {
     tmp = a;
@@ -36,6 +32,7 @@
   if(a == b && b == c)
     /*auto*/{
       return EQUILATERAL;
+      double tmp;
     }/*auto*/
   if(a == b || b == c)
     /*auto*/{

2023-12-15 03:29:34,260	[DEBUG]	IfDeletion(('triangle.cpp.xml', 'if', 0)) | ExprStmtDeletion(('triangle.cpp.xml', 'expr_stmt', 1)) | IfDeletion(('triangle.cpp.xml', 'if', 4))
2023-12-15 03:29:34,260	[INFO]	45      TEST_CODE_ERROR       None  [3 edit(s)]       
2023-12-15 03:29:34,406	[DEBUG]	IfDeletion(('triangle.cpp.xml', 'if', 0)) | ExprStmtDeletion(('triangle.cpp.xml', 'expr_stmt', 1)) | DeclStmtInsertion(('triangle.cpp.xml', '_inter_block', 1), ('triangle.cpp.xml', 'decl_stmt', 0))
2023-12-15 03:29:34,406	[INFO]	46      COMPILE_CODE_ERROR    None  [3 edit(s)]       
2023-12-15 03:29:34,408	[DEBUG]	IfDeletion(('triangle.cpp.xml', 'if', 0)) | ExprStmtDeletion(('triangle.cpp.xml', 'expr_stmt', 1)) | DeclStmtInsertion(('triangle.cpp.xml', '_inter_block', 17), ('triangle.cpp.xml', 'decl_stmt', 0))
2023-12-15 03:29:34,408	[INFO]	47      SUCCESS               1201476 (99.77%) [3 edit(s)] 
2023-12-15 03:29:35,306	[DEBUG]	EXEC>  SUCCESS 1201601
2023-12-15 03:29:35,307	[DEBUG]	IfDeletion(('triangle.cpp.xml', 'if', 0)) | ExprStmtDeletion(('triangle.cpp.xml', 'expr_stmt', 1)) | DeclStmtInsertion(('triangle.cpp.xml', '_inter_block', 7), ('triangle.cpp.xml', 'decl_stmt', 0))
2023-12-15 03:29:35,307	[INFO]	48      SUCCESS               1201601 (99.78%) [3 edit(s)] 
2023-12-15 03:29:36,182	[DEBUG]	EXEC>  SUCCESS 1201523
2023-12-15 03:29:36,183	[DEBUG]	IfDeletion(('triangle.cpp.xml', 'if', 0)) | ExprStmtDeletion(('triangle.cpp.xml', 'expr_stmt', 1)) | DeclStmtInsertion(('triangle.cpp.xml', '_inter_block', 20), ('triangle.cpp.xml', 'decl_stmt', 0))
2023-12-15 03:29:36,184	[INFO]	49      SUCCESS               1201523 (99.77%) [3 edit(s)] 
2023-12-15 03:29:36,324	[DEBUG]	IfDeletion(('triangle.cpp.xml', 'if', 0)) | ExprStmtDeletion(('triangle.cpp.xml', 'expr_stmt', 1)) | DeclStmtInsertion(('triangle.cpp.xml', '_inter_block', 5), ('triangle.cpp.xml', 'decl_stmt', 1))
2023-12-15 03:29:36,324	[INFO]	50      COMPILE_CODE_ERROR    None  [3 edit(s)]       
2023-12-15 03:29:36,454	[DEBUG]	IfDeletion(('triangle.cpp.xml', 'if', 0)) | ExprStmtDeletion(('triangle.cpp.xml', 'expr_stmt', 1)) | DeclStmtInsertion(('triangle.cpp.xml', '_inter_block', 0), ('triangle.cpp.xml', 'decl_stmt', 0))
2023-12-15 03:29:36,455	[INFO]	51      COMPILE_CODE_ERROR    None  [3 edit(s)]       
2023-12-15 03:29:37,399	[DEBUG]	EXEC>  SUCCESS 1201529
2023-12-15 03:29:37,399	[DEBUG]	IfDeletion(('triangle.cpp.xml', 'if', 0)) | ExprStmtDeletion(('triangle.cpp.xml', 'expr_stmt', 1)) | DeclStmtInsertion(('triangle.cpp.xml', '_inter_block', 26), ('triangle.cpp.xml', 'decl_stmt', 0))
2023-12-15 03:29:37,400	[INFO]	52      SUCCESS               1201529 (99.77%) [3 edit(s)] 
2023-12-15 03:29:38,283	[DEBUG]	EXEC>  SUCCESS 1201477
2023-12-15 03:29:38,284	[DEBUG]	IfDeletion(('triangle.cpp.xml', 'if', 0)) | ExprStmtDeletion(('triangle.cpp.xml', 'expr_stmt', 1)) | DeclStmtInsertion(('triangle.cpp.xml', '_inter_block', 21), ('triangle.cpp.xml', 'decl_stmt', 1))
2023-12-15 03:29:38,285	[INFO]	53      SUCCESS               1201477 (99.77%) [3 edit(s)] 
2023-12-15 03:29:38,441	[DEBUG]	IfDeletion(('triangle.cpp.xml', 'if', 0)) | ExprStmtDeletion(('triangle.cpp.xml', 'expr_stmt', 1)) | DeclStmtInsertion(('triangle.cpp.xml', '_inter_block', 6), ('triangle.cpp.xml', 'decl_stmt', 1))
2023-12-15 03:29:38,442	[INFO]	54      COMPILE_CODE_ERROR    None  [3 edit(s)]       
2023-12-15 03:29:38,443	[DEBUG]	IfDeletion(('triangle.cpp.xml', 'if', 0)) | ExprStmtDeletion(('triangle.cpp.xml', 'expr_stmt', 1)) | DeclStmtInsertion(('triangle.cpp.xml', '_inter_block', 14), ('triangle.cpp.xml', 'decl_stmt', 0))
2023-12-15 03:29:38,443	[INFO]	55      SUCCESS               1201476 (99.77%) [3 edit(s)] 
2023-12-15 03:29:38,444	[DEBUG]	IfDeletion(('triangle.cpp.xml', 'if', 0)) | ExprStmtDeletion(('triangle.cpp.xml', 'expr_stmt', 1)) | DeclStmtInsertion(('triangle.cpp.xml', '_inter_block', 15), ('triangle.cpp.xml', 'decl_stmt', 1))
2023-12-15 03:29:38,444	[INFO]	56      SUCCESS               1201476 (99.77%) [3 edit(s)] 
2023-12-15 03:29:39,309	[DEBUG]	EXEC>  SUCCESS 1201475
2023-12-15 03:29:39,310	[DEBUG]	IfDeletion(('triangle.cpp.xml', 'if', 0)) | ExprStmtDeletion(('triangle.cpp.xml', 'expr_stmt', 1)) | DeclStmtInsertion(('triangle.cpp.xml', '_inter_block', 27), ('triangle.cpp.xml', 'decl_stmt', 0))
2023-12-15 03:29:39,311	[INFO]	57      SUCCESS               1201475 (99.77%) [3 edit(s)] 
2023-12-15 03:29:40,188	[DEBUG]	EXEC>  SUCCESS 1201476
2023-12-15 03:29:40,188	[DEBUG]	IfDeletion(('triangle.cpp.xml', 'if', 0)) | ExprStmtDeletion(('triangle.cpp.xml', 'expr_stmt', 1)) | DeclStmtInsertion(('triangle.cpp.xml', '_inter_block', 0), ('triangle.cpp.xml', 'decl_stmt', 1))
2023-12-15 03:29:40,189	[INFO]	58      SUCCESS               1201476 (99.77%) [3 edit(s)] 
2023-12-15 03:29:41,025	[DEBUG]	EXEC>  SUCCESS 1201505
2023-12-15 03:29:41,026	[DEBUG]	IfDeletion(('triangle.cpp.xml', 'if', 0)) | ExprStmtDeletion(('triangle.cpp.xml', 'expr_stmt', 1)) | DeclStmtInsertion(('triangle.cpp.xml', '_inter_block', 22), ('triangle.cpp.xml', 'decl_stmt', 0))
2023-12-15 03:29:41,027	[INFO]	59      SUCCESS               1201505 (99.77%) [3 edit(s)] 
2023-12-15 03:29:41,838	[DEBUG]	IfDeletion(('triangle.cpp.xml', 'if', 0)) | ExprStmtDeletion(('triangle.cpp.xml', 'expr_stmt', 1)) | ReturnDeletion(('triangle.cpp.xml', 'return', 1))
2023-12-15 03:29:41,838	[INFO]	60      TEST_CODE_ERROR       None  [3 edit(s)]       
2023-12-15 03:29:42,770	[DEBUG]	EXEC>  SUCCESS 1201524
2023-12-15 03:29:42,770	[DEBUG]	IfDeletion(('triangle.cpp.xml', 'if', 0)) | ExprStmtDeletion(('triangle.cpp.xml', 'expr_stmt', 1)) | DeclStmtInsertion(('triangle.cpp.xml', '_inter_block', 21), ('triangle.cpp.xml', 'decl_stmt', 0))
2023-12-15 03:29:42,772	[INFO]	61      SUCCESS               1201524 (99.77%) [3 edit(s)] 
2023-12-15 03:29:43,552	[DEBUG]	IfDeletion(('triangle.cpp.xml', 'if', 0)) | ExprStmtDeletion(('triangle.cpp.xml', 'expr_stmt', 1)) | DeclStmtInsertion(('triangle.cpp.xml', '_inter_block', 23), ('triangle.cpp.xml', 'decl_stmt', 1))
2023-12-15 03:29:43,552	[INFO]	62      TEST_CODE_ERROR       None  [3 edit(s)]       
2023-12-15 03:29:44,462	[DEBUG]	EXEC>  SUCCESS 1201475
2023-12-15 03:29:44,463	[DEBUG]	IfDeletion(('triangle.cpp.xml', 'if', 0)) | ExprStmtDeletion(('triangle.cpp.xml', 'expr_stmt', 1)) | DeclStmtInsertion(('triangle.cpp.xml', '_inter_block', 26), ('triangle.cpp.xml', 'decl_stmt', 1))
2023-12-15 03:29:44,464	[INFO]	63      SUCCESS              +1201475 (99.77%) [3 edit(s)] 
2023-12-15 03:29:44,466	[DEBUG]	--- before: triangle.cpp
+++ after: triangle.cpp
@@ -8,14 +8,10 @@
 int classify_triangle(double a, double b, double c) {
   double tmp;
 
-  delay();
+  
 
   // Sort the sides so that a <= b <= c
-  if(a > b) {
-    tmp = a;
-    a = b;
-    b = tmp;
-  }
+  
 
   if(a > c) {
     tmp = a;
@@ -31,6 +27,7 @@
 
   if(a + b <= c)
     /*auto*/{
+      double tmp;
       return INVALID;
     }/*auto*/
   if(a == b && b == c)

2023-12-15 03:29:45,367	[DEBUG]	EXEC>  SUCCESS 1201475
2023-12-15 03:29:45,368	[DEBUG]	IfDeletion(('triangle.cpp.xml', 'if', 0)) | ExprStmtDeletion(('triangle.cpp.xml', 'expr_stmt', 1)) | DeclStmtInsertion(('triangle.cpp.xml', '_inter_block', 26), ('triangle.cpp.xml', 'decl_stmt', 1)) | DeclStmtInsertion(('triangle.cpp.xml', '_inter_block', 28), ('triangle.cpp.xml', 'decl_stmt', 1))
2023-12-15 03:29:45,368	[INFO]	64      SUCCESS               1201475 (99.77%) [4 edit(s)] 
2023-12-15 03:29:46,113	[DEBUG]	IfDeletion(('triangle.cpp.xml', 'if', 0)) | ExprStmtDeletion(('triangle.cpp.xml', 'expr_stmt', 1)) | DeclStmtInsertion(('triangle.cpp.xml', '_inter_block', 26), ('triangle.cpp.xml', 'decl_stmt', 1)) | IfReplacement(('triangle.cpp.xml', 'if', 3), ('triangle.cpp.xml', 'stmt', 18))
2023-12-15 03:29:46,113	[INFO]	65      TEST_CODE_ERROR       None  [4 edit(s)]       
2023-12-15 03:29:46,902	[DEBUG]	IfDeletion(('triangle.cpp.xml', 'if', 0)) | ExprStmtDeletion(('triangle.cpp.xml', 'expr_stmt', 1)) | DeclStmtInsertion(('triangle.cpp.xml', '_inter_block', 26), ('triangle.cpp.xml', 'decl_stmt', 1)) | ReturnReplacement(('triangle.cpp.xml', 'return', 0), ('triangle.cpp.xml', 'stmt', 11))
2023-12-15 03:29:46,903	[INFO]	66      TEST_CODE_ERROR       None  [4 edit(s)]       
2023-12-15 03:29:46,905	[DEBUG]	IfDeletion(('triangle.cpp.xml', 'if', 0)) | ExprStmtDeletion(('triangle.cpp.xml', 'expr_stmt', 1)) | DeclStmtInsertion(('triangle.cpp.xml', '_inter_block', 26), ('triangle.cpp.xml', 'decl_stmt', 1)) | ReturnReplacement(('triangle.cpp.xml', 'return', 1), ('triangle.cpp.xml', 'stmt', 20))
2023-12-15 03:29:46,905	[INFO]	67      SUCCESS               1201475 (99.77%) [4 edit(s)] 
2023-12-15 03:29:47,786	[DEBUG]	EXEC>  SUCCESS 1201601
2023-12-15 03:29:47,786	[DEBUG]	IfDeletion(('triangle.cpp.xml', 'if', 0)) | ExprStmtDeletion(('triangle.cpp.xml', 'expr_stmt', 1)) | DeclStmtInsertion(('triangle.cpp.xml', '_inter_block', 26), ('triangle.cpp.xml', 'decl_stmt', 1)) | DeclStmtInsertion(('triangle.cpp.xml', '_inter_block', 7), ('triangle.cpp.xml', 'decl_stmt', 0))
2023-12-15 03:29:47,787	[INFO]	68      SUCCESS               1201601 (99.78%) [4 edit(s)] 
2023-12-15 03:29:47,969	[DEBUG]	IfDeletion(('triangle.cpp.xml', 'if', 0)) | ExprStmtDeletion(('triangle.cpp.xml', 'expr_stmt', 1)) | DeclStmtInsertion(('triangle.cpp.xml', '_inter_block', 26), ('triangle.cpp.xml', 'decl_stmt', 1)) | DeclStmtInsertion(('triangle.cpp.xml', '_inter_block', 11), ('triangle.cpp.xml', 'decl_stmt', 1))
2023-12-15 03:29:47,970	[INFO]	69      COMPILE_CODE_ERROR    None  [4 edit(s)]       
2023-12-15 03:29:48,947	[DEBUG]	EXEC>  SUCCESS 1201474
2023-12-15 03:29:48,948	[DEBUG]	IfDeletion(('triangle.cpp.xml', 'if', 0)) | ExprStmtDeletion(('triangle.cpp.xml', 'expr_stmt', 1)) | DeclStmtInsertion(('triangle.cpp.xml', '_inter_block', 26), ('triangle.cpp.xml', 'decl_stmt', 1)) | DeclStmtInsertion(('triangle.cpp.xml', '_inter_block', 21), ('triangle.cpp.xml', 'decl_stmt', 1))
2023-12-15 03:29:48,948	[INFO]	70      SUCCESS              *1201474 (99.77%) [4 edit(s)] 
2023-12-15 03:29:48,950	[DEBUG]	--- before: triangle.cpp
+++ after: triangle.cpp
@@ -8,19 +8,16 @@
 int classify_triangle(double a, double b, double c) {
   double tmp;
 
-  delay();
+  
 
   // Sort the sides so that a <= b <= c
-  if(a > b) {
-    tmp = a;
-    a = b;
-    b = tmp;
-  }
+  
 
   if(a > c) {
     tmp = a;
     a = c;
     c = tmp;
+    double tmp;
   }
 
   if(b > c) {
@@ -31,6 +28,7 @@
 
   if(a + b <= c)
     /*auto*/{
+      double tmp;
       return INVALID;
     }/*auto*/
   if(a == b && b == c)

2023-12-15 03:29:49,975	[DEBUG]	IfDeletion(('triangle.cpp.xml', 'if', 0)) | ExprStmtDeletion(('triangle.cpp.xml', 'expr_stmt', 1)) | DeclStmtInsertion(('triangle.cpp.xml', '_inter_block', 26), ('triangle.cpp.xml', 'decl_stmt', 1)) | DeclStmtInsertion(('triangle.cpp.xml', '_inter_block', 20), ('triangle.cpp.xml', 'decl_stmt', 1))
2023-12-15 03:29:49,975	[INFO]	71      TEST_CODE_ERROR       None  [4 edit(s)]       
2023-12-15 03:29:49,977	[DEBUG]	IfDeletion(('triangle.cpp.xml', 'if', 0)) | ExprStmtDeletion(('triangle.cpp.xml', 'expr_stmt', 1)) | DeclStmtInsertion(('triangle.cpp.xml', '_inter_block', 26), ('triangle.cpp.xml', 'decl_stmt', 1)) | DeclStmtInsertion(('triangle.cpp.xml', '_inter_block', 16), ('triangle.cpp.xml', 'decl_stmt', 0))
2023-12-15 03:29:49,977	[INFO]	72      SUCCESS               1201475 (99.77%) [4 edit(s)] 
2023-12-15 03:29:50,797	[DEBUG]	IfDeletion(('triangle.cpp.xml', 'if', 0)) | ExprStmtDeletion(('triangle.cpp.xml', 'expr_stmt', 1)) | DeclStmtInsertion(('triangle.cpp.xml', '_inter_block', 26), ('triangle.cpp.xml', 'decl_stmt', 1)) | DeclStmtInsertion(('triangle.cpp.xml', '_inter_block', 24), ('triangle.cpp.xml', 'decl_stmt', 1))
2023-12-15 03:29:50,798	[INFO]	73      TEST_CODE_ERROR       None  [4 edit(s)]       
2023-12-15 03:29:51,670	[DEBUG]	EXEC>  SUCCESS 1201475
2023-12-15 03:29:51,671	[DEBUG]	IfDeletion(('triangle.cpp.xml', 'if', 0)) | ExprStmtDeletion(('triangle.cpp.xml', 'expr_stmt', 1)) | DeclStmtInsertion(('triangle.cpp.xml', '_inter_block', 26), ('triangle.cpp.xml', 'decl_stmt', 1)) | DeclStmtInsertion(('triangle.cpp.xml', '_inter_block', 1), ('triangle.cpp.xml', 'decl_stmt', 1))
2023-12-15 03:29:51,672	[INFO]	74      SUCCESS               1201475 (99.77%) [4 edit(s)] 
2023-12-15 03:29:52,640	[DEBUG]	EXEC>  SUCCESS 1201476
2023-12-15 03:29:52,641	[DEBUG]	IfDeletion(('triangle.cpp.xml', 'if', 0)) | ExprStmtDeletion(('triangle.cpp.xml', 'expr_stmt', 1)) | DeclStmtInsertion(('triangle.cpp.xml', '_inter_block', 26), ('triangle.cpp.xml', 'decl_stmt', 1)) | DeclStmtInsertion(('triangle.cpp.xml', '_inter_block', 29), ('triangle.cpp.xml', 'decl_stmt', 0))
2023-12-15 03:29:52,642	[INFO]	75      SUCCESS               1201476 (99.77%) [4 edit(s)] 
2023-12-15 03:29:53,548	[DEBUG]	EXEC>  SUCCESS 1201506
2023-12-15 03:29:53,549	[DEBUG]	IfDeletion(('triangle.cpp.xml', 'if', 0)) | ExprStmtDeletion(('triangle.cpp.xml', 'expr_stmt', 1)) | DeclStmtInsertion(('triangle.cpp.xml', '_inter_block', 26), ('triangle.cpp.xml', 'decl_stmt', 1)) | DeclStmtInsertion(('triangle.cpp.xml', '_inter_block', 25), ('triangle.cpp.xml', 'decl_stmt', 0))
2023-12-15 03:29:53,550	[INFO]	76      SUCCESS               1201506 (99.77%) [4 edit(s)] 
2023-12-15 03:29:54,458	[DEBUG]	EXEC>  SUCCESS 1201506
2023-12-15 03:29:54,459	[DEBUG]	IfDeletion(('triangle.cpp.xml', 'if', 0)) | ExprStmtDeletion(('triangle.cpp.xml', 'expr_stmt', 1)) | DeclStmtInsertion(('triangle.cpp.xml', '_inter_block', 26), ('triangle.cpp.xml', 'decl_stmt', 1)) | DeclStmtInsertion(('triangle.cpp.xml', '_inter_block', 24), ('triangle.cpp.xml', 'decl_stmt', 0))
2023-12-15 03:29:54,460	[INFO]	77      SUCCESS               1201506 (99.77%) [4 edit(s)] 
2023-12-15 03:29:54,461	[DEBUG]	IfDeletion(('triangle.cpp.xml', 'if', 0)) | ExprStmtDeletion(('triangle.cpp.xml', 'expr_stmt', 1)) | DeclStmtInsertion(('triangle.cpp.xml', '_inter_block', 26), ('triangle.cpp.xml', 'decl_stmt', 1)) | DeclStmtInsertion(('triangle.cpp.xml', '_inter_block', 17), ('triangle.cpp.xml', 'decl_stmt', 1))
2023-12-15 03:29:54,462	[INFO]	78      SUCCESS               1201475 (99.77%) [4 edit(s)] 
2023-12-15 03:29:55,336	[DEBUG]	EXEC>  SUCCESS 1201495
2023-12-15 03:29:55,337	[DEBUG]	IfDeletion(('triangle.cpp.xml', 'if', 0)) | ExprStmtDeletion(('triangle.cpp.xml', 'expr_stmt', 1)) | DeclStmtInsertion(('triangle.cpp.xml', '_inter_block', 26), ('triangle.cpp.xml', 'decl_stmt', 1)) | DeclStmtInsertion(('triangle.cpp.xml', '_inter_block', 28), ('triangle.cpp.xml', 'decl_stmt', 0))
2023-12-15 03:29:55,338	[INFO]	79      SUCCESS               1201495 (99.77%) [4 edit(s)] 
2023-12-15 03:29:56,213	[DEBUG]	EXEC>  SUCCESS 1201547
2023-12-15 03:29:56,214	[DEBUG]	IfDeletion(('triangle.cpp.xml', 'if', 0)) | ExprStmtDeletion(('triangle.cpp.xml', 'expr_stmt', 1)) | DeclStmtInsertion(('triangle.cpp.xml', '_inter_block', 26), ('triangle.cpp.xml', 'decl_stmt', 1)) | DeclStmtInsertion(('triangle.cpp.xml', '_inter_block', 10), ('triangle.cpp.xml', 'decl_stmt', 0))
2023-12-15 03:29:56,214	[INFO]	80      SUCCESS               1201547 (99.78%) [4 edit(s)] 
2023-12-15 03:29:56,360	[DEBUG]	IfDeletion(('triangle.cpp.xml', 'if', 0)) | ExprStmtDeletion(('triangle.cpp.xml', 'expr_stmt', 1)) | DeclStmtInsertion(('triangle.cpp.xml', '_inter_block', 26), ('triangle.cpp.xml', 'decl_stmt', 1)) | DeclStmtInsertion(('triangle.cpp.xml', '_inter_block', 4), ('triangle.cpp.xml', 'decl_stmt', 1))
2023-12-15 03:29:56,360	[INFO]	81      COMPILE_CODE_ERROR    None  [4 edit(s)]       
2023-12-15 03:29:57,229	[DEBUG]	EXEC>  SUCCESS 1201602
2023-12-15 03:29:57,230	[DEBUG]	IfDeletion(('triangle.cpp.xml', 'if', 0)) | ExprStmtDeletion(('triangle.cpp.xml', 'expr_stmt', 1)) | DeclStmtInsertion(('triangle.cpp.xml', '_inter_block', 26), ('triangle.cpp.xml', 'decl_stmt', 1)) | DeclStmtInsertion(('triangle.cpp.xml', '_inter_block', 8), ('triangle.cpp.xml', 'decl_stmt', 0))
2023-12-15 03:29:57,231	[INFO]	82      SUCCESS               1201602 (99.78%) [4 edit(s)] 
2023-12-15 03:29:57,233	[DEBUG]	IfDeletion(('triangle.cpp.xml', 'if', 0)) | ExprStmtDeletion(('triangle.cpp.xml', 'expr_stmt', 1)) | DeclStmtInsertion(('triangle.cpp.xml', '_inter_block', 26), ('triangle.cpp.xml', 'decl_stmt', 1)) | DeclStmtInsertion(('triangle.cpp.xml', '_inter_block', 28), ('triangle.cpp.xml', 'decl_stmt', 1))
2023-12-15 03:29:57,233	[INFO]	83      SUCCESS               1201475 (99.77%) [4 edit(s)] 
2023-12-15 03:29:58,008	[DEBUG]	IfDeletion(('triangle.cpp.xml', 'if', 0)) | ExprStmtDeletion(('triangle.cpp.xml', 'expr_stmt', 1)) | DeclStmtInsertion(('triangle.cpp.xml', '_inter_block', 26), ('triangle.cpp.xml', 'decl_stmt', 1)) | IfReplacement(('triangle.cpp.xml', 'if', 4), ('triangle.cpp.xml', 'stmt', 16))
2023-12-15 03:29:58,009	[INFO]	84      TEST_CODE_ERROR      +None  [4 edit(s)]       
2023-12-15 03:29:58,011	[DEBUG]	--- before: triangle.cpp
+++ after: triangle.cpp
@@ -8,14 +8,10 @@
 int classify_triangle(double a, double b, double c) {
   double tmp;
 
-  delay();
+  
 
   // Sort the sides so that a <= b <= c
-  if(a > b) {
-    tmp = a;
-    a = b;
-    b = tmp;
-  }
+  
 
   if(a > c) {
     tmp = a;
@@ -31,11 +27,12 @@
 
   if(a + b <= c)
     /*auto*/{
+      double tmp;
       return INVALID;
     }/*auto*/
-  if(a == b && b == c)
+  if(a + b <= c)
     /*auto*/{
-      return EQUILATERAL;
+      return INVALID;
     }/*auto*/
   if(a == b || b == c)
     /*auto*/{

2023-12-15 03:29:58,904	[DEBUG]	EXEC>  SUCCESS 1201475
2023-12-15 03:29:58,905	[DEBUG]	IfDeletion(('triangle.cpp.xml', 'if', 0)) | ExprStmtDeletion(('triangle.cpp.xml', 'expr_stmt', 1)) | DeclStmtInsertion(('triangle.cpp.xml', '_inter_block', 26), ('triangle.cpp.xml', 'decl_stmt', 1)) | DeclStmtInsertion(('triangle.cpp.xml', '_inter_block', 21), ('triangle.cpp.xml', 'decl_stmt', 1)) | DeclStmtInsertion(('triangle.cpp.xml', '_inter_block', 25), ('triangle.cpp.xml', 'decl_stmt', 1))
2023-12-15 03:29:58,905	[INFO]	85      SUCCESS               1201475 (99.77%) [5 edit(s)] 
2023-12-15 03:29:58,908	[DEBUG]	IfDeletion(('triangle.cpp.xml', 'if', 0)) | ExprStmtDeletion(('triangle.cpp.xml', 'expr_stmt', 1)) | DeclStmtInsertion(('triangle.cpp.xml', '_inter_block', 26), ('triangle.cpp.xml', 'decl_stmt', 1)) | DeclStmtInsertion(('triangle.cpp.xml', '_inter_block', 21), ('triangle.cpp.xml', 'decl_stmt', 1)) | DeclStmtInsertion(('triangle.cpp.xml', '_inter_block', 14), ('triangle.cpp.xml', 'decl_stmt', 0))
2023-12-15 03:29:58,908	[INFO]	86      SUCCESS               1201474 (99.77%) [5 edit(s)] 
2023-12-15 03:29:59,089	[DEBUG]	IfDeletion(('triangle.cpp.xml', 'if', 0)) | ExprStmtDeletion(('triangle.cpp.xml', 'expr_stmt', 1)) | DeclStmtInsertion(('triangle.cpp.xml', '_inter_block', 26), ('triangle.cpp.xml', 'decl_stmt', 1)) | DeclStmtInsertion(('triangle.cpp.xml', '_inter_block', 21), ('triangle.cpp.xml', 'decl_stmt', 1)) | DeclStmtInsertion(('triangle.cpp.xml', '_inter_block', 12), ('triangle.cpp.xml', 'decl_stmt', 1))
2023-12-15 03:29:59,090	[INFO]	87      COMPILE_CODE_ERROR    None  [5 edit(s)]       
2023-12-15 03:29:59,094	[DEBUG]	IfDeletion(('triangle.cpp.xml', 'if', 0)) | ExprStmtDeletion(('triangle.cpp.xml', 'expr_stmt', 1)) | DeclStmtInsertion(('triangle.cpp.xml', '_inter_block', 26), ('triangle.cpp.xml', 'decl_stmt', 1)) | DeclStmtInsertion(('triangle.cpp.xml', '_inter_block', 21), ('triangle.cpp.xml', 'decl_stmt', 1)) | DeclStmtInsertion(('triangle.cpp.xml', '_inter_block', 15), ('triangle.cpp.xml', 'decl_stmt', 0))
2023-12-15 03:29:59,095	[INFO]	88      SUCCESS               1201474 (99.77%) [5 edit(s)] 
2023-12-15 03:29:59,988	[DEBUG]	EXEC>  SUCCESS 1201524
2023-12-15 03:29:59,989	[DEBUG]	IfDeletion(('triangle.cpp.xml', 'if', 0)) | ExprStmtDeletion(('triangle.cpp.xml', 'expr_stmt', 1)) | DeclStmtInsertion(('triangle.cpp.xml', '_inter_block', 26), ('triangle.cpp.xml', 'decl_stmt', 1)) | DeclStmtInsertion(('triangle.cpp.xml', '_inter_block', 21), ('triangle.cpp.xml', 'decl_stmt', 1)) | DeclStmtInsertion(('triangle.cpp.xml', '_inter_block', 19), ('triangle.cpp.xml', 'decl_stmt', 0))
2023-12-15 03:29:59,990	[INFO]	89      SUCCESS               1201524 (99.77%) [5 edit(s)] 
2023-12-15 03:30:00,915	[DEBUG]	EXEC>  SUCCESS 1201524
2023-12-15 03:30:00,915	[DEBUG]	IfDeletion(('triangle.cpp.xml', 'if', 0)) | ExprStmtDeletion(('triangle.cpp.xml', 'expr_stmt', 1)) | DeclStmtInsertion(('triangle.cpp.xml', '_inter_block', 26), ('triangle.cpp.xml', 'decl_stmt', 1)) | DeclStmtInsertion(('triangle.cpp.xml', '_inter_block', 21), ('triangle.cpp.xml', 'decl_stmt', 1)) | DeclStmtInsertion(('triangle.cpp.xml', '_inter_block', 18), ('triangle.cpp.xml', 'decl_stmt', 0))
2023-12-15 03:30:00,916	[INFO]	90      SUCCESS               1201524 (99.77%) [5 edit(s)] 
2023-12-15 03:30:01,064	[DEBUG]	IfDeletion(('triangle.cpp.xml', 'if', 0)) | ExprStmtDeletion(('triangle.cpp.xml', 'expr_stmt', 1)) | DeclStmtInsertion(('triangle.cpp.xml', '_inter_block', 26), ('triangle.cpp.xml', 'decl_stmt', 1)) | DeclStmtInsertion(('triangle.cpp.xml', '_inter_block', 21), ('triangle.cpp.xml', 'decl_stmt', 1)) | DeclStmtInsertion(('triangle.cpp.xml', '_inter_block', 18), ('triangle.cpp.xml', 'decl_stmt', 1))
2023-12-15 03:30:01,064	[INFO]	91      COMPILE_CODE_ERROR    None  [5 edit(s)]       
2023-12-15 03:30:01,199	[DEBUG]	IfDeletion(('triangle.cpp.xml', 'if', 0)) | ExprStmtDeletion(('triangle.cpp.xml', 'expr_stmt', 1)) | DeclStmtInsertion(('triangle.cpp.xml', '_inter_block', 26), ('triangle.cpp.xml', 'decl_stmt', 1)) | DeclStmtInsertion(('triangle.cpp.xml', '_inter_block', 21), ('triangle.cpp.xml', 'decl_stmt', 1)) | DeclStmtInsertion(('triangle.cpp.xml', '_inter_block', 12), ('triangle.cpp.xml', 'decl_stmt', 1))
2023-12-15 03:30:01,200	[INFO]	92      COMPILE_CODE_ERROR    None  [5 edit(s)]       
2023-12-15 03:30:02,044	[DEBUG]	EXEC>  SUCCESS 1201506
2023-12-15 03:30:02,045	[DEBUG]	IfDeletion(('triangle.cpp.xml', 'if', 0)) | ExprStmtDeletion(('triangle.cpp.xml', 'expr_stmt', 1)) | DeclStmtInsertion(('triangle.cpp.xml', '_inter_block', 26), ('triangle.cpp.xml', 'decl_stmt', 1)) | DeclStmtInsertion(('triangle.cpp.xml', '_inter_block', 21), ('triangle.cpp.xml', 'decl_stmt', 1)) | DeclStmtInsertion(('triangle.cpp.xml', '_inter_block', 25), ('triangle.cpp.xml', 'decl_stmt', 0))
2023-12-15 03:30:02,045	[INFO]	93      SUCCESS               1201506 (99.77%) [5 edit(s)] 
2023-12-15 03:30:02,048	[DEBUG]	IfDeletion(('triangle.cpp.xml', 'if', 0)) | ExprStmtDeletion(('triangle.cpp.xml', 'expr_stmt', 1)) | DeclStmtInsertion(('triangle.cpp.xml', '_inter_block', 26), ('triangle.cpp.xml', 'decl_stmt', 1)) | DeclStmtInsertion(('triangle.cpp.xml', '_inter_block', 21), ('triangle.cpp.xml', 'decl_stmt', 1)) | DeclStmtInsertion(('triangle.cpp.xml', '_inter_block', 16), ('triangle.cpp.xml', 'decl_stmt', 0))
2023-12-15 03:30:02,048	[INFO]	94      SUCCESS               1201474 (99.77%) [5 edit(s)] 
2023-12-15 03:30:02,051	[DEBUG]	IfDeletion(('triangle.cpp.xml', 'if', 0)) | ExprStmtDeletion(('triangle.cpp.xml', 'expr_stmt', 1)) | DeclStmtInsertion(('triangle.cpp.xml', '_inter_block', 26), ('triangle.cpp.xml', 'decl_stmt', 1)) | DeclStmtInsertion(('triangle.cpp.xml', '_inter_block', 21), ('triangle.cpp.xml', 'decl_stmt', 1)) | ExprStmtInsertion(('triangle.cpp.xml', '_inter_block', 16), ('triangle.cpp.xml', 'expr_stmt', 10))
2023-12-15 03:30:02,051	[INFO]	95      SUCCESS               1201474 (99.77%) [5 edit(s)] 
2023-12-15 03:30:02,053	[DEBUG]	IfDeletion(('triangle.cpp.xml', 'if', 0)) | ExprStmtDeletion(('triangle.cpp.xml', 'expr_stmt', 1)) | DeclStmtInsertion(('triangle.cpp.xml', '_inter_block', 26), ('triangle.cpp.xml', 'decl_stmt', 1)) | DeclStmtInsertion(('triangle.cpp.xml', '_inter_block', 21), ('triangle.cpp.xml', 'decl_stmt', 1)) | DeclStmtInsertion(('triangle.cpp.xml', '_inter_block', 16), ('triangle.cpp.xml', 'decl_stmt', 0))
2023-12-15 03:30:02,053	[INFO]	96      SUCCESS               1201474 (99.77%) [5 edit(s)] 
2023-12-15 03:30:02,948	[DEBUG]	EXEC>  SUCCESS 1201601
2023-12-15 03:30:02,948	[DEBUG]	IfDeletion(('triangle.cpp.xml', 'if', 0)) | ExprStmtDeletion(('triangle.cpp.xml', 'expr_stmt', 1)) | DeclStmtInsertion(('triangle.cpp.xml', '_inter_block', 26), ('triangle.cpp.xml', 'decl_stmt', 1)) | DeclStmtInsertion(('triangle.cpp.xml', '_inter_block', 21), ('triangle.cpp.xml', 'decl_stmt', 1)) | DeclStmtInsertion(('triangle.cpp.xml', '_inter_block', 5), ('triangle.cpp.xml', 'decl_stmt', 0))
2023-12-15 03:30:02,949	[INFO]	97      SUCCESS               1201601 (99.78%) [5 edit(s)] 
2023-12-15 03:30:03,840	[DEBUG]	EXEC>  SUCCESS 1201476
2023-12-15 03:30:03,841	[DEBUG]	IfDeletion(('triangle.cpp.xml', 'if', 0)) | ExprStmtDeletion(('triangle.cpp.xml', 'expr_stmt', 1)) | DeclStmtInsertion(('triangle.cpp.xml', '_inter_block', 26), ('triangle.cpp.xml', 'decl_stmt', 1)) | DeclStmtInsertion(('triangle.cpp.xml', '_inter_block', 21), ('triangle.cpp.xml', 'decl_stmt', 1)) | DeclStmtInsertion(('triangle.cpp.xml', '_inter_block', 31), ('triangle.cpp.xml', 'decl_stmt', 0))
2023-12-15 03:30:03,842	[INFO]	98      SUCCESS               1201476 (99.77%) [5 edit(s)] 
2023-12-15 03:30:04,719	[DEBUG]	EXEC>  SUCCESS 1201524
2023-12-15 03:30:04,720	[DEBUG]	IfDeletion(('triangle.cpp.xml', 'if', 0)) | ExprStmtDeletion(('triangle.cpp.xml', 'expr_stmt', 1)) | DeclStmtInsertion(('triangle.cpp.xml', '_inter_block', 26), ('triangle.cpp.xml', 'decl_stmt', 1)) | DeclStmtInsertion(('triangle.cpp.xml', '_inter_block', 21), ('triangle.cpp.xml', 'decl_stmt', 1)) | DeclStmtInsertion(('triangle.cpp.xml', '_inter_block', 21), ('triangle.cpp.xml', 'decl_stmt', 0))
2023-12-15 03:30:04,720	[INFO]	99      SUCCESS               1201524 (99.77%) [5 edit(s)] 
2023-12-15 03:30:04,722	[DEBUG]	IfDeletion(('triangle.cpp.xml', 'if', 0)) | ExprStmtDeletion(('triangle.cpp.xml', 'expr_stmt', 1)) | DeclStmtInsertion(('triangle.cpp.xml', '_inter_block', 26), ('triangle.cpp.xml', 'decl_stmt', 1)) | DeclStmtInsertion(('triangle.cpp.xml', '_inter_block', 21), ('triangle.cpp.xml', 'decl_stmt', 1)) | DeclStmtInsertion(('triangle.cpp.xml', '_inter_block', 14), ('triangle.cpp.xml', 'decl_stmt', 0))
2023-12-15 03:30:04,723	[INFO]	100     SUCCESS               1201474 (99.77%) [5 edit(s)] 
2023-12-15 03:30:04,724	[INFO]	==== END ====
2023-12-15 03:30:04,724	[INFO]	
2023-12-15 03:30:04,724	[INFO]	==== REPORT ====
2023-12-15 03:30:04,725	[INFO]	Termination: step budget
2023-12-15 03:30:04,726	[INFO]	Log file: /cs/student/ug/2020/damibose/projects/magpie/_magpie_logs/triangle-cpp_slow_1702610939.log
2023-12-15 03:30:04,727	[INFO]	Patch file: _magpie_logs/triangle-cpp_slow_1702610939.patch
2023-12-15 03:30:04,727	[INFO]	Diff file: _magpie_logs/triangle-cpp_slow_1702610939.diff
2023-12-15 03:30:04,728	[INFO]	Best fitness: 1201474
2023-12-15 03:30:04,728	[INFO]	Best patch: IfDeletion(('triangle.cpp.xml', 'if', 0)) | ExprStmtDeletion(('triangle.cpp.xml', 'expr_stmt', 1)) | DeclStmtInsertion(('triangle.cpp.xml', '_inter_block', 26), ('triangle.cpp.xml', 'decl_stmt', 1)) | DeclStmtInsertion(('triangle.cpp.xml', '_inter_block', 21), ('triangle.cpp.xml', 'decl_stmt', 1))
2023-12-15 03:30:04,729	[INFO]	Diff:
--- before: triangle.cpp
+++ after: triangle.cpp
@@ -8,19 +8,16 @@
 int classify_triangle(double a, double b, double c) {
   double tmp;
 
-  delay();
+  
 
   // Sort the sides so that a <= b <= c
-  if(a > b) {
-    tmp = a;
-    a = b;
-    b = tmp;
-  }
+  
 
   if(a > c) {
     tmp = a;
     a = c;
     c = tmp;
+    double tmp;
   }
 
   if(b > c) {
@@ -31,6 +28,7 @@
 
   if(a + b <= c)
     /*auto*/{
+      double tmp;
       return INVALID;
     }/*auto*/
   if(a == b && b == c)

