2023-12-27 22:50:53,023	[DEBUG]	==== CONFIG ====
[magpie]
import = 
seed = 6
log_dir = _magpie_logs
work_dir = _magpie_work
final_out_dir = experiments/results/BestImprovementNoTabu/baseline/trial_6
local_original_copy = True
local_original_name = __original__
output_encoding = ascii
edit_retries = 10
default_timeout = 30
default_lengthout = 10000.0
diff_method = unified
trust_local_filesystem = True

[software]
path = examples/code/triangle-cpp_slow
target_files = 
	triangle.cpp.xml
program = BasicProgram
engine_rules = 
	*.params : ConfigFileParamsEngine
	*.xml : SrcmlEngine
	* : LineEngine
engine_config = 
	*.params : [params]
	*.xml : [srcml]
init_cmd = 
init_timeout = 60
init_lengthout = -1
setup_cmd = ./setup.sh
setup_timeout = 
setup_lengthout = 
compile_cmd = ./compile.sh
compile_timeout = 
compile_lengthout = 
test_cmd = ./build/test_triangle
test_timeout = 
test_lengthout = 
run_cmd = perf stat ./build/run_triangle
run_timeout = 1
run_lengthout = 
batch_timeout = 
batch_lengthout = 
batch_bin_fitness_strategy = aggregate
batch_fitness_strategy = sum
fitness = perf_instructions

[srcml]
rename = 
focus = block break continue decl_stmt do expr_stmt for goto if return switch while
internodes = block
process_pseudo_blocks = True
process_literals = False
process_operators = False

[params]
timing = test run
cli_prefix = --
cli_glue = =
cli_boolean = show
cli_boolean_prefix_true = 
cli_boolean_prefix_false = no-
silent_prefix = @
silent_suffix = $

[search]
protocol = BasicProtocol
algorithm = BestImprovementNoTabu
possible_edits = 
	DeclStmtReplacement
	ExprStmtReplacement
	IfReplacement
	ReturnReplacement
	DeclStmtInsertion
	ExprStmtInsertion
	IfInsertion
	ReturnInsertion
	DeclStmtDeletion
	ExprStmtDeletion
	IfDeletion
	ReturnDeletion
warmup = 5
warmup_strategy = last
max_steps = 100
max_time = 60
target_fitness = 
cache_maxsize = 40
cache_keep = 0.2
batch_instances = 
batch_shuffle = True
batch_bin_shuffle = False
batch_sample_size = 1
operator_selector = UniformSelector

[search.ls]
delete_prob = 0
max_neighbours = 20
when_trapped = continue
accept_fail = False
tabu_length = 10

[search.gp]
pop_size = 10
delete_prob = 0.5
offspring_elitism = 0.1
offspring_crossover = 0.5
offspring_mutation = 0.4
uniform_rate = 0.5
batch_reset = True

[search.minify]
do_cleanup = True
do_rebuild = True
do_simplify = True
round_robin_limit = 3


2023-12-27 22:50:53,036	[INFO]	==== WARMUP ====
2023-12-27 22:51:00,927	[DEBUG]	EXEC>  SUCCESS 1465507
2023-12-27 22:51:00,929	[INFO]	WARM    SUCCESS               1465507                 
2023-12-27 22:51:04,215	[DEBUG]	EXEC>  SUCCESS 1204240
2023-12-27 22:51:04,216	[INFO]	WARM    SUCCESS               1204240                 
2023-12-27 22:51:07,428	[DEBUG]	EXEC>  SUCCESS 1204240
2023-12-27 22:51:07,429	[INFO]	WARM    SUCCESS               1204240                 
2023-12-27 22:51:10,722	[DEBUG]	EXEC>  SUCCESS 1204241
2023-12-27 22:51:10,723	[INFO]	WARM    SUCCESS               1204241                 
2023-12-27 22:51:14,126	[DEBUG]	EXEC>  SUCCESS 1204240
2023-12-27 22:51:14,128	[INFO]	WARM    SUCCESS               1204240                 
2023-12-27 22:51:14,128	[INFO]	INITIAL SUCCESS               1204240                 
2023-12-27 22:51:14,128	[INFO]	==== START: BestImprovementNoTabu ====
2023-12-27 22:51:16,849	[DEBUG]	EXEC>  SUCCESS 1204241
2023-12-27 22:51:16,850	[DEBUG]	ExprStmtInsertion(('triangle.cpp.xml', '_inter_block', 31), ('triangle.cpp.xml', 'expr_stmt', 10))
2023-12-27 22:51:16,850	[INFO]	1       SUCCESS               1204241 (100.0%) [1 edit(s)] 
2023-12-27 22:51:19,647	[DEBUG]	EXEC>  SUCCESS 1203981
2023-12-27 22:51:19,648	[DEBUG]	IfDeletion(('triangle.cpp.xml', 'if', 1))
2023-12-27 22:51:19,648	[INFO]	2       SUCCESS              *1203981 (99.98%) [1 edit(s)] 
2023-12-27 22:51:19,650	[DEBUG]	--- before: triangle.cpp
+++ after: triangle.cpp
@@ -17,11 +17,7 @@
     b = tmp;
   }
 
-  if(a > c) {
-    tmp = a;
-    a = c;
-    c = tmp;
-  }
+  
 
   if(b > c) {
     tmp = b;

2023-12-27 22:51:22,482	[DEBUG]	ReturnInsertion(('triangle.cpp.xml', '_inter_block', 18), ('triangle.cpp.xml', 'return', 1))
2023-12-27 22:51:22,482	[INFO]	3       TEST_CODE_ERROR       None  [1 edit(s)]       
2023-12-27 22:51:25,296	[DEBUG]	EXEC>  SUCCESS 1204366
2023-12-27 22:51:25,297	[DEBUG]	DeclStmtInsertion(('triangle.cpp.xml', '_inter_block', 7), ('triangle.cpp.xml', 'decl_stmt', 0))
2023-12-27 22:51:25,297	[INFO]	4       SUCCESS               1204366 (100.01%) [1 edit(s)] 
2023-12-27 22:51:28,037	[DEBUG]	ReturnReplacement(('triangle.cpp.xml', 'return', 3), ('triangle.cpp.xml', 'stmt', 4))
2023-12-27 22:51:28,038	[INFO]	5       TEST_CODE_ERROR       None  [1 edit(s)]       
2023-12-27 22:51:30,613	[DEBUG]	IfReplacement(('triangle.cpp.xml', 'if', 5), ('triangle.cpp.xml', 'stmt', 14))
2023-12-27 22:51:30,614	[INFO]	6       TEST_CODE_ERROR       None  [1 edit(s)]       
2023-12-27 22:51:33,220	[DEBUG]	ReturnReplacement(('triangle.cpp.xml', 'return', 0), ('triangle.cpp.xml', 'stmt', 3))
2023-12-27 22:51:33,220	[INFO]	7       TEST_CODE_ERROR       None  [1 edit(s)]       
2023-12-27 22:51:36,021	[DEBUG]	EXEC>  SUCCESS 1201845
2023-12-27 22:51:36,021	[DEBUG]	ExprStmtDeletion(('triangle.cpp.xml', 'expr_stmt', 1))
2023-12-27 22:51:36,021	[INFO]	8       SUCCESS              *1201845 (99.8%) [1 edit(s)] 
2023-12-27 22:51:36,022	[DEBUG]	--- before: triangle.cpp
+++ after: triangle.cpp
@@ -8,7 +8,7 @@
 int classify_triangle(double a, double b, double c) {
   double tmp;
 
-  delay();
+  
 
   // Sort the sides so that a <= b <= c
   if(a > b) {

2023-12-27 22:51:38,728	[DEBUG]	EXEC>  SUCCESS 1204782
2023-12-27 22:51:38,729	[DEBUG]	ExprStmtInsertion(('triangle.cpp.xml', '_inter_block', 26), ('triangle.cpp.xml', 'expr_stmt', 1))
2023-12-27 22:51:38,729	[INFO]	9       SUCCESS               1204782 (100.05%) [1 edit(s)] 
2023-12-27 22:51:41,312	[DEBUG]	ReturnReplacement(('triangle.cpp.xml', 'return', 2), ('triangle.cpp.xml', 'stmt', 15))
2023-12-27 22:51:41,312	[INFO]	10      TEST_CODE_ERROR       None  [1 edit(s)]       
2023-12-27 22:51:44,231	[DEBUG]	EXEC>  SUCCESS 1204243
2023-12-27 22:51:44,231	[DEBUG]	IfInsertion(('triangle.cpp.xml', '_inter_block', 29), ('triangle.cpp.xml', 'if', 4))
2023-12-27 22:51:44,231	[INFO]	11      SUCCESS               1204243 (100.0%) [1 edit(s)] 
2023-12-27 22:51:46,826	[DEBUG]	ReturnDeletion(('triangle.cpp.xml', 'return', 2))
2023-12-27 22:51:46,827	[INFO]	12      TEST_CODE_ERROR       None  [1 edit(s)]       
2023-12-27 22:51:47,577	[DEBUG]	DeclStmtInsertion(('triangle.cpp.xml', '_inter_block', 3), ('triangle.cpp.xml', 'decl_stmt', 1))
2023-12-27 22:51:47,578	[INFO]	13      COMPILE_CODE_ERROR    None  [1 edit(s)]       
2023-12-27 22:51:50,296	[DEBUG]	EXEC>  SUCCESS 1204288
2023-12-27 22:51:50,297	[DEBUG]	ExprStmtInsertion(('triangle.cpp.xml', '_inter_block', 16), ('triangle.cpp.xml', 'expr_stmt', 4))
2023-12-27 22:51:50,297	[INFO]	14      SUCCESS               1204288 (100.0%) [1 edit(s)] 
2023-12-27 22:51:51,051	[DEBUG]	DeclStmtDeletion(('triangle.cpp.xml', 'decl_stmt', 0))
2023-12-27 22:51:51,052	[INFO]	15      COMPILE_CODE_ERROR    None  [1 edit(s)]       
2023-12-27 22:51:53,552	[DEBUG]	ExprStmtInsertion(('triangle.cpp.xml', '_inter_block', 23), ('triangle.cpp.xml', 'expr_stmt', 10))
2023-12-27 22:51:53,553	[INFO]	16      TEST_CODE_ERROR       None  [1 edit(s)]       
2023-12-27 22:51:54,263	[DEBUG]	DeclStmtDeletion(('triangle.cpp.xml', 'decl_stmt', 1))
2023-12-27 22:51:54,263	[INFO]	17      COMPILE_CODE_ERROR    None  [1 edit(s)]       
2023-12-27 22:51:56,892	[DEBUG]	ExprStmtDeletion(('triangle.cpp.xml', 'expr_stmt', 8))
2023-12-27 22:51:56,892	[INFO]	18      TEST_CODE_ERROR       None  [1 edit(s)]       
2023-12-27 22:51:59,551	[DEBUG]	ReturnReplacement(('triangle.cpp.xml', 'return', 3), ('triangle.cpp.xml', 'stmt', 8))
2023-12-27 22:51:59,552	[INFO]	19      TEST_CODE_ERROR       None  [1 edit(s)]       
2023-12-27 22:52:02,238	[DEBUG]	EXEC>  SUCCESS 1201970
2023-12-27 22:52:02,239	[DEBUG]	ExprStmtReplacement(('triangle.cpp.xml', 'expr_stmt', 1), ('triangle.cpp.xml', 'stmt', 4))
2023-12-27 22:52:02,239	[INFO]	20      SUCCESS               1201970 (99.81%) [1 edit(s)] 
2023-12-27 22:52:04,741	[DEBUG]	IfDeletion(('triangle.cpp.xml', 'if', 3))
2023-12-27 22:52:04,741	[INFO]	21      TEST_CODE_ERROR      +None  [1 edit(s)]       
2023-12-27 22:52:04,742	[DEBUG]	--- before: triangle.cpp
+++ after: triangle.cpp
@@ -29,10 +29,7 @@
     c = tmp;
   }
 
-  if(a + b <= c)
-    /*auto*/{
-      return INVALID;
-    }/*auto*/
+  
   if(a == b && b == c)
     /*auto*/{
       return EQUILATERAL;

2023-12-27 22:52:04,744	[DEBUG]	ExprStmtDeletion(('triangle.cpp.xml', 'expr_stmt', 1)) | IfReplacement(('triangle.cpp.xml', 'if', 3), ('triangle.cpp.xml', 'stmt', 16))
2023-12-27 22:52:04,744	[INFO]	22      SUCCESS               1201845 (99.8%) [2 edit(s)] 
2023-12-27 22:52:07,347	[DEBUG]	ExprStmtDeletion(('triangle.cpp.xml', 'expr_stmt', 1)) | ExprStmtInsertion(('triangle.cpp.xml', '_inter_block', 24), ('triangle.cpp.xml', 'expr_stmt', 8))
2023-12-27 22:52:07,348	[INFO]	23      TEST_CODE_ERROR       None  [2 edit(s)]       
2023-12-27 22:52:09,959	[DEBUG]	ExprStmtDeletion(('triangle.cpp.xml', 'expr_stmt', 1)) | ExprStmtInsertion(('triangle.cpp.xml', '_inter_block', 19), ('triangle.cpp.xml', 'expr_stmt', 4))
2023-12-27 22:52:09,960	[INFO]	24      TEST_CODE_ERROR       None  [2 edit(s)]       
2023-12-27 22:52:12,622	[DEBUG]	ExprStmtDeletion(('triangle.cpp.xml', 'expr_stmt', 1)) | ExprStmtReplacement(('triangle.cpp.xml', 'expr_stmt', 9), ('triangle.cpp.xml', 'stmt', 16))
2023-12-27 22:52:12,622	[INFO]	25      TEST_CODE_ERROR       None  [2 edit(s)]       
2023-12-27 22:52:13,325	[DEBUG]	ExprStmtDeletion(('triangle.cpp.xml', 'expr_stmt', 1)) | DeclStmtInsertion(('triangle.cpp.xml', '_inter_block', 6), ('triangle.cpp.xml', 'decl_stmt', 1))
2023-12-27 22:52:13,326	[INFO]	26      COMPILE_CODE_ERROR    None  [2 edit(s)]       
2023-12-27 22:52:14,794	[DEBUG]	ExprStmtDeletion(('triangle.cpp.xml', 'expr_stmt', 1)) | ReturnInsertion(('triangle.cpp.xml', '_inter_block', 28), ('triangle.cpp.xml', 'return', 0))
2023-12-27 22:52:14,795	[INFO]	27      TEST_CODE_ERROR       None  [2 edit(s)]       
2023-12-27 22:52:14,796	[INFO]	==== END ====
2023-12-27 22:52:14,796	[INFO]	
2023-12-27 22:52:14,796	[INFO]	==== REPORT ====
2023-12-27 22:52:14,796	[INFO]	Termination: time budget
2023-12-27 22:52:14,796	[INFO]	Log file: /cs/student/ug/2020/damibose/projects/magpie/_magpie_logs/triangle-cpp_slow_1703717484.log
2023-12-27 22:52:14,797	[INFO]	Patch file: _magpie_logs/triangle-cpp_slow_1703717484.patch
2023-12-27 22:52:14,797	[INFO]	Diff file: _magpie_logs/triangle-cpp_slow_1703717484.diff
2023-12-27 22:52:14,797	[INFO]	Best fitness: 1201845
2023-12-27 22:52:14,797	[INFO]	Best patch: ExprStmtDeletion(('triangle.cpp.xml', 'expr_stmt', 1))
2023-12-27 22:52:14,797	[INFO]	Diff:
--- before: triangle.cpp
+++ after: triangle.cpp
@@ -8,7 +8,7 @@
 int classify_triangle(double a, double b, double c) {
   double tmp;
 
-  delay();
+  
 
   // Sort the sides so that a <= b <= c
   if(a > b) {

