2023-12-27 22:50:52,927	[DEBUG]	==== CONFIG ====
[magpie]
import = 
seed = 1
log_dir = _magpie_logs
work_dir = _magpie_work
final_out_dir = experiments/results/BestImprovementNoTabu/epsilon_greedy/trial_1
local_original_copy = True
local_original_name = __original__
output_encoding = ascii
edit_retries = 10
default_timeout = 30
default_lengthout = 10000.0
diff_method = unified
trust_local_filesystem = True

[software]
path = examples/code/triangle-cpp_slow
target_files = 
	triangle.cpp.xml
program = BasicProgram
engine_rules = 
	*.params : ConfigFileParamsEngine
	*.xml : SrcmlEngine
	* : LineEngine
engine_config = 
	*.params : [params]
	*.xml : [srcml]
init_cmd = 
init_timeout = 60
init_lengthout = -1
setup_cmd = ./setup.sh
setup_timeout = 
setup_lengthout = 
compile_cmd = ./compile.sh
compile_timeout = 
compile_lengthout = 
test_cmd = ./build/test_triangle
test_timeout = 
test_lengthout = 
run_cmd = perf stat ./build/run_triangle
run_timeout = 1
run_lengthout = 
batch_timeout = 
batch_lengthout = 
batch_bin_fitness_strategy = aggregate
batch_fitness_strategy = sum
fitness = perf_instructions

[srcml]
rename = 
focus = block break continue decl_stmt do expr_stmt for goto if return switch while
internodes = block
process_pseudo_blocks = True
process_literals = False
process_operators = False

[params]
timing = test run
cli_prefix = --
cli_glue = =
cli_boolean = show
cli_boolean_prefix_true = 
cli_boolean_prefix_false = no-
silent_prefix = @
silent_suffix = $

[search]
protocol = BasicProtocol
algorithm = BestImprovementNoTabu
possible_edits = 
	DeclStmtReplacement
	ExprStmtReplacement
	IfReplacement
	ReturnReplacement
	DeclStmtInsertion
	ExprStmtInsertion
	IfInsertion
	ReturnInsertion
	DeclStmtDeletion
	ExprStmtDeletion
	IfDeletion
	ReturnDeletion
warmup = 5
warmup_strategy = last
max_steps = 100
max_time = 60
target_fitness = 
cache_maxsize = 40
cache_keep = 0.2
batch_instances = 
batch_shuffle = True
batch_bin_shuffle = False
batch_sample_size = 1
operator_selector = EpsilonGreedy
epsilon = 0.2

[search.ls]
delete_prob = 0
max_neighbours = 20
when_trapped = continue
accept_fail = False
tabu_length = 10

[search.gp]
pop_size = 10
delete_prob = 0.5
offspring_elitism = 0.1
offspring_crossover = 0.5
offspring_mutation = 0.4
uniform_rate = 0.5
batch_reset = True

[search.minify]
do_cleanup = True
do_rebuild = True
do_simplify = True
round_robin_limit = 3


2023-12-27 22:50:52,943	[INFO]	==== WARMUP ====
2023-12-27 22:51:00,892	[DEBUG]	EXEC>  SUCCESS 1204241
2023-12-27 22:51:00,897	[INFO]	WARM    SUCCESS               1204241                 
2023-12-27 22:51:04,181	[DEBUG]	EXEC>  SUCCESS 1415008
2023-12-27 22:51:04,182	[INFO]	WARM    SUCCESS               1415008                 
2023-12-27 22:51:07,316	[DEBUG]	EXEC>  SUCCESS 1204240
2023-12-27 22:51:07,316	[INFO]	WARM    SUCCESS               1204240                 
2023-12-27 22:51:10,742	[DEBUG]	EXEC>  SUCCESS 1204244
2023-12-27 22:51:10,743	[INFO]	WARM    SUCCESS               1204244                 
2023-12-27 22:51:14,142	[DEBUG]	EXEC>  SUCCESS 1204239
2023-12-27 22:51:14,146	[INFO]	WARM    SUCCESS               1204239                 
2023-12-27 22:51:14,147	[INFO]	INITIAL SUCCESS               1204239                 
2023-12-27 22:51:14,147	[INFO]	==== START: BestImprovementNoTabu ====
2023-12-27 22:51:14,815	[DEBUG]	DeclStmtReplacement(('triangle.cpp.xml', 'decl_stmt', 1), ('triangle.cpp.xml', 'stmt', 9))
2023-12-27 22:51:14,815	[INFO]	1       COMPILE_CODE_ERROR    None  [1 edit(s)]       
2023-12-27 22:51:15,391	[DEBUG]	DeclStmtReplacement(('triangle.cpp.xml', 'decl_stmt', 0), ('triangle.cpp.xml', 'stmt', 20))
2023-12-27 22:51:15,392	[INFO]	2       COMPILE_CODE_ERROR    None  [1 edit(s)]       
2023-12-27 22:51:15,992	[DEBUG]	DeclStmtReplacement(('triangle.cpp.xml', 'decl_stmt', 1), ('triangle.cpp.xml', 'stmt', 11))
2023-12-27 22:51:15,992	[INFO]	3       COMPILE_CODE_ERROR    None  [1 edit(s)]       
2023-12-27 22:51:18,645	[DEBUG]	EXEC>  SUCCESS 1204305
2023-12-27 22:51:18,647	[DEBUG]	DeclStmtInsertion(('triangle.cpp.xml', '_inter_block', 25), ('triangle.cpp.xml', 'decl_stmt', 0))
2023-12-27 22:51:18,647	[INFO]	4       SUCCESS               1204305 (100.01%) [1 edit(s)] 
2023-12-27 22:51:19,455	[DEBUG]	DeclStmtInsertion(('triangle.cpp.xml', '_inter_block', 6), ('triangle.cpp.xml', 'decl_stmt', 1))
2023-12-27 22:51:19,456	[INFO]	5       COMPILE_CODE_ERROR    None  [1 edit(s)]       
2023-12-27 22:51:20,145	[DEBUG]	DeclStmtInsertion(('triangle.cpp.xml', '_inter_block', 0), ('triangle.cpp.xml', 'decl_stmt', 0))
2023-12-27 22:51:20,145	[INFO]	6       COMPILE_CODE_ERROR    None  [1 edit(s)]       
2023-12-27 22:51:22,913	[DEBUG]	EXEC>  SUCCESS 1204239
2023-12-27 22:51:22,914	[DEBUG]	DeclStmtInsertion(('triangle.cpp.xml', '_inter_block', 27), ('triangle.cpp.xml', 'decl_stmt', 0))
2023-12-27 22:51:22,914	[INFO]	7       SUCCESS               1204239 (100.0%) [1 edit(s)] 
2023-12-27 22:51:26,016	[DEBUG]	EXEC>  SUCCESS 1204288
2023-12-27 22:51:26,016	[DEBUG]	DeclStmtInsertion(('triangle.cpp.xml', '_inter_block', 17), ('triangle.cpp.xml', 'decl_stmt', 0))
2023-12-27 22:51:26,016	[INFO]	8       SUCCESS               1204288 (100.0%) [1 edit(s)] 
2023-12-27 22:51:26,021	[DEBUG]	DeclStmtInsertion(('triangle.cpp.xml', '_inter_block', 27), ('triangle.cpp.xml', 'decl_stmt', 0))
2023-12-27 22:51:26,021	[INFO]	9       SUCCESS               1204239 (100.0%) [1 edit(s)] 
2023-12-27 22:51:26,022	[DEBUG]	DeclStmtInsertion(('triangle.cpp.xml', '_inter_block', 25), ('triangle.cpp.xml', 'decl_stmt', 0))
2023-12-27 22:51:26,022	[INFO]	10      SUCCESS               1204305 (100.01%) [1 edit(s)] 
2023-12-27 22:51:28,674	[DEBUG]	ReturnReplacement(('triangle.cpp.xml', 'return', 2), ('triangle.cpp.xml', 'stmt', 14))
2023-12-27 22:51:28,674	[INFO]	11      TEST_CODE_ERROR       None  [1 edit(s)]       
2023-12-27 22:51:29,415	[DEBUG]	DeclStmtInsertion(('triangle.cpp.xml', '_inter_block', 10), ('triangle.cpp.xml', 'decl_stmt', 1))
2023-12-27 22:51:29,415	[INFO]	12      COMPILE_CODE_ERROR    None  [1 edit(s)]       
2023-12-27 22:51:29,984	[DEBUG]	DeclStmtInsertion(('triangle.cpp.xml', '_inter_block', 4), ('triangle.cpp.xml', 'decl_stmt', 1))
2023-12-27 22:51:29,984	[INFO]	13      COMPILE_CODE_ERROR    None  [1 edit(s)]       
2023-12-27 22:51:32,471	[DEBUG]	ExprStmtInsertion(('triangle.cpp.xml', '_inter_block', 16), ('triangle.cpp.xml', 'expr_stmt', 7))
2023-12-27 22:51:32,472	[INFO]	14      TEST_CODE_ERROR       None  [1 edit(s)]       
2023-12-27 22:51:35,392	[DEBUG]	EXEC>  SUCCESS 1204269
2023-12-27 22:51:35,393	[DEBUG]	DeclStmtInsertion(('triangle.cpp.xml', '_inter_block', 12), ('triangle.cpp.xml', 'decl_stmt', 0))
2023-12-27 22:51:35,393	[INFO]	15      SUCCESS               1204269 (100.0%) [1 edit(s)] 
2023-12-27 22:51:38,031	[DEBUG]	ExprStmtReplacement(('triangle.cpp.xml', 'expr_stmt', 4), ('triangle.cpp.xml', 'stmt', 16))
2023-12-27 22:51:38,032	[INFO]	16      TEST_CODE_ERROR       None  [1 edit(s)]       
2023-12-27 22:51:38,733	[DEBUG]	DeclStmtInsertion(('triangle.cpp.xml', '_inter_block', 7), ('triangle.cpp.xml', 'decl_stmt', 1))
2023-12-27 22:51:38,733	[INFO]	17      COMPILE_CODE_ERROR    None  [1 edit(s)]       
2023-12-27 22:51:41,557	[DEBUG]	EXEC>  SUCCESS 1204299
2023-12-27 22:51:41,558	[DEBUG]	DeclStmtInsertion(('triangle.cpp.xml', '_inter_block', 24), ('triangle.cpp.xml', 'decl_stmt', 0))
2023-12-27 22:51:41,558	[INFO]	18      SUCCESS               1204299 (100.0%) [1 edit(s)] 
2023-12-27 22:51:41,561	[DEBUG]	DeclStmtInsertion(('triangle.cpp.xml', '_inter_block', 17), ('triangle.cpp.xml', 'decl_stmt', 0))
2023-12-27 22:51:41,561	[INFO]	19      SUCCESS               1204288 (100.0%) [1 edit(s)] 
2023-12-27 22:51:42,275	[DEBUG]	DeclStmtInsertion(('triangle.cpp.xml', '_inter_block', 3), ('triangle.cpp.xml', 'decl_stmt', 0))
2023-12-27 22:51:42,276	[INFO]	20      COMPILE_CODE_ERROR    None  [1 edit(s)]       
2023-12-27 22:51:44,976	[DEBUG]	EXEC>  SUCCESS 1204294
2023-12-27 22:51:44,976	[DEBUG]	DeclStmtInsertion(('triangle.cpp.xml', '_inter_block', 26), ('triangle.cpp.xml', 'decl_stmt', 0))
2023-12-27 22:51:44,977	[INFO]	21      SUCCESS              +1204294 (100.0%) [1 edit(s)] 
2023-12-27 22:51:44,978	[DEBUG]	--- before: triangle.cpp
+++ after: triangle.cpp
@@ -31,6 +31,7 @@
 
   if(a + b <= c)
     /*auto*/{
+      const struct timespec ms = {0, (long int) (0.001*1e9)};
       return INVALID;
     }/*auto*/
   if(a == b && b == c)

2023-12-27 22:51:47,885	[DEBUG]	EXEC>  SUCCESS 1204367
2023-12-27 22:51:47,886	[DEBUG]	DeclStmtInsertion(('triangle.cpp.xml', '_inter_block', 27), ('triangle.cpp.xml', 'decl_stmt', 0)) | DeclStmtInsertion(('triangle.cpp.xml', '_inter_block', 4), ('triangle.cpp.xml', 'decl_stmt', 0))
2023-12-27 22:51:47,886	[INFO]	22      SUCCESS               1204367 (100.01%) [2 edit(s)] 
2023-12-27 22:51:48,563	[DEBUG]	DeclStmtInsertion(('triangle.cpp.xml', '_inter_block', 27), ('triangle.cpp.xml', 'decl_stmt', 0)) | DeclStmtInsertion(('triangle.cpp.xml', '_inter_block', 8), ('triangle.cpp.xml', 'decl_stmt', 1))
2023-12-27 22:51:48,563	[INFO]	23      COMPILE_CODE_ERROR    None  [2 edit(s)]       
2023-12-27 22:51:49,112	[DEBUG]	DeclStmtInsertion(('triangle.cpp.xml', '_inter_block', 27), ('triangle.cpp.xml', 'decl_stmt', 0)) | DeclStmtInsertion(('triangle.cpp.xml', '_inter_block', 7), ('triangle.cpp.xml', 'decl_stmt', 1))
2023-12-27 22:51:49,113	[INFO]	24      COMPILE_CODE_ERROR    None  [2 edit(s)]       
2023-12-27 22:51:51,982	[DEBUG]	EXEC>  SUCCESS 1204288
2023-12-27 22:51:51,983	[DEBUG]	DeclStmtInsertion(('triangle.cpp.xml', '_inter_block', 27), ('triangle.cpp.xml', 'decl_stmt', 0)) | DeclStmtInsertion(('triangle.cpp.xml', '_inter_block', 16), ('triangle.cpp.xml', 'decl_stmt', 0))
2023-12-27 22:51:51,983	[INFO]	25      SUCCESS               1204288 (100.0%) [2 edit(s)] 
2023-12-27 22:51:52,721	[DEBUG]	DeclStmtInsertion(('triangle.cpp.xml', '_inter_block', 27), ('triangle.cpp.xml', 'decl_stmt', 0)) | ExprStmtReplacement(('triangle.cpp.xml', 'expr_stmt', 0), ('triangle.cpp.xml', 'stmt', 22))
2023-12-27 22:51:52,721	[INFO]	26      COMPILE_CODE_ERROR    None  [2 edit(s)]       
2023-12-27 22:51:55,496	[DEBUG]	EXEC>  SUCCESS 1204298
2023-12-27 22:51:55,497	[DEBUG]	DeclStmtInsertion(('triangle.cpp.xml', '_inter_block', 27), ('triangle.cpp.xml', 'decl_stmt', 0)) | DeclStmtInsertion(('triangle.cpp.xml', '_inter_block', 25), ('triangle.cpp.xml', 'decl_stmt', 0))
2023-12-27 22:51:55,497	[INFO]	27      SUCCESS               1204298 (100.0%) [2 edit(s)] 
2023-12-27 22:51:56,347	[DEBUG]	DeclStmtInsertion(('triangle.cpp.xml', '_inter_block', 27), ('triangle.cpp.xml', 'decl_stmt', 0)) | DeclStmtInsertion(('triangle.cpp.xml', '_inter_block', 27), ('triangle.cpp.xml', 'decl_stmt', 0))
2023-12-27 22:51:56,348	[INFO]	28      COMPILE_CODE_ERROR    None  [2 edit(s)]       
2023-12-27 22:51:56,900	[DEBUG]	DeclStmtInsertion(('triangle.cpp.xml', '_inter_block', 27), ('triangle.cpp.xml', 'decl_stmt', 0)) | DeclStmtInsertion(('triangle.cpp.xml', '_inter_block', 3), ('triangle.cpp.xml', 'decl_stmt', 0))
2023-12-27 22:51:56,901	[INFO]	29      COMPILE_CODE_ERROR    None  [2 edit(s)]       
2023-12-27 22:51:59,719	[DEBUG]	EXEC>  SUCCESS 1204239
2023-12-27 22:51:59,720	[DEBUG]	DeclStmtInsertion(('triangle.cpp.xml', '_inter_block', 27), ('triangle.cpp.xml', 'decl_stmt', 0)) | DeclStmtInsertion(('triangle.cpp.xml', '_inter_block', 17), ('triangle.cpp.xml', 'decl_stmt', 1))
2023-12-27 22:51:59,720	[INFO]	30      SUCCESS               1204239 (100.0%) [2 edit(s)] 
2023-12-27 22:52:02,739	[DEBUG]	EXEC>  SUCCESS 1298928
2023-12-27 22:52:02,740	[DEBUG]	DeclStmtInsertion(('triangle.cpp.xml', '_inter_block', 27), ('triangle.cpp.xml', 'decl_stmt', 0)) | DeclStmtInsertion(('triangle.cpp.xml', '_inter_block', 0), ('triangle.cpp.xml', 'decl_stmt', 1))
2023-12-27 22:52:02,740	[INFO]	31      SUCCESS               1298928 (107.86%) [2 edit(s)] 
2023-12-27 22:52:05,567	[DEBUG]	EXEC>  SUCCESS 1204241
2023-12-27 22:52:05,567	[DEBUG]	DeclStmtInsertion(('triangle.cpp.xml', '_inter_block', 27), ('triangle.cpp.xml', 'decl_stmt', 0)) | DeclStmtInsertion(('triangle.cpp.xml', '_inter_block', 14), ('triangle.cpp.xml', 'decl_stmt', 1))
2023-12-27 22:52:05,568	[INFO]	32      SUCCESS               1204241 (100.0%) [2 edit(s)] 
2023-12-27 22:52:08,324	[DEBUG]	EXEC>  SUCCESS 1204271
2023-12-27 22:52:08,325	[DEBUG]	DeclStmtInsertion(('triangle.cpp.xml', '_inter_block', 27), ('triangle.cpp.xml', 'decl_stmt', 0)) | DeclStmtInsertion(('triangle.cpp.xml', '_inter_block', 18), ('triangle.cpp.xml', 'decl_stmt', 0))
2023-12-27 22:52:08,325	[INFO]	33      SUCCESS               1204271 (100.0%) [2 edit(s)] 
2023-12-27 22:52:11,151	[DEBUG]	EXEC>  SUCCESS 1362361
2023-12-27 22:52:11,151	[DEBUG]	DeclStmtInsertion(('triangle.cpp.xml', '_inter_block', 27), ('triangle.cpp.xml', 'decl_stmt', 0)) | DeclStmtInsertion(('triangle.cpp.xml', '_inter_block', 15), ('triangle.cpp.xml', 'decl_stmt', 0))
2023-12-27 22:52:11,152	[INFO]	34      SUCCESS               1362361 (113.13%) [2 edit(s)] 
2023-12-27 22:52:13,791	[DEBUG]	EXEC>  SUCCESS 1204240
2023-12-27 22:52:13,792	[DEBUG]	DeclStmtInsertion(('triangle.cpp.xml', '_inter_block', 27), ('triangle.cpp.xml', 'decl_stmt', 0)) | DeclStmtInsertion(('triangle.cpp.xml', '_inter_block', 29), ('triangle.cpp.xml', 'decl_stmt', 1))
2023-12-27 22:52:13,792	[INFO]	35      SUCCESS               1204240 (100.0%) [2 edit(s)] 
2023-12-27 22:52:14,190	[DEBUG]	DeclStmtInsertion(('triangle.cpp.xml', '_inter_block', 27), ('triangle.cpp.xml', 'decl_stmt', 0)) | DeclStmtInsertion(('triangle.cpp.xml', '_inter_block', 27), ('triangle.cpp.xml', 'decl_stmt', 0))
2023-12-27 22:52:14,191	[INFO]	36      COMPILE_CODE_ERROR    None  [2 edit(s)]       
2023-12-27 22:52:14,192	[INFO]	==== END ====
2023-12-27 22:52:14,192	[INFO]	
2023-12-27 22:52:14,192	[INFO]	==== REPORT ====
2023-12-27 22:52:14,192	[INFO]	Termination: time budget
2023-12-27 22:52:14,192	[INFO]	Log file: /cs/student/ug/2020/damibose/projects/magpie/_magpie_logs/triangle-cpp_slow_1703717483.log
