2023-12-27 22:50:53,833	[DEBUG]	==== CONFIG ====
[magpie]
import = 
seed = 8
log_dir = _magpie_logs
work_dir = _magpie_work
final_out_dir = experiments/results/RandomSearch/epsilon_greedy/trial_8
local_original_copy = True
local_original_name = __original__
output_encoding = ascii
edit_retries = 10
default_timeout = 30
default_lengthout = 10000.0
diff_method = unified
trust_local_filesystem = True

[software]
path = examples/code/triangle-cpp_slow
target_files = 
	triangle.cpp.xml
program = BasicProgram
engine_rules = 
	*.params : ConfigFileParamsEngine
	*.xml : SrcmlEngine
	* : LineEngine
engine_config = 
	*.params : [params]
	*.xml : [srcml]
init_cmd = 
init_timeout = 60
init_lengthout = -1
setup_cmd = ./setup.sh
setup_timeout = 
setup_lengthout = 
compile_cmd = ./compile.sh
compile_timeout = 
compile_lengthout = 
test_cmd = ./build/test_triangle
test_timeout = 
test_lengthout = 
run_cmd = perf stat ./build/run_triangle
run_timeout = 1
run_lengthout = 
batch_timeout = 
batch_lengthout = 
batch_bin_fitness_strategy = aggregate
batch_fitness_strategy = sum
fitness = perf_instructions

[srcml]
rename = 
focus = block break continue decl_stmt do expr_stmt for goto if return switch while
internodes = block
process_pseudo_blocks = True
process_literals = False
process_operators = False

[params]
timing = test run
cli_prefix = --
cli_glue = =
cli_boolean = show
cli_boolean_prefix_true = 
cli_boolean_prefix_false = no-
silent_prefix = @
silent_suffix = $

[search]
protocol = BasicProtocol
algorithm = RandomSearch
possible_edits = 
	DeclStmtReplacement
	ExprStmtReplacement
	IfReplacement
	ReturnReplacement
	DeclStmtInsertion
	ExprStmtInsertion
	IfInsertion
	ReturnInsertion
	DeclStmtDeletion
	ExprStmtDeletion
	IfDeletion
	ReturnDeletion
warmup = 5
warmup_strategy = last
max_steps = 100
max_time = 60
target_fitness = 
cache_maxsize = 40
cache_keep = 0.2
batch_instances = 
batch_shuffle = True
batch_bin_shuffle = False
batch_sample_size = 1
operator_selector = EpsilonGreedy
epsilon = 0.2

[search.ls]
delete_prob = 0
max_neighbours = 20
when_trapped = continue
accept_fail = False
tabu_length = 10

[search.gp]
pop_size = 10
delete_prob = 0.5
offspring_elitism = 0.1
offspring_crossover = 0.5
offspring_mutation = 0.4
uniform_rate = 0.5
batch_reset = True

[search.minify]
do_cleanup = True
do_rebuild = True
do_simplify = True
round_robin_limit = 3


2023-12-27 22:50:53,848	[INFO]	==== WARMUP ====
2023-12-27 22:51:01,738	[DEBUG]	EXEC>  SUCCESS 1217441
2023-12-27 22:51:01,744	[INFO]	WARM    SUCCESS               1217441                 
2023-12-27 22:51:04,800	[DEBUG]	EXEC>  SUCCESS 1204241
2023-12-27 22:51:04,800	[INFO]	WARM    SUCCESS               1204241                 
2023-12-27 22:51:07,809	[DEBUG]	EXEC>  SUCCESS 1204241
2023-12-27 22:51:07,810	[INFO]	WARM    SUCCESS               1204241                 
2023-12-27 22:51:10,995	[DEBUG]	EXEC>  SUCCESS 1204241
2023-12-27 22:51:10,996	[INFO]	WARM    SUCCESS               1204241                 
2023-12-27 22:51:14,212	[DEBUG]	EXEC>  SUCCESS 1396454
2023-12-27 22:51:14,212	[INFO]	WARM    SUCCESS               1396454                 
2023-12-27 22:51:14,212	[INFO]	INITIAL SUCCESS               1396454                 
2023-12-27 22:51:14,213	[INFO]	==== START: RandomSearch ====
2023-12-27 22:51:16,955	[DEBUG]	EXEC>  SUCCESS 1204287
2023-12-27 22:51:16,956	[DEBUG]	ExprStmtInsertion(('triangle.cpp.xml', '_inter_block', 14), ('triangle.cpp.xml', 'expr_stmt', 5))
2023-12-27 22:51:16,956	[INFO]	1       SUCCESS              *1204287 (86.24%) [1 edit(s)] 
2023-12-27 22:51:16,958	[DEBUG]	--- before: triangle.cpp
+++ after: triangle.cpp
@@ -12,6 +12,7 @@
 
   // Sort the sides so that a <= b <= c
   if(a > b) {
+    tmp = a;
     tmp = a;
     a = b;
     b = tmp;

2023-12-27 22:51:19,770	[DEBUG]	EXEC>  SUCCESS 1204841
2023-12-27 22:51:19,772	[DEBUG]	ExprStmtInsertion(('triangle.cpp.xml', '_inter_block', 24), ('triangle.cpp.xml', 'expr_stmt', 1))
2023-12-27 22:51:19,772	[INFO]	2       SUCCESS               1204841 (86.28%) [1 edit(s)] 
2023-12-27 22:51:22,676	[DEBUG]	EXEC>  SUCCESS 1282854
2023-12-27 22:51:22,676	[DEBUG]	ExprStmtInsertion(('triangle.cpp.xml', '_inter_block', 31), ('triangle.cpp.xml', 'expr_stmt', 5))
2023-12-27 22:51:22,677	[INFO]	3       SUCCESS               1282854 (91.87%) [1 edit(s)] 
2023-12-27 22:51:25,588	[DEBUG]	ExprStmtInsertion(('triangle.cpp.xml', '_inter_block', 22), ('triangle.cpp.xml', 'expr_stmt', 9))
2023-12-27 22:51:25,588	[INFO]	4       TEST_CODE_ERROR       None  [1 edit(s)]       
2023-12-27 22:51:28,531	[DEBUG]	EXEC>  SUCCESS 1270427
2023-12-27 22:51:28,532	[DEBUG]	ExprStmtInsertion(('triangle.cpp.xml', '_inter_block', 9), ('triangle.cpp.xml', 'expr_stmt', 1))
2023-12-27 22:51:28,532	[INFO]	5       SUCCESS               1270427 (90.98%) [1 edit(s)] 
2023-12-27 22:51:31,400	[DEBUG]	EXEC>  SUCCESS 1204269
2023-12-27 22:51:31,401	[DEBUG]	ExprStmtInsertion(('triangle.cpp.xml', '_inter_block', 20), ('triangle.cpp.xml', 'expr_stmt', 6))
2023-12-27 22:51:31,401	[INFO]	6       SUCCESS              *1204269 (86.24%) [1 edit(s)] 
2023-12-27 22:51:31,403	[DEBUG]	--- before: triangle.cpp
+++ after: triangle.cpp
@@ -19,6 +19,7 @@
 
   if(a > c) {
     tmp = a;
+    a = c;
     a = c;
     c = tmp;
   }

2023-12-27 22:51:31,405	[DEBUG]	ExprStmtInsertion(('triangle.cpp.xml', '_inter_block', 9), ('triangle.cpp.xml', 'expr_stmt', 1))
2023-12-27 22:51:31,406	[INFO]	7       SUCCESS               1270427 (90.98%) [1 edit(s)] 
2023-12-27 22:51:34,139	[DEBUG]	EXEC>  SUCCESS 1204266
2023-12-27 22:51:34,140	[DEBUG]	ExprStmtInsertion(('triangle.cpp.xml', '_inter_block', 30), ('triangle.cpp.xml', 'expr_stmt', 6))
2023-12-27 22:51:34,140	[INFO]	8       SUCCESS              *1204266 (86.24%) [1 edit(s)] 
2023-12-27 22:51:34,142	[DEBUG]	--- before: triangle.cpp
+++ after: triangle.cpp
@@ -39,6 +39,7 @@
     }/*auto*/
   if(a == b || b == c)
     /*auto*/{
+      a = c;
       return ISOSCELES;
     }/*auto*/
   return SCALENE;

2023-12-27 22:51:36,843	[DEBUG]	ExprStmtInsertion(('triangle.cpp.xml', '_inter_block', 7), ('triangle.cpp.xml', 'expr_stmt', 9))
2023-12-27 22:51:36,843	[INFO]	9       TEST_CODE_ERROR       None  [1 edit(s)]       
2023-12-27 22:51:39,373	[DEBUG]	ExprStmtReplacement(('triangle.cpp.xml', 'expr_stmt', 7), ('triangle.cpp.xml', 'stmt', 15))
2023-12-27 22:51:39,374	[INFO]	10      TEST_CODE_ERROR       None  [1 edit(s)]       
2023-12-27 22:51:40,117	[DEBUG]	ExprStmtInsertion(('triangle.cpp.xml', '_inter_block', 8), ('triangle.cpp.xml', 'expr_stmt', 0))
2023-12-27 22:51:40,118	[INFO]	11      COMPILE_CODE_ERROR    None  [1 edit(s)]       
2023-12-27 22:51:42,822	[DEBUG]	EXEC>  SUCCESS 1204299
2023-12-27 22:51:42,822	[DEBUG]	DeclStmtInsertion(('triangle.cpp.xml', '_inter_block', 22), ('triangle.cpp.xml', 'decl_stmt', 0))
2023-12-27 22:51:42,822	[INFO]	12      SUCCESS               1204299 (86.24%) [1 edit(s)] 
2023-12-27 22:51:45,710	[DEBUG]	EXEC>  SUCCESS 1204289
2023-12-27 22:51:45,712	[DEBUG]	DeclStmtInsertion(('triangle.cpp.xml', '_inter_block', 16), ('triangle.cpp.xml', 'decl_stmt', 0))
2023-12-27 22:51:45,712	[INFO]	13      SUCCESS               1204289 (86.24%) [1 edit(s)] 
2023-12-27 22:51:48,355	[DEBUG]	ReturnReplacement(('triangle.cpp.xml', 'return', 1), ('triangle.cpp.xml', 'stmt', 14))
2023-12-27 22:51:48,356	[INFO]	14      TEST_CODE_ERROR       None  [1 edit(s)]       
2023-12-27 22:51:49,192	[DEBUG]	DeclStmtInsertion(('triangle.cpp.xml', '_inter_block', 8), ('triangle.cpp.xml', 'decl_stmt', 1))
2023-12-27 22:51:49,193	[INFO]	15      COMPILE_CODE_ERROR    None  [1 edit(s)]       
2023-12-27 22:51:51,989	[DEBUG]	EXEC>  SUCCESS 1204259
2023-12-27 22:51:51,989	[DEBUG]	ExprStmtInsertion(('triangle.cpp.xml', '_inter_block', 28), ('triangle.cpp.xml', 'expr_stmt', 9))
2023-12-27 22:51:51,989	[INFO]	16      SUCCESS              *1204259 (86.24%) [1 edit(s)] 
2023-12-27 22:51:51,991	[DEBUG]	--- before: triangle.cpp
+++ after: triangle.cpp
@@ -35,6 +35,7 @@
     }/*auto*/
   if(a == b && b == c)
     /*auto*/{
+      b = c;
       return EQUILATERAL;
     }/*auto*/
   if(a == b || b == c)

2023-12-27 22:51:52,666	[DEBUG]	ExprStmtInsertion(('triangle.cpp.xml', '_inter_block', 3), ('triangle.cpp.xml', 'expr_stmt', 9))
2023-12-27 22:51:52,667	[INFO]	17      COMPILE_CODE_ERROR    None  [1 edit(s)]       
2023-12-27 22:51:55,475	[DEBUG]	EXEC>  SUCCESS 1204241
2023-12-27 22:51:55,476	[DEBUG]	DeclStmtInsertion(('triangle.cpp.xml', '_inter_block', 27), ('triangle.cpp.xml', 'decl_stmt', 0))
2023-12-27 22:51:55,476	[INFO]	18      SUCCESS              *1204241 (86.24%) [1 edit(s)] 
2023-12-27 22:51:55,478	[DEBUG]	--- before: triangle.cpp
+++ after: triangle.cpp
@@ -32,6 +32,7 @@
   if(a + b <= c)
     /*auto*/{
       return INVALID;
+      const struct timespec ms = {0, (long int) (0.001*1e9)};
     }/*auto*/
   if(a == b && b == c)
     /*auto*/{

2023-12-27 22:51:58,124	[DEBUG]	ExprStmtDeletion(('triangle.cpp.xml', 'expr_stmt', 3))
2023-12-27 22:51:58,124	[INFO]	19      TEST_CODE_ERROR       None  [1 edit(s)]       
2023-12-27 22:52:00,714	[DEBUG]	DeclStmtInsertion(('triangle.cpp.xml', '_inter_block', 16), ('triangle.cpp.xml', 'decl_stmt', 1))
2023-12-27 22:52:00,714	[INFO]	20      TEST_CODE_ERROR       None  [1 edit(s)]       
2023-12-27 22:52:03,667	[DEBUG]	EXEC>  SUCCESS 1204239
2023-12-27 22:52:03,668	[DEBUG]	DeclStmtInsertion(('triangle.cpp.xml', '_inter_block', 29), ('triangle.cpp.xml', 'decl_stmt', 0))
2023-12-27 22:52:03,668	[INFO]	21      SUCCESS              *1204239 (86.24%) [1 edit(s)] 
2023-12-27 22:52:03,670	[DEBUG]	--- before: triangle.cpp
+++ after: triangle.cpp
@@ -36,6 +36,7 @@
   if(a == b && b == c)
     /*auto*/{
       return EQUILATERAL;
+      const struct timespec ms = {0, (long int) (0.001*1e9)};
     }/*auto*/
   if(a == b || b == c)
     /*auto*/{

2023-12-27 22:52:06,595	[DEBUG]	EXEC>  SUCCESS 1204240
2023-12-27 22:52:06,596	[DEBUG]	DeclStmtInsertion(('triangle.cpp.xml', '_inter_block', 31), ('triangle.cpp.xml', 'decl_stmt', 0))
2023-12-27 22:52:06,596	[INFO]	22      SUCCESS               1204240 (86.24%) [1 edit(s)] 
2023-12-27 22:52:09,382	[DEBUG]	EXEC>  SUCCESS 1502067
2023-12-27 22:52:09,382	[DEBUG]	DeclStmtInsertion(('triangle.cpp.xml', '_inter_block', 18), ('triangle.cpp.xml', 'decl_stmt', 0))
2023-12-27 22:52:09,382	[INFO]	23      SUCCESS               1502067 (107.56%) [1 edit(s)] 
2023-12-27 22:52:12,085	[DEBUG]	EXEC>  SUCCESS 1204242
2023-12-27 22:52:12,085	[DEBUG]	DeclStmtInsertion(('triangle.cpp.xml', '_inter_block', 1), ('triangle.cpp.xml', 'decl_stmt', 1))
2023-12-27 22:52:12,086	[INFO]	24      SUCCESS               1204242 (86.24%) [1 edit(s)] 
2023-12-27 22:52:14,493	[DEBUG]	EXEC>  SUCCESS 1676163
2023-12-27 22:52:14,494	[DEBUG]	ExprStmtInsertion(('triangle.cpp.xml', '_inter_block', 31), ('triangle.cpp.xml', 'expr_stmt', 8))
2023-12-27 22:52:14,494	[INFO]	25      SUCCESS               1676163 (120.03%) [1 edit(s)] 
2023-12-27 22:52:14,496	[INFO]	==== END ====
2023-12-27 22:52:14,496	[INFO]	
2023-12-27 22:52:14,496	[INFO]	==== REPORT ====
2023-12-27 22:52:14,497	[INFO]	Termination: time budget
2023-12-27 22:52:14,497	[INFO]	Log file: /cs/student/ug/2020/damibose/projects/magpie/_magpie_logs/triangle-cpp_slow_1703717490.log
2023-12-27 22:52:14,500	[INFO]	Patch file: _magpie_logs/triangle-cpp_slow_1703717490.patch
2023-12-27 22:52:14,500	[INFO]	Diff file: _magpie_logs/triangle-cpp_slow_1703717490.diff
2023-12-27 22:52:14,500	[INFO]	Best fitness: 1204239
2023-12-27 22:52:14,500	[INFO]	Best patch: DeclStmtInsertion(('triangle.cpp.xml', '_inter_block', 29), ('triangle.cpp.xml', 'decl_stmt', 0))
2023-12-27 22:52:14,500	[INFO]	Diff:
--- before: triangle.cpp
+++ after: triangle.cpp
@@ -36,6 +36,7 @@
   if(a == b && b == c)
     /*auto*/{
       return EQUILATERAL;
+      const struct timespec ms = {0, (long int) (0.001*1e9)};
     }/*auto*/
   if(a == b || b == c)
     /*auto*/{

