2024-01-16 00:56:38,117	[DEBUG]	==== CONFIG ====
[magpie]
import = 
seed = 1
log_dir = _magpie_logs
work_dir = _magpie_work
final_out_dir = experiments/results/RandomSearch/UCB/trial_1
local_original_copy = True
local_original_name = __original__
output_encoding = ascii
edit_retries = 10
default_timeout = 30
default_lengthout = 10000.0
diff_method = unified
trust_local_filesystem = True

[software]
path = examples/code/triangle-cpp_slow
target_files = 
	triangle.cpp.xml
program = BasicProgram
engine_rules = 
	*.params : ConfigFileParamsEngine
	*.xml : SrcmlEngine
	* : LineEngine
engine_config = 
	*.params : [params]
	*.xml : [srcml]
init_cmd = 
init_timeout = 60
init_lengthout = -1
setup_cmd = ./setup.sh
setup_timeout = 
setup_lengthout = 
compile_cmd = ./compile.sh
compile_timeout = 
compile_lengthout = 
test_cmd = ./build/test_triangle
test_timeout = 
test_lengthout = 
run_cmd = ./build/run_triangle
run_timeout = 1
run_lengthout = 
batch_timeout = 
batch_lengthout = 
batch_bin_fitness_strategy = aggregate
batch_fitness_strategy = sum
fitness = time

[srcml]
rename = 
	stmt: break continue decl_stmt do expr_stmt for goto if return switch while
	number: literal_number
focus = block stmt operator_comp operator_arith number
internodes = block
process_pseudo_blocks = True
process_literals = True
process_operators = True

[params]
timing = test run
cli_prefix = --
cli_glue = =
cli_boolean = show
cli_boolean_prefix_true = 
cli_boolean_prefix_false = no-
silent_prefix = @
silent_suffix = $

[search]
protocol = BasicProtocol
algorithm = RandomSearch
possible_edits = 
	StmtReplacement
	StmtInsertion
	StmtDeletion
warmup = 1
warmup_strategy = median
max_steps = 100
max_time = 
target_fitness = 
cache_maxsize = 40
cache_keep = 0.2
batch_instances = 
batch_shuffle = True
batch_bin_shuffle = False
batch_sample_size = 1
operator_selector = UCB
c = 1.4142135623730951

[search.ls]
delete_prob = 0.5
max_neighbours = 
when_trapped = continue
accept_fail = False
tabu_length = 10

[search.gp]
pop_size = 10
delete_prob = 0.5
offspring_elitism = 0.1
offspring_crossover = 0.5
offspring_mutation = 0.4
uniform_rate = 0.5
batch_reset = True

[search.minify]
do_cleanup = True
do_rebuild = True
do_simplify = True
round_robin_limit = 3


2024-01-16 00:56:38,122	[INFO]	==== WARMUP ====
2024-01-16 00:56:40,733	[DEBUG]	EXEC>  SUCCESS 0.0977
2024-01-16 00:56:40,734	[INFO]	WARM    SUCCESS               0.0977                  
2024-01-16 00:56:40,735	[INFO]	INITIAL SUCCESS               0.0977                  
2024-01-16 00:56:40,736	[INFO]	==== START: RandomSearch ====
2024-01-16 00:56:41,566	[DEBUG]	StmtDeletion(('triangle.cpp.xml', 'stmt', 5))
2024-01-16 00:56:41,566	[INFO]	1       TEST_CODE_ERROR       None  [1 edit(s)]       
2024-01-16 00:56:42,495	[DEBUG]	EXEC>  SUCCESS 0.0969
2024-01-16 00:56:42,495	[DEBUG]	StmtInsertion(('triangle.cpp.xml', '_inter_block', 15), ('triangle.cpp.xml', 'stmt', 20))
2024-01-16 00:56:42,496	[INFO]	2       SUCCESS              *0.0969 (99.18%) [1 edit(s)] 
2024-01-16 00:56:42,497	[DEBUG]	--- before: triangle.cpp
+++ after: triangle.cpp
@@ -41,5 +41,9 @@
     /*auto*/{
       return ISOSCELES;
     }/*auto*/
+  if(a == b || b == c)
+    /*auto*/{
+      return ISOSCELES;
+    }/*auto*/
   return SCALENE;
 }

2024-01-16 00:56:42,649	[DEBUG]	StmtReplacement(('triangle.cpp.xml', 'stmt', 1), ('triangle.cpp.xml', 'stmt', 8))
2024-01-16 00:56:42,649	[INFO]	3       COMPILE_CODE_ERROR    None  [1 edit(s)]       
2024-01-16 00:56:42,796	[DEBUG]	StmtInsertion(('triangle.cpp.xml', '_inter_block', 1), ('triangle.cpp.xml', 'stmt', 14))
2024-01-16 00:56:42,796	[INFO]	4       COMPILE_CODE_ERROR    None  [1 edit(s)]       
2024-01-16 00:56:42,798	[DEBUG]	StmtInsertion(('triangle.cpp.xml', '_inter_block', 15), ('triangle.cpp.xml', 'stmt', 20))
2024-01-16 00:56:42,798	[INFO]	5       SUCCESS               0.0969 (99.18%) [1 edit(s)] 
2024-01-16 00:56:43,639	[DEBUG]	StmtReplacement(('triangle.cpp.xml', 'stmt', 14), ('triangle.cpp.xml', 'stmt', 9))
2024-01-16 00:56:43,639	[INFO]	6       TEST_CODE_ERROR       None  [1 edit(s)]       
2024-01-16 00:56:43,795	[DEBUG]	StmtDeletion(('triangle.cpp.xml', 'stmt', 0))
2024-01-16 00:56:43,796	[INFO]	7       COMPILE_CODE_ERROR    None  [1 edit(s)]       
2024-01-16 00:56:43,943	[DEBUG]	StmtInsertion(('triangle.cpp.xml', '_inter_block', 4), ('triangle.cpp.xml', 'stmt', 4))
2024-01-16 00:56:43,944	[INFO]	8       COMPILE_CODE_ERROR    None  [1 edit(s)]       
2024-01-16 00:56:44,898	[DEBUG]	EXEC>  SUCCESS 0.102
2024-01-16 00:56:44,899	[DEBUG]	StmtInsertion(('triangle.cpp.xml', '_inter_block', 27), ('triangle.cpp.xml', 'stmt', 14))
2024-01-16 00:56:44,900	[INFO]	9       SUCCESS               0.102 (104.4%) [1 edit(s)] 
2024-01-16 00:56:45,057	[DEBUG]	StmtInsertion(('triangle.cpp.xml', '_inter_block', 6), ('triangle.cpp.xml', 'stmt', 0))
2024-01-16 00:56:45,058	[INFO]	10      COMPILE_CODE_ERROR    None  [1 edit(s)]       
2024-01-16 00:56:45,856	[DEBUG]	StmtReplacement(('triangle.cpp.xml', 'stmt', 9), ('triangle.cpp.xml', 'stmt', 19))
2024-01-16 00:56:45,857	[INFO]	11      TEST_CODE_ERROR       None  [1 edit(s)]       
2024-01-16 00:56:46,001	[DEBUG]	StmtDeletion(('triangle.cpp.xml', 'stmt', 2))
2024-01-16 00:56:46,001	[INFO]	12      COMPILE_CODE_ERROR    None  [1 edit(s)]       
2024-01-16 00:56:46,942	[DEBUG]	EXEC>  SUCCESS 0.1039
2024-01-16 00:56:46,943	[DEBUG]	StmtInsertion(('triangle.cpp.xml', '_inter_block', 17), ('triangle.cpp.xml', 'stmt', 6))
2024-01-16 00:56:46,944	[INFO]	13      SUCCESS               0.1039 (106.35%) [1 edit(s)] 
2024-01-16 00:56:47,890	[DEBUG]	EXEC>  SUCCESS 0.1054
2024-01-16 00:56:47,890	[DEBUG]	StmtInsertion(('triangle.cpp.xml', '_inter_block', 16), ('triangle.cpp.xml', 'stmt', 7))
2024-01-16 00:56:47,891	[INFO]	14      SUCCESS               0.1054 (107.88%) [1 edit(s)] 
2024-01-16 00:56:48,841	[DEBUG]	EXEC>  SUCCESS 0.1064
2024-01-16 00:56:48,842	[DEBUG]	StmtInsertion(('triangle.cpp.xml', '_inter_block', 20), ('triangle.cpp.xml', 'stmt', 14))
2024-01-16 00:56:48,843	[INFO]	15      SUCCESS               0.1064 (108.9%) [1 edit(s)] 
2024-01-16 00:56:49,802	[DEBUG]	EXEC>  SUCCESS 0.1345
2024-01-16 00:56:49,803	[DEBUG]	StmtInsertion(('triangle.cpp.xml', '_inter_block', 21), ('triangle.cpp.xml', 'stmt', 3))
2024-01-16 00:56:49,804	[INFO]	16      SUCCESS               0.1345 (137.67%) [1 edit(s)] 
2024-01-16 00:56:49,976	[DEBUG]	StmtInsertion(('triangle.cpp.xml', '_inter_block', 4), ('triangle.cpp.xml', 'stmt', 7))
2024-01-16 00:56:49,977	[INFO]	17      COMPILE_CODE_ERROR    None  [1 edit(s)]       
2024-01-16 00:56:50,889	[DEBUG]	EXEC>  SUCCESS 0.0927
2024-01-16 00:56:50,890	[DEBUG]	StmtReplacement(('triangle.cpp.xml', 'stmt', 20), ('triangle.cpp.xml', 'stmt', 20))
2024-01-16 00:56:50,891	[INFO]	18      SUCCESS              *0.0927 (94.88%) [1 edit(s)] 
2024-01-16 00:56:50,891	[DEBUG]	
2024-01-16 00:56:51,709	[DEBUG]	StmtReplacement(('triangle.cpp.xml', 'stmt', 18), ('triangle.cpp.xml', 'stmt', 14))
2024-01-16 00:56:51,710	[INFO]	19      TEST_CODE_ERROR       None  [1 edit(s)]       
2024-01-16 00:56:52,489	[DEBUG]	StmtDeletion(('triangle.cpp.xml', 'stmt', 21))
2024-01-16 00:56:52,490	[INFO]	20      TEST_CODE_ERROR       None  [1 edit(s)]       
2024-01-16 00:56:53,422	[DEBUG]	EXEC>  SUCCESS 0.0969
2024-01-16 00:56:53,422	[DEBUG]	StmtInsertion(('triangle.cpp.xml', '_inter_block', 9), ('triangle.cpp.xml', 'stmt', 5))
2024-01-16 00:56:53,423	[INFO]	21      SUCCESS               0.0969 (99.18%) [1 edit(s)] 
2024-01-16 00:56:54,318	[DEBUG]	EXEC>  SUCCESS 0.0943
2024-01-16 00:56:54,319	[DEBUG]	StmtInsertion(('triangle.cpp.xml', '_inter_block', 18), ('triangle.cpp.xml', 'stmt', 8))
2024-01-16 00:56:54,319	[INFO]	22      SUCCESS               0.0943 (96.52%) [1 edit(s)] 
2024-01-16 00:56:55,230	[DEBUG]	EXEC>  SUCCESS 0.0961
2024-01-16 00:56:55,231	[DEBUG]	StmtInsertion(('triangle.cpp.xml', '_inter_block', 13), ('triangle.cpp.xml', 'stmt', 5))
2024-01-16 00:56:55,231	[INFO]	23      SUCCESS               0.0961 (98.36%) [1 edit(s)] 
2024-01-16 00:56:55,383	[DEBUG]	StmtInsertion(('triangle.cpp.xml', '_inter_block', 2), ('triangle.cpp.xml', 'stmt', 7))
2024-01-16 00:56:55,384	[INFO]	24      COMPILE_CODE_ERROR    None  [1 edit(s)]       
2024-01-16 00:56:56,175	[DEBUG]	StmtReplacement(('triangle.cpp.xml', 'stmt', 16), ('triangle.cpp.xml', 'stmt', 5))
2024-01-16 00:56:56,175	[INFO]	25      TEST_CODE_ERROR       None  [1 edit(s)]       
2024-01-16 00:56:56,332	[DEBUG]	StmtInsertion(('triangle.cpp.xml', '_inter_block', 6), ('triangle.cpp.xml', 'stmt', 15))
2024-01-16 00:56:56,333	[INFO]	26      COMPILE_CODE_ERROR    None  [1 edit(s)]       
2024-01-16 00:56:57,171	[DEBUG]	StmtDeletion(('triangle.cpp.xml', 'stmt', 19))
2024-01-16 00:56:57,172	[INFO]	27      TEST_CODE_ERROR       None  [1 edit(s)]       
2024-01-16 00:57:27,988	[DEBUG]	StmtInsertion(('triangle.cpp.xml', '_inter_block', 2), ('triangle.cpp.xml', 'stmt', 3))
2024-01-16 00:57:27,989	[INFO]	28      TEST_TIMEOUT          None  [1 edit(s)]       
2024-01-16 00:57:28,183	[DEBUG]	StmtReplacement(('triangle.cpp.xml', 'stmt', 0), ('triangle.cpp.xml', 'stmt', 18))
2024-01-16 00:57:28,184	[INFO]	29      COMPILE_CODE_ERROR    None  [1 edit(s)]       
2024-01-16 00:57:29,121	[DEBUG]	EXEC>  SUCCESS 0.1062
2024-01-16 00:57:29,122	[DEBUG]	StmtInsertion(('triangle.cpp.xml', '_inter_block', 32), ('triangle.cpp.xml', 'stmt', 8))
2024-01-16 00:57:29,123	[INFO]	30      SUCCESS               0.1062 (108.7%) [1 edit(s)] 
2024-01-16 00:57:29,273	[DEBUG]	StmtInsertion(('triangle.cpp.xml', '_inter_block', 8), ('triangle.cpp.xml', 'stmt', 5))
2024-01-16 00:57:29,274	[INFO]	31      COMPILE_CODE_ERROR    None  [1 edit(s)]       
2024-01-16 00:57:30,085	[DEBUG]	StmtDeletion(('triangle.cpp.xml', 'stmt', 21))
2024-01-16 00:57:30,086	[INFO]	32      TEST_CODE_ERROR       None  [1 edit(s)]       
2024-01-16 00:57:30,863	[DEBUG]	StmtInsertion(('triangle.cpp.xml', '_inter_block', 12), ('triangle.cpp.xml', 'stmt', 7))
2024-01-16 00:57:30,864	[INFO]	33      TEST_CODE_ERROR       None  [1 edit(s)]       
2024-01-16 00:57:31,658	[DEBUG]	EXEC>  SUCCESS 0.0232
2024-01-16 00:57:31,658	[DEBUG]	StmtReplacement(('triangle.cpp.xml', 'stmt', 1), ('triangle.cpp.xml', 'stmt', 2))
2024-01-16 00:57:31,659	[INFO]	34      SUCCESS              *0.0232 (23.75%) [1 edit(s)] 
2024-01-16 00:57:31,660	[DEBUG]	--- before: triangle.cpp
+++ after: triangle.cpp
@@ -2,7 +2,7 @@
 
 void delay() {
   const struct timespec ms = {0, (long int) (0.001*1e9)}; //tv_sec=0, tv_nsec (0.001 seconds)
-  nanosleep(&ms,NULL); /*ignores possible errors*/
+  double tmp; /*ignores possible errors*/
 }
 
 int classify_triangle(double a, double b, double c) {

2024-01-16 00:57:32,480	[DEBUG]	StmtReplacement(('triangle.cpp.xml', 'stmt', 14), ('triangle.cpp.xml', 'stmt', 9))
2024-01-16 00:57:32,480	[INFO]	35      TEST_CODE_ERROR       None  [1 edit(s)]       
2024-01-16 00:57:32,622	[DEBUG]	StmtReplacement(('triangle.cpp.xml', 'stmt', 1), ('triangle.cpp.xml', 'stmt', 16))
2024-01-16 00:57:32,623	[INFO]	36      COMPILE_CODE_ERROR    None  [1 edit(s)]       
2024-01-16 00:57:33,400	[DEBUG]	StmtReplacement(('triangle.cpp.xml', 'stmt', 3), ('triangle.cpp.xml', 'stmt', 7))
2024-01-16 00:57:33,401	[INFO]	37      TEST_CODE_ERROR       None  [1 edit(s)]       
2024-01-16 00:57:34,216	[DEBUG]	StmtReplacement(('triangle.cpp.xml', 'stmt', 22), ('triangle.cpp.xml', 'stmt', 11))
2024-01-16 00:57:34,216	[INFO]	38      TEST_CODE_ERROR       None  [1 edit(s)]       
2024-01-16 00:57:35,039	[DEBUG]	StmtReplacement(('triangle.cpp.xml', 'stmt', 4), ('triangle.cpp.xml', 'stmt', 20))
2024-01-16 00:57:35,040	[INFO]	39      TEST_CODE_ERROR       None  [1 edit(s)]       
2024-01-16 00:57:35,876	[DEBUG]	StmtReplacement(('triangle.cpp.xml', 'stmt', 6), ('triangle.cpp.xml', 'stmt', 16))
2024-01-16 00:57:35,876	[INFO]	40      TEST_CODE_ERROR       None  [1 edit(s)]       
2024-01-16 00:57:36,722	[DEBUG]	StmtInsertion(('triangle.cpp.xml', '_inter_block', 13), ('triangle.cpp.xml', 'stmt', 15))
2024-01-16 00:57:36,722	[INFO]	41      TEST_CODE_ERROR       None  [1 edit(s)]       
2024-01-16 00:57:37,557	[DEBUG]	StmtDeletion(('triangle.cpp.xml', 'stmt', 22))
2024-01-16 00:57:37,557	[INFO]	42      TEST_CODE_ERROR       None  [1 edit(s)]       
2024-01-16 00:57:38,349	[DEBUG]	StmtReplacement(('triangle.cpp.xml', 'stmt', 21), ('triangle.cpp.xml', 'stmt', 15))
2024-01-16 00:57:38,350	[INFO]	43      TEST_CODE_ERROR       None  [1 edit(s)]       
2024-01-16 00:57:39,235	[DEBUG]	EXEC>  SUCCESS 0.0964
2024-01-16 00:57:39,235	[DEBUG]	StmtInsertion(('triangle.cpp.xml', '_inter_block', 33), ('triangle.cpp.xml', 'stmt', 15))
2024-01-16 00:57:39,236	[INFO]	44      SUCCESS               0.0964 (98.67%) [1 edit(s)] 
2024-01-16 00:57:40,179	[DEBUG]	EXEC>  SUCCESS 0.0983
2024-01-16 00:57:40,180	[DEBUG]	StmtInsertion(('triangle.cpp.xml', '_inter_block', 34), ('triangle.cpp.xml', 'stmt', 14))
2024-01-16 00:57:40,181	[INFO]	45      SUCCESS               0.0983 (100.61%) [1 edit(s)] 
2024-01-16 00:57:40,335	[DEBUG]	StmtInsertion(('triangle.cpp.xml', '_inter_block', 5), ('triangle.cpp.xml', 'stmt', 13))
2024-01-16 00:57:40,335	[INFO]	46      COMPILE_CODE_ERROR    None  [1 edit(s)]       
2024-01-16 00:57:41,298	[DEBUG]	EXEC>  SUCCESS 0.1058
2024-01-16 00:57:41,298	[DEBUG]	StmtInsertion(('triangle.cpp.xml', '_inter_block', 17), ('triangle.cpp.xml', 'stmt', 0))
2024-01-16 00:57:41,299	[INFO]	47      SUCCESS               0.1058 (108.29%) [1 edit(s)] 
2024-01-16 00:57:42,241	[DEBUG]	EXEC>  SUCCESS 0.102
2024-01-16 00:57:42,242	[DEBUG]	StmtInsertion(('triangle.cpp.xml', '_inter_block', 12), ('triangle.cpp.xml', 'stmt', 4))
2024-01-16 00:57:42,243	[INFO]	48      SUCCESS               0.102 (104.4%) [1 edit(s)] 
2024-01-16 00:57:43,203	[DEBUG]	EXEC>  SUCCESS 0.1046
2024-01-16 00:57:43,203	[DEBUG]	StmtInsertion(('triangle.cpp.xml', '_inter_block', 34), ('triangle.cpp.xml', 'stmt', 7))
2024-01-16 00:57:43,204	[INFO]	49      SUCCESS               0.1046 (107.06%) [1 edit(s)] 
2024-01-16 00:57:44,082	[DEBUG]	StmtInsertion(('triangle.cpp.xml', '_inter_block', 10), ('triangle.cpp.xml', 'stmt', 7))
2024-01-16 00:57:44,082	[INFO]	50      TEST_CODE_ERROR       None  [1 edit(s)]       
2024-01-16 00:57:45,280	[DEBUG]	EXEC>  SUCCESS 0.1062
2024-01-16 00:57:45,280	[DEBUG]	StmtInsertion(('triangle.cpp.xml', '_inter_block', 31), ('triangle.cpp.xml', 'stmt', 20))
2024-01-16 00:57:45,281	[INFO]	51      SUCCESS               0.1062 (108.7%) [1 edit(s)] 
2024-01-16 00:57:46,216	[DEBUG]	EXEC>  SUCCESS 0.1065
2024-01-16 00:57:46,217	[DEBUG]	StmtInsertion(('triangle.cpp.xml', '_inter_block', 23), ('triangle.cpp.xml', 'stmt', 18))
2024-01-16 00:57:46,218	[INFO]	52      SUCCESS               0.1065 (109.01%) [1 edit(s)] 
2024-01-16 00:57:47,025	[DEBUG]	StmtInsertion(('triangle.cpp.xml', '_inter_block', 28), ('triangle.cpp.xml', 'stmt', 21))
2024-01-16 00:57:47,025	[INFO]	53      TEST_CODE_ERROR       None  [1 edit(s)]       
2024-01-16 00:57:47,878	[DEBUG]	StmtReplacement(('triangle.cpp.xml', 'stmt', 20), ('triangle.cpp.xml', 'stmt', 11))
2024-01-16 00:57:47,878	[INFO]	54      TEST_CODE_ERROR       None  [1 edit(s)]       
2024-01-16 00:57:48,718	[DEBUG]	StmtDeletion(('triangle.cpp.xml', 'stmt', 19))
2024-01-16 00:57:48,718	[INFO]	55      TEST_CODE_ERROR       None  [1 edit(s)]       
2024-01-16 00:57:49,668	[DEBUG]	EXEC>  SUCCESS 0.0984
2024-01-16 00:57:49,668	[DEBUG]	StmtInsertion(('triangle.cpp.xml', '_inter_block', 24), ('triangle.cpp.xml', 'stmt', 10))
2024-01-16 00:57:49,669	[INFO]	56      SUCCESS               0.0984 (100.72%) [1 edit(s)] 
2024-01-16 00:57:50,488	[DEBUG]	StmtInsertion(('triangle.cpp.xml', '_inter_block', 30), ('triangle.cpp.xml', 'stmt', 21))
2024-01-16 00:57:50,489	[INFO]	57      TEST_CODE_ERROR       None  [1 edit(s)]       
2024-01-16 00:57:51,409	[DEBUG]	EXEC>  SUCCESS 0.0964
2024-01-16 00:57:51,409	[DEBUG]	StmtInsertion(('triangle.cpp.xml', '_inter_block', 17), ('triangle.cpp.xml', 'stmt', 17))
2024-01-16 00:57:51,410	[INFO]	58      SUCCESS               0.0964 (98.67%) [1 edit(s)] 
2024-01-16 00:57:52,314	[DEBUG]	EXEC>  SUCCESS 0.0964
2024-01-16 00:57:52,314	[DEBUG]	StmtInsertion(('triangle.cpp.xml', '_inter_block', 35), ('triangle.cpp.xml', 'stmt', 10))
2024-01-16 00:57:52,315	[INFO]	59      SUCCESS               0.0964 (98.67%) [1 edit(s)] 
2024-01-16 00:57:53,242	[DEBUG]	EXEC>  SUCCESS 0.097
2024-01-16 00:57:53,242	[DEBUG]	StmtInsertion(('triangle.cpp.xml', '_inter_block', 35), ('triangle.cpp.xml', 'stmt', 17))
2024-01-16 00:57:53,243	[INFO]	60      SUCCESS               0.097 (99.28%) [1 edit(s)] 
2024-01-16 00:57:54,041	[DEBUG]	StmtInsertion(('triangle.cpp.xml', '_inter_block', 14), ('triangle.cpp.xml', 'stmt', 14))
2024-01-16 00:57:54,041	[INFO]	61      TEST_CODE_ERROR       None  [1 edit(s)]       
2024-01-16 00:57:54,883	[DEBUG]	StmtReplacement(('triangle.cpp.xml', 'stmt', 15), ('triangle.cpp.xml', 'stmt', 18))
2024-01-16 00:57:54,884	[INFO]	62      TEST_CODE_ERROR       None  [1 edit(s)]       
2024-01-16 00:57:55,782	[DEBUG]	EXEC>  SUCCESS 0.0957
2024-01-16 00:57:55,783	[DEBUG]	StmtInsertion(('triangle.cpp.xml', '_inter_block', 35), ('triangle.cpp.xml', 'stmt', 18))
2024-01-16 00:57:55,783	[INFO]	63      SUCCESS               0.0957 (97.95%) [1 edit(s)] 
2024-01-16 00:57:56,712	[DEBUG]	EXEC>  SUCCESS 0.1063
2024-01-16 00:57:56,713	[DEBUG]	StmtInsertion(('triangle.cpp.xml', '_inter_block', 24), ('triangle.cpp.xml', 'stmt', 18))
2024-01-16 00:57:56,714	[INFO]	64      SUCCESS               0.1063 (108.8%) [1 edit(s)] 
2024-01-16 00:57:57,633	[DEBUG]	EXEC>  SUCCESS 0.1058
2024-01-16 00:57:57,634	[DEBUG]	StmtInsertion(('triangle.cpp.xml', '_inter_block', 34), ('triangle.cpp.xml', 'stmt', 4))
2024-01-16 00:57:57,635	[INFO]	65      SUCCESS               0.1058 (108.29%) [1 edit(s)] 
2024-01-16 00:57:58,580	[DEBUG]	EXEC>  SUCCESS 0.1047
2024-01-16 00:57:58,581	[DEBUG]	StmtInsertion(('triangle.cpp.xml', '_inter_block', 14), ('triangle.cpp.xml', 'stmt', 9))
2024-01-16 00:57:58,582	[INFO]	66      SUCCESS               0.1047 (107.16%) [1 edit(s)] 
2024-01-16 00:57:58,734	[DEBUG]	StmtInsertion(('triangle.cpp.xml', '_inter_block', 5), ('triangle.cpp.xml', 'stmt', 12))
2024-01-16 00:57:58,735	[INFO]	67      COMPILE_CODE_ERROR    None  [1 edit(s)]       
2024-01-16 00:57:59,667	[DEBUG]	EXEC>  SUCCESS 0.1036
2024-01-16 00:57:59,668	[DEBUG]	StmtInsertion(('triangle.cpp.xml', '_inter_block', 25), ('triangle.cpp.xml', 'stmt', 0))
2024-01-16 00:57:59,669	[INFO]	68      SUCCESS               0.1036 (106.04%) [1 edit(s)] 
2024-01-16 00:57:59,671	[DEBUG]	StmtInsertion(('triangle.cpp.xml', '_inter_block', 23), ('triangle.cpp.xml', 'stmt', 18))
2024-01-16 00:57:59,671	[INFO]	69      SUCCESS               0.1065 (109.01%) [1 edit(s)] 
2024-01-16 00:58:00,659	[DEBUG]	EXEC>  SUCCESS 0.1055
2024-01-16 00:58:00,660	[DEBUG]	StmtInsertion(('triangle.cpp.xml', '_inter_block', 14), ('triangle.cpp.xml', 'stmt', 12))
2024-01-16 00:58:00,661	[INFO]	70      SUCCESS               0.1055 (107.98%) [1 edit(s)] 
2024-01-16 00:58:01,614	[DEBUG]	EXEC>  SUCCESS 0.1067
2024-01-16 00:58:01,614	[DEBUG]	StmtInsertion(('triangle.cpp.xml', '_inter_block', 22), ('triangle.cpp.xml', 'stmt', 2))
2024-01-16 00:58:01,615	[INFO]	71      SUCCESS               0.1067 (109.21%) [1 edit(s)] 
2024-01-16 00:58:02,545	[DEBUG]	EXEC>  SUCCESS 0.105
2024-01-16 00:58:02,546	[DEBUG]	StmtInsertion(('triangle.cpp.xml', '_inter_block', 29), ('triangle.cpp.xml', 'stmt', 9))
2024-01-16 00:58:02,547	[INFO]	72      SUCCESS               0.105 (107.47%) [1 edit(s)] 
2024-01-16 00:58:03,367	[DEBUG]	StmtInsertion(('triangle.cpp.xml', '_inter_block', 29), ('triangle.cpp.xml', 'stmt', 10))
2024-01-16 00:58:03,368	[INFO]	73      TEST_CODE_ERROR       None  [1 edit(s)]       
2024-01-16 00:58:04,218	[DEBUG]	StmtInsertion(('triangle.cpp.xml', '_inter_block', 28), ('triangle.cpp.xml', 'stmt', 6))
2024-01-16 00:58:04,218	[INFO]	74      TEST_CODE_ERROR       None  [1 edit(s)]       
2024-01-16 00:58:05,079	[DEBUG]	StmtDeletion(('triangle.cpp.xml', 'stmt', 16))
2024-01-16 00:58:05,079	[INFO]	75      TEST_CODE_ERROR       None  [1 edit(s)]       
2024-01-16 00:58:05,235	[DEBUG]	StmtInsertion(('triangle.cpp.xml', '_inter_block', 3), ('triangle.cpp.xml', 'stmt', 0))
2024-01-16 00:58:05,235	[INFO]	76      COMPILE_CODE_ERROR    None  [1 edit(s)]       
2024-01-16 00:58:06,140	[DEBUG]	EXEC>  SUCCESS 0.0968
2024-01-16 00:58:06,140	[DEBUG]	StmtReplacement(('triangle.cpp.xml', 'stmt', 4), ('triangle.cpp.xml', 'stmt', 12))
2024-01-16 00:58:06,141	[INFO]	77      SUCCESS               0.0968 (99.08%) [1 edit(s)] 
2024-01-16 00:58:06,992	[DEBUG]	StmtReplacement(('triangle.cpp.xml', 'stmt', 6), ('triangle.cpp.xml', 'stmt', 8))
2024-01-16 00:58:06,993	[INFO]	78      TEST_CODE_ERROR       None  [1 edit(s)]       
2024-01-16 00:58:07,795	[DEBUG]	StmtInsertion(('triangle.cpp.xml', '_inter_block', 21), ('triangle.cpp.xml', 'stmt', 6))
2024-01-16 00:58:07,796	[INFO]	79      TEST_CODE_ERROR       None  [1 edit(s)]       
2024-01-16 00:58:08,603	[DEBUG]	StmtReplacement(('triangle.cpp.xml', 'stmt', 19), ('triangle.cpp.xml', 'stmt', 4))
2024-01-16 00:58:08,603	[INFO]	80      TEST_CODE_ERROR       None  [1 edit(s)]       
2024-01-16 00:58:09,502	[DEBUG]	EXEC>  SUCCESS 0.097
2024-01-16 00:58:09,502	[DEBUG]	StmtInsertion(('triangle.cpp.xml', '_inter_block', 27), ('triangle.cpp.xml', 'stmt', 14))
2024-01-16 00:58:09,503	[INFO]	81      SUCCESS               0.097 (99.28%) [1 edit(s)] 
2024-01-16 00:58:10,316	[DEBUG]	StmtInsertion(('triangle.cpp.xml', '_inter_block', 22), ('triangle.cpp.xml', 'stmt', 11))
2024-01-16 00:58:10,316	[INFO]	82      TEST_CODE_ERROR       None  [1 edit(s)]       
2024-01-16 00:58:11,228	[DEBUG]	EXEC>  SUCCESS 0.097
2024-01-16 00:58:11,228	[DEBUG]	StmtDeletion(('triangle.cpp.xml', 'stmt', 4))
2024-01-16 00:58:11,229	[INFO]	83      SUCCESS               0.097 (99.28%) [1 edit(s)] 
2024-01-16 00:58:12,055	[DEBUG]	EXEC>  SUCCESS 0.0234
2024-01-16 00:58:12,056	[DEBUG]	StmtDeletion(('triangle.cpp.xml', 'stmt', 1))
2024-01-16 00:58:12,057	[INFO]	84      SUCCESS               0.0234 (23.95%) [1 edit(s)] 
2024-01-16 00:58:12,865	[DEBUG]	StmtDeletion(('triangle.cpp.xml', 'stmt', 19))
2024-01-16 00:58:12,865	[INFO]	85      TEST_CODE_ERROR       None  [1 edit(s)]       
2024-01-16 00:58:13,710	[DEBUG]	StmtDeletion(('triangle.cpp.xml', 'stmt', 9))
2024-01-16 00:58:13,710	[INFO]	86      TEST_CODE_ERROR       None  [1 edit(s)]       
2024-01-16 00:58:14,574	[DEBUG]	StmtDeletion(('triangle.cpp.xml', 'stmt', 5))
2024-01-16 00:58:14,574	[INFO]	87      TEST_CODE_ERROR       None  [1 edit(s)]       
2024-01-16 00:58:15,451	[DEBUG]	StmtDeletion(('triangle.cpp.xml', 'stmt', 18))
2024-01-16 00:58:15,451	[INFO]	88      TEST_CODE_ERROR       None  [1 edit(s)]       
2024-01-16 00:58:16,271	[DEBUG]	StmtDeletion(('triangle.cpp.xml', 'stmt', 10))
2024-01-16 00:58:16,271	[INFO]	89      TEST_CODE_ERROR       None  [1 edit(s)]       
2024-01-16 00:58:17,113	[DEBUG]	StmtDeletion(('triangle.cpp.xml', 'stmt', 17))
2024-01-16 00:58:17,113	[INFO]	90      TEST_CODE_ERROR       None  [1 edit(s)]       
2024-01-16 00:58:17,887	[DEBUG]	StmtDeletion(('triangle.cpp.xml', 'stmt', 15))
2024-01-16 00:58:17,888	[INFO]	91      TEST_CODE_ERROR       None  [1 edit(s)]       
2024-01-16 00:58:18,697	[DEBUG]	StmtDeletion(('triangle.cpp.xml', 'stmt', 21))
2024-01-16 00:58:18,697	[INFO]	92      TEST_CODE_ERROR       None  [1 edit(s)]       
2024-01-16 00:58:19,535	[DEBUG]	StmtInsertion(('triangle.cpp.xml', '_inter_block', 24), ('triangle.cpp.xml', 'stmt', 17))
2024-01-16 00:58:19,536	[INFO]	93      TEST_CODE_ERROR       None  [1 edit(s)]       
2024-01-16 00:58:20,363	[DEBUG]	StmtReplacement(('triangle.cpp.xml', 'stmt', 17), ('triangle.cpp.xml', 'stmt', 8))
2024-01-16 00:58:20,364	[INFO]	94      TEST_CODE_ERROR       None  [1 edit(s)]       
2024-01-16 00:58:21,281	[DEBUG]	EXEC>  SUCCESS 0.0973
2024-01-16 00:58:21,282	[DEBUG]	StmtInsertion(('triangle.cpp.xml', '_inter_block', 16), ('triangle.cpp.xml', 'stmt', 7))
2024-01-16 00:58:21,282	[INFO]	95      SUCCESS               0.0973 (99.59%) [1 edit(s)] 
2024-01-16 00:58:22,212	[DEBUG]	EXEC>  SUCCESS 0.1046
2024-01-16 00:58:22,212	[DEBUG]	StmtInsertion(('triangle.cpp.xml', '_inter_block', 25), ('triangle.cpp.xml', 'stmt', 0))
2024-01-16 00:58:22,213	[INFO]	96      SUCCESS               0.1046 (107.06%) [1 edit(s)] 
2024-01-16 00:58:23,174	[DEBUG]	EXEC>  SUCCESS 0.1228
2024-01-16 00:58:23,175	[DEBUG]	StmtInsertion(('triangle.cpp.xml', '_inter_block', 25), ('triangle.cpp.xml', 'stmt', 3))
2024-01-16 00:58:23,175	[INFO]	97      SUCCESS               0.1228 (125.69%) [1 edit(s)] 
2024-01-16 00:58:24,020	[DEBUG]	StmtInsertion(('triangle.cpp.xml', '_inter_block', 9), ('triangle.cpp.xml', 'stmt', 10))
2024-01-16 00:58:24,020	[INFO]	98      TEST_CODE_ERROR       None  [1 edit(s)]       
2024-01-16 00:58:24,946	[DEBUG]	EXEC>  SUCCESS 0.0954
2024-01-16 00:58:24,947	[DEBUG]	StmtInsertion(('triangle.cpp.xml', '_inter_block', 33), ('triangle.cpp.xml', 'stmt', 6))
2024-01-16 00:58:24,948	[INFO]	99      SUCCESS               0.0954 (97.65%) [1 edit(s)] 
2024-01-16 00:58:25,085	[DEBUG]	StmtInsertion(('triangle.cpp.xml', '_inter_block', 7), ('triangle.cpp.xml', 'stmt', 15))
2024-01-16 00:58:25,086	[INFO]	100     COMPILE_CODE_ERROR    None  [1 edit(s)]       
2024-01-16 00:58:25,087	[INFO]	==== END ====
2024-01-16 00:58:25,087	[INFO]	
2024-01-16 00:58:25,087	[INFO]	==== REPORT ====
2024-01-16 00:58:25,088	[INFO]	Termination: step budget
2024-01-16 00:58:25,089	[INFO]	Log file: /cs/student/ug/2020/damibose/projects/magpie/_magpie_logs/triangle-cpp_slow_1705366598.log
2024-01-16 00:58:25,090	[INFO]	Patch file: _magpie_logs/triangle-cpp_slow_1705366598.patch
2024-01-16 00:58:25,090	[INFO]	Diff file: _magpie_logs/triangle-cpp_slow_1705366598.diff
2024-01-16 00:58:25,090	[INFO]	Best fitness: 0.0232
2024-01-16 00:58:25,091	[INFO]	Best patch: StmtReplacement(('triangle.cpp.xml', 'stmt', 1), ('triangle.cpp.xml', 'stmt', 2))
2024-01-16 00:58:25,091	[INFO]	Diff:
--- before: triangle.cpp
+++ after: triangle.cpp
@@ -2,7 +2,7 @@
 
 void delay() {
   const struct timespec ms = {0, (long int) (0.001*1e9)}; //tv_sec=0, tv_nsec (0.001 seconds)
-  nanosleep(&ms,NULL); /*ignores possible errors*/
+  double tmp; /*ignores possible errors*/
 }
 
 int classify_triangle(double a, double b, double c) {

