2023-12-27 22:50:52,566	[DEBUG]	==== CONFIG ====
[magpie]
import = 
seed = 9
log_dir = _magpie_logs
work_dir = _magpie_work
final_out_dir = experiments/results/BestImprovementNoTabu/epsilon_greedy/trial_9
local_original_copy = True
local_original_name = __original__
output_encoding = ascii
edit_retries = 10
default_timeout = 30
default_lengthout = 10000.0
diff_method = unified
trust_local_filesystem = True

[software]
path = examples/code/triangle-cpp_slow
target_files = 
	triangle.cpp.xml
program = BasicProgram
engine_rules = 
	*.params : ConfigFileParamsEngine
	*.xml : SrcmlEngine
	* : LineEngine
engine_config = 
	*.params : [params]
	*.xml : [srcml]
init_cmd = 
init_timeout = 60
init_lengthout = -1
setup_cmd = ./setup.sh
setup_timeout = 
setup_lengthout = 
compile_cmd = ./compile.sh
compile_timeout = 
compile_lengthout = 
test_cmd = ./build/test_triangle
test_timeout = 
test_lengthout = 
run_cmd = perf stat ./build/run_triangle
run_timeout = 1
run_lengthout = 
batch_timeout = 
batch_lengthout = 
batch_bin_fitness_strategy = aggregate
batch_fitness_strategy = sum
fitness = perf_instructions

[srcml]
rename = 
focus = block break continue decl_stmt do expr_stmt for goto if return switch while
internodes = block
process_pseudo_blocks = True
process_literals = False
process_operators = False

[params]
timing = test run
cli_prefix = --
cli_glue = =
cli_boolean = show
cli_boolean_prefix_true = 
cli_boolean_prefix_false = no-
silent_prefix = @
silent_suffix = $

[search]
protocol = BasicProtocol
algorithm = BestImprovementNoTabu
possible_edits = 
	DeclStmtReplacement
	ExprStmtReplacement
	IfReplacement
	ReturnReplacement
	DeclStmtInsertion
	ExprStmtInsertion
	IfInsertion
	ReturnInsertion
	DeclStmtDeletion
	ExprStmtDeletion
	IfDeletion
	ReturnDeletion
warmup = 5
warmup_strategy = last
max_steps = 100
max_time = 60
target_fitness = 
cache_maxsize = 40
cache_keep = 0.2
batch_instances = 
batch_shuffle = True
batch_bin_shuffle = False
batch_sample_size = 1
operator_selector = EpsilonGreedy
epsilon = 0.2

[search.ls]
delete_prob = 0
max_neighbours = 20
when_trapped = continue
accept_fail = False
tabu_length = 10

[search.gp]
pop_size = 10
delete_prob = 0.5
offspring_elitism = 0.1
offspring_crossover = 0.5
offspring_mutation = 0.4
uniform_rate = 0.5
batch_reset = True

[search.minify]
do_cleanup = True
do_rebuild = True
do_simplify = True
round_robin_limit = 3


2023-12-27 22:50:52,574	[INFO]	==== WARMUP ====
2023-12-27 22:50:59,581	[DEBUG]	EXEC>  SUCCESS 1253851
2023-12-27 22:50:59,583	[INFO]	WARM    SUCCESS               1253851                 
2023-12-27 22:51:02,586	[DEBUG]	EXEC>  SUCCESS 1204241
2023-12-27 22:51:02,586	[INFO]	WARM    SUCCESS               1204241                 
2023-12-27 22:51:05,897	[DEBUG]	EXEC>  SUCCESS 1204239
2023-12-27 22:51:05,898	[INFO]	WARM    SUCCESS               1204239                 
2023-12-27 22:51:08,853	[DEBUG]	EXEC>  SUCCESS 1204241
2023-12-27 22:51:08,853	[INFO]	WARM    SUCCESS               1204241                 
2023-12-27 22:51:11,730	[DEBUG]	EXEC>  SUCCESS 1204240
2023-12-27 22:51:11,731	[INFO]	WARM    SUCCESS               1204240                 
2023-12-27 22:51:11,731	[INFO]	INITIAL SUCCESS               1204240                 
2023-12-27 22:51:11,731	[INFO]	==== START: BestImprovementNoTabu ====
2023-12-27 22:51:12,457	[DEBUG]	DeclStmtReplacement(('triangle.cpp.xml', 'decl_stmt', 0), ('triangle.cpp.xml', 'stmt', 20))
2023-12-27 22:51:12,457	[INFO]	1       COMPILE_CODE_ERROR    None  [1 edit(s)]       
2023-12-27 22:51:13,049	[DEBUG]	DeclStmtReplacement(('triangle.cpp.xml', 'decl_stmt', 1), ('triangle.cpp.xml', 'stmt', 14))
2023-12-27 22:51:13,050	[INFO]	2       COMPILE_CODE_ERROR    None  [1 edit(s)]       
2023-12-27 22:51:13,547	[DEBUG]	DeclStmtReplacement(('triangle.cpp.xml', 'decl_stmt', 0), ('triangle.cpp.xml', 'stmt', 11))
2023-12-27 22:51:13,548	[INFO]	3       COMPILE_CODE_ERROR    None  [1 edit(s)]       
2023-12-27 22:51:13,998	[DEBUG]	DeclStmtReplacement(('triangle.cpp.xml', 'decl_stmt', 1), ('triangle.cpp.xml', 'stmt', 7))
2023-12-27 22:51:13,998	[INFO]	4       COMPILE_CODE_ERROR    None  [1 edit(s)]       
2023-12-27 22:51:16,302	[DEBUG]	ReturnReplacement(('triangle.cpp.xml', 'return', 1), ('triangle.cpp.xml', 'stmt', 7))
2023-12-27 22:51:16,303	[INFO]	5       TEST_CODE_ERROR       None  [1 edit(s)]       
2023-12-27 22:51:17,088	[DEBUG]	DeclStmtReplacement(('triangle.cpp.xml', 'decl_stmt', 1), ('triangle.cpp.xml', 'stmt', 11))
2023-12-27 22:51:17,088	[INFO]	6       COMPILE_CODE_ERROR    None  [1 edit(s)]       
2023-12-27 22:51:19,491	[DEBUG]	IfReplacement(('triangle.cpp.xml', 'if', 2), ('triangle.cpp.xml', 'stmt', 7))
2023-12-27 22:51:19,491	[INFO]	7       TEST_CODE_ERROR       None  [1 edit(s)]       
2023-12-27 22:51:22,346	[DEBUG]	EXEC>  SUCCESS 1204241
2023-12-27 22:51:22,347	[DEBUG]	DeclStmtReplacement(('triangle.cpp.xml', 'decl_stmt', 1), ('triangle.cpp.xml', 'stmt', 1))
2023-12-27 22:51:22,347	[INFO]	8       SUCCESS               1204241 (100.0%) [1 edit(s)] 
2023-12-27 22:51:23,207	[DEBUG]	DeclStmtReplacement(('triangle.cpp.xml', 'decl_stmt', 1), ('triangle.cpp.xml', 'stmt', 7))
2023-12-27 22:51:23,207	[INFO]	9       COMPILE_CODE_ERROR    None  [1 edit(s)]       
2023-12-27 22:51:23,781	[DEBUG]	DeclStmtReplacement(('triangle.cpp.xml', 'decl_stmt', 1), ('triangle.cpp.xml', 'stmt', 11))
2023-12-27 22:51:23,782	[INFO]	10      COMPILE_CODE_ERROR    None  [1 edit(s)]       
2023-12-27 22:51:24,414	[DEBUG]	DeclStmtReplacement(('triangle.cpp.xml', 'decl_stmt', 1), ('triangle.cpp.xml', 'stmt', 15))
2023-12-27 22:51:24,415	[INFO]	11      COMPILE_CODE_ERROR    None  [1 edit(s)]       
2023-12-27 22:51:25,067	[DEBUG]	DeclStmtReplacement(('triangle.cpp.xml', 'decl_stmt', 1), ('triangle.cpp.xml', 'stmt', 13))
2023-12-27 22:51:25,067	[INFO]	12      COMPILE_CODE_ERROR    None  [1 edit(s)]       
2023-12-27 22:51:25,645	[DEBUG]	DeclStmtReplacement(('triangle.cpp.xml', 'decl_stmt', 1), ('triangle.cpp.xml', 'stmt', 19))
2023-12-27 22:51:25,646	[INFO]	13      COMPILE_CODE_ERROR    None  [1 edit(s)]       
2023-12-27 22:51:25,652	[DEBUG]	DeclStmtReplacement(('triangle.cpp.xml', 'decl_stmt', 0), ('triangle.cpp.xml', 'stmt', 0))
2023-12-27 22:51:25,652	[INFO]	14      SUCCESS               1204241 (100.0%) [1 edit(s)] 
2023-12-27 22:51:26,242	[DEBUG]	DeclStmtReplacement(('triangle.cpp.xml', 'decl_stmt', 1), ('triangle.cpp.xml', 'stmt', 20))
2023-12-27 22:51:26,242	[INFO]	15      COMPILE_CODE_ERROR    None  [1 edit(s)]       
2023-12-27 22:51:28,763	[DEBUG]	ExprStmtReplacement(('triangle.cpp.xml', 'expr_stmt', 5), ('triangle.cpp.xml', 'stmt', 0))
2023-12-27 22:51:28,764	[INFO]	16      TEST_CODE_ERROR       None  [1 edit(s)]       
2023-12-27 22:51:29,554	[DEBUG]	DeclStmtReplacement(('triangle.cpp.xml', 'decl_stmt', 0), ('triangle.cpp.xml', 'stmt', 12))
2023-12-27 22:51:29,555	[INFO]	17      COMPILE_CODE_ERROR    None  [1 edit(s)]       
2023-12-27 22:51:30,122	[DEBUG]	DeclStmtReplacement(('triangle.cpp.xml', 'decl_stmt', 1), ('triangle.cpp.xml', 'stmt', 6))
2023-12-27 22:51:30,123	[INFO]	18      COMPILE_CODE_ERROR    None  [1 edit(s)]       
2023-12-27 22:51:32,759	[DEBUG]	EXEC>  SUCCESS 1204242
2023-12-27 22:51:32,760	[DEBUG]	DeclStmtInsertion(('triangle.cpp.xml', '_inter_block', 26), ('triangle.cpp.xml', 'decl_stmt', 1))
2023-12-27 22:51:32,760	[INFO]	19      SUCCESS               1204242 (100.0%) [1 edit(s)] 
2023-12-27 22:51:33,501	[DEBUG]	DeclStmtInsertion(('triangle.cpp.xml', '_inter_block', 8), ('triangle.cpp.xml', 'decl_stmt', 1))
2023-12-27 22:51:33,501	[INFO]	20      COMPILE_CODE_ERROR    None  [1 edit(s)]       
2023-12-27 22:51:34,041	[DEBUG]	DeclStmtInsertion(('triangle.cpp.xml', '_inter_block', 2), ('triangle.cpp.xml', 'decl_stmt', 0))
2023-12-27 22:51:34,042	[INFO]	21      COMPILE_CODE_ERROR   +None  [1 edit(s)]       
2023-12-27 22:51:34,043	[DEBUG]	--- before: triangle.cpp
+++ after: triangle.cpp
@@ -2,7 +2,8 @@
 
 void delay() {
   const struct timespec ms = {0, (long int) (0.001*1e9)}; //tv_sec=0, tv_nsec (0.001 seconds)
-  nanosleep(&ms,NULL); /*ignores possible errors*/
+  nanosleep(&ms,NULL);
+  const struct timespec ms = {0, (long int) (0.001*1e9)}; /*ignores possible errors*/
 }
 
 int classify_triangle(double a, double b, double c) {

2023-12-27 22:51:36,714	[DEBUG]	EXEC>  SUCCESS 1291377
2023-12-27 22:51:36,714	[DEBUG]	ExprStmtInsertion(('triangle.cpp.xml', '_inter_block', 17), ('triangle.cpp.xml', 'expr_stmt', 4))
2023-12-27 22:51:36,715	[INFO]	22      SUCCESS              +1291377 (107.24%) [1 edit(s)] 
2023-12-27 22:51:36,716	[DEBUG]	--- before: triangle.cpp
+++ after: triangle.cpp
@@ -14,6 +14,7 @@
   if(a > b) {
     tmp = a;
     a = b;
+    b = tmp;
     b = tmp;
   }
 

2023-12-27 22:51:37,447	[DEBUG]	ExprStmtInsertion(('triangle.cpp.xml', '_inter_block', 15), ('triangle.cpp.xml', 'expr_stmt', 0))
2023-12-27 22:51:37,447	[INFO]	23      COMPILE_CODE_ERROR   +None  [1 edit(s)]       
2023-12-27 22:51:37,449	[DEBUG]	--- before: triangle.cpp
+++ after: triangle.cpp
@@ -13,6 +13,7 @@
   // Sort the sides so that a <= b <= c
   if(a > b) {
     tmp = a;
+    nanosleep(&ms,NULL);
     a = b;
     b = tmp;
   }

2023-12-27 22:51:40,135	[DEBUG]	EXEC>  SUCCESS 1204294
2023-12-27 22:51:40,136	[DEBUG]	ExprStmtInsertion(('triangle.cpp.xml', '_inter_block', 11), ('triangle.cpp.xml', 'expr_stmt', 8))
2023-12-27 22:51:40,136	[INFO]	24      SUCCESS              +1204294 (100.0%) [1 edit(s)] 
2023-12-27 22:51:40,138	[DEBUG]	--- before: triangle.cpp
+++ after: triangle.cpp
@@ -37,6 +37,7 @@
     /*auto*/{
       return EQUILATERAL;
     }/*auto*/
+  tmp = b;
   if(a == b || b == c)
     /*auto*/{
       return ISOSCELES;

2023-12-27 22:51:42,787	[DEBUG]	ExprStmtInsertion(('triangle.cpp.xml', '_inter_block', 23), ('triangle.cpp.xml', 'expr_stmt', 3))
2023-12-27 22:51:42,788	[INFO]	25      TEST_CODE_ERROR      +None  [1 edit(s)]       
2023-12-27 22:51:42,790	[DEBUG]	--- before: triangle.cpp
+++ after: triangle.cpp
@@ -25,6 +25,7 @@
 
   if(b > c) {
     tmp = b;
+    a = b;
     b = c;
     c = tmp;
   }

2023-12-27 22:51:45,398	[DEBUG]	ReturnReplacement(('triangle.cpp.xml', 'return', 3), ('triangle.cpp.xml', 'stmt', 9))
2023-12-27 22:51:45,399	[INFO]	26      TEST_CODE_ERROR      +None  [1 edit(s)]       
2023-12-27 22:51:45,401	[DEBUG]	--- before: triangle.cpp
+++ after: triangle.cpp
@@ -41,5 +41,5 @@
     /*auto*/{
       return ISOSCELES;
     }/*auto*/
-  return SCALENE;
+  c = tmp;
 }

2023-12-27 22:51:46,131	[DEBUG]	ExprStmtInsertion(('triangle.cpp.xml', '_inter_block', 26), ('triangle.cpp.xml', 'expr_stmt', 0))
2023-12-27 22:51:46,131	[INFO]	27      COMPILE_CODE_ERROR   +None  [1 edit(s)]       
2023-12-27 22:51:46,133	[DEBUG]	--- before: triangle.cpp
+++ after: triangle.cpp
@@ -31,6 +31,7 @@
 
   if(a + b <= c)
     /*auto*/{
+      nanosleep(&ms,NULL);
       return INVALID;
     }/*auto*/
   if(a == b && b == c)

2023-12-27 22:51:48,769	[DEBUG]	EXEC>  SUCCESS 1307319
2023-12-27 22:51:48,770	[DEBUG]	ExprStmtInsertion(('triangle.cpp.xml', '_inter_block', 13), ('triangle.cpp.xml', 'expr_stmt', 10))
2023-12-27 22:51:48,770	[INFO]	28      SUCCESS              +1307319 (108.56%) [1 edit(s)] 
2023-12-27 22:51:48,772	[DEBUG]	--- before: triangle.cpp
+++ after: triangle.cpp
@@ -42,4 +42,5 @@
       return ISOSCELES;
     }/*auto*/
   return SCALENE;
+  c = tmp;
 }

2023-12-27 22:51:51,701	[DEBUG]	EXEC>  SUCCESS 1300891
2023-12-27 22:51:51,701	[DEBUG]	ExprStmtInsertion(('triangle.cpp.xml', '_inter_block', 7), ('triangle.cpp.xml', 'expr_stmt', 8))
2023-12-27 22:51:51,701	[INFO]	29      SUCCESS              +1300891 (108.03%) [1 edit(s)] 
2023-12-27 22:51:51,703	[DEBUG]	--- before: triangle.cpp
+++ after: triangle.cpp
@@ -16,6 +16,7 @@
     a = b;
     b = tmp;
   }
+  tmp = b;
 
   if(a > c) {
     tmp = a;

2023-12-27 22:51:54,285	[DEBUG]	ExprStmtInsertion(('triangle.cpp.xml', '_inter_block', 22), ('triangle.cpp.xml', 'expr_stmt', 7))
2023-12-27 22:51:54,286	[INFO]	30      TEST_CODE_ERROR      +None  [1 edit(s)]       
2023-12-27 22:51:54,288	[DEBUG]	--- before: triangle.cpp
+++ after: triangle.cpp
@@ -24,6 +24,7 @@
   }
 
   if(b > c) {
+    c = tmp;
     tmp = b;
     b = c;
     c = tmp;

2023-12-27 22:51:57,144	[DEBUG]	EXEC>  SUCCESS 1223554
2023-12-27 22:51:57,144	[DEBUG]	ExprStmtInsertion(('triangle.cpp.xml', '_inter_block', 17), ('triangle.cpp.xml', 'expr_stmt', 8))
2023-12-27 22:51:57,144	[INFO]	31      SUCCESS              +1223554 (101.6%) [1 edit(s)] 
2023-12-27 22:51:57,146	[DEBUG]	--- before: triangle.cpp
+++ after: triangle.cpp
@@ -15,6 +15,7 @@
     tmp = a;
     a = b;
     b = tmp;
+    tmp = b;
   }
 
   if(a > c) {

2023-12-27 22:52:00,124	[DEBUG]	EXEC>  SUCCESS 1204269
2023-12-27 22:52:00,125	[DEBUG]	ExprStmtInsertion(('triangle.cpp.xml', '_inter_block', 18), ('triangle.cpp.xml', 'expr_stmt', 8))
2023-12-27 22:52:00,126	[INFO]	32      SUCCESS              +1204269 (100.0%) [1 edit(s)] 
2023-12-27 22:52:00,128	[DEBUG]	--- before: triangle.cpp
+++ after: triangle.cpp
@@ -18,6 +18,7 @@
   }
 
   if(a > c) {
+    tmp = b;
     tmp = a;
     a = c;
     c = tmp;

2023-12-27 22:52:02,905	[DEBUG]	EXEC>  SUCCESS 1800496
2023-12-27 22:52:02,906	[DEBUG]	ExprStmtInsertion(('triangle.cpp.xml', '_inter_block', 20), ('triangle.cpp.xml', 'expr_stmt', 10))
2023-12-27 22:52:02,906	[INFO]	33      SUCCESS              +1800496 (149.51%) [1 edit(s)] 
2023-12-27 22:52:02,908	[DEBUG]	--- before: triangle.cpp
+++ after: triangle.cpp
@@ -21,6 +21,7 @@
     tmp = a;
     a = c;
     c = tmp;
+    c = tmp;
   }
 
   if(b > c) {

2023-12-27 22:52:05,612	[DEBUG]	EXEC>  SUCCESS 1204240
2023-12-27 22:52:05,613	[DEBUG]	ExprStmtInsertion(('triangle.cpp.xml', '_inter_block', 13), ('triangle.cpp.xml', 'expr_stmt', 3))
2023-12-27 22:52:05,613	[INFO]	34      SUCCESS              +1204240 (100.0%) [1 edit(s)] 
2023-12-27 22:52:05,616	[DEBUG]	--- before: triangle.cpp
+++ after: triangle.cpp
@@ -42,4 +42,5 @@
       return ISOSCELES;
     }/*auto*/
   return SCALENE;
+  a = b;
 }

2023-12-27 22:52:06,423	[DEBUG]	ExprStmtInsertion(('triangle.cpp.xml', '_inter_block', 13), ('triangle.cpp.xml', 'expr_stmt', 3)) | DeclStmtDeletion(('triangle.cpp.xml', 'decl_stmt', 1))
2023-12-27 22:52:06,424	[INFO]	35      COMPILE_CODE_ERROR    None  [2 edit(s)]       
2023-12-27 22:52:06,931	[DEBUG]	ExprStmtInsertion(('triangle.cpp.xml', '_inter_block', 13), ('triangle.cpp.xml', 'expr_stmt', 3)) | DeclStmtReplacement(('triangle.cpp.xml', 'decl_stmt', 0), ('triangle.cpp.xml', 'stmt', 15))
2023-12-27 22:52:06,931	[INFO]	36      COMPILE_CODE_ERROR    None  [2 edit(s)]       
2023-12-27 22:52:09,437	[DEBUG]	ExprStmtInsertion(('triangle.cpp.xml', '_inter_block', 13), ('triangle.cpp.xml', 'expr_stmt', 3)) | ExprStmtReplacement(('triangle.cpp.xml', 'expr_stmt', 5), ('triangle.cpp.xml', 'stmt', 10))
2023-12-27 22:52:09,438	[INFO]	37      TEST_CODE_ERROR       None  [2 edit(s)]       
2023-12-27 22:52:12,186	[DEBUG]	EXEC>  SUCCESS 1204367
2023-12-27 22:52:12,186	[DEBUG]	ExprStmtInsertion(('triangle.cpp.xml', '_inter_block', 13), ('triangle.cpp.xml', 'expr_stmt', 3)) | ExprStmtInsertion(('triangle.cpp.xml', '_inter_block', 7), ('triangle.cpp.xml', 'expr_stmt', 2))
2023-12-27 22:52:12,187	[INFO]	38      SUCCESS               1204367 (100.01%) [2 edit(s)] 
2023-12-27 22:52:12,188	[INFO]	==== END ====
2023-12-27 22:52:12,189	[INFO]	
2023-12-27 22:52:12,190	[INFO]	==== REPORT ====
2023-12-27 22:52:12,191	[INFO]	Termination: time budget
2023-12-27 22:52:12,192	[INFO]	Log file: /cs/student/ug/2020/damibose/projects/magpie/_magpie_logs/triangle-cpp_slow_1703717466.log
