2023-12-27 22:50:52,734	[DEBUG]	==== CONFIG ====
[magpie]
import = 
seed = 10
log_dir = _magpie_logs
work_dir = _magpie_work
final_out_dir = experiments/results/BestImprovementNoTabu/baseline/trial_10
local_original_copy = True
local_original_name = __original__
output_encoding = ascii
edit_retries = 10
default_timeout = 30
default_lengthout = 10000.0
diff_method = unified
trust_local_filesystem = True

[software]
path = examples/code/triangle-cpp_slow
target_files = 
	triangle.cpp.xml
program = BasicProgram
engine_rules = 
	*.params : ConfigFileParamsEngine
	*.xml : SrcmlEngine
	* : LineEngine
engine_config = 
	*.params : [params]
	*.xml : [srcml]
init_cmd = 
init_timeout = 60
init_lengthout = -1
setup_cmd = ./setup.sh
setup_timeout = 
setup_lengthout = 
compile_cmd = ./compile.sh
compile_timeout = 
compile_lengthout = 
test_cmd = ./build/test_triangle
test_timeout = 
test_lengthout = 
run_cmd = perf stat ./build/run_triangle
run_timeout = 1
run_lengthout = 
batch_timeout = 
batch_lengthout = 
batch_bin_fitness_strategy = aggregate
batch_fitness_strategy = sum
fitness = perf_instructions

[srcml]
rename = 
focus = block break continue decl_stmt do expr_stmt for goto if return switch while
internodes = block
process_pseudo_blocks = True
process_literals = False
process_operators = False

[params]
timing = test run
cli_prefix = --
cli_glue = =
cli_boolean = show
cli_boolean_prefix_true = 
cli_boolean_prefix_false = no-
silent_prefix = @
silent_suffix = $

[search]
protocol = BasicProtocol
algorithm = BestImprovementNoTabu
possible_edits = 
	DeclStmtReplacement
	ExprStmtReplacement
	IfReplacement
	ReturnReplacement
	DeclStmtInsertion
	ExprStmtInsertion
	IfInsertion
	ReturnInsertion
	DeclStmtDeletion
	ExprStmtDeletion
	IfDeletion
	ReturnDeletion
warmup = 5
warmup_strategy = last
max_steps = 100
max_time = 60
target_fitness = 
cache_maxsize = 40
cache_keep = 0.2
batch_instances = 
batch_shuffle = True
batch_bin_shuffle = False
batch_sample_size = 1
operator_selector = UniformSelector

[search.ls]
delete_prob = 0
max_neighbours = 20
when_trapped = continue
accept_fail = False
tabu_length = 10

[search.gp]
pop_size = 10
delete_prob = 0.5
offspring_elitism = 0.1
offspring_crossover = 0.5
offspring_mutation = 0.4
uniform_rate = 0.5
batch_reset = True

[search.minify]
do_cleanup = True
do_rebuild = True
do_simplify = True
round_robin_limit = 3


2023-12-27 22:50:52,743	[INFO]	==== WARMUP ====
2023-12-27 22:51:00,439	[DEBUG]	EXEC>  SUCCESS 1566529
2023-12-27 22:51:00,442	[INFO]	WARM    SUCCESS               1566529                 
2023-12-27 22:51:03,537	[DEBUG]	EXEC>  SUCCESS 1204240
2023-12-27 22:51:03,537	[INFO]	WARM    SUCCESS               1204240                 
2023-12-27 22:51:06,826	[DEBUG]	EXEC>  SUCCESS 1204242
2023-12-27 22:51:06,826	[INFO]	WARM    SUCCESS               1204242                 
2023-12-27 22:51:10,157	[DEBUG]	EXEC>  SUCCESS 1599120
2023-12-27 22:51:10,158	[INFO]	WARM    SUCCESS               1599120                 
2023-12-27 22:51:13,439	[DEBUG]	EXEC>  SUCCESS 1204238
2023-12-27 22:51:13,440	[INFO]	WARM    SUCCESS               1204238                 
2023-12-27 22:51:13,440	[INFO]	INITIAL SUCCESS               1204238                 
2023-12-27 22:51:13,441	[INFO]	==== START: BestImprovementNoTabu ====
2023-12-27 22:51:15,718	[DEBUG]	ExprStmtInsertion(('triangle.cpp.xml', '_inter_block', 24), ('triangle.cpp.xml', 'expr_stmt', 8))
2023-12-27 22:51:15,718	[INFO]	1       TEST_CODE_ERROR       None  [1 edit(s)]       
2023-12-27 22:51:18,524	[DEBUG]	EXEC>  SUCCESS 1227224
2023-12-27 22:51:18,525	[DEBUG]	DeclStmtInsertion(('triangle.cpp.xml', '_inter_block', 25), ('triangle.cpp.xml', 'decl_stmt', 0))
2023-12-27 22:51:18,525	[INFO]	2       SUCCESS               1227224 (101.91%) [1 edit(s)] 
2023-12-27 22:51:21,104	[DEBUG]	ReturnDeletion(('triangle.cpp.xml', 'return', 3))
2023-12-27 22:51:21,105	[INFO]	3       TEST_CODE_ERROR       None  [1 edit(s)]       
2023-12-27 22:51:21,974	[DEBUG]	DeclStmtDeletion(('triangle.cpp.xml', 'decl_stmt', 1))
2023-12-27 22:51:21,975	[INFO]	4       COMPILE_CODE_ERROR    None  [1 edit(s)]       
2023-12-27 22:51:24,696	[DEBUG]	EXEC>  SUCCESS 1203979
2023-12-27 22:51:24,696	[DEBUG]	IfDeletion(('triangle.cpp.xml', 'if', 1))
2023-12-27 22:51:24,697	[INFO]	5       SUCCESS              *1203979 (99.98%) [1 edit(s)] 
2023-12-27 22:51:24,698	[DEBUG]	--- before: triangle.cpp
+++ after: triangle.cpp
@@ -17,11 +17,7 @@
     b = tmp;
   }
 
-  if(a > c) {
-    tmp = a;
-    a = c;
-    c = tmp;
-  }
+  
 
   if(b > c) {
     tmp = b;

2023-12-27 22:51:25,529	[DEBUG]	IfInsertion(('triangle.cpp.xml', '_inter_block', 2), ('triangle.cpp.xml', 'if', 4))
2023-12-27 22:51:25,530	[INFO]	6       COMPILE_CODE_ERROR    None  [1 edit(s)]       
2023-12-27 22:51:26,163	[DEBUG]	DeclStmtDeletion(('triangle.cpp.xml', 'decl_stmt', 0))
2023-12-27 22:51:26,163	[INFO]	7       COMPILE_CODE_ERROR    None  [1 edit(s)]       
2023-12-27 22:51:28,657	[DEBUG]	IfDeletion(('triangle.cpp.xml', 'if', 2))
2023-12-27 22:51:28,657	[INFO]	8       TEST_CODE_ERROR       None  [1 edit(s)]       
2023-12-27 22:51:31,215	[DEBUG]	ReturnDeletion(('triangle.cpp.xml', 'return', 1))
2023-12-27 22:51:31,215	[INFO]	9       TEST_CODE_ERROR       None  [1 edit(s)]       
2023-12-27 22:51:31,988	[DEBUG]	DeclStmtReplacement(('triangle.cpp.xml', 'decl_stmt', 0), ('triangle.cpp.xml', 'stmt', 11))
2023-12-27 22:51:31,988	[INFO]	10      COMPILE_CODE_ERROR    None  [1 edit(s)]       
2023-12-27 22:51:32,596	[DEBUG]	DeclStmtDeletion(('triangle.cpp.xml', 'decl_stmt', 0))
2023-12-27 22:51:32,596	[INFO]	11      COMPILE_CODE_ERROR    None  [1 edit(s)]       
2023-12-27 22:51:35,129	[DEBUG]	ReturnDeletion(('triangle.cpp.xml', 'return', 3))
2023-12-27 22:51:35,130	[INFO]	12      TEST_CODE_ERROR       None  [1 edit(s)]       
2023-12-27 22:51:35,818	[DEBUG]	DeclStmtDeletion(('triangle.cpp.xml', 'decl_stmt', 0))
2023-12-27 22:51:35,819	[INFO]	13      COMPILE_CODE_ERROR    None  [1 edit(s)]       
2023-12-27 22:51:38,318	[DEBUG]	ExprStmtDeletion(('triangle.cpp.xml', 'expr_stmt', 7))
2023-12-27 22:51:38,319	[INFO]	14      TEST_CODE_ERROR       None  [1 edit(s)]       
2023-12-27 22:51:41,200	[DEBUG]	EXEC>  SUCCESS 1623769
2023-12-27 22:51:41,200	[DEBUG]	ExprStmtInsertion(('triangle.cpp.xml', '_inter_block', 17), ('triangle.cpp.xml', 'expr_stmt', 4))
2023-12-27 22:51:41,200	[INFO]	15      SUCCESS               1623769 (134.84%) [1 edit(s)] 
2023-12-27 22:51:43,912	[DEBUG]	IfReplacement(('triangle.cpp.xml', 'if', 4), ('triangle.cpp.xml', 'stmt', 9))
2023-12-27 22:51:43,913	[INFO]	16      TEST_CODE_ERROR       None  [1 edit(s)]       
2023-12-27 22:51:46,368	[DEBUG]	IfInsertion(('triangle.cpp.xml', '_inter_block', 16), ('triangle.cpp.xml', 'if', 5))
2023-12-27 22:51:46,368	[INFO]	17      TEST_CODE_ERROR       None  [1 edit(s)]       
2023-12-27 22:51:49,251	[DEBUG]	EXEC>  SUCCESS 1204265
2023-12-27 22:51:49,252	[DEBUG]	ExprStmtInsertion(('triangle.cpp.xml', '_inter_block', 30), ('triangle.cpp.xml', 'expr_stmt', 10))
2023-12-27 22:51:49,252	[INFO]	18      SUCCESS               1204265 (100.0%) [1 edit(s)] 
2023-12-27 22:51:51,910	[DEBUG]	ReturnDeletion(('triangle.cpp.xml', 'return', 3))
2023-12-27 22:51:51,911	[INFO]	19      TEST_CODE_ERROR       None  [1 edit(s)]       
2023-12-27 22:51:54,468	[DEBUG]	ReturnDeletion(('triangle.cpp.xml', 'return', 1))
2023-12-27 22:51:54,469	[INFO]	20      TEST_CODE_ERROR       None  [1 edit(s)]       
2023-12-27 22:51:57,077	[DEBUG]	ExprStmtDeletion(('triangle.cpp.xml', 'expr_stmt', 6))
2023-12-27 22:51:57,078	[INFO]	21      TEST_CODE_ERROR      +None  [1 edit(s)]       
2023-12-27 22:51:57,079	[DEBUG]	--- before: triangle.cpp
+++ after: triangle.cpp
@@ -19,7 +19,7 @@
 
   if(a > c) {
     tmp = a;
-    a = c;
+    
     c = tmp;
   }
 

2023-12-27 22:51:59,744	[DEBUG]	IfDeletion(('triangle.cpp.xml', 'if', 1)) | IfDeletion(('triangle.cpp.xml', 'if', 3))
2023-12-27 22:51:59,744	[INFO]	22      TEST_CODE_ERROR       None  [2 edit(s)]       
2023-12-27 22:52:02,296	[DEBUG]	IfDeletion(('triangle.cpp.xml', 'if', 1)) | ExprStmtDeletion(('triangle.cpp.xml', 'expr_stmt', 2))
2023-12-27 22:52:02,297	[INFO]	23      TEST_CODE_ERROR       None  [2 edit(s)]       
2023-12-27 22:52:05,147	[DEBUG]	EXEC>  SUCCESS 1379989
2023-12-27 22:52:05,148	[DEBUG]	IfDeletion(('triangle.cpp.xml', 'if', 1)) | DeclStmtInsertion(('triangle.cpp.xml', '_inter_block', 30), ('triangle.cpp.xml', 'decl_stmt', 0))
2023-12-27 22:52:05,148	[INFO]	24      SUCCESS               1379989 (114.59%) [2 edit(s)] 
2023-12-27 22:52:07,929	[DEBUG]	EXEC>  SUCCESS 1203978
2023-12-27 22:52:07,929	[DEBUG]	IfDeletion(('triangle.cpp.xml', 'if', 1)) | ExprStmtInsertion(('triangle.cpp.xml', '_inter_block', 31), ('triangle.cpp.xml', 'expr_stmt', 6))
2023-12-27 22:52:07,929	[INFO]	25      SUCCESS              *1203978 (99.98%) [2 edit(s)] 
2023-12-27 22:52:07,931	[DEBUG]	--- before: triangle.cpp
+++ after: triangle.cpp
@@ -17,11 +17,7 @@
     b = tmp;
   }
 
-  if(a > c) {
-    tmp = a;
-    a = c;
-    c = tmp;
-  }
+  
 
   if(b > c) {
     tmp = b;
@@ -40,6 +36,7 @@
   if(a == b || b == c)
     /*auto*/{
       return ISOSCELES;
+      a = c;
     }/*auto*/
   return SCALENE;
 }

2023-12-27 22:52:10,636	[DEBUG]	IfDeletion(('triangle.cpp.xml', 'if', 1)) | IfReplacement(('triangle.cpp.xml', 'if', 5), ('triangle.cpp.xml', 'stmt', 9))
2023-12-27 22:52:10,637	[INFO]	26      TEST_CODE_ERROR       None  [2 edit(s)]       
2023-12-27 22:52:10,639	[DEBUG]	IfDeletion(('triangle.cpp.xml', 'if', 1)) | ReturnInsertion(('triangle.cpp.xml', '_inter_block', 21), ('triangle.cpp.xml', 'return', 2))
2023-12-27 22:52:10,639	[INFO]	27      SUCCESS               1203979 (99.98%) [2 edit(s)] 
2023-12-27 22:52:13,191	[DEBUG]	IfDeletion(('triangle.cpp.xml', 'if', 1)) | ReturnDeletion(('triangle.cpp.xml', 'return', 3))
2023-12-27 22:52:13,191	[INFO]	28      TEST_CODE_ERROR       None  [2 edit(s)]       
2023-12-27 22:52:13,697	[DEBUG]	IfDeletion(('triangle.cpp.xml', 'if', 1)) | ReturnInsertion(('triangle.cpp.xml', '_inter_block', 2), ('triangle.cpp.xml', 'return', 1))
2023-12-27 22:52:13,697	[INFO]	29      COMPILE_CODE_ERROR    None  [2 edit(s)]       
2023-12-27 22:52:13,699	[INFO]	==== END ====
2023-12-27 22:52:13,699	[INFO]	
2023-12-27 22:52:13,699	[INFO]	==== REPORT ====
2023-12-27 22:52:13,699	[INFO]	Termination: time budget
2023-12-27 22:52:13,699	[INFO]	Log file: /cs/student/ug/2020/damibose/projects/magpie/_magpie_logs/triangle-cpp_slow_1703717475.log
2023-12-27 22:52:13,700	[INFO]	Patch file: _magpie_logs/triangle-cpp_slow_1703717475.patch
2023-12-27 22:52:13,700	[INFO]	Diff file: _magpie_logs/triangle-cpp_slow_1703717475.diff
2023-12-27 22:52:13,700	[INFO]	Best fitness: 1203978
2023-12-27 22:52:13,700	[INFO]	Best patch: IfDeletion(('triangle.cpp.xml', 'if', 1)) | ExprStmtInsertion(('triangle.cpp.xml', '_inter_block', 31), ('triangle.cpp.xml', 'expr_stmt', 6))
2023-12-27 22:52:13,701	[INFO]	Diff:
--- before: triangle.cpp
+++ after: triangle.cpp
@@ -17,11 +17,7 @@
     b = tmp;
   }
 
-  if(a > c) {
-    tmp = a;
-    a = c;
-    c = tmp;
-  }
+  
 
   if(b > c) {
     tmp = b;
@@ -40,6 +36,7 @@
   if(a == b || b == c)
     /*auto*/{
       return ISOSCELES;
+      a = c;
     }/*auto*/
   return SCALENE;
 }

