2023-12-15 03:18:32,767	[DEBUG]	==== CONFIG ====
[magpie]
import = 
seed = 7
log_dir = _magpie_logs
work_dir = _magpie_work
final_out_dir = experiments/results_e_greedy_proof_of_concept/epsilon_greedy/RandomSearch/trial_7
local_original_copy = True
local_original_name = __original__
output_encoding = ascii
edit_retries = 10
default_timeout = 30
default_lengthout = 10000.0
diff_method = unified
trust_local_filesystem = True

[software]
path = examples/code/triangle-cpp_slow
target_files = 
	triangle.cpp.xml
program = BasicProgram
engine_rules = 
	*.params : ConfigFileParamsEngine
	*.xml : SrcmlEngine
	* : LineEngine
engine_config = 
	*.params : [params]
	*.xml : [srcml]
init_cmd = 
init_timeout = 60
init_lengthout = -1
setup_cmd = ./setup.sh
setup_timeout = 
setup_lengthout = 
compile_cmd = ./compile.sh
compile_timeout = 
compile_lengthout = 
test_cmd = ./build/test_triangle
test_timeout = 
test_lengthout = 
run_cmd = perf stat ./build/run_triangle
run_timeout = 1
run_lengthout = 
batch_timeout = 
batch_lengthout = 
batch_bin_fitness_strategy = aggregate
batch_fitness_strategy = sum
fitness = perf_instructions

[srcml]
rename = 
focus = block break continue decl_stmt do expr_stmt for goto if return switch while
internodes = block
process_pseudo_blocks = True
process_literals = False
process_operators = False

[params]
timing = test run
cli_prefix = --
cli_glue = =
cli_boolean = show
cli_boolean_prefix_true = 
cli_boolean_prefix_false = no-
silent_prefix = @
silent_suffix = $

[search]
protocol = BasicProtocol
algorithm = RandomSearch
possible_edits = 
	DeclStmtReplacement
	ExprStmtReplacement
	IfReplacement
	ReturnReplacement
	DeclStmtInsertion
	ExprStmtInsertion
	IfInsertion
	ReturnInsertion
	DeclStmtDeletion
	ExprStmtDeletion
	IfDeletion
	ReturnDeletion
warmup = 5
warmup_strategy = last
max_steps = 100
max_time = 60
target_fitness = 
cache_maxsize = 40
cache_keep = 0.2
batch_instances = 
batch_shuffle = True
batch_bin_shuffle = False
batch_sample_size = 1
operator_selector = EpsilonGreedy
epsilon = 0.2

[search.ls]
delete_prob = 0
max_neighbours = 20
when_trapped = continue
accept_fail = False
tabu_length = 10

[search.gp]
pop_size = 10
delete_prob = 0.5
offspring_elitism = 0.1
offspring_crossover = 0.5
offspring_mutation = 0.4
uniform_rate = 0.5
batch_reset = True

[search.minify]
do_cleanup = True
do_rebuild = True
do_simplify = True
round_robin_limit = 3


2023-12-15 03:18:32,773	[INFO]	==== WARMUP ====
2023-12-15 03:18:35,486	[DEBUG]	EXEC>  SUCCESS 1204239
2023-12-15 03:18:35,486	[INFO]	WARM    SUCCESS               1204239                 
2023-12-15 03:18:36,466	[DEBUG]	EXEC>  SUCCESS 1204240
2023-12-15 03:18:36,466	[INFO]	WARM    SUCCESS               1204240                 
2023-12-15 03:18:37,477	[DEBUG]	EXEC>  SUCCESS 1204239
2023-12-15 03:18:37,477	[INFO]	WARM    SUCCESS               1204239                 
2023-12-15 03:18:38,442	[DEBUG]	EXEC>  SUCCESS 1204240
2023-12-15 03:18:38,442	[INFO]	WARM    SUCCESS               1204240                 
2023-12-15 03:18:39,422	[DEBUG]	EXEC>  SUCCESS 1204240
2023-12-15 03:18:39,422	[INFO]	WARM    SUCCESS               1204240                 
2023-12-15 03:18:39,423	[INFO]	INITIAL SUCCESS               1204240                 
2023-12-15 03:18:39,423	[INFO]	==== START: RandomSearch ====
2023-12-15 03:18:39,576	[DEBUG]	DeclStmtReplacement(('triangle.cpp.xml', 'decl_stmt', 0), ('triangle.cpp.xml', 'stmt', 20))
2023-12-15 03:18:39,577	[INFO]	1       COMPILE_CODE_ERROR    None  [1 edit(s)]       
2023-12-15 03:18:40,546	[DEBUG]	EXEC>  SUCCESS 1204427
2023-12-15 03:18:40,546	[DEBUG]	IfInsertion(('triangle.cpp.xml', '_inter_block', 9), ('triangle.cpp.xml', 'if', 2))
2023-12-15 03:18:40,547	[INFO]	2       SUCCESS               1204427 (100.02%) [1 edit(s)] 
2023-12-15 03:18:41,383	[DEBUG]	ExprStmtReplacement(('triangle.cpp.xml', 'expr_stmt', 8), ('triangle.cpp.xml', 'stmt', 7))
2023-12-15 03:18:41,383	[INFO]	3       TEST_CODE_ERROR       None  [1 edit(s)]       
2023-12-15 03:18:42,174	[DEBUG]	IfReplacement(('triangle.cpp.xml', 'if', 2), ('triangle.cpp.xml', 'stmt', 11))
2023-12-15 03:18:42,175	[INFO]	4       TEST_CODE_ERROR       None  [1 edit(s)]       
2023-12-15 03:18:42,971	[DEBUG]	ReturnReplacement(('triangle.cpp.xml', 'return', 3), ('triangle.cpp.xml', 'stmt', 13))
2023-12-15 03:18:42,971	[INFO]	5       TEST_CODE_ERROR       None  [1 edit(s)]       
2023-12-15 03:18:43,939	[DEBUG]	EXEC>  SUCCESS 1204299
2023-12-15 03:18:43,940	[DEBUG]	DeclStmtInsertion(('triangle.cpp.xml', '_inter_block', 24), ('triangle.cpp.xml', 'decl_stmt', 0))
2023-12-15 03:18:43,941	[INFO]	6       SUCCESS               1204299 (100.0%) [1 edit(s)] 
2023-12-15 03:18:44,957	[DEBUG]	EXEC>  SUCCESS 1204299
2023-12-15 03:18:44,958	[DEBUG]	ExprStmtInsertion(('triangle.cpp.xml', '_inter_block', 23), ('triangle.cpp.xml', 'expr_stmt', 8))
2023-12-15 03:18:44,958	[INFO]	7       SUCCESS               1204299 (100.0%) [1 edit(s)] 
2023-12-15 03:18:45,779	[DEBUG]	ReturnInsertion(('triangle.cpp.xml', '_inter_block', 19), ('triangle.cpp.xml', 'return', 0))
2023-12-15 03:18:45,779	[INFO]	8       TEST_CODE_ERROR       None  [1 edit(s)]       
2023-12-15 03:18:45,931	[DEBUG]	DeclStmtDeletion(('triangle.cpp.xml', 'decl_stmt', 1))
2023-12-15 03:18:45,932	[INFO]	9       COMPILE_CODE_ERROR    None  [1 edit(s)]       
2023-12-15 03:18:46,731	[DEBUG]	ExprStmtDeletion(('triangle.cpp.xml', 'expr_stmt', 3))
2023-12-15 03:18:46,732	[INFO]	10      TEST_CODE_ERROR       None  [1 edit(s)]       
2023-12-15 03:18:47,538	[DEBUG]	IfDeletion(('triangle.cpp.xml', 'if', 4))
2023-12-15 03:18:47,538	[INFO]	11      TEST_CODE_ERROR       None  [1 edit(s)]       
2023-12-15 03:18:48,362	[DEBUG]	ReturnDeletion(('triangle.cpp.xml', 'return', 0))
2023-12-15 03:18:48,362	[INFO]	12      TEST_CODE_ERROR       None  [1 edit(s)]       
2023-12-15 03:18:49,162	[DEBUG]	ExprStmtReplacement(('triangle.cpp.xml', 'expr_stmt', 7), ('triangle.cpp.xml', 'stmt', 6))
2023-12-15 03:18:49,163	[INFO]	13      TEST_CODE_ERROR       None  [1 edit(s)]       
2023-12-15 03:18:49,165	[DEBUG]	DeclStmtInsertion(('triangle.cpp.xml', '_inter_block', 24), ('triangle.cpp.xml', 'decl_stmt', 0))
2023-12-15 03:18:49,165	[INFO]	14      SUCCESS               1204299 (100.0%) [1 edit(s)] 
2023-12-15 03:18:50,176	[DEBUG]	EXEC>  SUCCESS 1496117
2023-12-15 03:18:50,176	[DEBUG]	DeclStmtInsertion(('triangle.cpp.xml', '_inter_block', 27), ('triangle.cpp.xml', 'decl_stmt', 0))
2023-12-15 03:18:50,177	[INFO]	15      SUCCESS               1496117 (124.24%) [1 edit(s)] 
2023-12-15 03:18:51,157	[DEBUG]	EXEC>  SUCCESS 1204240
2023-12-15 03:18:51,158	[DEBUG]	ExprStmtInsertion(('triangle.cpp.xml', '_inter_block', 31), ('triangle.cpp.xml', 'expr_stmt', 3))
2023-12-15 03:18:51,159	[INFO]	16      SUCCESS               1204240 (100.0%) [1 edit(s)] 
2023-12-15 03:18:51,995	[DEBUG]	ExprStmtInsertion(('triangle.cpp.xml', '_inter_block', 18), ('triangle.cpp.xml', 'expr_stmt', 4))
2023-12-15 03:18:51,995	[INFO]	17      TEST_CODE_ERROR       None  [1 edit(s)]       
2023-12-15 03:18:52,791	[DEBUG]	IfReplacement(('triangle.cpp.xml', 'if', 3), ('triangle.cpp.xml', 'stmt', 17))
2023-12-15 03:18:52,791	[INFO]	18      TEST_CODE_ERROR       None  [1 edit(s)]       
2023-12-15 03:18:52,939	[DEBUG]	IfInsertion(('triangle.cpp.xml', '_inter_block', 0), ('triangle.cpp.xml', 'if', 5))
2023-12-15 03:18:52,939	[INFO]	19      COMPILE_CODE_ERROR    None  [1 edit(s)]       
2023-12-15 03:18:52,941	[DEBUG]	DeclStmtInsertion(('triangle.cpp.xml', '_inter_block', 27), ('triangle.cpp.xml', 'decl_stmt', 0))
2023-12-15 03:18:52,941	[INFO]	20      SUCCESS               1496117 (124.24%) [1 edit(s)] 
2023-12-15 03:18:53,925	[DEBUG]	EXEC>  SUCCESS 1204239
2023-12-15 03:18:53,925	[DEBUG]	DeclStmtInsertion(('triangle.cpp.xml', '_inter_block', 1), ('triangle.cpp.xml', 'decl_stmt', 1))
2023-12-15 03:18:53,926	[INFO]	21      SUCCESS              *1204239 (100.0%) [1 edit(s)] 
2023-12-15 03:18:53,927	[DEBUG]	--- before: triangle.cpp
+++ after: triangle.cpp
@@ -1,7 +1,8 @@
 #include "triangle.hpp"
 
 void delay() {
-  const struct timespec ms = {0, (long int) (0.001*1e9)}; //tv_sec=0, tv_nsec (0.001 seconds)
+  const struct timespec ms = {0, (long int) (0.001*1e9)};
+  double tmp; //tv_sec=0, tv_nsec (0.001 seconds)
   nanosleep(&ms,NULL); /*ignores possible errors*/
 }
 

2023-12-15 03:18:54,863	[DEBUG]	EXEC>  SUCCESS 1204366
2023-12-15 03:18:54,863	[DEBUG]	DeclStmtInsertion(('triangle.cpp.xml', '_inter_block', 7), ('triangle.cpp.xml', 'decl_stmt', 0))
2023-12-15 03:18:54,864	[INFO]	22      SUCCESS               1204366 (100.01%) [1 edit(s)] 
2023-12-15 03:18:55,913	[DEBUG]	EXEC>  SUCCESS 1255708
2023-12-15 03:18:55,914	[DEBUG]	DeclStmtInsertion(('triangle.cpp.xml', '_inter_block', 5), ('triangle.cpp.xml', 'decl_stmt', 0))
2023-12-15 03:18:55,914	[INFO]	23      SUCCESS               1255708 (104.27%) [1 edit(s)] 
2023-12-15 03:18:56,891	[DEBUG]	EXEC>  SUCCESS 1204429
2023-12-15 03:18:56,892	[DEBUG]	IfInsertion(('triangle.cpp.xml', '_inter_block', 7), ('triangle.cpp.xml', 'if', 1))
2023-12-15 03:18:56,893	[INFO]	24      SUCCESS               1204429 (100.02%) [1 edit(s)] 
2023-12-15 03:18:57,906	[DEBUG]	EXEC>  SUCCESS 1204287
2023-12-15 03:18:57,907	[DEBUG]	DeclStmtInsertion(('triangle.cpp.xml', '_inter_block', 15), ('triangle.cpp.xml', 'decl_stmt', 0))
2023-12-15 03:18:57,907	[INFO]	25      SUCCESS               1204287 (100.0%) [1 edit(s)] 
2023-12-15 03:18:58,898	[DEBUG]	EXEC>  SUCCESS 1204289
2023-12-15 03:18:58,898	[DEBUG]	DeclStmtInsertion(('triangle.cpp.xml', '_inter_block', 14), ('triangle.cpp.xml', 'decl_stmt', 0))
2023-12-15 03:18:58,899	[INFO]	26      SUCCESS               1204289 (100.0%) [1 edit(s)] 
2023-12-15 03:18:59,936	[DEBUG]	EXEC>  SUCCESS 1204365
2023-12-15 03:18:59,936	[DEBUG]	DeclStmtInsertion(('triangle.cpp.xml', '_inter_block', 6), ('triangle.cpp.xml', 'decl_stmt', 0))
2023-12-15 03:18:59,937	[INFO]	27      SUCCESS               1204365 (100.01%) [1 edit(s)] 
2023-12-15 03:19:00,881	[DEBUG]	ReturnInsertion(('triangle.cpp.xml', '_inter_block', 10), ('triangle.cpp.xml', 'return', 1))
2023-12-15 03:19:00,882	[INFO]	28      TEST_CODE_ERROR       None  [1 edit(s)]       
2023-12-15 03:19:00,883	[DEBUG]	DeclStmtInsertion(('triangle.cpp.xml', '_inter_block', 6), ('triangle.cpp.xml', 'decl_stmt', 0))
2023-12-15 03:19:00,883	[INFO]	29      SUCCESS               1204365 (100.01%) [1 edit(s)] 
2023-12-15 03:19:01,021	[DEBUG]	DeclStmtInsertion(('triangle.cpp.xml', '_inter_block', 2), ('triangle.cpp.xml', 'decl_stmt', 0))
2023-12-15 03:19:01,022	[INFO]	30      COMPILE_CODE_ERROR    None  [1 edit(s)]       
2023-12-15 03:19:01,977	[DEBUG]	EXEC>  SUCCESS 1204239
2023-12-15 03:19:01,977	[DEBUG]	DeclStmtInsertion(('triangle.cpp.xml', '_inter_block', 31), ('triangle.cpp.xml', 'decl_stmt', 1))
2023-12-15 03:19:01,978	[INFO]	31      SUCCESS               1204239 (100.0%) [1 edit(s)] 
2023-12-15 03:19:02,108	[DEBUG]	DeclStmtInsertion(('triangle.cpp.xml', '_inter_block', 8), ('triangle.cpp.xml', 'decl_stmt', 1))
2023-12-15 03:19:02,109	[INFO]	32      COMPILE_CODE_ERROR    None  [1 edit(s)]       
2023-12-15 03:19:02,898	[DEBUG]	DeclStmtInsertion(('triangle.cpp.xml', '_inter_block', 19), ('triangle.cpp.xml', 'decl_stmt', 1))
2023-12-15 03:19:02,899	[INFO]	33      TEST_CODE_ERROR       None  [1 edit(s)]       
2023-12-15 03:19:03,678	[DEBUG]	DeclStmtInsertion(('triangle.cpp.xml', '_inter_block', 16), ('triangle.cpp.xml', 'decl_stmt', 1))
2023-12-15 03:19:03,678	[INFO]	34      TEST_CODE_ERROR       None  [1 edit(s)]       
2023-12-15 03:19:04,497	[DEBUG]	DeclStmtInsertion(('triangle.cpp.xml', '_inter_block', 24), ('triangle.cpp.xml', 'decl_stmt', 1))
2023-12-15 03:19:04,497	[INFO]	35      TEST_CODE_ERROR       None  [1 edit(s)]       
2023-12-15 03:19:05,493	[DEBUG]	EXEC>  SUCCESS 1204239
2023-12-15 03:19:05,493	[DEBUG]	DeclStmtInsertion(('triangle.cpp.xml', '_inter_block', 25), ('triangle.cpp.xml', 'decl_stmt', 1))
2023-12-15 03:19:05,494	[INFO]	36      SUCCESS               1204239 (100.0%) [1 edit(s)] 
2023-12-15 03:19:05,636	[DEBUG]	DeclStmtInsertion(('triangle.cpp.xml', '_inter_block', 13), ('triangle.cpp.xml', 'decl_stmt', 1))
2023-12-15 03:19:05,636	[INFO]	37      COMPILE_CODE_ERROR    None  [1 edit(s)]       
2023-12-15 03:19:05,798	[DEBUG]	DeclStmtInsertion(('triangle.cpp.xml', '_inter_block', 9), ('triangle.cpp.xml', 'decl_stmt', 1))
2023-12-15 03:19:05,798	[INFO]	38      COMPILE_CODE_ERROR    None  [1 edit(s)]       
2023-12-15 03:19:06,615	[DEBUG]	ExprStmtInsertion(('triangle.cpp.xml', '_inter_block', 10), ('triangle.cpp.xml', 'expr_stmt', 4))
2023-12-15 03:19:06,615	[INFO]	39      TEST_CODE_ERROR       None  [1 edit(s)]       
2023-12-15 03:19:07,601	[DEBUG]	EXEC>  SUCCESS 1204285
2023-12-15 03:19:07,602	[DEBUG]	IfInsertion(('triangle.cpp.xml', '_inter_block', 18), ('triangle.cpp.xml', 'if', 0))
2023-12-15 03:19:07,603	[INFO]	40      SUCCESS               1204285 (100.0%) [1 edit(s)] 
2023-12-15 03:19:08,637	[DEBUG]	EXEC>  SUCCESS 1204591
2023-12-15 03:19:08,637	[DEBUG]	IfInsertion(('triangle.cpp.xml', '_inter_block', 9), ('triangle.cpp.xml', 'if', 4))
2023-12-15 03:19:08,638	[INFO]	41      SUCCESS               1204591 (100.03%) [1 edit(s)] 
2023-12-15 03:19:09,618	[DEBUG]	EXEC>  SUCCESS 1204456
2023-12-15 03:19:09,619	[DEBUG]	IfInsertion(('triangle.cpp.xml', '_inter_block', 25), ('triangle.cpp.xml', 'if', 4))
2023-12-15 03:19:09,620	[INFO]	42      SUCCESS               1204456 (100.02%) [1 edit(s)] 
2023-12-15 03:19:10,459	[DEBUG]	IfInsertion(('triangle.cpp.xml', '_inter_block', 22), ('triangle.cpp.xml', 'if', 2))
2023-12-15 03:19:10,459	[INFO]	43      TEST_CODE_ERROR       None  [1 edit(s)]       
2023-12-15 03:19:11,245	[DEBUG]	IfInsertion(('triangle.cpp.xml', '_inter_block', 17), ('triangle.cpp.xml', 'if', 5))
2023-12-15 03:19:11,246	[INFO]	44      TEST_CODE_ERROR       None  [1 edit(s)]       
2023-12-15 03:19:12,061	[DEBUG]	ReturnReplacement(('triangle.cpp.xml', 'return', 2), ('triangle.cpp.xml', 'stmt', 13))
2023-12-15 03:19:12,061	[INFO]	45      TEST_CODE_ERROR       None  [1 edit(s)]       
2023-12-15 03:19:13,062	[DEBUG]	EXEC>  SUCCESS 1204240
2023-12-15 03:19:13,062	[DEBUG]	DeclStmtInsertion(('triangle.cpp.xml', '_inter_block', 26), ('triangle.cpp.xml', 'decl_stmt', 1))
2023-12-15 03:19:13,063	[INFO]	46      SUCCESS               1204240 (100.0%) [1 edit(s)] 
2023-12-15 03:19:14,059	[DEBUG]	EXEC>  SUCCESS 1204269
2023-12-15 03:19:14,059	[DEBUG]	DeclStmtInsertion(('triangle.cpp.xml', '_inter_block', 20), ('triangle.cpp.xml', 'decl_stmt', 0))
2023-12-15 03:19:14,060	[INFO]	47      SUCCESS               1204269 (100.0%) [1 edit(s)] 
2023-12-15 03:19:15,050	[DEBUG]	EXEC>  SUCCESS 1204288
2023-12-15 03:19:15,051	[DEBUG]	DeclStmtInsertion(('triangle.cpp.xml', '_inter_block', 16), ('triangle.cpp.xml', 'decl_stmt', 0))
2023-12-15 03:19:15,051	[INFO]	48      SUCCESS               1204288 (100.0%) [1 edit(s)] 
2023-12-15 03:19:16,064	[DEBUG]	EXEC>  SUCCESS 1204312
2023-12-15 03:19:16,064	[DEBUG]	DeclStmtInsertion(('triangle.cpp.xml', '_inter_block', 10), ('triangle.cpp.xml', 'decl_stmt', 0))
2023-12-15 03:19:16,065	[INFO]	49      SUCCESS               1204312 (100.01%) [1 edit(s)] 
2023-12-15 03:19:17,060	[DEBUG]	EXEC>  SUCCESS 1259258
2023-12-15 03:19:17,060	[DEBUG]	DeclStmtInsertion(('triangle.cpp.xml', '_inter_block', 19), ('triangle.cpp.xml', 'decl_stmt', 0))
2023-12-15 03:19:17,061	[INFO]	50      SUCCESS               1259258 (104.57%) [1 edit(s)] 
2023-12-15 03:19:17,063	[DEBUG]	DeclStmtInsertion(('triangle.cpp.xml', '_inter_block', 27), ('triangle.cpp.xml', 'decl_stmt', 0))
2023-12-15 03:19:17,063	[INFO]	51      SUCCESS               1496117 (124.24%) [1 edit(s)] 
2023-12-15 03:19:18,045	[DEBUG]	EXEC>  SUCCESS 1204240
2023-12-15 03:19:18,046	[DEBUG]	DeclStmtInsertion(('triangle.cpp.xml', '_inter_block', 14), ('triangle.cpp.xml', 'decl_stmt', 1))
2023-12-15 03:19:18,047	[INFO]	52      SUCCESS               1204240 (100.0%) [1 edit(s)] 
2023-12-15 03:19:18,778	[DEBUG]	ExprStmtReplacement(('triangle.cpp.xml', 'expr_stmt', 1), ('triangle.cpp.xml', 'stmt', 12))
2023-12-15 03:19:18,778	[INFO]	53      TEST_CODE_ERROR       None  [1 edit(s)]       
2023-12-15 03:19:18,779	[DEBUG]	DeclStmtInsertion(('triangle.cpp.xml', '_inter_block', 10), ('triangle.cpp.xml', 'decl_stmt', 0))
2023-12-15 03:19:18,779	[INFO]	54      SUCCESS               1204312 (100.01%) [1 edit(s)] 
2023-12-15 03:19:18,941	[DEBUG]	DeclStmtInsertion(('triangle.cpp.xml', '_inter_block', 7), ('triangle.cpp.xml', 'decl_stmt', 1))
2023-12-15 03:19:18,941	[INFO]	55      COMPILE_CODE_ERROR    None  [1 edit(s)]       
2023-12-15 03:19:18,943	[DEBUG]	DeclStmtInsertion(('triangle.cpp.xml', '_inter_block', 6), ('triangle.cpp.xml', 'decl_stmt', 0))
2023-12-15 03:19:18,943	[INFO]	56      SUCCESS               1204365 (100.01%) [1 edit(s)] 
2023-12-15 03:19:19,897	[DEBUG]	EXEC>  SUCCESS 1204239
2023-12-15 03:19:19,897	[DEBUG]	DeclStmtInsertion(('triangle.cpp.xml', '_inter_block', 25), ('triangle.cpp.xml', 'decl_stmt', 1))
2023-12-15 03:19:19,898	[INFO]	57      SUCCESS               1204239 (100.0%) [1 edit(s)] 
2023-12-15 03:19:20,877	[DEBUG]	EXEC>  SUCCESS 1204300
2023-12-15 03:19:20,877	[DEBUG]	DeclStmtInsertion(('triangle.cpp.xml', '_inter_block', 25), ('triangle.cpp.xml', 'decl_stmt', 0))
2023-12-15 03:19:20,878	[INFO]	58      SUCCESS               1204300 (100.0%) [1 edit(s)] 
2023-12-15 03:19:21,052	[DEBUG]	DeclStmtInsertion(('triangle.cpp.xml', '_inter_block', 11), ('triangle.cpp.xml', 'decl_stmt', 1))
2023-12-15 03:19:21,052	[INFO]	59      COMPILE_CODE_ERROR    None  [1 edit(s)]       
2023-12-15 03:19:21,054	[DEBUG]	DeclStmtInsertion(('triangle.cpp.xml', '_inter_block', 19), ('triangle.cpp.xml', 'decl_stmt', 0))
2023-12-15 03:19:21,054	[INFO]	60      SUCCESS               1259258 (104.57%) [1 edit(s)] 
2023-12-15 03:19:21,199	[DEBUG]	DeclStmtDeletion(('triangle.cpp.xml', 'decl_stmt', 1))
2023-12-15 03:19:21,199	[INFO]	61      COMPILE_CODE_ERROR    None  [1 edit(s)]       
2023-12-15 03:19:22,200	[DEBUG]	EXEC>  SUCCESS 1204240
2023-12-15 03:19:22,200	[DEBUG]	IfInsertion(('triangle.cpp.xml', '_inter_block', 13), ('triangle.cpp.xml', 'if', 1))
2023-12-15 03:19:22,201	[INFO]	62      SUCCESS               1204240 (100.0%) [1 edit(s)] 
2023-12-15 03:19:23,238	[DEBUG]	EXEC>  SUCCESS 1204288
2023-12-15 03:19:23,238	[DEBUG]	DeclStmtInsertion(('triangle.cpp.xml', '_inter_block', 14), ('triangle.cpp.xml', 'decl_stmt', 0))
2023-12-15 03:19:23,238	[INFO]	63      SUCCESS               1204288 (100.0%) [1 edit(s)] 
2023-12-15 03:19:24,209	[DEBUG]	EXEC>  SUCCESS 1204269
2023-12-15 03:19:24,209	[DEBUG]	DeclStmtInsertion(('triangle.cpp.xml', '_inter_block', 12), ('triangle.cpp.xml', 'decl_stmt', 0))
2023-12-15 03:19:24,210	[INFO]	64      SUCCESS               1204269 (100.0%) [1 edit(s)] 
2023-12-15 03:19:24,367	[DEBUG]	DeclStmtInsertion(('triangle.cpp.xml', '_inter_block', 5), ('triangle.cpp.xml', 'decl_stmt', 1))
2023-12-15 03:19:24,367	[INFO]	65      COMPILE_CODE_ERROR    None  [1 edit(s)]       
2023-12-15 03:19:25,410	[DEBUG]	EXEC>  SUCCESS 1204239
2023-12-15 03:19:25,411	[DEBUG]	DeclStmtInsertion(('triangle.cpp.xml', '_inter_block', 22), ('triangle.cpp.xml', 'decl_stmt', 1))
2023-12-15 03:19:25,411	[INFO]	66      SUCCESS               1204239 (100.0%) [1 edit(s)] 
2023-12-15 03:19:26,441	[DEBUG]	EXEC>  SUCCESS 1204365
2023-12-15 03:19:26,442	[DEBUG]	DeclStmtInsertion(('triangle.cpp.xml', '_inter_block', 8), ('triangle.cpp.xml', 'decl_stmt', 0))
2023-12-15 03:19:26,443	[INFO]	67      SUCCESS               1204365 (100.01%) [1 edit(s)] 
2023-12-15 03:19:27,496	[DEBUG]	EXEC>  SUCCESS 1204269
2023-12-15 03:19:27,497	[DEBUG]	DeclStmtInsertion(('triangle.cpp.xml', '_inter_block', 18), ('triangle.cpp.xml', 'decl_stmt', 0))
2023-12-15 03:19:27,497	[INFO]	68      SUCCESS               1204269 (100.0%) [1 edit(s)] 
2023-12-15 03:19:28,478	[DEBUG]	EXEC>  SUCCESS 1204238
2023-12-15 03:19:28,478	[DEBUG]	DeclStmtInsertion(('triangle.cpp.xml', '_inter_block', 1), ('triangle.cpp.xml', 'decl_stmt', 1))
2023-12-15 03:19:28,479	[INFO]	69      SUCCESS              *1204238 (100.0%) [1 edit(s)] 
2023-12-15 03:19:28,480	[DEBUG]	--- before: triangle.cpp
+++ after: triangle.cpp
@@ -1,7 +1,8 @@
 #include "triangle.hpp"
 
 void delay() {
-  const struct timespec ms = {0, (long int) (0.001*1e9)}; //tv_sec=0, tv_nsec (0.001 seconds)
+  const struct timespec ms = {0, (long int) (0.001*1e9)};
+  double tmp; //tv_sec=0, tv_nsec (0.001 seconds)
   nanosleep(&ms,NULL); /*ignores possible errors*/
 }
 

2023-12-15 03:19:28,635	[DEBUG]	DeclStmtInsertion(('triangle.cpp.xml', '_inter_block', 0), ('triangle.cpp.xml', 'decl_stmt', 0))
2023-12-15 03:19:28,635	[INFO]	70      COMPILE_CODE_ERROR    None  [1 edit(s)]       
2023-12-15 03:19:29,657	[DEBUG]	EXEC>  SUCCESS 1204258
2023-12-15 03:19:29,658	[DEBUG]	DeclStmtInsertion(('triangle.cpp.xml', '_inter_block', 28), ('triangle.cpp.xml', 'decl_stmt', 0))
2023-12-15 03:19:29,659	[INFO]	71      SUCCESS               1204258 (100.0%) [1 edit(s)] 
2023-12-15 03:19:29,808	[DEBUG]	DeclStmtDeletion(('triangle.cpp.xml', 'decl_stmt', 1))
2023-12-15 03:19:29,809	[INFO]	72      COMPILE_CODE_ERROR    None  [1 edit(s)]       
2023-12-15 03:19:29,961	[DEBUG]	DeclStmtInsertion(('triangle.cpp.xml', '_inter_block', 2), ('triangle.cpp.xml', 'decl_stmt', 0))
2023-12-15 03:19:29,962	[INFO]	73      COMPILE_CODE_ERROR    None  [1 edit(s)]       
2023-12-15 03:19:29,964	[DEBUG]	DeclStmtInsertion(('triangle.cpp.xml', '_inter_block', 28), ('triangle.cpp.xml', 'decl_stmt', 0))
2023-12-15 03:19:29,964	[INFO]	74      SUCCESS               1204258 (100.0%) [1 edit(s)] 
2023-12-15 03:19:30,944	[DEBUG]	EXEC>  SUCCESS 1204292
2023-12-15 03:19:30,944	[DEBUG]	DeclStmtInsertion(('triangle.cpp.xml', '_inter_block', 11), ('triangle.cpp.xml', 'decl_stmt', 0))
2023-12-15 03:19:30,945	[INFO]	75      SUCCESS               1204292 (100.0%) [1 edit(s)] 
2023-12-15 03:19:31,084	[DEBUG]	DeclStmtDeletion(('triangle.cpp.xml', 'decl_stmt', 1))
2023-12-15 03:19:31,085	[INFO]	76      COMPILE_CODE_ERROR    None  [1 edit(s)]       
2023-12-15 03:19:31,222	[DEBUG]	DeclStmtInsertion(('triangle.cpp.xml', '_inter_block', 7), ('triangle.cpp.xml', 'decl_stmt', 1))
2023-12-15 03:19:31,222	[INFO]	77      COMPILE_CODE_ERROR    None  [1 edit(s)]       
2023-12-15 03:19:31,224	[DEBUG]	DeclStmtInsertion(('triangle.cpp.xml', '_inter_block', 22), ('triangle.cpp.xml', 'decl_stmt', 1))
2023-12-15 03:19:31,224	[INFO]	78      SUCCESS               1204239 (100.0%) [1 edit(s)] 
2023-12-15 03:19:31,225	[DEBUG]	DeclStmtInsertion(('triangle.cpp.xml', '_inter_block', 25), ('triangle.cpp.xml', 'decl_stmt', 1))
2023-12-15 03:19:31,225	[INFO]	79      SUCCESS               1204239 (100.0%) [1 edit(s)] 
2023-12-15 03:19:31,343	[DEBUG]	DeclStmtInsertion(('triangle.cpp.xml', '_inter_block', 13), ('triangle.cpp.xml', 'decl_stmt', 1))
2023-12-15 03:19:31,343	[INFO]	80      COMPILE_CODE_ERROR    None  [1 edit(s)]       
2023-12-15 03:19:32,336	[DEBUG]	EXEC>  SUCCESS 1204240
2023-12-15 03:19:32,336	[DEBUG]	DeclStmtInsertion(('triangle.cpp.xml', '_inter_block', 28), ('triangle.cpp.xml', 'decl_stmt', 1))
2023-12-15 03:19:32,337	[INFO]	81      SUCCESS               1204240 (100.0%) [1 edit(s)] 
2023-12-15 03:19:32,479	[DEBUG]	DeclStmtDeletion(('triangle.cpp.xml', 'decl_stmt', 1))
2023-12-15 03:19:32,480	[INFO]	82      COMPILE_CODE_ERROR    None  [1 edit(s)]       
2023-12-15 03:19:33,459	[DEBUG]	EXEC>  SUCCESS 1204288
2023-12-15 03:19:33,459	[DEBUG]	DeclStmtInsertion(('triangle.cpp.xml', '_inter_block', 17), ('triangle.cpp.xml', 'decl_stmt', 0))
2023-12-15 03:19:33,460	[INFO]	83      SUCCESS               1204288 (100.0%) [1 edit(s)] 
2023-12-15 03:19:34,303	[DEBUG]	ExprStmtInsertion(('triangle.cpp.xml', '_inter_block', 8), ('triangle.cpp.xml', 'expr_stmt', 7))
2023-12-15 03:19:34,303	[INFO]	84      TEST_CODE_ERROR       None  [1 edit(s)]       
2023-12-15 03:19:34,450	[DEBUG]	DeclStmtInsertion(('triangle.cpp.xml', '_inter_block', 3), ('triangle.cpp.xml', 'decl_stmt', 1))
2023-12-15 03:19:34,451	[INFO]	85      COMPILE_CODE_ERROR    None  [1 edit(s)]       
2023-12-15 03:19:34,454	[DEBUG]	DeclStmtInsertion(('triangle.cpp.xml', '_inter_block', 1), ('triangle.cpp.xml', 'decl_stmt', 1))
2023-12-15 03:19:34,454	[INFO]	86      SUCCESS               1204238 (100.0%) [1 edit(s)] 
2023-12-15 03:19:34,456	[DEBUG]	DeclStmtInsertion(('triangle.cpp.xml', '_inter_block', 10), ('triangle.cpp.xml', 'decl_stmt', 0))
2023-12-15 03:19:34,456	[INFO]	87      SUCCESS               1204312 (100.01%) [1 edit(s)] 
2023-12-15 03:19:35,391	[DEBUG]	EXEC>  SUCCESS 1204314
2023-12-15 03:19:35,392	[DEBUG]	IfInsertion(('triangle.cpp.xml', '_inter_block', 19), ('triangle.cpp.xml', 'if', 3))
2023-12-15 03:19:35,392	[INFO]	88      SUCCESS               1204314 (100.01%) [1 edit(s)] 
2023-12-15 03:19:36,388	[DEBUG]	EXEC>  SUCCESS 1204239
2023-12-15 03:19:36,388	[DEBUG]	DeclStmtInsertion(('triangle.cpp.xml', '_inter_block', 29), ('triangle.cpp.xml', 'decl_stmt', 1))
2023-12-15 03:19:36,389	[INFO]	89      SUCCESS               1204239 (100.0%) [1 edit(s)] 
2023-12-15 03:19:36,526	[DEBUG]	DeclStmtInsertion(('triangle.cpp.xml', '_inter_block', 5), ('triangle.cpp.xml', 'decl_stmt', 1))
2023-12-15 03:19:36,527	[INFO]	90      COMPILE_CODE_ERROR    None  [1 edit(s)]       
2023-12-15 03:19:36,655	[DEBUG]	DeclStmtReplacement(('triangle.cpp.xml', 'decl_stmt', 0), ('triangle.cpp.xml', 'stmt', 14))
2023-12-15 03:19:36,656	[INFO]	91      COMPILE_CODE_ERROR    None  [1 edit(s)]       
2023-12-15 03:19:37,632	[DEBUG]	EXEC>  SUCCESS 1204240
2023-12-15 03:19:37,632	[DEBUG]	ExprStmtInsertion(('triangle.cpp.xml', '_inter_block', 27), ('triangle.cpp.xml', 'expr_stmt', 6))
2023-12-15 03:19:37,633	[INFO]	92      SUCCESS               1204240 (100.0%) [1 edit(s)] 
2023-12-15 03:19:38,479	[DEBUG]	DeclStmtInsertion(('triangle.cpp.xml', '_inter_block', 20), ('triangle.cpp.xml', 'decl_stmt', 1))
2023-12-15 03:19:38,479	[INFO]	93      TEST_CODE_ERROR       None  [1 edit(s)]       
2023-12-15 03:19:39,348	[DEBUG]	DeclStmtInsertion(('triangle.cpp.xml', '_inter_block', 23), ('triangle.cpp.xml', 'decl_stmt', 1))
2023-12-15 03:19:39,349	[INFO]	94      TEST_CODE_ERROR       None  [1 edit(s)]       
2023-12-15 03:19:39,500	[DEBUG]	IfInsertion(('triangle.cpp.xml', '_inter_block', 0), ('triangle.cpp.xml', 'if', 1))
2023-12-15 03:19:39,500	[INFO]	95      COMPILE_CODE_ERROR    None  [1 edit(s)]       
2023-12-15 03:19:39,502	[INFO]	==== END ====
2023-12-15 03:19:39,502	[INFO]	
2023-12-15 03:19:39,502	[INFO]	==== REPORT ====
2023-12-15 03:19:39,503	[INFO]	Termination: time budget
2023-12-15 03:19:39,504	[INFO]	Log file: /cs/student/ug/2020/damibose/projects/magpie/_magpie_logs/triangle-cpp_slow_1702610312.log
2023-12-15 03:19:39,505	[INFO]	Patch file: _magpie_logs/triangle-cpp_slow_1702610312.patch
2023-12-15 03:19:39,505	[INFO]	Diff file: _magpie_logs/triangle-cpp_slow_1702610312.diff
2023-12-15 03:19:39,506	[INFO]	Best fitness: 1204238
2023-12-15 03:19:39,506	[INFO]	Best patch: DeclStmtInsertion(('triangle.cpp.xml', '_inter_block', 1), ('triangle.cpp.xml', 'decl_stmt', 1))
2023-12-15 03:19:39,507	[INFO]	Diff:
--- before: triangle.cpp
+++ after: triangle.cpp
@@ -1,7 +1,8 @@
 #include "triangle.hpp"
 
 void delay() {
-  const struct timespec ms = {0, (long int) (0.001*1e9)}; //tv_sec=0, tv_nsec (0.001 seconds)
+  const struct timespec ms = {0, (long int) (0.001*1e9)};
+  double tmp; //tv_sec=0, tv_nsec (0.001 seconds)
   nanosleep(&ms,NULL); /*ignores possible errors*/
 }
 

