2023-12-15 02:43:43,772	[DEBUG]	==== CONFIG ====
[magpie]
import = 
seed = 2
log_dir = _magpie_logs
work_dir = _magpie_work
final_out_dir = experiments/results_e_greedy_proof_of_concept/epsilon_greedy/BestImprovementNoTabu/trial_2
local_original_copy = True
local_original_name = __original__
output_encoding = ascii
edit_retries = 10
default_timeout = 30
default_lengthout = 10000.0
diff_method = unified
trust_local_filesystem = True

[software]
path = examples/code/triangle-cpp_slow
target_files = 
	triangle.cpp.xml
program = BasicProgram
engine_rules = 
	*.params : ConfigFileParamsEngine
	*.xml : SrcmlEngine
	* : LineEngine
engine_config = 
	*.params : [params]
	*.xml : [srcml]
init_cmd = 
init_timeout = 60
init_lengthout = -1
setup_cmd = ./setup.sh
setup_timeout = 
setup_lengthout = 
compile_cmd = ./compile.sh
compile_timeout = 
compile_lengthout = 
test_cmd = ./build/test_triangle
test_timeout = 
test_lengthout = 
run_cmd = perf stat ./build/run_triangle
run_timeout = 1
run_lengthout = 
batch_timeout = 
batch_lengthout = 
batch_bin_fitness_strategy = aggregate
batch_fitness_strategy = sum
fitness = perf_instructions

[srcml]
rename = 
focus = block break continue decl_stmt do expr_stmt for goto if return switch while
internodes = block
process_pseudo_blocks = True
process_literals = False
process_operators = False

[params]
timing = test run
cli_prefix = --
cli_glue = =
cli_boolean = show
cli_boolean_prefix_true = 
cli_boolean_prefix_false = no-
silent_prefix = @
silent_suffix = $

[search]
protocol = BasicProtocol
algorithm = BestImprovementNoTabu
possible_edits = 
	DeclStmtReplacement
	ExprStmtReplacement
	IfReplacement
	ReturnReplacement
	DeclStmtInsertion
	ExprStmtInsertion
	IfInsertion
	ReturnInsertion
	DeclStmtDeletion
	ExprStmtDeletion
	IfDeletion
	ReturnDeletion
warmup = 5
warmup_strategy = last
max_steps = 100
max_time = 60
target_fitness = 
cache_maxsize = 40
cache_keep = 0.2
batch_instances = 
batch_shuffle = True
batch_bin_shuffle = False
batch_sample_size = 1
operator_selector = EpsilonGreedy
epsilon = 0.2

[search.ls]
delete_prob = 0
max_neighbours = 20
when_trapped = continue
accept_fail = False
tabu_length = 10

[search.gp]
pop_size = 10
delete_prob = 0.5
offspring_elitism = 0.1
offspring_crossover = 0.5
offspring_mutation = 0.4
uniform_rate = 0.5
batch_reset = True

[search.minify]
do_cleanup = True
do_rebuild = True
do_simplify = True
round_robin_limit = 3


2023-12-15 02:43:43,779	[INFO]	==== WARMUP ====
2023-12-15 02:43:46,371	[DEBUG]	EXEC>  SUCCESS 1542532
2023-12-15 02:43:46,371	[INFO]	WARM    SUCCESS               1542532                 
2023-12-15 02:43:47,317	[DEBUG]	EXEC>  SUCCESS 1204238
2023-12-15 02:43:47,318	[INFO]	WARM    SUCCESS               1204238                 
2023-12-15 02:43:48,288	[DEBUG]	EXEC>  SUCCESS 1204239
2023-12-15 02:43:48,288	[INFO]	WARM    SUCCESS               1204239                 
2023-12-15 02:43:49,252	[DEBUG]	EXEC>  SUCCESS 1204240
2023-12-15 02:43:49,253	[INFO]	WARM    SUCCESS               1204240                 
2023-12-15 02:43:50,248	[DEBUG]	EXEC>  SUCCESS 1204239
2023-12-15 02:43:50,249	[INFO]	WARM    SUCCESS               1204239                 
2023-12-15 02:43:50,250	[INFO]	INITIAL SUCCESS               1204239                 
2023-12-15 02:43:50,251	[INFO]	==== START: BestImprovementNoTabu ====
2023-12-15 02:43:50,418	[DEBUG]	DeclStmtReplacement(('triangle.cpp.xml', 'decl_stmt', 1), ('triangle.cpp.xml', 'stmt', 20))
2023-12-15 02:43:50,418	[INFO]	1       COMPILE_CODE_ERROR    None  [1 edit(s)]       
2023-12-15 02:43:51,250	[DEBUG]	ExprStmtReplacement(('triangle.cpp.xml', 'expr_stmt', 8), ('triangle.cpp.xml', 'stmt', 17))
2023-12-15 02:43:51,250	[INFO]	2       TEST_CODE_ERROR       None  [1 edit(s)]       
2023-12-15 02:43:52,077	[DEBUG]	IfReplacement(('triangle.cpp.xml', 'if', 2), ('triangle.cpp.xml', 'stmt', 4))
2023-12-15 02:43:52,078	[INFO]	3       TEST_CODE_ERROR       None  [1 edit(s)]       
2023-12-15 02:43:52,871	[DEBUG]	ReturnReplacement(('triangle.cpp.xml', 'return', 1), ('triangle.cpp.xml', 'stmt', 4))
2023-12-15 02:43:52,871	[INFO]	4       TEST_CODE_ERROR       None  [1 edit(s)]       
2023-12-15 02:43:53,714	[DEBUG]	DeclStmtInsertion(('triangle.cpp.xml', '_inter_block', 15), ('triangle.cpp.xml', 'decl_stmt', 1))
2023-12-15 02:43:53,714	[INFO]	5       TEST_CODE_ERROR       None  [1 edit(s)]       
2023-12-15 02:43:54,506	[DEBUG]	ExprStmtInsertion(('triangle.cpp.xml', '_inter_block', 17), ('triangle.cpp.xml', 'expr_stmt', 7))
2023-12-15 02:43:54,506	[INFO]	6       TEST_CODE_ERROR       None  [1 edit(s)]       
2023-12-15 02:43:55,318	[DEBUG]	IfInsertion(('triangle.cpp.xml', '_inter_block', 15), ('triangle.cpp.xml', 'if', 1))
2023-12-15 02:43:55,318	[INFO]	7       TEST_CODE_ERROR       None  [1 edit(s)]       
2023-12-15 02:43:56,127	[DEBUG]	ReturnInsertion(('triangle.cpp.xml', '_inter_block', 5), ('triangle.cpp.xml', 'return', 3))
2023-12-15 02:43:56,128	[INFO]	8       TEST_CODE_ERROR       None  [1 edit(s)]       
2023-12-15 02:43:56,289	[DEBUG]	DeclStmtDeletion(('triangle.cpp.xml', 'decl_stmt', 1))
2023-12-15 02:43:56,289	[INFO]	9       COMPILE_CODE_ERROR    None  [1 edit(s)]       
2023-12-15 02:43:57,064	[DEBUG]	ReturnInsertion(('triangle.cpp.xml', '_inter_block', 18), ('triangle.cpp.xml', 'return', 2))
2023-12-15 02:43:57,064	[INFO]	10      TEST_CODE_ERROR       None  [1 edit(s)]       
2023-12-15 02:43:57,864	[DEBUG]	ExprStmtDeletion(('triangle.cpp.xml', 'expr_stmt', 9))
2023-12-15 02:43:57,865	[INFO]	11      TEST_CODE_ERROR       None  [1 edit(s)]       
2023-12-15 02:43:58,829	[DEBUG]	EXEC>  SUCCESS 1203978
2023-12-15 02:43:58,830	[DEBUG]	IfDeletion(('triangle.cpp.xml', 'if', 1))
2023-12-15 02:43:58,830	[INFO]	12      SUCCESS              *1203978 (99.98%) [1 edit(s)] 
2023-12-15 02:43:58,832	[DEBUG]	--- before: triangle.cpp
+++ after: triangle.cpp
@@ -17,11 +17,7 @@
     b = tmp;
   }
 
-  if(a > c) {
-    tmp = a;
-    a = c;
-    c = tmp;
-  }
+  
 
   if(b > c) {
     tmp = b;

2023-12-15 02:43:59,589	[DEBUG]	ReturnDeletion(('triangle.cpp.xml', 'return', 1))
2023-12-15 02:43:59,590	[INFO]	13      TEST_CODE_ERROR       None  [1 edit(s)]       
2023-12-15 02:44:00,572	[DEBUG]	IfDeletion(('triangle.cpp.xml', 'if', 5))
2023-12-15 02:44:00,573	[INFO]	14      TEST_CODE_ERROR       None  [1 edit(s)]       
2023-12-15 02:44:01,383	[DEBUG]	IfDeletion(('triangle.cpp.xml', 'if', 5))
2023-12-15 02:44:01,384	[INFO]	15      TEST_CODE_ERROR       None  [1 edit(s)]       
2023-12-15 02:44:02,207	[DEBUG]	IfDeletion(('triangle.cpp.xml', 'if', 4))
2023-12-15 02:44:02,207	[INFO]	16      TEST_CODE_ERROR       None  [1 edit(s)]       
2023-12-15 02:44:03,010	[DEBUG]	IfDeletion(('triangle.cpp.xml', 'if', 2))
2023-12-15 02:44:03,010	[INFO]	17      TEST_CODE_ERROR       None  [1 edit(s)]       
2023-12-15 02:44:04,007	[DEBUG]	EXEC>  SUCCESS 1204270
2023-12-15 02:44:04,008	[DEBUG]	ExprStmtInsertion(('triangle.cpp.xml', '_inter_block', 20), ('triangle.cpp.xml', 'expr_stmt', 6))
2023-12-15 02:44:04,008	[INFO]	18      SUCCESS               1204270 (100.0%) [1 edit(s)] 
2023-12-15 02:44:05,096	[DEBUG]	EXEC>  SUCCESS 1205499
2023-12-15 02:44:05,096	[DEBUG]	ExprStmtInsertion(('triangle.cpp.xml', '_inter_block', 7), ('triangle.cpp.xml', 'expr_stmt', 1))
2023-12-15 02:44:05,097	[INFO]	19      SUCCESS               1205499 (100.1%) [1 edit(s)] 
2023-12-15 02:44:06,099	[DEBUG]	EXEC>  SUCCESS 1314901
2023-12-15 02:44:06,100	[DEBUG]	ExprStmtInsertion(('triangle.cpp.xml', '_inter_block', 24), ('triangle.cpp.xml', 'expr_stmt', 7))
2023-12-15 02:44:06,101	[INFO]	20      SUCCESS               1314901 (109.19%) [1 edit(s)] 
2023-12-15 02:44:07,170	[DEBUG]	EXEC>  SUCCESS 1204365
2023-12-15 02:44:07,171	[DEBUG]	DeclStmtInsertion(('triangle.cpp.xml', '_inter_block', 8), ('triangle.cpp.xml', 'decl_stmt', 0))
2023-12-15 02:44:07,171	[INFO]	21      SUCCESS              +1204365 (100.01%) [1 edit(s)] 
2023-12-15 02:44:07,172	[DEBUG]	--- before: triangle.cpp
+++ after: triangle.cpp
@@ -22,6 +22,7 @@
     a = c;
     c = tmp;
   }
+  const struct timespec ms = {0, (long int) (0.001*1e9)};
 
   if(b > c) {
     tmp = b;

2023-12-15 02:44:08,106	[DEBUG]	EXEC>  SUCCESS 1204008
2023-12-15 02:44:08,107	[DEBUG]	IfDeletion(('triangle.cpp.xml', 'if', 1)) | ExprStmtInsertion(('triangle.cpp.xml', '_inter_block', 12), ('triangle.cpp.xml', 'expr_stmt', 2))
2023-12-15 02:44:08,108	[INFO]	22      SUCCESS               1204008 (99.98%) [2 edit(s)] 
2023-12-15 02:44:09,054	[DEBUG]	EXEC>  SUCCESS 1203980
2023-12-15 02:44:09,054	[DEBUG]	IfDeletion(('triangle.cpp.xml', 'if', 1)) | ExprStmtInsertion(('triangle.cpp.xml', '_inter_block', 13), ('triangle.cpp.xml', 'expr_stmt', 2))
2023-12-15 02:44:09,055	[INFO]	23      SUCCESS               1203980 (99.98%) [2 edit(s)] 
2023-12-15 02:44:09,844	[DEBUG]	IfDeletion(('triangle.cpp.xml', 'if', 1)) | ExprStmtInsertion(('triangle.cpp.xml', '_inter_block', 24), ('triangle.cpp.xml', 'expr_stmt', 4))
2023-12-15 02:44:09,844	[INFO]	24      TEST_CODE_ERROR       None  [2 edit(s)]       
2023-12-15 02:44:09,846	[DEBUG]	IfDeletion(('triangle.cpp.xml', 'if', 1)) | ExprStmtInsertion(('triangle.cpp.xml', '_inter_block', 21), ('triangle.cpp.xml', 'expr_stmt', 4))
2023-12-15 02:44:09,846	[INFO]	25      SUCCESS               1203978 (99.98%) [2 edit(s)] 
2023-12-15 02:44:10,675	[DEBUG]	IfDeletion(('triangle.cpp.xml', 'if', 1)) | ExprStmtInsertion(('triangle.cpp.xml', '_inter_block', 24), ('triangle.cpp.xml', 'expr_stmt', 3))
2023-12-15 02:44:10,676	[INFO]	26      TEST_CODE_ERROR       None  [2 edit(s)]       
2023-12-15 02:44:11,673	[DEBUG]	EXEC>  SUCCESS 1204033
2023-12-15 02:44:11,674	[DEBUG]	IfDeletion(('triangle.cpp.xml', 'if', 1)) | ExprStmtInsertion(('triangle.cpp.xml', '_inter_block', 26), ('triangle.cpp.xml', 'expr_stmt', 3))
2023-12-15 02:44:11,675	[INFO]	27      SUCCESS               1204033 (99.98%) [2 edit(s)] 
2023-12-15 02:44:12,649	[DEBUG]	EXEC>  SUCCESS 1258673
2023-12-15 02:44:12,649	[DEBUG]	IfDeletion(('triangle.cpp.xml', 'if', 1)) | ExprStmtInsertion(('triangle.cpp.xml', '_inter_block', 17), ('triangle.cpp.xml', 'expr_stmt', 4))
2023-12-15 02:44:12,650	[INFO]	28      SUCCESS               1258673 (104.52%) [2 edit(s)] 
2023-12-15 02:44:13,464	[DEBUG]	IfDeletion(('triangle.cpp.xml', 'if', 1)) | IfDeletion(('triangle.cpp.xml', 'if', 4))
2023-12-15 02:44:13,464	[INFO]	29      TEST_CODE_ERROR       None  [2 edit(s)]       
2023-12-15 02:44:14,471	[DEBUG]	EXEC>  SUCCESS 1204031
2023-12-15 02:44:14,472	[DEBUG]	IfDeletion(('triangle.cpp.xml', 'if', 1)) | ExprStmtInsertion(('triangle.cpp.xml', '_inter_block', 26), ('triangle.cpp.xml', 'expr_stmt', 5))
2023-12-15 02:44:14,472	[INFO]	30      SUCCESS               1204031 (99.98%) [2 edit(s)] 
2023-12-15 02:44:15,475	[DEBUG]	EXEC>  SUCCESS 1204458
2023-12-15 02:44:15,475	[DEBUG]	IfDeletion(('triangle.cpp.xml', 'if', 1)) | ExprStmtInsertion(('triangle.cpp.xml', '_inter_block', 17), ('triangle.cpp.xml', 'expr_stmt', 1))
2023-12-15 02:44:15,476	[INFO]	31      SUCCESS               1204458 (100.02%) [2 edit(s)] 
2023-12-15 02:44:16,299	[DEBUG]	IfDeletion(('triangle.cpp.xml', 'if', 1)) | ReturnInsertion(('triangle.cpp.xml', '_inter_block', 23), ('triangle.cpp.xml', 'return', 3))
2023-12-15 02:44:16,300	[INFO]	32      TEST_CODE_ERROR       None  [2 edit(s)]       
2023-12-15 02:44:16,433	[DEBUG]	IfDeletion(('triangle.cpp.xml', 'if', 1)) | ExprStmtInsertion(('triangle.cpp.xml', '_inter_block', 22), ('triangle.cpp.xml', 'expr_stmt', 0))
2023-12-15 02:44:16,434	[INFO]	33      COMPILE_CODE_ERROR    None  [2 edit(s)]       
2023-12-15 02:44:17,393	[DEBUG]	EXEC>  SUCCESS 1204031
2023-12-15 02:44:17,394	[DEBUG]	IfDeletion(('triangle.cpp.xml', 'if', 1)) | ExprStmtInsertion(('triangle.cpp.xml', '_inter_block', 11), ('triangle.cpp.xml', 'expr_stmt', 8))
2023-12-15 02:44:17,395	[INFO]	34      SUCCESS               1204031 (99.98%) [2 edit(s)] 
2023-12-15 02:44:17,547	[DEBUG]	IfDeletion(('triangle.cpp.xml', 'if', 1)) | ExprStmtInsertion(('triangle.cpp.xml', '_inter_block', 4), ('triangle.cpp.xml', 'expr_stmt', 10))
2023-12-15 02:44:17,548	[INFO]	35      COMPILE_CODE_ERROR    None  [2 edit(s)]       
2023-12-15 02:44:17,550	[DEBUG]	IfDeletion(('triangle.cpp.xml', 'if', 1)) | ExprStmtInsertion(('triangle.cpp.xml', '_inter_block', 26), ('triangle.cpp.xml', 'expr_stmt', 3))
2023-12-15 02:44:17,550	[INFO]	36      SUCCESS               1204033 (99.98%) [2 edit(s)] 
2023-12-15 02:44:17,682	[DEBUG]	IfDeletion(('triangle.cpp.xml', 'if', 1)) | ExprStmtInsertion(('triangle.cpp.xml', '_inter_block', 7), ('triangle.cpp.xml', 'expr_stmt', 0))
2023-12-15 02:44:17,682	[INFO]	37      COMPILE_CODE_ERROR    None  [2 edit(s)]       
2023-12-15 02:44:17,828	[DEBUG]	IfDeletion(('triangle.cpp.xml', 'if', 1)) | DeclStmtReplacement(('triangle.cpp.xml', 'decl_stmt', 0), ('triangle.cpp.xml', 'stmt', 22))
2023-12-15 02:44:17,828	[INFO]	38      COMPILE_CODE_ERROR    None  [2 edit(s)]       
2023-12-15 02:44:18,795	[DEBUG]	EXEC>  SUCCESS 1203979
2023-12-15 02:44:18,795	[DEBUG]	IfDeletion(('triangle.cpp.xml', 'if', 1)) | ExprStmtInsertion(('triangle.cpp.xml', '_inter_block', 31), ('triangle.cpp.xml', 'expr_stmt', 10))
2023-12-15 02:44:18,796	[INFO]	39      SUCCESS               1203979 (99.98%) [2 edit(s)] 
2023-12-15 02:44:18,941	[DEBUG]	IfDeletion(('triangle.cpp.xml', 'if', 1)) | ExprStmtInsertion(('triangle.cpp.xml', '_inter_block', 4), ('triangle.cpp.xml', 'expr_stmt', 4))
2023-12-15 02:44:18,941	[INFO]	40      COMPILE_CODE_ERROR    None  [2 edit(s)]       
2023-12-15 02:44:19,914	[DEBUG]	EXEC>  SUCCESS 1204045
2023-12-15 02:44:19,915	[DEBUG]	IfDeletion(('triangle.cpp.xml', 'if', 1)) | ExprStmtInsertion(('triangle.cpp.xml', '_inter_block', 24), ('triangle.cpp.xml', 'expr_stmt', 7))
2023-12-15 02:44:19,916	[INFO]	41      SUCCESS               1204045 (99.98%) [2 edit(s)] 
2023-12-15 02:44:20,947	[DEBUG]	EXEC>  SUCCESS 1204045
2023-12-15 02:44:20,947	[DEBUG]	IfDeletion(('triangle.cpp.xml', 'if', 1)) | ExprStmtInsertion(('triangle.cpp.xml', '_inter_block', 23), ('triangle.cpp.xml', 'expr_stmt', 8))
2023-12-15 02:44:20,948	[INFO]	42      SUCCESS              +1204045 (99.98%) [2 edit(s)] 
2023-12-15 02:44:20,949	[DEBUG]	--- before: triangle.cpp
+++ after: triangle.cpp
@@ -17,13 +17,10 @@
     b = tmp;
   }
 
-  if(a > c) {
-    tmp = a;
-    a = c;
-    c = tmp;
-  }
+  
 
   if(b > c) {
+    tmp = b;
     tmp = b;
     b = c;
     c = tmp;

2023-12-15 02:44:21,097	[DEBUG]	IfDeletion(('triangle.cpp.xml', 'if', 1)) | ExprStmtInsertion(('triangle.cpp.xml', '_inter_block', 21), ('triangle.cpp.xml', 'expr_stmt', 4)) | ExprStmtInsertion(('triangle.cpp.xml', '_inter_block', 1), ('triangle.cpp.xml', 'expr_stmt', 3))
2023-12-15 02:44:21,097	[INFO]	43      COMPILE_CODE_ERROR    None  [3 edit(s)]       
2023-12-15 02:44:21,232	[DEBUG]	IfDeletion(('triangle.cpp.xml', 'if', 1)) | ExprStmtInsertion(('triangle.cpp.xml', '_inter_block', 21), ('triangle.cpp.xml', 'expr_stmt', 4)) | DeclStmtReplacement(('triangle.cpp.xml', 'decl_stmt', 1), ('triangle.cpp.xml', 'stmt', 16))
2023-12-15 02:44:21,233	[INFO]	44      COMPILE_CODE_ERROR    None  [3 edit(s)]       
2023-12-15 02:44:22,255	[DEBUG]	EXEC>  SUCCESS 1204104
2023-12-15 02:44:22,256	[DEBUG]	IfDeletion(('triangle.cpp.xml', 'if', 1)) | ExprStmtInsertion(('triangle.cpp.xml', '_inter_block', 21), ('triangle.cpp.xml', 'expr_stmt', 4)) | ExprStmtInsertion(('triangle.cpp.xml', '_inter_block', 8), ('triangle.cpp.xml', 'expr_stmt', 5))
2023-12-15 02:44:22,256	[INFO]	45      SUCCESS               1204104 (99.99%) [3 edit(s)] 
2023-12-15 02:44:23,245	[DEBUG]	EXEC>  SUCCESS 1204045
2023-12-15 02:44:23,245	[DEBUG]	IfDeletion(('triangle.cpp.xml', 'if', 1)) | ExprStmtInsertion(('triangle.cpp.xml', '_inter_block', 21), ('triangle.cpp.xml', 'expr_stmt', 4)) | ExprStmtInsertion(('triangle.cpp.xml', '_inter_block', 23), ('triangle.cpp.xml', 'expr_stmt', 9))
2023-12-15 02:44:23,246	[INFO]	46      SUCCESS               1204045 (99.98%) [3 edit(s)] 
2023-12-15 02:44:23,248	[DEBUG]	IfDeletion(('triangle.cpp.xml', 'if', 1)) | ExprStmtInsertion(('triangle.cpp.xml', '_inter_block', 21), ('triangle.cpp.xml', 'expr_stmt', 4)) | ExprStmtInsertion(('triangle.cpp.xml', '_inter_block', 21), ('triangle.cpp.xml', 'expr_stmt', 10))
2023-12-15 02:44:23,248	[INFO]	47      SUCCESS               1203978 (99.98%) [3 edit(s)] 
2023-12-15 02:44:24,332	[DEBUG]	EXEC>  SUCCESS 1751130
2023-12-15 02:44:24,333	[DEBUG]	IfDeletion(('triangle.cpp.xml', 'if', 1)) | ExprStmtInsertion(('triangle.cpp.xml', '_inter_block', 21), ('triangle.cpp.xml', 'expr_stmt', 4)) | ExprStmtInsertion(('triangle.cpp.xml', '_inter_block', 7), ('triangle.cpp.xml', 'expr_stmt', 1))
2023-12-15 02:44:24,334	[INFO]	48      SUCCESS               1751130 (145.41%) [3 edit(s)] 
2023-12-15 02:44:25,142	[DEBUG]	IfDeletion(('triangle.cpp.xml', 'if', 1)) | ExprStmtInsertion(('triangle.cpp.xml', '_inter_block', 21), ('triangle.cpp.xml', 'expr_stmt', 4)) | ExprStmtInsertion(('triangle.cpp.xml', '_inter_block', 8), ('triangle.cpp.xml', 'expr_stmt', 3))
2023-12-15 02:44:25,143	[INFO]	49      TEST_CODE_ERROR       None  [3 edit(s)]       
2023-12-15 02:44:26,005	[DEBUG]	IfDeletion(('triangle.cpp.xml', 'if', 1)) | ExprStmtInsertion(('triangle.cpp.xml', '_inter_block', 21), ('triangle.cpp.xml', 'expr_stmt', 4)) | ExprStmtInsertion(('triangle.cpp.xml', '_inter_block', 7), ('triangle.cpp.xml', 'expr_stmt', 4))
2023-12-15 02:44:26,005	[INFO]	50      TEST_CODE_ERROR       None  [3 edit(s)]       
2023-12-15 02:44:26,826	[DEBUG]	IfDeletion(('triangle.cpp.xml', 'if', 1)) | ExprStmtInsertion(('triangle.cpp.xml', '_inter_block', 21), ('triangle.cpp.xml', 'expr_stmt', 4)) | ExprStmtInsertion(('triangle.cpp.xml', '_inter_block', 22), ('triangle.cpp.xml', 'expr_stmt', 9))
2023-12-15 02:44:26,826	[INFO]	51      TEST_CODE_ERROR       None  [3 edit(s)]       
2023-12-15 02:44:26,828	[DEBUG]	IfDeletion(('triangle.cpp.xml', 'if', 1)) | ExprStmtInsertion(('triangle.cpp.xml', '_inter_block', 21), ('triangle.cpp.xml', 'expr_stmt', 4)) | ExprStmtInsertion(('triangle.cpp.xml', '_inter_block', 18), ('triangle.cpp.xml', 'expr_stmt', 0))
2023-12-15 02:44:26,828	[INFO]	52      SUCCESS               1203978 (99.98%) [3 edit(s)] 
2023-12-15 02:44:27,771	[DEBUG]	EXEC>  SUCCESS 1204009
2023-12-15 02:44:27,771	[DEBUG]	IfDeletion(('triangle.cpp.xml', 'if', 1)) | ExprStmtInsertion(('triangle.cpp.xml', '_inter_block', 21), ('triangle.cpp.xml', 'expr_stmt', 4)) | ExprStmtInsertion(('triangle.cpp.xml', '_inter_block', 12), ('triangle.cpp.xml', 'expr_stmt', 4))
2023-12-15 02:44:27,772	[INFO]	53      SUCCESS               1204009 (99.98%) [3 edit(s)] 
2023-12-15 02:44:27,936	[DEBUG]	IfDeletion(('triangle.cpp.xml', 'if', 1)) | ExprStmtInsertion(('triangle.cpp.xml', '_inter_block', 21), ('triangle.cpp.xml', 'expr_stmt', 4)) | ExprStmtInsertion(('triangle.cpp.xml', '_inter_block', 0), ('triangle.cpp.xml', 'expr_stmt', 8))
2023-12-15 02:44:27,937	[INFO]	54      COMPILE_CODE_ERROR    None  [3 edit(s)]       
2023-12-15 02:44:28,719	[DEBUG]	IfDeletion(('triangle.cpp.xml', 'if', 1)) | ExprStmtInsertion(('triangle.cpp.xml', '_inter_block', 21), ('triangle.cpp.xml', 'expr_stmt', 4)) | ReturnReplacement(('triangle.cpp.xml', 'return', 1), ('triangle.cpp.xml', 'stmt', 15))
2023-12-15 02:44:28,720	[INFO]	55      TEST_CODE_ERROR       None  [3 edit(s)]       
2023-12-15 02:44:28,854	[DEBUG]	IfDeletion(('triangle.cpp.xml', 'if', 1)) | ExprStmtInsertion(('triangle.cpp.xml', '_inter_block', 21), ('triangle.cpp.xml', 'expr_stmt', 4)) | ExprStmtInsertion(('triangle.cpp.xml', '_inter_block', 10), ('triangle.cpp.xml', 'expr_stmt', 0))
2023-12-15 02:44:28,854	[INFO]	56      COMPILE_CODE_ERROR    None  [3 edit(s)]       
2023-12-15 02:44:29,652	[DEBUG]	IfDeletion(('triangle.cpp.xml', 'if', 1)) | ExprStmtInsertion(('triangle.cpp.xml', '_inter_block', 21), ('triangle.cpp.xml', 'expr_stmt', 4)) | ReturnReplacement(('triangle.cpp.xml', 'return', 1), ('triangle.cpp.xml', 'stmt', 7))
2023-12-15 02:44:29,653	[INFO]	57      TEST_CODE_ERROR       None  [3 edit(s)]       
2023-12-15 02:44:30,635	[DEBUG]	EXEC>  SUCCESS 1204044
2023-12-15 02:44:30,636	[DEBUG]	IfDeletion(('triangle.cpp.xml', 'if', 1)) | ExprStmtInsertion(('triangle.cpp.xml', '_inter_block', 21), ('triangle.cpp.xml', 'expr_stmt', 4)) | ExprStmtInsertion(('triangle.cpp.xml', '_inter_block', 25), ('triangle.cpp.xml', 'expr_stmt', 5))
2023-12-15 02:44:30,637	[INFO]	58      SUCCESS               1204044 (99.98%) [3 edit(s)] 
2023-12-15 02:44:31,453	[DEBUG]	IfDeletion(('triangle.cpp.xml', 'if', 1)) | ExprStmtInsertion(('triangle.cpp.xml', '_inter_block', 21), ('triangle.cpp.xml', 'expr_stmt', 4)) | ExprStmtInsertion(('triangle.cpp.xml', '_inter_block', 14), ('triangle.cpp.xml', 'expr_stmt', 10))
2023-12-15 02:44:31,454	[INFO]	59      TEST_CODE_ERROR       None  [3 edit(s)]       
2023-12-15 02:44:31,455	[DEBUG]	IfDeletion(('triangle.cpp.xml', 'if', 1)) | ExprStmtInsertion(('triangle.cpp.xml', '_inter_block', 21), ('triangle.cpp.xml', 'expr_stmt', 4)) | ExprStmtInsertion(('triangle.cpp.xml', '_inter_block', 21), ('triangle.cpp.xml', 'expr_stmt', 2))
2023-12-15 02:44:31,455	[INFO]	60      SUCCESS               1203978 (99.98%) [3 edit(s)] 
2023-12-15 02:44:32,468	[DEBUG]	EXEC>  SUCCESS 1204159
2023-12-15 02:44:32,468	[DEBUG]	IfDeletion(('triangle.cpp.xml', 'if', 1)) | ExprStmtInsertion(('triangle.cpp.xml', '_inter_block', 21), ('triangle.cpp.xml', 'expr_stmt', 4)) | IfInsertion(('triangle.cpp.xml', '_inter_block', 10), ('triangle.cpp.xml', 'if', 3))
2023-12-15 02:44:32,469	[INFO]	61      SUCCESS               1204159 (99.99%) [3 edit(s)] 
2023-12-15 02:44:32,609	[DEBUG]	IfDeletion(('triangle.cpp.xml', 'if', 1)) | ExprStmtInsertion(('triangle.cpp.xml', '_inter_block', 21), ('triangle.cpp.xml', 'expr_stmt', 4)) | ExprStmtInsertion(('triangle.cpp.xml', '_inter_block', 3), ('triangle.cpp.xml', 'expr_stmt', 2))
2023-12-15 02:44:32,609	[INFO]	62      COMPILE_CODE_ERROR    None  [3 edit(s)]       
2023-12-15 02:44:33,627	[DEBUG]	EXEC>  SUCCESS 1204519
2023-12-15 02:44:33,628	[DEBUG]	IfDeletion(('triangle.cpp.xml', 'if', 1)) | ExprStmtInsertion(('triangle.cpp.xml', '_inter_block', 21), ('triangle.cpp.xml', 'expr_stmt', 4)) | ExprStmtInsertion(('triangle.cpp.xml', '_inter_block', 11), ('triangle.cpp.xml', 'expr_stmt', 1))
2023-12-15 02:44:33,629	[INFO]	63      SUCCESS              +1204519 (100.02%) [3 edit(s)] 
2023-12-15 02:44:33,630	[DEBUG]	--- before: triangle.cpp
+++ after: triangle.cpp
@@ -17,11 +17,7 @@
     b = tmp;
   }
 
-  if(a > c) {
-    tmp = a;
-    a = c;
-    c = tmp;
-  }
+  
 
   if(b > c) {
     tmp = b;
@@ -37,6 +33,7 @@
     /*auto*/{
       return EQUILATERAL;
     }/*auto*/
+  delay();
   if(a == b || b == c)
     /*auto*/{
       return ISOSCELES;

2023-12-15 02:44:33,632	[DEBUG]	IfDeletion(('triangle.cpp.xml', 'if', 1)) | ExprStmtInsertion(('triangle.cpp.xml', '_inter_block', 21), ('triangle.cpp.xml', 'expr_stmt', 4)) | ExprStmtInsertion(('triangle.cpp.xml', '_inter_block', 21), ('triangle.cpp.xml', 'expr_stmt', 2)) | ReturnInsertion(('triangle.cpp.xml', '_inter_block', 21), ('triangle.cpp.xml', 'return', 1))
2023-12-15 02:44:33,632	[INFO]	64      SUCCESS               1203978 (99.98%) [4 edit(s)] 
2023-12-15 02:44:34,471	[DEBUG]	IfDeletion(('triangle.cpp.xml', 'if', 1)) | ExprStmtInsertion(('triangle.cpp.xml', '_inter_block', 21), ('triangle.cpp.xml', 'expr_stmt', 4)) | ExprStmtInsertion(('triangle.cpp.xml', '_inter_block', 21), ('triangle.cpp.xml', 'expr_stmt', 2)) | ReturnInsertion(('triangle.cpp.xml', '_inter_block', 12), ('triangle.cpp.xml', 'return', 2))
2023-12-15 02:44:34,472	[INFO]	65      TEST_CODE_ERROR       None  [4 edit(s)]       
2023-12-15 02:44:35,259	[DEBUG]	IfDeletion(('triangle.cpp.xml', 'if', 1)) | ExprStmtInsertion(('triangle.cpp.xml', '_inter_block', 21), ('triangle.cpp.xml', 'expr_stmt', 4)) | ExprStmtInsertion(('triangle.cpp.xml', '_inter_block', 21), ('triangle.cpp.xml', 'expr_stmt', 2)) | ExprStmtInsertion(('triangle.cpp.xml', '_inter_block', 4), ('triangle.cpp.xml', 'expr_stmt', 9))
2023-12-15 02:44:35,259	[INFO]	66      TEST_CODE_ERROR       None  [4 edit(s)]       
2023-12-15 02:44:36,316	[DEBUG]	EXEC>  SUCCESS 1204059
2023-12-15 02:44:36,317	[DEBUG]	IfDeletion(('triangle.cpp.xml', 'if', 1)) | ExprStmtInsertion(('triangle.cpp.xml', '_inter_block', 21), ('triangle.cpp.xml', 'expr_stmt', 4)) | ExprStmtInsertion(('triangle.cpp.xml', '_inter_block', 21), ('triangle.cpp.xml', 'expr_stmt', 2)) | IfInsertion(('triangle.cpp.xml', '_inter_block', 12), ('triangle.cpp.xml', 'if', 0))
2023-12-15 02:44:36,318	[INFO]	67      SUCCESS               1204059 (99.99%) [4 edit(s)] 
2023-12-15 02:44:37,277	[DEBUG]	EXEC>  SUCCESS 1204257
2023-12-15 02:44:37,277	[DEBUG]	IfDeletion(('triangle.cpp.xml', 'if', 1)) | ExprStmtInsertion(('triangle.cpp.xml', '_inter_block', 21), ('triangle.cpp.xml', 'expr_stmt', 4)) | ExprStmtInsertion(('triangle.cpp.xml', '_inter_block', 21), ('triangle.cpp.xml', 'expr_stmt', 2)) | IfInsertion(('triangle.cpp.xml', '_inter_block', 9), ('triangle.cpp.xml', 'if', 0))
2023-12-15 02:44:37,278	[INFO]	68      SUCCESS               1204257 (100.0%) [4 edit(s)] 
2023-12-15 02:44:38,074	[DEBUG]	IfDeletion(('triangle.cpp.xml', 'if', 1)) | ExprStmtInsertion(('triangle.cpp.xml', '_inter_block', 21), ('triangle.cpp.xml', 'expr_stmt', 4)) | ExprStmtInsertion(('triangle.cpp.xml', '_inter_block', 21), ('triangle.cpp.xml', 'expr_stmt', 2)) | IfReplacement(('triangle.cpp.xml', 'if', 2), ('triangle.cpp.xml', 'stmt', 22))
2023-12-15 02:44:38,074	[INFO]	69      TEST_CODE_ERROR       None  [4 edit(s)]       
2023-12-15 02:44:39,031	[DEBUG]	EXEC>  SUCCESS 1203979
2023-12-15 02:44:39,032	[DEBUG]	IfDeletion(('triangle.cpp.xml', 'if', 1)) | ExprStmtInsertion(('triangle.cpp.xml', '_inter_block', 21), ('triangle.cpp.xml', 'expr_stmt', 4)) | ExprStmtInsertion(('triangle.cpp.xml', '_inter_block', 21), ('triangle.cpp.xml', 'expr_stmt', 2)) | IfInsertion(('triangle.cpp.xml', '_inter_block', 31), ('triangle.cpp.xml', 'if', 0))
2023-12-15 02:44:39,033	[INFO]	70      SUCCESS               1203979 (99.98%) [4 edit(s)] 
2023-12-15 02:44:40,015	[DEBUG]	EXEC>  SUCCESS 1204005
2023-12-15 02:44:40,015	[DEBUG]	IfDeletion(('triangle.cpp.xml', 'if', 1)) | ExprStmtInsertion(('triangle.cpp.xml', '_inter_block', 21), ('triangle.cpp.xml', 'expr_stmt', 4)) | ExprStmtInsertion(('triangle.cpp.xml', '_inter_block', 21), ('triangle.cpp.xml', 'expr_stmt', 2)) | IfInsertion(('triangle.cpp.xml', '_inter_block', 28), ('triangle.cpp.xml', 'if', 0))
2023-12-15 02:44:40,016	[INFO]	71      SUCCESS               1204005 (99.98%) [4 edit(s)] 
2023-12-15 02:44:40,990	[DEBUG]	EXEC>  SUCCESS 1453744
2023-12-15 02:44:40,990	[DEBUG]	IfDeletion(('triangle.cpp.xml', 'if', 1)) | ExprStmtInsertion(('triangle.cpp.xml', '_inter_block', 21), ('triangle.cpp.xml', 'expr_stmt', 4)) | ExprStmtInsertion(('triangle.cpp.xml', '_inter_block', 21), ('triangle.cpp.xml', 'expr_stmt', 2)) | IfInsertion(('triangle.cpp.xml', '_inter_block', 25), ('triangle.cpp.xml', 'if', 2))
2023-12-15 02:44:40,991	[INFO]	72      SUCCESS               1453744 (120.72%) [4 edit(s)] 
2023-12-15 02:44:41,833	[DEBUG]	IfDeletion(('triangle.cpp.xml', 'if', 1)) | ExprStmtInsertion(('triangle.cpp.xml', '_inter_block', 21), ('triangle.cpp.xml', 'expr_stmt', 4)) | ExprStmtInsertion(('triangle.cpp.xml', '_inter_block', 21), ('triangle.cpp.xml', 'expr_stmt', 2)) | IfInsertion(('triangle.cpp.xml', '_inter_block', 28), ('triangle.cpp.xml', 'if', 5))
2023-12-15 02:44:41,833	[INFO]	73      TEST_CODE_ERROR       None  [4 edit(s)]       
2023-12-15 02:44:42,815	[DEBUG]	EXEC>  SUCCESS 1204006
2023-12-15 02:44:42,815	[DEBUG]	IfDeletion(('triangle.cpp.xml', 'if', 1)) | ExprStmtInsertion(('triangle.cpp.xml', '_inter_block', 21), ('triangle.cpp.xml', 'expr_stmt', 4)) | ExprStmtInsertion(('triangle.cpp.xml', '_inter_block', 21), ('triangle.cpp.xml', 'expr_stmt', 2)) | IfInsertion(('triangle.cpp.xml', '_inter_block', 28), ('triangle.cpp.xml', 'if', 2))
2023-12-15 02:44:42,816	[INFO]	74      SUCCESS               1204006 (99.98%) [4 edit(s)] 
2023-12-15 02:44:42,818	[DEBUG]	IfDeletion(('triangle.cpp.xml', 'if', 1)) | ExprStmtInsertion(('triangle.cpp.xml', '_inter_block', 21), ('triangle.cpp.xml', 'expr_stmt', 4)) | ExprStmtInsertion(('triangle.cpp.xml', '_inter_block', 21), ('triangle.cpp.xml', 'expr_stmt', 2)) | IfInsertion(('triangle.cpp.xml', '_inter_block', 21), ('triangle.cpp.xml', 'if', 0))
2023-12-15 02:44:42,818	[INFO]	75      SUCCESS               1203978 (99.98%) [4 edit(s)] 
2023-12-15 02:44:43,819	[DEBUG]	EXEC>  SUCCESS 1204059
2023-12-15 02:44:43,819	[DEBUG]	IfDeletion(('triangle.cpp.xml', 'if', 1)) | ExprStmtInsertion(('triangle.cpp.xml', '_inter_block', 21), ('triangle.cpp.xml', 'expr_stmt', 4)) | ExprStmtInsertion(('triangle.cpp.xml', '_inter_block', 21), ('triangle.cpp.xml', 'expr_stmt', 2)) | IfInsertion(('triangle.cpp.xml', '_inter_block', 26), ('triangle.cpp.xml', 'if', 2))
2023-12-15 02:44:43,820	[INFO]	76      SUCCESS               1204059 (99.99%) [4 edit(s)] 
2023-12-15 02:44:44,811	[DEBUG]	EXEC>  SUCCESS 1204059
2023-12-15 02:44:44,811	[DEBUG]	IfDeletion(('triangle.cpp.xml', 'if', 1)) | ExprStmtInsertion(('triangle.cpp.xml', '_inter_block', 21), ('triangle.cpp.xml', 'expr_stmt', 4)) | ExprStmtInsertion(('triangle.cpp.xml', '_inter_block', 21), ('triangle.cpp.xml', 'expr_stmt', 2)) | IfInsertion(('triangle.cpp.xml', '_inter_block', 26), ('triangle.cpp.xml', 'if', 1))
2023-12-15 02:44:44,812	[INFO]	77      SUCCESS               1204059 (99.99%) [4 edit(s)] 
2023-12-15 02:44:45,631	[DEBUG]	IfDeletion(('triangle.cpp.xml', 'if', 1)) | ExprStmtInsertion(('triangle.cpp.xml', '_inter_block', 21), ('triangle.cpp.xml', 'expr_stmt', 4)) | ExprStmtInsertion(('triangle.cpp.xml', '_inter_block', 21), ('triangle.cpp.xml', 'expr_stmt', 2)) | ExprStmtReplacement(('triangle.cpp.xml', 'expr_stmt', 4), ('triangle.cpp.xml', 'stmt', 22))
2023-12-15 02:44:45,632	[INFO]	78      TEST_CODE_ERROR       None  [4 edit(s)]       
2023-12-15 02:44:46,627	[DEBUG]	EXEC>  SUCCESS 1204143
2023-12-15 02:44:46,628	[DEBUG]	IfDeletion(('triangle.cpp.xml', 'if', 1)) | ExprStmtInsertion(('triangle.cpp.xml', '_inter_block', 21), ('triangle.cpp.xml', 'expr_stmt', 4)) | ExprStmtInsertion(('triangle.cpp.xml', '_inter_block', 21), ('triangle.cpp.xml', 'expr_stmt', 2)) | IfInsertion(('triangle.cpp.xml', '_inter_block', 23), ('triangle.cpp.xml', 'if', 3))
2023-12-15 02:44:46,629	[INFO]	79      SUCCESS               1204143 (99.99%) [4 edit(s)] 
2023-12-15 02:44:46,773	[DEBUG]	IfDeletion(('triangle.cpp.xml', 'if', 1)) | ExprStmtInsertion(('triangle.cpp.xml', '_inter_block', 21), ('triangle.cpp.xml', 'expr_stmt', 4)) | ExprStmtInsertion(('triangle.cpp.xml', '_inter_block', 21), ('triangle.cpp.xml', 'expr_stmt', 2)) | IfInsertion(('triangle.cpp.xml', '_inter_block', 3), ('triangle.cpp.xml', 'if', 5))
2023-12-15 02:44:46,773	[INFO]	80      COMPILE_CODE_ERROR    None  [4 edit(s)]       
2023-12-15 02:44:46,775	[DEBUG]	IfDeletion(('triangle.cpp.xml', 'if', 1)) | ExprStmtInsertion(('triangle.cpp.xml', '_inter_block', 21), ('triangle.cpp.xml', 'expr_stmt', 4)) | ExprStmtInsertion(('triangle.cpp.xml', '_inter_block', 21), ('triangle.cpp.xml', 'expr_stmt', 2)) | ExprStmtReplacement(('triangle.cpp.xml', 'expr_stmt', 5), ('triangle.cpp.xml', 'stmt', 4))
2023-12-15 02:44:46,775	[INFO]	81      SUCCESS               1203978 (99.98%) [4 edit(s)] 
2023-12-15 02:44:46,776	[DEBUG]	IfDeletion(('triangle.cpp.xml', 'if', 1)) | ExprStmtInsertion(('triangle.cpp.xml', '_inter_block', 21), ('triangle.cpp.xml', 'expr_stmt', 4)) | ExprStmtInsertion(('triangle.cpp.xml', '_inter_block', 21), ('triangle.cpp.xml', 'expr_stmt', 2)) | IfInsertion(('triangle.cpp.xml', '_inter_block', 20), ('triangle.cpp.xml', 'if', 3))
2023-12-15 02:44:46,776	[INFO]	82      SUCCESS               1203978 (99.98%) [4 edit(s)] 
2023-12-15 02:44:47,727	[DEBUG]	EXEC>  SUCCESS 1323830
2023-12-15 02:44:47,728	[DEBUG]	IfDeletion(('triangle.cpp.xml', 'if', 1)) | ExprStmtInsertion(('triangle.cpp.xml', '_inter_block', 21), ('triangle.cpp.xml', 'expr_stmt', 4)) | ExprStmtInsertion(('triangle.cpp.xml', '_inter_block', 21), ('triangle.cpp.xml', 'expr_stmt', 2)) | IfInsertion(('triangle.cpp.xml', '_inter_block', 22), ('triangle.cpp.xml', 'if', 1))
2023-12-15 02:44:47,728	[INFO]	83      SUCCESS               1323830 (109.93%) [4 edit(s)] 
2023-12-15 02:44:48,721	[DEBUG]	EXEC>  SUCCESS 1204168
2023-12-15 02:44:48,722	[DEBUG]	IfDeletion(('triangle.cpp.xml', 'if', 1)) | ExprStmtInsertion(('triangle.cpp.xml', '_inter_block', 21), ('triangle.cpp.xml', 'expr_stmt', 4)) | ExprStmtInsertion(('triangle.cpp.xml', '_inter_block', 21), ('triangle.cpp.xml', 'expr_stmt', 2)) | IfInsertion(('triangle.cpp.xml', '_inter_block', 6), ('triangle.cpp.xml', 'if', 0))
2023-12-15 02:44:48,722	[INFO]	84      SUCCESS              +1204168 (99.99%) [4 edit(s)] 
2023-12-15 02:44:48,725	[DEBUG]	--- before: triangle.cpp
+++ after: triangle.cpp
@@ -9,6 +9,11 @@
   double tmp;
 
   delay();
+  if(a > b) {
+    tmp = a;
+    a = b;
+    b = tmp;
+  }
 
   // Sort the sides so that a <= b <= c
   if(a > b) {
@@ -17,11 +22,7 @@
     b = tmp;
   }
 
-  if(a > c) {
-    tmp = a;
-    a = c;
-    c = tmp;
-  }
+  
 
   if(b > c) {
     tmp = b;

2023-12-15 02:44:48,865	[DEBUG]	IfDeletion(('triangle.cpp.xml', 'if', 1)) | ExprStmtInsertion(('triangle.cpp.xml', '_inter_block', 21), ('triangle.cpp.xml', 'expr_stmt', 4)) | ExprStmtInsertion(('triangle.cpp.xml', '_inter_block', 21), ('triangle.cpp.xml', 'expr_stmt', 2)) | IfInsertion(('triangle.cpp.xml', '_inter_block', 20), ('triangle.cpp.xml', 'if', 3)) | IfInsertion(('triangle.cpp.xml', '_inter_block', 0), ('triangle.cpp.xml', 'if', 2))
2023-12-15 02:44:48,866	[INFO]	85      COMPILE_CODE_ERROR    None  [5 edit(s)]       
2023-12-15 02:44:48,988	[DEBUG]	IfDeletion(('triangle.cpp.xml', 'if', 1)) | ExprStmtInsertion(('triangle.cpp.xml', '_inter_block', 21), ('triangle.cpp.xml', 'expr_stmt', 4)) | ExprStmtInsertion(('triangle.cpp.xml', '_inter_block', 21), ('triangle.cpp.xml', 'expr_stmt', 2)) | IfInsertion(('triangle.cpp.xml', '_inter_block', 20), ('triangle.cpp.xml', 'if', 3)) | IfInsertion(('triangle.cpp.xml', '_inter_block', 0), ('triangle.cpp.xml', 'if', 5))
2023-12-15 02:44:48,989	[INFO]	86      COMPILE_CODE_ERROR    None  [5 edit(s)]       
2023-12-15 02:44:49,122	[DEBUG]	IfDeletion(('triangle.cpp.xml', 'if', 1)) | ExprStmtInsertion(('triangle.cpp.xml', '_inter_block', 21), ('triangle.cpp.xml', 'expr_stmt', 4)) | ExprStmtInsertion(('triangle.cpp.xml', '_inter_block', 21), ('triangle.cpp.xml', 'expr_stmt', 2)) | IfInsertion(('triangle.cpp.xml', '_inter_block', 20), ('triangle.cpp.xml', 'if', 3)) | DeclStmtInsertion(('triangle.cpp.xml', '_inter_block', 2), ('triangle.cpp.xml', 'decl_stmt', 0))
2023-12-15 02:44:49,123	[INFO]	87      COMPILE_CODE_ERROR    None  [5 edit(s)]       
2023-12-15 02:44:49,911	[DEBUG]	IfDeletion(('triangle.cpp.xml', 'if', 1)) | ExprStmtInsertion(('triangle.cpp.xml', '_inter_block', 21), ('triangle.cpp.xml', 'expr_stmt', 4)) | ExprStmtInsertion(('triangle.cpp.xml', '_inter_block', 21), ('triangle.cpp.xml', 'expr_stmt', 2)) | IfInsertion(('triangle.cpp.xml', '_inter_block', 20), ('triangle.cpp.xml', 'if', 3)) | IfInsertion(('triangle.cpp.xml', '_inter_block', 7), ('triangle.cpp.xml', 'if', 5))
2023-12-15 02:44:49,912	[INFO]	88      TEST_CODE_ERROR       None  [5 edit(s)]       
2023-12-15 02:44:50,870	[DEBUG]	EXEC>  SUCCESS 1411432
2023-12-15 02:44:50,870	[DEBUG]	IfDeletion(('triangle.cpp.xml', 'if', 1)) | ExprStmtInsertion(('triangle.cpp.xml', '_inter_block', 21), ('triangle.cpp.xml', 'expr_stmt', 4)) | ExprStmtInsertion(('triangle.cpp.xml', '_inter_block', 21), ('triangle.cpp.xml', 'expr_stmt', 2)) | IfInsertion(('triangle.cpp.xml', '_inter_block', 20), ('triangle.cpp.xml', 'if', 3)) | IfInsertion(('triangle.cpp.xml', '_inter_block', 23), ('triangle.cpp.xml', 'if', 4))
2023-12-15 02:44:50,871	[INFO]	89      SUCCESS               1411432 (117.21%) [5 edit(s)] 
2023-12-15 02:44:50,872	[INFO]	==== END ====
2023-12-15 02:44:50,873	[INFO]	
2023-12-15 02:44:50,873	[INFO]	==== REPORT ====
2023-12-15 02:44:50,874	[INFO]	Termination: time budget
2023-12-15 02:44:50,875	[INFO]	Log file: /cs/student/ug/2020/damibose/projects/magpie/_magpie_logs/triangle-cpp_slow_1702608223.log
2023-12-15 02:44:50,876	[INFO]	Patch file: _magpie_logs/triangle-cpp_slow_1702608223.patch
2023-12-15 02:44:50,876	[INFO]	Diff file: _magpie_logs/triangle-cpp_slow_1702608223.diff
2023-12-15 02:44:50,877	[INFO]	Best fitness: 1203978
2023-12-15 02:44:50,878	[INFO]	Best patch: IfDeletion(('triangle.cpp.xml', 'if', 1))
2023-12-15 02:44:50,878	[INFO]	Diff:
--- before: triangle.cpp
+++ after: triangle.cpp
@@ -17,11 +17,7 @@
     b = tmp;
   }
 
-  if(a > c) {
-    tmp = a;
-    a = c;
-    c = tmp;
-  }
+  
 
   if(b > c) {
     tmp = b;

