2023-12-15 02:48:14,013	[DEBUG]	==== CONFIG ====
[magpie]
import = 
seed = 3
log_dir = _magpie_logs
work_dir = _magpie_work
final_out_dir = experiments/results_e_greedy_proof_of_concept/epsilon_greedy/RandomSearch/trial_3
local_original_copy = True
local_original_name = __original__
output_encoding = ascii
edit_retries = 10
default_timeout = 30
default_lengthout = 10000.0
diff_method = unified
trust_local_filesystem = True

[software]
path = examples/code/triangle-cpp_slow
target_files = 
	triangle.cpp.xml
program = BasicProgram
engine_rules = 
	*.params : ConfigFileParamsEngine
	*.xml : SrcmlEngine
	* : LineEngine
engine_config = 
	*.params : [params]
	*.xml : [srcml]
init_cmd = 
init_timeout = 60
init_lengthout = -1
setup_cmd = ./setup.sh
setup_timeout = 
setup_lengthout = 
compile_cmd = ./compile.sh
compile_timeout = 
compile_lengthout = 
test_cmd = ./build/test_triangle
test_timeout = 
test_lengthout = 
run_cmd = perf stat ./build/run_triangle
run_timeout = 1
run_lengthout = 
batch_timeout = 
batch_lengthout = 
batch_bin_fitness_strategy = aggregate
batch_fitness_strategy = sum
fitness = perf_instructions

[srcml]
rename = 
focus = block break continue decl_stmt do expr_stmt for goto if return switch while
internodes = block
process_pseudo_blocks = True
process_literals = False
process_operators = False

[params]
timing = test run
cli_prefix = --
cli_glue = =
cli_boolean = show
cli_boolean_prefix_true = 
cli_boolean_prefix_false = no-
silent_prefix = @
silent_suffix = $

[search]
protocol = BasicProtocol
algorithm = RandomSearch
possible_edits = 
	DeclStmtReplacement
	ExprStmtReplacement
	IfReplacement
	ReturnReplacement
	DeclStmtInsertion
	ExprStmtInsertion
	IfInsertion
	ReturnInsertion
	DeclStmtDeletion
	ExprStmtDeletion
	IfDeletion
	ReturnDeletion
warmup = 5
warmup_strategy = last
max_steps = 100
max_time = 60
target_fitness = 
cache_maxsize = 40
cache_keep = 0.2
batch_instances = 
batch_shuffle = True
batch_bin_shuffle = False
batch_sample_size = 1
operator_selector = EpsilonGreedy
epsilon = 0.2

[search.ls]
delete_prob = 0
max_neighbours = 20
when_trapped = continue
accept_fail = False
tabu_length = 10

[search.gp]
pop_size = 10
delete_prob = 0.5
offspring_elitism = 0.1
offspring_crossover = 0.5
offspring_mutation = 0.4
uniform_rate = 0.5
batch_reset = True

[search.minify]
do_cleanup = True
do_rebuild = True
do_simplify = True
round_robin_limit = 3


2023-12-15 02:48:14,018	[INFO]	==== WARMUP ====
2023-12-15 02:48:16,528	[DEBUG]	EXEC>  SUCCESS 1204238
2023-12-15 02:48:16,528	[INFO]	WARM    SUCCESS               1204238                 
2023-12-15 02:48:17,553	[DEBUG]	EXEC>  SUCCESS 1204240
2023-12-15 02:48:17,553	[INFO]	WARM    SUCCESS               1204240                 
2023-12-15 02:48:18,529	[DEBUG]	EXEC>  SUCCESS 1204240
2023-12-15 02:48:18,530	[INFO]	WARM    SUCCESS               1204240                 
2023-12-15 02:48:19,572	[DEBUG]	EXEC>  SUCCESS 1204239
2023-12-15 02:48:19,572	[INFO]	WARM    SUCCESS               1204239                 
2023-12-15 02:48:20,551	[DEBUG]	EXEC>  SUCCESS 1204240
2023-12-15 02:48:20,552	[INFO]	WARM    SUCCESS               1204240                 
2023-12-15 02:48:20,552	[INFO]	INITIAL SUCCESS               1204240                 
2023-12-15 02:48:20,553	[INFO]	==== START: RandomSearch ====
2023-12-15 02:48:20,710	[DEBUG]	DeclStmtReplacement(('triangle.cpp.xml', 'decl_stmt', 0), ('triangle.cpp.xml', 'stmt', 13))
2023-12-15 02:48:20,711	[INFO]	1       COMPILE_CODE_ERROR    None  [1 edit(s)]       
2023-12-15 02:48:21,503	[DEBUG]	ExprStmtReplacement(('triangle.cpp.xml', 'expr_stmt', 10), ('triangle.cpp.xml', 'stmt', 14))
2023-12-15 02:48:21,504	[INFO]	2       TEST_CODE_ERROR       None  [1 edit(s)]       
2023-12-15 02:48:22,343	[DEBUG]	IfReplacement(('triangle.cpp.xml', 'if', 0), ('triangle.cpp.xml', 'stmt', 22))
2023-12-15 02:48:22,343	[INFO]	3       TEST_CODE_ERROR       None  [1 edit(s)]       
2023-12-15 02:48:23,206	[DEBUG]	IfReplacement(('triangle.cpp.xml', 'if', 2), ('triangle.cpp.xml', 'stmt', 11))
2023-12-15 02:48:23,207	[INFO]	4       TEST_CODE_ERROR       None  [1 edit(s)]       
2023-12-15 02:48:24,060	[DEBUG]	ReturnReplacement(('triangle.cpp.xml', 'return', 3), ('triangle.cpp.xml', 'stmt', 8))
2023-12-15 02:48:24,060	[INFO]	5       TEST_CODE_ERROR       None  [1 edit(s)]       
2023-12-15 02:48:25,043	[DEBUG]	EXEC>  SUCCESS 1204239
2023-12-15 02:48:25,044	[DEBUG]	DeclStmtInsertion(('triangle.cpp.xml', '_inter_block', 31), ('triangle.cpp.xml', 'decl_stmt', 1))
2023-12-15 02:48:25,045	[INFO]	6       SUCCESS              *1204239 (100.0%) [1 edit(s)] 
2023-12-15 02:48:25,046	[DEBUG]	--- before: triangle.cpp
+++ after: triangle.cpp
@@ -40,6 +40,7 @@
   if(a == b || b == c)
     /*auto*/{
       return ISOSCELES;
+      double tmp;
     }/*auto*/
   return SCALENE;
 }

2023-12-15 02:48:25,870	[DEBUG]	ExprStmtInsertion(('triangle.cpp.xml', '_inter_block', 22), ('triangle.cpp.xml', 'expr_stmt', 6))
2023-12-15 02:48:25,870	[INFO]	7       TEST_CODE_ERROR       None  [1 edit(s)]       
2023-12-15 02:48:26,711	[DEBUG]	IfInsertion(('triangle.cpp.xml', '_inter_block', 28), ('triangle.cpp.xml', 'if', 5))
2023-12-15 02:48:26,712	[INFO]	8       TEST_CODE_ERROR       None  [1 edit(s)]       
2023-12-15 02:48:27,531	[DEBUG]	ReturnInsertion(('triangle.cpp.xml', '_inter_block', 24), ('triangle.cpp.xml', 'return', 0))
2023-12-15 02:48:27,531	[INFO]	9       TEST_CODE_ERROR       None  [1 edit(s)]       
2023-12-15 02:48:27,689	[DEBUG]	DeclStmtDeletion(('triangle.cpp.xml', 'decl_stmt', 1))
2023-12-15 02:48:27,689	[INFO]	10      COMPILE_CODE_ERROR    None  [1 edit(s)]       
2023-12-15 02:48:28,474	[DEBUG]	ExprStmtDeletion(('triangle.cpp.xml', 'expr_stmt', 8))
2023-12-15 02:48:28,474	[INFO]	11      TEST_CODE_ERROR       None  [1 edit(s)]       
2023-12-15 02:48:29,283	[DEBUG]	IfDeletion(('triangle.cpp.xml', 'if', 3))
2023-12-15 02:48:29,284	[INFO]	12      TEST_CODE_ERROR       None  [1 edit(s)]       
2023-12-15 02:48:30,094	[DEBUG]	ReturnDeletion(('triangle.cpp.xml', 'return', 1))
2023-12-15 02:48:30,094	[INFO]	13      TEST_CODE_ERROR       None  [1 edit(s)]       
2023-12-15 02:48:31,148	[DEBUG]	EXEC>  SUCCESS 1204239
2023-12-15 02:48:31,149	[DEBUG]	DeclStmtInsertion(('triangle.cpp.xml', '_inter_block', 13), ('triangle.cpp.xml', 'decl_stmt', 0))
2023-12-15 02:48:31,150	[INFO]	14      SUCCESS               1204239 (100.0%) [1 edit(s)] 
2023-12-15 02:48:32,128	[DEBUG]	EXEC>  SUCCESS 1204239
2023-12-15 02:48:32,129	[DEBUG]	DeclStmtInsertion(('triangle.cpp.xml', '_inter_block', 18), ('triangle.cpp.xml', 'decl_stmt', 1))
2023-12-15 02:48:32,129	[INFO]	15      SUCCESS               1204239 (100.0%) [1 edit(s)] 
2023-12-15 02:48:33,145	[DEBUG]	EXEC>  SUCCESS 1204311
2023-12-15 02:48:33,145	[DEBUG]	DeclStmtInsertion(('triangle.cpp.xml', '_inter_block', 10), ('triangle.cpp.xml', 'decl_stmt', 0))
2023-12-15 02:48:33,146	[INFO]	16      SUCCESS               1204311 (100.01%) [1 edit(s)] 
2023-12-15 02:48:33,296	[DEBUG]	DeclStmtInsertion(('triangle.cpp.xml', '_inter_block', 1), ('triangle.cpp.xml', 'decl_stmt', 0))
2023-12-15 02:48:33,296	[INFO]	17      COMPILE_CODE_ERROR    None  [1 edit(s)]       
2023-12-15 02:48:33,433	[DEBUG]	DeclStmtInsertion(('triangle.cpp.xml', '_inter_block', 10), ('triangle.cpp.xml', 'decl_stmt', 1))
2023-12-15 02:48:33,434	[INFO]	18      COMPILE_CODE_ERROR    None  [1 edit(s)]       
2023-12-15 02:48:34,232	[DEBUG]	ReturnDeletion(('triangle.cpp.xml', 'return', 3))
2023-12-15 02:48:34,232	[INFO]	19      TEST_CODE_ERROR       None  [1 edit(s)]       
2023-12-15 02:48:35,203	[DEBUG]	EXEC>  SUCCESS 1204288
2023-12-15 02:48:35,204	[DEBUG]	DeclStmtInsertion(('triangle.cpp.xml', '_inter_block', 15), ('triangle.cpp.xml', 'decl_stmt', 0))
2023-12-15 02:48:35,205	[INFO]	20      SUCCESS               1204288 (100.0%) [1 edit(s)] 
2023-12-15 02:48:35,207	[DEBUG]	DeclStmtInsertion(('triangle.cpp.xml', '_inter_block', 10), ('triangle.cpp.xml', 'decl_stmt', 0))
2023-12-15 02:48:35,207	[INFO]	21      SUCCESS               1204311 (100.01%) [1 edit(s)] 
2023-12-15 02:48:36,244	[DEBUG]	EXEC>  SUCCESS 1204270
2023-12-15 02:48:36,245	[DEBUG]	DeclStmtInsertion(('triangle.cpp.xml', '_inter_block', 19), ('triangle.cpp.xml', 'decl_stmt', 0))
2023-12-15 02:48:36,246	[INFO]	22      SUCCESS               1204270 (100.0%) [1 edit(s)] 
2023-12-15 02:48:37,082	[DEBUG]	DeclStmtInsertion(('triangle.cpp.xml', '_inter_block', 16), ('triangle.cpp.xml', 'decl_stmt', 1))
2023-12-15 02:48:37,082	[INFO]	23      TEST_CODE_ERROR       None  [1 edit(s)]       
2023-12-15 02:48:38,049	[DEBUG]	EXEC>  SUCCESS 1204300
2023-12-15 02:48:38,050	[DEBUG]	DeclStmtInsertion(('triangle.cpp.xml', '_inter_block', 24), ('triangle.cpp.xml', 'decl_stmt', 0))
2023-12-15 02:48:38,050	[INFO]	24      SUCCESS               1204300 (100.0%) [1 edit(s)] 
2023-12-15 02:48:39,057	[DEBUG]	EXEC>  SUCCESS 1204239
2023-12-15 02:48:39,057	[DEBUG]	DeclStmtInsertion(('triangle.cpp.xml', '_inter_block', 26), ('triangle.cpp.xml', 'decl_stmt', 1))
2023-12-15 02:48:39,058	[INFO]	25      SUCCESS               1204239 (100.0%) [1 edit(s)] 
2023-12-15 02:48:39,227	[DEBUG]	DeclStmtInsertion(('triangle.cpp.xml', '_inter_block', 11), ('triangle.cpp.xml', 'decl_stmt', 1))
2023-12-15 02:48:39,228	[INFO]	26      COMPILE_CODE_ERROR    None  [1 edit(s)]       
2023-12-15 02:48:40,222	[DEBUG]	EXEC>  SUCCESS 1204365
2023-12-15 02:48:40,222	[DEBUG]	DeclStmtInsertion(('triangle.cpp.xml', '_inter_block', 7), ('triangle.cpp.xml', 'decl_stmt', 0))
2023-12-15 02:48:40,223	[INFO]	27      SUCCESS               1204365 (100.01%) [1 edit(s)] 
2023-12-15 02:48:41,036	[DEBUG]	ExprStmtDeletion(('triangle.cpp.xml', 'expr_stmt', 3))
2023-12-15 02:48:41,036	[INFO]	28      TEST_CODE_ERROR       None  [1 edit(s)]       
2023-12-15 02:48:42,041	[DEBUG]	EXEC>  SUCCESS 1204293
2023-12-15 02:48:42,042	[DEBUG]	DeclStmtInsertion(('triangle.cpp.xml', '_inter_block', 26), ('triangle.cpp.xml', 'decl_stmt', 0))
2023-12-15 02:48:42,043	[INFO]	29      SUCCESS               1204293 (100.0%) [1 edit(s)] 
2023-12-15 02:48:43,047	[DEBUG]	EXEC>  SUCCESS 1204239
2023-12-15 02:48:43,048	[DEBUG]	DeclStmtInsertion(('triangle.cpp.xml', '_inter_block', 1), ('triangle.cpp.xml', 'decl_stmt', 1))
2023-12-15 02:48:43,048	[INFO]	30      SUCCESS               1204239 (100.0%) [1 edit(s)] 
2023-12-15 02:48:44,099	[DEBUG]	EXEC>  SUCCESS 1204240
2023-12-15 02:48:44,100	[DEBUG]	ExprStmtReplacement(('triangle.cpp.xml', 'expr_stmt', 5), ('triangle.cpp.xml', 'stmt', 4))
2023-12-15 02:48:44,100	[INFO]	31      SUCCESS               1204240 (100.0%) [1 edit(s)] 
2023-12-15 02:48:45,090	[DEBUG]	EXEC>  SUCCESS 1204239
2023-12-15 02:48:45,091	[DEBUG]	DeclStmtInsertion(('triangle.cpp.xml', '_inter_block', 29), ('triangle.cpp.xml', 'decl_stmt', 0))
2023-12-15 02:48:45,092	[INFO]	32      SUCCESS               1204239 (100.0%) [1 edit(s)] 
2023-12-15 02:48:45,094	[DEBUG]	DeclStmtInsertion(('triangle.cpp.xml', '_inter_block', 29), ('triangle.cpp.xml', 'decl_stmt', 0))
2023-12-15 02:48:45,094	[INFO]	33      SUCCESS               1204239 (100.0%) [1 edit(s)] 
2023-12-15 02:48:45,095	[DEBUG]	DeclStmtInsertion(('triangle.cpp.xml', '_inter_block', 10), ('triangle.cpp.xml', 'decl_stmt', 0))
2023-12-15 02:48:45,095	[INFO]	34      SUCCESS               1204311 (100.01%) [1 edit(s)] 
2023-12-15 02:48:45,267	[DEBUG]	DeclStmtInsertion(('triangle.cpp.xml', '_inter_block', 4), ('triangle.cpp.xml', 'decl_stmt', 1))
2023-12-15 02:48:45,267	[INFO]	35      COMPILE_CODE_ERROR    None  [1 edit(s)]       
2023-12-15 02:48:46,281	[DEBUG]	EXEC>  SUCCESS 1204239
2023-12-15 02:48:46,282	[DEBUG]	DeclStmtInsertion(('triangle.cpp.xml', '_inter_block', 21), ('triangle.cpp.xml', 'decl_stmt', 1))
2023-12-15 02:48:46,283	[INFO]	36      SUCCESS               1204239 (100.0%) [1 edit(s)] 
2023-12-15 02:48:46,432	[DEBUG]	DeclStmtInsertion(('triangle.cpp.xml', '_inter_block', 6), ('triangle.cpp.xml', 'decl_stmt', 1))
2023-12-15 02:48:46,433	[INFO]	37      COMPILE_CODE_ERROR    None  [1 edit(s)]       
2023-12-15 02:48:47,272	[DEBUG]	DeclStmtInsertion(('triangle.cpp.xml', '_inter_block', 16), ('triangle.cpp.xml', 'decl_stmt', 1))
2023-12-15 02:48:47,272	[INFO]	38      TEST_CODE_ERROR       None  [1 edit(s)]       
2023-12-15 02:48:48,280	[DEBUG]	EXEC>  SUCCESS 1204264
2023-12-15 02:48:48,281	[DEBUG]	DeclStmtInsertion(('triangle.cpp.xml', '_inter_block', 30), ('triangle.cpp.xml', 'decl_stmt', 0))
2023-12-15 02:48:48,282	[INFO]	39      SUCCESS               1204264 (100.0%) [1 edit(s)] 
2023-12-15 02:48:49,287	[DEBUG]	EXEC>  SUCCESS 1204287
2023-12-15 02:48:49,288	[DEBUG]	DeclStmtInsertion(('triangle.cpp.xml', '_inter_block', 17), ('triangle.cpp.xml', 'decl_stmt', 0))
2023-12-15 02:48:49,289	[INFO]	40      SUCCESS               1204287 (100.0%) [1 edit(s)] 
2023-12-15 02:48:50,294	[DEBUG]	EXEC>  SUCCESS 1204270
2023-12-15 02:48:50,294	[DEBUG]	DeclStmtInsertion(('triangle.cpp.xml', '_inter_block', 21), ('triangle.cpp.xml', 'decl_stmt', 0))
2023-12-15 02:48:50,295	[INFO]	41      SUCCESS               1204270 (100.0%) [1 edit(s)] 
2023-12-15 02:48:51,324	[DEBUG]	EXEC>  SUCCESS 1204269
2023-12-15 02:48:51,324	[DEBUG]	DeclStmtInsertion(('triangle.cpp.xml', '_inter_block', 20), ('triangle.cpp.xml', 'decl_stmt', 0))
2023-12-15 02:48:51,325	[INFO]	42      SUCCESS               1204269 (100.0%) [1 edit(s)] 
2023-12-15 02:48:52,351	[DEBUG]	EXEC>  SUCCESS 1204268
2023-12-15 02:48:52,351	[DEBUG]	DeclStmtInsertion(('triangle.cpp.xml', '_inter_block', 18), ('triangle.cpp.xml', 'decl_stmt', 0))
2023-12-15 02:48:52,353	[INFO]	43      SUCCESS               1204268 (100.0%) [1 edit(s)] 
2023-12-15 02:48:53,178	[DEBUG]	DeclStmtInsertion(('triangle.cpp.xml', '_inter_block', 20), ('triangle.cpp.xml', 'decl_stmt', 1))
2023-12-15 02:48:53,178	[INFO]	44      TEST_CODE_ERROR       None  [1 edit(s)]       
2023-12-15 02:48:54,147	[DEBUG]	EXEC>  SUCCESS 1204239
2023-12-15 02:48:54,148	[DEBUG]	DeclStmtInsertion(('triangle.cpp.xml', '_inter_block', 28), ('triangle.cpp.xml', 'decl_stmt', 1))
2023-12-15 02:48:54,149	[INFO]	45      SUCCESS               1204239 (100.0%) [1 edit(s)] 
2023-12-15 02:48:54,952	[DEBUG]	ReturnInsertion(('triangle.cpp.xml', '_inter_block', 16), ('triangle.cpp.xml', 'return', 1))
2023-12-15 02:48:54,952	[INFO]	46      TEST_CODE_ERROR       None  [1 edit(s)]       
2023-12-15 02:48:55,928	[DEBUG]	EXEC>  SUCCESS 1204287
2023-12-15 02:48:55,928	[DEBUG]	DeclStmtInsertion(('triangle.cpp.xml', '_inter_block', 17), ('triangle.cpp.xml', 'decl_stmt', 0))
2023-12-15 02:48:55,929	[INFO]	47      SUCCESS               1204287 (100.0%) [1 edit(s)] 
2023-12-15 02:48:56,765	[DEBUG]	ReturnDeletion(('triangle.cpp.xml', 'return', 3))
2023-12-15 02:48:56,765	[INFO]	48      TEST_CODE_ERROR       None  [1 edit(s)]       
2023-12-15 02:48:57,779	[DEBUG]	EXEC>  SUCCESS 1204288
2023-12-15 02:48:57,780	[DEBUG]	DeclStmtInsertion(('triangle.cpp.xml', '_inter_block', 16), ('triangle.cpp.xml', 'decl_stmt', 0))
2023-12-15 02:48:57,780	[INFO]	49      SUCCESS               1204288 (100.0%) [1 edit(s)] 
2023-12-15 02:48:57,938	[DEBUG]	DeclStmtInsertion(('triangle.cpp.xml', '_inter_block', 3), ('triangle.cpp.xml', 'decl_stmt', 1))
2023-12-15 02:48:57,938	[INFO]	50      COMPILE_CODE_ERROR    None  [1 edit(s)]       
2023-12-15 02:48:58,084	[DEBUG]	DeclStmtInsertion(('triangle.cpp.xml', '_inter_block', 8), ('triangle.cpp.xml', 'decl_stmt', 1))
2023-12-15 02:48:58,085	[INFO]	51      COMPILE_CODE_ERROR    None  [1 edit(s)]       
2023-12-15 02:48:58,895	[DEBUG]	IfDeletion(('triangle.cpp.xml', 'if', 5))
2023-12-15 02:48:58,895	[INFO]	52      TEST_CODE_ERROR       None  [1 edit(s)]       
2023-12-15 02:48:59,037	[DEBUG]	DeclStmtInsertion(('triangle.cpp.xml', '_inter_block', 3), ('triangle.cpp.xml', 'decl_stmt', 0))
2023-12-15 02:48:59,037	[INFO]	53      COMPILE_CODE_ERROR    None  [1 edit(s)]       
2023-12-15 02:48:59,039	[DEBUG]	DeclStmtInsertion(('triangle.cpp.xml', '_inter_block', 20), ('triangle.cpp.xml', 'decl_stmt', 0))
2023-12-15 02:48:59,039	[INFO]	54      SUCCESS               1204269 (100.0%) [1 edit(s)] 
2023-12-15 02:49:00,039	[DEBUG]	EXEC>  SUCCESS 1204365
2023-12-15 02:49:00,039	[DEBUG]	DeclStmtInsertion(('triangle.cpp.xml', '_inter_block', 6), ('triangle.cpp.xml', 'decl_stmt', 0))
2023-12-15 02:49:00,040	[INFO]	55      SUCCESS               1204365 (100.01%) [1 edit(s)] 
2023-12-15 02:49:01,173	[DEBUG]	EXEC>  SUCCESS 1204239
2023-12-15 02:49:01,174	[DEBUG]	DeclStmtInsertion(('triangle.cpp.xml', '_inter_block', 27), ('triangle.cpp.xml', 'decl_stmt', 1))
2023-12-15 02:49:01,175	[INFO]	56      SUCCESS               1204239 (100.0%) [1 edit(s)] 
2023-12-15 02:49:02,193	[DEBUG]	EXEC>  SUCCESS 1204299
2023-12-15 02:49:02,194	[DEBUG]	IfInsertion(('triangle.cpp.xml', '_inter_block', 30), ('triangle.cpp.xml', 'if', 3))
2023-12-15 02:49:02,195	[INFO]	57      SUCCESS               1204299 (100.0%) [1 edit(s)] 
2023-12-15 02:49:03,071	[DEBUG]	DeclStmtInsertion(('triangle.cpp.xml', '_inter_block', 24), ('triangle.cpp.xml', 'decl_stmt', 1))
2023-12-15 02:49:03,071	[INFO]	58      TEST_CODE_ERROR       None  [1 edit(s)]       
2023-12-15 02:49:03,892	[DEBUG]	DeclStmtInsertion(('triangle.cpp.xml', '_inter_block', 24), ('triangle.cpp.xml', 'decl_stmt', 1))
2023-12-15 02:49:03,892	[INFO]	59      TEST_CODE_ERROR       None  [1 edit(s)]       
2023-12-15 02:49:04,725	[DEBUG]	ReturnInsertion(('triangle.cpp.xml', '_inter_block', 10), ('triangle.cpp.xml', 'return', 2))
2023-12-15 02:49:04,725	[INFO]	60      TEST_CODE_ERROR       None  [1 edit(s)]       
2023-12-15 02:49:05,801	[DEBUG]	EXEC>  SUCCESS 1204240
2023-12-15 02:49:05,802	[DEBUG]	DeclStmtInsertion(('triangle.cpp.xml', '_inter_block', 31), ('triangle.cpp.xml', 'decl_stmt', 1))
2023-12-15 02:49:05,803	[INFO]	61      SUCCESS               1204240 (100.0%) [1 edit(s)] 
2023-12-15 02:49:06,624	[DEBUG]	DeclStmtInsertion(('triangle.cpp.xml', '_inter_block', 23), ('triangle.cpp.xml', 'decl_stmt', 1))
2023-12-15 02:49:06,624	[INFO]	62      TEST_CODE_ERROR       None  [1 edit(s)]       
2023-12-15 02:49:07,460	[DEBUG]	ReturnDeletion(('triangle.cpp.xml', 'return', 1))
2023-12-15 02:49:07,461	[INFO]	63      TEST_CODE_ERROR       None  [1 edit(s)]       
2023-12-15 02:49:07,463	[DEBUG]	DeclStmtInsertion(('triangle.cpp.xml', '_inter_block', 18), ('triangle.cpp.xml', 'decl_stmt', 0))
2023-12-15 02:49:07,463	[INFO]	64      SUCCESS               1204268 (100.0%) [1 edit(s)] 
2023-12-15 02:49:08,255	[DEBUG]	DeclStmtInsertion(('triangle.cpp.xml', '_inter_block', 19), ('triangle.cpp.xml', 'decl_stmt', 1))
2023-12-15 02:49:08,255	[INFO]	65      TEST_CODE_ERROR       None  [1 edit(s)]       
2023-12-15 02:49:09,322	[DEBUG]	EXEC>  SUCCESS 1204270
2023-12-15 02:49:09,322	[DEBUG]	DeclStmtInsertion(('triangle.cpp.xml', '_inter_block', 12), ('triangle.cpp.xml', 'decl_stmt', 0))
2023-12-15 02:49:09,323	[INFO]	66      SUCCESS               1204270 (100.0%) [1 edit(s)] 
2023-12-15 02:49:10,132	[DEBUG]	DeclStmtInsertion(('triangle.cpp.xml', '_inter_block', 24), ('triangle.cpp.xml', 'decl_stmt', 1))
2023-12-15 02:49:10,133	[INFO]	67      TEST_CODE_ERROR       None  [1 edit(s)]       
2023-12-15 02:49:11,162	[DEBUG]	EXEC>  SUCCESS 1204238
2023-12-15 02:49:11,162	[DEBUG]	DeclStmtInsertion(('triangle.cpp.xml', '_inter_block', 13), ('triangle.cpp.xml', 'decl_stmt', 0))
2023-12-15 02:49:11,163	[INFO]	68      SUCCESS              *1204238 (100.0%) [1 edit(s)] 
2023-12-15 02:49:11,164	[DEBUG]	--- before: triangle.cpp
+++ after: triangle.cpp
@@ -42,4 +42,5 @@
       return ISOSCELES;
     }/*auto*/
   return SCALENE;
+  const struct timespec ms = {0, (long int) (0.001*1e9)};
 }

2023-12-15 02:49:12,155	[DEBUG]	EXEC>  SUCCESS 1204240
2023-12-15 02:49:12,156	[DEBUG]	DeclStmtInsertion(('triangle.cpp.xml', '_inter_block', 17), ('triangle.cpp.xml', 'decl_stmt', 1))
2023-12-15 02:49:12,157	[INFO]	69      SUCCESS               1204240 (100.0%) [1 edit(s)] 
2023-12-15 02:49:12,321	[DEBUG]	DeclStmtDeletion(('triangle.cpp.xml', 'decl_stmt', 0))
2023-12-15 02:49:12,322	[INFO]	70      COMPILE_CODE_ERROR    None  [1 edit(s)]       
2023-12-15 02:49:13,330	[DEBUG]	EXEC>  SUCCESS 1204239
2023-12-15 02:49:13,331	[DEBUG]	DeclStmtInsertion(('triangle.cpp.xml', '_inter_block', 21), ('triangle.cpp.xml', 'decl_stmt', 1))
2023-12-15 02:49:13,332	[INFO]	71      SUCCESS               1204239 (100.0%) [1 edit(s)] 
2023-12-15 02:49:14,331	[DEBUG]	EXEC>  SUCCESS 1204366
2023-12-15 02:49:14,331	[DEBUG]	DeclStmtInsertion(('triangle.cpp.xml', '_inter_block', 4), ('triangle.cpp.xml', 'decl_stmt', 0))
2023-12-15 02:49:14,332	[INFO]	72      SUCCESS               1204366 (100.01%) [1 edit(s)] 
2023-12-15 02:49:14,491	[DEBUG]	IfInsertion(('triangle.cpp.xml', '_inter_block', 4), ('triangle.cpp.xml', 'if', 2))
2023-12-15 02:49:14,492	[INFO]	73      COMPILE_CODE_ERROR    None  [1 edit(s)]       
2023-12-15 02:49:15,299	[DEBUG]	DeclStmtInsertion(('triangle.cpp.xml', '_inter_block', 24), ('triangle.cpp.xml', 'decl_stmt', 1))
2023-12-15 02:49:15,299	[INFO]	74      TEST_CODE_ERROR       None  [1 edit(s)]       
2023-12-15 02:49:16,336	[DEBUG]	EXEC>  SUCCESS 1204264
2023-12-15 02:49:16,337	[DEBUG]	DeclStmtInsertion(('triangle.cpp.xml', '_inter_block', 30), ('triangle.cpp.xml', 'decl_stmt', 0))
2023-12-15 02:49:16,338	[INFO]	75      SUCCESS               1204264 (100.0%) [1 edit(s)] 
2023-12-15 02:49:16,339	[DEBUG]	DeclStmtInsertion(('triangle.cpp.xml', '_inter_block', 20), ('triangle.cpp.xml', 'decl_stmt', 0))
2023-12-15 02:49:16,339	[INFO]	76      SUCCESS               1204269 (100.0%) [1 edit(s)] 
2023-12-15 02:49:17,335	[DEBUG]	EXEC>  SUCCESS 1204287
2023-12-15 02:49:17,335	[DEBUG]	DeclStmtInsertion(('triangle.cpp.xml', '_inter_block', 14), ('triangle.cpp.xml', 'decl_stmt', 0))
2023-12-15 02:49:17,336	[INFO]	77      SUCCESS               1204287 (100.0%) [1 edit(s)] 
2023-12-15 02:49:18,328	[DEBUG]	EXEC>  SUCCESS 1204240
2023-12-15 02:49:18,329	[DEBUG]	DeclStmtInsertion(('triangle.cpp.xml', '_inter_block', 14), ('triangle.cpp.xml', 'decl_stmt', 1))
2023-12-15 02:49:18,330	[INFO]	78      SUCCESS               1204240 (100.0%) [1 edit(s)] 
2023-12-15 02:49:18,507	[DEBUG]	DeclStmtInsertion(('triangle.cpp.xml', '_inter_block', 6), ('triangle.cpp.xml', 'decl_stmt', 1))
2023-12-15 02:49:18,507	[INFO]	79      COMPILE_CODE_ERROR    None  [1 edit(s)]       
2023-12-15 02:49:18,661	[DEBUG]	DeclStmtInsertion(('triangle.cpp.xml', '_inter_block', 5), ('triangle.cpp.xml', 'decl_stmt', 1))
2023-12-15 02:49:18,661	[INFO]	80      COMPILE_CODE_ERROR    None  [1 edit(s)]       
2023-12-15 02:49:18,663	[DEBUG]	DeclStmtInsertion(('triangle.cpp.xml', '_inter_block', 20), ('triangle.cpp.xml', 'decl_stmt', 0))
2023-12-15 02:49:18,663	[INFO]	81      SUCCESS               1204269 (100.0%) [1 edit(s)] 
2023-12-15 02:49:18,803	[DEBUG]	DeclStmtInsertion(('triangle.cpp.xml', '_inter_block', 12), ('triangle.cpp.xml', 'decl_stmt', 1))
2023-12-15 02:49:18,804	[INFO]	82      COMPILE_CODE_ERROR    None  [1 edit(s)]       
2023-12-15 02:49:18,806	[DEBUG]	DeclStmtInsertion(('triangle.cpp.xml', '_inter_block', 21), ('triangle.cpp.xml', 'decl_stmt', 0))
2023-12-15 02:49:18,806	[INFO]	83      SUCCESS               1204270 (100.0%) [1 edit(s)] 
2023-12-15 02:49:18,929	[DEBUG]	DeclStmtInsertion(('triangle.cpp.xml', '_inter_block', 3), ('triangle.cpp.xml', 'decl_stmt', 0))
2023-12-15 02:49:18,929	[INFO]	84      COMPILE_CODE_ERROR    None  [1 edit(s)]       
2023-12-15 02:49:19,054	[DEBUG]	DeclStmtInsertion(('triangle.cpp.xml', '_inter_block', 10), ('triangle.cpp.xml', 'decl_stmt', 1))
2023-12-15 02:49:19,054	[INFO]	85      COMPILE_CODE_ERROR    None  [1 edit(s)]       
2023-12-15 02:49:19,185	[DEBUG]	DeclStmtReplacement(('triangle.cpp.xml', 'decl_stmt', 1), ('triangle.cpp.xml', 'stmt', 8))
2023-12-15 02:49:19,185	[INFO]	86      COMPILE_CODE_ERROR    None  [1 edit(s)]       
2023-12-15 02:49:20,123	[DEBUG]	EXEC>  SUCCESS 1204240
2023-12-15 02:49:20,124	[DEBUG]	IfInsertion(('triangle.cpp.xml', '_inter_block', 31), ('triangle.cpp.xml', 'if', 3))
2023-12-15 02:49:20,124	[INFO]	87      SUCCESS               1204240 (100.0%) [1 edit(s)] 
2023-12-15 02:49:20,996	[DEBUG]	DeclStmtInsertion(('triangle.cpp.xml', '_inter_block', 15), ('triangle.cpp.xml', 'decl_stmt', 1))
2023-12-15 02:49:20,997	[INFO]	88      TEST_CODE_ERROR       None  [1 edit(s)]       
2023-12-15 02:49:20,998	[INFO]	==== END ====
2023-12-15 02:49:20,998	[INFO]	
2023-12-15 02:49:20,999	[INFO]	==== REPORT ====
2023-12-15 02:49:20,999	[INFO]	Termination: time budget
2023-12-15 02:49:21,000	[INFO]	Log file: /cs/student/ug/2020/damibose/projects/magpie/_magpie_logs/triangle-cpp_slow_1702608493.log
2023-12-15 02:49:21,002	[INFO]	Patch file: _magpie_logs/triangle-cpp_slow_1702608493.patch
2023-12-15 02:49:21,002	[INFO]	Diff file: _magpie_logs/triangle-cpp_slow_1702608493.diff
2023-12-15 02:49:21,002	[INFO]	Best fitness: 1204238
2023-12-15 02:49:21,003	[INFO]	Best patch: DeclStmtInsertion(('triangle.cpp.xml', '_inter_block', 13), ('triangle.cpp.xml', 'decl_stmt', 0))
2023-12-15 02:49:21,003	[INFO]	Diff:
--- before: triangle.cpp
+++ after: triangle.cpp
@@ -42,4 +42,5 @@
       return ISOSCELES;
     }/*auto*/
   return SCALENE;
+  const struct timespec ms = {0, (long int) (0.001*1e9)};
 }

