2023-12-14 14:49:21,513	[DEBUG]	==== CONFIG ====
[magpie]
import = 
seed = 1421079988347485
log_dir = _magpie_logs
work_dir = _magpie_work
local_original_copy = True
local_original_name = __original__
output_encoding = ascii
edit_retries = 10
default_timeout = 30
default_lengthout = 10000.0
diff_method = unified
trust_local_filesystem = True

[software]
path = examples/code/triangle-cpp_slow
target_files = 
	triangle.cpp.xml
program = BasicProgram
engine_rules = 
	*.params : ConfigFileParamsEngine
	*.xml : SrcmlEngine
	* : LineEngine
engine_config = 
	*.params : [params]
	*.xml : [srcml]
init_cmd = 
init_timeout = 60
init_lengthout = -1
setup_cmd = ./setup.sh
setup_timeout = 
setup_lengthout = 
compile_cmd = ./compile.sh
compile_timeout = 
compile_lengthout = 
test_cmd = ./build/test_triangle
test_timeout = 
test_lengthout = 
run_cmd = ./build/run_triangle
run_timeout = 1
run_lengthout = 
batch_timeout = 
batch_lengthout = 
batch_bin_fitness_strategy = aggregate
batch_fitness_strategy = sum
fitness = time

[srcml]
rename = 
	stmt: break continue decl_stmt do expr_stmt for goto if return switch while
	number: literal_number
focus = block stmt operator_comp operator_arith number
internodes = block
process_pseudo_blocks = True
process_literals = True
process_operators = True

[params]
timing = test run
cli_prefix = --
cli_glue = =
cli_boolean = show
cli_boolean_prefix_true = 
cli_boolean_prefix_false = no-
silent_prefix = @
silent_suffix = $

[search]
protocol = BasicProtocol
algorithm = FirstImprovement
possible_edits = 
	StmtReplacement
	StmtInsertion
	StmtDeletion
warmup = 3
warmup_strategy = last
max_steps = 2
max_time = 60
target_fitness = 
cache_maxsize = 40
cache_keep = 0.2
batch_instances = 
batch_shuffle = True
batch_bin_shuffle = False
batch_sample_size = 1

[search.ls]
delete_prob = 0.5
max_neighbours = 
when_trapped = continue
accept_fail = False
tabu_length = 10

[search.gp]
pop_size = 10
delete_prob = 0.5
offspring_elitism = 0.1
offspring_crossover = 0.5
offspring_mutation = 0.4
uniform_rate = 0.5
batch_reset = True

[search.minify]
do_cleanup = True
do_rebuild = True
do_simplify = True
round_robin_limit = 3


2023-12-14 14:49:21,519	[INFO]	==== WARMUP ====
2023-12-14 14:49:23,960	[DEBUG]	EXEC>  SUCCESS 0.1024
2023-12-14 14:49:23,961	[INFO]	WARM    SUCCESS               0.1024                  
2023-12-14 14:49:24,870	[DEBUG]	EXEC>  SUCCESS 0.0989
2023-12-14 14:49:24,871	[INFO]	WARM    SUCCESS               0.0989                  
2023-12-14 14:49:25,758	[DEBUG]	EXEC>  SUCCESS 0.1013
2023-12-14 14:49:25,758	[INFO]	WARM    SUCCESS               0.1013                  
2023-12-14 14:49:25,759	[INFO]	INITIAL SUCCESS               0.1013                  
2023-12-14 14:49:25,760	[INFO]	==== START: FirstImprovement ====
2023-12-14 14:49:26,551	[DEBUG]	StmtReplacement(('triangle.cpp.xml', 'stmt', 6), ('triangle.cpp.xml', 'stmt', 22))
2023-12-14 14:49:26,552	[INFO]	1       TEST_CODE_ERROR       None  [1 edit(s)]       
2023-12-14 14:49:26,694	[DEBUG]	StmtReplacement(('triangle.cpp.xml', 'stmt', 2), ('triangle.cpp.xml', 'stmt', 3))
2023-12-14 14:49:26,695	[INFO]	2       COMPILE_CODE_ERROR    None  [1 edit(s)]       
2023-12-14 14:49:26,695	[INFO]	==== END ====
2023-12-14 14:49:26,696	[INFO]	
2023-12-14 14:49:26,696	[INFO]	==== REPORT ====
2023-12-14 14:49:26,697	[INFO]	Termination: step budget
2023-12-14 14:49:26,697	[INFO]	Log file: /cs/student/ug/2020/damibose/projects/magpie/_magpie_logs/triangle-cpp_slow_1702565361.log
