2023-12-14 14:42:39,421	[DEBUG]	==== CONFIG ====
[magpie]
import = 
seed = 8258603198066225
log_dir = _magpie_logs
work_dir = _magpie_work
local_original_copy = True
local_original_name = __original__
output_encoding = ascii
edit_retries = 10
default_timeout = 30
default_lengthout = 10000.0
diff_method = unified
trust_local_filesystem = True

[software]
path = examples/code/triangle-cpp_slow
target_files = 
	triangle.cpp.xml
program = BasicProgram
engine_rules = 
	*.params : ConfigFileParamsEngine
	*.xml : SrcmlEngine
	* : LineEngine
engine_config = 
	*.params : [params]
	*.xml : [srcml]
init_cmd = 
init_timeout = 60
init_lengthout = -1
setup_cmd = ./setup.sh
setup_timeout = 
setup_lengthout = 
compile_cmd = ./compile.sh
compile_timeout = 
compile_lengthout = 
test_cmd = ./build/test_triangle
test_timeout = 
test_lengthout = 
run_cmd = ./build/run_triangle
run_timeout = 1
run_lengthout = 
batch_timeout = 
batch_lengthout = 
batch_bin_fitness_strategy = aggregate
batch_fitness_strategy = sum
fitness = time

[srcml]
rename = 
focus = block break continue decl_stmt do expr_stmt for goto if return switch while
internodes = block
process_pseudo_blocks = True
process_literals = False
process_operators = False

[params]
timing = test run
cli_prefix = --
cli_glue = =
cli_boolean = show
cli_boolean_prefix_true = 
cli_boolean_prefix_false = no-
silent_prefix = @
silent_suffix = $

[search]
protocol = BasicProtocol
algorithm = FirstImprovement
possible_edits = 
	DeclStmtReplacement
	ExprStmtReplacement
	IfReplacement
	ReturnReplacement
	DeclStmtInsertion
	ExprStmtInsertion
	IfInsertion
	ReturnInsertion
	DeclStmtDeletion
	ExprStmtDeletion
	IfDeletion
	ReturnDeletion
warmup = 1
warmup_strategy = last
max_steps = 100
max_time = 60
target_fitness = 
cache_maxsize = 40
cache_keep = 0.2
batch_instances = 
batch_shuffle = True
batch_bin_shuffle = False
batch_sample_size = 1
operator_selector = WeightedSelector
initial_weights = 
	0
	0
	0
	0
	0
	0
	0
	0
	0
	1
	0
	0

[search.ls]
delete_prob = 0.5
max_neighbours = 
when_trapped = continue
accept_fail = False
tabu_length = 10

[search.gp]
pop_size = 10
delete_prob = 0.5
offspring_elitism = 0.1
offspring_crossover = 0.5
offspring_mutation = 0.4
uniform_rate = 0.5
batch_reset = True

[search.minify]
do_cleanup = True
do_rebuild = True
do_simplify = True
round_robin_limit = 3


2023-12-14 14:42:39,426	[INFO]	==== WARMUP ====
2023-12-14 14:42:41,903	[DEBUG]	EXEC>  SUCCESS 0.0961
2023-12-14 14:42:41,903	[INFO]	WARM    SUCCESS               0.0961                  
2023-12-14 14:42:41,904	[INFO]	INITIAL SUCCESS               0.0961                  
2023-12-14 14:42:41,905	[INFO]	==== START: FirstImprovement ====
2023-12-14 14:42:42,665	[DEBUG]	ExprStmtDeletion(('triangle.cpp.xml', 'expr_stmt', 2))
2023-12-14 14:42:42,665	[INFO]	1       TEST_CODE_ERROR       None  [1 edit(s)]       
2023-12-14 14:42:43,432	[DEBUG]	ExprStmtDeletion(('triangle.cpp.xml', 'expr_stmt', 7))
2023-12-14 14:42:43,432	[INFO]	2       TEST_CODE_ERROR       None  [1 edit(s)]       
2023-12-14 14:42:44,211	[DEBUG]	ExprStmtDeletion(('triangle.cpp.xml', 'expr_stmt', 5))
2023-12-14 14:42:44,211	[INFO]	3       TEST_CODE_ERROR       None  [1 edit(s)]       
2023-12-14 14:42:45,051	[DEBUG]	ExprStmtDeletion(('triangle.cpp.xml', 'expr_stmt', 9))
2023-12-14 14:42:45,051	[INFO]	4       TEST_CODE_ERROR       None  [1 edit(s)]       
2023-12-14 14:42:45,870	[DEBUG]	ExprStmtDeletion(('triangle.cpp.xml', 'expr_stmt', 8))
2023-12-14 14:42:45,870	[INFO]	5       TEST_CODE_ERROR       None  [1 edit(s)]       
2023-12-14 14:42:46,649	[DEBUG]	ExprStmtDeletion(('triangle.cpp.xml', 'expr_stmt', 3))
2023-12-14 14:42:46,649	[INFO]	6       TEST_CODE_ERROR       None  [1 edit(s)]       
2023-12-14 14:42:47,451	[DEBUG]	ExprStmtDeletion(('triangle.cpp.xml', 'expr_stmt', 3))
2023-12-14 14:42:47,451	[INFO]	7       TEST_CODE_ERROR       None  [1 edit(s)]       
2023-12-14 14:42:48,246	[DEBUG]	ExprStmtDeletion(('triangle.cpp.xml', 'expr_stmt', 3))
2023-12-14 14:42:48,247	[INFO]	8       TEST_CODE_ERROR       None  [1 edit(s)]       
2023-12-14 14:42:49,028	[DEBUG]	ExprStmtDeletion(('triangle.cpp.xml', 'expr_stmt', 9))
2023-12-14 14:42:49,028	[INFO]	9       TEST_CODE_ERROR       None  [1 edit(s)]       
2023-12-14 14:42:49,831	[DEBUG]	ExprStmtDeletion(('triangle.cpp.xml', 'expr_stmt', 10))
2023-12-14 14:42:49,832	[INFO]	10      TEST_CODE_ERROR       None  [1 edit(s)]       
2023-12-14 14:42:50,622	[DEBUG]	EXEC>  SUCCESS 0.0234
2023-12-14 14:42:50,622	[DEBUG]	ExprStmtDeletion(('triangle.cpp.xml', 'expr_stmt', 1))
2023-12-14 14:42:50,623	[INFO]	11      SUCCESS              *0.0234 (24.35%) [1 edit(s)] 
2023-12-14 14:42:50,624	[DEBUG]	--- before: triangle.cpp
+++ after: triangle.cpp
@@ -8,7 +8,7 @@
 int classify_triangle(double a, double b, double c) {
   double tmp;
 
-  delay();
+  
 
   // Sort the sides so that a <= b <= c
   if(a > b) {

2023-12-14 14:42:51,372	[DEBUG]	ExprStmtDeletion(('triangle.cpp.xml', 'expr_stmt', 1)) | ExprStmtDeletion(('triangle.cpp.xml', 'expr_stmt', 6))
2023-12-14 14:42:51,372	[INFO]	12      TEST_CODE_ERROR       None  [2 edit(s)]       
2023-12-14 14:42:52,276	[DEBUG]	EXEC>  SUCCESS 0.1054
2023-12-14 14:42:52,277	[DEBUG]	
2023-12-14 14:42:52,278	[INFO]	13      SUCCESS               0.1054 (109.68%) [0 edit(s)] 
2023-12-14 14:42:53,054	[DEBUG]	ExprStmtDeletion(('triangle.cpp.xml', 'expr_stmt', 1)) | ExprStmtDeletion(('triangle.cpp.xml', 'expr_stmt', 3))
2023-12-14 14:42:53,054	[INFO]	14      TEST_CODE_ERROR       None  [2 edit(s)]       
2023-12-14 14:42:53,056	[DEBUG]	ExprStmtDeletion(('triangle.cpp.xml', 'expr_stmt', 1)) | ExprStmtDeletion(('triangle.cpp.xml', 'expr_stmt', 1))
2023-12-14 14:42:53,056	[INFO]	15      SUCCESS              +0.0234 (24.35%) [2 edit(s)] 
2023-12-14 14:42:53,057	[DEBUG]	--- before: triangle.cpp
+++ after: triangle.cpp
@@ -8,7 +8,7 @@
 int classify_triangle(double a, double b, double c) {
   double tmp;
 
-  delay();
+  
 
   // Sort the sides so that a <= b <= c
   if(a > b) {

2023-12-14 14:42:53,844	[DEBUG]	EXEC>  SUCCESS 0.0261
2023-12-14 14:42:53,844	[DEBUG]	ExprStmtDeletion(('triangle.cpp.xml', 'expr_stmt', 1)) | ExprStmtDeletion(('triangle.cpp.xml', 'expr_stmt', 1)) | ExprStmtDeletion(('triangle.cpp.xml', 'expr_stmt', 0))
2023-12-14 14:42:53,845	[INFO]	16      SUCCESS               0.0261 (27.16%) [3 edit(s)] 
2023-12-14 14:42:54,624	[DEBUG]	ExprStmtDeletion(('triangle.cpp.xml', 'expr_stmt', 1)) | ExprStmtDeletion(('triangle.cpp.xml', 'expr_stmt', 1)) | ExprStmtDeletion(('triangle.cpp.xml', 'expr_stmt', 10))
2023-12-14 14:42:54,625	[INFO]	17      TEST_CODE_ERROR       None  [3 edit(s)]       
2023-12-14 14:42:54,626	[DEBUG]	ExprStmtDeletion(('triangle.cpp.xml', 'expr_stmt', 1))
2023-12-14 14:42:54,627	[INFO]	18      SUCCESS              +0.0234 (24.35%) [1 edit(s)] 
2023-12-14 14:42:54,627	[DEBUG]	--- before: triangle.cpp
+++ after: triangle.cpp
@@ -8,7 +8,7 @@
 int classify_triangle(double a, double b, double c) {
   double tmp;
 
-  delay();
+  
 
   // Sort the sides so that a <= b <= c
   if(a > b) {

2023-12-14 14:42:54,628	[DEBUG]	
2023-12-14 14:42:54,628	[INFO]	19      SUCCESS               0.1054 (109.68%) [0 edit(s)] 
2023-12-14 14:42:55,441	[DEBUG]	ExprStmtDeletion(('triangle.cpp.xml', 'expr_stmt', 1)) | ExprStmtDeletion(('triangle.cpp.xml', 'expr_stmt', 9))
2023-12-14 14:42:55,441	[INFO]	20      TEST_CODE_ERROR       None  [2 edit(s)]       
2023-12-14 14:42:56,163	[DEBUG]	ExprStmtDeletion(('triangle.cpp.xml', 'expr_stmt', 1)) | ExprStmtDeletion(('triangle.cpp.xml', 'expr_stmt', 2))
2023-12-14 14:42:56,163	[INFO]	21      TEST_CODE_ERROR       None  [2 edit(s)]       
2023-12-14 14:42:56,914	[DEBUG]	ExprStmtDeletion(('triangle.cpp.xml', 'expr_stmt', 1)) | ExprStmtDeletion(('triangle.cpp.xml', 'expr_stmt', 3))
2023-12-14 14:42:56,914	[INFO]	22      TEST_CODE_ERROR       None  [2 edit(s)]       
2023-12-14 14:42:57,698	[DEBUG]	ExprStmtDeletion(('triangle.cpp.xml', 'expr_stmt', 1)) | ExprStmtDeletion(('triangle.cpp.xml', 'expr_stmt', 7))
2023-12-14 14:42:57,698	[INFO]	23      TEST_CODE_ERROR       None  [2 edit(s)]       
2023-12-14 14:42:58,463	[DEBUG]	ExprStmtDeletion(('triangle.cpp.xml', 'expr_stmt', 1)) | ExprStmtDeletion(('triangle.cpp.xml', 'expr_stmt', 3))
2023-12-14 14:42:58,463	[INFO]	24      TEST_CODE_ERROR       None  [2 edit(s)]       
2023-12-14 14:42:59,241	[DEBUG]	ExprStmtDeletion(('triangle.cpp.xml', 'expr_stmt', 1)) | ExprStmtDeletion(('triangle.cpp.xml', 'expr_stmt', 7))
2023-12-14 14:42:59,242	[INFO]	25      TEST_CODE_ERROR       None  [2 edit(s)]       
2023-12-14 14:43:00,081	[DEBUG]	ExprStmtDeletion(('triangle.cpp.xml', 'expr_stmt', 1)) | ExprStmtDeletion(('triangle.cpp.xml', 'expr_stmt', 9))
2023-12-14 14:43:00,081	[INFO]	26      TEST_CODE_ERROR       None  [2 edit(s)]       
2023-12-14 14:43:00,825	[DEBUG]	ExprStmtDeletion(('triangle.cpp.xml', 'expr_stmt', 1)) | ExprStmtDeletion(('triangle.cpp.xml', 'expr_stmt', 9))
2023-12-14 14:43:00,825	[INFO]	27      TEST_CODE_ERROR       None  [2 edit(s)]       
2023-12-14 14:43:01,629	[DEBUG]	ExprStmtDeletion(('triangle.cpp.xml', 'expr_stmt', 1)) | ExprStmtDeletion(('triangle.cpp.xml', 'expr_stmt', 7))
2023-12-14 14:43:01,629	[INFO]	28      TEST_CODE_ERROR       None  [2 edit(s)]       
2023-12-14 14:43:02,450	[DEBUG]	ExprStmtDeletion(('triangle.cpp.xml', 'expr_stmt', 1)) | ExprStmtDeletion(('triangle.cpp.xml', 'expr_stmt', 9))
2023-12-14 14:43:02,451	[INFO]	29      TEST_CODE_ERROR       None  [2 edit(s)]       
2023-12-14 14:43:03,224	[DEBUG]	ExprStmtDeletion(('triangle.cpp.xml', 'expr_stmt', 1)) | ExprStmtDeletion(('triangle.cpp.xml', 'expr_stmt', 3))
2023-12-14 14:43:03,225	[INFO]	30      TEST_CODE_ERROR       None  [2 edit(s)]       
2023-12-14 14:43:04,018	[DEBUG]	ExprStmtDeletion(('triangle.cpp.xml', 'expr_stmt', 1)) | ExprStmtDeletion(('triangle.cpp.xml', 'expr_stmt', 10))
2023-12-14 14:43:04,018	[INFO]	31      TEST_CODE_ERROR       None  [2 edit(s)]       
2023-12-14 14:43:04,752	[DEBUG]	ExprStmtDeletion(('triangle.cpp.xml', 'expr_stmt', 1)) | ExprStmtDeletion(('triangle.cpp.xml', 'expr_stmt', 3))
2023-12-14 14:43:04,752	[INFO]	32      TEST_CODE_ERROR       None  [2 edit(s)]       
2023-12-14 14:43:05,537	[DEBUG]	ExprStmtDeletion(('triangle.cpp.xml', 'expr_stmt', 1)) | ExprStmtDeletion(('triangle.cpp.xml', 'expr_stmt', 4))
2023-12-14 14:43:05,537	[INFO]	33      TEST_CODE_ERROR       None  [2 edit(s)]       
2023-12-14 14:43:06,286	[DEBUG]	ExprStmtDeletion(('triangle.cpp.xml', 'expr_stmt', 1)) | ExprStmtDeletion(('triangle.cpp.xml', 'expr_stmt', 8))
2023-12-14 14:43:06,287	[INFO]	34      TEST_CODE_ERROR       None  [2 edit(s)]       
2023-12-14 14:43:07,046	[DEBUG]	ExprStmtDeletion(('triangle.cpp.xml', 'expr_stmt', 1)) | ExprStmtDeletion(('triangle.cpp.xml', 'expr_stmt', 4))
2023-12-14 14:43:07,047	[INFO]	35      TEST_CODE_ERROR       None  [2 edit(s)]       
2023-12-14 14:43:07,800	[DEBUG]	ExprStmtDeletion(('triangle.cpp.xml', 'expr_stmt', 1)) | ExprStmtDeletion(('triangle.cpp.xml', 'expr_stmt', 10))
2023-12-14 14:43:07,800	[INFO]	36      TEST_CODE_ERROR       None  [2 edit(s)]       
2023-12-14 14:43:08,558	[DEBUG]	ExprStmtDeletion(('triangle.cpp.xml', 'expr_stmt', 1)) | ExprStmtDeletion(('triangle.cpp.xml', 'expr_stmt', 9))
2023-12-14 14:43:08,558	[INFO]	37      TEST_CODE_ERROR       None  [2 edit(s)]       
2023-12-14 14:43:09,324	[DEBUG]	ExprStmtDeletion(('triangle.cpp.xml', 'expr_stmt', 1)) | ExprStmtDeletion(('triangle.cpp.xml', 'expr_stmt', 7))
2023-12-14 14:43:09,325	[INFO]	38      TEST_CODE_ERROR       None  [2 edit(s)]       
2023-12-14 14:43:10,082	[DEBUG]	ExprStmtDeletion(('triangle.cpp.xml', 'expr_stmt', 1)) | ExprStmtDeletion(('triangle.cpp.xml', 'expr_stmt', 6))
2023-12-14 14:43:10,082	[INFO]	39      TEST_CODE_ERROR       None  [2 edit(s)]       
2023-12-14 14:43:10,780	[DEBUG]	ExprStmtDeletion(('triangle.cpp.xml', 'expr_stmt', 1)) | ExprStmtDeletion(('triangle.cpp.xml', 'expr_stmt', 4))
2023-12-14 14:43:10,780	[INFO]	40      TEST_CODE_ERROR       None  [2 edit(s)]       
2023-12-14 14:43:11,537	[DEBUG]	ExprStmtDeletion(('triangle.cpp.xml', 'expr_stmt', 1)) | ExprStmtDeletion(('triangle.cpp.xml', 'expr_stmt', 9))
2023-12-14 14:43:11,538	[INFO]	41      TEST_CODE_ERROR       None  [2 edit(s)]       
2023-12-14 14:43:12,262	[DEBUG]	ExprStmtDeletion(('triangle.cpp.xml', 'expr_stmt', 1)) | ExprStmtDeletion(('triangle.cpp.xml', 'expr_stmt', 6))
2023-12-14 14:43:12,263	[INFO]	42      TEST_CODE_ERROR       None  [2 edit(s)]       
2023-12-14 14:43:12,265	[DEBUG]	ExprStmtDeletion(('triangle.cpp.xml', 'expr_stmt', 1)) | ExprStmtDeletion(('triangle.cpp.xml', 'expr_stmt', 1))
2023-12-14 14:43:12,265	[INFO]	43      SUCCESS              +0.0234 (24.35%) [2 edit(s)] 
2023-12-14 14:43:12,266	[DEBUG]	--- before: triangle.cpp
+++ after: triangle.cpp
@@ -8,7 +8,7 @@
 int classify_triangle(double a, double b, double c) {
   double tmp;
 
-  delay();
+  
 
   // Sort the sides so that a <= b <= c
   if(a > b) {

2023-12-14 14:43:13,017	[DEBUG]	ExprStmtDeletion(('triangle.cpp.xml', 'expr_stmt', 1)) | ExprStmtDeletion(('triangle.cpp.xml', 'expr_stmt', 1)) | ExprStmtDeletion(('triangle.cpp.xml', 'expr_stmt', 7))
2023-12-14 14:43:13,017	[INFO]	44      TEST_CODE_ERROR       None  [3 edit(s)]       
2023-12-14 14:43:13,796	[DEBUG]	ExprStmtDeletion(('triangle.cpp.xml', 'expr_stmt', 1)) | ExprStmtDeletion(('triangle.cpp.xml', 'expr_stmt', 1)) | ExprStmtDeletion(('triangle.cpp.xml', 'expr_stmt', 3))
2023-12-14 14:43:13,796	[INFO]	45      TEST_CODE_ERROR       None  [3 edit(s)]       
2023-12-14 14:43:14,530	[DEBUG]	ExprStmtDeletion(('triangle.cpp.xml', 'expr_stmt', 1)) | ExprStmtDeletion(('triangle.cpp.xml', 'expr_stmt', 1)) | ExprStmtDeletion(('triangle.cpp.xml', 'expr_stmt', 7))
2023-12-14 14:43:14,530	[INFO]	46      TEST_CODE_ERROR       None  [3 edit(s)]       
2023-12-14 14:43:14,531	[DEBUG]	ExprStmtDeletion(('triangle.cpp.xml', 'expr_stmt', 1))
2023-12-14 14:43:14,531	[INFO]	47      SUCCESS              +0.0234 (24.35%) [1 edit(s)] 
2023-12-14 14:43:14,532	[DEBUG]	--- before: triangle.cpp
+++ after: triangle.cpp
@@ -8,7 +8,7 @@
 int classify_triangle(double a, double b, double c) {
   double tmp;
 
-  delay();
+  
 
   // Sort the sides so that a <= b <= c
   if(a > b) {

2023-12-14 14:43:14,533	[DEBUG]	
2023-12-14 14:43:14,533	[INFO]	48      SUCCESS               0.1054 (109.68%) [0 edit(s)] 
2023-12-14 14:43:15,302	[DEBUG]	ExprStmtDeletion(('triangle.cpp.xml', 'expr_stmt', 1)) | ExprStmtDeletion(('triangle.cpp.xml', 'expr_stmt', 9))
2023-12-14 14:43:15,302	[INFO]	49      TEST_CODE_ERROR       None  [2 edit(s)]       
2023-12-14 14:43:16,046	[DEBUG]	ExprStmtDeletion(('triangle.cpp.xml', 'expr_stmt', 1)) | ExprStmtDeletion(('triangle.cpp.xml', 'expr_stmt', 6))
2023-12-14 14:43:16,047	[INFO]	50      TEST_CODE_ERROR       None  [2 edit(s)]       
2023-12-14 14:43:16,812	[DEBUG]	ExprStmtDeletion(('triangle.cpp.xml', 'expr_stmt', 1)) | ExprStmtDeletion(('triangle.cpp.xml', 'expr_stmt', 10))
2023-12-14 14:43:16,813	[INFO]	51      TEST_CODE_ERROR       None  [2 edit(s)]       
2023-12-14 14:43:17,519	[DEBUG]	ExprStmtDeletion(('triangle.cpp.xml', 'expr_stmt', 1)) | ExprStmtDeletion(('triangle.cpp.xml', 'expr_stmt', 8))
2023-12-14 14:43:17,519	[INFO]	52      TEST_CODE_ERROR       None  [2 edit(s)]       
2023-12-14 14:43:18,298	[DEBUG]	ExprStmtDeletion(('triangle.cpp.xml', 'expr_stmt', 1)) | ExprStmtDeletion(('triangle.cpp.xml', 'expr_stmt', 3))
2023-12-14 14:43:18,298	[INFO]	53      TEST_CODE_ERROR       None  [2 edit(s)]       
2023-12-14 14:43:18,300	[DEBUG]	ExprStmtDeletion(('triangle.cpp.xml', 'expr_stmt', 1)) | ExprStmtDeletion(('triangle.cpp.xml', 'expr_stmt', 0))
2023-12-14 14:43:18,300	[INFO]	54      SUCCESS               0.0261 (27.16%) [2 edit(s)] 
2023-12-14 14:43:19,066	[DEBUG]	ExprStmtDeletion(('triangle.cpp.xml', 'expr_stmt', 1)) | ExprStmtDeletion(('triangle.cpp.xml', 'expr_stmt', 8))
2023-12-14 14:43:19,066	[INFO]	55      TEST_CODE_ERROR       None  [2 edit(s)]       
2023-12-14 14:43:19,853	[DEBUG]	ExprStmtDeletion(('triangle.cpp.xml', 'expr_stmt', 1)) | ExprStmtDeletion(('triangle.cpp.xml', 'expr_stmt', 6))
2023-12-14 14:43:19,854	[INFO]	56      TEST_CODE_ERROR       None  [2 edit(s)]       
2023-12-14 14:43:19,855	[DEBUG]	ExprStmtDeletion(('triangle.cpp.xml', 'expr_stmt', 1)) | ExprStmtDeletion(('triangle.cpp.xml', 'expr_stmt', 0))
2023-12-14 14:43:19,855	[INFO]	57      SUCCESS               0.0261 (27.16%) [2 edit(s)] 
2023-12-14 14:43:19,856	[DEBUG]	ExprStmtDeletion(('triangle.cpp.xml', 'expr_stmt', 1)) | ExprStmtDeletion(('triangle.cpp.xml', 'expr_stmt', 1))
2023-12-14 14:43:19,856	[INFO]	58      SUCCESS              +0.0234 (24.35%) [2 edit(s)] 
2023-12-14 14:43:19,857	[DEBUG]	--- before: triangle.cpp
+++ after: triangle.cpp
@@ -8,7 +8,7 @@
 int classify_triangle(double a, double b, double c) {
   double tmp;
 
-  delay();
+  
 
   // Sort the sides so that a <= b <= c
   if(a > b) {

2023-12-14 14:43:20,639	[DEBUG]	ExprStmtDeletion(('triangle.cpp.xml', 'expr_stmt', 1)) | ExprStmtDeletion(('triangle.cpp.xml', 'expr_stmt', 1)) | ExprStmtDeletion(('triangle.cpp.xml', 'expr_stmt', 2))
2023-12-14 14:43:20,640	[INFO]	59      TEST_CODE_ERROR       None  [3 edit(s)]       
2023-12-14 14:43:20,641	[DEBUG]	ExprStmtDeletion(('triangle.cpp.xml', 'expr_stmt', 1))
2023-12-14 14:43:20,641	[INFO]	60      SUCCESS              +0.0234 (24.35%) [1 edit(s)] 
2023-12-14 14:43:20,641	[DEBUG]	--- before: triangle.cpp
+++ after: triangle.cpp
@@ -8,7 +8,7 @@
 int classify_triangle(double a, double b, double c) {
   double tmp;
 
-  delay();
+  
 
   // Sort the sides so that a <= b <= c
   if(a > b) {

2023-12-14 14:43:20,642	[DEBUG]	
2023-12-14 14:43:20,642	[INFO]	61      SUCCESS               0.1054 (109.68%) [0 edit(s)] 
2023-12-14 14:43:21,379	[DEBUG]	ExprStmtDeletion(('triangle.cpp.xml', 'expr_stmt', 1)) | ExprStmtDeletion(('triangle.cpp.xml', 'expr_stmt', 3))
2023-12-14 14:43:21,379	[INFO]	62      TEST_CODE_ERROR       None  [2 edit(s)]       
2023-12-14 14:43:22,162	[DEBUG]	ExprStmtDeletion(('triangle.cpp.xml', 'expr_stmt', 1)) | ExprStmtDeletion(('triangle.cpp.xml', 'expr_stmt', 6))
2023-12-14 14:43:22,162	[INFO]	63      TEST_CODE_ERROR       None  [2 edit(s)]       
2023-12-14 14:43:22,930	[DEBUG]	ExprStmtDeletion(('triangle.cpp.xml', 'expr_stmt', 1)) | ExprStmtDeletion(('triangle.cpp.xml', 'expr_stmt', 3))
2023-12-14 14:43:22,930	[INFO]	64      TEST_CODE_ERROR       None  [2 edit(s)]       
2023-12-14 14:43:23,673	[DEBUG]	ExprStmtDeletion(('triangle.cpp.xml', 'expr_stmt', 1)) | ExprStmtDeletion(('triangle.cpp.xml', 'expr_stmt', 4))
2023-12-14 14:43:23,673	[INFO]	65      TEST_CODE_ERROR       None  [2 edit(s)]       
2023-12-14 14:43:24,427	[DEBUG]	ExprStmtDeletion(('triangle.cpp.xml', 'expr_stmt', 1)) | ExprStmtDeletion(('triangle.cpp.xml', 'expr_stmt', 2))
2023-12-14 14:43:24,428	[INFO]	66      TEST_CODE_ERROR       None  [2 edit(s)]       
2023-12-14 14:43:25,141	[DEBUG]	ExprStmtDeletion(('triangle.cpp.xml', 'expr_stmt', 1)) | ExprStmtDeletion(('triangle.cpp.xml', 'expr_stmt', 4))
2023-12-14 14:43:25,142	[INFO]	67      TEST_CODE_ERROR       None  [2 edit(s)]       
2023-12-14 14:43:25,912	[DEBUG]	ExprStmtDeletion(('triangle.cpp.xml', 'expr_stmt', 1)) | ExprStmtDeletion(('triangle.cpp.xml', 'expr_stmt', 10))
2023-12-14 14:43:25,912	[INFO]	68      TEST_CODE_ERROR       None  [2 edit(s)]       
2023-12-14 14:43:26,642	[DEBUG]	ExprStmtDeletion(('triangle.cpp.xml', 'expr_stmt', 1)) | ExprStmtDeletion(('triangle.cpp.xml', 'expr_stmt', 7))
2023-12-14 14:43:26,643	[INFO]	69      TEST_CODE_ERROR       None  [2 edit(s)]       
2023-12-14 14:43:27,405	[DEBUG]	ExprStmtDeletion(('triangle.cpp.xml', 'expr_stmt', 1)) | ExprStmtDeletion(('triangle.cpp.xml', 'expr_stmt', 4))
2023-12-14 14:43:27,406	[INFO]	70      TEST_CODE_ERROR       None  [2 edit(s)]       
2023-12-14 14:43:28,159	[DEBUG]	ExprStmtDeletion(('triangle.cpp.xml', 'expr_stmt', 1)) | ExprStmtDeletion(('triangle.cpp.xml', 'expr_stmt', 9))
2023-12-14 14:43:28,159	[INFO]	71      TEST_CODE_ERROR       None  [2 edit(s)]       
2023-12-14 14:43:28,161	[DEBUG]	ExprStmtDeletion(('triangle.cpp.xml', 'expr_stmt', 1)) | ExprStmtDeletion(('triangle.cpp.xml', 'expr_stmt', 0))
2023-12-14 14:43:28,162	[INFO]	72      SUCCESS               0.0261 (27.16%) [2 edit(s)] 
2023-12-14 14:43:28,941	[DEBUG]	ExprStmtDeletion(('triangle.cpp.xml', 'expr_stmt', 1)) | ExprStmtDeletion(('triangle.cpp.xml', 'expr_stmt', 3))
2023-12-14 14:43:28,942	[INFO]	73      TEST_CODE_ERROR       None  [2 edit(s)]       
2023-12-14 14:43:29,718	[DEBUG]	ExprStmtDeletion(('triangle.cpp.xml', 'expr_stmt', 1)) | ExprStmtDeletion(('triangle.cpp.xml', 'expr_stmt', 3))
2023-12-14 14:43:29,718	[INFO]	74      TEST_CODE_ERROR       None  [2 edit(s)]       
2023-12-14 14:43:30,553	[DEBUG]	ExprStmtDeletion(('triangle.cpp.xml', 'expr_stmt', 1)) | ExprStmtDeletion(('triangle.cpp.xml', 'expr_stmt', 8))
2023-12-14 14:43:30,554	[INFO]	75      TEST_CODE_ERROR       None  [2 edit(s)]       
2023-12-14 14:43:31,245	[DEBUG]	ExprStmtDeletion(('triangle.cpp.xml', 'expr_stmt', 1)) | ExprStmtDeletion(('triangle.cpp.xml', 'expr_stmt', 8))
2023-12-14 14:43:31,246	[INFO]	76      TEST_CODE_ERROR       None  [2 edit(s)]       
2023-12-14 14:43:31,977	[DEBUG]	ExprStmtDeletion(('triangle.cpp.xml', 'expr_stmt', 1)) | ExprStmtDeletion(('triangle.cpp.xml', 'expr_stmt', 4))
2023-12-14 14:43:31,977	[INFO]	77      TEST_CODE_ERROR       None  [2 edit(s)]       
2023-12-14 14:43:32,738	[DEBUG]	ExprStmtDeletion(('triangle.cpp.xml', 'expr_stmt', 1)) | ExprStmtDeletion(('triangle.cpp.xml', 'expr_stmt', 7))
2023-12-14 14:43:32,738	[INFO]	78      TEST_CODE_ERROR       None  [2 edit(s)]       
2023-12-14 14:43:33,506	[DEBUG]	ExprStmtDeletion(('triangle.cpp.xml', 'expr_stmt', 1)) | ExprStmtDeletion(('triangle.cpp.xml', 'expr_stmt', 9))
2023-12-14 14:43:33,506	[INFO]	79      TEST_CODE_ERROR       None  [2 edit(s)]       
2023-12-14 14:43:34,281	[DEBUG]	ExprStmtDeletion(('triangle.cpp.xml', 'expr_stmt', 1)) | ExprStmtDeletion(('triangle.cpp.xml', 'expr_stmt', 5))
2023-12-14 14:43:34,281	[INFO]	80      TEST_CODE_ERROR       None  [2 edit(s)]       
2023-12-14 14:43:35,034	[DEBUG]	ExprStmtDeletion(('triangle.cpp.xml', 'expr_stmt', 1)) | ExprStmtDeletion(('triangle.cpp.xml', 'expr_stmt', 8))
2023-12-14 14:43:35,034	[INFO]	81      TEST_CODE_ERROR       None  [2 edit(s)]       
2023-12-14 14:43:35,795	[DEBUG]	ExprStmtDeletion(('triangle.cpp.xml', 'expr_stmt', 1)) | ExprStmtDeletion(('triangle.cpp.xml', 'expr_stmt', 9))
2023-12-14 14:43:35,796	[INFO]	82      TEST_CODE_ERROR       None  [2 edit(s)]       
2023-12-14 14:43:36,572	[DEBUG]	ExprStmtDeletion(('triangle.cpp.xml', 'expr_stmt', 1)) | ExprStmtDeletion(('triangle.cpp.xml', 'expr_stmt', 7))
2023-12-14 14:43:36,573	[INFO]	83      TEST_CODE_ERROR       None  [2 edit(s)]       
2023-12-14 14:43:37,335	[DEBUG]	ExprStmtDeletion(('triangle.cpp.xml', 'expr_stmt', 1)) | ExprStmtDeletion(('triangle.cpp.xml', 'expr_stmt', 8))
2023-12-14 14:43:37,335	[INFO]	84      TEST_CODE_ERROR       None  [2 edit(s)]       
2023-12-14 14:43:37,337	[DEBUG]	ExprStmtDeletion(('triangle.cpp.xml', 'expr_stmt', 1)) | ExprStmtDeletion(('triangle.cpp.xml', 'expr_stmt', 0))
2023-12-14 14:43:37,337	[INFO]	85      SUCCESS               0.0261 (27.16%) [2 edit(s)] 
2023-12-14 14:43:38,109	[DEBUG]	ExprStmtDeletion(('triangle.cpp.xml', 'expr_stmt', 1)) | ExprStmtDeletion(('triangle.cpp.xml', 'expr_stmt', 2))
2023-12-14 14:43:38,109	[INFO]	86      TEST_CODE_ERROR       None  [2 edit(s)]       
2023-12-14 14:43:38,868	[DEBUG]	ExprStmtDeletion(('triangle.cpp.xml', 'expr_stmt', 1)) | ExprStmtDeletion(('triangle.cpp.xml', 'expr_stmt', 3))
2023-12-14 14:43:38,869	[INFO]	87      TEST_CODE_ERROR       None  [2 edit(s)]       
2023-12-14 14:43:39,637	[DEBUG]	ExprStmtDeletion(('triangle.cpp.xml', 'expr_stmt', 1)) | ExprStmtDeletion(('triangle.cpp.xml', 'expr_stmt', 8))
2023-12-14 14:43:39,638	[INFO]	88      TEST_CODE_ERROR       None  [2 edit(s)]       
2023-12-14 14:43:39,639	[DEBUG]	ExprStmtDeletion(('triangle.cpp.xml', 'expr_stmt', 1)) | ExprStmtDeletion(('triangle.cpp.xml', 'expr_stmt', 1))
2023-12-14 14:43:39,640	[INFO]	89      SUCCESS              +0.0234 (24.35%) [2 edit(s)] 
2023-12-14 14:43:39,640	[DEBUG]	--- before: triangle.cpp
+++ after: triangle.cpp
@@ -8,7 +8,7 @@
 int classify_triangle(double a, double b, double c) {
   double tmp;
 
-  delay();
+  
 
   // Sort the sides so that a <= b <= c
   if(a > b) {

2023-12-14 14:43:40,387	[DEBUG]	ExprStmtDeletion(('triangle.cpp.xml', 'expr_stmt', 1)) | ExprStmtDeletion(('triangle.cpp.xml', 'expr_stmt', 1)) | ExprStmtDeletion(('triangle.cpp.xml', 'expr_stmt', 6))
2023-12-14 14:43:40,387	[INFO]	90      TEST_CODE_ERROR       None  [3 edit(s)]       
2023-12-14 14:43:40,389	[DEBUG]	ExprStmtDeletion(('triangle.cpp.xml', 'expr_stmt', 1)) | ExprStmtDeletion(('triangle.cpp.xml', 'expr_stmt', 1)) | ExprStmtDeletion(('triangle.cpp.xml', 'expr_stmt', 0))
2023-12-14 14:43:40,389	[INFO]	91      SUCCESS               0.0261 (27.16%) [3 edit(s)] 
2023-12-14 14:43:40,390	[DEBUG]	ExprStmtDeletion(('triangle.cpp.xml', 'expr_stmt', 1)) | ExprStmtDeletion(('triangle.cpp.xml', 'expr_stmt', 1)) | ExprStmtDeletion(('triangle.cpp.xml', 'expr_stmt', 0))
2023-12-14 14:43:40,390	[INFO]	92      SUCCESS               0.0261 (27.16%) [3 edit(s)] 
2023-12-14 14:43:40,391	[DEBUG]	ExprStmtDeletion(('triangle.cpp.xml', 'expr_stmt', 1))
2023-12-14 14:43:40,391	[INFO]	93      SUCCESS              +0.0234 (24.35%) [1 edit(s)] 
2023-12-14 14:43:40,392	[DEBUG]	--- before: triangle.cpp
+++ after: triangle.cpp
@@ -8,7 +8,7 @@
 int classify_triangle(double a, double b, double c) {
   double tmp;
 
-  delay();
+  
 
   // Sort the sides so that a <= b <= c
   if(a > b) {

2023-12-14 14:43:41,149	[DEBUG]	ExprStmtDeletion(('triangle.cpp.xml', 'expr_stmt', 1)) | ExprStmtDeletion(('triangle.cpp.xml', 'expr_stmt', 4))
2023-12-14 14:43:41,149	[INFO]	94      TEST_CODE_ERROR       None  [2 edit(s)]       
2023-12-14 14:43:41,899	[DEBUG]	ExprStmtDeletion(('triangle.cpp.xml', 'expr_stmt', 1)) | ExprStmtDeletion(('triangle.cpp.xml', 'expr_stmt', 2))
2023-12-14 14:43:41,899	[INFO]	95      TEST_CODE_ERROR       None  [2 edit(s)]       
2023-12-14 14:43:42,627	[DEBUG]	ExprStmtDeletion(('triangle.cpp.xml', 'expr_stmt', 1)) | ExprStmtDeletion(('triangle.cpp.xml', 'expr_stmt', 10))
2023-12-14 14:43:42,627	[INFO]	96      TEST_CODE_ERROR       None  [2 edit(s)]       
2023-12-14 14:43:42,628	[INFO]	==== END ====
2023-12-14 14:43:42,629	[INFO]	
2023-12-14 14:43:42,629	[INFO]	==== REPORT ====
2023-12-14 14:43:42,630	[INFO]	Termination: time budget
2023-12-14 14:43:42,630	[INFO]	Log file: /cs/student/ug/2020/damibose/projects/magpie/_magpie_logs/triangle-cpp_slow_1702564959.log
2023-12-14 14:43:42,632	[INFO]	Patch file: _magpie_logs/triangle-cpp_slow_1702564959.patch
2023-12-14 14:43:42,632	[INFO]	Diff file: _magpie_logs/triangle-cpp_slow_1702564959.diff
2023-12-14 14:43:42,632	[INFO]	Best fitness: 0.0234
2023-12-14 14:43:42,633	[INFO]	Best patch: ExprStmtDeletion(('triangle.cpp.xml', 'expr_stmt', 1))
2023-12-14 14:43:42,634	[INFO]	Diff:
--- before: triangle.cpp
+++ after: triangle.cpp
@@ -8,7 +8,7 @@
 int classify_triangle(double a, double b, double c) {
   double tmp;
 
-  delay();
+  
 
   // Sort the sides so that a <= b <= c
   if(a > b) {

