2023-12-27 22:50:52,421	[DEBUG]	==== CONFIG ====
[magpie]
import = 
seed = 2
log_dir = _magpie_logs
work_dir = _magpie_work
final_out_dir = experiments/results/RandomSearch/baseline/trial_2
local_original_copy = True
local_original_name = __original__
output_encoding = ascii
edit_retries = 10
default_timeout = 30
default_lengthout = 10000.0
diff_method = unified
trust_local_filesystem = True

[software]
path = examples/code/triangle-cpp_slow
target_files = 
	triangle.cpp.xml
program = BasicProgram
engine_rules = 
	*.params : ConfigFileParamsEngine
	*.xml : SrcmlEngine
	* : LineEngine
engine_config = 
	*.params : [params]
	*.xml : [srcml]
init_cmd = 
init_timeout = 60
init_lengthout = -1
setup_cmd = ./setup.sh
setup_timeout = 
setup_lengthout = 
compile_cmd = ./compile.sh
compile_timeout = 
compile_lengthout = 
test_cmd = ./build/test_triangle
test_timeout = 
test_lengthout = 
run_cmd = perf stat ./build/run_triangle
run_timeout = 1
run_lengthout = 
batch_timeout = 
batch_lengthout = 
batch_bin_fitness_strategy = aggregate
batch_fitness_strategy = sum
fitness = perf_instructions

[srcml]
rename = 
focus = block break continue decl_stmt do expr_stmt for goto if return switch while
internodes = block
process_pseudo_blocks = True
process_literals = False
process_operators = False

[params]
timing = test run
cli_prefix = --
cli_glue = =
cli_boolean = show
cli_boolean_prefix_true = 
cli_boolean_prefix_false = no-
silent_prefix = @
silent_suffix = $

[search]
protocol = BasicProtocol
algorithm = RandomSearch
possible_edits = 
	DeclStmtReplacement
	ExprStmtReplacement
	IfReplacement
	ReturnReplacement
	DeclStmtInsertion
	ExprStmtInsertion
	IfInsertion
	ReturnInsertion
	DeclStmtDeletion
	ExprStmtDeletion
	IfDeletion
	ReturnDeletion
warmup = 5
warmup_strategy = last
max_steps = 100
max_time = 60
target_fitness = 
cache_maxsize = 40
cache_keep = 0.2
batch_instances = 
batch_shuffle = True
batch_bin_shuffle = False
batch_sample_size = 1
operator_selector = UniformSelector

[search.ls]
delete_prob = 0
max_neighbours = 20
when_trapped = continue
accept_fail = False
tabu_length = 10

[search.gp]
pop_size = 10
delete_prob = 0.5
offspring_elitism = 0.1
offspring_crossover = 0.5
offspring_mutation = 0.4
uniform_rate = 0.5
batch_reset = True

[search.minify]
do_cleanup = True
do_rebuild = True
do_simplify = True
round_robin_limit = 3


2023-12-27 22:50:52,427	[INFO]	==== WARMUP ====
2023-12-27 22:50:58,949	[DEBUG]	EXEC>  SUCCESS 1204241
2023-12-27 22:50:58,953	[INFO]	WARM    SUCCESS               1204241                 
2023-12-27 22:51:01,822	[DEBUG]	EXEC>  SUCCESS 1204240
2023-12-27 22:51:01,823	[INFO]	WARM    SUCCESS               1204240                 
2023-12-27 22:51:04,826	[DEBUG]	EXEC>  SUCCESS 1204239
2023-12-27 22:51:04,836	[INFO]	WARM    SUCCESS               1204239                 
2023-12-27 22:51:07,937	[DEBUG]	EXEC>  SUCCESS 1204242
2023-12-27 22:51:07,937	[INFO]	WARM    SUCCESS               1204242                 
2023-12-27 22:51:11,112	[DEBUG]	EXEC>  SUCCESS 1204240
2023-12-27 22:51:11,113	[INFO]	WARM    SUCCESS               1204240                 
2023-12-27 22:51:11,113	[INFO]	INITIAL SUCCESS               1204240                 
2023-12-27 22:51:11,113	[INFO]	==== START: RandomSearch ====
2023-12-27 22:51:14,248	[DEBUG]	EXEC>  SUCCESS 1571515
2023-12-27 22:51:14,248	[DEBUG]	DeclStmtInsertion(('triangle.cpp.xml', '_inter_block', 22), ('triangle.cpp.xml', 'decl_stmt', 0))
2023-12-27 22:51:14,249	[INFO]	1       SUCCESS               1571515 (130.5%) [1 edit(s)] 
2023-12-27 22:51:15,008	[DEBUG]	DeclStmtInsertion(('triangle.cpp.xml', '_inter_block', 11), ('triangle.cpp.xml', 'decl_stmt', 1))
2023-12-27 22:51:15,008	[INFO]	2       COMPILE_CODE_ERROR    None  [1 edit(s)]       
2023-12-27 22:51:17,451	[DEBUG]	ExprStmtReplacement(('triangle.cpp.xml', 'expr_stmt', 6), ('triangle.cpp.xml', 'stmt', 21))
2023-12-27 22:51:17,451	[INFO]	3       TEST_CODE_ERROR       None  [1 edit(s)]       
2023-12-27 22:51:20,014	[DEBUG]	ExprStmtDeletion(('triangle.cpp.xml', 'expr_stmt', 8))
2023-12-27 22:51:20,014	[INFO]	4       TEST_CODE_ERROR       None  [1 edit(s)]       
2023-12-27 22:51:22,659	[DEBUG]	ExprStmtDeletion(('triangle.cpp.xml', 'expr_stmt', 2))
2023-12-27 22:51:22,660	[INFO]	5       TEST_CODE_ERROR       None  [1 edit(s)]       
2023-12-27 22:51:25,490	[DEBUG]	EXEC>  SUCCESS 1611593
2023-12-27 22:51:25,491	[DEBUG]	IfDeletion(('triangle.cpp.xml', 'if', 0))
2023-12-27 22:51:25,491	[INFO]	6       SUCCESS               1611593 (133.83%) [1 edit(s)] 
2023-12-27 22:51:28,630	[DEBUG]	EXEC>  SUCCESS 1588197
2023-12-27 22:51:28,631	[DEBUG]	DeclStmtInsertion(('triangle.cpp.xml', '_inter_block', 31), ('triangle.cpp.xml', 'decl_stmt', 1))
2023-12-27 22:51:28,631	[INFO]	7       SUCCESS               1588197 (131.88%) [1 edit(s)] 
2023-12-27 22:51:31,193	[DEBUG]	ExprStmtReplacement(('triangle.cpp.xml', 'expr_stmt', 8), ('triangle.cpp.xml', 'stmt', 18))
2023-12-27 22:51:31,193	[INFO]	8       TEST_CODE_ERROR       None  [1 edit(s)]       
2023-12-27 22:51:33,825	[DEBUG]	ReturnInsertion(('triangle.cpp.xml', '_inter_block', 18), ('triangle.cpp.xml', 'return', 2))
2023-12-27 22:51:33,826	[INFO]	9       TEST_CODE_ERROR       None  [1 edit(s)]       
2023-12-27 22:51:36,408	[DEBUG]	ExprStmtDeletion(('triangle.cpp.xml', 'expr_stmt', 2))
2023-12-27 22:51:36,408	[INFO]	10      TEST_CODE_ERROR       None  [1 edit(s)]       
2023-12-27 22:51:39,037	[DEBUG]	ReturnReplacement(('triangle.cpp.xml', 'return', 1), ('triangle.cpp.xml', 'stmt', 10))
2023-12-27 22:51:39,037	[INFO]	11      TEST_CODE_ERROR       None  [1 edit(s)]       
2023-12-27 22:51:41,903	[DEBUG]	EXEC>  SUCCESS 1204331
2023-12-27 22:51:41,903	[DEBUG]	IfInsertion(('triangle.cpp.xml', '_inter_block', 22), ('triangle.cpp.xml', 'if', 0))
2023-12-27 22:51:41,904	[INFO]	12      SUCCESS               1204331 (100.01%) [1 edit(s)] 
2023-12-27 22:51:44,651	[DEBUG]	ReturnReplacement(('triangle.cpp.xml', 'return', 0), ('triangle.cpp.xml', 'stmt', 3))
2023-12-27 22:51:44,651	[INFO]	13      TEST_CODE_ERROR       None  [1 edit(s)]       
2023-12-27 22:51:45,391	[DEBUG]	DeclStmtDeletion(('triangle.cpp.xml', 'decl_stmt', 1))
2023-12-27 22:51:45,391	[INFO]	14      COMPILE_CODE_ERROR    None  [1 edit(s)]       
2023-12-27 22:51:47,843	[DEBUG]	ExprStmtInsertion(('triangle.cpp.xml', '_inter_block', 23), ('triangle.cpp.xml', 'expr_stmt', 10))
2023-12-27 22:51:47,843	[INFO]	15      TEST_CODE_ERROR       None  [1 edit(s)]       
2023-12-27 22:51:50,297	[DEBUG]	ReturnInsertion(('triangle.cpp.xml', '_inter_block', 22), ('triangle.cpp.xml', 'return', 0))
2023-12-27 22:51:50,298	[INFO]	16      TEST_CODE_ERROR       None  [1 edit(s)]       
2023-12-27 22:51:53,322	[DEBUG]	EXEC>  SUCCESS 1291168
2023-12-27 22:51:53,324	[DEBUG]	IfInsertion(('triangle.cpp.xml', '_inter_block', 13), ('triangle.cpp.xml', 'if', 3))
2023-12-27 22:51:53,325	[INFO]	17      SUCCESS               1291168 (107.22%) [1 edit(s)] 
2023-12-27 22:51:54,054	[DEBUG]	DeclStmtDeletion(('triangle.cpp.xml', 'decl_stmt', 1))
2023-12-27 22:51:54,055	[INFO]	18      COMPILE_CODE_ERROR    None  [1 edit(s)]       
2023-12-27 22:51:56,622	[DEBUG]	ReturnReplacement(('triangle.cpp.xml', 'return', 1), ('triangle.cpp.xml', 'stmt', 18))
2023-12-27 22:51:56,622	[INFO]	19      TEST_CODE_ERROR       None  [1 edit(s)]       
2023-12-27 22:51:59,174	[DEBUG]	ExprStmtReplacement(('triangle.cpp.xml', 'expr_stmt', 1), ('triangle.cpp.xml', 'stmt', 11))
2023-12-27 22:51:59,174	[INFO]	20      TEST_CODE_ERROR       None  [1 edit(s)]       
2023-12-27 22:52:01,812	[DEBUG]	ExprStmtDeletion(('triangle.cpp.xml', 'expr_stmt', 2))
2023-12-27 22:52:01,813	[INFO]	21      TEST_CODE_ERROR       None  [1 edit(s)]       
2023-12-27 22:52:04,392	[DEBUG]	ReturnDeletion(('triangle.cpp.xml', 'return', 1))
2023-12-27 22:52:04,392	[INFO]	22      TEST_CODE_ERROR       None  [1 edit(s)]       
2023-12-27 22:52:06,999	[DEBUG]	IfReplacement(('triangle.cpp.xml', 'if', 5), ('triangle.cpp.xml', 'stmt', 5))
2023-12-27 22:52:07,000	[INFO]	23      TEST_CODE_ERROR       None  [1 edit(s)]       
2023-12-27 22:52:07,678	[DEBUG]	DeclStmtReplacement(('triangle.cpp.xml', 'decl_stmt', 1), ('triangle.cpp.xml', 'stmt', 3))
2023-12-27 22:52:07,678	[INFO]	24      COMPILE_CODE_ERROR    None  [1 edit(s)]       
2023-12-27 22:52:08,296	[DEBUG]	DeclStmtReplacement(('triangle.cpp.xml', 'decl_stmt', 0), ('triangle.cpp.xml', 'stmt', 17))
2023-12-27 22:52:08,296	[INFO]	25      COMPILE_CODE_ERROR    None  [1 edit(s)]       
2023-12-27 22:52:08,900	[DEBUG]	DeclStmtDeletion(('triangle.cpp.xml', 'decl_stmt', 0))
2023-12-27 22:52:08,900	[INFO]	26      COMPILE_CODE_ERROR    None  [1 edit(s)]       
2023-12-27 22:52:11,350	[DEBUG]	IfDeletion(('triangle.cpp.xml', 'if', 3))
2023-12-27 22:52:11,350	[INFO]	27      TEST_CODE_ERROR       None  [1 edit(s)]       
2023-12-27 22:52:11,351	[INFO]	==== END ====
2023-12-27 22:52:11,352	[INFO]	
2023-12-27 22:52:11,352	[INFO]	==== REPORT ====
2023-12-27 22:52:11,352	[INFO]	Termination: time budget
2023-12-27 22:52:11,352	[INFO]	Log file: /cs/student/ug/2020/damibose/projects/magpie/_magpie_logs/triangle-cpp_slow_1703717455.log
