2023-12-27 22:50:53,040	[DEBUG]	==== CONFIG ====
[magpie]
import = 
seed = 1
log_dir = _magpie_logs
work_dir = _magpie_work
final_out_dir = experiments/results/RandomSearch/baseline/trial_1
local_original_copy = True
local_original_name = __original__
output_encoding = ascii
edit_retries = 10
default_timeout = 30
default_lengthout = 10000.0
diff_method = unified
trust_local_filesystem = True

[software]
path = examples/code/triangle-cpp_slow
target_files = 
	triangle.cpp.xml
program = BasicProgram
engine_rules = 
	*.params : ConfigFileParamsEngine
	*.xml : SrcmlEngine
	* : LineEngine
engine_config = 
	*.params : [params]
	*.xml : [srcml]
init_cmd = 
init_timeout = 60
init_lengthout = -1
setup_cmd = ./setup.sh
setup_timeout = 
setup_lengthout = 
compile_cmd = ./compile.sh
compile_timeout = 
compile_lengthout = 
test_cmd = ./build/test_triangle
test_timeout = 
test_lengthout = 
run_cmd = perf stat ./build/run_triangle
run_timeout = 1
run_lengthout = 
batch_timeout = 
batch_lengthout = 
batch_bin_fitness_strategy = aggregate
batch_fitness_strategy = sum
fitness = perf_instructions

[srcml]
rename = 
focus = block break continue decl_stmt do expr_stmt for goto if return switch while
internodes = block
process_pseudo_blocks = True
process_literals = False
process_operators = False

[params]
timing = test run
cli_prefix = --
cli_glue = =
cli_boolean = show
cli_boolean_prefix_true = 
cli_boolean_prefix_false = no-
silent_prefix = @
silent_suffix = $

[search]
protocol = BasicProtocol
algorithm = RandomSearch
possible_edits = 
	DeclStmtReplacement
	ExprStmtReplacement
	IfReplacement
	ReturnReplacement
	DeclStmtInsertion
	ExprStmtInsertion
	IfInsertion
	ReturnInsertion
	DeclStmtDeletion
	ExprStmtDeletion
	IfDeletion
	ReturnDeletion
warmup = 5
warmup_strategy = last
max_steps = 100
max_time = 60
target_fitness = 
cache_maxsize = 40
cache_keep = 0.2
batch_instances = 
batch_shuffle = True
batch_bin_shuffle = False
batch_sample_size = 1
operator_selector = UniformSelector

[search.ls]
delete_prob = 0
max_neighbours = 20
when_trapped = continue
accept_fail = False
tabu_length = 10

[search.gp]
pop_size = 10
delete_prob = 0.5
offspring_elitism = 0.1
offspring_crossover = 0.5
offspring_mutation = 0.4
uniform_rate = 0.5
batch_reset = True

[search.minify]
do_cleanup = True
do_rebuild = True
do_simplify = True
round_robin_limit = 3


2023-12-27 22:50:53,061	[INFO]	==== WARMUP ====
2023-12-27 22:51:00,889	[DEBUG]	EXEC>  SUCCESS 1491889
2023-12-27 22:51:00,894	[INFO]	WARM    SUCCESS               1491889                 
2023-12-27 22:51:04,190	[DEBUG]	EXEC>  SUCCESS 1323421
2023-12-27 22:51:04,190	[INFO]	WARM    SUCCESS               1323421                 
2023-12-27 22:51:07,308	[DEBUG]	EXEC>  SUCCESS 1254800
2023-12-27 22:51:07,309	[INFO]	WARM    SUCCESS               1254800                 
2023-12-27 22:51:10,537	[DEBUG]	EXEC>  SUCCESS 1204240
2023-12-27 22:51:10,537	[INFO]	WARM    SUCCESS               1204240                 
2023-12-27 22:51:14,058	[DEBUG]	EXEC>  SUCCESS 1204239
2023-12-27 22:51:14,065	[INFO]	WARM    SUCCESS               1204239                 
2023-12-27 22:51:14,065	[INFO]	INITIAL SUCCESS               1204239                 
2023-12-27 22:51:14,066	[INFO]	==== START: RandomSearch ====
2023-12-27 22:51:16,563	[DEBUG]	ExprStmtDeletion(('triangle.cpp.xml', 'expr_stmt', 9))
2023-12-27 22:51:16,563	[INFO]	1       TEST_CODE_ERROR       None  [1 edit(s)]       
2023-12-27 22:51:19,438	[DEBUG]	EXEC>  SUCCESS 1418348
2023-12-27 22:51:19,439	[DEBUG]	DeclStmtInsertion(('triangle.cpp.xml', '_inter_block', 12), ('triangle.cpp.xml', 'decl_stmt', 0))
2023-12-27 22:51:19,439	[INFO]	2       SUCCESS               1418348 (117.78%) [1 edit(s)] 
2023-12-27 22:51:22,226	[DEBUG]	ExprStmtInsertion(('triangle.cpp.xml', '_inter_block', 15), ('triangle.cpp.xml', 'expr_stmt', 9))
2023-12-27 22:51:22,226	[INFO]	3       TEST_CODE_ERROR       None  [1 edit(s)]       
2023-12-27 22:51:24,781	[DEBUG]	ExprStmtReplacement(('triangle.cpp.xml', 'expr_stmt', 9), ('triangle.cpp.xml', 'stmt', 7))
2023-12-27 22:51:24,782	[INFO]	4       TEST_CODE_ERROR       None  [1 edit(s)]       
2023-12-27 22:51:27,572	[DEBUG]	IfReplacement(('triangle.cpp.xml', 'if', 5), ('triangle.cpp.xml', 'stmt', 5))
2023-12-27 22:51:27,572	[INFO]	5       TEST_CODE_ERROR       None  [1 edit(s)]       
2023-12-27 22:51:30,081	[DEBUG]	ExprStmtReplacement(('triangle.cpp.xml', 'expr_stmt', 3), ('triangle.cpp.xml', 'stmt', 14))
2023-12-27 22:51:30,081	[INFO]	6       TEST_CODE_ERROR       None  [1 edit(s)]       
2023-12-27 22:51:30,806	[DEBUG]	ExprStmtReplacement(('triangle.cpp.xml', 'expr_stmt', 0), ('triangle.cpp.xml', 'stmt', 22))
2023-12-27 22:51:30,811	[INFO]	7       COMPILE_CODE_ERROR    None  [1 edit(s)]       
2023-12-27 22:51:33,473	[DEBUG]	EXEC>  SUCCESS 1204961
2023-12-27 22:51:33,473	[DEBUG]	ExprStmtInsertion(('triangle.cpp.xml', '_inter_block', 10), ('triangle.cpp.xml', 'expr_stmt', 1))
2023-12-27 22:51:33,474	[INFO]	8       SUCCESS               1204961 (100.06%) [1 edit(s)] 
2023-12-27 22:51:35,978	[DEBUG]	IfReplacement(('triangle.cpp.xml', 'if', 1), ('triangle.cpp.xml', 'stmt', 21))
2023-12-27 22:51:35,978	[INFO]	9       TEST_CODE_ERROR       None  [1 edit(s)]       
2023-12-27 22:51:38,507	[DEBUG]	ExprStmtReplacement(('triangle.cpp.xml', 'expr_stmt', 7), ('triangle.cpp.xml', 'stmt', 7))
2023-12-27 22:51:38,508	[INFO]	10      TEST_CODE_ERROR       None  [1 edit(s)]       
2023-12-27 22:51:41,124	[DEBUG]	IfInsertion(('triangle.cpp.xml', '_inter_block', 19), ('triangle.cpp.xml', 'if', 2))
2023-12-27 22:51:41,124	[INFO]	11      TEST_CODE_ERROR       None  [1 edit(s)]       
2023-12-27 22:51:43,862	[DEBUG]	ReturnDeletion(('triangle.cpp.xml', 'return', 0))
2023-12-27 22:51:43,863	[INFO]	12      TEST_CODE_ERROR       None  [1 edit(s)]       
2023-12-27 22:51:44,780	[DEBUG]	ExprStmtInsertion(('triangle.cpp.xml', '_inter_block', 2), ('triangle.cpp.xml', 'expr_stmt', 4))
2023-12-27 22:51:44,780	[INFO]	13      COMPILE_CODE_ERROR    None  [1 edit(s)]       
2023-12-27 22:51:45,279	[DEBUG]	ReturnInsertion(('triangle.cpp.xml', '_inter_block', 0), ('triangle.cpp.xml', 'return', 2))
2023-12-27 22:51:45,280	[INFO]	14      COMPILE_CODE_ERROR    None  [1 edit(s)]       
2023-12-27 22:51:45,827	[DEBUG]	DeclStmtReplacement(('triangle.cpp.xml', 'decl_stmt', 1), ('triangle.cpp.xml', 'stmt', 18))
2023-12-27 22:51:45,828	[INFO]	15      COMPILE_CODE_ERROR    None  [1 edit(s)]       
2023-12-27 22:51:48,371	[DEBUG]	ReturnReplacement(('triangle.cpp.xml', 'return', 1), ('triangle.cpp.xml', 'stmt', 0))
2023-12-27 22:51:48,371	[INFO]	16      TEST_CODE_ERROR       None  [1 edit(s)]       
2023-12-27 22:51:50,993	[DEBUG]	ExprStmtDeletion(('triangle.cpp.xml', 'expr_stmt', 4))
2023-12-27 22:51:50,994	[INFO]	17      TEST_CODE_ERROR       None  [1 edit(s)]       
2023-12-27 22:51:53,633	[DEBUG]	IfDeletion(('triangle.cpp.xml', 'if', 2))
2023-12-27 22:51:53,633	[INFO]	18      TEST_CODE_ERROR       None  [1 edit(s)]       
2023-12-27 22:51:56,195	[DEBUG]	ExprStmtReplacement(('triangle.cpp.xml', 'expr_stmt', 6), ('triangle.cpp.xml', 'stmt', 10))
2023-12-27 22:51:56,196	[INFO]	19      TEST_CODE_ERROR       None  [1 edit(s)]       
2023-12-27 22:51:58,769	[DEBUG]	IfInsertion(('triangle.cpp.xml', '_inter_block', 22), ('triangle.cpp.xml', 'if', 2))
2023-12-27 22:51:58,770	[INFO]	20      TEST_CODE_ERROR       None  [1 edit(s)]       
2023-12-27 22:52:01,490	[DEBUG]	EXEC>  SUCCESS 1201845
2023-12-27 22:52:01,491	[DEBUG]	ExprStmtDeletion(('triangle.cpp.xml', 'expr_stmt', 1))
2023-12-27 22:52:01,492	[INFO]	21      SUCCESS              *1201845 (99.8%) [1 edit(s)] 
2023-12-27 22:52:01,494	[DEBUG]	--- before: triangle.cpp
+++ after: triangle.cpp
@@ -8,7 +8,7 @@
 int classify_triangle(double a, double b, double c) {
   double tmp;
 
-  delay();
+  
 
   // Sort the sides so that a <= b <= c
   if(a > b) {

2023-12-27 22:52:04,078	[DEBUG]	EXEC>  SUCCESS 1202335
2023-12-27 22:52:04,079	[DEBUG]	ExprStmtDeletion(('triangle.cpp.xml', 'expr_stmt', 0))
2023-12-27 22:52:04,079	[INFO]	22      SUCCESS               1202335 (99.84%) [1 edit(s)] 
2023-12-27 22:52:06,838	[DEBUG]	IfDeletion(('triangle.cpp.xml', 'if', 4))
2023-12-27 22:52:06,839	[INFO]	23      TEST_CODE_ERROR       None  [1 edit(s)]       
2023-12-27 22:52:07,522	[DEBUG]	DeclStmtReplacement(('triangle.cpp.xml', 'decl_stmt', 0), ('triangle.cpp.xml', 'stmt', 19))
2023-12-27 22:52:07,523	[INFO]	24      COMPILE_CODE_ERROR    None  [1 edit(s)]       
2023-12-27 22:52:10,011	[DEBUG]	ExprStmtReplacement(('triangle.cpp.xml', 'expr_stmt', 10), ('triangle.cpp.xml', 'stmt', 5))
2023-12-27 22:52:10,011	[INFO]	25      TEST_CODE_ERROR       None  [1 edit(s)]       
2023-12-27 22:52:10,647	[DEBUG]	ExprStmtInsertion(('triangle.cpp.xml', '_inter_block', 3), ('triangle.cpp.xml', 'expr_stmt', 7))
2023-12-27 22:52:10,647	[INFO]	26      COMPILE_CODE_ERROR    None  [1 edit(s)]       
2023-12-27 22:52:13,114	[DEBUG]	ReturnReplacement(('triangle.cpp.xml', 'return', 0), ('triangle.cpp.xml', 'stmt', 13))
2023-12-27 22:52:13,114	[INFO]	27      TEST_CODE_ERROR       None  [1 edit(s)]       
2023-12-27 22:52:14,758	[DEBUG]	ReturnReplacement(('triangle.cpp.xml', 'return', 1), ('triangle.cpp.xml', 'stmt', 5))
2023-12-27 22:52:14,759	[INFO]	28      TEST_CODE_ERROR       None  [1 edit(s)]       
2023-12-27 22:52:14,760	[INFO]	==== END ====
2023-12-27 22:52:14,760	[INFO]	
2023-12-27 22:52:14,761	[INFO]	==== REPORT ====
2023-12-27 22:52:14,761	[INFO]	Termination: time budget
2023-12-27 22:52:14,761	[INFO]	Log file: /cs/student/ug/2020/damibose/projects/magpie/_magpie_logs/triangle-cpp_slow_1703717486.log
2023-12-27 22:52:14,762	[INFO]	Patch file: _magpie_logs/triangle-cpp_slow_1703717486.patch
2023-12-27 22:52:14,762	[INFO]	Diff file: _magpie_logs/triangle-cpp_slow_1703717486.diff
2023-12-27 22:52:14,762	[INFO]	Best fitness: 1201845
2023-12-27 22:52:14,762	[INFO]	Best patch: ExprStmtDeletion(('triangle.cpp.xml', 'expr_stmt', 1))
2023-12-27 22:52:14,763	[INFO]	Diff:
--- before: triangle.cpp
+++ after: triangle.cpp
@@ -8,7 +8,7 @@
 int classify_triangle(double a, double b, double c) {
   double tmp;
 
-  delay();
+  
 
   // Sort the sides so that a <= b <= c
   if(a > b) {

