2023-12-27 22:50:52,421	[DEBUG]	==== CONFIG ====
[magpie]
import = 
seed = 2
log_dir = _magpie_logs
work_dir = _magpie_work
final_out_dir = experiments/results/BestImprovementNoTabu/baseline/trial_2
local_original_copy = True
local_original_name = __original__
output_encoding = ascii
edit_retries = 10
default_timeout = 30
default_lengthout = 10000.0
diff_method = unified
trust_local_filesystem = True

[software]
path = examples/code/triangle-cpp_slow
target_files = 
	triangle.cpp.xml
program = BasicProgram
engine_rules = 
	*.params : ConfigFileParamsEngine
	*.xml : SrcmlEngine
	* : LineEngine
engine_config = 
	*.params : [params]
	*.xml : [srcml]
init_cmd = 
init_timeout = 60
init_lengthout = -1
setup_cmd = ./setup.sh
setup_timeout = 
setup_lengthout = 
compile_cmd = ./compile.sh
compile_timeout = 
compile_lengthout = 
test_cmd = ./build/test_triangle
test_timeout = 
test_lengthout = 
run_cmd = perf stat ./build/run_triangle
run_timeout = 1
run_lengthout = 
batch_timeout = 
batch_lengthout = 
batch_bin_fitness_strategy = aggregate
batch_fitness_strategy = sum
fitness = perf_instructions

[srcml]
rename = 
focus = block break continue decl_stmt do expr_stmt for goto if return switch while
internodes = block
process_pseudo_blocks = True
process_literals = False
process_operators = False

[params]
timing = test run
cli_prefix = --
cli_glue = =
cli_boolean = show
cli_boolean_prefix_true = 
cli_boolean_prefix_false = no-
silent_prefix = @
silent_suffix = $

[search]
protocol = BasicProtocol
algorithm = BestImprovementNoTabu
possible_edits = 
	DeclStmtReplacement
	ExprStmtReplacement
	IfReplacement
	ReturnReplacement
	DeclStmtInsertion
	ExprStmtInsertion
	IfInsertion
	ReturnInsertion
	DeclStmtDeletion
	ExprStmtDeletion
	IfDeletion
	ReturnDeletion
warmup = 5
warmup_strategy = last
max_steps = 100
max_time = 60
target_fitness = 
cache_maxsize = 40
cache_keep = 0.2
batch_instances = 
batch_shuffle = True
batch_bin_shuffle = False
batch_sample_size = 1
operator_selector = UniformSelector

[search.ls]
delete_prob = 0
max_neighbours = 20
when_trapped = continue
accept_fail = False
tabu_length = 10

[search.gp]
pop_size = 10
delete_prob = 0.5
offspring_elitism = 0.1
offspring_crossover = 0.5
offspring_mutation = 0.4
uniform_rate = 0.5
batch_reset = True

[search.minify]
do_cleanup = True
do_rebuild = True
do_simplify = True
round_robin_limit = 3


2023-12-27 22:50:52,427	[INFO]	==== WARMUP ====
2023-12-27 22:50:59,174	[DEBUG]	EXEC>  SUCCESS 1204238
2023-12-27 22:50:59,182	[INFO]	WARM    SUCCESS               1204238                 
2023-12-27 22:51:02,022	[DEBUG]	EXEC>  SUCCESS 1204242
2023-12-27 22:51:02,022	[INFO]	WARM    SUCCESS               1204242                 
2023-12-27 22:51:05,024	[DEBUG]	EXEC>  SUCCESS 1204240
2023-12-27 22:51:05,025	[INFO]	WARM    SUCCESS               1204240                 
2023-12-27 22:51:08,045	[DEBUG]	EXEC>  SUCCESS 1204239
2023-12-27 22:51:08,045	[INFO]	WARM    SUCCESS               1204239                 
2023-12-27 22:51:11,295	[DEBUG]	EXEC>  SUCCESS 1204242
2023-12-27 22:51:11,296	[INFO]	WARM    SUCCESS               1204242                 
2023-12-27 22:51:11,296	[INFO]	INITIAL SUCCESS               1204242                 
2023-12-27 22:51:11,296	[INFO]	==== START: BestImprovementNoTabu ====
2023-12-27 22:51:14,031	[DEBUG]	ExprStmtDeletion(('triangle.cpp.xml', 'expr_stmt', 7))
2023-12-27 22:51:14,031	[INFO]	1       TEST_CODE_ERROR       None  [1 edit(s)]       
2023-12-27 22:51:14,652	[DEBUG]	ReturnInsertion(('triangle.cpp.xml', '_inter_block', 1), ('triangle.cpp.xml', 'return', 1))
2023-12-27 22:51:14,652	[INFO]	2       COMPILE_CODE_ERROR    None  [1 edit(s)]       
2023-12-27 22:51:17,278	[DEBUG]	EXEC>  SUCCESS 1204300
2023-12-27 22:51:17,279	[DEBUG]	ExprStmtInsertion(('triangle.cpp.xml', '_inter_block', 25), ('triangle.cpp.xml', 'expr_stmt', 2))
2023-12-27 22:51:17,279	[INFO]	3       SUCCESS               1204300 (100.0%) [1 edit(s)] 
2023-12-27 22:51:19,814	[DEBUG]	ReturnInsertion(('triangle.cpp.xml', '_inter_block', 21), ('triangle.cpp.xml', 'return', 2))
2023-12-27 22:51:19,814	[INFO]	4       TEST_CODE_ERROR       None  [1 edit(s)]       
2023-12-27 22:51:22,368	[DEBUG]	ExprStmtDeletion(('triangle.cpp.xml', 'expr_stmt', 8))
2023-12-27 22:51:22,368	[INFO]	5       TEST_CODE_ERROR       None  [1 edit(s)]       
2023-12-27 22:51:23,124	[DEBUG]	ExprStmtInsertion(('triangle.cpp.xml', '_inter_block', 16), ('triangle.cpp.xml', 'expr_stmt', 0))
2023-12-27 22:51:23,125	[INFO]	6       COMPILE_CODE_ERROR    None  [1 edit(s)]       
2023-12-27 22:51:25,706	[DEBUG]	ReturnDeletion(('triangle.cpp.xml', 'return', 1))
2023-12-27 22:51:25,707	[INFO]	7       TEST_CODE_ERROR       None  [1 edit(s)]       
2023-12-27 22:51:26,614	[DEBUG]	DeclStmtReplacement(('triangle.cpp.xml', 'decl_stmt', 1), ('triangle.cpp.xml', 'stmt', 18))
2023-12-27 22:51:26,614	[INFO]	8       COMPILE_CODE_ERROR    None  [1 edit(s)]       
2023-12-27 22:51:29,204	[DEBUG]	ExprStmtDeletion(('triangle.cpp.xml', 'expr_stmt', 9))
2023-12-27 22:51:29,205	[INFO]	9       TEST_CODE_ERROR       None  [1 edit(s)]       
2023-12-27 22:51:31,718	[DEBUG]	ExprStmtReplacement(('triangle.cpp.xml', 'expr_stmt', 3), ('triangle.cpp.xml', 'stmt', 14))
2023-12-27 22:51:31,718	[INFO]	10      TEST_CODE_ERROR       None  [1 edit(s)]       
2023-12-27 22:51:34,624	[DEBUG]	EXEC>  SUCCESS 1204243
2023-12-27 22:51:34,624	[DEBUG]	DeclStmtInsertion(('triangle.cpp.xml', '_inter_block', 26), ('triangle.cpp.xml', 'decl_stmt', 1))
2023-12-27 22:51:34,625	[INFO]	11      SUCCESS               1204243 (100.0%) [1 edit(s)] 
2023-12-27 22:51:37,341	[DEBUG]	IfDeletion(('triangle.cpp.xml', 'if', 4))
2023-12-27 22:51:37,342	[INFO]	12      TEST_CODE_ERROR       None  [1 edit(s)]       
2023-12-27 22:51:40,213	[DEBUG]	EXEC>  SUCCESS 1497700
2023-12-27 22:51:40,214	[DEBUG]	ExprStmtInsertion(('triangle.cpp.xml', '_inter_block', 29), ('triangle.cpp.xml', 'expr_stmt', 1))
2023-12-27 22:51:40,214	[INFO]	13      SUCCESS               1497700 (124.37%) [1 edit(s)] 
2023-12-27 22:51:42,778	[DEBUG]	DeclStmtInsertion(('triangle.cpp.xml', '_inter_block', 20), ('triangle.cpp.xml', 'decl_stmt', 1))
2023-12-27 22:51:42,779	[INFO]	14      TEST_CODE_ERROR       None  [1 edit(s)]       
2023-12-27 22:51:45,689	[DEBUG]	EXEC>  SUCCESS 1204104
2023-12-27 22:51:45,690	[DEBUG]	IfReplacement(('triangle.cpp.xml', 'if', 1), ('triangle.cpp.xml', 'stmt', 4))
2023-12-27 22:51:45,690	[INFO]	15      SUCCESS              *1204104 (99.99%) [1 edit(s)] 
2023-12-27 22:51:45,691	[DEBUG]	--- before: triangle.cpp
+++ after: triangle.cpp
@@ -17,11 +17,7 @@
     b = tmp;
   }
 
-  if(a > c) {
-    tmp = a;
-    a = c;
-    c = tmp;
-  }
+  tmp = a;
 
   if(b > c) {
     tmp = b;

2023-12-27 22:51:48,475	[DEBUG]	EXEC>  SUCCESS 1203997
2023-12-27 22:51:48,476	[DEBUG]	IfReplacement(('triangle.cpp.xml', 'if', 0), ('triangle.cpp.xml', 'stmt', 0))
2023-12-27 22:51:48,476	[INFO]	16      SUCCESS              *1203997 (99.98%) [1 edit(s)] 
2023-12-27 22:51:48,478	[DEBUG]	--- before: triangle.cpp
+++ after: triangle.cpp
@@ -11,11 +11,7 @@
   delay();
 
   // Sort the sides so that a <= b <= c
-  if(a > b) {
-    tmp = a;
-    a = b;
-    b = tmp;
-  }
+  const struct timespec ms = {0, (long int) (0.001*1e9)};
 
   if(a > c) {
     tmp = a;

2023-12-27 22:51:49,228	[DEBUG]	DeclStmtReplacement(('triangle.cpp.xml', 'decl_stmt', 0), ('triangle.cpp.xml', 'stmt', 13))
2023-12-27 22:51:49,229	[INFO]	17      COMPILE_CODE_ERROR    None  [1 edit(s)]       
2023-12-27 22:51:49,815	[DEBUG]	DeclStmtReplacement(('triangle.cpp.xml', 'decl_stmt', 0), ('triangle.cpp.xml', 'stmt', 10))
2023-12-27 22:51:49,815	[INFO]	18      COMPILE_CODE_ERROR    None  [1 edit(s)]       
2023-12-27 22:51:52,325	[DEBUG]	ReturnReplacement(('triangle.cpp.xml', 'return', 1), ('triangle.cpp.xml', 'stmt', 10))
2023-12-27 22:51:52,326	[INFO]	19      TEST_CODE_ERROR       None  [1 edit(s)]       
2023-12-27 22:51:54,942	[DEBUG]	ExprStmtReplacement(('triangle.cpp.xml', 'expr_stmt', 9), ('triangle.cpp.xml', 'stmt', 12))
2023-12-27 22:51:54,942	[INFO]	20      TEST_CODE_ERROR       None  [1 edit(s)]       
2023-12-27 22:51:57,552	[DEBUG]	IfDeletion(('triangle.cpp.xml', 'if', 4))
2023-12-27 22:51:57,553	[INFO]	21      TEST_CODE_ERROR      +None  [1 edit(s)]       
2023-12-27 22:51:57,555	[DEBUG]	--- before: triangle.cpp
+++ after: triangle.cpp
@@ -33,10 +33,7 @@
     /*auto*/{
       return INVALID;
     }/*auto*/
-  if(a == b && b == c)
-    /*auto*/{
-      return EQUILATERAL;
-    }/*auto*/
+  
   if(a == b || b == c)
     /*auto*/{
       return ISOSCELES;

2023-12-27 22:52:00,260	[DEBUG]	IfReplacement(('triangle.cpp.xml', 'if', 0), ('triangle.cpp.xml', 'stmt', 0)) | IfDeletion(('triangle.cpp.xml', 'if', 3))
2023-12-27 22:52:00,260	[INFO]	22      TEST_CODE_ERROR       None  [2 edit(s)]       
2023-12-27 22:52:03,255	[DEBUG]	EXEC>  SUCCESS 1204002
2023-12-27 22:52:03,255	[DEBUG]	IfReplacement(('triangle.cpp.xml', 'if', 0), ('triangle.cpp.xml', 'stmt', 0)) | DeclStmtInsertion(('triangle.cpp.xml', '_inter_block', 24), ('triangle.cpp.xml', 'decl_stmt', 1))
2023-12-27 22:52:03,256	[INFO]	23      SUCCESS               1204002 (99.98%) [2 edit(s)] 
2023-12-27 22:52:05,830	[DEBUG]	IfReplacement(('triangle.cpp.xml', 'if', 0), ('triangle.cpp.xml', 'stmt', 0)) | ExprStmtDeletion(('triangle.cpp.xml', 'expr_stmt', 6))
2023-12-27 22:52:05,831	[INFO]	24      TEST_CODE_ERROR       None  [2 edit(s)]       
2023-12-27 22:52:06,557	[DEBUG]	IfReplacement(('triangle.cpp.xml', 'if', 0), ('triangle.cpp.xml', 'stmt', 0)) | ExprStmtReplacement(('triangle.cpp.xml', 'expr_stmt', 0), ('triangle.cpp.xml', 'stmt', 6))
2023-12-27 22:52:06,557	[INFO]	25      COMPILE_CODE_ERROR    None  [2 edit(s)]       
2023-12-27 22:52:07,118	[DEBUG]	IfReplacement(('triangle.cpp.xml', 'if', 0), ('triangle.cpp.xml', 'stmt', 0)) | IfInsertion(('triangle.cpp.xml', '_inter_block', 2), ('triangle.cpp.xml', 'if', 5))
2023-12-27 22:52:07,119	[INFO]	26      COMPILE_CODE_ERROR    None  [2 edit(s)]       
2023-12-27 22:52:09,896	[DEBUG]	EXEC>  SUCCESS 1203997
2023-12-27 22:52:09,897	[DEBUG]	IfReplacement(('triangle.cpp.xml', 'if', 0), ('triangle.cpp.xml', 'stmt', 0)) | ReturnInsertion(('triangle.cpp.xml', '_inter_block', 29), ('triangle.cpp.xml', 'return', 0))
2023-12-27 22:52:09,897	[INFO]	27      SUCCESS               1203997 (99.98%) [2 edit(s)] 
2023-12-27 22:52:12,388	[DEBUG]	IfReplacement(('triangle.cpp.xml', 'if', 0), ('triangle.cpp.xml', 'stmt', 0)) | ExprStmtReplacement(('triangle.cpp.xml', 'expr_stmt', 1), ('triangle.cpp.xml', 'stmt', 20))
2023-12-27 22:52:12,389	[INFO]	28      TEST_CODE_ERROR       None  [2 edit(s)]       
2023-12-27 22:52:12,391	[INFO]	==== END ====
2023-12-27 22:52:12,391	[INFO]	
2023-12-27 22:52:12,391	[INFO]	==== REPORT ====
2023-12-27 22:52:12,391	[INFO]	Termination: time budget
2023-12-27 22:52:12,392	[INFO]	Log file: /cs/student/ug/2020/damibose/projects/magpie/_magpie_logs/triangle-cpp_slow_1703717456.log
2023-12-27 22:52:12,393	[INFO]	Patch file: _magpie_logs/triangle-cpp_slow_1703717456.patch
2023-12-27 22:52:12,393	[INFO]	Diff file: _magpie_logs/triangle-cpp_slow_1703717456.diff
2023-12-27 22:52:12,394	[INFO]	Best fitness: 1203997
2023-12-27 22:52:12,394	[INFO]	Best patch: IfReplacement(('triangle.cpp.xml', 'if', 0), ('triangle.cpp.xml', 'stmt', 0))
2023-12-27 22:52:12,394	[INFO]	Diff:
--- before: triangle.cpp
+++ after: triangle.cpp
@@ -11,11 +11,7 @@
   delay();
 
   // Sort the sides so that a <= b <= c
-  if(a > b) {
-    tmp = a;
-    a = b;
-    b = tmp;
-  }
+  const struct timespec ms = {0, (long int) (0.001*1e9)};
 
   if(a > c) {
     tmp = a;

