2023-12-27 22:50:52,664	[DEBUG]	==== CONFIG ====
[magpie]
import = 
seed = 9
log_dir = _magpie_logs
work_dir = _magpie_work
final_out_dir = experiments/results/RandomSearch/baseline/trial_9
local_original_copy = True
local_original_name = __original__
output_encoding = ascii
edit_retries = 10
default_timeout = 30
default_lengthout = 10000.0
diff_method = unified
trust_local_filesystem = True

[software]
path = examples/code/triangle-cpp_slow
target_files = 
	triangle.cpp.xml
program = BasicProgram
engine_rules = 
	*.params : ConfigFileParamsEngine
	*.xml : SrcmlEngine
	* : LineEngine
engine_config = 
	*.params : [params]
	*.xml : [srcml]
init_cmd = 
init_timeout = 60
init_lengthout = -1
setup_cmd = ./setup.sh
setup_timeout = 
setup_lengthout = 
compile_cmd = ./compile.sh
compile_timeout = 
compile_lengthout = 
test_cmd = ./build/test_triangle
test_timeout = 
test_lengthout = 
run_cmd = perf stat ./build/run_triangle
run_timeout = 1
run_lengthout = 
batch_timeout = 
batch_lengthout = 
batch_bin_fitness_strategy = aggregate
batch_fitness_strategy = sum
fitness = perf_instructions

[srcml]
rename = 
focus = block break continue decl_stmt do expr_stmt for goto if return switch while
internodes = block
process_pseudo_blocks = True
process_literals = False
process_operators = False

[params]
timing = test run
cli_prefix = --
cli_glue = =
cli_boolean = show
cli_boolean_prefix_true = 
cli_boolean_prefix_false = no-
silent_prefix = @
silent_suffix = $

[search]
protocol = BasicProtocol
algorithm = RandomSearch
possible_edits = 
	DeclStmtReplacement
	ExprStmtReplacement
	IfReplacement
	ReturnReplacement
	DeclStmtInsertion
	ExprStmtInsertion
	IfInsertion
	ReturnInsertion
	DeclStmtDeletion
	ExprStmtDeletion
	IfDeletion
	ReturnDeletion
warmup = 5
warmup_strategy = last
max_steps = 100
max_time = 60
target_fitness = 
cache_maxsize = 40
cache_keep = 0.2
batch_instances = 
batch_shuffle = True
batch_bin_shuffle = False
batch_sample_size = 1
operator_selector = UniformSelector

[search.ls]
delete_prob = 0
max_neighbours = 20
when_trapped = continue
accept_fail = False
tabu_length = 10

[search.gp]
pop_size = 10
delete_prob = 0.5
offspring_elitism = 0.1
offspring_crossover = 0.5
offspring_mutation = 0.4
uniform_rate = 0.5
batch_reset = True

[search.minify]
do_cleanup = True
do_rebuild = True
do_simplify = True
round_robin_limit = 3


2023-12-27 22:50:52,673	[INFO]	==== WARMUP ====
2023-12-27 22:51:00,143	[DEBUG]	EXEC>  SUCCESS 1204240
2023-12-27 22:51:00,150	[INFO]	WARM    SUCCESS               1204240                 
2023-12-27 22:51:03,466	[DEBUG]	EXEC>  SUCCESS 1204241
2023-12-27 22:51:03,467	[INFO]	WARM    SUCCESS               1204241                 
2023-12-27 22:51:06,667	[DEBUG]	EXEC>  SUCCESS 1204239
2023-12-27 22:51:06,668	[INFO]	WARM    SUCCESS               1204239                 
2023-12-27 22:51:09,550	[DEBUG]	EXEC>  SUCCESS 1204238
2023-12-27 22:51:09,551	[INFO]	WARM    SUCCESS               1204238                 
2023-12-27 22:51:12,616	[DEBUG]	EXEC>  SUCCESS 1204241
2023-12-27 22:51:12,616	[INFO]	WARM    SUCCESS               1204241                 
2023-12-27 22:51:12,617	[INFO]	INITIAL SUCCESS               1204241                 
2023-12-27 22:51:12,617	[INFO]	==== START: RandomSearch ====
2023-12-27 22:51:15,062	[DEBUG]	ReturnInsertion(('triangle.cpp.xml', '_inter_block', 28), ('triangle.cpp.xml', 'return', 3))
2023-12-27 22:51:15,062	[INFO]	1       TEST_CODE_ERROR       None  [1 edit(s)]       
2023-12-27 22:51:17,557	[DEBUG]	ReturnReplacement(('triangle.cpp.xml', 'return', 1), ('triangle.cpp.xml', 'stmt', 1))
2023-12-27 22:51:17,557	[INFO]	2       TEST_CODE_ERROR       None  [1 edit(s)]       
2023-12-27 22:51:20,372	[DEBUG]	EXEC>  SUCCESS 1203999
2023-12-27 22:51:20,373	[DEBUG]	IfReplacement(('triangle.cpp.xml', 'if', 0), ('triangle.cpp.xml', 'stmt', 0))
2023-12-27 22:51:20,373	[INFO]	3       SUCCESS              *1203999 (99.98%) [1 edit(s)] 
2023-12-27 22:51:20,376	[DEBUG]	--- before: triangle.cpp
+++ after: triangle.cpp
@@ -11,11 +11,7 @@
   delay();
 
   // Sort the sides so that a <= b <= c
-  if(a > b) {
-    tmp = a;
-    a = b;
-    b = tmp;
-  }
+  const struct timespec ms = {0, (long int) (0.001*1e9)};
 
   if(a > c) {
     tmp = a;

2023-12-27 22:51:23,190	[DEBUG]	ReturnDeletion(('triangle.cpp.xml', 'return', 0))
2023-12-27 22:51:23,191	[INFO]	4       TEST_CODE_ERROR       None  [1 edit(s)]       
2023-12-27 22:51:25,925	[DEBUG]	ReturnDeletion(('triangle.cpp.xml', 'return', 0))
2023-12-27 22:51:25,926	[INFO]	5       TEST_CODE_ERROR       None  [1 edit(s)]       
2023-12-27 22:51:26,665	[DEBUG]	DeclStmtReplacement(('triangle.cpp.xml', 'decl_stmt', 0), ('triangle.cpp.xml', 'stmt', 3))
2023-12-27 22:51:26,665	[INFO]	6       COMPILE_CODE_ERROR    None  [1 edit(s)]       
2023-12-27 22:51:29,146	[DEBUG]	ReturnReplacement(('triangle.cpp.xml', 'return', 2), ('triangle.cpp.xml', 'stmt', 15))
2023-12-27 22:51:29,147	[INFO]	7       TEST_CODE_ERROR       None  [1 edit(s)]       
2023-12-27 22:51:29,866	[DEBUG]	DeclStmtDeletion(('triangle.cpp.xml', 'decl_stmt', 1))
2023-12-27 22:51:29,867	[INFO]	8       COMPILE_CODE_ERROR    None  [1 edit(s)]       
2023-12-27 22:51:32,380	[DEBUG]	ReturnReplacement(('triangle.cpp.xml', 'return', 0), ('triangle.cpp.xml', 'stmt', 11))
2023-12-27 22:51:32,380	[INFO]	9       TEST_CODE_ERROR       None  [1 edit(s)]       
2023-12-27 22:51:35,123	[DEBUG]	ExprStmtDeletion(('triangle.cpp.xml', 'expr_stmt', 6))
2023-12-27 22:51:35,124	[INFO]	10      TEST_CODE_ERROR       None  [1 edit(s)]       
2023-12-27 22:51:37,869	[DEBUG]	ReturnInsertion(('triangle.cpp.xml', '_inter_block', 25), ('triangle.cpp.xml', 'return', 1))
2023-12-27 22:51:37,870	[INFO]	11      TEST_CODE_ERROR       None  [1 edit(s)]       
2023-12-27 22:51:40,487	[DEBUG]	ReturnInsertion(('triangle.cpp.xml', '_inter_block', 22), ('triangle.cpp.xml', 'return', 2))
2023-12-27 22:51:40,487	[INFO]	12      TEST_CODE_ERROR       None  [1 edit(s)]       
2023-12-27 22:51:41,196	[DEBUG]	DeclStmtReplacement(('triangle.cpp.xml', 'decl_stmt', 0), ('triangle.cpp.xml', 'stmt', 19))
2023-12-27 22:51:41,197	[INFO]	13      COMPILE_CODE_ERROR    None  [1 edit(s)]       
2023-12-27 22:51:43,989	[DEBUG]	EXEC>  SUCCESS 1204258
2023-12-27 22:51:43,990	[DEBUG]	ExprStmtInsertion(('triangle.cpp.xml', '_inter_block', 28), ('triangle.cpp.xml', 'expr_stmt', 3))
2023-12-27 22:51:43,990	[INFO]	14      SUCCESS               1204258 (100.0%) [1 edit(s)] 
2023-12-27 22:51:44,748	[DEBUG]	DeclStmtDeletion(('triangle.cpp.xml', 'decl_stmt', 1))
2023-12-27 22:51:44,748	[INFO]	15      COMPILE_CODE_ERROR    None  [1 edit(s)]       
2023-12-27 22:51:47,413	[DEBUG]	ReturnInsertion(('triangle.cpp.xml', '_inter_block', 23), ('triangle.cpp.xml', 'return', 2))
2023-12-27 22:51:47,414	[INFO]	16      TEST_CODE_ERROR       None  [1 edit(s)]       
2023-12-27 22:51:49,961	[DEBUG]	ExprStmtDeletion(('triangle.cpp.xml', 'expr_stmt', 8))
2023-12-27 22:51:49,962	[INFO]	17      TEST_CODE_ERROR       None  [1 edit(s)]       
2023-12-27 22:51:50,680	[DEBUG]	DeclStmtDeletion(('triangle.cpp.xml', 'decl_stmt', 1))
2023-12-27 22:51:50,681	[INFO]	18      COMPILE_CODE_ERROR    None  [1 edit(s)]       
2023-12-27 22:51:51,303	[DEBUG]	DeclStmtDeletion(('triangle.cpp.xml', 'decl_stmt', 0))
2023-12-27 22:51:51,303	[INFO]	19      COMPILE_CODE_ERROR    None  [1 edit(s)]       
2023-12-27 22:51:53,787	[DEBUG]	ExprStmtDeletion(('triangle.cpp.xml', 'expr_stmt', 9))
2023-12-27 22:51:53,788	[INFO]	20      TEST_CODE_ERROR       None  [1 edit(s)]       
2023-12-27 22:51:56,344	[DEBUG]	ReturnDeletion(('triangle.cpp.xml', 'return', 2))
2023-12-27 22:51:56,345	[INFO]	21      TEST_CODE_ERROR       None  [1 edit(s)]       
2023-12-27 22:51:57,025	[DEBUG]	DeclStmtDeletion(('triangle.cpp.xml', 'decl_stmt', 0))
2023-12-27 22:51:57,025	[INFO]	22      COMPILE_CODE_ERROR    None  [1 edit(s)]       
2023-12-27 22:51:57,602	[DEBUG]	DeclStmtDeletion(('triangle.cpp.xml', 'decl_stmt', 1))
2023-12-27 22:51:57,602	[INFO]	23      COMPILE_CODE_ERROR    None  [1 edit(s)]       
2023-12-27 22:52:00,121	[DEBUG]	ReturnDeletion(('triangle.cpp.xml', 'return', 1))
2023-12-27 22:52:00,122	[INFO]	24      TEST_CODE_ERROR       None  [1 edit(s)]       
2023-12-27 22:52:02,704	[DEBUG]	ReturnDeletion(('triangle.cpp.xml', 'return', 3))
2023-12-27 22:52:02,705	[INFO]	25      TEST_CODE_ERROR       None  [1 edit(s)]       
2023-12-27 22:52:05,353	[DEBUG]	ReturnDeletion(('triangle.cpp.xml', 'return', 2))
2023-12-27 22:52:05,353	[INFO]	26      TEST_CODE_ERROR       None  [1 edit(s)]       
2023-12-27 22:52:07,909	[DEBUG]	ExprStmtReplacement(('triangle.cpp.xml', 'expr_stmt', 6), ('triangle.cpp.xml', 'stmt', 7))
2023-12-27 22:52:07,910	[INFO]	27      TEST_CODE_ERROR       None  [1 edit(s)]       
2023-12-27 22:52:10,568	[DEBUG]	IfReplacement(('triangle.cpp.xml', 'if', 3), ('triangle.cpp.xml', 'stmt', 18))
2023-12-27 22:52:10,568	[INFO]	28      TEST_CODE_ERROR       None  [1 edit(s)]       
2023-12-27 22:52:13,088	[DEBUG]	IfReplacement(('triangle.cpp.xml', 'if', 4), ('triangle.cpp.xml', 'stmt', 8))
2023-12-27 22:52:13,088	[INFO]	29      TEST_CODE_ERROR       None  [1 edit(s)]       
2023-12-27 22:52:13,091	[INFO]	==== END ====
2023-12-27 22:52:13,091	[INFO]	
2023-12-27 22:52:13,091	[INFO]	==== REPORT ====
2023-12-27 22:52:13,091	[INFO]	Termination: time budget
2023-12-27 22:52:13,091	[INFO]	Log file: /cs/student/ug/2020/damibose/projects/magpie/_magpie_logs/triangle-cpp_slow_1703717472.log
2023-12-27 22:52:13,093	[INFO]	Patch file: _magpie_logs/triangle-cpp_slow_1703717472.patch
2023-12-27 22:52:13,093	[INFO]	Diff file: _magpie_logs/triangle-cpp_slow_1703717472.diff
2023-12-27 22:52:13,093	[INFO]	Best fitness: 1203999
2023-12-27 22:52:13,094	[INFO]	Best patch: IfReplacement(('triangle.cpp.xml', 'if', 0), ('triangle.cpp.xml', 'stmt', 0))
2023-12-27 22:52:13,094	[INFO]	Diff:
--- before: triangle.cpp
+++ after: triangle.cpp
@@ -11,11 +11,7 @@
   delay();
 
   // Sort the sides so that a <= b <= c
-  if(a > b) {
-    tmp = a;
-    a = b;
-    b = tmp;
-  }
+  const struct timespec ms = {0, (long int) (0.001*1e9)};
 
   if(a > c) {
     tmp = a;

