2023-12-15 13:21:42,547	[DEBUG]	==== CONFIG ====
[magpie]
import = 
seed = 10
log_dir = _magpie_logs
work_dir = _magpie_work
final_out_dir = experiments/results_e_greedy_proof_of_concept/baseline/BestImprovementNoTabu/trial_10
local_original_copy = True
local_original_name = __original__
output_encoding = ascii
edit_retries = 10
default_timeout = 30
default_lengthout = 10000.0
diff_method = unified
trust_local_filesystem = True

[software]
path = examples/code/triangle-cpp_slow
target_files = 
	triangle.cpp.xml
program = BasicProgram
engine_rules = 
	*.params : ConfigFileParamsEngine
	*.xml : SrcmlEngine
	* : LineEngine
engine_config = 
	*.params : [params]
	*.xml : [srcml]
init_cmd = 
init_timeout = 60
init_lengthout = -1
setup_cmd = ./setup.sh
setup_timeout = 
setup_lengthout = 
compile_cmd = ./compile.sh
compile_timeout = 
compile_lengthout = 
test_cmd = ./build/test_triangle
test_timeout = 
test_lengthout = 
run_cmd = perf stat ./build/run_triangle
run_timeout = 1
run_lengthout = 
batch_timeout = 
batch_lengthout = 
batch_bin_fitness_strategy = aggregate
batch_fitness_strategy = sum
fitness = perf_instructions

[srcml]
rename = 
focus = block break continue decl_stmt do expr_stmt for goto if return switch while
internodes = block
process_pseudo_blocks = True
process_literals = False
process_operators = False

[params]
timing = test run
cli_prefix = --
cli_glue = =
cli_boolean = show
cli_boolean_prefix_true = 
cli_boolean_prefix_false = no-
silent_prefix = @
silent_suffix = $

[search]
protocol = BasicProtocol
algorithm = BestImprovementNoTabu
possible_edits = 
	DeclStmtReplacement
	ExprStmtReplacement
	IfReplacement
	ReturnReplacement
	DeclStmtInsertion
	ExprStmtInsertion
	IfInsertion
	ReturnInsertion
	DeclStmtDeletion
	ExprStmtDeletion
	IfDeletion
	ReturnDeletion
warmup = 5
warmup_strategy = last
max_steps = 100
max_time = 60
target_fitness = 
cache_maxsize = 40
cache_keep = 0.2
batch_instances = 
batch_shuffle = True
batch_bin_shuffle = False
batch_sample_size = 1
operator_selector = UniformSelector

[search.ls]
delete_prob = 0
max_neighbours = 20
when_trapped = continue
accept_fail = False
tabu_length = 10

[search.gp]
pop_size = 10
delete_prob = 0.5
offspring_elitism = 0.1
offspring_crossover = 0.5
offspring_mutation = 0.4
uniform_rate = 0.5
batch_reset = True

[search.minify]
do_cleanup = True
do_rebuild = True
do_simplify = True
round_robin_limit = 3


2023-12-15 13:21:42,552	[INFO]	==== WARMUP ====
2023-12-15 13:21:45,105	[DEBUG]	EXEC>  SUCCESS 1352200
2023-12-15 13:21:45,105	[INFO]	WARM    SUCCESS               1352200                 
2023-12-15 13:21:46,061	[DEBUG]	EXEC>  SUCCESS 1205551
2023-12-15 13:21:46,061	[INFO]	WARM    SUCCESS               1205551                 
2023-12-15 13:21:47,034	[DEBUG]	EXEC>  SUCCESS 1205549
2023-12-15 13:21:47,034	[INFO]	WARM    SUCCESS               1205549                 
2023-12-15 13:21:47,992	[DEBUG]	EXEC>  SUCCESS 1205551
2023-12-15 13:21:47,992	[INFO]	WARM    SUCCESS               1205551                 
2023-12-15 13:21:48,931	[DEBUG]	EXEC>  SUCCESS 1205551
2023-12-15 13:21:48,931	[INFO]	WARM    SUCCESS               1205551                 
2023-12-15 13:21:48,932	[INFO]	INITIAL SUCCESS               1205551                 
2023-12-15 13:21:48,933	[INFO]	==== START: BestImprovementNoTabu ====
2023-12-15 13:21:49,727	[DEBUG]	ExprStmtReplacement(('triangle.cpp.xml', 'expr_stmt', 3), ('triangle.cpp.xml', 'stmt', 1))
2023-12-15 13:21:49,727	[INFO]	1       TEST_CODE_ERROR       None  [1 edit(s)]       
2023-12-15 13:21:50,506	[DEBUG]	ReturnDeletion(('triangle.cpp.xml', 'return', 2))
2023-12-15 13:21:50,506	[INFO]	2       TEST_CODE_ERROR       None  [1 edit(s)]       
2023-12-15 13:21:50,639	[DEBUG]	ExprStmtReplacement(('triangle.cpp.xml', 'expr_stmt', 8), ('triangle.cpp.xml', 'stmt', 2))
2023-12-15 13:21:50,640	[INFO]	3       COMPILE_CODE_ERROR    None  [1 edit(s)]       
2023-12-15 13:21:51,601	[DEBUG]	EXEC>  SUCCESS 1205740
2023-12-15 13:21:51,602	[DEBUG]	IfInsertion(('triangle.cpp.xml', '_inter_block', 7), ('triangle.cpp.xml', 'if', 1))
2023-12-15 13:21:51,603	[INFO]	4       SUCCESS               1205740 (100.02%) [1 edit(s)] 
2023-12-15 13:21:51,758	[DEBUG]	DeclStmtReplacement(('triangle.cpp.xml', 'decl_stmt', 0), ('triangle.cpp.xml', 'stmt', 22))
2023-12-15 13:21:51,758	[INFO]	5       COMPILE_CODE_ERROR    None  [1 edit(s)]       
2023-12-15 13:21:51,911	[DEBUG]	DeclStmtInsertion(('triangle.cpp.xml', '_inter_block', 12), ('triangle.cpp.xml', 'decl_stmt', 1))
2023-12-15 13:21:51,911	[INFO]	6       COMPILE_CODE_ERROR    None  [1 edit(s)]       
2023-12-15 13:21:52,040	[DEBUG]	DeclStmtDeletion(('triangle.cpp.xml', 'decl_stmt', 0))
2023-12-15 13:21:52,041	[INFO]	7       COMPILE_CODE_ERROR    None  [1 edit(s)]       
2023-12-15 13:21:52,793	[DEBUG]	ExprStmtDeletion(('triangle.cpp.xml', 'expr_stmt', 8))
2023-12-15 13:21:52,793	[INFO]	8       TEST_CODE_ERROR       None  [1 edit(s)]       
2023-12-15 13:21:53,758	[DEBUG]	EXEC>  SUCCESS 1205550
2023-12-15 13:21:53,759	[DEBUG]	DeclStmtInsertion(('triangle.cpp.xml', '_inter_block', 13), ('triangle.cpp.xml', 'decl_stmt', 0))
2023-12-15 13:21:53,759	[INFO]	9       SUCCESS              *1205550 (100.0%) [1 edit(s)] 
2023-12-15 13:21:53,761	[DEBUG]	--- before: triangle.cpp
+++ after: triangle.cpp
@@ -42,4 +42,5 @@
       return ISOSCELES;
     }/*auto*/
   return SCALENE;
+  const struct timespec ms = {0, (long int) (0.001*1e9)};
 }

2023-12-15 13:21:54,567	[DEBUG]	IfDeletion(('triangle.cpp.xml', 'if', 4))
2023-12-15 13:21:54,567	[INFO]	10      TEST_CODE_ERROR       None  [1 edit(s)]       
2023-12-15 13:21:54,695	[DEBUG]	DeclStmtDeletion(('triangle.cpp.xml', 'decl_stmt', 1))
2023-12-15 13:21:54,695	[INFO]	11      COMPILE_CODE_ERROR    None  [1 edit(s)]       
2023-12-15 13:21:55,480	[DEBUG]	ExprStmtDeletion(('triangle.cpp.xml', 'expr_stmt', 5))
2023-12-15 13:21:55,480	[INFO]	12      TEST_CODE_ERROR       None  [1 edit(s)]       
2023-12-15 13:21:56,458	[DEBUG]	EXEC>  SUCCESS 1319360
2023-12-15 13:21:56,459	[DEBUG]	ExprStmtInsertion(('triangle.cpp.xml', '_inter_block', 17), ('triangle.cpp.xml', 'expr_stmt', 2))
2023-12-15 13:21:56,460	[INFO]	13      SUCCESS               1319360 (109.44%) [1 edit(s)] 
2023-12-15 13:21:57,273	[DEBUG]	ExprStmtReplacement(('triangle.cpp.xml', 'expr_stmt', 4), ('triangle.cpp.xml', 'stmt', 17))
2023-12-15 13:21:57,274	[INFO]	14      TEST_CODE_ERROR       None  [1 edit(s)]       
2023-12-15 13:21:57,431	[DEBUG]	DeclStmtDeletion(('triangle.cpp.xml', 'decl_stmt', 1))
2023-12-15 13:21:57,431	[INFO]	15      COMPILE_CODE_ERROR    None  [1 edit(s)]       
2023-12-15 13:21:58,377	[DEBUG]	EXEC>  SUCCESS 1625908
2023-12-15 13:21:58,377	[DEBUG]	IfReplacement(('triangle.cpp.xml', 'if', 1), ('triangle.cpp.xml', 'stmt', 7))
2023-12-15 13:21:58,378	[INFO]	16      SUCCESS               1625908 (134.87%) [1 edit(s)] 
2023-12-15 13:21:59,143	[DEBUG]	IfReplacement(('triangle.cpp.xml', 'if', 3), ('triangle.cpp.xml', 'stmt', 19))
2023-12-15 13:21:59,143	[INFO]	17      TEST_CODE_ERROR       None  [1 edit(s)]       
2023-12-15 13:21:59,274	[DEBUG]	ReturnReplacement(('triangle.cpp.xml', 'return', 2), ('triangle.cpp.xml', 'stmt', 2))
2023-12-15 13:21:59,274	[INFO]	18      COMPILE_CODE_ERROR    None  [1 edit(s)]       
2023-12-15 13:21:59,407	[DEBUG]	DeclStmtReplacement(('triangle.cpp.xml', 'decl_stmt', 0), ('triangle.cpp.xml', 'stmt', 15))
2023-12-15 13:21:59,407	[INFO]	19      COMPILE_CODE_ERROR    None  [1 edit(s)]       
2023-12-15 13:22:00,216	[DEBUG]	ExprStmtReplacement(('triangle.cpp.xml', 'expr_stmt', 4), ('triangle.cpp.xml', 'stmt', 22))
2023-12-15 13:22:00,217	[INFO]	20      TEST_CODE_ERROR       None  [1 edit(s)]       
2023-12-15 13:22:00,369	[DEBUG]	DeclStmtReplacement(('triangle.cpp.xml', 'decl_stmt', 1), ('triangle.cpp.xml', 'stmt', 3))
2023-12-15 13:22:00,370	[INFO]	21      COMPILE_CODE_ERROR   +None  [1 edit(s)]       
2023-12-15 13:22:00,371	[DEBUG]	--- before: triangle.cpp
+++ after: triangle.cpp
@@ -6,7 +6,7 @@
 }
 
 int classify_triangle(double a, double b, double c) {
-  double tmp;
+  delay();
 
   delay();
 

2023-12-15 13:22:00,488	[DEBUG]	DeclStmtInsertion(('triangle.cpp.xml', '_inter_block', 13), ('triangle.cpp.xml', 'decl_stmt', 0)) | DeclStmtReplacement(('triangle.cpp.xml', 'decl_stmt', 0), ('triangle.cpp.xml', 'stmt', 13))
2023-12-15 13:22:00,488	[INFO]	22      COMPILE_CODE_ERROR    None  [2 edit(s)]       
2023-12-15 13:22:01,244	[DEBUG]	DeclStmtInsertion(('triangle.cpp.xml', '_inter_block', 13), ('triangle.cpp.xml', 'decl_stmt', 0)) | IfDeletion(('triangle.cpp.xml', 'if', 5))
2023-12-15 13:22:01,244	[INFO]	23      TEST_CODE_ERROR       None  [2 edit(s)]       
2023-12-15 13:22:02,036	[DEBUG]	DeclStmtInsertion(('triangle.cpp.xml', '_inter_block', 13), ('triangle.cpp.xml', 'decl_stmt', 0)) | ReturnDeletion(('triangle.cpp.xml', 'return', 1))
2023-12-15 13:22:02,036	[INFO]	24      TEST_CODE_ERROR       None  [2 edit(s)]       
2023-12-15 13:22:02,812	[DEBUG]	DeclStmtInsertion(('triangle.cpp.xml', '_inter_block', 13), ('triangle.cpp.xml', 'decl_stmt', 0)) | IfDeletion(('triangle.cpp.xml', 'if', 4))
2023-12-15 13:22:02,813	[INFO]	25      TEST_CODE_ERROR       None  [2 edit(s)]       
2023-12-15 13:22:03,609	[DEBUG]	DeclStmtInsertion(('triangle.cpp.xml', '_inter_block', 13), ('triangle.cpp.xml', 'decl_stmt', 0)) | ReturnReplacement(('triangle.cpp.xml', 'return', 2), ('triangle.cpp.xml', 'stmt', 5))
2023-12-15 13:22:03,610	[INFO]	26      TEST_CODE_ERROR       None  [2 edit(s)]       
2023-12-15 13:22:03,747	[DEBUG]	DeclStmtInsertion(('triangle.cpp.xml', '_inter_block', 13), ('triangle.cpp.xml', 'decl_stmt', 0)) | IfInsertion(('triangle.cpp.xml', '_inter_block', 3), ('triangle.cpp.xml', 'if', 0))
2023-12-15 13:22:03,748	[INFO]	27      COMPILE_CODE_ERROR    None  [2 edit(s)]       
2023-12-15 13:22:03,877	[DEBUG]	DeclStmtInsertion(('triangle.cpp.xml', '_inter_block', 13), ('triangle.cpp.xml', 'decl_stmt', 0)) | DeclStmtDeletion(('triangle.cpp.xml', 'decl_stmt', 0))
2023-12-15 13:22:03,878	[INFO]	28      COMPILE_CODE_ERROR    None  [2 edit(s)]       
2023-12-15 13:22:04,634	[DEBUG]	DeclStmtInsertion(('triangle.cpp.xml', '_inter_block', 13), ('triangle.cpp.xml', 'decl_stmt', 0)) | ExprStmtReplacement(('triangle.cpp.xml', 'expr_stmt', 8), ('triangle.cpp.xml', 'stmt', 12))
2023-12-15 13:22:04,634	[INFO]	29      TEST_CODE_ERROR       None  [2 edit(s)]       
2023-12-15 13:22:05,613	[DEBUG]	EXEC>  SUCCESS 1205290
2023-12-15 13:22:05,614	[DEBUG]	DeclStmtInsertion(('triangle.cpp.xml', '_inter_block', 13), ('triangle.cpp.xml', 'decl_stmt', 0)) | IfDeletion(('triangle.cpp.xml', 'if', 1))
2023-12-15 13:22:05,614	[INFO]	30      SUCCESS              *1205290 (99.98%) [2 edit(s)] 
2023-12-15 13:22:05,616	[DEBUG]	--- before: triangle.cpp
+++ after: triangle.cpp
@@ -17,11 +17,7 @@
     b = tmp;
   }
 
-  if(a > c) {
-    tmp = a;
-    a = c;
-    c = tmp;
-  }
+  
 
   if(b > c) {
     tmp = b;
@@ -42,4 +38,5 @@
       return ISOSCELES;
     }/*auto*/
   return SCALENE;
+  const struct timespec ms = {0, (long int) (0.001*1e9)};
 }

2023-12-15 13:22:06,413	[DEBUG]	DeclStmtInsertion(('triangle.cpp.xml', '_inter_block', 13), ('triangle.cpp.xml', 'decl_stmt', 0)) | ExprStmtDeletion(('triangle.cpp.xml', 'expr_stmt', 10))
2023-12-15 13:22:06,413	[INFO]	31      TEST_CODE_ERROR       None  [2 edit(s)]       
2023-12-15 13:22:07,222	[DEBUG]	DeclStmtInsertion(('triangle.cpp.xml', '_inter_block', 13), ('triangle.cpp.xml', 'decl_stmt', 0)) | ExprStmtDeletion(('triangle.cpp.xml', 'expr_stmt', 4))
2023-12-15 13:22:07,222	[INFO]	32      TEST_CODE_ERROR       None  [2 edit(s)]       
2023-12-15 13:22:07,358	[DEBUG]	DeclStmtInsertion(('triangle.cpp.xml', '_inter_block', 13), ('triangle.cpp.xml', 'decl_stmt', 0)) | DeclStmtReplacement(('triangle.cpp.xml', 'decl_stmt', 1), ('triangle.cpp.xml', 'stmt', 14))
2023-12-15 13:22:07,359	[INFO]	33      COMPILE_CODE_ERROR    None  [2 edit(s)]       
2023-12-15 13:22:07,483	[DEBUG]	DeclStmtInsertion(('triangle.cpp.xml', '_inter_block', 13), ('triangle.cpp.xml', 'decl_stmt', 0)) | DeclStmtDeletion(('triangle.cpp.xml', 'decl_stmt', 0))
2023-12-15 13:22:07,484	[INFO]	34      COMPILE_CODE_ERROR    None  [2 edit(s)]       
2023-12-15 13:22:08,283	[DEBUG]	DeclStmtInsertion(('triangle.cpp.xml', '_inter_block', 13), ('triangle.cpp.xml', 'decl_stmt', 0)) | IfDeletion(('triangle.cpp.xml', 'if', 2))
2023-12-15 13:22:08,283	[INFO]	35      TEST_CODE_ERROR       None  [2 edit(s)]       
2023-12-15 13:22:08,423	[DEBUG]	DeclStmtInsertion(('triangle.cpp.xml', '_inter_block', 13), ('triangle.cpp.xml', 'decl_stmt', 0)) | DeclStmtReplacement(('triangle.cpp.xml', 'decl_stmt', 1), ('triangle.cpp.xml', 'stmt', 18))
2023-12-15 13:22:08,423	[INFO]	36      COMPILE_CODE_ERROR    None  [2 edit(s)]       
2023-12-15 13:22:09,196	[DEBUG]	DeclStmtInsertion(('triangle.cpp.xml', '_inter_block', 13), ('triangle.cpp.xml', 'decl_stmt', 0)) | ExprStmtDeletion(('triangle.cpp.xml', 'expr_stmt', 8))
2023-12-15 13:22:09,196	[INFO]	37      TEST_CODE_ERROR       None  [2 edit(s)]       
2023-12-15 13:22:09,983	[DEBUG]	DeclStmtInsertion(('triangle.cpp.xml', '_inter_block', 13), ('triangle.cpp.xml', 'decl_stmt', 0)) | ExprStmtDeletion(('triangle.cpp.xml', 'expr_stmt', 4))
2023-12-15 13:22:09,983	[INFO]	38      TEST_CODE_ERROR       None  [2 edit(s)]       
2023-12-15 13:22:10,796	[DEBUG]	DeclStmtInsertion(('triangle.cpp.xml', '_inter_block', 13), ('triangle.cpp.xml', 'decl_stmt', 0)) | ReturnDeletion(('triangle.cpp.xml', 'return', 2))
2023-12-15 13:22:10,797	[INFO]	39      TEST_CODE_ERROR       None  [2 edit(s)]       
2023-12-15 13:22:11,583	[DEBUG]	DeclStmtInsertion(('triangle.cpp.xml', '_inter_block', 13), ('triangle.cpp.xml', 'decl_stmt', 0)) | ReturnDeletion(('triangle.cpp.xml', 'return', 1))
2023-12-15 13:22:11,583	[INFO]	40      TEST_CODE_ERROR       None  [2 edit(s)]       
2023-12-15 13:22:12,381	[DEBUG]	DeclStmtInsertion(('triangle.cpp.xml', '_inter_block', 13), ('triangle.cpp.xml', 'decl_stmt', 0)) | IfDeletion(('triangle.cpp.xml', 'if', 5))
2023-12-15 13:22:12,381	[INFO]	41      TEST_CODE_ERROR       None  [2 edit(s)]       
2023-12-15 13:22:13,333	[DEBUG]	EXEC>  SUCCESS 1205738
2023-12-15 13:22:13,334	[DEBUG]	DeclStmtInsertion(('triangle.cpp.xml', '_inter_block', 13), ('triangle.cpp.xml', 'decl_stmt', 0)) | IfInsertion(('triangle.cpp.xml', '_inter_block', 8), ('triangle.cpp.xml', 'if', 0))
2023-12-15 13:22:13,334	[INFO]	42      SUCCESS              +1205738 (100.02%) [2 edit(s)] 
2023-12-15 13:22:13,336	[DEBUG]	--- before: triangle.cpp
+++ after: triangle.cpp
@@ -22,6 +22,11 @@
     a = c;
     c = tmp;
   }
+  if(a > b) {
+    tmp = a;
+    a = b;
+    b = tmp;
+  }
 
   if(b > c) {
     tmp = b;
@@ -42,4 +47,5 @@
       return ISOSCELES;
     }/*auto*/
   return SCALENE;
+  const struct timespec ms = {0, (long int) (0.001*1e9)};
 }

2023-12-15 13:22:13,505	[DEBUG]	DeclStmtInsertion(('triangle.cpp.xml', '_inter_block', 13), ('triangle.cpp.xml', 'decl_stmt', 0)) | IfDeletion(('triangle.cpp.xml', 'if', 1)) | DeclStmtReplacement(('triangle.cpp.xml', 'decl_stmt', 1), ('triangle.cpp.xml', 'stmt', 18))
2023-12-15 13:22:13,505	[INFO]	43      COMPILE_CODE_ERROR    None  [3 edit(s)]       
2023-12-15 13:22:13,634	[DEBUG]	DeclStmtInsertion(('triangle.cpp.xml', '_inter_block', 13), ('triangle.cpp.xml', 'decl_stmt', 0)) | IfDeletion(('triangle.cpp.xml', 'if', 1)) | ExprStmtReplacement(('triangle.cpp.xml', 'expr_stmt', 0), ('triangle.cpp.xml', 'stmt', 20))
2023-12-15 13:22:13,635	[INFO]	44      COMPILE_CODE_ERROR    None  [3 edit(s)]       
2023-12-15 13:22:14,451	[DEBUG]	DeclStmtInsertion(('triangle.cpp.xml', '_inter_block', 13), ('triangle.cpp.xml', 'decl_stmt', 0)) | IfDeletion(('triangle.cpp.xml', 'if', 1)) | ExprStmtDeletion(('triangle.cpp.xml', 'expr_stmt', 10))
2023-12-15 13:22:14,451	[INFO]	45      TEST_CODE_ERROR       None  [3 edit(s)]       
2023-12-15 13:22:14,601	[DEBUG]	DeclStmtInsertion(('triangle.cpp.xml', '_inter_block', 13), ('triangle.cpp.xml', 'decl_stmt', 0)) | IfDeletion(('triangle.cpp.xml', 'if', 1)) | DeclStmtDeletion(('triangle.cpp.xml', 'decl_stmt', 0))
2023-12-15 13:22:14,601	[INFO]	46      COMPILE_CODE_ERROR    None  [3 edit(s)]       
2023-12-15 13:22:15,574	[DEBUG]	EXEC>  SUCCESS 1205307
2023-12-15 13:22:15,574	[DEBUG]	DeclStmtInsertion(('triangle.cpp.xml', '_inter_block', 13), ('triangle.cpp.xml', 'decl_stmt', 0)) | IfDeletion(('triangle.cpp.xml', 'if', 1)) | ExprStmtInsertion(('triangle.cpp.xml', '_inter_block', 28), ('triangle.cpp.xml', 'expr_stmt', 4))
2023-12-15 13:22:15,575	[INFO]	47      SUCCESS               1205307 (99.98%) [3 edit(s)] 
2023-12-15 13:22:15,713	[DEBUG]	DeclStmtInsertion(('triangle.cpp.xml', '_inter_block', 13), ('triangle.cpp.xml', 'decl_stmt', 0)) | IfDeletion(('triangle.cpp.xml', 'if', 1)) | IfInsertion(('triangle.cpp.xml', '_inter_block', 1), ('triangle.cpp.xml', 'if', 2))
2023-12-15 13:22:15,713	[INFO]	48      COMPILE_CODE_ERROR    None  [3 edit(s)]       
2023-12-15 13:22:16,671	[DEBUG]	EXEC>  SUCCESS 1205290
2023-12-15 13:22:16,672	[DEBUG]	DeclStmtInsertion(('triangle.cpp.xml', '_inter_block', 13), ('triangle.cpp.xml', 'decl_stmt', 0)) | IfDeletion(('triangle.cpp.xml', 'if', 1)) | ExprStmtInsertion(('triangle.cpp.xml', '_inter_block', 20), ('triangle.cpp.xml', 'expr_stmt', 6))
2023-12-15 13:22:16,672	[INFO]	49      SUCCESS               1205290 (99.98%) [3 edit(s)] 
2023-12-15 13:22:17,522	[DEBUG]	DeclStmtInsertion(('triangle.cpp.xml', '_inter_block', 13), ('triangle.cpp.xml', 'decl_stmt', 0)) | IfDeletion(('triangle.cpp.xml', 'if', 1)) | ReturnReplacement(('triangle.cpp.xml', 'return', 0), ('triangle.cpp.xml', 'stmt', 13))
2023-12-15 13:22:17,522	[INFO]	50      TEST_CODE_ERROR       None  [3 edit(s)]       
2023-12-15 13:22:18,520	[DEBUG]	EXEC>  SUCCESS 1205314
2023-12-15 13:22:18,521	[DEBUG]	DeclStmtInsertion(('triangle.cpp.xml', '_inter_block', 13), ('triangle.cpp.xml', 'decl_stmt', 0)) | IfDeletion(('triangle.cpp.xml', 'if', 1)) | ExprStmtInsertion(('triangle.cpp.xml', '_inter_block', 30), ('triangle.cpp.xml', 'expr_stmt', 5))
2023-12-15 13:22:18,522	[INFO]	51      SUCCESS               1205314 (99.98%) [3 edit(s)] 
2023-12-15 13:22:18,671	[DEBUG]	DeclStmtInsertion(('triangle.cpp.xml', '_inter_block', 13), ('triangle.cpp.xml', 'decl_stmt', 0)) | IfDeletion(('triangle.cpp.xml', 'if', 1)) | DeclStmtReplacement(('triangle.cpp.xml', 'decl_stmt', 1), ('triangle.cpp.xml', 'stmt', 13))
2023-12-15 13:22:18,672	[INFO]	52      COMPILE_CODE_ERROR    None  [3 edit(s)]       
2023-12-15 13:22:19,441	[DEBUG]	DeclStmtInsertion(('triangle.cpp.xml', '_inter_block', 13), ('triangle.cpp.xml', 'decl_stmt', 0)) | IfDeletion(('triangle.cpp.xml', 'if', 1)) | ExprStmtDeletion(('triangle.cpp.xml', 'expr_stmt', 8))
2023-12-15 13:22:19,441	[INFO]	53      TEST_CODE_ERROR       None  [3 edit(s)]       
2023-12-15 13:22:20,250	[DEBUG]	DeclStmtInsertion(('triangle.cpp.xml', '_inter_block', 13), ('triangle.cpp.xml', 'decl_stmt', 0)) | IfDeletion(('triangle.cpp.xml', 'if', 1)) | IfDeletion(('triangle.cpp.xml', 'if', 2))
2023-12-15 13:22:20,250	[INFO]	54      TEST_CODE_ERROR       None  [3 edit(s)]       
2023-12-15 13:22:20,395	[DEBUG]	DeclStmtInsertion(('triangle.cpp.xml', '_inter_block', 13), ('triangle.cpp.xml', 'decl_stmt', 0)) | IfDeletion(('triangle.cpp.xml', 'if', 1)) | DeclStmtReplacement(('triangle.cpp.xml', 'decl_stmt', 0), ('triangle.cpp.xml', 'stmt', 16))
2023-12-15 13:22:20,395	[INFO]	55      COMPILE_CODE_ERROR    None  [3 edit(s)]       
2023-12-15 13:22:21,369	[DEBUG]	EXEC>  SUCCESS 1205320
2023-12-15 13:22:21,369	[DEBUG]	DeclStmtInsertion(('triangle.cpp.xml', '_inter_block', 13), ('triangle.cpp.xml', 'decl_stmt', 0)) | IfDeletion(('triangle.cpp.xml', 'if', 1)) | ExprStmtInsertion(('triangle.cpp.xml', '_inter_block', 12), ('triangle.cpp.xml', 'expr_stmt', 5))
2023-12-15 13:22:21,370	[INFO]	56      SUCCESS               1205320 (99.98%) [3 edit(s)] 
2023-12-15 13:22:21,515	[DEBUG]	DeclStmtInsertion(('triangle.cpp.xml', '_inter_block', 13), ('triangle.cpp.xml', 'decl_stmt', 0)) | IfDeletion(('triangle.cpp.xml', 'if', 1)) | DeclStmtDeletion(('triangle.cpp.xml', 'decl_stmt', 0))
2023-12-15 13:22:21,515	[INFO]	57      COMPILE_CODE_ERROR    None  [3 edit(s)]       
2023-12-15 13:22:22,455	[DEBUG]	EXEC>  SUCCESS 1205356
2023-12-15 13:22:22,456	[DEBUG]	DeclStmtInsertion(('triangle.cpp.xml', '_inter_block', 13), ('triangle.cpp.xml', 'decl_stmt', 0)) | IfDeletion(('triangle.cpp.xml', 'if', 1)) | ExprStmtInsertion(('triangle.cpp.xml', '_inter_block', 25), ('triangle.cpp.xml', 'expr_stmt', 2))
2023-12-15 13:22:22,457	[INFO]	58      SUCCESS               1205356 (99.98%) [3 edit(s)] 
2023-12-15 13:22:23,270	[DEBUG]	DeclStmtInsertion(('triangle.cpp.xml', '_inter_block', 13), ('triangle.cpp.xml', 'decl_stmt', 0)) | IfDeletion(('triangle.cpp.xml', 'if', 1)) | IfReplacement(('triangle.cpp.xml', 'if', 2), ('triangle.cpp.xml', 'stmt', 10))
2023-12-15 13:22:23,271	[INFO]	59      TEST_CODE_ERROR       None  [3 edit(s)]       
2023-12-15 13:22:23,273	[DEBUG]	DeclStmtInsertion(('triangle.cpp.xml', '_inter_block', 13), ('triangle.cpp.xml', 'decl_stmt', 0)) | IfDeletion(('triangle.cpp.xml', 'if', 1)) | ExprStmtDeletion(('triangle.cpp.xml', 'expr_stmt', 7))
2023-12-15 13:22:23,273	[INFO]	60      SUCCESS               1205290 (99.98%) [3 edit(s)] 
2023-12-15 13:22:24,056	[DEBUG]	DeclStmtInsertion(('triangle.cpp.xml', '_inter_block', 13), ('triangle.cpp.xml', 'decl_stmt', 0)) | IfDeletion(('triangle.cpp.xml', 'if', 1)) | IfDeletion(('triangle.cpp.xml', 'if', 4))
2023-12-15 13:22:24,057	[INFO]	61      TEST_CODE_ERROR       None  [3 edit(s)]       
2023-12-15 13:22:24,863	[DEBUG]	DeclStmtInsertion(('triangle.cpp.xml', '_inter_block', 13), ('triangle.cpp.xml', 'decl_stmt', 0)) | IfDeletion(('triangle.cpp.xml', 'if', 1)) | ExprStmtDeletion(('triangle.cpp.xml', 'expr_stmt', 8))
2023-12-15 13:22:24,863	[INFO]	62      TEST_CODE_ERROR       None  [3 edit(s)]       
2023-12-15 13:22:25,642	[DEBUG]	DeclStmtInsertion(('triangle.cpp.xml', '_inter_block', 13), ('triangle.cpp.xml', 'decl_stmt', 0)) | IfDeletion(('triangle.cpp.xml', 'if', 1)) | ExprStmtInsertion(('triangle.cpp.xml', '_inter_block', 25), ('triangle.cpp.xml', 'expr_stmt', 4))
2023-12-15 13:22:25,642	[INFO]	63      TEST_CODE_ERROR      +None  [3 edit(s)]       
2023-12-15 13:22:25,644	[DEBUG]	--- before: triangle.cpp
+++ after: triangle.cpp
@@ -17,16 +17,13 @@
     b = tmp;
   }
 
-  if(a > c) {
-    tmp = a;
-    a = c;
-    c = tmp;
-  }
+  
 
   if(b > c) {
     tmp = b;
     b = c;
     c = tmp;
+    b = tmp;
   }
 
   if(a + b <= c)
@@ -42,4 +39,5 @@
       return ISOSCELES;
     }/*auto*/
   return SCALENE;
+  const struct timespec ms = {0, (long int) (0.001*1e9)};
 }

2023-12-15 13:22:26,618	[DEBUG]	EXEC>  SUCCESS 1205290
2023-12-15 13:22:26,618	[DEBUG]	DeclStmtInsertion(('triangle.cpp.xml', '_inter_block', 13), ('triangle.cpp.xml', 'decl_stmt', 0)) | IfDeletion(('triangle.cpp.xml', 'if', 1)) | ExprStmtDeletion(('triangle.cpp.xml', 'expr_stmt', 7)) | DeclStmtInsertion(('triangle.cpp.xml', '_inter_block', 0), ('triangle.cpp.xml', 'decl_stmt', 1))
2023-12-15 13:22:26,619	[INFO]	64      SUCCESS               1205290 (99.98%) [4 edit(s)] 
2023-12-15 13:22:27,403	[DEBUG]	DeclStmtInsertion(('triangle.cpp.xml', '_inter_block', 13), ('triangle.cpp.xml', 'decl_stmt', 0)) | IfDeletion(('triangle.cpp.xml', 'if', 1)) | ExprStmtDeletion(('triangle.cpp.xml', 'expr_stmt', 7)) | ExprStmtInsertion(('triangle.cpp.xml', '_inter_block', 17), ('triangle.cpp.xml', 'expr_stmt', 7))
2023-12-15 13:22:27,403	[INFO]	65      TEST_CODE_ERROR       None  [4 edit(s)]       
2023-12-15 13:22:27,405	[DEBUG]	DeclStmtInsertion(('triangle.cpp.xml', '_inter_block', 13), ('triangle.cpp.xml', 'decl_stmt', 0)) | IfDeletion(('triangle.cpp.xml', 'if', 1)) | ExprStmtDeletion(('triangle.cpp.xml', 'expr_stmt', 7)) | ExprStmtInsertion(('triangle.cpp.xml', '_inter_block', 18), ('triangle.cpp.xml', 'expr_stmt', 4))
2023-12-15 13:22:27,405	[INFO]	66      SUCCESS               1205290 (99.98%) [4 edit(s)] 
2023-12-15 13:22:28,196	[DEBUG]	DeclStmtInsertion(('triangle.cpp.xml', '_inter_block', 13), ('triangle.cpp.xml', 'decl_stmt', 0)) | IfDeletion(('triangle.cpp.xml', 'if', 1)) | ExprStmtDeletion(('triangle.cpp.xml', 'expr_stmt', 7)) | ExprStmtInsertion(('triangle.cpp.xml', '_inter_block', 22), ('triangle.cpp.xml', 'expr_stmt', 7))
2023-12-15 13:22:28,196	[INFO]	67      TEST_CODE_ERROR       None  [4 edit(s)]       
2023-12-15 13:22:28,198	[DEBUG]	DeclStmtInsertion(('triangle.cpp.xml', '_inter_block', 13), ('triangle.cpp.xml', 'decl_stmt', 0)) | IfDeletion(('triangle.cpp.xml', 'if', 1)) | ExprStmtDeletion(('triangle.cpp.xml', 'expr_stmt', 7)) | ExprStmtDeletion(('triangle.cpp.xml', 'expr_stmt', 7))
2023-12-15 13:22:28,198	[INFO]	68      SUCCESS               1205290 (99.98%) [4 edit(s)] 
2023-12-15 13:22:28,989	[DEBUG]	DeclStmtInsertion(('triangle.cpp.xml', '_inter_block', 13), ('triangle.cpp.xml', 'decl_stmt', 0)) | IfDeletion(('triangle.cpp.xml', 'if', 1)) | ExprStmtDeletion(('triangle.cpp.xml', 'expr_stmt', 7)) | ReturnInsertion(('triangle.cpp.xml', '_inter_block', 30), ('triangle.cpp.xml', 'return', 3))
2023-12-15 13:22:28,989	[INFO]	69      TEST_CODE_ERROR       None  [4 edit(s)]       
2023-12-15 13:22:29,968	[DEBUG]	EXEC>  SUCCESS 1205354
2023-12-15 13:22:29,968	[DEBUG]	DeclStmtInsertion(('triangle.cpp.xml', '_inter_block', 13), ('triangle.cpp.xml', 'decl_stmt', 0)) | IfDeletion(('triangle.cpp.xml', 'if', 1)) | ExprStmtDeletion(('triangle.cpp.xml', 'expr_stmt', 7)) | ExprStmtInsertion(('triangle.cpp.xml', '_inter_block', 24), ('triangle.cpp.xml', 'expr_stmt', 7))
2023-12-15 13:22:29,969	[INFO]	70      SUCCESS               1205354 (99.98%) [4 edit(s)] 
2023-12-15 13:22:29,972	[DEBUG]	DeclStmtInsertion(('triangle.cpp.xml', '_inter_block', 13), ('triangle.cpp.xml', 'decl_stmt', 0)) | IfDeletion(('triangle.cpp.xml', 'if', 1)) | ExprStmtDeletion(('triangle.cpp.xml', 'expr_stmt', 7)) | IfInsertion(('triangle.cpp.xml', '_inter_block', 21), ('triangle.cpp.xml', 'if', 5))
2023-12-15 13:22:29,972	[INFO]	71      SUCCESS               1205290 (99.98%) [4 edit(s)] 
2023-12-15 13:22:30,974	[DEBUG]	EXEC>  SUCCESS 1205478
2023-12-15 13:22:30,974	[DEBUG]	DeclStmtInsertion(('triangle.cpp.xml', '_inter_block', 13), ('triangle.cpp.xml', 'decl_stmt', 0)) | IfDeletion(('triangle.cpp.xml', 'if', 1)) | ExprStmtDeletion(('triangle.cpp.xml', 'expr_stmt', 7)) | IfInsertion(('triangle.cpp.xml', '_inter_block', 8), ('triangle.cpp.xml', 'if', 2))
2023-12-15 13:22:30,975	[INFO]	72      SUCCESS               1205478 (99.99%) [4 edit(s)] 
2023-12-15 13:22:31,761	[DEBUG]	DeclStmtInsertion(('triangle.cpp.xml', '_inter_block', 13), ('triangle.cpp.xml', 'decl_stmt', 0)) | IfDeletion(('triangle.cpp.xml', 'if', 1)) | ExprStmtDeletion(('triangle.cpp.xml', 'expr_stmt', 7)) | ReturnReplacement(('triangle.cpp.xml', 'return', 3), ('triangle.cpp.xml', 'stmt', 9))
2023-12-15 13:22:31,761	[INFO]	73      TEST_CODE_ERROR       None  [4 edit(s)]       
2023-12-15 13:22:31,902	[DEBUG]	DeclStmtInsertion(('triangle.cpp.xml', '_inter_block', 13), ('triangle.cpp.xml', 'decl_stmt', 0)) | IfDeletion(('triangle.cpp.xml', 'if', 1)) | ExprStmtDeletion(('triangle.cpp.xml', 'expr_stmt', 7)) | ExprStmtInsertion(('triangle.cpp.xml', '_inter_block', 26), ('triangle.cpp.xml', 'expr_stmt', 0))
2023-12-15 13:22:31,903	[INFO]	74      COMPILE_CODE_ERROR    None  [4 edit(s)]       
2023-12-15 13:22:32,877	[DEBUG]	EXEC>  SUCCESS 1205360
2023-12-15 13:22:32,877	[DEBUG]	DeclStmtInsertion(('triangle.cpp.xml', '_inter_block', 13), ('triangle.cpp.xml', 'decl_stmt', 0)) | IfDeletion(('triangle.cpp.xml', 'if', 1)) | ExprStmtDeletion(('triangle.cpp.xml', 'expr_stmt', 7)) | IfInsertion(('triangle.cpp.xml', '_inter_block', 30), ('triangle.cpp.xml', 'if', 5))
2023-12-15 13:22:32,878	[INFO]	75      SUCCESS               1205360 (99.98%) [4 edit(s)] 
2023-12-15 13:22:32,880	[DEBUG]	DeclStmtInsertion(('triangle.cpp.xml', '_inter_block', 13), ('triangle.cpp.xml', 'decl_stmt', 0)) | IfDeletion(('triangle.cpp.xml', 'if', 1)) | ExprStmtDeletion(('triangle.cpp.xml', 'expr_stmt', 7)) | ExprStmtReplacement(('triangle.cpp.xml', 'expr_stmt', 5), ('triangle.cpp.xml', 'stmt', 19))
2023-12-15 13:22:32,880	[INFO]	76      SUCCESS               1205290 (99.98%) [4 edit(s)] 
2023-12-15 13:22:33,830	[DEBUG]	EXEC>  SUCCESS 1205338
2023-12-15 13:22:33,830	[DEBUG]	DeclStmtInsertion(('triangle.cpp.xml', '_inter_block', 13), ('triangle.cpp.xml', 'decl_stmt', 0)) | IfDeletion(('triangle.cpp.xml', 'if', 1)) | ExprStmtDeletion(('triangle.cpp.xml', 'expr_stmt', 7)) | IfInsertion(('triangle.cpp.xml', '_inter_block', 15), ('triangle.cpp.xml', 'if', 3))
2023-12-15 13:22:33,831	[INFO]	77      SUCCESS               1205338 (99.98%) [4 edit(s)] 
2023-12-15 13:22:33,832	[DEBUG]	DeclStmtInsertion(('triangle.cpp.xml', '_inter_block', 13), ('triangle.cpp.xml', 'decl_stmt', 0)) | IfDeletion(('triangle.cpp.xml', 'if', 1)) | ExprStmtDeletion(('triangle.cpp.xml', 'expr_stmt', 7)) | ReturnInsertion(('triangle.cpp.xml', '_inter_block', 20), ('triangle.cpp.xml', 'return', 1))
2023-12-15 13:22:33,833	[INFO]	78      SUCCESS               1205290 (99.98%) [4 edit(s)] 
2023-12-15 13:22:34,611	[DEBUG]	DeclStmtInsertion(('triangle.cpp.xml', '_inter_block', 13), ('triangle.cpp.xml', 'decl_stmt', 0)) | IfDeletion(('triangle.cpp.xml', 'if', 1)) | ExprStmtDeletion(('triangle.cpp.xml', 'expr_stmt', 7)) | ReturnDeletion(('triangle.cpp.xml', 'return', 2))
2023-12-15 13:22:34,612	[INFO]	79      TEST_CODE_ERROR       None  [4 edit(s)]       
2023-12-15 13:22:35,421	[DEBUG]	DeclStmtInsertion(('triangle.cpp.xml', '_inter_block', 13), ('triangle.cpp.xml', 'decl_stmt', 0)) | IfDeletion(('triangle.cpp.xml', 'if', 1)) | ExprStmtDeletion(('triangle.cpp.xml', 'expr_stmt', 7)) | ReturnReplacement(('triangle.cpp.xml', 'return', 2), ('triangle.cpp.xml', 'stmt', 17))
2023-12-15 13:22:35,421	[INFO]	80      TEST_CODE_ERROR       None  [4 edit(s)]       
2023-12-15 13:22:36,404	[DEBUG]	EXEC>  SUCCESS 1249630
2023-12-15 13:22:36,404	[DEBUG]	DeclStmtInsertion(('triangle.cpp.xml', '_inter_block', 13), ('triangle.cpp.xml', 'decl_stmt', 0)) | IfDeletion(('triangle.cpp.xml', 'if', 1)) | ExprStmtDeletion(('triangle.cpp.xml', 'expr_stmt', 7)) | DeclStmtInsertion(('triangle.cpp.xml', '_inter_block', 31), ('triangle.cpp.xml', 'decl_stmt', 0))
2023-12-15 13:22:36,405	[INFO]	81      SUCCESS               1249630 (103.66%) [4 edit(s)] 
2023-12-15 13:22:37,203	[DEBUG]	DeclStmtInsertion(('triangle.cpp.xml', '_inter_block', 13), ('triangle.cpp.xml', 'decl_stmt', 0)) | IfDeletion(('triangle.cpp.xml', 'if', 1)) | ExprStmtDeletion(('triangle.cpp.xml', 'expr_stmt', 7)) | IfDeletion(('triangle.cpp.xml', 'if', 2))
2023-12-15 13:22:37,203	[INFO]	82      TEST_CODE_ERROR       None  [4 edit(s)]       
2023-12-15 13:22:37,973	[DEBUG]	DeclStmtInsertion(('triangle.cpp.xml', '_inter_block', 13), ('triangle.cpp.xml', 'decl_stmt', 0)) | IfDeletion(('triangle.cpp.xml', 'if', 1)) | ExprStmtDeletion(('triangle.cpp.xml', 'expr_stmt', 7)) | IfDeletion(('triangle.cpp.xml', 'if', 2))
2023-12-15 13:22:37,974	[INFO]	83      TEST_CODE_ERROR       None  [4 edit(s)]       
2023-12-15 13:22:38,106	[DEBUG]	DeclStmtInsertion(('triangle.cpp.xml', '_inter_block', 13), ('triangle.cpp.xml', 'decl_stmt', 0)) | IfDeletion(('triangle.cpp.xml', 'if', 1)) | ExprStmtDeletion(('triangle.cpp.xml', 'expr_stmt', 7)) | DeclStmtReplacement(('triangle.cpp.xml', 'decl_stmt', 0), ('triangle.cpp.xml', 'stmt', 9))
2023-12-15 13:22:38,106	[INFO]	84      COMPILE_CODE_ERROR   +None  [4 edit(s)]       
2023-12-15 13:22:38,108	[DEBUG]	--- before: triangle.cpp
+++ after: triangle.cpp
@@ -1,7 +1,7 @@
 #include "triangle.hpp"
 
 void delay() {
-  const struct timespec ms = {0, (long int) (0.001*1e9)}; //tv_sec=0, tv_nsec (0.001 seconds)
+  c = tmp; //tv_sec=0, tv_nsec (0.001 seconds)
   nanosleep(&ms,NULL); /*ignores possible errors*/
 }
 
@@ -17,11 +17,7 @@
     b = tmp;
   }
 
-  if(a > c) {
-    tmp = a;
-    a = c;
-    c = tmp;
-  }
+  
 
   if(b > c) {
     tmp = b;
@@ -42,4 +38,5 @@
       return ISOSCELES;
     }/*auto*/
   return SCALENE;
+  const struct timespec ms = {0, (long int) (0.001*1e9)};
 }

2023-12-15 13:22:38,883	[DEBUG]	DeclStmtInsertion(('triangle.cpp.xml', '_inter_block', 13), ('triangle.cpp.xml', 'decl_stmt', 0)) | IfDeletion(('triangle.cpp.xml', 'if', 1)) | ExprStmtDeletion(('triangle.cpp.xml', 'expr_stmt', 7)) | ReturnInsertion(('triangle.cpp.xml', '_inter_block', 20), ('triangle.cpp.xml', 'return', 1)) | ExprStmtDeletion(('triangle.cpp.xml', 'expr_stmt', 4))
2023-12-15 13:22:38,884	[INFO]	85      TEST_CODE_ERROR       None  [5 edit(s)]       
2023-12-15 13:22:39,025	[DEBUG]	DeclStmtInsertion(('triangle.cpp.xml', '_inter_block', 13), ('triangle.cpp.xml', 'decl_stmt', 0)) | IfDeletion(('triangle.cpp.xml', 'if', 1)) | ExprStmtDeletion(('triangle.cpp.xml', 'expr_stmt', 7)) | ReturnInsertion(('triangle.cpp.xml', '_inter_block', 20), ('triangle.cpp.xml', 'return', 1)) | DeclStmtInsertion(('triangle.cpp.xml', '_inter_block', 9), ('triangle.cpp.xml', 'decl_stmt', 0))
2023-12-15 13:22:39,025	[INFO]	86      COMPILE_CODE_ERROR    None  [5 edit(s)]       
2023-12-15 13:22:39,154	[DEBUG]	DeclStmtInsertion(('triangle.cpp.xml', '_inter_block', 13), ('triangle.cpp.xml', 'decl_stmt', 0)) | IfDeletion(('triangle.cpp.xml', 'if', 1)) | ExprStmtDeletion(('triangle.cpp.xml', 'expr_stmt', 7)) | ReturnInsertion(('triangle.cpp.xml', '_inter_block', 20), ('triangle.cpp.xml', 'return', 1)) | DeclStmtInsertion(('triangle.cpp.xml', '_inter_block', 9), ('triangle.cpp.xml', 'decl_stmt', 0))
2023-12-15 13:22:39,154	[INFO]	87      COMPILE_CODE_ERROR    None  [5 edit(s)]       
2023-12-15 13:22:39,918	[DEBUG]	DeclStmtInsertion(('triangle.cpp.xml', '_inter_block', 13), ('triangle.cpp.xml', 'decl_stmt', 0)) | IfDeletion(('triangle.cpp.xml', 'if', 1)) | ExprStmtDeletion(('triangle.cpp.xml', 'expr_stmt', 7)) | ReturnInsertion(('triangle.cpp.xml', '_inter_block', 20), ('triangle.cpp.xml', 'return', 1)) | ExprStmtDeletion(('triangle.cpp.xml', 'expr_stmt', 4))
2023-12-15 13:22:39,918	[INFO]	88      TEST_CODE_ERROR       None  [5 edit(s)]       
2023-12-15 13:22:40,088	[DEBUG]	DeclStmtInsertion(('triangle.cpp.xml', '_inter_block', 13), ('triangle.cpp.xml', 'decl_stmt', 0)) | IfDeletion(('triangle.cpp.xml', 'if', 1)) | ExprStmtDeletion(('triangle.cpp.xml', 'expr_stmt', 7)) | ReturnInsertion(('triangle.cpp.xml', '_inter_block', 20), ('triangle.cpp.xml', 'return', 1)) | DeclStmtInsertion(('triangle.cpp.xml', '_inter_block', 12), ('triangle.cpp.xml', 'decl_stmt', 1))
2023-12-15 13:22:40,089	[INFO]	89      COMPILE_CODE_ERROR    None  [5 edit(s)]       
2023-12-15 13:22:40,216	[DEBUG]	DeclStmtInsertion(('triangle.cpp.xml', '_inter_block', 13), ('triangle.cpp.xml', 'decl_stmt', 0)) | IfDeletion(('triangle.cpp.xml', 'if', 1)) | ExprStmtDeletion(('triangle.cpp.xml', 'expr_stmt', 7)) | ReturnInsertion(('triangle.cpp.xml', '_inter_block', 20), ('triangle.cpp.xml', 'return', 1)) | DeclStmtInsertion(('triangle.cpp.xml', '_inter_block', 8), ('triangle.cpp.xml', 'decl_stmt', 0))
2023-12-15 13:22:40,217	[INFO]	90      COMPILE_CODE_ERROR    None  [5 edit(s)]       
2023-12-15 13:22:40,353	[DEBUG]	DeclStmtInsertion(('triangle.cpp.xml', '_inter_block', 13), ('triangle.cpp.xml', 'decl_stmt', 0)) | IfDeletion(('triangle.cpp.xml', 'if', 1)) | ExprStmtDeletion(('triangle.cpp.xml', 'expr_stmt', 7)) | ReturnInsertion(('triangle.cpp.xml', '_inter_block', 20), ('triangle.cpp.xml', 'return', 1)) | DeclStmtReplacement(('triangle.cpp.xml', 'decl_stmt', 0), ('triangle.cpp.xml', 'stmt', 17))
2023-12-15 13:22:40,353	[INFO]	91      COMPILE_CODE_ERROR    None  [5 edit(s)]       
2023-12-15 13:22:40,356	[DEBUG]	DeclStmtInsertion(('triangle.cpp.xml', '_inter_block', 13), ('triangle.cpp.xml', 'decl_stmt', 0)) | IfDeletion(('triangle.cpp.xml', 'if', 1)) | ExprStmtDeletion(('triangle.cpp.xml', 'expr_stmt', 7)) | ReturnInsertion(('triangle.cpp.xml', '_inter_block', 20), ('triangle.cpp.xml', 'return', 1)) | ExprStmtDeletion(('triangle.cpp.xml', 'expr_stmt', 5))
2023-12-15 13:22:40,356	[INFO]	92      SUCCESS               1205290 (99.98%) [5 edit(s)] 
2023-12-15 13:22:41,105	[DEBUG]	DeclStmtInsertion(('triangle.cpp.xml', '_inter_block', 13), ('triangle.cpp.xml', 'decl_stmt', 0)) | IfDeletion(('triangle.cpp.xml', 'if', 1)) | ExprStmtDeletion(('triangle.cpp.xml', 'expr_stmt', 7)) | ReturnInsertion(('triangle.cpp.xml', '_inter_block', 20), ('triangle.cpp.xml', 'return', 1)) | ExprStmtReplacement(('triangle.cpp.xml', 'expr_stmt', 3), ('triangle.cpp.xml', 'stmt', 4))
2023-12-15 13:22:41,105	[INFO]	93      TEST_CODE_ERROR       None  [5 edit(s)]       
2023-12-15 13:22:42,082	[DEBUG]	EXEC>  SUCCESS 1245090
2023-12-15 13:22:42,083	[DEBUG]	DeclStmtInsertion(('triangle.cpp.xml', '_inter_block', 13), ('triangle.cpp.xml', 'decl_stmt', 0)) | IfDeletion(('triangle.cpp.xml', 'if', 1)) | ExprStmtDeletion(('triangle.cpp.xml', 'expr_stmt', 7)) | ReturnInsertion(('triangle.cpp.xml', '_inter_block', 20), ('triangle.cpp.xml', 'return', 1)) | DeclStmtInsertion(('triangle.cpp.xml', '_inter_block', 1), ('triangle.cpp.xml', 'decl_stmt', 1))
2023-12-15 13:22:42,083	[INFO]	94      SUCCESS               1245090 (103.28%) [5 edit(s)] 
2023-12-15 13:22:42,820	[DEBUG]	DeclStmtInsertion(('triangle.cpp.xml', '_inter_block', 13), ('triangle.cpp.xml', 'decl_stmt', 0)) | IfDeletion(('triangle.cpp.xml', 'if', 1)) | ExprStmtDeletion(('triangle.cpp.xml', 'expr_stmt', 7)) | ReturnInsertion(('triangle.cpp.xml', '_inter_block', 20), ('triangle.cpp.xml', 'return', 1)) | ReturnDeletion(('triangle.cpp.xml', 'return', 2))
2023-12-15 13:22:42,820	[INFO]	95      TEST_CODE_ERROR       None  [5 edit(s)]       
2023-12-15 13:22:43,786	[DEBUG]	EXEC>  SUCCESS 1205288
2023-12-15 13:22:43,786	[DEBUG]	DeclStmtInsertion(('triangle.cpp.xml', '_inter_block', 13), ('triangle.cpp.xml', 'decl_stmt', 0)) | IfDeletion(('triangle.cpp.xml', 'if', 1)) | ExprStmtDeletion(('triangle.cpp.xml', 'expr_stmt', 7)) | ReturnInsertion(('triangle.cpp.xml', '_inter_block', 20), ('triangle.cpp.xml', 'return', 1)) | DeclStmtInsertion(('triangle.cpp.xml', '_inter_block', 14), ('triangle.cpp.xml', 'decl_stmt', 1))
2023-12-15 13:22:43,787	[INFO]	96      SUCCESS              *1205288 (99.98%) [5 edit(s)] 
2023-12-15 13:22:43,789	[DEBUG]	--- before: triangle.cpp
+++ after: triangle.cpp
@@ -12,16 +12,13 @@
 
   // Sort the sides so that a <= b <= c
   if(a > b) {
+    double tmp;
     tmp = a;
     a = b;
     b = tmp;
   }
 
-  if(a > c) {
-    tmp = a;
-    a = c;
-    c = tmp;
-  }
+  
 
   if(b > c) {
     tmp = b;
@@ -42,4 +39,5 @@
       return ISOSCELES;
     }/*auto*/
   return SCALENE;
+  const struct timespec ms = {0, (long int) (0.001*1e9)};
 }

2023-12-15 13:22:44,579	[DEBUG]	DeclStmtInsertion(('triangle.cpp.xml', '_inter_block', 13), ('triangle.cpp.xml', 'decl_stmt', 0)) | IfDeletion(('triangle.cpp.xml', 'if', 1)) | ExprStmtDeletion(('triangle.cpp.xml', 'expr_stmt', 7)) | ReturnInsertion(('triangle.cpp.xml', '_inter_block', 20), ('triangle.cpp.xml', 'return', 1)) | ExprStmtDeletion(('triangle.cpp.xml', 'expr_stmt', 3))
2023-12-15 13:22:44,579	[INFO]	97      TEST_CODE_ERROR       None  [5 edit(s)]       
2023-12-15 13:22:44,719	[DEBUG]	DeclStmtInsertion(('triangle.cpp.xml', '_inter_block', 13), ('triangle.cpp.xml', 'decl_stmt', 0)) | IfDeletion(('triangle.cpp.xml', 'if', 1)) | ExprStmtDeletion(('triangle.cpp.xml', 'expr_stmt', 7)) | ReturnInsertion(('triangle.cpp.xml', '_inter_block', 20), ('triangle.cpp.xml', 'return', 1)) | DeclStmtDeletion(('triangle.cpp.xml', 'decl_stmt', 0))
2023-12-15 13:22:44,720	[INFO]	98      COMPILE_CODE_ERROR    None  [5 edit(s)]       
2023-12-15 13:22:45,460	[DEBUG]	DeclStmtInsertion(('triangle.cpp.xml', '_inter_block', 13), ('triangle.cpp.xml', 'decl_stmt', 0)) | IfDeletion(('triangle.cpp.xml', 'if', 1)) | ExprStmtDeletion(('triangle.cpp.xml', 'expr_stmt', 7)) | ReturnInsertion(('triangle.cpp.xml', '_inter_block', 20), ('triangle.cpp.xml', 'return', 1)) | ExprStmtDeletion(('triangle.cpp.xml', 'expr_stmt', 4))
2023-12-15 13:22:45,461	[INFO]	99      TEST_CODE_ERROR       None  [5 edit(s)]       
2023-12-15 13:22:46,414	[DEBUG]	EXEC>  SUCCESS 1205388
2023-12-15 13:22:46,414	[DEBUG]	DeclStmtInsertion(('triangle.cpp.xml', '_inter_block', 13), ('triangle.cpp.xml', 'decl_stmt', 0)) | IfDeletion(('triangle.cpp.xml', 'if', 1)) | ExprStmtDeletion(('triangle.cpp.xml', 'expr_stmt', 7)) | ReturnInsertion(('triangle.cpp.xml', '_inter_block', 20), ('triangle.cpp.xml', 'return', 1)) | IfInsertion(('triangle.cpp.xml', '_inter_block', 24), ('triangle.cpp.xml', 'if', 2))
2023-12-15 13:22:46,415	[INFO]	100     SUCCESS               1205388 (99.99%) [5 edit(s)] 
2023-12-15 13:22:46,417	[INFO]	==== END ====
2023-12-15 13:22:46,417	[INFO]	
2023-12-15 13:22:46,417	[INFO]	==== REPORT ====
2023-12-15 13:22:46,418	[INFO]	Termination: step budget
2023-12-15 13:22:46,418	[INFO]	Log file: /cs/student/ug/2020/damibose/projects/magpie/_magpie_logs/triangle-cpp_slow_1702646502.log
2023-12-15 13:22:46,420	[INFO]	Patch file: _magpie_logs/triangle-cpp_slow_1702646502.patch
2023-12-15 13:22:46,420	[INFO]	Diff file: _magpie_logs/triangle-cpp_slow_1702646502.diff
2023-12-15 13:22:46,421	[INFO]	Best fitness: 1205288
2023-12-15 13:22:46,421	[INFO]	Best patch: DeclStmtInsertion(('triangle.cpp.xml', '_inter_block', 13), ('triangle.cpp.xml', 'decl_stmt', 0)) | IfDeletion(('triangle.cpp.xml', 'if', 1)) | ExprStmtDeletion(('triangle.cpp.xml', 'expr_stmt', 7)) | ReturnInsertion(('triangle.cpp.xml', '_inter_block', 20), ('triangle.cpp.xml', 'return', 1)) | DeclStmtInsertion(('triangle.cpp.xml', '_inter_block', 14), ('triangle.cpp.xml', 'decl_stmt', 1))
2023-12-15 13:22:46,422	[INFO]	Diff:
--- before: triangle.cpp
+++ after: triangle.cpp
@@ -12,16 +12,13 @@
 
   // Sort the sides so that a <= b <= c
   if(a > b) {
+    double tmp;
     tmp = a;
     a = b;
     b = tmp;
   }
 
-  if(a > c) {
-    tmp = a;
-    a = c;
-    c = tmp;
-  }
+  
 
   if(b > c) {
     tmp = b;
@@ -42,4 +39,5 @@
       return ISOSCELES;
     }/*auto*/
   return SCALENE;
+  const struct timespec ms = {0, (long int) (0.001*1e9)};
 }

