2023-12-27 22:50:52,473	[DEBUG]	==== CONFIG ====
[magpie]
import = 
seed = 9
log_dir = _magpie_logs
work_dir = _magpie_work
final_out_dir = experiments/results/RandomSearch/epsilon_greedy/trial_9
local_original_copy = True
local_original_name = __original__
output_encoding = ascii
edit_retries = 10
default_timeout = 30
default_lengthout = 10000.0
diff_method = unified
trust_local_filesystem = True

[software]
path = examples/code/triangle-cpp_slow
target_files = 
	triangle.cpp.xml
program = BasicProgram
engine_rules = 
	*.params : ConfigFileParamsEngine
	*.xml : SrcmlEngine
	* : LineEngine
engine_config = 
	*.params : [params]
	*.xml : [srcml]
init_cmd = 
init_timeout = 60
init_lengthout = -1
setup_cmd = ./setup.sh
setup_timeout = 
setup_lengthout = 
compile_cmd = ./compile.sh
compile_timeout = 
compile_lengthout = 
test_cmd = ./build/test_triangle
test_timeout = 
test_lengthout = 
run_cmd = perf stat ./build/run_triangle
run_timeout = 1
run_lengthout = 
batch_timeout = 
batch_lengthout = 
batch_bin_fitness_strategy = aggregate
batch_fitness_strategy = sum
fitness = perf_instructions

[srcml]
rename = 
focus = block break continue decl_stmt do expr_stmt for goto if return switch while
internodes = block
process_pseudo_blocks = True
process_literals = False
process_operators = False

[params]
timing = test run
cli_prefix = --
cli_glue = =
cli_boolean = show
cli_boolean_prefix_true = 
cli_boolean_prefix_false = no-
silent_prefix = @
silent_suffix = $

[search]
protocol = BasicProtocol
algorithm = RandomSearch
possible_edits = 
	DeclStmtReplacement
	ExprStmtReplacement
	IfReplacement
	ReturnReplacement
	DeclStmtInsertion
	ExprStmtInsertion
	IfInsertion
	ReturnInsertion
	DeclStmtDeletion
	ExprStmtDeletion
	IfDeletion
	ReturnDeletion
warmup = 5
warmup_strategy = last
max_steps = 100
max_time = 60
target_fitness = 
cache_maxsize = 40
cache_keep = 0.2
batch_instances = 
batch_shuffle = True
batch_bin_shuffle = False
batch_sample_size = 1
operator_selector = EpsilonGreedy
epsilon = 0.2

[search.ls]
delete_prob = 0
max_neighbours = 20
when_trapped = continue
accept_fail = False
tabu_length = 10

[search.gp]
pop_size = 10
delete_prob = 0.5
offspring_elitism = 0.1
offspring_crossover = 0.5
offspring_mutation = 0.4
uniform_rate = 0.5
batch_reset = True

[search.minify]
do_cleanup = True
do_rebuild = True
do_simplify = True
round_robin_limit = 3


2023-12-27 22:50:52,479	[INFO]	==== WARMUP ====
2023-12-27 22:50:59,473	[DEBUG]	EXEC>  SUCCESS 1204241
2023-12-27 22:50:59,477	[INFO]	WARM    SUCCESS               1204241                 
2023-12-27 22:51:02,485	[DEBUG]	EXEC>  SUCCESS 1204241
2023-12-27 22:51:02,486	[INFO]	WARM    SUCCESS               1204241                 
2023-12-27 22:51:05,836	[DEBUG]	EXEC>  SUCCESS 1204242
2023-12-27 22:51:05,837	[INFO]	WARM    SUCCESS               1204242                 
2023-12-27 22:51:08,975	[DEBUG]	EXEC>  SUCCESS 1204241
2023-12-27 22:51:08,975	[INFO]	WARM    SUCCESS               1204241                 
2023-12-27 22:51:12,334	[DEBUG]	EXEC>  SUCCESS 1204240
2023-12-27 22:51:12,340	[INFO]	WARM    SUCCESS               1204240                 
2023-12-27 22:51:12,341	[INFO]	INITIAL SUCCESS               1204240                 
2023-12-27 22:51:12,341	[INFO]	==== START: RandomSearch ====
2023-12-27 22:51:13,022	[DEBUG]	DeclStmtReplacement(('triangle.cpp.xml', 'decl_stmt', 0), ('triangle.cpp.xml', 'stmt', 19))
2023-12-27 22:51:13,023	[INFO]	1       COMPILE_CODE_ERROR    None  [1 edit(s)]       
2023-12-27 22:51:13,564	[DEBUG]	DeclStmtReplacement(('triangle.cpp.xml', 'decl_stmt', 0), ('triangle.cpp.xml', 'stmt', 17))
2023-12-27 22:51:13,564	[INFO]	2       COMPILE_CODE_ERROR    None  [1 edit(s)]       
2023-12-27 22:51:14,028	[DEBUG]	DeclStmtReplacement(('triangle.cpp.xml', 'decl_stmt', 0), ('triangle.cpp.xml', 'stmt', 14))
2023-12-27 22:51:14,029	[INFO]	3       COMPILE_CODE_ERROR    None  [1 edit(s)]       
2023-12-27 22:51:14,496	[DEBUG]	DeclStmtReplacement(('triangle.cpp.xml', 'decl_stmt', 1), ('triangle.cpp.xml', 'stmt', 13))
2023-12-27 22:51:14,496	[INFO]	4       COMPILE_CODE_ERROR    None  [1 edit(s)]       
2023-12-27 22:51:15,071	[DEBUG]	DeclStmtReplacement(('triangle.cpp.xml', 'decl_stmt', 1), ('triangle.cpp.xml', 'stmt', 2))
2023-12-27 22:51:15,071	[INFO]	5       COMPILE_CODE_ERROR    None  [1 edit(s)]       
2023-12-27 22:51:15,663	[DEBUG]	DeclStmtReplacement(('triangle.cpp.xml', 'decl_stmt', 1), ('triangle.cpp.xml', 'stmt', 14))
2023-12-27 22:51:15,664	[INFO]	6       COMPILE_CODE_ERROR    None  [1 edit(s)]       
2023-12-27 22:51:16,201	[DEBUG]	DeclStmtReplacement(('triangle.cpp.xml', 'decl_stmt', 0), ('triangle.cpp.xml', 'stmt', 20))
2023-12-27 22:51:16,201	[INFO]	7       COMPILE_CODE_ERROR    None  [1 edit(s)]       
2023-12-27 22:51:16,836	[DEBUG]	DeclStmtReplacement(('triangle.cpp.xml', 'decl_stmt', 0), ('triangle.cpp.xml', 'stmt', 13))
2023-12-27 22:51:16,836	[INFO]	8       COMPILE_CODE_ERROR    None  [1 edit(s)]       
2023-12-27 22:51:17,377	[DEBUG]	DeclStmtReplacement(('triangle.cpp.xml', 'decl_stmt', 0), ('triangle.cpp.xml', 'stmt', 14))
2023-12-27 22:51:17,378	[INFO]	9       COMPILE_CODE_ERROR    None  [1 edit(s)]       
2023-12-27 22:51:17,913	[DEBUG]	DeclStmtReplacement(('triangle.cpp.xml', 'decl_stmt', 1), ('triangle.cpp.xml', 'stmt', 4))
2023-12-27 22:51:17,914	[INFO]	10      COMPILE_CODE_ERROR    None  [1 edit(s)]       
2023-12-27 22:51:18,540	[DEBUG]	DeclStmtReplacement(('triangle.cpp.xml', 'decl_stmt', 0), ('triangle.cpp.xml', 'stmt', 18))
2023-12-27 22:51:18,540	[INFO]	11      COMPILE_CODE_ERROR    None  [1 edit(s)]       
2023-12-27 22:51:19,138	[DEBUG]	DeclStmtReplacement(('triangle.cpp.xml', 'decl_stmt', 1), ('triangle.cpp.xml', 'stmt', 3))
2023-12-27 22:51:19,139	[INFO]	12      COMPILE_CODE_ERROR    None  [1 edit(s)]       
2023-12-27 22:51:19,696	[DEBUG]	DeclStmtReplacement(('triangle.cpp.xml', 'decl_stmt', 1), ('triangle.cpp.xml', 'stmt', 12))
2023-12-27 22:51:19,697	[INFO]	13      COMPILE_CODE_ERROR    None  [1 edit(s)]       
2023-12-27 22:51:20,250	[DEBUG]	DeclStmtReplacement(('triangle.cpp.xml', 'decl_stmt', 0), ('triangle.cpp.xml', 'stmt', 19))
2023-12-27 22:51:20,251	[INFO]	14      COMPILE_CODE_ERROR    None  [1 edit(s)]       
2023-12-27 22:51:22,868	[DEBUG]	EXEC>  SUCCESS 1201844
2023-12-27 22:51:22,869	[DEBUG]	ExprStmtDeletion(('triangle.cpp.xml', 'expr_stmt', 1))
2023-12-27 22:51:22,869	[INFO]	15      SUCCESS              *1201844 (99.8%) [1 edit(s)] 
2023-12-27 22:51:22,870	[DEBUG]	--- before: triangle.cpp
+++ after: triangle.cpp
@@ -8,7 +8,7 @@
 int classify_triangle(double a, double b, double c) {
   double tmp;
 
-  delay();
+  
 
   // Sort the sides so that a <= b <= c
   if(a > b) {

2023-12-27 22:51:25,682	[DEBUG]	ExprStmtDeletion(('triangle.cpp.xml', 'expr_stmt', 2))
2023-12-27 22:51:25,682	[INFO]	16      TEST_CODE_ERROR       None  [1 edit(s)]       
2023-12-27 22:51:28,247	[DEBUG]	ReturnInsertion(('triangle.cpp.xml', '_inter_block', 24), ('triangle.cpp.xml', 'return', 0))
2023-12-27 22:51:28,247	[INFO]	17      TEST_CODE_ERROR       None  [1 edit(s)]       
2023-12-27 22:51:30,881	[DEBUG]	ExprStmtDeletion(('triangle.cpp.xml', 'expr_stmt', 3))
2023-12-27 22:51:30,881	[INFO]	18      TEST_CODE_ERROR       None  [1 edit(s)]       
2023-12-27 22:51:33,773	[DEBUG]	EXEC>  SUCCESS 1204288
2023-12-27 22:51:33,774	[DEBUG]	DeclStmtInsertion(('triangle.cpp.xml', '_inter_block', 15), ('triangle.cpp.xml', 'decl_stmt', 0))
2023-12-27 22:51:33,774	[INFO]	19      SUCCESS               1204288 (100.0%) [1 edit(s)] 
2023-12-27 22:51:36,546	[DEBUG]	EXEC>  SUCCESS 1204241
2023-12-27 22:51:36,546	[DEBUG]	DeclStmtInsertion(('triangle.cpp.xml', '_inter_block', 22), ('triangle.cpp.xml', 'decl_stmt', 1))
2023-12-27 22:51:36,546	[INFO]	20      SUCCESS               1204241 (100.0%) [1 edit(s)] 
2023-12-27 22:51:39,418	[DEBUG]	EXEC>  SUCCESS 1204240
2023-12-27 22:51:39,418	[DEBUG]	DeclStmtInsertion(('triangle.cpp.xml', '_inter_block', 29), ('triangle.cpp.xml', 'decl_stmt', 1))
2023-12-27 22:51:39,419	[INFO]	21      SUCCESS               1204240 (100.0%) [1 edit(s)] 
2023-12-27 22:51:42,119	[DEBUG]	IfReplacement(('triangle.cpp.xml', 'if', 2), ('triangle.cpp.xml', 'stmt', 5))
2023-12-27 22:51:42,120	[INFO]	22      TEST_CODE_ERROR       None  [1 edit(s)]       
2023-12-27 22:51:44,950	[DEBUG]	EXEC>  SUCCESS 1204366
2023-12-27 22:51:44,950	[DEBUG]	DeclStmtInsertion(('triangle.cpp.xml', '_inter_block', 7), ('triangle.cpp.xml', 'decl_stmt', 0))
2023-12-27 22:51:44,950	[INFO]	23      SUCCESS               1204366 (100.01%) [1 edit(s)] 
2023-12-27 22:51:47,751	[DEBUG]	EXEC>  SUCCESS 1204240
2023-12-27 22:51:47,751	[DEBUG]	DeclStmtInsertion(('triangle.cpp.xml', '_inter_block', 1), ('triangle.cpp.xml', 'decl_stmt', 1))
2023-12-27 22:51:47,752	[INFO]	24      SUCCESS               1204240 (100.0%) [1 edit(s)] 
2023-12-27 22:51:50,360	[DEBUG]	DeclStmtInsertion(('triangle.cpp.xml', '_inter_block', 19), ('triangle.cpp.xml', 'decl_stmt', 1))
2023-12-27 22:51:50,360	[INFO]	25      TEST_CODE_ERROR       None  [1 edit(s)]       
2023-12-27 22:51:51,143	[DEBUG]	DeclStmtReplacement(('triangle.cpp.xml', 'decl_stmt', 0), ('triangle.cpp.xml', 'stmt', 14))
2023-12-27 22:51:51,143	[INFO]	26      COMPILE_CODE_ERROR    None  [1 edit(s)]       
2023-12-27 22:51:53,573	[DEBUG]	DeclStmtInsertion(('triangle.cpp.xml', '_inter_block', 23), ('triangle.cpp.xml', 'decl_stmt', 1))
2023-12-27 22:51:53,573	[INFO]	27      TEST_CODE_ERROR       None  [1 edit(s)]       
2023-12-27 22:51:54,300	[DEBUG]	DeclStmtInsertion(('triangle.cpp.xml', '_inter_block', 3), ('triangle.cpp.xml', 'decl_stmt', 0))
2023-12-27 22:51:54,301	[INFO]	28      COMPILE_CODE_ERROR    None  [1 edit(s)]       
2023-12-27 22:51:57,062	[DEBUG]	EXEC>  SUCCESS 1204300
2023-12-27 22:51:57,063	[DEBUG]	DeclStmtInsertion(('triangle.cpp.xml', '_inter_block', 25), ('triangle.cpp.xml', 'decl_stmt', 0))
2023-12-27 22:51:57,063	[INFO]	29      SUCCESS               1204300 (100.0%) [1 edit(s)] 
2023-12-27 22:51:59,760	[DEBUG]	ExprStmtDeletion(('triangle.cpp.xml', 'expr_stmt', 8))
2023-12-27 22:51:59,760	[INFO]	30      TEST_CODE_ERROR       None  [1 edit(s)]       
2023-12-27 22:52:02,692	[DEBUG]	EXEC>  SUCCESS 1204241
2023-12-27 22:52:02,693	[DEBUG]	DeclStmtInsertion(('triangle.cpp.xml', '_inter_block', 13), ('triangle.cpp.xml', 'decl_stmt', 0))
2023-12-27 22:52:02,693	[INFO]	31      SUCCESS               1204241 (100.0%) [1 edit(s)] 
2023-12-27 22:52:02,694	[DEBUG]	ExprStmtDeletion(('triangle.cpp.xml', 'expr_stmt', 1))
2023-12-27 22:52:02,694	[INFO]	32      SUCCESS               1201844 (99.8%) [1 edit(s)] 
2023-12-27 22:52:03,412	[DEBUG]	DeclStmtInsertion(('triangle.cpp.xml', '_inter_block', 1), ('triangle.cpp.xml', 'decl_stmt', 0))
2023-12-27 22:52:03,412	[INFO]	33      COMPILE_CODE_ERROR    None  [1 edit(s)]       
2023-12-27 22:52:06,162	[DEBUG]	EXEC>  SUCCESS 1204540
2023-12-27 22:52:06,163	[DEBUG]	ExprStmtInsertion(('triangle.cpp.xml', '_inter_block', 20), ('triangle.cpp.xml', 'expr_stmt', 1))
2023-12-27 22:52:06,163	[INFO]	34      SUCCESS               1204540 (100.02%) [1 edit(s)] 
2023-12-27 22:52:08,922	[DEBUG]	EXEC>  SUCCESS 1205500
2023-12-27 22:52:08,922	[DEBUG]	ExprStmtInsertion(('triangle.cpp.xml', '_inter_block', 7), ('triangle.cpp.xml', 'expr_stmt', 1))
2023-12-27 22:52:08,923	[INFO]	35      SUCCESS               1205500 (100.1%) [1 edit(s)] 
2023-12-27 22:52:11,504	[DEBUG]	ExprStmtInsertion(('triangle.cpp.xml', '_inter_block', 7), ('triangle.cpp.xml', 'expr_stmt', 9))
2023-12-27 22:52:11,505	[INFO]	36      TEST_CODE_ERROR       None  [1 edit(s)]       
2023-12-27 22:52:13,792	[DEBUG]	ExprStmtInsertion(('triangle.cpp.xml', '_inter_block', 15), ('triangle.cpp.xml', 'expr_stmt', 7))
2023-12-27 22:52:13,792	[INFO]	37      TEST_CODE_ERROR       None  [1 edit(s)]       
2023-12-27 22:52:13,793	[INFO]	==== END ====
2023-12-27 22:52:13,794	[INFO]	
2023-12-27 22:52:13,794	[INFO]	==== REPORT ====
2023-12-27 22:52:13,794	[INFO]	Termination: time budget
2023-12-27 22:52:13,794	[INFO]	Log file: /cs/student/ug/2020/damibose/projects/magpie/_magpie_logs/triangle-cpp_slow_1703717458.log
2023-12-27 22:52:13,795	[INFO]	Patch file: _magpie_logs/triangle-cpp_slow_1703717458.patch
2023-12-27 22:52:13,795	[INFO]	Diff file: _magpie_logs/triangle-cpp_slow_1703717458.diff
2023-12-27 22:52:13,795	[INFO]	Best fitness: 1201844
2023-12-27 22:52:13,795	[INFO]	Best patch: ExprStmtDeletion(('triangle.cpp.xml', 'expr_stmt', 1))
2023-12-27 22:52:13,796	[INFO]	Diff:
--- before: triangle.cpp
+++ after: triangle.cpp
@@ -8,7 +8,7 @@
 int classify_triangle(double a, double b, double c) {
   double tmp;
 
-  delay();
+  
 
   // Sort the sides so that a <= b <= c
   if(a > b) {

